******************** Stress Settings ********************
Command:
  Type: user
  Count: 1,000
  No Warmup: false
  Consistency Level: LOCAL_ONE
  Target Uncertainty: not applicable
  Command Ratios: {t2.select_entity_by_id=1.0, t2.update_entity_name=1.0, t2.delete_entity_by_id=1.0}
  Command Clustering Distribution: clustering=gaussian(1..10)
  Profile File(s): t2_entities.yaml
Rate:
  Auto: false
  Thread Count: 1
  OpsPer Sec: 0
Population:
  Distribution: Gaussian:  min=1,max=1000,mean=500.500000,stdev=166.500000
  Order: ARBITRARY
  Wrap: false
Insert:
  Revisits: Uniform:  min=1,max=1000000
  Visits: Fixed:  key=1
  Row Population Ratio: Ratio: divisor=1.000000;delegate=Fixed:  key=1
  Batch Type: not batching
Errors:
  Ignore: false
  Tries: 10
Log:
  No Summary: false
  No Settings: false
  File: entities_1K_MIXED_1_threads.log
  Interval Millis: 1000
  Level: NORMAL
Mode:
  API: JAVA_DRIVER_NATIVE
  Connection Style: CQL_PREPARED
  CQL Version: CQL3
  Protocol Version: V5
  Username: null
  Password: null
  Auth Provide Class: null
  Max Pending Per Connection: 128
  Connections Per Host: 8
  Compression: NONE
Node:
  Nodes: [localhost]
  Is White List: false
  Datacenter: null
Schema:
  Keyspace: null
  Replication Strategy: org.apache.cassandra.locator.SimpleStrategy
  Replication Strategy Options: {replication_factor=1}
  Table Compression: null
  Table Compaction Strategy: null
  Table Compaction Strategy Options: {}
Transport:
  truststore=null; truststore-password=null; keystore=null; keystore-password=null; ssl-protocol=TLS; ssl-alg=null; ssl-ciphers=TLS_RSA_WITH_AES_128_CBC_SHA,TLS_RSA_WITH_AES_256_CBC_SHA; 
Port:
  Native Port: 9042
  JMX Port: 7199
Graph:
  File: entities_1K_threads_1_MIXED.html
  Revision: entities_MIXED
  Title: NVO_Cassandra_POC_entities_Table_1K_Records_1_Threads
  Operation: USER
TokenRange:
  Wrap: false
  Split Factor: 1

******************** Profile(s) ********************
  Keyspace Name: tagging
  Keyspace CQL: 
***
CREATE KEYSPACE tagging WITH replication = {'class': 'SimpleStrategy', 'replication_factor': 1};
***

  Table Name: entities
  Table CQL: 
***
CREATE TABLE entities (
  id uuid PRIMARY KEY,
  name text,
  type text,
  metadata text
);
***

  Extra Schema Definitions: null
  Generator Configs:
    metadata: Size: Uniform:  min=10,max=50;
    name: Size: Uniform:  min=5,max=20;Identity: Uniform:  min=1,max=1000;
    id: Size: Gaussian:  min=5,max=10,mean=7.500000,stdev=0.833333;Identity: Uniform:  min=1,max=10000000;
    type: Size: Uniform:  min=5,max=15;Identity: Uniform:  min=1,max=100;
  Query Definitions:
    select_entity_by_id: CQL:SELECT * FROM entities WHERE id = ?;Fields:samerow;
    select_all_entities: CQL:SELECT * FROM entities;Fields:null;
    update_entity_name: CQL:UPDATE entities SET name = ? WHERE id = ?;Fields:samerow;
    delete_entity_by_id: CQL:DELETE FROM entities WHERE id = ?;Fields:samerow;
  Token Range Queries:
  Insert Settings:
    partitions: fixed(1)
    select: fixed(1)/500
    batchtype: UNLOGGED
Generating batches with [1..1] partitions and [0..0] rows (of [1..1] total rows in the partitions)

Sleeping 2s...
Warming up t2.select_entity_by_id with 250 iterations...
Warming up t2.update_entity_name with 250 iterations...
Warming up t2.delete_entity_by_id with 250 iterations...
Running [t2.select_entity_by_id, t2.update_entity_name, t2.delete_entity_by_id] with 1 threads for 1000 iteration
type                                               total ops,    op/s,    pk/s,   row/s,    mean,     med,     .95,     .99,    .999,     max,   time,   stderr, errors,  gc: #,  max ms,  sum ms,  sdv ms,      mb
t2.delete_entity_by_id,                                   39,      39,       0,       0,     1.2,     0.8,     4.7,    11.4,    11.4,    11.4,    1.0,  0.00000,      0,      0,       0,       0,       0,       0
t2.select_entity_by_id,                                   37,      37,      22,      22,     1.3,     1.0,     4.7,     4.9,     4.9,     4.9,    1.0,  0.00000,      0,      0,       0,       0,       0,       0
t2.update_entity_name,                                    27,      27,       0,       0,     1.1,     0.8,     2.8,     5.2,     5.2,     5.2,    1.0,  0.00000,      0,      0,       0,       0,       0,       0
total,                                                   103,     103,      22,      22,     1.2,     0.9,     3.0,     5.2,    11.4,    11.4,    1.0,  0.00000,      0,      0,       0,       0,       0,       0
t2.delete_entity_by_id,                                  353,     363,       0,       0,     0.8,     0.7,     1.3,     2.6,     4.6,     4.6,    1.9,  0.53562,      0,      0,       0,       0,       0,       0
t2.select_entity_by_id,                                  344,     355,     160,     160,     1.1,     0.9,     1.9,     6.7,     8.4,     8.4,    1.9,  0.53562,      0,      0,       0,       0,       0,       0
t2.update_entity_name,                                   303,     319,       0,       0,     0.9,     0.8,     1.8,     5.0,     8.9,     8.9,    1.9,  0.53562,      0,      0,       0,       0,       0,       0
total,                                                  1000,    1037,     160,     160,     0.9,     0.8,     1.8,     5.0,     8.9,     8.9,    1.9,  0.53562,      0,      0,       0,       0,       0,       0


Results:
Op rate                   :      536 op/s  [t2.delete_entity_by_id: 189 op/s, t2.select_entity_by_id: 184 op/s, t2.update_entity_name: 163 op/s]
Partition rate            :       86 pk/s  [t2.delete_entity_by_id: 0 pk/s, t2.select_entity_by_id: 86 pk/s, t2.update_entity_name: 0 pk/s]
Row rate                  :       86 row/s [t2.delete_entity_by_id: 0 row/s, t2.select_entity_by_id: 86 row/s, t2.update_entity_name: 0 row/s]
Latency mean              :    1.0 ms [t2.delete_entity_by_id: 0.8 ms, t2.select_entity_by_id: 1.1 ms, t2.update_entity_name: 0.9 ms]
Latency median            :    0.8 ms [t2.delete_entity_by_id: 0.7 ms, t2.select_entity_by_id: 0.9 ms, t2.update_entity_name: 0.8 ms]
Latency 95th percentile   :    1.8 ms [t2.delete_entity_by_id: 1.3 ms, t2.select_entity_by_id: 1.9 ms, t2.update_entity_name: 1.8 ms]
Latency 99th percentile   :    5.0 ms [t2.delete_entity_by_id: 3.8 ms, t2.select_entity_by_id: 6.7 ms, t2.update_entity_name: 5.0 ms]
Latency 99.9th percentile :    8.9 ms [t2.delete_entity_by_id: 11.4 ms, t2.select_entity_by_id: 8.4 ms, t2.update_entity_name: 8.9 ms]
Latency max               :   11.4 ms [t2.delete_entity_by_id: 11.4 ms, t2.select_entity_by_id: 8.4 ms, t2.update_entity_name: 8.9 ms]
Total partitions          :        160 [t2.delete_entity_by_id: 0, t2.select_entity_by_id: 160, t2.update_entity_name: 0]
Total errors              :          0 [t2.delete_entity_by_id: 0, t2.select_entity_by_id: 0, t2.update_entity_name: 0]
Total GC count            : 0
Total GC memory           : 0.000 KiB
Total GC time             :    0.0 seconds
Avg GC time               :    NaN ms
StdDev GC time            :    0.0 ms
Total operation time      : 00:00:01

END
