******************** Stress Settings ********************
Command:
  Type: user
  Count: 100,000
  No Warmup: false
  Consistency Level: LOCAL_ONE
  Target Uncertainty: not applicable
  Command Ratios: {t2.insert=1.0}
  Command Clustering Distribution: clustering=gaussian(1..10)
  Profile File(s): t2_entities.yaml
Rate:
  Auto: false
  Thread Count: 5
  OpsPer Sec: 0
Population:
  Distribution: Gaussian:  min=1,max=100000,mean=50000.500000,stdev=16666.500000
  Order: ARBITRARY
  Wrap: false
Insert:
  Revisits: Uniform:  min=1,max=1000000
  Visits: Fixed:  key=1
  Row Population Ratio: Ratio: divisor=1.000000;delegate=Fixed:  key=1
  Batch Type: not batching
Errors:
  Ignore: false
  Tries: 10
Log:
  No Summary: false
  No Settings: false
  File: entities_100K_write_5_threads.log
  Interval Millis: 1000
  Level: NORMAL
Mode:
  API: JAVA_DRIVER_NATIVE
  Connection Style: CQL_PREPARED
  CQL Version: CQL3
  Protocol Version: V5
  Username: null
  Password: null
  Auth Provide Class: null
  Max Pending Per Connection: 128
  Connections Per Host: 8
  Compression: NONE
Node:
  Nodes: [localhost]
  Is White List: false
  Datacenter: null
Schema:
  Keyspace: null
  Replication Strategy: org.apache.cassandra.locator.SimpleStrategy
  Replication Strategy Options: {replication_factor=1}
  Table Compression: null
  Table Compaction Strategy: null
  Table Compaction Strategy Options: {}
Transport:
  truststore=null; truststore-password=null; keystore=null; keystore-password=null; ssl-protocol=TLS; ssl-alg=null; ssl-ciphers=TLS_RSA_WITH_AES_128_CBC_SHA,TLS_RSA_WITH_AES_256_CBC_SHA; 
Port:
  Native Port: 9042
  JMX Port: 7199
Graph:
  File: entities_100K_threads_5_MIXED.html
  Revision: Load
  Title: NVO_Cassandra_POC_entities_Table_100K_Records_5_Threads
  Operation: USER
TokenRange:
  Wrap: false
  Split Factor: 1

******************** Profile(s) ********************
  Keyspace Name: tagging
  Keyspace CQL: 
***
CREATE KEYSPACE tagging WITH replication = {'class': 'SimpleStrategy', 'replication_factor': 1};
***

  Table Name: entities
  Table CQL: 
***
CREATE TABLE entities (
  id uuid PRIMARY KEY,
  name text,
  type text,
  metadata text
);
***

  Extra Schema Definitions: null
  Generator Configs:
    metadata: Size: Uniform:  min=10,max=50;
    name: Size: Uniform:  min=5,max=20;Identity: Uniform:  min=1,max=1000;
    id: Size: Gaussian:  min=5,max=10,mean=7.500000,stdev=0.833333;Identity: Uniform:  min=1,max=10000000;
    type: Size: Uniform:  min=5,max=15;Identity: Uniform:  min=1,max=100;
  Query Definitions:
    select_entity_by_id: CQL:SELECT * FROM entities WHERE id = ?;Fields:samerow;
    select_all_entities: CQL:SELECT * FROM entities;Fields:null;
    update_entity_name: CQL:UPDATE entities SET name = ? WHERE id = ?;Fields:samerow;
    delete_entity_by_id: CQL:DELETE FROM entities WHERE id = ?;Fields:samerow;
  Token Range Queries:
  Insert Settings:
    partitions: fixed(1)
    select: fixed(1)/500
    batchtype: UNLOGGED
Generating batches with [1..1] partitions and [0..0] rows (of [1..1] total rows in the partitions)

Sleeping 2s...
Warming up t2.insert with 25000 iterations...
Running [t2.insert] with 5 threads for 100000 iteration
type                                               total ops,    op/s,    pk/s,   row/s,    mean,     med,     .95,     .99,    .999,     max,   time,   stderr, errors,  gc: #,  max ms,  sum ms,  sdv ms,      mb
total,                                                  1952,    1952,    1952,    1952,     1.1,     0.8,     2.6,     4.2,    11.4,    29.1,    1.0,  0.00000,      0,      0,       0,       0,       0,       0
total,                                                  5614,    3662,    3662,    3662,     1.3,     0.9,     3.3,     7.9,    31.1,    40.9,    2.0,  0.21930,      0,      0,       0,       0,       0,       0
total,                                                  9650,    4036,    4036,    4036,     1.2,     0.9,     3.1,     5.9,    14.1,    18.8,    3.0,  0.16195,      0,      0,       0,       0,       0,       0
total,                                                 14693,    5043,    5043,    5043,     1.0,     0.7,     2.3,     4.4,    12.8,    24.1,    4.0,  0.15047,      0,      0,       0,       0,       0,       0
total,                                                 18996,    4303,    4303,    4303,     1.2,     0.8,     2.9,     6.3,    11.7,    15.5,    5.0,  0.11984,      0,      0,       0,       0,       0,       0
total,                                                 23880,    4884,    4884,    4884,     1.0,     0.7,     2.3,     5.3,    14.4,    20.5,    6.0,  0.10373,      0,      0,       0,       0,       0,       0
total,                                                 28651,    4771,    4771,    4771,     1.0,     0.7,     2.5,     6.0,    15.7,    22.2,    7.0,  0.09010,      0,      0,       0,       0,       0,       0
total,                                                 34050,    5399,    5399,    5399,     0.9,     0.7,     2.0,     4.3,    10.1,    12.6,    8.0,  0.08333,      0,      0,       0,       0,       0,       0
total,                                                 39205,    5155,    5155,    5155,     1.0,     0.7,     2.1,     4.5,    10.9,    25.1,    9.0,  0.07561,      0,      0,       0,       0,       0,       0
total,                                                 44537,    5332,    5332,    5332,     0.9,     0.6,     2.4,     5.3,    10.8,    17.1,   10.0,  0.06960,      0,      0,       0,       0,       0,       0
total,                                                 49978,    5441,    5441,    5441,     0.9,     0.7,     1.9,     4.0,    14.4,    30.2,   11.0,  0.06503,      0,      0,       0,       0,       0,       0
total,                                                 54814,    4836,    4836,    4836,     1.0,     0.7,     2.4,     6.3,    15.1,    20.1,   12.0,  0.05950,      0,      0,       0,       0,       0,       0
total,                                                 60291,    5477,    5477,    5477,     0.9,     0.7,     2.0,     3.8,     9.4,    16.2,   13.0,  0.05590,      0,      0,       0,       0,       0,       0
total,                                                 65132,    4841,    4841,    4841,     1.0,     0.7,     2.2,     5.2,    63.3,    74.1,   14.0,  0.05200,      0,      0,       0,       0,       0,       0
total,                                                 70467,    5335,    5335,    5335,     0.9,     0.7,     2.2,     4.5,    13.6,    24.1,   15.0,  0.04895,      0,      0,       0,       0,       0,       0
total,                                                 76247,    5780,    5780,    5780,     0.9,     0.7,     1.9,     3.7,     9.0,    20.8,   16.0,  0.04719,      0,      0,       0,       0,       0,       0
total,                                                 80317,    4070,    4070,    4070,     1.2,     0.7,     4.0,     8.6,    14.5,    39.9,   17.0,  0.04541,      0,      0,       0,       0,       0,       0
total,                                                 84830,    4513,    4513,    4513,     1.1,     0.7,     3.1,     6.7,    19.4,    26.8,   18.0,  0.04306,      0,      0,       0,       0,       0,       0
total,                                                 90451,    5621,    5621,    5621,     0.9,     0.6,     2.0,     4.4,    12.8,    21.6,   19.0,  0.04150,      0,      0,       0,       0,       0,       0
total,                                                 95356,    4905,    4905,    4905,     1.0,     0.7,     2.5,     4.0,    11.8,    15.9,   20.0,  0.03940,      0,      0,       0,       0,       0,       0
total,                                                100000,    5558,    5558,    5558,     0.9,     0.7,     2.0,     3.8,     8.6,    10.6,   20.8,  0.03790,      0,      0,       0,       0,       0,       0


Results:
Op rate                   :    4,799 op/s  [t2.insert: 4,799 op/s]
Partition rate            :    4,799 pk/s  [t2.insert: 4,799 pk/s]
Row rate                  :    4,799 row/s [t2.insert: 4,799 row/s]
Latency mean              :    1.0 ms [t2.insert: 1.0 ms]
Latency median            :    0.7 ms [t2.insert: 0.7 ms]
Latency 95th percentile   :    2.4 ms [t2.insert: 2.4 ms]
Latency 99th percentile   :    5.3 ms [t2.insert: 5.3 ms]
Latency 99.9th percentile :   13.6 ms [t2.insert: 13.6 ms]
Latency max               :   74.1 ms [t2.insert: 74.1 ms]
Total partitions          :    100,000 [t2.insert: 100,000]
Total errors              :          0 [t2.insert: 0]
Total GC count            : 0
Total GC memory           : 0.000 KiB
Total GC time             :    0.0 seconds
Avg GC time               :    NaN ms
StdDev GC time            :    0.0 ms
Total operation time      : 00:00:20

END
