******************** Stress Settings ********************
Command:
  Type: user
  Count: 100,000
  No Warmup: false
  Consistency Level: LOCAL_ONE
  Target Uncertainty: not applicable
  Command Ratios: {t2.select_entity_by_id=1.0, t2.update_entity_name=1.0, t2.delete_entity_by_id=1.0}
  Command Clustering Distribution: clustering=gaussian(1..10)
  Profile File(s): t2_entities.yaml
Rate:
  Auto: false
  Thread Count: 5
  OpsPer Sec: 0
Population:
  Distribution: Gaussian:  min=1,max=100000,mean=50000.500000,stdev=16666.500000
  Order: ARBITRARY
  Wrap: false
Insert:
  Revisits: Uniform:  min=1,max=1000000
  Visits: Fixed:  key=1
  Row Population Ratio: Ratio: divisor=1.000000;delegate=Fixed:  key=1
  Batch Type: not batching
Errors:
  Ignore: false
  Tries: 10
Log:
  No Summary: false
  No Settings: false
  File: entities_100K_MIXED_5_threads.log
  Interval Millis: 1000
  Level: NORMAL
Mode:
  API: JAVA_DRIVER_NATIVE
  Connection Style: CQL_PREPARED
  CQL Version: CQL3
  Protocol Version: V5
  Username: null
  Password: null
  Auth Provide Class: null
  Max Pending Per Connection: 128
  Connections Per Host: 8
  Compression: NONE
Node:
  Nodes: [localhost]
  Is White List: false
  Datacenter: null
Schema:
  Keyspace: null
  Replication Strategy: org.apache.cassandra.locator.SimpleStrategy
  Replication Strategy Options: {replication_factor=1}
  Table Compression: null
  Table Compaction Strategy: null
  Table Compaction Strategy Options: {}
Transport:
  truststore=null; truststore-password=null; keystore=null; keystore-password=null; ssl-protocol=TLS; ssl-alg=null; ssl-ciphers=TLS_RSA_WITH_AES_128_CBC_SHA,TLS_RSA_WITH_AES_256_CBC_SHA; 
Port:
  Native Port: 9042
  JMX Port: 7199
Graph:
  File: entities_100K_threads_5_MIXED.html
  Revision: entities_MIXED
  Title: NVO_Cassandra_POC_entities_Table_100K_Records_5_Threads
  Operation: USER
TokenRange:
  Wrap: false
  Split Factor: 1

******************** Profile(s) ********************
  Keyspace Name: tagging
  Keyspace CQL: 
***
CREATE KEYSPACE tagging WITH replication = {'class': 'SimpleStrategy', 'replication_factor': 1};
***

  Table Name: entities
  Table CQL: 
***
CREATE TABLE entities (
  id uuid PRIMARY KEY,
  name text,
  type text,
  metadata text
);
***

  Extra Schema Definitions: null
  Generator Configs:
    metadata: Size: Uniform:  min=10,max=50;
    name: Size: Uniform:  min=5,max=20;Identity: Uniform:  min=1,max=1000;
    id: Size: Gaussian:  min=5,max=10,mean=7.500000,stdev=0.833333;Identity: Uniform:  min=1,max=10000000;
    type: Size: Uniform:  min=5,max=15;Identity: Uniform:  min=1,max=100;
  Query Definitions:
    select_entity_by_id: CQL:SELECT * FROM entities WHERE id = ?;Fields:samerow;
    select_all_entities: CQL:SELECT * FROM entities;Fields:null;
    update_entity_name: CQL:UPDATE entities SET name = ? WHERE id = ?;Fields:samerow;
    delete_entity_by_id: CQL:DELETE FROM entities WHERE id = ?;Fields:samerow;
  Token Range Queries:
  Insert Settings:
    partitions: fixed(1)
    select: fixed(1)/500
    batchtype: UNLOGGED
Generating batches with [1..1] partitions and [0..0] rows (of [1..1] total rows in the partitions)

Sleeping 2s...
Warming up t2.select_entity_by_id with 25000 iterations...
Warming up t2.update_entity_name with 25000 iterations...
Warming up t2.delete_entity_by_id with 25000 iterations...
Running [t2.select_entity_by_id, t2.update_entity_name, t2.delete_entity_by_id] with 5 threads for 100000 iteration
type                                               total ops,    op/s,    pk/s,   row/s,    mean,     med,     .95,     .99,    .999,     max,   time,   stderr, errors,  gc: #,  max ms,  sum ms,  sdv ms,      mb
t2.delete_entity_by_id,                                  421,     421,       0,       0,     0.9,     0.7,     1.9,     5.2,     7.7,     7.7,    1.0,  0.00000,      0,      0,       0,       0,       0,       0
t2.select_entity_by_id,                                  447,     447,     234,     234,     1.0,     0.8,     2.2,     3.6,     6.6,     6.6,    1.0,  0.00000,      0,      0,       0,       0,       0,       0
t2.update_entity_name,                                   458,     458,       0,       0,     1.0,     0.7,     2.2,     4.6,     6.3,     6.3,    1.0,  0.00000,      0,      0,       0,       0,       0,       0
total,                                                  1326,    1326,     234,     234,     1.0,     0.7,     2.1,     4.0,     6.6,     7.7,    1.0,  0.00000,      0,      0,       0,       0,       0,       0
t2.delete_entity_by_id,                                 2079,    1658,       0,       0,     0.9,     0.7,     2.1,     4.0,    12.3,    19.7,    2.0,  0.38889,      0,      0,       0,       0,       0,       0
t2.select_entity_by_id,                                 1980,    1533,     796,     796,     1.0,     0.8,     2.4,     4.7,    19.5,    20.0,    2.0,  0.38889,      0,      0,       0,       0,       0,       0
t2.update_entity_name,                                  2057,    1599,       0,       0,     0.9,     0.7,     2.1,     3.8,     6.9,     7.7,    2.0,  0.38889,      0,      0,       0,       0,       0,       0
total,                                                  6116,    4790,     796,     796,     0.9,     0.7,     2.2,     4.3,     9.9,    20.0,    2.0,  0.38889,      0,      0,       0,       0,       0,       0
t2.delete_entity_by_id,                                 3588,    1509,       0,       0,     1.4,     0.7,     2.5,     5.6,   169.3,   171.3,    3.0,  0.25765,      0,      0,       0,       0,       0,       0
t2.select_entity_by_id,                                 3350,    1370,     714,     714,     1.2,     0.8,     3.0,     6.2,    13.5,    26.2,    3.0,  0.25765,      0,      0,       0,       0,       0,       0
t2.update_entity_name,                                  3507,    1450,       0,       0,     1.1,     0.7,     2.3,     6.3,    30.7,   122.9,    3.0,  0.25765,      0,      0,       0,       0,       0,       0
total,                                                 10445,    4329,     714,     714,     1.2,     0.7,     2.7,     6.0,   122.9,   171.3,    3.0,  0.25765,      0,      0,       0,       0,       0,       0
t2.delete_entity_by_id,                                 5391,    1803,       0,       0,     0.9,     0.7,     2.1,     4.1,    14.3,    14.8,    4.0,  0.19281,      0,      0,       0,       0,       0,       0
t2.select_entity_by_id,                                 5029,    1679,     883,     883,     1.0,     0.8,     2.1,     3.8,    10.0,    11.0,    4.0,  0.19281,      0,      0,       0,       0,       0,       0
t2.update_entity_name,                                  5293,    1786,       0,       0,     0.9,     0.7,     2.1,     5.3,    11.8,    12.8,    4.0,  0.19281,      0,      0,       0,       0,       0,       0
total,                                                 15713,    5268,     883,     883,     0.9,     0.7,     2.1,     4.3,    11.0,    14.8,    4.0,  0.19281,      0,      0,       0,       0,       0,       0
t2.delete_entity_by_id,                                 6699,    1308,       0,       0,     1.4,     0.8,     4.0,     9.1,    35.3,    35.4,    5.0,  0.16085,      0,      0,       0,       0,       0,       0
t2.select_entity_by_id,                                 6154,    1125,     581,     581,     1.4,     0.9,     4.1,     8.3,    21.3,    30.8,    5.0,  0.16085,      0,      0,       0,       0,       0,       0
t2.update_entity_name,                                  6625,    1332,       0,       0,     1.2,     0.8,     3.3,     6.7,    13.5,    14.0,    5.0,  0.16085,      0,      0,       0,       0,       0,       0
total,                                                 19478,    3765,     581,     581,     1.3,     0.8,     3.7,     8.2,    34.6,    35.4,    5.0,  0.16085,      0,      0,       0,       0,       0,       0
t2.delete_entity_by_id,                                 8650,    1951,       0,       0,     0.8,     0.7,     1.8,     3.4,    13.2,    14.5,    6.0,  0.13878,      0,      0,       0,       0,       0,       0
t2.select_entity_by_id,                                 7972,    1818,     953,     953,     0.9,     0.7,     2.0,     3.4,     8.6,    13.8,    6.0,  0.13878,      0,      0,       0,       0,       0,       0
t2.update_entity_name,                                  8486,    1861,       0,       0,     0.9,     0.7,     1.8,     3.3,    13.5,    15.4,    6.0,  0.13878,      0,      0,       0,       0,       0,       0
total,                                                 25108,    5630,     953,     953,     0.9,     0.7,     1.9,     3.4,    12.2,    15.4,    6.0,  0.13878,      0,      0,       0,       0,       0,       0
t2.delete_entity_by_id,                                10437,    1787,       0,       0,     0.9,     0.7,     1.9,     3.4,     5.4,    16.4,    7.0,  0.12019,      0,      0,       0,       0,       0,       0
t2.select_entity_by_id,                                 9746,    1774,     931,     931,     0.9,     0.7,     2.0,     3.2,    10.7,    16.3,    7.0,  0.12019,      0,      0,       0,       0,       0,       0
t2.update_entity_name,                                 10492,    2006,       0,       0,     0.9,     0.7,     1.9,     3.5,    11.2,    16.5,    7.0,  0.12019,      0,      0,       0,       0,       0,       0
total,                                                 30675,    5567,     931,     931,     0.9,     0.7,     2.0,     3.3,    11.2,    16.5,    7.0,  0.12019,      0,      0,       0,       0,       0,       0
t2.delete_entity_by_id,                                12136,    1699,       0,       0,     0.9,     0.7,     2.5,     4.5,     9.6,    12.9,    8.0,  0.10555,      0,      0,       0,       0,       0,       0
t2.select_entity_by_id,                                11504,    1758,     922,     922,     1.0,     0.7,     2.4,     4.9,    13.7,    15.7,    8.0,  0.10555,      0,      0,       0,       0,       0,       0
t2.update_entity_name,                                 12142,    1650,       0,       0,     1.0,     0.7,     2.4,     5.1,    11.1,    12.4,    8.0,  0.10555,      0,      0,       0,       0,       0,       0
total,                                                 35782,    5107,     922,     922,     1.0,     0.7,     2.4,     4.8,    10.3,    15.7,    8.0,  0.10555,      0,      0,       0,       0,       0,       0
t2.delete_entity_by_id,                                14350,    2214,       0,       0,     0.8,     0.6,     1.6,     2.6,     5.7,    20.0,    9.0,  0.09685,      0,      0,       0,       0,       0,       0
t2.select_entity_by_id,                                13498,    1994,    1032,    1032,     0.9,     0.7,     1.7,     3.7,    11.6,    14.0,    9.0,  0.09685,      0,      0,       0,       0,       0,       0
t2.update_entity_name,                                 14044,    1902,       0,       0,     0.8,     0.6,     1.7,     2.9,    11.3,    11.9,    9.0,  0.09685,      0,      0,       0,       0,       0,       0
total,                                                 41892,    6110,    1032,    1032,     0.8,     0.7,     1.7,     3.0,     8.3,    20.0,    9.0,  0.09685,      0,      0,       0,       0,       0,       0
t2.delete_entity_by_id,                                15396,    1046,       0,       0,     1.3,     0.8,     4.0,     9.2,    13.8,    16.9,   10.0,  0.09426,      0,      0,       0,       0,       0,       0
t2.select_entity_by_id,                                14567,    1069,     553,     553,     1.7,     0.9,     6.0,    12.0,    31.9,    37.1,   10.0,  0.09426,      0,      0,       0,       0,       0,       0
t2.update_entity_name,                                 15134,    1090,       0,       0,     1.6,     0.8,     5.2,    11.5,    30.8,    32.8,   10.0,  0.09426,      0,      0,       0,       0,       0,       0
total,                                                 45097,    3205,     553,     553,     1.5,     0.8,     5.0,    10.7,    30.8,    37.1,   10.0,  0.09426,      0,      0,       0,       0,       0,       0
t2.delete_entity_by_id,                                17237,    1841,       0,       0,     0.8,     0.7,     1.7,     3.5,     8.0,     8.8,   11.0,  0.08755,      0,      0,       0,       0,       0,       0
t2.select_entity_by_id,                                16641,    2074,    1030,    1030,     0.9,     0.7,     1.9,     3.2,     9.1,    11.4,   11.0,  0.08755,      0,      0,       0,       0,       0,       0
t2.update_entity_name,                                 16928,    1794,       0,       0,     0.9,     0.7,     1.8,     3.0,    11.1,    11.7,   11.0,  0.08755,      0,      0,       0,       0,       0,       0
total,                                                 50806,    5709,    1030,    1030,     0.9,     0.7,     1.8,     3.2,     8.8,    11.7,   11.0,  0.08755,      0,      0,       0,       0,       0,       0
t2.delete_entity_by_id,                                19077,    1840,       0,       0,     0.9,     0.7,     2.1,     4.8,    13.2,    15.6,   12.0,  0.08005,      0,      0,       0,       0,       0,       0
t2.select_entity_by_id,                                18324,    1683,     900,     900,     1.0,     0.7,     2.3,     3.9,    11.0,    15.5,   12.0,  0.08005,      0,      0,       0,       0,       0,       0
t2.update_entity_name,                                 18669,    1741,       0,       0,     0.9,     0.7,     2.0,     4.9,    16.5,    17.3,   12.0,  0.08005,      0,      0,       0,       0,       0,       0
total,                                                 56070,    5264,     900,     900,     0.9,     0.7,     2.1,     4.5,    11.9,    17.3,   12.0,  0.08005,      0,      0,       0,       0,       0,       0
t2.delete_entity_by_id,                                20947,    1870,       0,       0,     0.9,     0.7,     2.1,     5.4,    11.1,    11.8,   13.0,  0.07371,      0,      0,       0,       0,       0,       0
t2.select_entity_by_id,                                20079,    1755,     888,     888,     0.9,     0.7,     1.9,     4.8,    10.0,    14.8,   13.0,  0.07371,      0,      0,       0,       0,       0,       0
t2.update_entity_name,                                 20489,    1820,       0,       0,     0.9,     0.7,     2.0,     4.6,    13.3,    22.9,   13.0,  0.07371,      0,      0,       0,       0,       0,       0
total,                                                 61515,    5445,     888,     888,     0.9,     0.7,     2.0,     5.1,    10.0,    22.9,   13.0,  0.07371,      0,      0,       0,       0,       0,       0
t2.delete_entity_by_id,                                22920,    1973,       0,       0,     0.8,     0.6,     1.7,     3.1,    13.7,    18.6,   14.0,  0.07130,      0,      0,       0,       0,       0,       0
t2.select_entity_by_id,                                22287,    2208,    1119,    1119,     0.8,     0.6,     1.8,     3.6,    13.1,    14.5,   14.0,  0.07130,      0,      0,       0,       0,       0,       0
t2.update_entity_name,                                 22362,    1873,       0,       0,     0.8,     0.6,     1.8,     3.5,     9.6,     9.9,   14.0,  0.07130,      0,      0,       0,       0,       0,       0
total,                                                 67569,    6054,    1119,    1119,     0.8,     0.6,     1.8,     3.5,     9.7,    18.6,   14.0,  0.07130,      0,      0,       0,       0,       0,       0
t2.delete_entity_by_id,                                24643,    1723,       0,       0,     0.9,     0.7,     2.0,     4.6,    12.1,    14.5,   15.0,  0.06657,      0,      0,       0,       0,       0,       0
t2.select_entity_by_id,                                23916,    1629,     829,     829,     1.1,     0.7,     2.5,     5.7,    12.9,    13.7,   15.0,  0.06657,      0,      0,       0,       0,       0,       0
t2.update_entity_name,                                 24076,    1714,       0,       0,     1.0,     0.7,     2.2,     5.9,    16.0,    19.6,   15.0,  0.06657,      0,      0,       0,       0,       0,       0
total,                                                 72635,    5066,     829,     829,     1.0,     0.7,     2.2,     5.4,    12.9,    19.6,   15.0,  0.06657,      0,      0,       0,       0,       0,       0
t2.delete_entity_by_id,                                26716,    2073,       0,       0,     0.8,     0.6,     1.6,     2.4,    14.5,    27.0,   16.0,  0.06310,      0,      0,       0,       0,       0,       0
t2.select_entity_by_id,                                25900,    1984,    1022,    1022,     0.8,     0.7,     1.7,     2.6,    26.5,    26.6,   16.0,  0.06310,      0,      0,       0,       0,       0,       0
t2.update_entity_name,                                 26166,    2090,       0,       0,     0.8,     0.6,     1.6,     2.7,     8.3,    27.1,   16.0,  0.06310,      0,      0,       0,       0,       0,       0
total,                                                 78782,    6147,    1022,    1022,     0.8,     0.6,     1.6,     2.6,    14.5,    27.1,   16.0,  0.06310,      0,      0,       0,       0,       0,       0
t2.delete_entity_by_id,                                28420,    1704,       0,       0,     0.9,     0.7,     1.9,     4.4,    13.2,    14.6,   17.0,  0.05928,      0,      0,       0,       0,       0,       0
t2.select_entity_by_id,                                27717,    1817,     905,     905,     0.9,     0.7,     2.1,     4.2,    14.2,    16.0,   17.0,  0.05928,      0,      0,       0,       0,       0,       0
t2.update_entity_name,                                 28029,    1863,       0,       0,     0.9,     0.7,     2.1,     5.1,    13.6,    19.3,   17.0,  0.05928,      0,      0,       0,       0,       0,       0
total,                                                 84166,    5384,     905,     905,     0.9,     0.7,     2.0,     4.4,    13.2,    19.3,   17.0,  0.05928,      0,      0,       0,       0,       0,       0
t2.delete_entity_by_id,                                30071,    1651,       0,       0,     0.9,     0.7,     2.1,     4.6,    14.1,    15.5,   18.0,  0.05592,      0,      0,       0,       0,       0,       0
t2.select_entity_by_id,                                29450,    1733,     872,     872,     1.0,     0.8,     2.2,     4.6,    14.9,    17.0,   18.0,  0.05592,      0,      0,       0,       0,       0,       0
t2.update_entity_name,                                 29736,    1707,       0,       0,     1.0,     0.7,     2.2,     4.3,    11.0,    11.5,   18.0,  0.05592,      0,      0,       0,       0,       0,       0
total,                                                 89257,    5091,     872,     872,     1.0,     0.7,     2.2,     4.5,    11.0,    17.0,   18.0,  0.05592,      0,      0,       0,       0,       0,       0
t2.delete_entity_by_id,                                31902,    1831,       0,       0,     0.8,     0.7,     1.7,     2.8,     4.8,     5.0,   19.0,  0.05291,      0,      0,       0,       0,       0,       0
t2.select_entity_by_id,                                31311,    1861,     912,     912,     0.9,     0.7,     1.9,     3.8,    20.7,    20.9,   19.0,  0.05291,      0,      0,       0,       0,       0,       0
t2.update_entity_name,                                 31668,    1932,       0,       0,     0.9,     0.7,     1.8,     3.2,    11.7,    15.5,   19.0,  0.05291,      0,      0,       0,       0,       0,       0
total,                                                 94881,    5624,     912,     912,     0.9,     0.7,     1.8,     3.2,    11.0,    20.9,   19.0,  0.05291,      0,      0,       0,       0,       0,       0
t2.delete_entity_by_id,                                33650,    1748,       0,       0,     1.0,     0.7,     2.4,     5.4,    14.1,    16.7,   20.0,  0.05036,      0,      0,       0,       0,       0,       0
t2.select_entity_by_id,                                32942,    1631,     831,     831,     1.0,     0.7,     2.4,     5.5,    14.4,    15.5,   20.0,  0.05036,      0,      0,       0,       0,       0,       0
t2.update_entity_name,                                 33262,    1594,       0,       0,     1.0,     0.7,     2.4,     4.5,    11.8,    14.0,   20.0,  0.05036,      0,      0,       0,       0,       0,       0
total,                                                 99854,    4973,     831,     831,     1.0,     0.7,     2.4,     5.3,    14.0,    16.7,   20.0,  0.05036,      0,      0,       0,       0,       0,       0
t2.delete_entity_by_id,                                33689,    1266,       0,       0,     0.9,     0.7,     2.2,     2.5,     2.5,     2.5,   20.0,  0.05144,      0,      0,       0,       0,       0,       0
t2.select_entity_by_id,                                33003,    1980,    1006,    1006,     1.0,     0.7,     2.1,     6.4,     6.4,     6.4,   20.0,  0.05144,      0,      0,       0,       0,       0,       0
t2.update_entity_name,                                 33308,    1493,       0,       0,     1.0,     0.7,     2.7,     5.6,     5.6,     5.6,   20.0,  0.05144,      0,      0,       0,       0,       0,       0
total,                                                100000,    4738,    1006,    1006,     1.0,     0.7,     2.2,     5.6,     6.4,     6.4,   20.0,  0.05144,      0,      0,       0,       0,       0,       0


Results:
Op rate                   :    4,992 op/s  [t2.delete_entity_by_id: 1,682 op/s, t2.select_entity_by_id: 1,648 op/s, t2.update_entity_name: 1,663 op/s]
Partition rate            :      846 pk/s  [t2.delete_entity_by_id: 0 pk/s, t2.select_entity_by_id: 846 pk/s, t2.update_entity_name: 0 pk/s]
Row rate                  :      846 row/s [t2.delete_entity_by_id: 0 row/s, t2.select_entity_by_id: 846 row/s, t2.update_entity_name: 0 row/s]
Latency mean              :    1.0 ms [t2.delete_entity_by_id: 0.9 ms, t2.select_entity_by_id: 1.0 ms, t2.update_entity_name: 0.9 ms]
Latency median            :    0.7 ms [t2.delete_entity_by_id: 0.7 ms, t2.select_entity_by_id: 0.7 ms, t2.update_entity_name: 0.7 ms]
Latency 95th percentile   :    2.2 ms [t2.delete_entity_by_id: 2.1 ms, t2.select_entity_by_id: 2.2 ms, t2.update_entity_name: 2.1 ms]
Latency 99th percentile   :    4.8 ms [t2.delete_entity_by_id: 4.6 ms, t2.select_entity_by_id: 5.0 ms, t2.update_entity_name: 4.8 ms]
Latency 99.9th percentile :   13.5 ms [t2.delete_entity_by_id: 13.8 ms, t2.select_entity_by_id: 13.7 ms, t2.update_entity_name: 12.8 ms]
Latency max               :  171.3 ms [t2.delete_entity_by_id: 171.3 ms, t2.select_entity_by_id: 37.1 ms, t2.update_entity_name: 122.9 ms]
Total partitions          :     16,938 [t2.delete_entity_by_id: 0, t2.select_entity_by_id: 16,938, t2.update_entity_name: 0]
Total errors              :          0 [t2.delete_entity_by_id: 0, t2.select_entity_by_id: 0, t2.update_entity_name: 0]
Total GC count            : 0
Total GC memory           : 0.000 KiB
Total GC time             :    0.0 seconds
Avg GC time               :    NaN ms
StdDev GC time            :    0.0 ms
Total operation time      : 00:00:20

END
