******************** Stress Settings ********************
Command:
  Type: user
  Count: 1,000,000
  No Warmup: false
  Consistency Level: LOCAL_ONE
  Target Uncertainty: not applicable
  Command Ratios: {t2.insert=1.0}
  Command Clustering Distribution: clustering=gaussian(1..10)
  Profile File(s): t2_entities.yaml
Rate:
  Auto: false
  Thread Count: 5
  OpsPer Sec: 0
Population:
  Distribution: Gaussian:  min=1,max=1000000,mean=500000.500000,stdev=166666.500000
  Order: ARBITRARY
  Wrap: false
Insert:
  Revisits: Uniform:  min=1,max=1000000
  Visits: Fixed:  key=1
  Row Population Ratio: Ratio: divisor=1.000000;delegate=Fixed:  key=1
  Batch Type: not batching
Errors:
  Ignore: false
  Tries: 10
Log:
  No Summary: false
  No Settings: false
  File: entities_1M_write_5_threads.log
  Interval Millis: 1000
  Level: NORMAL
Mode:
  API: JAVA_DRIVER_NATIVE
  Connection Style: CQL_PREPARED
  CQL Version: CQL3
  Protocol Version: V5
  Username: null
  Password: null
  Auth Provide Class: null
  Max Pending Per Connection: 128
  Connections Per Host: 8
  Compression: NONE
Node:
  Nodes: [localhost]
  Is White List: false
  Datacenter: null
Schema:
  Keyspace: null
  Replication Strategy: org.apache.cassandra.locator.SimpleStrategy
  Replication Strategy Options: {replication_factor=1}
  Table Compression: null
  Table Compaction Strategy: null
  Table Compaction Strategy Options: {}
Transport:
  truststore=null; truststore-password=null; keystore=null; keystore-password=null; ssl-protocol=TLS; ssl-alg=null; ssl-ciphers=TLS_RSA_WITH_AES_128_CBC_SHA,TLS_RSA_WITH_AES_256_CBC_SHA; 
Port:
  Native Port: 9042
  JMX Port: 7199
Graph:
  File: entities_1M_threads_5_MIXED.html
  Revision: Load
  Title: NVO_Cassandra_POC_entities_Table_1M_Records_5_Threads
  Operation: USER
TokenRange:
  Wrap: false
  Split Factor: 1

******************** Profile(s) ********************
  Keyspace Name: tagging
  Keyspace CQL: 
***
CREATE KEYSPACE tagging WITH replication = {'class': 'SimpleStrategy', 'replication_factor': 1};
***

  Table Name: entities
  Table CQL: 
***
CREATE TABLE entities (
  id uuid PRIMARY KEY,
  name text,
  type text,
  metadata text
);
***

  Extra Schema Definitions: null
  Generator Configs:
    metadata: Size: Uniform:  min=10,max=50;
    name: Size: Uniform:  min=5,max=20;Identity: Uniform:  min=1,max=1000;
    id: Size: Gaussian:  min=5,max=10,mean=7.500000,stdev=0.833333;Identity: Uniform:  min=1,max=10000000;
    type: Size: Uniform:  min=5,max=15;Identity: Uniform:  min=1,max=100;
  Query Definitions:
    select_entity_by_id: CQL:SELECT * FROM entities WHERE id = ?;Fields:samerow;
    select_all_entities: CQL:SELECT * FROM entities;Fields:null;
    update_entity_name: CQL:UPDATE entities SET name = ? WHERE id = ?;Fields:samerow;
    delete_entity_by_id: CQL:DELETE FROM entities WHERE id = ?;Fields:samerow;
  Token Range Queries:
  Insert Settings:
    partitions: fixed(1)
    select: fixed(1)/500
    batchtype: UNLOGGED
Generating batches with [1..1] partitions and [0..0] rows (of [1..1] total rows in the partitions)

Sleeping 2s...
Warming up t2.insert with 50000 iterations...
Running [t2.insert] with 5 threads for 1000000 iteration
type                                               total ops,    op/s,    pk/s,   row/s,    mean,     med,     .95,     .99,    .999,     max,   time,   stderr, errors,  gc: #,  max ms,  sum ms,  sdv ms,      mb
total,                                                  1705,    1705,    1705,    1705,     1.0,     0.7,     2.4,     4.7,    12.0,    13.8,    1.0,  0.00000,      0,      0,       0,       0,       0,       0
total,                                                  7147,    5442,    5442,    5442,     0.9,     0.7,     1.9,     3.6,     8.4,    15.2,    2.0,  0.37009,      0,      0,       0,       0,       0,       0
total,                                                 12554,    5407,    5407,    5407,     0.9,     0.7,     2.1,     4.2,     8.2,    17.9,    3.0,  0.24232,      0,      0,       0,       0,       0,       0
total,                                                 18065,    5511,    5511,    5511,     0.9,     0.7,     1.9,     4.0,    20.6,    35.1,    4.0,  0.18081,      0,      0,       0,       0,       0,       0
total,                                                 24016,    5951,    5951,    5951,     0.8,     0.7,     1.7,     2.9,     9.2,    16.6,    5.0,  0.14588,      0,      0,       0,       0,       0,       0
total,                                                 29433,    5417,    5417,    5417,     0.9,     0.7,     2.1,     4.3,    12.2,    17.1,    6.0,  0.12053,      0,      0,       0,       0,       0,       0
total,                                                 35716,    6283,    6283,    6283,     0.8,     0.6,     1.7,     3.1,     8.4,    12.7,    7.0,  0.10529,      0,      0,       0,       0,       0,       0
total,                                                 40941,    5225,    5225,    5225,     0.9,     0.7,     2.2,     6.0,    13.2,    17.7,    8.0,  0.09190,      0,      0,       0,       0,       0,       0
total,                                                 46591,    5650,    5650,    5650,     0.9,     0.7,     2.0,     3.4,    11.1,    26.3,    9.0,  0.08152,      0,      0,       0,       0,       0,       0
total,                                                 52082,    5491,    5491,    5491,     0.9,     0.7,     1.8,     3.2,    20.7,    64.6,   10.0,  0.07331,      0,      0,       0,       0,       0,       0
total,                                                 57740,    5658,    5658,    5658,     0.9,     0.7,     1.9,     3.4,     9.1,    15.4,   11.0,  0.06651,      0,      0,       0,       0,       0,       0
total,                                                 63973,    6233,    6233,    6233,     0.8,     0.7,     1.6,     2.7,     5.9,    15.1,   12.0,  0.06168,      0,      0,       0,       0,       0,       0
total,                                                 68637,    4664,    4664,    4664,     1.1,     0.7,     2.9,     6.3,    11.2,    16.4,   13.0,  0.05833,      0,      0,       0,       0,       0,       0
total,                                                 75238,    6601,    6601,    6601,     0.8,     0.6,     1.6,     2.5,     5.3,     5.8,   14.0,  0.05551,      0,      0,       0,       0,       0,       0
total,                                                 81321,    6083,    6083,    6083,     0.8,     0.6,     1.8,     3.3,     6.8,    13.0,   15.0,  0.05199,      0,      0,       0,       0,       0,       0
total,                                                 87615,    6294,    6294,    6294,     0.8,     0.6,     1.6,     3.7,    10.6,    30.3,   16.0,  0.04931,      0,      0,       0,       0,       0,       0
total,                                                 93762,    6147,    6147,    6147,     0.8,     0.6,     1.7,     3.2,     7.9,    10.8,   17.0,  0.04654,      0,      0,       0,       0,       0,       0
total,                                                 98665,    4903,    4903,    4903,     1.0,     0.7,     2.5,     5.4,    11.9,    14.9,   18.0,  0.04468,      0,      0,       0,       0,       0,       0
total,                                                104127,    5462,    5462,    5462,     0.9,     0.7,     2.0,     3.7,     8.2,    19.3,   19.0,  0.04234,      0,      0,       0,       0,       0,       0
total,                                                109830,    5703,    5703,    5703,     0.9,     0.7,     1.9,     3.6,    12.0,    18.7,   20.0,  0.04019,      0,      0,       0,       0,       0,       0
total,                                                115097,    5267,    5267,    5267,     0.9,     0.7,     1.9,     3.7,    14.0,    65.5,   21.0,  0.03827,      0,      0,       0,       0,       0,       0
total,                                                121026,    5929,    5929,    5929,     0.8,     0.7,     1.7,     2.9,     5.7,     9.4,   22.0,  0.03654,      0,      0,       0,       0,       0,       0
total,                                                126244,    5218,    5218,    5218,     1.0,     0.7,     2.2,     4.8,    10.0,    15.6,   23.0,  0.03512,      0,      0,       0,       0,       0,       0
total,                                                132181,    5937,    5937,    5937,     0.8,     0.7,     1.8,     3.2,     7.1,     8.2,   24.0,  0.03368,      0,      0,       0,       0,       0,       0
total,                                                137395,    5214,    5214,    5214,     1.0,     0.7,     2.1,     5.1,    11.8,    14.8,   25.0,  0.03249,      0,      0,       0,       0,       0,       0
total,                                                143019,    5624,    5624,    5624,     0.9,     0.7,     1.8,     2.9,     8.1,    15.6,   26.0,  0.03123,      0,      0,       0,       0,       0,       0
total,                                                148961,    5942,    5942,    5942,     0.8,     0.7,     1.7,     2.9,     7.3,     9.5,   27.0,  0.03010,      0,      0,       0,       0,       0,       0
total,                                                153747,    4786,    4786,    4786,     1.0,     0.7,     2.5,     6.1,    37.6,    38.7,   28.0,  0.02942,      0,      0,       0,       0,       0,       0
total,                                                159693,    5946,    5946,    5946,     0.8,     0.7,     1.7,     2.8,     6.1,    11.7,   29.0,  0.02845,      0,      0,       0,       0,       0,       0
total,                                                165075,    5382,    5382,    5382,     0.9,     0.7,     2.1,     4.5,    11.6,    18.1,   30.0,  0.02753,      0,      0,       0,       0,       0,       0
total,                                                171000,    5925,    5925,    5925,     0.8,     0.6,     1.7,     3.2,     8.3,    72.8,   31.0,  0.02688,      0,      0,       0,       0,       0,       0
total,                                                176585,    5585,    5585,    5585,     0.9,     0.7,     1.9,     3.5,     8.3,    14.9,   32.0,  0.02604,      0,      0,       0,       0,       0,       0
total,                                                182004,    5419,    5419,    5419,     0.9,     0.7,     2.1,     4.9,    10.4,    15.2,   33.0,  0.02528,      0,      0,       0,       0,       0,       0
total,                                                187073,    5069,    5069,    5069,     1.0,     0.7,     2.3,     6.9,    19.6,    28.0,   34.0,  0.02469,      0,      0,       0,       0,       0,       0
total,                                                192752,    5679,    5679,    5679,     0.9,     0.7,     2.0,     4.2,     8.4,     9.8,   35.0,  0.02397,      0,      0,       0,       0,       0,       0
total,                                                199138,    6386,    6386,    6386,     0.8,     0.6,     1.6,     2.5,     6.5,    12.0,   36.0,  0.02356,      0,      0,       0,       0,       0,       0
total,                                                204815,    5677,    5677,    5677,     0.9,     0.7,     2.0,     3.9,     8.5,    12.6,   37.0,  0.02292,      0,      0,       0,       0,       0,       0
total,                                                210818,    6003,    6003,    6003,     0.8,     0.7,     1.8,     3.4,     9.4,    15.3,   38.0,  0.02236,      0,      0,       0,       0,       0,       0
total,                                                216540,    5722,    5722,    5722,     0.9,     0.7,     1.7,     2.7,     7.0,    40.0,   39.0,  0.02180,      0,      0,       0,       0,       0,       0
total,                                                221915,    5375,    5375,    5375,     0.9,     0.7,     2.0,     3.8,     8.2,     9.3,   40.0,  0.02131,      0,      0,       0,       0,       0,       0
total,                                                228084,    6169,    6169,    6169,     0.8,     0.7,     1.8,     2.7,     5.2,     6.5,   41.0,  0.02086,      0,      0,       0,       0,       0,       0
total,                                                232897,    4813,    4813,    4813,     1.0,     0.7,     2.3,     5.7,    51.8,    72.5,   42.0,  0.02051,      0,      0,       0,       0,       0,       0
total,                                                238539,    5642,    5642,    5642,     0.9,     0.7,     1.9,     3.2,    10.3,    15.8,   43.0,  0.02003,      0,      0,       0,       0,       0,       0
total,                                                243983,    5444,    5444,    5444,     0.9,     0.7,     1.9,     3.9,    11.2,    15.7,   44.0,  0.01959,      0,      0,       0,       0,       0,       0
total,                                                248728,    4745,    4745,    4745,     1.0,     0.8,     2.5,     5.6,    13.8,    17.4,   45.0,  0.01950,      0,      0,       0,       0,       0,       0
total,                                                253063,    4335,    4335,    4335,     1.1,     0.7,     2.9,     7.8,    20.3,    23.1,   46.0,  0.01971,      0,      0,       0,       0,       0,       0
total,                                                258088,    5025,    5025,    5025,     1.0,     0.7,     2.3,     4.8,    15.2,    44.8,   47.0,  0.01937,      0,      0,       0,       0,       0,       0
total,                                                263428,    5340,    5340,    5340,     0.9,     0.7,     2.1,     4.3,    10.1,    19.4,   48.0,  0.01899,      0,      0,       0,       0,       0,       0
total,                                                269361,    5933,    5933,    5933,     0.8,     0.7,     1.8,     3.1,     6.9,    12.9,   49.0,  0.01863,      0,      0,       0,       0,       0,       0
total,                                                275315,    5954,    5954,    5954,     0.8,     0.6,     1.9,     3.6,     8.7,    11.1,   50.0,  0.01828,      0,      0,       0,       0,       0,       0
total,                                                281430,    6115,    6115,    6115,     0.8,     0.7,     1.7,     3.1,     6.7,    10.4,   51.0,  0.01799,      0,      0,       0,       0,       0,       0
total,                                                286025,    4595,    4595,    4595,     1.1,     0.7,     2.3,     4.6,    64.6,    68.7,   52.0,  0.01785,      0,      0,       0,       0,       0,       0
total,                                                292524,    6499,    6499,    6499,     0.8,     0.6,     1.6,     2.6,     4.1,     5.3,   53.0,  0.01772,      0,      0,       0,       0,       0,       0
total,                                                298172,    5648,    5648,    5648,     0.9,     0.7,     2.0,     4.1,     9.6,    21.7,   54.0,  0.01738,      0,      0,       0,       0,       0,       0
total,                                                303836,    5664,    5664,    5664,     0.9,     0.7,     2.0,     3.8,     9.1,    16.0,   55.0,  0.01707,      0,      0,       0,       0,       0,       0
total,                                                309672,    5836,    5836,    5836,     0.8,     0.7,     1.7,     2.7,     6.0,     9.3,   56.0,  0.01677,      0,      0,       0,       0,       0,       0
total,                                                314562,    4890,    4890,    4890,     1.0,     0.7,     2.5,     6.3,    14.8,    22.9,   57.0,  0.01662,      0,      0,       0,       0,       0,       0
total,                                                320297,    5735,    5735,    5735,     0.9,     0.7,     1.8,     3.4,    14.5,    16.5,   58.0,  0.01634,      0,      0,       0,       0,       0,       0
total,                                                325489,    5192,    5192,    5192,     1.0,     0.7,     2.1,     4.6,    13.6,    26.7,   59.0,  0.01610,      0,      0,       0,       0,       0,       0
total,                                                331629,    6140,    6140,    6140,     0.8,     0.7,     1.7,     3.0,     5.4,     9.6,   60.0,  0.01589,      0,      0,       0,       0,       0,       0
total,                                                337465,    5836,    5836,    5836,     0.8,     0.7,     1.7,     2.9,    10.1,    15.5,   61.0,  0.01564,      0,      0,       0,       0,       0,       0
total,                                                342694,    5229,    5229,    5229,     0.9,     0.7,     2.0,     4.2,    14.5,    68.0,   62.0,  0.01539,      0,      0,       0,       0,       0,       0
total,                                                347791,    5097,    5097,    5097,     1.0,     0.7,     2.2,     5.0,    15.5,    45.4,   63.0,  0.01519,      0,      0,       0,       0,       0,       0
total,                                                352751,    4960,    4960,    4960,     1.0,     0.7,     2.6,     6.3,    10.7,    20.8,   64.0,  0.01506,      0,      0,       0,       0,       0,       0
total,                                                358312,    5561,    5561,    5561,     0.9,     0.7,     1.9,     3.7,     8.8,    12.8,   65.0,  0.01483,      0,      0,       0,       0,       0,       0
total,                                                364467,    6155,    6155,    6155,     0.8,     0.6,     1.7,     3.2,    10.8,    15.4,   66.0,  0.01467,      0,      0,       0,       0,       0,       0
total,                                                369937,    5470,    5470,    5470,     0.9,     0.7,     2.0,     3.6,     7.0,    10.1,   67.0,  0.01446,      0,      0,       0,       0,       0,       0
total,                                                375326,    5389,    5389,    5389,     0.9,     0.7,     2.0,     4.8,    14.0,    20.2,   68.0,  0.01425,      0,      0,       0,       0,       0,       0
total,                                                380653,    5327,    5327,    5327,     0.9,     0.7,     2.2,     3.8,    10.0,    14.1,   69.0,  0.01407,      0,      0,       0,       0,       0,       0
total,                                                386749,    6096,    6096,    6096,     0.8,     0.7,     1.6,     2.4,     3.9,    12.0,   70.0,  0.01391,      0,      0,       0,       0,       0,       0
total,                                                392214,    5465,    5465,    5465,     0.9,     0.7,     2.1,     4.2,     8.9,    15.8,   71.0,  0.01372,      0,      0,       0,       0,       0,       0
total,                                                398364,    6150,    6150,    6150,     0.8,     0.6,     1.8,     3.0,     7.0,     8.0,   72.0,  0.01358,      0,      0,       0,       0,       0,       0
total,                                                403673,    5309,    5309,    5309,     0.9,     0.7,     1.7,     2.8,    42.0,    86.8,   73.0,  0.01340,      0,      0,       0,       0,       0,       0
total,                                                408967,    5294,    5294,    5294,     0.9,     0.7,     2.1,     3.9,     7.6,    10.2,   74.0,  0.01325,      0,      0,       0,       0,       0,       0
total,                                                414896,    5929,    5929,    5929,     0.8,     0.7,     1.8,     2.9,     5.5,     7.8,   75.0,  0.01308,      0,      0,       0,       0,       0,       0
total,                                                420739,    5843,    5843,    5843,     0.8,     0.7,     1.9,     3.4,     8.3,    14.3,   76.0,  0.01292,      0,      0,       0,       0,       0,       0
total,                                                426855,    6116,    6116,    6116,     0.8,     0.7,     1.7,     2.8,     5.0,     6.3,   77.0,  0.01278,      0,      0,       0,       0,       0,       0
total,                                                431949,    5094,    5094,    5094,     1.0,     0.7,     2.1,     4.1,    16.4,    35.1,   78.0,  0.01266,      0,      0,       0,       0,       0,       0
total,                                                437714,    5765,    5765,    5765,     0.9,     0.7,     1.9,     4.2,     9.7,    14.8,   79.0,  0.01250,      0,      0,       0,       0,       0,       0
total,                                                444077,    6363,    6363,    6363,     0.8,     0.6,     1.7,     2.7,     4.9,     7.7,   80.0,  0.01243,      0,      0,       0,       0,       0,       0
total,                                                448695,    4618,    4618,    4618,     1.1,     0.7,     2.6,     6.9,    24.9,    41.9,   81.0,  0.01244,      0,      0,       0,       0,       0,       0
total,                                                454651,    5956,    5956,    5956,     0.8,     0.7,     1.8,     3.0,     6.8,    24.6,   82.0,  0.01231,      0,      0,       0,       0,       0,       0
total,                                                460103,    5452,    5452,    5452,     0.9,     0.7,     1.9,     3.2,    14.4,    76.5,   83.0,  0.01217,      0,      0,       0,       0,       0,       0
total,                                                465585,    5482,    5482,    5482,     0.9,     0.7,     2.1,     4.2,     9.2,    19.2,   84.0,  0.01203,      0,      0,       0,       0,       0,       0
total,                                                471445,    5860,    5860,    5860,     0.8,     0.7,     1.8,     4.2,    13.3,    19.5,   85.0,  0.01190,      0,      0,       0,       0,       0,       0
total,                                                476687,    5242,    5242,    5242,     0.9,     0.7,     2.1,     5.4,    15.7,    35.8,   86.0,  0.01177,      0,      0,       0,       0,       0,       0
total,                                                483010,    6323,    6323,    6323,     0.8,     0.6,     1.6,     2.9,     5.4,     7.7,   87.0,  0.01171,      0,      0,       0,       0,       0,       0
total,                                                487887,    4877,    4877,    4877,     1.0,     0.8,     2.4,     5.2,    11.3,    14.6,   88.0,  0.01168,      0,      0,       0,       0,       0,       0
total,                                                493399,    5512,    5512,    5512,     0.9,     0.7,     2.0,     3.9,    10.5,    29.7,   89.0,  0.01155,      0,      0,       0,       0,       0,       0
total,                                                499414,    6015,    6015,    6015,     0.8,     0.7,     1.8,     3.2,     5.2,     8.1,   90.0,  0.01144,      0,      0,       0,       0,       0,       0
total,                                                504460,    5046,    5046,    5046,     1.0,     0.7,     2.3,     4.8,    11.2,    14.8,   91.0,  0.01138,      0,      0,       0,       0,       0,       0
total,                                                510577,    6117,    6117,    6117,     0.8,     0.6,     1.8,     3.0,     5.4,     8.2,   92.0,  0.01128,      0,      0,       0,       0,       0,       0
total,                                                516287,    5710,    5710,    5710,     0.9,     0.7,     1.9,     3.7,     8.2,    15.3,   93.0,  0.01116,      0,      0,       0,       0,       0,       0
total,                                                522059,    5772,    5772,    5772,     0.9,     0.6,     1.8,     2.8,     6.7,    72.3,   94.0,  0.01108,      0,      0,       0,       0,       0,       0
total,                                                528187,    6128,    6128,    6128,     0.8,     0.7,     1.7,     2.7,     5.1,     9.7,   95.0,  0.01099,      0,      0,       0,       0,       0,       0
total,                                                533562,    5375,    5375,    5375,     0.9,     0.7,     2.2,     4.6,    11.3,    12.6,   96.0,  0.01089,      0,      0,       0,       0,       0,       0
total,                                                539410,    5848,    5848,    5848,     0.8,     0.7,     1.8,     2.8,     8.0,    12.6,   97.0,  0.01078,      0,      0,       0,       0,       0,       0
total,                                                544134,    4724,    4724,    4724,     1.1,     0.7,     2.4,     5.8,    27.5,    42.1,   98.0,  0.01077,      0,      0,       0,       0,       0,       0
total,                                                550480,    6346,    6346,    6346,     0.8,     0.7,     1.6,     2.6,     4.5,     5.2,   99.0,  0.01072,      0,      0,       0,       0,       0,       0
total,                                                556217,    5737,    5737,    5737,     0.9,     0.7,     1.8,     3.1,     6.4,    17.1,  100.0,  0.01061,      0,      0,       0,       0,       0,       0
total,                                                561845,    5628,    5628,    5628,     0.9,     0.6,     2.1,     4.4,    11.9,    17.7,  101.0,  0.01051,      0,      0,       0,       0,       0,       0
total,                                                568291,    6446,    6446,    6446,     0.8,     0.6,     1.6,     2.6,     4.6,     9.1,  102.0,  0.01048,      0,      0,       0,       0,       0,       0
total,                                                573687,    5396,    5396,    5396,     0.9,     0.7,     2.1,     4.1,     9.8,    13.4,  103.0,  0.01039,      0,      0,       0,       0,       0,       0
total,                                                579406,    5719,    5719,    5719,     0.9,     0.7,     1.7,     2.8,    17.1,    78.6,  104.0,  0.01032,      0,      0,       0,       0,       0,       0
total,                                                585525,    6119,    6119,    6119,     0.8,     0.7,     1.7,     3.1,     8.7,    13.7,  105.0,  0.01025,      0,      0,       0,       0,       0,       0
total,                                                590861,    5336,    5336,    5336,     0.9,     0.7,     2.1,     4.2,     9.0,    13.8,  106.0,  0.01017,      0,      0,       0,       0,       0,       0
total,                                                596832,    5971,    5971,    5971,     0.8,     0.7,     1.8,     3.1,     4.7,     5.5,  107.0,  0.01008,      0,      0,       0,       0,       0,       0
total,                                                601953,    5121,    5121,    5121,     1.0,     0.7,     2.3,     4.6,    10.3,    25.1,  108.0,  0.01002,      0,      0,       0,       0,       0,       0
total,                                                607645,    5692,    5692,    5692,     0.9,     0.7,     1.8,     3.1,     8.6,    12.7,  109.0,  0.00993,      0,      0,       0,       0,       0,       0
total,                                                612866,    5221,    5221,    5221,     1.0,     0.7,     1.9,     4.0,    19.6,    43.6,  110.0,  0.00985,      0,      0,       0,       0,       0,       0
total,                                                619395,    6529,    6529,    6529,     0.8,     0.6,     1.7,     2.4,     4.5,     6.9,  111.0,  0.00984,      0,      0,       0,       0,       0,       0
total,                                                625242,    5847,    5847,    5847,     0.8,     0.7,     1.8,     3.1,     5.8,     6.4,  112.0,  0.00976,      0,      0,       0,       0,       0,       0
total,                                                630461,    5219,    5219,    5219,     1.0,     0.7,     2.1,     4.1,     7.2,     9.1,  113.0,  0.00970,      0,      0,       0,       0,       0,       0
total,                                                636920,    6459,    6459,    6459,     0.8,     0.6,     1.6,     2.6,     5.5,     7.8,  114.0,  0.00968,      0,      0,       0,       0,       0,       0
total,                                                641924,    5004,    5004,    5004,     1.0,     0.7,     2.2,     5.4,    38.6,    75.6,  115.0,  0.00961,      0,      0,       0,       0,       0,       0
total,                                                647914,    5990,    5990,    5990,     0.8,     0.7,     1.8,     3.1,     9.2,    15.5,  116.0,  0.00954,      0,      0,       0,       0,       0,       0
total,                                                653501,    5587,    5587,    5587,     0.9,     0.7,     2.0,     4.6,    13.4,    20.0,  117.0,  0.00946,      0,      0,       0,       0,       0,       0
total,                                                659309,    5808,    5808,    5808,     0.9,     0.7,     2.0,     3.6,     8.5,    11.9,  118.0,  0.00938,      0,      0,       0,       0,       0,       0
total,                                                663739,    4430,    4430,    4430,     1.1,     0.7,     2.1,     4.2,   120.5,   132.4,  119.0,  0.00935,      0,      0,       0,       0,       0,       0
total,                                                668857,    5118,    5118,    5118,     1.0,     0.7,     2.2,     4.5,     8.6,    17.4,  120.0,  0.00931,      0,      0,       0,       0,       0,       0
total,                                                675149,    6292,    6292,    6292,     0.8,     0.7,     1.6,     2.6,     6.1,    12.3,  121.0,  0.00928,      0,      0,       0,       0,       0,       0
total,                                                681145,    5996,    5996,    5996,     0.8,     0.6,     1.7,     3.2,    16.4,    54.5,  122.0,  0.00924,      0,      0,       0,       0,       0,       0
total,                                                686861,    5716,    5716,    5716,     0.9,     0.7,     1.9,     3.8,     8.7,    17.2,  123.0,  0.00916,      0,      0,       0,       0,       0,       0
total,                                                693063,    6202,    6202,    6202,     0.8,     0.6,     1.8,     3.2,     9.7,    11.3,  124.0,  0.00911,      0,      0,       0,       0,       0,       0
total,                                                697863,    4800,    4800,    4800,     1.0,     0.7,     2.4,     5.7,    59.9,    75.9,  125.0,  0.00908,      0,      0,       0,       0,       0,       0
total,                                                704029,    6166,    6166,    6166,     0.8,     0.6,     1.7,     2.8,    10.2,    11.8,  126.0,  0.00903,      0,      0,       0,       0,       0,       0
total,                                                709443,    5414,    5414,    5414,     0.9,     0.7,     2.1,     3.9,     7.5,    17.3,  127.0,  0.00896,      0,      0,       0,       0,       0,       0
total,                                                715091,    5648,    5648,    5648,     0.9,     0.7,     1.8,     3.1,     6.2,    16.5,  128.0,  0.00889,      0,      0,       0,       0,       0,       0
total,                                                722019,    6928,    6928,    6928,     0.7,     0.6,     1.4,     2.7,     5.9,    10.3,  129.0,  0.00898,      0,      0,       0,       0,       0,       0
total,                                                728119,    6100,    6100,    6100,     0.8,     0.6,     1.8,     4.0,     7.6,     9.4,  130.0,  0.00892,      0,      0,       0,       0,       0,       0
total,                                                733885,    5766,    5766,    5766,     0.9,     0.7,     1.7,     2.8,    11.9,    41.4,  131.0,  0.00886,      0,      0,       0,       0,       0,       0
total,                                                739721,    5836,    5836,    5836,     0.8,     0.6,     1.9,     3.9,     7.0,    17.1,  132.0,  0.00879,      0,      0,       0,       0,       0,       0
total,                                                745665,    5944,    5944,    5944,     0.8,     0.7,     1.8,     3.0,     9.4,    10.6,  133.0,  0.00873,      0,      0,       0,       0,       0,       0
total,                                                751814,    6149,    6149,    6149,     0.8,     0.6,     1.8,     2.8,     6.8,    17.9,  134.0,  0.00869,      0,      0,       0,       0,       0,       0
total,                                                757278,    5464,    5464,    5464,     0.9,     0.7,     2.0,     4.5,     9.1,    19.1,  135.0,  0.00863,      0,      0,       0,       0,       0,       0
total,                                                763248,    5970,    5970,    5970,     0.8,     0.6,     1.6,     2.6,    13.5,    77.5,  136.0,  0.00861,      0,      0,       0,       0,       0,       0
total,                                                768014,    4766,    4766,    4766,     1.0,     0.8,     2.6,     5.2,     8.5,    24.8,  137.0,  0.00862,      0,      0,       0,       0,       0,       0
total,                                                773963,    5949,    5949,    5949,     0.8,     0.7,     1.8,     3.2,    11.0,    13.7,  138.0,  0.00856,      0,      0,       0,       0,       0,       0
total,                                                779678,    5715,    5715,    5715,     0.9,     0.7,     1.8,     4.3,    14.8,    19.4,  139.0,  0.00850,      0,      0,       0,       0,       0,       0
total,                                                784720,    5042,    5042,    5042,     1.0,     0.7,     2.6,     5.7,    10.8,    15.4,  140.0,  0.00848,      0,      0,       0,       0,       0,       0
total,                                                790454,    5734,    5734,    5734,     0.9,     0.7,     2.0,     3.8,     8.6,    13.7,  141.0,  0.00842,      0,      0,       0,       0,       0,       0
total,                                                795543,    5089,    5089,    5089,     1.0,     0.7,     2.1,     4.1,    14.1,    65.6,  142.0,  0.00837,      0,      0,       0,       0,       0,       0
total,                                                801504,    5961,    5961,    5961,     0.8,     0.7,     1.7,     2.8,     4.6,     6.7,  143.0,  0.00832,      0,      0,       0,       0,       0,       0
total,                                                806951,    5447,    5447,    5447,     0.9,     0.7,     1.9,     3.3,    13.0,    38.8,  144.0,  0.00826,      0,      0,       0,       0,       0,       0
total,                                                812145,    5194,    5194,    5194,     0.9,     0.7,     2.0,     4.3,     7.4,    11.3,  145.0,  0.00823,      0,      0,       0,       0,       0,       0
total,                                                813652,    1507,    1507,    1507,     3.4,     0.7,     1.7,     3.1,   795.9,   801.1,  146.0,  0.00844,      0,      0,       0,       0,       0,       0
total,                                                819188,    5536,    5536,    5536,     0.9,     0.7,     2.0,     4.1,     8.7,    11.1,  147.0,  0.00839,      0,      0,       0,       0,       0,       0
total,                                                825207,    6019,    6019,    6019,     0.8,     0.7,     1.8,     2.8,     4.0,    15.2,  148.0,  0.00834,      0,      0,       0,       0,       0,       0
total,                                                830760,    5553,    5553,    5553,     0.9,     0.7,     2.0,     3.9,    11.2,    15.4,  149.0,  0.00829,      0,      0,       0,       0,       0,       0
total,                                                836857,    6097,    6097,    6097,     0.8,     0.7,     1.7,     2.9,     5.2,     8.8,  150.0,  0.00824,      0,      0,       0,       0,       0,       0
total,                                                842842,    5985,    5985,    5985,     0.8,     0.7,     1.8,     3.0,     7.4,    11.3,  151.0,  0.00819,      0,      0,       0,       0,       0,       0
total,                                                848490,    5648,    5648,    5648,     0.9,     0.7,     2.0,     4.0,    12.0,    14.5,  152.0,  0.00814,      0,      0,       0,       0,       0,       0
total,                                                854587,    6097,    6097,    6097,     0.8,     0.6,     1.6,     3.0,     9.6,    64.8,  153.0,  0.00812,      0,      0,       0,       0,       0,       0
total,                                                860028,    5441,    5441,    5441,     0.9,     0.7,     2.0,     4.6,    11.0,    13.2,  154.0,  0.00808,      0,      0,       0,       0,       0,       0
total,                                                865955,    5927,    5927,    5927,     0.8,     0.7,     1.8,     3.0,     5.8,    14.0,  155.0,  0.00803,      0,      0,       0,       0,       0,       0
total,                                                871605,    5650,    5650,    5650,     0.9,     0.7,     1.7,     2.7,    14.4,    46.8,  156.0,  0.00798,      0,      0,       0,       0,       0,       0
total,                                                876632,    5027,    5027,    5027,     1.0,     0.7,     2.4,     4.6,     9.9,    12.8,  157.0,  0.00797,      0,      0,       0,       0,       0,       0
total,                                                882523,    5891,    5891,    5891,     0.8,     0.7,     1.8,     3.0,    10.5,    12.2,  158.0,  0.00792,      0,      0,       0,       0,       0,       0
total,                                                887528,    5005,    5005,    5005,     1.0,     0.7,     2.4,     5.2,    11.5,    15.6,  159.0,  0.00791,      0,      0,       0,       0,       0,       0
total,                                                893551,    6023,    6023,    6023,     0.8,     0.7,     1.7,     2.9,     4.1,     6.5,  160.0,  0.00786,      0,      0,       0,       0,       0,       0
total,                                                899101,    5550,    5550,    5550,     0.9,     0.7,     2.0,     3.7,    10.4,    16.4,  161.0,  0.00782,      0,      0,       0,       0,       0,       0
total,                                                904844,    5743,    5743,    5743,     0.9,     0.7,     1.9,     3.1,     6.7,    11.6,  162.0,  0.00777,      0,      0,       0,       0,       0,       0
total,                                                910662,    5818,    5818,    5818,     0.9,     0.7,     1.8,     3.1,     6.5,     7.6,  163.0,  0.00772,      0,      0,       0,       0,       0,       0
total,                                                915474,    4812,    4812,    4812,     1.0,     0.8,     2.2,     4.3,    59.4,    67.4,  164.0,  0.00770,      0,      0,       0,       0,       0,       0
total,                                                921311,    5837,    5837,    5837,     0.8,     0.7,     1.7,     3.4,     8.8,    19.6,  165.0,  0.00766,      0,      0,       0,       0,       0,       0
total,                                                927025,    5714,    5714,    5714,     0.9,     0.7,     1.9,     3.4,     7.1,    18.9,  166.0,  0.00761,      0,      0,       0,       0,       0,       0
total,                                                932482,    5457,    5457,    5457,     0.9,     0.7,     1.9,     4.1,     9.7,    17.7,  167.0,  0.00757,      0,      0,       0,       0,       0,       0
total,                                                938535,    6053,    6053,    6053,     0.8,     0.7,     1.8,     3.1,     7.8,    15.3,  168.0,  0.00753,      0,      0,       0,       0,       0,       0
total,                                                943240,    4705,    4705,    4705,     1.1,     0.7,     2.3,     5.8,    27.4,    57.9,  169.0,  0.00753,      0,      0,       0,       0,       0,       0
total,                                                949073,    5833,    5833,    5833,     0.9,     0.7,     1.7,     3.0,     5.5,     8.2,  170.0,  0.00749,      0,      0,       0,       0,       0,       0
total,                                                954378,    5305,    5305,    5305,     0.9,     0.7,     2.0,     3.9,     9.2,    22.8,  171.0,  0.00746,      0,      0,       0,       0,       0,       0
total,                                                960365,    5987,    5987,    5987,     0.8,     0.7,     1.7,     3.2,     8.1,    13.0,  172.0,  0.00742,      0,      0,       0,       0,       0,       0
total,                                                966122,    5757,    5757,    5757,     0.9,     0.7,     1.9,     3.6,     8.1,    12.4,  173.0,  0.00737,      0,      0,       0,       0,       0,       0
total,                                                971303,    5181,    5181,    5181,     1.0,     0.7,     2.3,     4.4,    10.5,    13.3,  174.0,  0.00735,      0,      0,       0,       0,       0,       0
total,                                                976835,    5532,    5532,    5532,     0.9,     0.6,     1.9,     4.1,    19.7,    67.5,  175.0,  0.00731,      0,      0,       0,       0,       0,       0
total,                                                981695,    4860,    4860,    4860,     1.0,     0.7,     2.7,     6.3,    15.1,    18.9,  176.0,  0.00732,      0,      0,       0,       0,       0,       0
total,                                                986679,    4984,    4984,    4984,     1.0,     0.7,     2.6,     4.8,     8.5,    12.2,  177.0,  0.00731,      0,      0,       0,       0,       0,       0
total,                                                991577,    4898,    4898,    4898,     1.0,     0.7,     2.5,     4.8,    14.9,    19.4,  178.0,  0.00731,      0,      0,       0,       0,       0,       0
total,                                                996197,    4620,    4620,    4620,     1.1,     0.7,     3.1,     7.3,    13.6,    15.6,  179.0,  0.00735,      0,      0,       0,       0,       0,       0
total,                                               1000000,    5133,    5133,    5133,     1.0,     0.7,     1.9,     4.3,    46.3,    88.3,  179.7,  0.00731,      0,      0,       0,       0,       0,       0


Results:
Op rate                   :    5,564 op/s  [t2.insert: 5,564 op/s]
Partition rate            :    5,564 pk/s  [t2.insert: 5,564 pk/s]
Row rate                  :    5,564 row/s [t2.insert: 5,564 row/s]
Latency mean              :    0.9 ms [t2.insert: 0.9 ms]
Latency median            :    0.7 ms [t2.insert: 0.7 ms]
Latency 95th percentile   :    1.9 ms [t2.insert: 1.9 ms]
Latency 99th percentile   :    3.8 ms [t2.insert: 3.8 ms]
Latency 99.9th percentile :   10.4 ms [t2.insert: 10.4 ms]
Latency max               :  801.1 ms [t2.insert: 801.1 ms]
Total partitions          :  1,000,000 [t2.insert: 1,000,000]
Total errors              :          0 [t2.insert: 0]
Total GC count            : 0
Total GC memory           : 0.000 KiB
Total GC time             :    0.0 seconds
Avg GC time               :    NaN ms
StdDev GC time            :    0.0 ms
Total operation time      : 00:02:59

END
