******************** Stress Settings ********************
Command:
  Type: user
  Count: 10,000
  No Warmup: false
  Consistency Level: LOCAL_ONE
  Target Uncertainty: not applicable
  Command Ratios: {t2.select_entity_by_id=1.0, t2.update_entity_name=1.0, t2.delete_entity_by_id=1.0}
  Command Clustering Distribution: clustering=gaussian(1..10)
  Profile File(s): t2_entities.yaml
Rate:
  Auto: false
  Thread Count: 5
  OpsPer Sec: 0
Population:
  Distribution: Gaussian:  min=1,max=10000,mean=5000.500000,stdev=1666.500000
  Order: ARBITRARY
  Wrap: false
Insert:
  Revisits: Uniform:  min=1,max=1000000
  Visits: Fixed:  key=1
  Row Population Ratio: Ratio: divisor=1.000000;delegate=Fixed:  key=1
  Batch Type: not batching
Errors:
  Ignore: false
  Tries: 10
Log:
  No Summary: false
  No Settings: false
  File: entities_10K_MIXED_5_threads.log
  Interval Millis: 1000
  Level: NORMAL
Mode:
  API: JAVA_DRIVER_NATIVE
  Connection Style: CQL_PREPARED
  CQL Version: CQL3
  Protocol Version: V5
  Username: null
  Password: null
  Auth Provide Class: null
  Max Pending Per Connection: 128
  Connections Per Host: 8
  Compression: NONE
Node:
  Nodes: [localhost]
  Is White List: false
  Datacenter: null
Schema:
  Keyspace: null
  Replication Strategy: org.apache.cassandra.locator.SimpleStrategy
  Replication Strategy Options: {replication_factor=1}
  Table Compression: null
  Table Compaction Strategy: null
  Table Compaction Strategy Options: {}
Transport:
  truststore=null; truststore-password=null; keystore=null; keystore-password=null; ssl-protocol=TLS; ssl-alg=null; ssl-ciphers=TLS_RSA_WITH_AES_128_CBC_SHA,TLS_RSA_WITH_AES_256_CBC_SHA; 
Port:
  Native Port: 9042
  JMX Port: 7199
Graph:
  File: entities_10K_threads_5_MIXED.html
  Revision: entities_MIXED
  Title: NVO_Cassandra_POC_entities_Table_10K_Records_5_Threads
  Operation: USER
TokenRange:
  Wrap: false
  Split Factor: 1

******************** Profile(s) ********************
  Keyspace Name: tagging
  Keyspace CQL: 
***
CREATE KEYSPACE tagging WITH replication = {'class': 'SimpleStrategy', 'replication_factor': 1};
***

  Table Name: entities
  Table CQL: 
***
CREATE TABLE entities (
  id uuid PRIMARY KEY,
  name text,
  type text,
  metadata text
);
***

  Extra Schema Definitions: null
  Generator Configs:
    metadata: Size: Uniform:  min=10,max=50;
    name: Size: Uniform:  min=5,max=20;Identity: Uniform:  min=1,max=1000;
    id: Size: Gaussian:  min=5,max=10,mean=7.500000,stdev=0.833333;Identity: Uniform:  min=1,max=10000000;
    type: Size: Uniform:  min=5,max=15;Identity: Uniform:  min=1,max=100;
  Query Definitions:
    select_entity_by_id: CQL:SELECT * FROM entities WHERE id = ?;Fields:samerow;
    select_all_entities: CQL:SELECT * FROM entities;Fields:null;
    update_entity_name: CQL:UPDATE entities SET name = ? WHERE id = ?;Fields:samerow;
    delete_entity_by_id: CQL:DELETE FROM entities WHERE id = ?;Fields:samerow;
  Token Range Queries:
  Insert Settings:
    partitions: fixed(1)
    select: fixed(1)/500
    batchtype: UNLOGGED
Generating batches with [1..1] partitions and [0..0] rows (of [1..1] total rows in the partitions)

Sleeping 2s...
Warming up t2.select_entity_by_id with 2500 iterations...
Warming up t2.update_entity_name with 2500 iterations...
Warming up t2.delete_entity_by_id with 2500 iterations...
Running [t2.select_entity_by_id, t2.update_entity_name, t2.delete_entity_by_id] with 5 threads for 10000 iteration
type                                               total ops,    op/s,    pk/s,   row/s,    mean,     med,     .95,     .99,    .999,     max,   time,   stderr, errors,  gc: #,  max ms,  sum ms,  sdv ms,      mb
t2.delete_entity_by_id,                                  125,     125,       0,       0,     1.9,     0.9,     4.6,    30.4,    31.5,    31.5,    1.0,  0.00000,      0,      0,       0,       0,       0,       0
t2.select_entity_by_id,                                  213,     213,     114,     114,     2.1,     1.1,     7.2,    10.1,    35.7,    35.7,    1.0,  0.00000,      0,      0,       0,       0,       0,       0
t2.update_entity_name,                                   142,     142,       0,       0,     1.8,     0.9,     5.2,    12.4,    30.5,    30.5,    1.0,  0.00000,      0,      0,       0,       0,       0,       0
total,                                                   480,     480,     114,     114,     2.0,     1.0,     5.7,    30.4,    35.7,    35.7,    1.0,  0.00000,      0,      0,       0,       0,       0,       0
t2.delete_entity_by_id,                                 1396,    1271,       0,       0,     1.3,     0.9,     3.3,     8.4,    19.2,    24.4,    2.0,  0.45744,      0,      0,       0,       0,       0,       0
t2.select_entity_by_id,                                 1303,    1090,     538,     538,     1.5,     1.0,     3.6,     8.2,    16.5,    17.4,    2.0,  0.45744,      0,      0,       0,       0,       0,       0
t2.update_entity_name,                                  1340,    1198,       0,       0,     1.4,     1.0,     3.7,     5.8,    11.4,    12.5,    2.0,  0.45744,      0,      0,       0,       0,       0,       0
total,                                                  4039,    3559,     538,     538,     1.4,     1.0,     3.6,     7.2,    16.5,    24.4,    2.0,  0.45744,      0,      0,       0,       0,       0,       0
t2.delete_entity_by_id,                                 2574,    1178,       0,       0,     1.4,     0.9,     2.8,     6.8,    40.6,    41.0,    3.0,  0.30579,      0,      0,       0,       0,       0,       0
t2.select_entity_by_id,                                 2541,    1238,     638,     638,     1.4,     1.0,     3.1,     5.8,    12.5,    40.2,    3.0,  0.30579,      0,      0,       0,       0,       0,       0
t2.update_entity_name,                                  2553,    1213,       0,       0,     1.3,     1.0,     3.1,     5.8,    11.3,    23.3,    3.0,  0.30579,      0,      0,       0,       0,       0,       0
total,                                                  7668,    3629,     638,     638,     1.4,     1.0,     3.0,     5.9,    40.1,    41.0,    3.0,  0.30579,      0,      0,       0,       0,       0,       0
t2.delete_entity_by_id,                                 3407,    1280,       0,       0,     1.3,     0.8,     3.5,     6.3,    18.1,    18.1,    3.7,  0.22262,      0,      0,       0,       0,       0,       0
t2.select_entity_by_id,                                 3287,    1147,     578,     578,     1.4,     0.9,     3.9,     6.3,    16.9,    16.9,    3.7,  0.22262,      0,      0,       0,       0,       0,       0
t2.update_entity_name,                                  3306,    1157,       0,       0,     1.4,     0.9,     4.3,     7.3,    41.1,    41.1,    3.7,  0.22262,      0,      0,       0,       0,       0,       0
total,                                                 10000,    3584,     578,     578,     1.4,     0.9,     3.9,     6.8,    16.9,    41.1,    3.7,  0.22262,      0,      0,       0,       0,       0,       0


Results:
Op rate                   :    2,739 op/s  [t2.delete_entity_by_id: 933 op/s, t2.select_entity_by_id: 900 op/s, t2.update_entity_name: 906 op/s]
Partition rate            :      456 pk/s  [t2.delete_entity_by_id: 0 pk/s, t2.select_entity_by_id: 456 pk/s, t2.update_entity_name: 0 pk/s]
Row rate                  :      456 row/s [t2.delete_entity_by_id: 0 row/s, t2.select_entity_by_id: 456 row/s, t2.update_entity_name: 0 row/s]
Latency mean              :    1.4 ms [t2.delete_entity_by_id: 1.4 ms, t2.select_entity_by_id: 1.4 ms, t2.update_entity_name: 1.4 ms]
Latency median            :    1.0 ms [t2.delete_entity_by_id: 0.9 ms, t2.select_entity_by_id: 1.0 ms, t2.update_entity_name: 1.0 ms]
Latency 95th percentile   :    3.5 ms [t2.delete_entity_by_id: 3.2 ms, t2.select_entity_by_id: 3.7 ms, t2.update_entity_name: 3.7 ms]
Latency 99th percentile   :    7.3 ms [t2.delete_entity_by_id: 7.6 ms, t2.select_entity_by_id: 7.7 ms, t2.update_entity_name: 6.7 ms]
Latency 99.9th percentile :   30.5 ms [t2.delete_entity_by_id: 40.0 ms, t2.select_entity_by_id: 17.4 ms, t2.update_entity_name: 13.1 ms]
Latency max               :   41.1 ms [t2.delete_entity_by_id: 41.0 ms, t2.select_entity_by_id: 40.2 ms, t2.update_entity_name: 41.1 ms]
Total partitions          :      1,666 [t2.delete_entity_by_id: 0, t2.select_entity_by_id: 1,666, t2.update_entity_name: 0]
Total errors              :          0 [t2.delete_entity_by_id: 0, t2.select_entity_by_id: 0, t2.update_entity_name: 0]
Total GC count            : 0
Total GC memory           : 0.000 KiB
Total GC time             :    0.0 seconds
Avg GC time               :    NaN ms
StdDev GC time            :    0.0 ms
Total operation time      : 00:00:03

END
