******************** Stress Settings ********************
Command:
  Type: user
  Count: 100,000
  No Warmup: false
  Consistency Level: LOCAL_ONE
  Target Uncertainty: not applicable
  Command Ratios: {t2.select_entity_by_id=1.0, t2.update_entity_name=1.0, t2.delete_entity_by_id=1.0}
  Command Clustering Distribution: clustering=gaussian(1..10)
  Profile File(s): t2_entities.yaml
Rate:
  Auto: false
  Thread Count: 1
  OpsPer Sec: 0
Population:
  Distribution: Gaussian:  min=1,max=100000,mean=50000.500000,stdev=16666.500000
  Order: ARBITRARY
  Wrap: false
Insert:
  Revisits: Uniform:  min=1,max=1000000
  Visits: Fixed:  key=1
  Row Population Ratio: Ratio: divisor=1.000000;delegate=Fixed:  key=1
  Batch Type: not batching
Errors:
  Ignore: false
  Tries: 10
Log:
  No Summary: false
  No Settings: false
  File: entities_100K_MIXED_1_threads.log
  Interval Millis: 1000
  Level: NORMAL
Mode:
  API: JAVA_DRIVER_NATIVE
  Connection Style: CQL_PREPARED
  CQL Version: CQL3
  Protocol Version: V5
  Username: null
  Password: null
  Auth Provide Class: null
  Max Pending Per Connection: 128
  Connections Per Host: 8
  Compression: NONE
Node:
  Nodes: [localhost]
  Is White List: false
  Datacenter: null
Schema:
  Keyspace: null
  Replication Strategy: org.apache.cassandra.locator.SimpleStrategy
  Replication Strategy Options: {replication_factor=1}
  Table Compression: null
  Table Compaction Strategy: null
  Table Compaction Strategy Options: {}
Transport:
  truststore=null; truststore-password=null; keystore=null; keystore-password=null; ssl-protocol=TLS; ssl-alg=null; ssl-ciphers=TLS_RSA_WITH_AES_128_CBC_SHA,TLS_RSA_WITH_AES_256_CBC_SHA; 
Port:
  Native Port: 9042
  JMX Port: 7199
Graph:
  File: entities_100K_threads_1_MIXED.html
  Revision: entities_MIXED
  Title: NVO_Cassandra_POC_entities_Table_100K_Records_1_Threads
  Operation: USER
TokenRange:
  Wrap: false
  Split Factor: 1

******************** Profile(s) ********************
  Keyspace Name: tagging
  Keyspace CQL: 
***
CREATE KEYSPACE tagging WITH replication = {'class': 'SimpleStrategy', 'replication_factor': 1};
***

  Table Name: entities
  Table CQL: 
***
CREATE TABLE entities (
  id uuid PRIMARY KEY,
  name text,
  type text,
  metadata text
);
***

  Extra Schema Definitions: null
  Generator Configs:
    metadata: Size: Uniform:  min=10,max=50;
    name: Size: Uniform:  min=5,max=20;Identity: Uniform:  min=1,max=1000;
    id: Size: Gaussian:  min=5,max=10,mean=7.500000,stdev=0.833333;Identity: Uniform:  min=1,max=10000000;
    type: Size: Uniform:  min=5,max=15;Identity: Uniform:  min=1,max=100;
  Query Definitions:
    select_entity_by_id: CQL:SELECT * FROM entities WHERE id = ?;Fields:samerow;
    select_all_entities: CQL:SELECT * FROM entities;Fields:null;
    update_entity_name: CQL:UPDATE entities SET name = ? WHERE id = ?;Fields:samerow;
    delete_entity_by_id: CQL:DELETE FROM entities WHERE id = ?;Fields:samerow;
  Token Range Queries:
  Insert Settings:
    partitions: fixed(1)
    select: fixed(1)/500
    batchtype: UNLOGGED
Generating batches with [1..1] partitions and [0..0] rows (of [1..1] total rows in the partitions)

Sleeping 2s...
Warming up t2.select_entity_by_id with 25000 iterations...
Warming up t2.update_entity_name with 25000 iterations...
Warming up t2.delete_entity_by_id with 25000 iterations...
Running [t2.select_entity_by_id, t2.update_entity_name, t2.delete_entity_by_id] with 1 threads for 100000 iteration
type                                               total ops,    op/s,    pk/s,   row/s,    mean,     med,     .95,     .99,    .999,     max,   time,   stderr, errors,  gc: #,  max ms,  sum ms,  sdv ms,      mb
t2.delete_entity_by_id,                                   28,      28,       0,       0,     0.6,     0.5,     1.1,     2.3,     2.3,     2.3,    1.0,  0.00000,      0,      0,       0,       0,       0,       0
t2.select_entity_by_id,                                   55,      55,      26,      26,     0.6,     0.5,     0.6,     3.2,     3.2,     3.2,    1.0,  0.00000,      0,      0,       0,       0,       0,       0
t2.update_entity_name,                                    27,      27,       0,       0,     0.7,     0.6,     1.8,     4.0,     4.0,     4.0,    1.0,  0.00000,      0,      0,       0,       0,       0,       0
total,                                                   110,     110,      26,      26,     0.6,     0.5,     1.1,     3.2,     4.0,     4.0,    1.0,  0.00000,      0,      0,       0,       0,       0,       0
t2.delete_entity_by_id,                                  639,     611,       0,       0,     0.5,     0.4,     0.6,     1.5,     7.6,     7.6,    2.0,  0.61217,      0,      0,       0,       0,       0,       0
t2.select_entity_by_id,                                  720,     665,     360,     360,     0.5,     0.5,     0.7,     2.2,     7.4,     7.4,    2.0,  0.61217,      0,      0,       0,       0,       0,       0
t2.update_entity_name,                                   748,     721,       0,       0,     0.5,     0.4,     0.6,     1.5,     7.5,     7.5,    2.0,  0.61217,      0,      0,       0,       0,       0,       0
total,                                                  2107,    1997,     360,     360,     0.5,     0.4,     0.6,     1.8,     7.5,     7.6,    2.0,  0.61217,      0,      0,       0,       0,       0,       0
t2.delete_entity_by_id,                                 1442,     803,       0,       0,     0.4,     0.4,     0.5,     1.4,     5.3,     5.3,    3.0,  0.36978,      0,      0,       0,       0,       0,       0
t2.select_entity_by_id,                                 1516,     796,     402,     402,     0.5,     0.4,     0.6,     1.4,     4.3,     4.3,    3.0,  0.36978,      0,      0,       0,       0,       0,       0
t2.update_entity_name,                                  1428,     680,       0,       0,     0.4,     0.4,     0.6,     1.2,     3.0,     3.0,    3.0,  0.36978,      0,      0,       0,       0,       0,       0
total,                                                  4386,    2279,     402,     402,     0.4,     0.4,     0.6,     1.4,     3.8,     5.3,    3.0,  0.36978,      0,      0,       0,       0,       0,       0
t2.delete_entity_by_id,                                 2178,     736,       0,       0,     0.4,     0.4,     0.5,     1.1,     4.1,     4.1,    4.0,  0.26414,      0,      0,       0,       0,       0,       0
t2.select_entity_by_id,                                 2241,     725,     374,     374,     0.5,     0.4,     0.6,     1.5,     8.7,     8.7,    4.0,  0.26414,      0,      0,       0,       0,       0,       0
t2.update_entity_name,                                  2184,     756,       0,       0,     0.5,     0.4,     0.7,     1.7,    10.1,    10.1,    4.0,  0.26414,      0,      0,       0,       0,       0,       0
total,                                                  6603,    2217,     374,     374,     0.4,     0.4,     0.6,     1.4,     8.7,    10.1,    4.0,  0.26414,      0,      0,       0,       0,       0,       0
t2.delete_entity_by_id,                                 2946,     768,       0,       0,     0.4,     0.4,     0.6,     1.2,     6.3,     6.3,    5.0,  0.20604,      0,      0,       0,       0,       0,       0
t2.select_entity_by_id,                                 2936,     695,     348,     348,     0.4,     0.4,     0.7,     1.3,     2.8,     2.8,    5.0,  0.20604,      0,      0,       0,       0,       0,       0
t2.update_entity_name,                                  2907,     723,       0,       0,     0.5,     0.4,     0.6,     2.9,    12.5,    12.5,    5.0,  0.20604,      0,      0,       0,       0,       0,       0
total,                                                  8789,    2186,     348,     348,     0.5,     0.4,     0.6,     1.5,     9.5,    12.5,    5.0,  0.20604,      0,      0,       0,       0,       0,       0
t2.delete_entity_by_id,                                 3681,     735,       0,       0,     0.4,     0.4,     0.7,     1.3,     4.9,     4.9,    6.0,  0.16895,      0,      0,       0,       0,       0,       0
t2.select_entity_by_id,                                 3591,     655,     349,     349,     0.5,     0.4,     0.7,     1.0,     1.7,     1.7,    6.0,  0.16895,      0,      0,       0,       0,       0,       0
t2.update_entity_name,                                  3667,     760,       0,       0,     0.5,     0.4,     0.7,     1.3,     7.9,     7.9,    6.0,  0.16895,      0,      0,       0,       0,       0,       0
total,                                                 10939,    2150,     349,     349,     0.5,     0.4,     0.7,     1.3,     4.9,     7.9,    6.0,  0.16895,      0,      0,       0,       0,       0,       0
t2.delete_entity_by_id,                                 4280,     599,       0,       0,     0.5,     0.4,     0.6,     5.2,     8.3,     8.3,    7.0,  0.14456,      0,      0,       0,       0,       0,       0
t2.select_entity_by_id,                                 4190,     599,     313,     313,     0.7,     0.4,     2.1,     5.4,    10.8,    10.8,    7.0,  0.14456,      0,      0,       0,       0,       0,       0
t2.update_entity_name,                                  4183,     516,       0,       0,     0.6,     0.4,     1.2,     4.3,     6.2,     6.2,    7.0,  0.14456,      0,      0,       0,       0,       0,       0
total,                                                 12653,    1714,     313,     313,     0.6,     0.4,     1.2,     5.0,     8.6,    10.8,    7.0,  0.14456,      0,      0,       0,       0,       0,       0
t2.delete_entity_by_id,                                 4915,     635,       0,       0,     0.5,     0.4,     0.7,     1.3,     7.3,     7.3,    8.0,  0.12644,      0,      0,       0,       0,       0,       0
t2.select_entity_by_id,                                 4816,     626,     309,     309,     0.6,     0.5,     0.7,     1.5,    16.3,    16.3,    8.0,  0.12644,      0,      0,       0,       0,       0,       0
t2.update_entity_name,                                  4836,     653,       0,       0,     0.5,     0.5,     0.8,     1.6,     4.1,     4.1,    8.0,  0.12644,      0,      0,       0,       0,       0,       0
total,                                                 14567,    1914,     309,     309,     0.5,     0.5,     0.7,     1.5,     7.4,    16.3,    8.0,  0.12644,      0,      0,       0,       0,       0,       0
t2.delete_entity_by_id,                                 5504,     589,       0,       0,     0.5,     0.4,     1.0,     2.6,     6.3,     6.3,    9.0,  0.11160,      0,      0,       0,       0,       0,       0
t2.select_entity_by_id,                                 5489,     673,     346,     346,     0.5,     0.5,     0.8,     2.8,     8.4,     8.4,    9.0,  0.11160,      0,      0,       0,       0,       0,       0
t2.update_entity_name,                                  5483,     647,       0,       0,     0.5,     0.4,     0.7,     1.7,    14.7,    14.7,    9.0,  0.11160,      0,      0,       0,       0,       0,       0
total,                                                 16476,    1909,     346,     346,     0.5,     0.4,     0.8,     2.4,     8.4,    14.7,    9.0,  0.11160,      0,      0,       0,       0,       0,       0
t2.delete_entity_by_id,                                 6170,     666,       0,       0,     0.4,     0.4,     0.6,     1.5,     4.3,     4.3,   10.0,  0.09990,      0,      0,       0,       0,       0,       0
t2.select_entity_by_id,                                 6133,     644,     346,     346,     0.5,     0.4,     0.7,     2.7,     8.5,     8.5,   10.0,  0.09990,      0,      0,       0,       0,       0,       0
t2.update_entity_name,                                  6125,     642,       0,       0,     0.6,     0.4,     0.7,     3.4,    34.4,    34.4,   10.0,  0.09990,      0,      0,       0,       0,       0,       0
total,                                                 18428,    1952,     346,     346,     0.5,     0.4,     0.7,     2.2,    15.1,    34.4,   10.0,  0.09990,      0,      0,       0,       0,       0,       0
t2.delete_entity_by_id,                                 6715,     545,       0,       0,     0.6,     0.4,     0.9,     3.3,     9.2,     9.2,   11.0,  0.09411,      0,      0,       0,       0,       0,       0
t2.select_entity_by_id,                                 6638,     505,     255,     255,     0.7,     0.5,     2.6,     4.5,     9.6,     9.6,   11.0,  0.09411,      0,      0,       0,       0,       0,       0
t2.update_entity_name,                                  6588,     463,       0,       0,     0.7,     0.5,     1.6,     4.7,    11.2,    11.2,   11.0,  0.09411,      0,      0,       0,       0,       0,       0
total,                                                 19941,    1513,     255,     255,     0.7,     0.5,     1.4,     4.3,     9.6,    11.2,   11.0,  0.09411,      0,      0,       0,       0,       0,       0
t2.delete_entity_by_id,                                 7247,     532,       0,       0,     0.6,     0.5,     0.9,     3.2,     9.9,     9.9,   12.0,  0.08602,      0,      0,       0,       0,       0,       0
t2.select_entity_by_id,                                 7233,     595,     319,     319,     0.6,     0.5,     0.9,     3.0,    14.1,    14.1,   12.0,  0.08602,      0,      0,       0,       0,       0,       0
t2.update_entity_name,                                  7180,     592,       0,       0,     0.6,     0.5,     0.8,     2.1,    33.2,    33.2,   12.0,  0.08602,      0,      0,       0,       0,       0,       0
total,                                                 21660,    1719,     319,     319,     0.6,     0.5,     0.8,     2.5,    14.1,    33.2,   12.0,  0.08602,      0,      0,       0,       0,       0,       0
t2.delete_entity_by_id,                                 7853,     606,       0,       0,     0.6,     0.4,     0.6,     1.7,    89.1,    89.1,   13.0,  0.07942,      0,      0,       0,       0,       0,       0
t2.select_entity_by_id,                                 7912,     679,     341,     341,     0.5,     0.4,     0.7,     1.2,    10.9,    10.9,   13.0,  0.07942,      0,      0,       0,       0,       0,       0
t2.update_entity_name,                                  7753,     573,       0,       0,     0.6,     0.4,     0.7,     1.4,    56.1,    56.1,   13.0,  0.07942,      0,      0,       0,       0,       0,       0
total,                                                 23518,    1858,     341,     341,     0.5,     0.4,     0.6,     1.5,    56.1,    89.1,   13.0,  0.07942,      0,      0,       0,       0,       0,       0
t2.delete_entity_by_id,                                 8466,     613,       0,       0,     0.4,     0.4,     0.5,     1.4,     6.1,     6.1,   14.0,  0.07403,      0,      0,       0,       0,       0,       0
t2.select_entity_by_id,                                 8643,     731,     383,     383,     0.5,     0.4,     0.7,     2.2,    13.5,    13.5,   14.0,  0.07403,      0,      0,       0,       0,       0,       0
t2.update_entity_name,                                  8461,     708,       0,       0,     0.5,     0.4,     0.7,     1.7,     9.4,     9.4,   14.0,  0.07403,      0,      0,       0,       0,       0,       0
total,                                                 25570,    2052,     383,     383,     0.5,     0.4,     0.6,     1.8,     8.4,    13.5,   14.0,  0.07403,      0,      0,       0,       0,       0,       0
t2.delete_entity_by_id,                                 9167,     701,       0,       0,     0.5,     0.4,     0.6,     3.2,     5.2,     5.2,   15.0,  0.06907,      0,      0,       0,       0,       0,       0
t2.select_entity_by_id,                                 9289,     646,     325,     325,     0.5,     0.4,     0.6,     1.7,     5.5,     5.5,   15.0,  0.06907,      0,      0,       0,       0,       0,       0
t2.update_entity_name,                                  9165,     704,       0,       0,     0.5,     0.4,     0.7,     1.6,     7.7,     7.7,   15.0,  0.06907,      0,      0,       0,       0,       0,       0
total,                                                 27621,    2051,     325,     325,     0.5,     0.4,     0.6,     2.6,     6.2,     7.7,   15.0,  0.06907,      0,      0,       0,       0,       0,       0
t2.delete_entity_by_id,                                 9820,     653,       0,       0,     0.4,     0.4,     0.5,     1.4,     4.7,     4.7,   16.0,  0.06547,      0,      0,       0,       0,       0,       0
t2.select_entity_by_id,                                10064,     775,     405,     405,     0.5,     0.4,     0.6,     1.3,     1.9,     1.9,   16.0,  0.06547,      0,      0,       0,       0,       0,       0
t2.update_entity_name,                                  9973,     808,       0,       0,     0.5,     0.4,     0.6,     1.3,     6.0,     6.0,   16.0,  0.06547,      0,      0,       0,       0,       0,       0
total,                                                 29857,    2236,     405,     405,     0.4,     0.4,     0.6,     1.3,     4.4,     6.0,   16.0,  0.06547,      0,      0,       0,       0,       0,       0
t2.delete_entity_by_id,                                10427,     607,       0,       0,     0.5,     0.4,     0.7,     1.4,    19.8,    19.8,   17.0,  0.06176,      0,      0,       0,       0,       0,       0
t2.select_entity_by_id,                                10748,     684,     380,     380,     0.5,     0.5,     0.7,     2.5,     4.5,     4.5,   17.0,  0.06176,      0,      0,       0,       0,       0,       0
t2.update_entity_name,                                 10612,     639,       0,       0,     0.5,     0.5,     0.7,     1.6,     9.6,     9.6,   17.0,  0.06176,      0,      0,       0,       0,       0,       0
total,                                                 31787,    1930,     380,     380,     0.5,     0.5,     0.7,     1.6,     9.6,    19.8,   17.0,  0.06176,      0,      0,       0,       0,       0,       0
t2.delete_entity_by_id,                                11168,     741,       0,       0,     0.5,     0.4,     0.6,     1.7,    13.7,    13.7,   18.0,  0.05825,      0,      0,       0,       0,       0,       0
t2.select_entity_by_id,                                11445,     697,     341,     341,     0.5,     0.4,     0.7,     1.5,     4.3,     4.3,   18.0,  0.05825,      0,      0,       0,       0,       0,       0
t2.update_entity_name,                                 11272,     660,       0,       0,     0.5,     0.4,     0.7,     2.0,     7.3,     7.3,   18.0,  0.05825,      0,      0,       0,       0,       0,       0
total,                                                 33885,    2098,     341,     341,     0.5,     0.4,     0.7,     1.8,     6.9,    13.7,   18.0,  0.05825,      0,      0,       0,       0,       0,       0
t2.delete_entity_by_id,                                11787,     619,       0,       0,     0.5,     0.4,     0.9,     2.8,     8.9,     8.9,   19.0,  0.05549,      0,      0,       0,       0,       0,       0
t2.select_entity_by_id,                                12043,     598,     309,     309,     0.6,     0.5,     0.9,     2.8,     7.5,     7.5,   19.0,  0.05549,      0,      0,       0,       0,       0,       0
t2.update_entity_name,                                 11844,     572,       0,       0,     0.6,     0.5,     0.9,     2.8,    11.0,    11.0,   19.0,  0.05549,      0,      0,       0,       0,       0,       0
total,                                                 35674,    1789,     309,     309,     0.6,     0.5,     0.9,     2.8,     8.9,    11.0,   19.0,  0.05549,      0,      0,       0,       0,       0,       0
t2.delete_entity_by_id,                                12304,     517,       0,       0,     0.6,     0.5,     1.4,     5.4,    12.0,    12.0,   20.0,  0.05293,      0,      0,       0,       0,       0,       0
t2.select_entity_by_id,                                12644,     601,     312,     312,     0.6,     0.5,     1.0,     2.3,    10.8,    10.8,   20.0,  0.05293,      0,      0,       0,       0,       0,       0
t2.update_entity_name,                                 12423,     579,       0,       0,     0.6,     0.5,     0.8,     2.9,     4.8,     4.8,   20.0,  0.05293,      0,      0,       0,       0,       0,       0
total,                                                 37371,    1697,     312,     312,     0.6,     0.5,     1.1,     2.9,    10.8,    12.0,   20.0,  0.05293,      0,      0,       0,       0,       0,       0
t2.delete_entity_by_id,                                12975,     671,       0,       0,     0.5,     0.4,     0.6,     1.2,     4.7,     4.7,   21.0,  0.05073,      0,      0,       0,       0,       0,       0
t2.select_entity_by_id,                                13289,     645,     303,     303,     0.5,     0.5,     0.7,     1.3,     2.8,     2.8,   21.0,  0.05073,      0,      0,       0,       0,       0,       0
t2.update_entity_name,                                 13147,     724,       0,       0,     0.5,     0.5,     0.7,     1.3,    12.2,    12.2,   21.0,  0.05073,      0,      0,       0,       0,       0,       0
total,                                                 39411,    2040,     303,     303,     0.5,     0.4,     0.6,     1.3,     4.7,    12.2,   21.0,  0.05073,      0,      0,       0,       0,       0,       0
t2.delete_entity_by_id,                                13677,     702,       0,       0,     0.5,     0.4,     0.6,     2.1,     8.8,     8.8,   22.0,  0.04854,      0,      0,       0,       0,       0,       0
t2.select_entity_by_id,                                13977,     688,     375,     375,     0.5,     0.4,     0.7,     2.8,    13.7,    13.7,   22.0,  0.04854,      0,      0,       0,       0,       0,       0
t2.update_entity_name,                                 13765,     618,       0,       0,     0.5,     0.4,     0.6,     2.1,     9.4,     9.4,   22.0,  0.04854,      0,      0,       0,       0,       0,       0
total,                                                 41419,    2008,     375,     375,     0.5,     0.4,     0.6,     2.4,     8.8,    13.7,   22.0,  0.04854,      0,      0,       0,       0,       0,       0
t2.delete_entity_by_id,                                14389,     712,       0,       0,     0.4,     0.4,     0.6,     1.3,     6.6,     6.6,   23.0,  0.04675,      0,      0,       0,       0,       0,       0
t2.select_entity_by_id,                                14717,     740,     392,     392,     0.5,     0.4,     0.7,     1.5,     3.4,     3.4,   23.0,  0.04675,      0,      0,       0,       0,       0,       0
t2.update_entity_name,                                 14511,     746,       0,       0,     0.5,     0.4,     0.6,     1.7,    16.4,    16.4,   23.0,  0.04675,      0,      0,       0,       0,       0,       0
total,                                                 43617,    2198,     392,     392,     0.5,     0.4,     0.6,     1.4,     3.4,    16.4,   23.0,  0.04675,      0,      0,       0,       0,       0,       0
t2.delete_entity_by_id,                                14960,     571,       0,       0,     0.5,     0.4,     0.9,     2.5,    12.2,    12.2,   24.0,  0.04482,      0,      0,       0,       0,       0,       0
t2.select_entity_by_id,                                15375,     658,     330,     330,     0.6,     0.4,     1.1,     4.1,    14.0,    14.0,   24.0,  0.04482,      0,      0,       0,       0,       0,       0
t2.update_entity_name,                                 15108,     597,       0,       0,     0.6,     0.4,     1.3,     4.0,    11.3,    11.3,   24.0,  0.04482,      0,      0,       0,       0,       0,       0
total,                                                 45443,    1826,     330,     330,     0.5,     0.4,     1.1,     3.8,    12.2,    14.0,   24.0,  0.04482,      0,      0,       0,       0,       0,       0
t2.delete_entity_by_id,                                15601,     641,       0,       0,     0.5,     0.4,     0.7,     2.3,     7.9,     7.9,   25.0,  0.04304,      0,      0,       0,       0,       0,       0
t2.select_entity_by_id,                                16076,     701,     368,     368,     0.5,     0.4,     0.8,     2.6,    11.3,    11.3,   25.0,  0.04304,      0,      0,       0,       0,       0,       0
t2.update_entity_name,                                 15708,     600,       0,       0,     0.5,     0.4,     0.9,     2.4,     7.3,     7.3,   25.0,  0.04304,      0,      0,       0,       0,       0,       0
total,                                                 47385,    1942,     368,     368,     0.5,     0.4,     0.8,     2.4,     7.9,    11.3,   25.0,  0.04304,      0,      0,       0,       0,       0,       0
t2.delete_entity_by_id,                                16385,     784,       0,       0,     0.4,     0.4,     0.5,     1.4,     5.1,     5.1,   26.0,  0.04135,      0,      0,       0,       0,       0,       0
t2.select_entity_by_id,                                16792,     716,     346,     346,     0.5,     0.4,     0.6,     1.6,     6.0,     6.0,   26.0,  0.04135,      0,      0,       0,       0,       0,       0
t2.update_entity_name,                                 16362,     654,       0,       0,     0.5,     0.4,     0.7,     1.5,    11.2,    11.2,   26.0,  0.04135,      0,      0,       0,       0,       0,       0
total,                                                 49539,    2154,     346,     346,     0.5,     0.4,     0.6,     1.5,     5.9,    11.2,   26.0,  0.04135,      0,      0,       0,       0,       0,       0
t2.delete_entity_by_id,                                17072,     687,       0,       0,     0.5,     0.4,     0.7,     2.0,     5.4,     5.4,   27.0,  0.03981,      0,      0,       0,       0,       0,       0
t2.select_entity_by_id,                                17457,     665,     336,     336,     0.5,     0.5,     0.8,     2.6,     9.7,     9.7,   27.0,  0.03981,      0,      0,       0,       0,       0,       0
t2.update_entity_name,                                 16966,     604,       0,       0,     0.5,     0.4,     0.7,     2.2,    15.4,    15.4,   27.0,  0.03981,      0,      0,       0,       0,       0,       0
total,                                                 51495,    1956,     336,     336,     0.5,     0.4,     0.8,     2.2,     9.7,    15.4,   27.0,  0.03981,      0,      0,       0,       0,       0,       0
t2.delete_entity_by_id,                                17716,     644,       0,       0,     0.5,     0.4,     0.6,     2.2,     3.4,     3.4,   28.0,  0.03837,      0,      0,       0,       0,       0,       0
t2.select_entity_by_id,                                18172,     715,     358,     358,     0.5,     0.5,     0.9,     1.9,     5.1,     5.1,   28.0,  0.03837,      0,      0,       0,       0,       0,       0
t2.update_entity_name,                                 17617,     651,       0,       0,     0.5,     0.4,     0.6,     1.5,    10.2,    10.2,   28.0,  0.03837,      0,      0,       0,       0,       0,       0
total,                                                 53505,    2010,     358,     358,     0.5,     0.4,     0.7,     1.9,     4.7,    10.2,   28.0,  0.03837,      0,      0,       0,       0,       0,       0
t2.delete_entity_by_id,                                18358,     642,       0,       0,     0.5,     0.5,     0.7,     2.3,    12.9,    12.9,   29.0,  0.03702,      0,      0,       0,       0,       0,       0
t2.select_entity_by_id,                                18834,     662,     344,     344,     0.6,     0.5,     0.9,     1.9,     5.3,     5.3,   29.0,  0.03702,      0,      0,       0,       0,       0,       0
t2.update_entity_name,                                 18121,     504,       0,       0,     0.5,     0.5,     0.7,     1.7,     3.7,     3.7,   29.0,  0.03702,      0,      0,       0,       0,       0,       0
total,                                                 55313,    1808,     344,     344,     0.5,     0.5,     0.8,     1.8,     7.0,    12.9,   29.0,  0.03702,      0,      0,       0,       0,       0,       0
t2.delete_entity_by_id,                                19170,     812,       0,       0,     0.4,     0.4,     0.5,     0.9,    12.2,    12.2,   30.0,  0.03588,      0,      0,       0,       0,       0,       0
t2.select_entity_by_id,                                19581,     747,     379,     379,     0.4,     0.4,     0.6,     1.5,     5.4,     5.4,   30.0,  0.03588,      0,      0,       0,       0,       0,       0
t2.update_entity_name,                                 18972,     851,       0,       0,     0.4,     0.4,     0.5,     1.2,     2.7,     2.7,   30.0,  0.03588,      0,      0,       0,       0,       0,       0
total,                                                 57723,    2410,     379,     379,     0.4,     0.4,     0.5,     1.3,     3.5,    12.2,   30.0,  0.03588,      0,      0,       0,       0,       0,       0
t2.delete_entity_by_id,                                19957,     787,       0,       0,     0.4,     0.4,     0.6,     1.5,    10.3,    10.3,   31.0,  0.03479,      0,      0,       0,       0,       0,       0
t2.select_entity_by_id,                                20243,     662,     325,     325,     0.5,     0.4,     0.6,     1.7,     9.8,     9.8,   31.0,  0.03479,      0,      0,       0,       0,       0,       0
t2.update_entity_name,                                 19697,     725,       0,       0,     0.5,     0.4,     0.7,     1.6,     6.0,     6.0,   31.0,  0.03479,      0,      0,       0,       0,       0,       0
total,                                                 59897,    2174,     325,     325,     0.5,     0.4,     0.6,     1.6,     6.0,    10.3,   31.0,  0.03479,      0,      0,       0,       0,       0,       0
t2.delete_entity_by_id,                                20684,     727,       0,       0,     0.5,     0.4,     0.6,     2.4,     6.1,     6.1,   32.0,  0.03376,      0,      0,       0,       0,       0,       0
t2.select_entity_by_id,                                20972,     729,     376,     376,     0.5,     0.4,     0.7,     2.5,     5.1,     5.1,   32.0,  0.03376,      0,      0,       0,       0,       0,       0
t2.update_entity_name,                                 20351,     654,       0,       0,     0.5,     0.4,     0.6,     1.4,     7.4,     7.4,   32.0,  0.03376,      0,      0,       0,       0,       0,       0
total,                                                 62007,    2110,     376,     376,     0.5,     0.4,     0.6,     2.3,     6.0,     7.4,   32.0,  0.03376,      0,      0,       0,       0,       0,       0
t2.delete_entity_by_id,                                21457,     773,       0,       0,     0.4,     0.4,     0.5,     1.2,     2.2,     2.2,   33.0,  0.03273,      0,      0,       0,       0,       0,       0
t2.select_entity_by_id,                                21704,     732,     364,     364,     0.5,     0.4,     0.7,     1.3,     4.7,     4.7,   33.0,  0.03273,      0,      0,       0,       0,       0,       0
t2.update_entity_name,                                 21143,     792,       0,       0,     0.4,     0.4,     0.6,     1.3,     4.4,     4.4,   33.0,  0.03273,      0,      0,       0,       0,       0,       0
total,                                                 64304,    2297,     364,     364,     0.4,     0.4,     0.6,     1.3,     4.2,     4.7,   33.0,  0.03273,      0,      0,       0,       0,       0,       0
t2.delete_entity_by_id,                                21948,     491,       0,       0,     0.5,     0.4,     0.9,     2.7,     8.9,     8.9,   34.0,  0.03190,      0,      0,       0,       0,       0,       0
t2.select_entity_by_id,                                22338,     634,     315,     315,     0.6,     0.5,     1.1,     3.3,     8.6,     8.6,   34.0,  0.03190,      0,      0,       0,       0,       0,       0
t2.update_entity_name,                                 21743,     600,       0,       0,     0.6,     0.5,     0.9,     2.1,    11.9,    11.9,   34.0,  0.03190,      0,      0,       0,       0,       0,       0
total,                                                 66029,    1725,     315,     315,     0.6,     0.5,     0.9,     2.9,     8.9,    11.9,   34.0,  0.03190,      0,      0,       0,       0,       0,       0
t2.delete_entity_by_id,                                22599,     651,       0,       0,     0.5,     0.4,     0.8,     2.4,     6.5,     6.5,   35.0,  0.03120,      0,      0,       0,       0,       0,       0
t2.select_entity_by_id,                                22985,     647,     305,     305,     0.6,     0.5,     0.9,     3.9,    11.2,    11.2,   35.0,  0.03120,      0,      0,       0,       0,       0,       0
t2.update_entity_name,                                 22344,     601,       0,       0,     0.5,     0.4,     0.7,     1.2,     2.6,     2.6,   35.0,  0.03120,      0,      0,       0,       0,       0,       0
total,                                                 67928,    1899,     305,     305,     0.5,     0.4,     0.8,     2.5,     6.5,    11.2,   35.0,  0.03120,      0,      0,       0,       0,       0,       0
t2.delete_entity_by_id,                                23361,     762,       0,       0,     0.4,     0.4,     0.5,     1.5,     7.0,     7.0,   36.0,  0.03045,      0,      0,       0,       0,       0,       0
t2.select_entity_by_id,                                23766,     781,     384,     384,     0.4,     0.4,     0.6,     1.2,     4.1,     4.1,   36.0,  0.03045,      0,      0,       0,       0,       0,       0
t2.update_entity_name,                                 23119,     775,       0,       0,     0.4,     0.4,     0.6,     1.8,    11.5,    11.5,   36.0,  0.03045,      0,      0,       0,       0,       0,       0
total,                                                 70246,    2318,     384,     384,     0.4,     0.4,     0.6,     1.4,     5.0,    11.5,   36.0,  0.03045,      0,      0,       0,       0,       0,       0
t2.delete_entity_by_id,                                24091,     730,       0,       0,     0.5,     0.4,     0.8,     3.4,    11.5,    11.5,   37.0,  0.03001,      0,      0,       0,       0,       0,       0
t2.select_entity_by_id,                                24345,     579,     288,     288,     0.5,     0.4,     1.0,     3.1,    10.0,    10.0,   37.0,  0.03001,      0,      0,       0,       0,       0,       0
t2.update_entity_name,                                 23713,     594,       0,       0,     0.5,     0.4,     0.8,     3.1,     4.2,     4.2,   37.0,  0.03001,      0,      0,       0,       0,       0,       0
total,                                                 72149,    1903,     288,     288,     0.5,     0.4,     0.8,     3.1,    10.0,    11.5,   37.0,  0.03001,      0,      0,       0,       0,       0,       0
t2.delete_entity_by_id,                                24909,     818,       0,       0,     0.4,     0.4,     0.5,     1.2,     1.8,     1.8,   38.0,  0.02937,      0,      0,       0,       0,       0,       0
t2.select_entity_by_id,                                25112,     767,     388,     388,     0.4,     0.4,     0.6,     1.7,     4.5,     4.5,   38.0,  0.02937,      0,      0,       0,       0,       0,       0
t2.update_entity_name,                                 24493,     780,       0,       0,     0.4,     0.4,     0.5,     1.1,    12.5,    12.5,   38.0,  0.02937,      0,      0,       0,       0,       0,       0
total,                                                 74514,    2365,     388,     388,     0.4,     0.4,     0.5,     1.2,     3.9,    12.5,   38.0,  0.02937,      0,      0,       0,       0,       0,       0
t2.delete_entity_by_id,                                25495,     586,       0,       0,     0.5,     0.4,     0.6,     1.9,    10.2,    10.2,   39.0,  0.02879,      0,      0,       0,       0,       0,       0
t2.select_entity_by_id,                                25713,     601,     307,     307,     0.5,     0.5,     0.7,     1.7,     3.9,     3.9,   39.0,  0.02879,      0,      0,       0,       0,       0,       0
t2.update_entity_name,                                 25212,     719,       0,       0,     0.5,     0.5,     0.8,     3.0,     9.5,     9.5,   39.0,  0.02879,      0,      0,       0,       0,       0,       0
total,                                                 76420,    1906,     307,     307,     0.5,     0.4,     0.7,     2.3,     9.5,    10.2,   39.0,  0.02879,      0,      0,       0,       0,       0,       0
t2.delete_entity_by_id,                                26269,     774,       0,       0,     0.4,     0.4,     0.5,     1.5,    10.6,    10.6,   40.0,  0.02807,      0,      0,       0,       0,       0,       0
t2.select_entity_by_id,                                26388,     675,     332,     332,     0.5,     0.4,     0.7,     1.4,     4.2,     4.2,   40.0,  0.02807,      0,      0,       0,       0,       0,       0
t2.update_entity_name,                                 25901,     689,       0,       0,     0.5,     0.4,     0.6,     1.5,    24.1,    24.1,   40.0,  0.02807,      0,      0,       0,       0,       0,       0
total,                                                 78558,    2138,     332,     332,     0.5,     0.4,     0.6,     1.4,     5.3,    24.1,   40.0,  0.02807,      0,      0,       0,       0,       0,       0
t2.delete_entity_by_id,                                27008,     739,       0,       0,     0.4,     0.4,     0.5,     1.1,     5.8,     5.8,   41.0,  0.02761,      0,      0,       0,       0,       0,       0
t2.select_entity_by_id,                                27169,     781,     400,     400,     0.5,     0.4,     0.6,     1.5,     3.5,     3.5,   41.0,  0.02761,      0,      0,       0,       0,       0,       0
t2.update_entity_name,                                 26645,     744,       0,       0,     0.4,     0.4,     0.6,     1.4,     7.1,     7.1,   41.0,  0.02761,      0,      0,       0,       0,       0,       0
total,                                                 80822,    2264,     400,     400,     0.4,     0.4,     0.6,     1.4,     5.0,     7.1,   41.0,  0.02761,      0,      0,       0,       0,       0,       0
t2.delete_entity_by_id,                                27615,     607,       0,       0,     0.5,     0.4,     0.7,     1.4,     2.6,     2.6,   42.0,  0.02694,      0,      0,       0,       0,       0,       0
t2.select_entity_by_id,                                27885,     716,     342,     342,     0.5,     0.5,     0.7,     2.2,    12.4,    12.4,   42.0,  0.02694,      0,      0,       0,       0,       0,       0
t2.update_entity_name,                                 27320,     675,       0,       0,     0.5,     0.4,     0.7,     1.4,     5.3,     5.3,   42.0,  0.02694,      0,      0,       0,       0,       0,       0
total,                                                 82820,    1998,     342,     342,     0.5,     0.4,     0.7,     1.9,     5.6,    12.4,   42.0,  0.02694,      0,      0,       0,       0,       0,       0
t2.delete_entity_by_id,                                28321,     706,       0,       0,     0.5,     0.4,     0.6,     1.3,     3.6,     3.6,   43.0,  0.02639,      0,      0,       0,       0,       0,       0
t2.select_entity_by_id,                                28511,     626,     318,     318,     0.5,     0.5,     0.6,     1.7,    13.8,    13.8,   43.0,  0.02639,      0,      0,       0,       0,       0,       0
t2.update_entity_name,                                 28034,     714,       0,       0,     0.5,     0.4,     0.6,     1.5,     8.2,     8.2,   43.0,  0.02639,      0,      0,       0,       0,       0,       0
total,                                                 84866,    2046,     318,     318,     0.5,     0.4,     0.6,     1.5,     3.6,    13.8,   43.0,  0.02639,      0,      0,       0,       0,       0,       0
t2.delete_entity_by_id,                                28974,     653,       0,       0,     0.5,     0.4,     0.6,     1.3,     5.9,     5.9,   44.0,  0.02580,      0,      0,       0,       0,       0,       0
t2.select_entity_by_id,                                29242,     731,     363,     363,     0.5,     0.4,     0.7,     1.9,     5.5,     5.5,   44.0,  0.02580,      0,      0,       0,       0,       0,       0
t2.update_entity_name,                                 28686,     652,       0,       0,     0.5,     0.4,     0.8,     2.2,     8.0,     8.0,   44.0,  0.02580,      0,      0,       0,       0,       0,       0
total,                                                 86902,    2036,     363,     363,     0.5,     0.4,     0.7,     1.8,     5.9,     8.0,   44.0,  0.02580,      0,      0,       0,       0,       0,       0
t2.delete_entity_by_id,                                29672,     698,       0,       0,     0.4,     0.4,     0.6,     1.7,     7.4,     7.4,   45.0,  0.02522,      0,      0,       0,       0,       0,       0
t2.select_entity_by_id,                                29988,     746,     358,     358,     0.4,     0.4,     0.6,     1.4,     3.1,     3.1,   45.0,  0.02522,      0,      0,       0,       0,       0,       0
t2.update_entity_name,                                 29458,     772,       0,       0,     0.5,     0.4,     0.6,     1.9,     9.5,     9.5,   45.0,  0.02522,      0,      0,       0,       0,       0,       0
total,                                                 89118,    2216,     358,     358,     0.4,     0.4,     0.6,     1.5,     6.5,     9.5,   45.0,  0.02522,      0,      0,       0,       0,       0,       0
t2.delete_entity_by_id,                                30420,     748,       0,       0,     0.4,     0.4,     0.6,     1.4,     3.7,     3.7,   46.0,  0.02484,      0,      0,       0,       0,       0,       0
t2.select_entity_by_id,                                30776,     788,     397,     397,     0.5,     0.4,     0.6,     1.6,     8.7,     8.7,   46.0,  0.02484,      0,      0,       0,       0,       0,       0
t2.update_entity_name,                                 30162,     704,       0,       0,     0.5,     0.4,     0.6,     2.6,    10.7,    10.7,   46.0,  0.02484,      0,      0,       0,       0,       0,       0
total,                                                 91358,    2240,     397,     397,     0.4,     0.4,     0.6,     1.5,    10.0,    10.7,   46.0,  0.02484,      0,      0,       0,       0,       0,       0
t2.delete_entity_by_id,                                31087,     667,       0,       0,     0.5,     0.4,     0.7,     1.8,     8.5,     8.5,   47.0,  0.02433,      0,      0,       0,       0,       0,       0
t2.select_entity_by_id,                                31462,     686,     367,     367,     0.5,     0.4,     0.8,     1.6,     9.7,     9.7,   47.0,  0.02433,      0,      0,       0,       0,       0,       0
t2.update_entity_name,                                 30836,     674,       0,       0,     0.5,     0.4,     0.7,     1.4,     4.6,     4.6,   47.0,  0.02433,      0,      0,       0,       0,       0,       0
total,                                                 93385,    2027,     367,     367,     0.5,     0.4,     0.7,     1.6,     7.8,     9.7,   47.0,  0.02433,      0,      0,       0,       0,       0,       0
t2.delete_entity_by_id,                                31821,     734,       0,       0,     0.4,     0.4,     0.5,     1.4,    11.0,    11.0,   48.0,  0.02387,      0,      0,       0,       0,       0,       0
t2.select_entity_by_id,                                32197,     735,     379,     379,     0.5,     0.4,     0.8,     2.2,     8.6,     8.6,   48.0,  0.02387,      0,      0,       0,       0,       0,       0
t2.update_entity_name,                                 31540,     704,       0,       0,     0.4,     0.4,     0.6,     1.2,     2.9,     2.9,   48.0,  0.02387,      0,      0,       0,       0,       0,       0
total,                                                 95558,    2173,     379,     379,     0.5,     0.4,     0.6,     1.7,     5.2,    11.0,   48.0,  0.02387,      0,      0,       0,       0,       0,       0
t2.delete_entity_by_id,                                32592,     771,       0,       0,     0.4,     0.4,     0.6,     2.1,     7.0,     7.0,   49.0,  0.02338,      0,      0,       0,       0,       0,       0
t2.select_entity_by_id,                                32926,     729,     352,     352,     0.5,     0.4,     0.7,     1.9,     9.6,     9.6,   49.0,  0.02338,      0,      0,       0,       0,       0,       0
t2.update_entity_name,                                 32170,     630,       0,       0,     0.5,     0.4,     0.7,     1.8,     7.9,     7.9,   49.0,  0.02338,      0,      0,       0,       0,       0,       0
total,                                                 97688,    2130,     352,     352,     0.5,     0.4,     0.7,     1.9,     7.5,     9.6,   49.0,  0.02338,      0,      0,       0,       0,       0,       0
t2.delete_entity_by_id,                                33300,     708,       0,       0,     0.4,     0.4,     0.6,     1.3,     4.0,     4.0,   50.0,  0.02291,      0,      0,       0,       0,       0,       0
t2.select_entity_by_id,                                33617,     691,     342,     342,     0.5,     0.4,     0.7,     1.6,     7.7,     7.7,   50.0,  0.02291,      0,      0,       0,       0,       0,       0
t2.update_entity_name,                                 32921,     751,       0,       0,     0.5,     0.4,     0.6,     1.4,     6.2,     6.2,   50.0,  0.02291,      0,      0,       0,       0,       0,       0
total,                                                 99838,    2150,     342,     342,     0.5,     0.4,     0.6,     1.4,     5.4,     7.7,   50.0,  0.02291,      0,      0,       0,       0,       0,       0
t2.delete_entity_by_id,                                33334,     342,       0,       0,     0.7,     0.5,     2.7,     6.0,     6.0,     6.0,   50.1,  0.02247,      0,      0,       0,       0,       0,       0
t2.select_entity_by_id,                                33688,     715,     322,     322,     0.7,     0.5,     1.1,    12.7,    12.7,    12.7,   50.1,  0.02247,      0,      0,       0,       0,       0,       0
t2.update_entity_name,                                 32978,     574,       0,       0,     0.4,     0.4,     0.6,     0.6,     0.6,     0.6,   50.1,  0.02247,      0,      0,       0,       0,       0,       0
total,                                                100000,    1632,     322,     322,     0.6,     0.5,     0.8,     6.0,    12.7,    12.7,   50.1,  0.02247,      0,      0,       0,       0,       0,       0


Results:
Op rate                   :    1,996 op/s  [t2.delete_entity_by_id: 665 op/s, t2.select_entity_by_id: 672 op/s, t2.update_entity_name: 658 op/s]
Partition rate            :      341 pk/s  [t2.delete_entity_by_id: 0 pk/s, t2.select_entity_by_id: 341 pk/s, t2.update_entity_name: 0 pk/s]
Row rate                  :      341 row/s [t2.delete_entity_by_id: 0 row/s, t2.select_entity_by_id: 341 row/s, t2.update_entity_name: 0 row/s]
Latency mean              :    0.5 ms [t2.delete_entity_by_id: 0.5 ms, t2.select_entity_by_id: 0.5 ms, t2.update_entity_name: 0.5 ms]
Latency median            :    0.4 ms [t2.delete_entity_by_id: 0.4 ms, t2.select_entity_by_id: 0.4 ms, t2.update_entity_name: 0.4 ms]
Latency 95th percentile   :    0.7 ms [t2.delete_entity_by_id: 0.6 ms, t2.select_entity_by_id: 0.7 ms, t2.update_entity_name: 0.7 ms]
Latency 99th percentile   :    1.9 ms [t2.delete_entity_by_id: 1.8 ms, t2.select_entity_by_id: 2.1 ms, t2.update_entity_name: 1.9 ms]
Latency 99.9th percentile :    7.6 ms [t2.delete_entity_by_id: 7.1 ms, t2.select_entity_by_id: 7.5 ms, t2.update_entity_name: 8.7 ms]
Latency max               :   89.1 ms [t2.delete_entity_by_id: 89.1 ms, t2.select_entity_by_id: 16.3 ms, t2.update_entity_name: 56.1 ms]
Total partitions          :     17,108 [t2.delete_entity_by_id: 0, t2.select_entity_by_id: 17,108, t2.update_entity_name: 0]
Total errors              :          0 [t2.delete_entity_by_id: 0, t2.select_entity_by_id: 0, t2.update_entity_name: 0]
Total GC count            : 0
Total GC memory           : 0.000 KiB
Total GC time             :    0.0 seconds
Avg GC time               :    NaN ms
StdDev GC time            :    0.0 ms
Total operation time      : 00:00:50

END
