******************** Stress Settings ********************
Command:
  Type: user
  Count: 10,000
  No Warmup: false
  Consistency Level: LOCAL_ONE
  Target Uncertainty: not applicable
  Command Ratios: {t2.select_entity_by_id=1.0, t2.update_entity_name=1.0, t2.delete_entity_by_id=1.0}
  Command Clustering Distribution: clustering=gaussian(1..10)
  Profile File(s): t2_entities.yaml
Rate:
  Auto: false
  Thread Count: 1
  OpsPer Sec: 0
Population:
  Distribution: Gaussian:  min=1,max=10000,mean=5000.500000,stdev=1666.500000
  Order: ARBITRARY
  Wrap: false
Insert:
  Revisits: Uniform:  min=1,max=1000000
  Visits: Fixed:  key=1
  Row Population Ratio: Ratio: divisor=1.000000;delegate=Fixed:  key=1
  Batch Type: not batching
Errors:
  Ignore: false
  Tries: 10
Log:
  No Summary: false
  No Settings: false
  File: entities_10K_MIXED_1_threads.log
  Interval Millis: 1000
  Level: NORMAL
Mode:
  API: JAVA_DRIVER_NATIVE
  Connection Style: CQL_PREPARED
  CQL Version: CQL3
  Protocol Version: V5
  Username: null
  Password: null
  Auth Provide Class: null
  Max Pending Per Connection: 128
  Connections Per Host: 8
  Compression: NONE
Node:
  Nodes: [localhost]
  Is White List: false
  Datacenter: null
Schema:
  Keyspace: null
  Replication Strategy: org.apache.cassandra.locator.SimpleStrategy
  Replication Strategy Options: {replication_factor=1}
  Table Compression: null
  Table Compaction Strategy: null
  Table Compaction Strategy Options: {}
Transport:
  truststore=null; truststore-password=null; keystore=null; keystore-password=null; ssl-protocol=TLS; ssl-alg=null; ssl-ciphers=TLS_RSA_WITH_AES_128_CBC_SHA,TLS_RSA_WITH_AES_256_CBC_SHA; 
Port:
  Native Port: 9042
  JMX Port: 7199
Graph:
  File: entities_10K_threads_1_MIXED.html
  Revision: entities_MIXED
  Title: NVO_Cassandra_POC_entities_Table_10K_Records_1_Threads
  Operation: USER
TokenRange:
  Wrap: false
  Split Factor: 1

******************** Profile(s) ********************
  Keyspace Name: tagging
  Keyspace CQL: 
***
CREATE KEYSPACE tagging WITH replication = {'class': 'SimpleStrategy', 'replication_factor': 1};
***

  Table Name: entities
  Table CQL: 
***
CREATE TABLE entities (
  id uuid PRIMARY KEY,
  name text,
  type text,
  metadata text
);
***

  Extra Schema Definitions: null
  Generator Configs:
    metadata: Size: Uniform:  min=10,max=50;
    name: Size: Uniform:  min=5,max=20;Identity: Uniform:  min=1,max=1000;
    id: Size: Gaussian:  min=5,max=10,mean=7.500000,stdev=0.833333;Identity: Uniform:  min=1,max=10000000;
    type: Size: Uniform:  min=5,max=15;Identity: Uniform:  min=1,max=100;
  Query Definitions:
    select_entity_by_id: CQL:SELECT * FROM entities WHERE id = ?;Fields:samerow;
    select_all_entities: CQL:SELECT * FROM entities;Fields:null;
    update_entity_name: CQL:UPDATE entities SET name = ? WHERE id = ?;Fields:samerow;
    delete_entity_by_id: CQL:DELETE FROM entities WHERE id = ?;Fields:samerow;
  Token Range Queries:
  Insert Settings:
    partitions: fixed(1)
    select: fixed(1)/500
    batchtype: UNLOGGED
Generating batches with [1..1] partitions and [0..0] rows (of [1..1] total rows in the partitions)

Sleeping 2s...
Warming up t2.select_entity_by_id with 2500 iterations...
Warming up t2.update_entity_name with 2500 iterations...
Warming up t2.delete_entity_by_id with 2500 iterations...
Running [t2.select_entity_by_id, t2.update_entity_name, t2.delete_entity_by_id] with 1 threads for 10000 iteration
type                                               total ops,    op/s,    pk/s,   row/s,    mean,     med,     .95,     .99,    .999,     max,   time,   stderr, errors,  gc: #,  max ms,  sum ms,  sdv ms,      mb
t2.delete_entity_by_id,                                   61,      61,       0,       0,     0.8,     0.7,     1.0,     4.6,     4.6,     4.6,    1.0,  0.00000,      0,      0,       0,       0,       0,       0
t2.select_entity_by_id,                                   69,      69,      34,      34,     1.0,     0.7,     2.8,     7.1,     7.1,     7.1,    1.0,  0.00000,      0,      0,       0,       0,       0,       0
t2.update_entity_name,                                    81,      81,       0,       0,     0.8,     0.7,     1.2,     4.2,     4.2,     4.2,    1.0,  0.00000,      0,      0,       0,       0,       0,       0
total,                                                   211,     211,      34,      34,     0.9,     0.7,     1.6,     4.4,     7.1,     7.1,    1.0,  0.00000,      0,      0,       0,       0,       0,       0
t2.delete_entity_by_id,                                  631,     570,       0,       0,     0.6,     0.5,     0.9,     2.2,     8.7,     8.7,    2.0,  0.54649,      0,      0,       0,       0,       0,       0
t2.select_entity_by_id,                                  585,     516,     264,     264,     0.6,     0.6,     0.9,     1.6,    12.3,    12.3,    2.0,  0.54649,      0,      0,       0,       0,       0,       0
t2.update_entity_name,                                   623,     542,       0,       0,     0.6,     0.5,     0.8,     1.7,    10.3,    10.3,    2.0,  0.54649,      0,      0,       0,       0,       0,       0
total,                                                  1839,    1628,     264,     264,     0.6,     0.5,     0.9,     1.8,    10.3,    12.3,    2.0,  0.54649,      0,      0,       0,       0,       0,       0
t2.delete_entity_by_id,                                 1213,     582,       0,       0,     0.5,     0.4,     0.6,     1.4,     2.4,     2.4,    3.0,  0.34582,      0,      0,       0,       0,       0,       0
t2.select_entity_by_id,                                 1216,     631,     316,     316,     0.6,     0.5,     0.8,     3.1,    10.4,    10.4,    3.0,  0.34582,      0,      0,       0,       0,       0,       0
t2.update_entity_name,                                  1260,     637,       0,       0,     0.5,     0.5,     0.7,     1.4,     3.2,     3.2,    3.0,  0.34582,      0,      0,       0,       0,       0,       0
total,                                                  3689,    1850,     316,     316,     0.5,     0.5,     0.7,     1.6,     8.0,    10.4,    3.0,  0.34582,      0,      0,       0,       0,       0,       0
t2.delete_entity_by_id,                                 1747,     534,       0,       0,     0.5,     0.4,     0.8,     2.5,     8.5,     8.5,    4.0,  0.25339,      0,      0,       0,       0,       0,       0
t2.select_entity_by_id,                                 1876,     660,     335,     335,     0.6,     0.5,     1.1,     3.6,    11.1,    11.1,    4.0,  0.25339,      0,      0,       0,       0,       0,       0
t2.update_entity_name,                                  1895,     635,       0,       0,     0.5,     0.5,     0.7,     2.0,    10.5,    10.5,    4.0,  0.25339,      0,      0,       0,       0,       0,       0
total,                                                  5518,    1829,     335,     335,     0.5,     0.4,     0.8,     2.7,    10.5,    11.1,    4.0,  0.25339,      0,      0,       0,       0,       0,       0
t2.delete_entity_by_id,                                 2539,     792,       0,       0,     0.4,     0.4,     0.6,     1.3,    10.5,    10.5,    5.0,  0.19895,      0,      0,       0,       0,       0,       0
t2.select_entity_by_id,                                 2522,     646,     331,     331,     0.5,     0.4,     0.6,     1.2,     9.3,     9.3,    5.0,  0.19895,      0,      0,       0,       0,       0,       0
t2.update_entity_name,                                  2733,     838,       0,       0,     0.4,     0.4,     0.6,     1.0,     2.3,     2.3,    5.0,  0.19895,      0,      0,       0,       0,       0,       0
total,                                                  7794,    2276,     331,     331,     0.4,     0.4,     0.6,     1.2,     7.4,    10.5,    5.0,  0.19895,      0,      0,       0,       0,       0,       0
t2.delete_entity_by_id,                                 3217,     678,       0,       0,     0.4,     0.4,     0.6,     1.8,    15.0,    15.0,    6.0,  0.16316,      0,      0,       0,       0,       0,       0
t2.select_entity_by_id,                                 3181,     659,     312,     312,     0.5,     0.4,     0.7,     1.5,     5.1,     5.1,    6.0,  0.16316,      0,      0,       0,       0,       0,       0
t2.update_entity_name,                                  3494,     761,       0,       0,     0.5,     0.4,     0.7,     2.2,     7.4,     7.4,    6.0,  0.16316,      0,      0,       0,       0,       0,       0
total,                                                  9892,    2098,     312,     312,     0.5,     0.4,     0.6,     1.8,     5.1,    15.0,    6.0,  0.16316,      0,      0,       0,       0,       0,       0
t2.delete_entity_by_id,                                 3254,     520,       0,       0,     0.6,     0.5,     1.4,     2.7,     2.7,     2.7,    6.1,  0.14108,      0,      0,       0,       0,       0,       0
t2.select_entity_by_id,                                 3220,     548,     323,     323,     0.6,     0.5,     1.7,     3.5,     3.5,     3.5,    6.1,  0.14108,      0,      0,       0,       0,       0,       0
t2.update_entity_name,                                  3526,     450,       0,       0,     0.8,     0.5,     0.8,     9.3,     9.3,     9.3,    6.1,  0.14108,      0,      0,       0,       0,       0,       0
total,                                                 10000,    1519,     323,     323,     0.7,     0.5,     1.0,     3.5,     9.3,     9.3,    6.1,  0.14108,      0,      0,       0,       0,       0,       0


Results:
Op rate                   :    1,647 op/s  [t2.delete_entity_by_id: 536 op/s, t2.select_entity_by_id: 530 op/s, t2.update_entity_name: 581 op/s]
Partition rate            :      266 pk/s  [t2.delete_entity_by_id: 0 pk/s, t2.select_entity_by_id: 266 pk/s, t2.update_entity_name: 0 pk/s]
Row rate                  :      266 row/s [t2.delete_entity_by_id: 0 row/s, t2.select_entity_by_id: 266 row/s, t2.update_entity_name: 0 row/s]
Latency mean              :    0.5 ms [t2.delete_entity_by_id: 0.5 ms, t2.select_entity_by_id: 0.6 ms, t2.update_entity_name: 0.5 ms]
Latency median            :    0.5 ms [t2.delete_entity_by_id: 0.4 ms, t2.select_entity_by_id: 0.5 ms, t2.update_entity_name: 0.5 ms]
Latency 95th percentile   :    0.8 ms [t2.delete_entity_by_id: 0.7 ms, t2.select_entity_by_id: 0.8 ms, t2.update_entity_name: 0.8 ms]
Latency 99th percentile   :    1.8 ms [t2.delete_entity_by_id: 1.8 ms, t2.select_entity_by_id: 2.4 ms, t2.update_entity_name: 1.6 ms]
Latency 99.9th percentile :    8.5 ms [t2.delete_entity_by_id: 8.5 ms, t2.select_entity_by_id: 9.3 ms, t2.update_entity_name: 8.2 ms]
Latency max               :   15.0 ms [t2.delete_entity_by_id: 15.0 ms, t2.select_entity_by_id: 12.3 ms, t2.update_entity_name: 10.5 ms]
Total partitions          :      1,615 [t2.delete_entity_by_id: 0, t2.select_entity_by_id: 1,615, t2.update_entity_name: 0]
Total errors              :          0 [t2.delete_entity_by_id: 0, t2.select_entity_by_id: 0, t2.update_entity_name: 0]
Total GC count            : 0
Total GC memory           : 0.000 KiB
Total GC time             :    0.0 seconds
Avg GC time               :    NaN ms
StdDev GC time            :    0.0 ms
Total operation time      : 00:00:06

END
