******************** Stress Settings ********************
Command:
  Type: user
  Count: 1,000,000
  No Warmup: false
  Consistency Level: LOCAL_ONE
  Target Uncertainty: not applicable
  Command Ratios: {t3.insert=1.0}
  Command Clustering Distribution: clustering=gaussian(1..10)
  Profile File(s): t3_tag_entities.yaml
Rate:
  Auto: false
  Thread Count: 1
  OpsPer Sec: 0
Population:
  Distribution: Gaussian:  min=1,max=1000000,mean=500000.500000,stdev=166666.500000
  Order: ARBITRARY
  Wrap: false
Insert:
  Revisits: Uniform:  min=1,max=1000000
  Visits: Fixed:  key=1
  Row Population Ratio: Ratio: divisor=1.000000;delegate=Fixed:  key=1
  Batch Type: not batching
Errors:
  Ignore: false
  Tries: 10
Log:
  No Summary: false
  No Settings: false
  File: tag_entities_1M_write_1_threads.log
  Interval Millis: 1000
  Level: NORMAL
Mode:
  API: JAVA_DRIVER_NATIVE
  Connection Style: CQL_PREPARED
  CQL Version: CQL3
  Protocol Version: V5
  Username: null
  Password: null
  Auth Provide Class: null
  Max Pending Per Connection: 128
  Connections Per Host: 8
  Compression: NONE
Node:
  Nodes: [localhost]
  Is White List: false
  Datacenter: null
Schema:
  Keyspace: null
  Replication Strategy: org.apache.cassandra.locator.SimpleStrategy
  Replication Strategy Options: {replication_factor=1}
  Table Compression: null
  Table Compaction Strategy: null
  Table Compaction Strategy Options: {}
Transport:
  truststore=null; truststore-password=null; keystore=null; keystore-password=null; ssl-protocol=TLS; ssl-alg=null; ssl-ciphers=TLS_RSA_WITH_AES_128_CBC_SHA,TLS_RSA_WITH_AES_256_CBC_SHA; 
Port:
  Native Port: 9042
  JMX Port: 7199
Graph:
  File: tag_entities_1M_threads_1_MIXED.html
  Revision: Load
  Title: NVO_Cassandra_POC_tag_entities_Table_1M_Records_1_Threads
  Operation: USER
TokenRange:
  Wrap: false
  Split Factor: 1

******************** Profile(s) ********************
  Keyspace Name: tagging
  Keyspace CQL: 
***
CREATE KEYSPACE IF NOT EXISTS tagging WITH replication = {'class': 'SimpleStrategy', 'replication_factor': 1};
***

  Table Name: tag_entities
  Table CQL: 
***
CREATE TABLE IF NOT EXISTS tag_entities (
  tag_id UUID,
  entity_id UUID,
  PRIMARY KEY (tag_id, entity_id)
);
***

  Extra Schema Definitions: null
  Generator Configs:
    tag_id: Size: Gaussian:  min=5,max=10,mean=7.500000,stdev=0.833333;Identity: Uniform:  min=1,max=10000000;
    entity_id: Size: Gaussian:  min=5,max=10,mean=7.500000,stdev=0.833333;Identity: Uniform:  min=1,max=10000000;
  Query Definitions:
    select_entities_by_tag: CQL:SELECT * FROM tag_entities WHERE tag_id = ?;Fields:samerow;
    delete_tag_entity: CQL:DELETE FROM tag_entities WHERE tag_id = ? AND entity_id = ?;Fields:samerow;
  Token Range Queries:
  Insert Settings:
    partitions: fixed(1)
    select: fixed(1)/500
    batchtype: UNLOGGED
Generating batches with [1..1] partitions and [0..0] rows (of [1..1] total rows in the partitions)

Sleeping 2s...
Warming up t3.insert with 50000 iterations...
Running [t3.insert] with 1 threads for 1000000 iteration
type                                               total ops,    op/s,    pk/s,   row/s,    mean,     med,     .95,     .99,    .999,     max,   time,   stderr, errors,  gc: #,  max ms,  sum ms,  sdv ms,      mb
total,                                                   223,     223,     223,     223,     0.6,     0.5,     1.0,     4.4,    10.6,    10.6,    1.0,  0.00000,      0,      0,       0,       0,       0,       0
total,                                                  2258,    2035,    2035,    2035,     0.5,     0.4,     0.6,     1.4,     5.2,    30.5,    2.0,  0.56998,      0,      0,       0,       0,       0,       0
total,                                                  4556,    2298,    2298,    2298,     0.4,     0.4,     0.6,     1.4,     5.3,     7.3,    3.0,  0.35029,      0,      0,       0,       0,       0,       0
total,                                                  6533,    1977,    1977,    1977,     0.5,     0.4,     0.8,     2.6,     9.3,    10.1,    4.0,  0.25184,      0,      0,       0,       0,       0,       0
total,                                                  9093,    2560,    2560,    2560,     0.4,     0.4,     0.5,     1.1,     3.6,     7.0,    5.0,  0.20212,      0,      0,       0,       0,       0,       0
total,                                                 11158,    2065,    2065,    2065,     0.5,     0.4,     0.7,     2.0,     6.2,    39.0,    6.0,  0.16573,      0,      0,       0,       0,       0,       0
total,                                                 13421,    2263,    2263,    2263,     0.4,     0.4,     0.5,     1.2,     5.4,    18.8,    7.0,  0.14058,      0,      0,       0,       0,       0,       0
total,                                                 15716,    2295,    2295,    2295,     0.4,     0.4,     0.5,     1.3,     2.8,     4.2,    8.0,  0.12205,      0,      0,       0,       0,       0,       0
total,                                                 17726,    2010,    2010,    2010,     0.5,     0.4,     0.7,     2.0,     5.5,     9.9,    9.0,  0.10830,      0,      0,       0,       0,       0,       0
total,                                                 19847,    2121,    2121,    2121,     0.5,     0.4,     0.6,     1.2,     3.8,     5.3,   10.0,  0.09703,      0,      0,       0,       0,       0,       0
total,                                                 21915,    2068,    2068,    2068,     0.5,     0.4,     0.6,     1.7,     8.4,    14.9,   11.0,  0.08795,      0,      0,       0,       0,       0,       0
total,                                                 24095,    2180,    2180,    2180,     0.4,     0.4,     0.6,     1.3,     3.5,     7.2,   12.0,  0.08033,      0,      0,       0,       0,       0,       0
total,                                                 26358,    2263,    2263,    2263,     0.4,     0.4,     0.6,     1.3,     3.4,     4.0,   13.0,  0.07399,      0,      0,       0,       0,       0,       0
total,                                                 28473,    2115,    2115,    2115,     0.5,     0.4,     0.6,     1.4,     6.4,     7.4,   14.0,  0.06857,      0,      0,       0,       0,       0,       0
total,                                                 30909,    2436,    2436,    2436,     0.4,     0.4,     0.5,     1.2,     1.8,     2.6,   15.0,  0.06431,      0,      0,       0,       0,       0,       0
total,                                                 32838,    1929,    1929,    1929,     0.5,     0.4,     0.6,     2.1,    30.2,    42.9,   16.0,  0.06045,      0,      0,       0,       0,       0,       0
total,                                                 35043,    2205,    2205,    2205,     0.4,     0.4,     0.6,     1.3,     3.2,     4.2,   17.0,  0.05680,      0,      0,       0,       0,       0,       0
total,                                                 37152,    2109,    2109,    2109,     0.5,     0.4,     0.7,     1.3,     4.1,     5.8,   18.0,  0.05360,      0,      0,       0,       0,       0,       0
total,                                                 39121,    1969,    1969,    1969,     0.5,     0.4,     0.7,     1.5,     8.6,    10.3,   19.0,  0.05097,      0,      0,       0,       0,       0,       0
total,                                                 41243,    2122,    2122,    2122,     0.5,     0.4,     0.6,     1.4,     2.3,     4.2,   20.0,  0.04838,      0,      0,       0,       0,       0,       0
total,                                                 43252,    2009,    2009,    2009,     0.5,     0.4,     0.6,     1.4,     5.4,     5.6,   21.0,  0.04617,      0,      0,       0,       0,       0,       0
total,                                                 45449,    2197,    2197,    2197,     0.4,     0.4,     0.6,     1.3,     2.9,     4.3,   22.0,  0.04403,      0,      0,       0,       0,       0,       0
total,                                                 47676,    2227,    2227,    2227,     0.4,     0.4,     0.6,     1.5,     3.6,     7.9,   23.0,  0.04210,      0,      0,       0,       0,       0,       0
total,                                                 49932,    2256,    2256,    2256,     0.4,     0.4,     0.6,     1.2,     5.3,    10.2,   24.0,  0.04036,      0,      0,       0,       0,       0,       0
total,                                                 52602,    2670,    2670,    2670,     0.4,     0.3,     0.5,     1.1,     2.6,     5.3,   25.0,  0.03978,      0,      0,       0,       0,       0,       0
total,                                                 55030,    2428,    2428,    2428,     0.4,     0.4,     0.5,     1.3,     4.8,    10.6,   26.0,  0.03846,      0,      0,       0,       0,       0,       0
total,                                                 57414,    2384,    2384,    2384,     0.4,     0.4,     0.5,     1.2,     2.3,     4.3,   27.0,  0.03712,      0,      0,       0,       0,       0,       0
total,                                                 59834,    2420,    2420,    2420,     0.4,     0.4,     0.5,     1.3,     3.2,     4.8,   28.0,  0.03592,      0,      0,       0,       0,       0,       0
total,                                                 62583,    2749,    2749,    2749,     0.4,     0.3,     0.5,     1.4,     5.6,     7.6,   29.0,  0.03564,      0,      0,       0,       0,       0,       0
total,                                                 65461,    2878,    2878,    2878,     0.3,     0.3,     0.4,     1.1,     3.7,     4.1,   30.0,  0.03567,      0,      0,       0,       0,       0,       0
total,                                                 67747,    2286,    2286,    2286,     0.4,     0.4,     0.6,     1.7,     6.9,    13.8,   31.0,  0.03450,      0,      0,       0,       0,       0,       0
total,                                                 69970,    2223,    2223,    2223,     0.4,     0.4,     0.6,     1.3,     3.9,     4.2,   32.0,  0.03342,      0,      0,       0,       0,       0,       0
total,                                                 71909,    1939,    1939,    1939,     0.5,     0.4,     0.6,     2.0,     8.5,    60.3,   33.0,  0.03253,      0,      0,       0,       0,       0,       0
total,                                                 73977,    2068,    2068,    2068,     0.5,     0.4,     0.6,     1.3,     7.2,    13.7,   34.0,  0.03165,      0,      0,       0,       0,       0,       0
total,                                                 76233,    2256,    2256,    2256,     0.4,     0.4,     0.6,     1.3,     5.3,     8.1,   35.0,  0.03073,      0,      0,       0,       0,       0,       0
total,                                                 78219,    1986,    1986,    1986,     0.5,     0.4,     0.7,     1.8,     7.7,     9.6,   36.0,  0.03005,      0,      0,       0,       0,       0,       0
total,                                                 80591,    2372,    2372,    2372,     0.4,     0.4,     0.6,     1.3,     4.9,    13.8,   37.0,  0.02927,      0,      0,       0,       0,       0,       0
total,                                                 82941,    2350,    2350,    2350,     0.4,     0.4,     0.6,     1.3,     4.7,     5.4,   38.0,  0.02851,      0,      0,       0,       0,       0,       0
total,                                                 85151,    2210,    2210,    2210,     0.4,     0.4,     0.6,     1.5,     4.0,     9.0,   39.0,  0.02777,      0,      0,       0,       0,       0,       0
total,                                                 87509,    2358,    2358,    2358,     0.4,     0.4,     0.6,     1.2,     4.4,    11.5,   40.0,  0.02710,      0,      0,       0,       0,       0,       0
total,                                                 89820,    2311,    2311,    2311,     0.4,     0.4,     0.6,     1.3,     4.6,    12.3,   41.0,  0.02643,      0,      0,       0,       0,       0,       0
total,                                                 92176,    2356,    2356,    2356,     0.4,     0.4,     0.6,     1.1,     1.8,     5.2,   42.0,  0.02581,      0,      0,       0,       0,       0,       0
total,                                                 94529,    2353,    2353,    2353,     0.4,     0.4,     0.5,     1.3,     4.9,     5.9,   43.0,  0.02522,      0,      0,       0,       0,       0,       0
total,                                                 96999,    2470,    2470,    2470,     0.4,     0.4,     0.6,     1.2,     2.3,     6.2,   44.0,  0.02472,      0,      0,       0,       0,       0,       0
total,                                                 99914,    2915,    2915,    2915,     0.3,     0.3,     0.5,     0.9,     3.0,    42.9,   45.0,  0.02528,      0,      0,       0,       0,       0,       0
total,                                                102305,    2391,    2391,    2391,     0.4,     0.4,     0.5,     1.3,     4.3,     7.9,   46.0,  0.02474,      0,      0,       0,       0,       0,       0
total,                                                104624,    2319,    2319,    2319,     0.4,     0.4,     0.5,     1.3,     3.3,    12.4,   47.0,  0.02421,      0,      0,       0,       0,       0,       0
total,                                                106914,    2290,    2290,    2290,     0.4,     0.4,     0.5,     1.4,     4.4,     8.6,   48.0,  0.02369,      0,      0,       0,       0,       0,       0
total,                                                109182,    2268,    2268,    2268,     0.4,     0.4,     0.5,     1.5,     5.6,    11.9,   49.0,  0.02321,      0,      0,       0,       0,       0,       0
total,                                                111302,    2120,    2120,    2120,     0.5,     0.4,     0.6,     1.4,     6.5,    14.1,   50.0,  0.02278,      0,      0,       0,       0,       0,       0
total,                                                112862,    1560,    1560,    1560,     0.4,     0.4,     0.7,     1.3,     3.9,     4.8,   51.0,  0.02324,      0,      0,       0,       0,       0,       0
total,                                                113265,     403,     403,     403,     3.2,     0.4,     0.5,     0.8,  1118.8,  1118.8,   52.0,  0.05574,      0,      0,       0,       0,       0,       0
total,                                                115618,    2353,    2353,    2353,     0.4,     0.4,     0.5,     1.4,     9.8,    15.6,   53.0,  0.05461,      0,      0,       0,       0,       0,       0
total,                                                118245,    2627,    2627,    2627,     0.4,     0.3,     0.5,     0.9,     1.9,    10.9,   54.0,  0.05354,      0,      0,       0,       0,       0,       0
total,                                                120806,    2561,    2561,    2561,     0.4,     0.3,     0.5,     1.4,     5.6,     6.6,   55.0,  0.05250,      0,      0,       0,       0,       0,       0
total,                                                123124,    2318,    2318,    2318,     0.4,     0.4,     0.5,     1.2,     2.3,    16.2,   56.0,  0.05150,      0,      0,       0,       0,       0,       0
total,                                                125441,    2317,    2317,    2317,     0.4,     0.4,     0.5,     1.3,     2.4,     7.4,   57.0,  0.05055,      0,      0,       0,       0,       0,       0
total,                                                127369,    1928,    1928,    1928,     0.5,     0.4,     0.7,     2.7,    22.6,    27.8,   58.0,  0.04976,      0,      0,       0,       0,       0,       0
total,                                                129877,    2508,    2508,    2508,     0.4,     0.4,     0.5,     1.2,     5.3,    19.0,   59.0,  0.04887,      0,      0,       0,       0,       0,       0
total,                                                132360,    2483,    2483,    2483,     0.4,     0.3,     0.5,     1.3,     5.8,    56.0,   60.0,  0.04801,      0,      0,       0,       0,       0,       0
total,                                                134800,    2440,    2440,    2440,     0.4,     0.4,     0.5,     1.1,     1.8,     5.5,   61.0,  0.04717,      0,      0,       0,       0,       0,       0
total,                                                137331,    2531,    2531,    2531,     0.4,     0.4,     0.5,     1.1,     2.2,     6.1,   62.0,  0.04636,      0,      0,       0,       0,       0,       0
total,                                                139630,    2299,    2299,    2299,     0.4,     0.4,     0.7,     1.8,     5.8,    15.5,   63.0,  0.04559,      0,      0,       0,       0,       0,       0
total,                                                142175,    2545,    2545,    2545,     0.4,     0.4,     0.5,     1.2,     3.1,     5.2,   64.0,  0.04483,      0,      0,       0,       0,       0,       0
total,                                                144309,    2134,    2134,    2134,     0.5,     0.4,     0.6,     1.4,     5.3,    11.1,   65.0,  0.04416,      0,      0,       0,       0,       0,       0
total,                                                144810,     501,     501,     501,     0.4,     0.4,     0.5,     0.7,     1.9,     1.9,   66.0,  0.04554,      0,      0,       0,       0,       0,       0
total,                                                146631,    1821,    1821,    1821,     1.0,     0.4,     0.7,     1.5,     4.1,   889.2,   67.0,  0.09786,      0,      0,       0,       0,       0,       0
total,                                                148663,    2032,    2032,    2032,     0.5,     0.4,     0.6,     1.7,     5.9,     7.3,   68.0,  0.09664,      0,      0,       0,       0,       0,       0
total,                                                150862,    2199,    2199,    2199,     0.4,     0.4,     0.6,     1.4,     7.5,     8.5,   69.0,  0.09533,      0,      0,       0,       0,       0,       0
total,                                                152870,    2008,    2008,    2008,     0.5,     0.4,     0.7,     2.2,     5.9,     8.5,   70.0,  0.09419,      0,      0,       0,       0,       0,       0
total,                                                155169,    2299,    2299,    2299,     0.4,     0.4,     0.5,     1.1,     2.6,     4.8,   71.0,  0.09289,      0,      0,       0,       0,       0,       0
total,                                                157267,    2098,    2098,    2098,     0.5,     0.4,     0.6,     2.2,     6.5,    17.9,   72.0,  0.09173,      0,      0,       0,       0,       0,       0
total,                                                159550,    2283,    2283,    2283,     0.4,     0.4,     0.6,     1.8,     7.0,     9.7,   73.0,  0.09051,      0,      0,       0,       0,       0,       0
total,                                                161969,    2419,    2419,    2419,     0.4,     0.4,     0.5,     1.2,     2.9,    12.2,   74.0,  0.08924,      0,      0,       0,       0,       0,       0
total,                                                164146,    2177,    2177,    2177,     0.4,     0.4,     0.6,     1.5,     6.3,    49.0,   75.0,  0.08809,      0,      0,       0,       0,       0,       0
total,                                                166673,    2527,    2527,    2527,     0.4,     0.4,     0.5,     1.1,     2.6,     5.9,   76.0,  0.08684,      0,      0,       0,       0,       0,       0
total,                                                168947,    2274,    2274,    2274,     0.4,     0.4,     0.6,     1.5,     6.7,    39.4,   77.0,  0.08572,      0,      0,       0,       0,       0,       0
total,                                                171497,    2550,    2550,    2550,     0.4,     0.4,     0.5,     1.1,     1.7,     4.3,   78.0,  0.08453,      0,      0,       0,       0,       0,       0
total,                                                173754,    2257,    2257,    2257,     0.4,     0.4,     0.6,     1.4,     3.0,     4.8,   79.0,  0.08351,      0,      0,       0,       0,       0,       0
total,                                                175996,    2242,    2242,    2242,     0.4,     0.4,     0.5,     1.6,    10.0,    12.4,   80.0,  0.08251,      0,      0,       0,       0,       0,       0
total,                                                178611,    2615,    2615,    2615,     0.4,     0.4,     0.5,     1.0,     3.5,     4.4,   81.0,  0.08139,      0,      0,       0,       0,       0,       0
total,                                                180994,    2383,    2383,    2383,     0.4,     0.4,     0.5,     1.3,     6.0,    17.2,   82.0,  0.08037,      0,      0,       0,       0,       0,       0
total,                                                183219,    2225,    2225,    2225,     0.4,     0.4,     0.6,     1.4,     3.4,     7.7,   83.0,  0.07946,      0,      0,       0,       0,       0,       0
total,                                                185479,    2260,    2260,    2260,     0.4,     0.4,     0.6,     1.3,     7.7,    11.1,   84.0,  0.07854,      0,      0,       0,       0,       0,       0
total,                                                187714,    2235,    2235,    2235,     0.4,     0.4,     0.6,     1.6,     6.4,    11.1,   85.0,  0.07766,      0,      0,       0,       0,       0,       0
total,                                                190238,    2524,    2524,    2524,     0.4,     0.4,     0.5,     1.2,     2.2,     4.8,   86.0,  0.07670,      0,      0,       0,       0,       0,       0
total,                                                192528,    2290,    2290,    2290,     0.4,     0.4,     0.5,     1.4,     9.0,    11.5,   87.0,  0.07583,      0,      0,       0,       0,       0,       0
total,                                                194671,    2143,    2143,    2143,     0.5,     0.4,     0.6,     1.3,     1.9,     3.1,   88.0,  0.07506,      0,      0,       0,       0,       0,       0
total,                                                196757,    2086,    2086,    2086,     0.5,     0.4,     0.6,     1.8,     4.2,     8.1,   89.0,  0.07432,      0,      0,       0,       0,       0,       0
total,                                                198894,    2137,    2137,    2137,     0.5,     0.4,     0.6,     1.5,    11.8,    24.2,   90.0,  0.07355,      0,      0,       0,       0,       0,       0
total,                                                201233,    2339,    2339,    2339,     0.4,     0.4,     0.5,     1.2,     3.8,     4.4,   91.0,  0.07275,      0,      0,       0,       0,       0,       0
total,                                                203371,    2138,    2138,    2138,     0.5,     0.4,     0.6,     1.8,     6.7,    12.7,   92.0,  0.07203,      0,      0,       0,       0,       0,       0
total,                                                205792,    2421,    2421,    2421,     0.4,     0.4,     0.5,     1.1,     1.9,     2.9,   93.0,  0.07123,      0,      0,       0,       0,       0,       0
total,                                                208172,    2380,    2380,    2380,     0.4,     0.4,     0.5,     1.3,     7.0,    16.2,   94.0,  0.07045,      0,      0,       0,       0,       0,       0
total,                                                210286,    2114,    2114,    2114,     0.5,     0.4,     0.6,     1.5,     6.7,     9.7,   95.0,  0.06979,      0,      0,       0,       0,       0,       0
total,                                                212328,    2042,    2042,    2042,     0.5,     0.5,     0.6,     1.3,     2.5,     4.2,   96.0,  0.06916,      0,      0,       0,       0,       0,       0
total,                                                214322,    1994,    1994,    1994,     0.5,     0.4,     0.6,     1.6,     8.4,    10.1,   97.0,  0.06857,      0,      0,       0,       0,       0,       0
total,                                                216693,    2371,    2371,    2371,     0.4,     0.4,     0.6,     1.4,     2.7,     5.8,   98.0,  0.06786,      0,      0,       0,       0,       0,       0
total,                                                219008,    2315,    2315,    2315,     0.4,     0.4,     0.6,     1.6,     4.1,     5.6,   99.0,  0.06718,      0,      0,       0,       0,       0,       0
total,                                                221381,    2373,    2373,    2373,     0.4,     0.4,     0.5,     1.3,     4.5,    11.6,  100.0,  0.06649,      0,      0,       0,       0,       0,       0
total,                                                223766,    2385,    2385,    2385,     0.4,     0.4,     0.5,     1.3,     3.4,     5.7,  101.0,  0.06582,      0,      0,       0,       0,       0,       0
total,                                                225953,    2187,    2187,    2187,     0.4,     0.4,     0.6,     1.7,     6.9,    49.9,  102.0,  0.06519,      0,      0,       0,       0,       0,       0
total,                                                228539,    2586,    2586,    2586,     0.4,     0.4,     0.5,     1.1,     2.6,     2.9,  103.0,  0.06450,      0,      0,       0,       0,       0,       0
total,                                                230959,    2420,    2420,    2420,     0.4,     0.4,     0.5,     1.3,     6.5,     9.3,  104.0,  0.06385,      0,      0,       0,       0,       0,       0
total,                                                233226,    2267,    2267,    2267,     0.4,     0.4,     0.5,     1.3,     5.0,    12.1,  105.0,  0.06326,      0,      0,       0,       0,       0,       0
total,                                                235686,    2460,    2460,    2460,     0.4,     0.4,     0.5,     1.0,     1.9,     2.6,  106.0,  0.06264,      0,      0,       0,       0,       0,       0
total,                                                237832,    2146,    2146,    2146,     0.5,     0.4,     0.6,     1.4,     4.1,    50.8,  107.0,  0.06208,      0,      0,       0,       0,       0,       0
total,                                                240231,    2399,    2399,    2399,     0.4,     0.4,     0.5,     1.1,     2.9,     4.5,  108.0,  0.06149,      0,      0,       0,       0,       0,       0
total,                                                242347,    2116,    2116,    2116,     0.5,     0.4,     0.7,     1.9,     6.8,     9.4,  109.0,  0.06098,      0,      0,       0,       0,       0,       0
total,                                                244702,    2355,    2355,    2355,     0.4,     0.4,     0.5,     1.3,     2.3,     3.8,  110.0,  0.06042,      0,      0,       0,       0,       0,       0
total,                                                246961,    2259,    2259,    2259,     0.4,     0.4,     0.6,     1.4,     8.0,    13.0,  111.0,  0.05989,      0,      0,       0,       0,       0,       0
total,                                                249175,    2214,    2214,    2214,     0.4,     0.4,     0.6,     1.6,     5.6,    10.6,  112.0,  0.05939,      0,      0,       0,       0,       0,       0
total,                                                251673,    2498,    2498,    2498,     0.4,     0.4,     0.5,     1.2,     2.0,     2.9,  113.0,  0.05883,      0,      0,       0,       0,       0,       0
total,                                                253883,    2210,    2210,    2210,     0.4,     0.4,     0.6,     1.4,     7.9,     9.5,  114.0,  0.05834,      0,      0,       0,       0,       0,       0
total,                                                256278,    2395,    2395,    2395,     0.4,     0.4,     0.5,     1.3,     3.1,     4.0,  115.0,  0.05782,      0,      0,       0,       0,       0,       0
total,                                                258681,    2403,    2403,    2403,     0.4,     0.4,     0.5,     1.2,     2.2,     8.8,  116.0,  0.05731,      0,      0,       0,       0,       0,       0
total,                                                260911,    2230,    2230,    2230,     0.4,     0.4,     0.6,     1.4,     5.5,     7.6,  117.0,  0.05684,      0,      0,       0,       0,       0,       0
total,                                                263352,    2441,    2441,    2441,     0.4,     0.4,     0.5,     1.3,     2.6,     3.0,  118.0,  0.05634,      0,      0,       0,       0,       0,       0
total,                                                265549,    2197,    2197,    2197,     0.4,     0.4,     0.6,     2.0,     7.2,    10.1,  119.0,  0.05589,      0,      0,       0,       0,       0,       0
total,                                                267907,    2358,    2358,    2358,     0.4,     0.4,     0.5,     1.3,     4.0,     9.2,  120.0,  0.05542,      0,      0,       0,       0,       0,       0
total,                                                270093,    2186,    2186,    2186,     0.4,     0.4,     0.6,     1.5,     4.3,     7.6,  121.0,  0.05499,      0,      0,       0,       0,       0,       0
total,                                                272248,    2155,    2155,    2155,     0.5,     0.4,     0.6,     1.7,     6.7,     8.6,  122.0,  0.05458,      0,      0,       0,       0,       0,       0
total,                                                274772,    2524,    2524,    2524,     0.4,     0.4,     0.5,     1.3,     3.3,     5.4,  123.0,  0.05411,      0,      0,       0,       0,       0,       0
total,                                                277286,    2514,    2514,    2514,     0.4,     0.4,     0.5,     1.3,     4.6,     6.6,  124.0,  0.05364,      0,      0,       0,       0,       0,       0
total,                                                280547,    3261,    3261,    3261,     0.3,     0.3,     0.4,     1.0,     1.7,     2.9,  125.0,  0.05313,      0,      0,       0,       0,       0,       0
total,                                                283563,    3016,    3016,    3016,     0.3,     0.3,     0.5,     1.0,     2.1,     7.4,  126.0,  0.05264,      0,      0,       0,       0,       0,       0
total,                                                285938,    2375,    2375,    2375,     0.4,     0.4,     0.5,     1.2,     2.4,    66.0,  127.0,  0.05220,      0,      0,       0,       0,       0,       0
total,                                                288288,    2350,    2350,    2350,     0.4,     0.4,     0.5,     1.3,     3.0,     6.8,  128.0,  0.05179,      0,      0,       0,       0,       0,       0
total,                                                290446,    2158,    2158,    2158,     0.5,     0.4,     0.6,     1.7,     7.9,    14.5,  129.0,  0.05142,      0,      0,       0,       0,       0,       0
total,                                                292935,    2489,    2489,    2489,     0.4,     0.4,     0.5,     1.5,     6.7,     9.3,  130.0,  0.05100,      0,      0,       0,       0,       0,       0
total,                                                295235,    2300,    2300,    2300,     0.4,     0.4,     0.6,     1.6,     6.3,     9.2,  131.0,  0.05062,      0,      0,       0,       0,       0,       0
total,                                                297353,    2118,    2118,    2118,     0.5,     0.4,     0.6,     1.3,     2.4,     7.7,  132.0,  0.05028,      0,      0,       0,       0,       0,       0
total,                                                299498,    2145,    2145,    2145,     0.5,     0.4,     0.6,     1.4,     3.7,     4.9,  133.0,  0.04994,      0,      0,       0,       0,       0,       0
total,                                                301488,    1990,    1990,    1990,     0.5,     0.4,     0.6,     1.7,     7.4,    12.2,  134.0,  0.04963,      0,      0,       0,       0,       0,       0
total,                                                303565,    2077,    2077,    2077,     0.5,     0.4,     0.6,     1.3,     1.8,     5.4,  135.0,  0.04931,      0,      0,       0,       0,       0,       0
total,                                                305461,    1896,    1896,    1896,     0.5,     0.5,     0.6,     1.6,    11.2,    26.5,  136.0,  0.04903,      0,      0,       0,       0,       0,       0
total,                                                307843,    2382,    2382,    2382,     0.4,     0.4,     0.5,     1.3,     3.8,     6.4,  137.0,  0.04867,      0,      0,       0,       0,       0,       0
total,                                                310349,    2506,    2506,    2506,     0.4,     0.4,     0.5,     1.0,     1.6,     1.9,  138.0,  0.04829,      0,      0,       0,       0,       0,       0
total,                                                312347,    1998,    1998,    1998,     0.5,     0.4,     0.7,     1.7,     5.5,    11.3,  139.0,  0.04800,      0,      0,       0,       0,       0,       0
total,                                                314361,    2014,    2014,    2014,     0.5,     0.4,     0.6,     1.3,     5.1,    13.7,  140.0,  0.04772,      0,      0,       0,       0,       0,       0
total,                                                316436,    2075,    2075,    2075,     0.5,     0.4,     0.6,     1.4,     7.0,     9.1,  141.0,  0.04742,      0,      0,       0,       0,       0,       0
total,                                                318823,    2387,    2387,    2387,     0.4,     0.4,     0.5,     1.0,     3.4,     5.1,  142.0,  0.04708,      0,      0,       0,       0,       0,       0
total,                                                321116,    2293,    2293,    2293,     0.4,     0.4,     0.5,     1.3,     3.6,    12.1,  143.0,  0.04675,      0,      0,       0,       0,       0,       0
total,                                                323599,    2483,    2483,    2483,     0.4,     0.4,     0.5,     1.1,     2.8,     6.8,  144.0,  0.04641,      0,      0,       0,       0,       0,       0
total,                                                325929,    2330,    2330,    2330,     0.4,     0.4,     0.6,     1.3,     2.6,     5.1,  145.0,  0.04609,      0,      0,       0,       0,       0,       0
total,                                                328280,    2351,    2351,    2351,     0.4,     0.4,     0.5,     1.3,     4.7,    13.6,  146.0,  0.04577,      0,      0,       0,       0,       0,       0
total,                                                330846,    2566,    2566,    2566,     0.4,     0.4,     0.5,     1.1,     2.8,     4.0,  147.0,  0.04543,      0,      0,       0,       0,       0,       0
total,                                                333584,    2738,    2738,    2738,     0.4,     0.3,     0.5,     1.1,     2.3,     4.7,  148.0,  0.04509,      0,      0,       0,       0,       0,       0
total,                                                336398,    2814,    2814,    2814,     0.3,     0.3,     0.4,     1.3,     4.1,     6.0,  149.0,  0.04475,      0,      0,       0,       0,       0,       0
total,                                                338383,    1985,    1985,    1985,     0.5,     0.4,     0.6,     1.5,    10.3,   140.5,  150.0,  0.04445,      0,      0,       0,       0,       0,       0
total,                                                340400,    2017,    2017,    2017,     0.5,     0.4,     0.7,     1.9,     9.1,    15.5,  151.0,  0.04421,      0,      0,       0,       0,       0,       0
total,                                                342423,    2023,    2023,    2023,     0.5,     0.4,     0.6,     1.4,     3.6,    44.5,  152.0,  0.04395,      0,      0,       0,       0,       0,       0
total,                                                344647,    2224,    2224,    2224,     0.4,     0.4,     0.6,     1.3,     4.1,     4.9,  153.0,  0.04368,      0,      0,       0,       0,       0,       0
total,                                                346816,    2169,    2169,    2169,     0.5,     0.4,     0.6,     1.4,     5.4,    62.0,  154.0,  0.04340,      0,      0,       0,       0,       0,       0
total,                                                349084,    2268,    2268,    2268,     0.4,     0.4,     0.6,     1.6,     4.9,     6.7,  155.0,  0.04313,      0,      0,       0,       0,       0,       0
total,                                                351234,    2150,    2150,    2150,     0.5,     0.4,     0.6,     1.6,     6.7,     8.3,  156.0,  0.04288,      0,      0,       0,       0,       0,       0
total,                                                353577,    2343,    2343,    2343,     0.4,     0.4,     0.6,     1.2,     5.1,    12.7,  157.0,  0.04260,      0,      0,       0,       0,       0,       0
total,                                                355628,    2051,    2051,    2051,     0.5,     0.4,     0.6,     1.9,     7.2,    25.4,  158.0,  0.04236,      0,      0,       0,       0,       0,       0
total,                                                358129,    2501,    2501,    2501,     0.4,     0.3,     0.5,     1.3,     3.9,     7.0,  159.0,  0.04208,      0,      0,       0,       0,       0,       0
total,                                                360629,    2500,    2500,    2500,     0.4,     0.3,     0.5,     1.5,     5.8,    11.7,  160.0,  0.04180,      0,      0,       0,       0,       0,       0
total,                                                363041,    2412,    2412,    2412,     0.4,     0.4,     0.6,     1.3,     6.0,    11.8,  161.0,  0.04153,      0,      0,       0,       0,       0,       0
total,                                                365677,    2636,    2636,    2636,     0.4,     0.3,     0.5,     1.1,     3.0,     4.6,  162.0,  0.04125,      0,      0,       0,       0,       0,       0
total,                                                368166,    2489,    2489,    2489,     0.4,     0.3,     0.6,     1.3,     6.3,    16.2,  163.0,  0.04098,      0,      0,       0,       0,       0,       0
total,                                                370845,    2679,    2679,    2679,     0.4,     0.3,     0.5,     1.1,     2.8,    12.5,  164.0,  0.04070,      0,      0,       0,       0,       0,       0
total,                                                373365,    2520,    2520,    2520,     0.4,     0.4,     0.5,     1.2,     2.4,     4.1,  165.0,  0.04044,      0,      0,       0,       0,       0,       0
total,                                                375257,    1892,    1892,    1892,     0.5,     0.4,     0.7,     1.5,     9.3,    48.9,  166.0,  0.04025,      0,      0,       0,       0,       0,       0
total,                                                377400,    2143,    2143,    2143,     0.5,     0.4,     0.6,     1.3,     4.1,     4.7,  167.0,  0.04003,      0,      0,       0,       0,       0,       0
total,                                                379493,    2093,    2093,    2093,     0.5,     0.4,     0.6,     1.7,     5.1,     7.0,  168.0,  0.03982,      0,      0,       0,       0,       0,       0
total,                                                381733,    2240,    2240,    2240,     0.4,     0.4,     0.6,     1.2,     2.8,     7.0,  169.0,  0.03960,      0,      0,       0,       0,       0,       0
total,                                                384036,    2303,    2303,    2303,     0.4,     0.4,     0.5,     1.4,     8.8,     9.1,  170.0,  0.03937,      0,      0,       0,       0,       0,       0
total,                                                386153,    2117,    2117,    2117,     0.5,     0.4,     0.6,     1.5,     4.5,     8.1,  171.0,  0.03916,      0,      0,       0,       0,       0,       0
total,                                                388355,    2202,    2202,    2202,     0.4,     0.4,     0.6,     1.3,     2.3,     4.8,  172.0,  0.03895,      0,      0,       0,       0,       0,       0
total,                                                390464,    2109,    2109,    2109,     0.5,     0.4,     0.6,     1.4,     4.5,     6.9,  173.0,  0.03875,      0,      0,       0,       0,       0,       0
total,                                                392709,    2245,    2245,    2245,     0.4,     0.4,     0.6,     1.3,     2.2,    12.2,  174.0,  0.03853,      0,      0,       0,       0,       0,       0
total,                                                395211,    2502,    2502,    2502,     0.4,     0.4,     0.5,     1.3,     5.5,     7.3,  175.0,  0.03830,      0,      0,       0,       0,       0,       0
total,                                                397343,    2132,    2132,    2132,     0.5,     0.4,     0.6,     1.4,     8.3,    10.4,  176.0,  0.03810,      0,      0,       0,       0,       0,       0
total,                                                399523,    2180,    2180,    2180,     0.4,     0.4,     0.5,     1.2,     3.2,    16.6,  177.0,  0.03790,      0,      0,       0,       0,       0,       0
total,                                                401392,    1869,    1869,    1869,     0.5,     0.4,     0.7,     1.9,    17.8,    43.5,  178.0,  0.03773,      0,      0,       0,       0,       0,       0
total,                                                403544,    2152,    2152,    2152,     0.5,     0.4,     0.6,     1.3,     2.6,     7.3,  179.0,  0.03754,      0,      0,       0,       0,       0,       0
total,                                                405873,    2329,    2329,    2329,     0.4,     0.4,     0.5,     1.5,     7.0,    11.2,  180.0,  0.03733,      0,      0,       0,       0,       0,       0
total,                                                408214,    2341,    2341,    2341,     0.4,     0.4,     0.5,     1.3,     3.4,    61.6,  181.0,  0.03711,      0,      0,       0,       0,       0,       0
total,                                                410800,    2586,    2586,    2586,     0.4,     0.3,     0.5,     1.2,     2.8,     7.2,  182.0,  0.03689,      0,      0,       0,       0,       0,       0
total,                                                413266,    2466,    2466,    2466,     0.4,     0.4,     0.5,     1.7,     4.3,    13.9,  183.0,  0.03668,      0,      0,       0,       0,       0,       0
total,                                                415694,    2428,    2428,    2428,     0.4,     0.4,     0.5,     1.2,     2.6,    12.3,  184.0,  0.03647,      0,      0,       0,       0,       0,       0
total,                                                418010,    2316,    2316,    2316,     0.4,     0.4,     0.6,     1.4,     5.5,    12.1,  185.0,  0.03628,      0,      0,       0,       0,       0,       0
total,                                                420562,    2552,    2552,    2552,     0.4,     0.4,     0.5,     1.2,     3.3,     8.1,  186.0,  0.03607,      0,      0,       0,       0,       0,       0
total,                                                423128,    2566,    2566,    2566,     0.4,     0.3,     0.5,     1.2,     3.6,     8.7,  187.0,  0.03586,      0,      0,       0,       0,       0,       0
total,                                                425682,    2554,    2554,    2554,     0.4,     0.3,     0.5,     1.2,     4.6,    16.5,  188.0,  0.03565,      0,      0,       0,       0,       0,       0
total,                                                428370,    2688,    2688,    2688,     0.4,     0.3,     0.5,     0.9,     1.6,     1.7,  189.0,  0.03544,      0,      0,       0,       0,       0,       0
total,                                                431028,    2658,    2658,    2658,     0.4,     0.3,     0.5,     1.3,     4.8,    12.4,  190.0,  0.03524,      0,      0,       0,       0,       0,       0
total,                                                433492,    2464,    2464,    2464,     0.4,     0.4,     0.5,     1.2,     2.4,    14.4,  191.0,  0.03504,      0,      0,       0,       0,       0,       0
total,                                                435801,    2309,    2309,    2309,     0.4,     0.4,     0.6,     1.3,     2.4,     6.5,  192.0,  0.03486,      0,      0,       0,       0,       0,       0
total,                                                438092,    2291,    2291,    2291,     0.4,     0.4,     0.5,     1.4,     4.8,     6.3,  193.0,  0.03469,      0,      0,       0,       0,       0,       0
total,                                                440502,    2410,    2410,    2410,     0.4,     0.4,     0.5,     1.2,     4.7,    11.4,  194.0,  0.03450,      0,      0,       0,       0,       0,       0
total,                                                442719,    2217,    2217,    2217,     0.4,     0.4,     0.6,     1.8,     6.8,    10.7,  195.0,  0.03433,      0,      0,       0,       0,       0,       0
total,                                                445194,    2475,    2475,    2475,     0.4,     0.4,     0.5,     1.3,     3.7,    29.5,  196.0,  0.03415,      0,      0,       0,       0,       0,       0
total,                                                447344,    2150,    2150,    2150,     0.5,     0.4,     0.6,     1.4,     4.3,     8.3,  197.0,  0.03399,      0,      0,       0,       0,       0,       0
total,                                                449629,    2285,    2285,    2285,     0.4,     0.4,     0.6,     1.4,     5.7,     7.5,  198.0,  0.03382,      0,      0,       0,       0,       0,       0
total,                                                452168,    2539,    2539,    2539,     0.4,     0.4,     0.5,     1.2,     2.9,     8.5,  199.0,  0.03364,      0,      0,       0,       0,       0,       0
total,                                                454337,    2169,    2169,    2169,     0.5,     0.4,     0.6,     1.5,     5.7,     7.6,  200.0,  0.03349,      0,      0,       0,       0,       0,       0
total,                                                456671,    2334,    2334,    2334,     0.4,     0.4,     0.5,     1.2,     2.8,     4.1,  201.0,  0.03332,      0,      0,       0,       0,       0,       0
total,                                                458893,    2222,    2222,    2222,     0.4,     0.4,     0.6,     1.7,     7.7,     9.0,  202.0,  0.03317,      0,      0,       0,       0,       0,       0
total,                                                461040,    2147,    2147,    2147,     0.5,     0.4,     0.6,     1.5,     4.0,     4.4,  203.0,  0.03302,      0,      0,       0,       0,       0,       0
total,                                                463282,    2242,    2242,    2242,     0.4,     0.4,     0.5,     1.3,     6.1,    12.0,  204.0,  0.03286,      0,      0,       0,       0,       0,       0
total,                                                465304,    2022,    2022,    2022,     0.5,     0.4,     0.6,     1.5,     4.1,     8.2,  205.0,  0.03273,      0,      0,       0,       0,       0,       0
total,                                                467403,    2099,    2099,    2099,     0.5,     0.4,     0.6,     1.3,     1.8,     3.6,  206.0,  0.03259,      0,      0,       0,       0,       0,       0
total,                                                469394,    1991,    1991,    1991,     0.5,     0.4,     0.6,     1.6,    14.6,    62.2,  207.0,  0.03245,      0,      0,       0,       0,       0,       0
total,                                                471658,    2264,    2264,    2264,     0.4,     0.4,     0.6,     1.1,     3.0,     4.2,  208.0,  0.03230,      0,      0,       0,       0,       0,       0
total,                                                473847,    2189,    2189,    2189,     0.4,     0.4,     0.6,     1.1,     2.1,    13.4,  209.0,  0.03216,      0,      0,       0,       0,       0,       0
total,                                                475987,    2140,    2140,    2140,     0.5,     0.4,     0.6,     1.5,     7.9,     9.0,  210.0,  0.03202,      0,      0,       0,       0,       0,       0
total,                                                478407,    2420,    2420,    2420,     0.4,     0.4,     0.6,     1.3,     2.1,     2.8,  211.0,  0.03186,      0,      0,       0,       0,       0,       0
total,                                                480763,    2356,    2356,    2356,     0.4,     0.4,     0.5,     1.3,     3.3,     6.5,  212.0,  0.03171,      0,      0,       0,       0,       0,       0
total,                                                483314,    2551,    2551,    2551,     0.4,     0.4,     0.5,     1.2,     3.5,     4.7,  213.0,  0.03155,      0,      0,       0,       0,       0,       0
total,                                                485651,    2337,    2337,    2337,     0.4,     0.4,     0.6,     1.3,     4.9,    10.0,  214.0,  0.03140,      0,      0,       0,       0,       0,       0
total,                                                487743,    2092,    2092,    2092,     0.5,     0.4,     0.6,     1.8,     6.7,    10.6,  215.0,  0.03127,      0,      0,       0,       0,       0,       0
total,                                                490019,    2276,    2276,    2276,     0.4,     0.4,     0.5,     1.3,     2.6,     8.3,  216.0,  0.03113,      0,      0,       0,       0,       0,       0
total,                                                492074,    2055,    2055,    2055,     0.5,     0.4,     0.6,     1.4,     6.2,     7.2,  217.0,  0.03101,      0,      0,       0,       0,       0,       0
total,                                                494196,    2122,    2122,    2122,     0.5,     0.4,     0.6,     1.4,     3.8,     9.8,  218.0,  0.03088,      0,      0,       0,       0,       0,       0
total,                                                496292,    2096,    2096,    2096,     0.5,     0.4,     0.6,     1.5,     4.0,     4.5,  219.0,  0.03076,      0,      0,       0,       0,       0,       0
total,                                                498666,    2374,    2374,    2374,     0.4,     0.4,     0.6,     1.6,     4.1,     8.8,  220.0,  0.03062,      0,      0,       0,       0,       0,       0
total,                                                501386,    2720,    2720,    2720,     0.4,     0.3,     0.5,     1.0,     2.1,     4.4,  221.0,  0.03047,      0,      0,       0,       0,       0,       0
total,                                                503837,    2451,    2451,    2451,     0.4,     0.4,     0.5,     1.4,     4.7,     5.5,  222.0,  0.03032,      0,      0,       0,       0,       0,       0
total,                                                506398,    2561,    2561,    2561,     0.4,     0.3,     0.5,     1.3,     3.1,     4.1,  223.0,  0.03018,      0,      0,       0,       0,       0,       0
total,                                                508795,    2397,    2397,    2397,     0.4,     0.4,     0.6,     1.3,     4.4,     5.9,  224.0,  0.03004,      0,      0,       0,       0,       0,       0
total,                                                510845,    2050,    2050,    2050,     0.5,     0.4,     0.6,     1.4,     2.7,     6.6,  225.0,  0.02993,      0,      0,       0,       0,       0,       0
total,                                                513178,    2333,    2333,    2333,     0.4,     0.4,     0.5,     1.0,     1.5,    44.6,  226.0,  0.02979,      0,      0,       0,       0,       0,       0
total,                                                515167,    1989,    1989,    1989,     0.5,     0.4,     0.7,     2.0,     5.9,     6.6,  227.0,  0.02968,      0,      0,       0,       0,       0,       0
total,                                                517326,    2159,    2159,    2159,     0.5,     0.4,     0.6,     1.1,     1.6,     2.0,  228.0,  0.02957,      0,      0,       0,       0,       0,       0
total,                                                519344,    2018,    2018,    2018,     0.5,     0.4,     0.6,     1.6,     4.3,    14.8,  229.0,  0.02946,      0,      0,       0,       0,       0,       0
total,                                                521647,    2303,    2303,    2303,     0.4,     0.4,     0.6,     1.4,     2.7,     9.3,  230.0,  0.02933,      0,      0,       0,       0,       0,       0
total,                                                524055,    2408,    2408,    2408,     0.4,     0.4,     0.5,     1.3,     2.4,     4.5,  231.0,  0.02920,      0,      0,       0,       0,       0,       0
total,                                                526212,    2157,    2157,    2157,     0.5,     0.4,     0.6,     1.4,     4.8,     6.3,  232.0,  0.02909,      0,      0,       0,       0,       0,       0
total,                                                528439,    2227,    2227,    2227,     0.4,     0.4,     0.6,     1.5,     8.0,    11.7,  233.0,  0.02897,      0,      0,       0,       0,       0,       0
total,                                                530529,    2090,    2090,    2090,     0.5,     0.4,     0.6,     1.8,    10.8,    68.6,  234.0,  0.02885,      0,      0,       0,       0,       0,       0
total,                                                533052,    2523,    2523,    2523,     0.4,     0.4,     0.5,     1.1,     2.9,     5.7,  235.0,  0.02872,      0,      0,       0,       0,       0,       0
total,                                                535460,    2408,    2408,    2408,     0.4,     0.4,     0.6,     1.3,     9.2,    14.7,  236.0,  0.02859,      0,      0,       0,       0,       0,       0
total,                                                538009,    2549,    2549,    2549,     0.4,     0.3,     0.5,     1.2,     4.3,     9.9,  237.0,  0.02846,      0,      0,       0,       0,       0,       0
total,                                                540863,    2854,    2854,    2854,     0.3,     0.3,     0.5,     1.1,     3.4,     3.6,  238.0,  0.02833,      0,      0,       0,       0,       0,       0
total,                                                543561,    2698,    2698,    2698,     0.4,     0.3,     0.5,     1.3,     5.2,     7.5,  239.0,  0.02820,      0,      0,       0,       0,       0,       0
total,                                                546025,    2464,    2464,    2464,     0.4,     0.3,     0.5,     1.4,     7.0,    10.9,  240.0,  0.02808,      0,      0,       0,       0,       0,       0
total,                                                548508,    2483,    2483,    2483,     0.4,     0.4,     0.5,     1.3,     6.0,     8.7,  241.0,  0.02795,      0,      0,       0,       0,       0,       0
total,                                                550862,    2354,    2354,    2354,     0.4,     0.4,     0.6,     1.3,     5.4,     8.8,  242.0,  0.02784,      0,      0,       0,       0,       0,       0
total,                                                553171,    2309,    2309,    2309,     0.4,     0.4,     0.6,     1.2,     2.8,     6.1,  243.0,  0.02772,      0,      0,       0,       0,       0,       0
total,                                                555440,    2269,    2269,    2269,     0.4,     0.4,     0.6,     1.5,    11.3,    13.1,  244.0,  0.02761,      0,      0,       0,       0,       0,       0
total,                                                557920,    2480,    2480,    2480,     0.4,     0.4,     0.5,     1.1,     2.9,     4.8,  245.0,  0.02750,      0,      0,       0,       0,       0,       0
total,                                                560358,    2438,    2438,    2438,     0.4,     0.4,     0.5,     1.3,     2.8,    14.1,  246.0,  0.02738,      0,      0,       0,       0,       0,       0
total,                                                563068,    2710,    2710,    2710,     0.4,     0.3,     0.5,     1.0,     2.7,     4.8,  247.0,  0.02726,      0,      0,       0,       0,       0,       0
total,                                                565664,    2596,    2596,    2596,     0.4,     0.3,     0.5,     1.2,     5.2,     6.6,  248.0,  0.02714,      0,      0,       0,       0,       0,       0
total,                                                567721,    2057,    2057,    2057,     0.5,     0.4,     0.6,     1.5,     5.0,     8.8,  249.0,  0.02705,      0,      0,       0,       0,       0,       0
total,                                                569882,    2161,    2161,    2161,     0.5,     0.4,     0.6,     1.5,     4.3,     8.7,  250.0,  0.02695,      0,      0,       0,       0,       0,       0
total,                                                572088,    2206,    2206,    2206,     0.4,     0.4,     0.6,     1.3,     2.8,     5.5,  251.0,  0.02685,      0,      0,       0,       0,       0,       0
total,                                                574553,    2465,    2465,    2465,     0.4,     0.4,     0.5,     1.2,     2.2,     7.8,  252.0,  0.02674,      0,      0,       0,       0,       0,       0
total,                                                576846,    2293,    2293,    2293,     0.4,     0.4,     0.5,     1.3,     4.1,    15.1,  253.0,  0.02663,      0,      0,       0,       0,       0,       0
total,                                                578760,    1914,    1914,    1914,     0.5,     0.4,     0.7,     1.8,     8.0,    48.0,  254.0,  0.02655,      0,      0,       0,       0,       0,       0
total,                                                581016,    2256,    2256,    2256,     0.4,     0.4,     0.6,     1.1,     2.8,     4.5,  255.0,  0.02645,      0,      0,       0,       0,       0,       0
total,                                                583405,    2389,    2389,    2389,     0.4,     0.4,     0.5,     1.3,     3.0,     4.2,  256.0,  0.02634,      0,      0,       0,       0,       0,       0
total,                                                585956,    2551,    2551,    2551,     0.4,     0.4,     0.5,     1.1,     2.6,     4.3,  257.0,  0.02623,      0,      0,       0,       0,       0,       0
total,                                                588560,    2604,    2604,    2604,     0.4,     0.3,     0.5,     1.3,     2.8,     5.5,  258.0,  0.02612,      0,      0,       0,       0,       0,       0
total,                                                591082,    2522,    2522,    2522,     0.4,     0.4,     0.5,     1.0,     2.2,     8.1,  259.0,  0.02602,      0,      0,       0,       0,       0,       0
total,                                                593133,    2051,    2051,    2051,     0.5,     0.4,     0.6,     1.4,     7.6,    55.7,  260.0,  0.02593,      0,      0,       0,       0,       0,       0
total,                                                595080,    1947,    1947,    1947,     0.5,     0.4,     0.7,     2.1,     7.2,    16.8,  261.0,  0.02585,      0,      0,       0,       0,       0,       0
total,                                                597322,    2242,    2242,    2242,     0.4,     0.4,     0.6,     1.4,     2.0,     2.6,  262.0,  0.02576,      0,      0,       0,       0,       0,       0
total,                                                599473,    2151,    2151,    2151,     0.5,     0.4,     0.6,     1.6,     5.7,     8.1,  263.0,  0.02567,      0,      0,       0,       0,       0,       0
total,                                                601691,    2218,    2218,    2218,     0.4,     0.4,     0.6,     1.3,     8.3,    11.6,  264.0,  0.02557,      0,      0,       0,       0,       0,       0
total,                                                604202,    2511,    2511,    2511,     0.4,     0.4,     0.5,     1.1,     2.2,    10.1,  265.0,  0.02547,      0,      0,       0,       0,       0,       0
total,                                                606873,    2671,    2671,    2671,     0.4,     0.3,     0.5,     1.0,     2.9,     6.2,  266.0,  0.02537,      0,      0,       0,       0,       0,       0
total,                                                609362,    2489,    2489,    2489,     0.4,     0.4,     0.5,     1.2,     3.3,    14.0,  267.0,  0.02527,      0,      0,       0,       0,       0,       0
total,                                                611689,    2327,    2327,    2327,     0.4,     0.4,     0.6,     1.3,     2.7,    10.0,  268.0,  0.02517,      0,      0,       0,       0,       0,       0
total,                                                613929,    2240,    2240,    2240,     0.4,     0.4,     0.6,     1.2,     2.6,     4.9,  269.0,  0.02508,      0,      0,       0,       0,       0,       0
total,                                                616136,    2207,    2207,    2207,     0.4,     0.4,     0.6,     1.5,     5.4,    10.7,  270.0,  0.02500,      0,      0,       0,       0,       0,       0
total,                                                618339,    2203,    2203,    2203,     0.4,     0.4,     0.6,     1.3,     4.4,     6.8,  271.0,  0.02491,      0,      0,       0,       0,       0,       0
total,                                                620717,    2378,    2378,    2378,     0.4,     0.4,     0.6,     1.3,     3.2,     7.4,  272.0,  0.02482,      0,      0,       0,       0,       0,       0
total,                                                623050,    2333,    2333,    2333,     0.4,     0.4,     0.6,     1.4,     4.4,     7.4,  273.0,  0.02473,      0,      0,       0,       0,       0,       0
total,                                                625566,    2516,    2516,    2516,     0.4,     0.4,     0.5,     1.2,     3.4,     9.0,  274.0,  0.02463,      0,      0,       0,       0,       0,       0
total,                                                628083,    2517,    2517,    2517,     0.4,     0.3,     0.6,     1.4,     3.4,    10.4,  275.0,  0.02454,      0,      0,       0,       0,       0,       0
total,                                                630257,    2174,    2174,    2174,     0.5,     0.4,     0.6,     1.5,     4.9,    22.4,  276.0,  0.02445,      0,      0,       0,       0,       0,       0
total,                                                632770,    2513,    2513,    2513,     0.4,     0.4,     0.5,     1.1,     2.7,     4.6,  277.0,  0.02436,      0,      0,       0,       0,       0,       0
total,                                                634872,    2102,    2102,    2102,     0.5,     0.4,     0.6,     1.6,     6.9,    10.4,  278.0,  0.02428,      0,      0,       0,       0,       0,       0
total,                                                637234,    2362,    2362,    2362,     0.4,     0.4,     0.5,     1.2,     3.9,    11.4,  279.0,  0.02419,      0,      0,       0,       0,       0,       0
total,                                                639519,    2285,    2285,    2285,     0.4,     0.4,     0.6,     1.5,     4.6,     7.0,  280.0,  0.02411,      0,      0,       0,       0,       0,       0
total,                                                641950,    2431,    2431,    2431,     0.4,     0.4,     0.5,     1.3,     4.3,     5.1,  281.0,  0.02402,      0,      0,       0,       0,       0,       0
total,                                                644297,    2347,    2347,    2347,     0.4,     0.4,     0.5,     1.2,     1.8,     2.0,  282.0,  0.02394,      0,      0,       0,       0,       0,       0
total,                                                646573,    2276,    2276,    2276,     0.4,     0.4,     0.6,     1.3,     4.2,    14.2,  283.0,  0.02385,      0,      0,       0,       0,       0,       0
total,                                                648991,    2418,    2418,    2418,     0.4,     0.4,     0.5,     1.2,     6.1,    33.2,  284.0,  0.02376,      0,      0,       0,       0,       0,       0
total,                                                651306,    2315,    2315,    2315,     0.4,     0.4,     0.5,     1.2,     4.2,     7.5,  285.0,  0.02368,      0,      0,       0,       0,       0,       0
total,                                                653375,    2069,    2069,    2069,     0.5,     0.4,     0.6,     1.3,     4.2,    68.0,  286.0,  0.02360,      0,      0,       0,       0,       0,       0
total,                                                655632,    2257,    2257,    2257,     0.4,     0.4,     0.5,     1.4,     3.5,     3.7,  287.0,  0.02353,      0,      0,       0,       0,       0,       0
total,                                                657863,    2231,    2231,    2231,     0.4,     0.4,     0.5,     1.6,     5.6,     9.1,  288.0,  0.02345,      0,      0,       0,       0,       0,       0
total,                                                660268,    2405,    2405,    2405,     0.4,     0.4,     0.5,     1.3,     3.1,    10.3,  289.0,  0.02336,      0,      0,       0,       0,       0,       0
total,                                                662648,    2380,    2380,    2380,     0.4,     0.4,     0.5,     1.3,     3.5,     8.7,  290.0,  0.02328,      0,      0,       0,       0,       0,       0
total,                                                664991,    2343,    2343,    2343,     0.4,     0.4,     0.5,     1.6,     4.5,     8.6,  291.0,  0.02320,      0,      0,       0,       0,       0,       0
total,                                                667435,    2444,    2444,    2444,     0.4,     0.4,     0.5,     1.2,     3.6,     4.3,  292.0,  0.02312,      0,      0,       0,       0,       0,       0
total,                                                669689,    2254,    2254,    2254,     0.4,     0.4,     0.6,     1.5,     5.7,     8.1,  293.0,  0.02304,      0,      0,       0,       0,       0,       0
total,                                                671959,    2270,    2270,    2270,     0.4,     0.4,     0.6,     1.3,     4.0,     7.2,  294.0,  0.02297,      0,      0,       0,       0,       0,       0
total,                                                674190,    2231,    2231,    2231,     0.4,     0.4,     0.6,     1.5,     6.6,     8.7,  295.0,  0.02289,      0,      0,       0,       0,       0,       0
total,                                                676476,    2286,    2286,    2286,     0.4,     0.4,     0.6,     1.3,     2.5,     5.8,  296.0,  0.02282,      0,      0,       0,       0,       0,       0
total,                                                678574,    2098,    2098,    2098,     0.5,     0.4,     0.6,     1.4,     5.4,    15.8,  297.0,  0.02275,      0,      0,       0,       0,       0,       0
total,                                                680631,    2057,    2057,    2057,     0.5,     0.4,     0.6,     1.6,    11.7,    35.9,  298.0,  0.02268,      0,      0,       0,       0,       0,       0
total,                                                683203,    2572,    2572,    2572,     0.4,     0.4,     0.5,     1.2,     3.4,    10.7,  299.0,  0.02260,      0,      0,       0,       0,       0,       0
total,                                                685475,    2272,    2272,    2272,     0.4,     0.4,     0.6,     1.7,     6.2,    11.4,  300.0,  0.02253,      0,      0,       0,       0,       0,       0
total,                                                687849,    2374,    2374,    2374,     0.4,     0.4,     0.6,     1.5,     2.8,     6.5,  301.0,  0.02245,      0,      0,       0,       0,       0,       0
total,                                                690251,    2402,    2402,    2402,     0.4,     0.4,     0.5,     1.2,     4.2,     5.7,  302.0,  0.02238,      0,      0,       0,       0,       0,       0
total,                                                692261,    2010,    2010,    2010,     0.5,     0.4,     0.7,     1.8,     4.8,     7.2,  303.0,  0.02232,      0,      0,       0,       0,       0,       0
total,                                                694385,    2124,    2124,    2124,     0.5,     0.4,     0.6,     1.3,     3.2,     6.4,  304.0,  0.02225,      0,      0,       0,       0,       0,       0
total,                                                696725,    2340,    2340,    2340,     0.4,     0.4,     0.6,     1.4,     5.5,     7.3,  305.0,  0.02218,      0,      0,       0,       0,       0,       0
total,                                                699000,    2275,    2275,    2275,     0.4,     0.4,     0.5,     1.2,     4.1,     6.6,  306.0,  0.02211,      0,      0,       0,       0,       0,       0
total,                                                701296,    2296,    2296,    2296,     0.4,     0.4,     0.5,     1.3,     4.1,     8.3,  307.0,  0.02204,      0,      0,       0,       0,       0,       0
total,                                                703330,    2034,    2034,    2034,     0.5,     0.4,     0.6,     1.7,     7.5,    11.1,  308.0,  0.02198,      0,      0,       0,       0,       0,       0
total,                                                705431,    2101,    2101,    2101,     0.4,     0.4,     0.6,     1.2,     2.0,     3.3,  309.0,  0.02192,      0,      0,       0,       0,       0,       0
total,                                                707431,    2000,    2000,    2000,     0.5,     0.4,     0.6,     1.3,     6.6,    86.9,  310.0,  0.02185,      0,      0,       0,       0,       0,       0
total,                                                709999,    2568,    2568,    2568,     0.4,     0.3,     0.5,     1.6,     3.2,     9.8,  311.0,  0.02178,      0,      0,       0,       0,       0,       0
total,                                                712718,    2719,    2719,    2719,     0.4,     0.3,     0.4,     1.2,     3.7,     6.9,  312.0,  0.02170,      0,      0,       0,       0,       0,       0
total,                                                715204,    2486,    2486,    2486,     0.4,     0.3,     0.5,     1.3,     4.9,    62.7,  313.0,  0.02163,      0,      0,       0,       0,       0,       0
total,                                                718119,    2915,    2915,    2915,     0.3,     0.3,     0.4,     0.9,     1.9,     7.7,  314.0,  0.02156,      0,      0,       0,       0,       0,       0
total,                                                720533,    2414,    2414,    2414,     0.4,     0.4,     0.5,     1.3,     4.9,    33.3,  315.0,  0.02148,      0,      0,       0,       0,       0,       0
total,                                                722866,    2333,    2333,    2333,     0.4,     0.4,     0.5,     1.1,     2.1,     2.1,  316.0,  0.02142,      0,      0,       0,       0,       0,       0
total,                                                724901,    2035,    2035,    2035,     0.5,     0.4,     0.6,     1.7,     4.7,    13.1,  317.0,  0.02136,      0,      0,       0,       0,       0,       0
total,                                                727398,    2497,    2497,    2497,     0.4,     0.4,     0.5,     1.0,     1.7,     5.8,  318.0,  0.02129,      0,      0,       0,       0,       0,       0
total,                                                729811,    2413,    2413,    2413,     0.4,     0.4,     0.5,     1.3,     3.3,    12.7,  319.0,  0.02122,      0,      0,       0,       0,       0,       0
total,                                                731930,    2119,    2119,    2119,     0.5,     0.4,     0.6,     2.3,     8.0,    10.8,  320.0,  0.02116,      0,      0,       0,       0,       0,       0
total,                                                734075,    2145,    2145,    2145,     0.5,     0.4,     0.6,     1.4,     9.0,    17.4,  321.0,  0.02110,      0,      0,       0,       0,       0,       0
total,                                                736290,    2215,    2215,    2215,     0.4,     0.4,     0.6,     1.2,     3.4,     5.5,  322.0,  0.02104,      0,      0,       0,       0,       0,       0
total,                                                738953,    2663,    2663,    2663,     0.4,     0.3,     0.5,     1.1,     2.0,    13.0,  323.0,  0.02097,      0,      0,       0,       0,       0,       0
total,                                                741639,    2686,    2686,    2686,     0.4,     0.3,     0.5,     0.9,     3.9,     5.0,  324.0,  0.02090,      0,      0,       0,       0,       0,       0
total,                                                744055,    2416,    2416,    2416,     0.4,     0.4,     0.6,     1.7,     5.9,     6.4,  325.0,  0.02084,      0,      0,       0,       0,       0,       0
total,                                                746547,    2492,    2492,    2492,     0.4,     0.4,     0.5,     1.3,     6.8,    11.6,  326.0,  0.02077,      0,      0,       0,       0,       0,       0
total,                                                748672,    2125,    2125,    2125,     0.5,     0.4,     0.6,     1.6,     5.8,     7.5,  327.0,  0.02071,      0,      0,       0,       0,       0,       0
total,                                                750774,    2102,    2102,    2102,     0.5,     0.4,     0.6,     1.3,     2.1,     2.4,  328.0,  0.02066,      0,      0,       0,       0,       0,       0
total,                                                752827,    2053,    2053,    2053,     0.5,     0.4,     0.6,     1.4,     3.2,    12.5,  329.0,  0.02061,      0,      0,       0,       0,       0,       0
total,                                                754895,    2068,    2068,    2068,     0.5,     0.4,     0.6,     1.4,     3.3,     4.3,  330.0,  0.02055,      0,      0,       0,       0,       0,       0
total,                                                757294,    2399,    2399,    2399,     0.4,     0.4,     0.5,     1.4,     4.3,     9.0,  331.0,  0.02049,      0,      0,       0,       0,       0,       0
total,                                                759789,    2495,    2495,    2495,     0.4,     0.3,     0.5,     1.4,     5.6,    15.2,  332.0,  0.02042,      0,      0,       0,       0,       0,       0
total,                                                762232,    2443,    2443,    2443,     0.4,     0.4,     0.5,     1.3,     2.8,     3.7,  333.0,  0.02036,      0,      0,       0,       0,       0,       0
total,                                                764373,    2141,    2141,    2141,     0.5,     0.4,     0.6,     2.0,     6.0,     8.3,  334.0,  0.02031,      0,      0,       0,       0,       0,       0
total,                                                766509,    2136,    2136,    2136,     0.5,     0.4,     0.6,     1.3,     6.0,    11.7,  335.0,  0.02025,      0,      0,       0,       0,       0,       0
total,                                                768923,    2414,    2414,    2414,     0.4,     0.4,     0.5,     1.2,     1.8,     3.8,  336.0,  0.02019,      0,      0,       0,       0,       0,       0
total,                                                771019,    2096,    2096,    2096,     0.5,     0.4,     0.6,     1.8,     5.2,     6.4,  337.0,  0.02014,      0,      0,       0,       0,       0,       0
total,                                                773236,    2217,    2217,    2217,     0.4,     0.4,     0.6,     1.5,     3.6,     4.1,  338.0,  0.02008,      0,      0,       0,       0,       0,       0
total,                                                775442,    2206,    2206,    2206,     0.4,     0.4,     0.6,     1.4,     9.4,    13.1,  339.0,  0.02003,      0,      0,       0,       0,       0,       0
total,                                                777730,    2288,    2288,    2288,     0.4,     0.4,     0.5,     1.3,     4.2,    65.4,  340.0,  0.01997,      0,      0,       0,       0,       0,       0
total,                                                780239,    2509,    2509,    2509,     0.4,     0.4,     0.5,     1.2,     2.9,    10.3,  341.0,  0.01990,      0,      0,       0,       0,       0,       0
total,                                                782851,    2612,    2612,    2612,     0.4,     0.3,     0.5,     1.2,     6.9,    10.2,  342.0,  0.01984,      0,      0,       0,       0,       0,       0
total,                                                785470,    2619,    2619,    2619,     0.4,     0.4,     0.5,     1.1,     3.8,     8.7,  343.0,  0.01978,      0,      0,       0,       0,       0,       0
total,                                                787728,    2258,    2258,    2258,     0.4,     0.4,     0.6,     1.4,     6.5,    10.2,  344.0,  0.01972,      0,      0,       0,       0,       0,       0
total,                                                789920,    2192,    2192,    2192,     0.4,     0.4,     0.5,     1.3,     4.6,    35.6,  345.0,  0.01967,      0,      0,       0,       0,       0,       0
total,                                                792265,    2345,    2345,    2345,     0.4,     0.4,     0.5,     1.2,     3.1,     5.5,  346.0,  0.01961,      0,      0,       0,       0,       0,       0
total,                                                794345,    2080,    2080,    2080,     0.5,     0.4,     0.6,     1.5,     4.2,     5.4,  347.0,  0.01956,      0,      0,       0,       0,       0,       0
total,                                                796494,    2149,    2149,    2149,     0.5,     0.4,     0.6,     1.1,     2.0,     2.4,  348.0,  0.01951,      0,      0,       0,       0,       0,       0
total,                                                798584,    2090,    2090,    2090,     0.5,     0.4,     0.6,     1.5,     4.4,     7.9,  349.0,  0.01947,      0,      0,       0,       0,       0,       0
total,                                                801023,    2439,    2439,    2439,     0.4,     0.4,     0.5,     1.3,     2.7,     5.0,  350.0,  0.01941,      0,      0,       0,       0,       0,       0
total,                                                803244,    2221,    2221,    2221,     0.4,     0.4,     0.6,     1.7,     8.5,    12.6,  351.0,  0.01936,      0,      0,       0,       0,       0,       0
total,                                                805700,    2456,    2456,    2456,     0.4,     0.4,     0.5,     1.5,     6.5,     8.9,  352.0,  0.01930,      0,      0,       0,       0,       0,       0
total,                                                808356,    2656,    2656,    2656,     0.4,     0.3,     0.5,     1.1,     2.3,     4.5,  353.0,  0.01924,      0,      0,       0,       0,       0,       0
total,                                                810288,    1932,    1932,    1932,     0.5,     0.4,     0.6,     3.1,    23.2,    31.9,  354.0,  0.01920,      0,      0,       0,       0,       0,       0
total,                                                812893,    2605,    2605,    2605,     0.4,     0.3,     0.5,     1.1,     2.4,     3.7,  355.0,  0.01914,      0,      0,       0,       0,       0,       0
total,                                                815317,    2424,    2424,    2424,     0.4,     0.4,     0.6,     1.4,     2.8,     4.6,  356.0,  0.01909,      0,      0,       0,       0,       0,       0
total,                                                817527,    2210,    2210,    2210,     0.4,     0.4,     0.6,     1.2,     3.8,     7.1,  357.0,  0.01904,      0,      0,       0,       0,       0,       0
total,                                                819612,    2085,    2085,    2085,     0.5,     0.4,     0.6,     1.4,     2.7,    11.1,  358.0,  0.01899,      0,      0,       0,       0,       0,       0
total,                                                821851,    2239,    2239,    2239,     0.4,     0.4,     0.6,     1.6,     5.4,    15.3,  359.0,  0.01894,      0,      0,       0,       0,       0,       0
total,                                                824205,    2354,    2354,    2354,     0.4,     0.4,     0.5,     1.2,     6.4,     7.7,  360.0,  0.01889,      0,      0,       0,       0,       0,       0
total,                                                826687,    2482,    2482,    2482,     0.4,     0.4,     0.5,     1.6,     5.6,     8.3,  361.0,  0.01883,      0,      0,       0,       0,       0,       0
total,                                                829372,    2685,    2685,    2685,     0.4,     0.3,     0.5,     1.2,     7.0,    15.2,  362.0,  0.01878,      0,      0,       0,       0,       0,       0
total,                                                832094,    2722,    2722,    2722,     0.4,     0.3,     0.5,     1.1,     2.7,    29.3,  363.0,  0.01872,      0,      0,       0,       0,       0,       0
total,                                                834397,    2303,    2303,    2303,     0.4,     0.4,     0.6,     1.3,     6.5,     7.2,  364.0,  0.01867,      0,      0,       0,       0,       0,       0
total,                                                836568,    2171,    2171,    2171,     0.4,     0.4,     0.6,     1.2,     3.1,     4.5,  365.0,  0.01863,      0,      0,       0,       0,       0,       0
total,                                                838800,    2232,    2232,    2232,     0.4,     0.4,     0.5,     1.4,     4.1,    60.1,  366.0,  0.01857,      0,      0,       0,       0,       0,       0
total,                                                841314,    2514,    2514,    2514,     0.4,     0.4,     0.5,     1.3,     2.1,     4.6,  367.0,  0.01852,      0,      0,       0,       0,       0,       0
total,                                                843760,    2446,    2446,    2446,     0.4,     0.4,     0.5,     1.2,     6.4,     7.0,  368.0,  0.01847,      0,      0,       0,       0,       0,       0
total,                                                846067,    2307,    2307,    2307,     0.4,     0.4,     0.6,     1.2,     5.9,    15.5,  369.0,  0.01842,      0,      0,       0,       0,       0,       0
total,                                                848526,    2459,    2459,    2459,     0.4,     0.4,     0.5,     1.3,     2.0,     3.9,  370.0,  0.01837,      0,      0,       0,       0,       0,       0
total,                                                850974,    2448,    2448,    2448,     0.4,     0.4,     0.5,     1.4,     4.4,     7.1,  371.0,  0.01832,      0,      0,       0,       0,       0,       0
total,                                                853568,    2594,    2594,    2594,     0.4,     0.4,     0.5,     1.1,     2.4,     3.2,  372.0,  0.01826,      0,      0,       0,       0,       0,       0
total,                                                855882,    2314,    2314,    2314,     0.4,     0.4,     0.5,     1.4,     3.9,    10.9,  373.0,  0.01821,      0,      0,       0,       0,       0,       0
total,                                                858160,    2278,    2278,    2278,     0.4,     0.4,     0.6,     1.6,     5.6,     9.6,  374.0,  0.01817,      0,      0,       0,       0,       0,       0
total,                                                860568,    2408,    2408,    2408,     0.4,     0.4,     0.5,     1.2,     2.7,     4.0,  375.0,  0.01812,      0,      0,       0,       0,       0,       0
total,                                                862825,    2257,    2257,    2257,     0.4,     0.4,     0.6,     1.7,     8.8,    13.8,  376.0,  0.01807,      0,      0,       0,       0,       0,       0
total,                                                865318,    2493,    2493,    2493,     0.4,     0.4,     0.5,     1.2,     3.3,     8.9,  377.0,  0.01802,      0,      0,       0,       0,       0,       0
total,                                                867315,    1997,    1997,    1997,     0.5,     0.4,     0.6,     1.6,     6.3,     9.9,  378.0,  0.01798,      0,      0,       0,       0,       0,       0
total,                                                867641,     326,     326,     326,     0.5,     0.5,     0.9,     2.2,     5.4,     5.4,  379.0,  0.01812,      0,      0,       0,       0,       0,       0
total,                                                869739,    2098,    2098,    2098,     0.9,     0.4,     0.6,     1.1,     4.5,   865.6,  380.0,  0.02305,      0,      0,       0,       0,       0,       0
total,                                                871925,    2186,    2186,    2186,     0.4,     0.4,     0.6,     1.3,     3.0,     9.7,  381.0,  0.02300,      0,      0,       0,       0,       0,       0
total,                                                874068,    2143,    2143,    2143,     0.5,     0.4,     0.6,     1.5,     5.6,    18.9,  382.0,  0.02294,      0,      0,       0,       0,       0,       0
total,                                                876307,    2239,    2239,    2239,     0.4,     0.4,     0.6,     1.1,     2.7,     9.6,  383.0,  0.02289,      0,      0,       0,       0,       0,       0
total,                                                878604,    2297,    2297,    2297,     0.4,     0.4,     0.5,     1.7,     6.0,    12.8,  384.0,  0.02283,      0,      0,       0,       0,       0,       0
total,                                                881024,    2420,    2420,    2420,     0.4,     0.4,     0.5,     1.2,     3.1,     4.1,  385.0,  0.02277,      0,      0,       0,       0,       0,       0
total,                                                883532,    2508,    2508,    2508,     0.4,     0.4,     0.5,     1.2,     4.0,    11.3,  386.0,  0.02270,      0,      0,       0,       0,       0,       0
total,                                                886045,    2513,    2513,    2513,     0.4,     0.4,     0.5,     1.2,     2.7,     6.3,  387.0,  0.02264,      0,      0,       0,       0,       0,       0
total,                                                888577,    2532,    2532,    2532,     0.4,     0.4,     0.5,     1.1,     4.2,     4.2,  388.0,  0.02258,      0,      0,       0,       0,       0,       0
total,                                                890948,    2371,    2371,    2371,     0.4,     0.4,     0.5,     1.4,     4.9,     8.0,  389.0,  0.02252,      0,      0,       0,       0,       0,       0
total,                                                893214,    2266,    2266,    2266,     0.4,     0.4,     0.6,     1.5,     3.1,     4.3,  390.0,  0.02247,      0,      0,       0,       0,       0,       0
total,                                                895444,    2230,    2230,    2230,     0.4,     0.4,     0.6,     1.7,     6.9,     9.8,  391.0,  0.02241,      0,      0,       0,       0,       0,       0
total,                                                897557,    2113,    2113,    2113,     0.5,     0.4,     0.6,     1.4,     5.6,     9.2,  392.0,  0.02236,      0,      0,       0,       0,       0,       0
total,                                                899578,    2021,    2021,    2021,     0.5,     0.4,     0.6,     1.4,     4.7,    80.9,  393.0,  0.02231,      0,      0,       0,       0,       0,       0
total,                                                901832,    2254,    2254,    2254,     0.4,     0.4,     0.6,     1.6,     5.7,    10.0,  394.0,  0.02226,      0,      0,       0,       0,       0,       0
total,                                                904325,    2493,    2493,    2493,     0.4,     0.4,     0.5,     1.2,     5.7,     9.7,  395.0,  0.02220,      0,      0,       0,       0,       0,       0
total,                                                906872,    2547,    2547,    2547,     0.4,     0.4,     0.5,     1.3,     4.1,     5.1,  396.0,  0.02214,      0,      0,       0,       0,       0,       0
total,                                                909349,    2477,    2477,    2477,     0.4,     0.4,     0.5,     1.3,     3.3,     4.9,  397.0,  0.02208,      0,      0,       0,       0,       0,       0
total,                                                911876,    2527,    2527,    2527,     0.4,     0.4,     0.5,     1.3,     4.4,    10.4,  398.0,  0.02202,      0,      0,       0,       0,       0,       0
total,                                                914035,    2159,    2159,    2159,     0.5,     0.4,     0.6,     1.5,     5.9,    21.8,  399.0,  0.02197,      0,      0,       0,       0,       0,       0
total,                                                916588,    2553,    2553,    2553,     0.4,     0.4,     0.5,     1.3,     4.3,     6.1,  400.0,  0.02191,      0,      0,       0,       0,       0,       0
total,                                                918864,    2276,    2276,    2276,     0.4,     0.4,     0.6,     1.5,     5.2,     8.5,  401.0,  0.02186,      0,      0,       0,       0,       0,       0
total,                                                921072,    2208,    2208,    2208,     0.4,     0.4,     0.6,     1.3,     2.0,     8.4,  402.0,  0.02181,      0,      0,       0,       0,       0,       0
total,                                                923479,    2407,    2407,    2407,     0.4,     0.4,     0.5,     1.0,     2.4,     2.9,  403.0,  0.02176,      0,      0,       0,       0,       0,       0
total,                                                926117,    2638,    2638,    2638,     0.4,     0.3,     0.5,     1.4,     4.2,     5.8,  404.0,  0.02170,      0,      0,       0,       0,       0,       0
total,                                                928710,    2593,    2593,    2593,     0.4,     0.3,     0.5,     1.1,     2.3,     2.8,  405.0,  0.02164,      0,      0,       0,       0,       0,       0
total,                                                931303,    2593,    2593,    2593,     0.4,     0.3,     0.5,     1.4,     5.5,     7.7,  406.0,  0.02158,      0,      0,       0,       0,       0,       0
total,                                                933855,    2552,    2552,    2552,     0.4,     0.3,     0.5,     1.3,     3.5,     4.9,  407.0,  0.02153,      0,      0,       0,       0,       0,       0
total,                                                936431,    2576,    2576,    2576,     0.4,     0.3,     0.5,     1.3,     3.7,     5.5,  408.0,  0.02147,      0,      0,       0,       0,       0,       0
total,                                                938623,    2192,    2192,    2192,     0.4,     0.4,     0.6,     1.5,     5.4,     8.0,  409.0,  0.02142,      0,      0,       0,       0,       0,       0
total,                                                940979,    2356,    2356,    2356,     0.4,     0.4,     0.5,     1.3,     3.8,     6.7,  410.0,  0.02137,      0,      0,       0,       0,       0,       0
total,                                                943155,    2176,    2176,    2176,     0.5,     0.4,     0.6,     1.8,     9.4,    19.7,  411.0,  0.02132,      0,      0,       0,       0,       0,       0
total,                                                945315,    2160,    2160,    2160,     0.5,     0.4,     0.6,     1.5,     4.1,    10.0,  412.0,  0.02128,      0,      0,       0,       0,       0,       0
total,                                                947512,    2197,    2197,    2197,     0.4,     0.4,     0.6,     1.3,     4.7,     7.9,  413.0,  0.02123,      0,      0,       0,       0,       0,       0
total,                                                949450,    1938,    1938,    1938,     0.5,     0.4,     0.7,     2.0,     7.4,    14.1,  414.0,  0.02119,      0,      0,       0,       0,       0,       0
total,                                                951502,    2052,    2052,    2052,     0.5,     0.4,     0.6,     1.5,     2.5,     9.5,  415.0,  0.02115,      0,      0,       0,       0,       0,       0
total,                                                953674,    2172,    2172,    2172,     0.5,     0.4,     0.6,     1.3,     3.8,     5.7,  416.0,  0.02110,      0,      0,       0,       0,       0,       0
total,                                                955947,    2273,    2273,    2273,     0.4,     0.4,     0.6,     1.3,     2.7,     5.5,  417.0,  0.02106,      0,      0,       0,       0,       0,       0
total,                                                957979,    2032,    2032,    2032,     0.5,     0.4,     0.6,     1.4,     6.5,    11.6,  418.0,  0.02101,      0,      0,       0,       0,       0,       0
total,                                                960036,    2057,    2057,    2057,     0.5,     0.4,     0.6,     2.4,     5.5,     9.5,  419.0,  0.02097,      0,      0,       0,       0,       0,       0
total,                                                962480,    2444,    2444,    2444,     0.4,     0.4,     0.5,     1.1,     5.6,    61.3,  420.0,  0.02092,      0,      0,       0,       0,       0,       0
total,                                                964986,    2506,    2506,    2506,     0.4,     0.4,     0.5,     1.3,     3.6,    14.0,  421.0,  0.02087,      0,      0,       0,       0,       0,       0
total,                                                967123,    2137,    2137,    2137,     0.5,     0.4,     0.6,     1.9,    10.0,    13.7,  422.0,  0.02082,      0,      0,       0,       0,       0,       0
total,                                                969515,    2392,    2392,    2392,     0.4,     0.4,     0.6,     1.3,     4.1,     6.8,  423.0,  0.02077,      0,      0,       0,       0,       0,       0
total,                                                971983,    2468,    2468,    2468,     0.4,     0.4,     0.5,     1.2,     3.9,     7.6,  424.0,  0.02072,      0,      0,       0,       0,       0,       0
total,                                                974584,    2601,    2601,    2601,     0.4,     0.4,     0.5,     1.1,     3.0,     5.5,  425.0,  0.02067,      0,      0,       0,       0,       0,       0
total,                                                977028,    2444,    2444,    2444,     0.4,     0.4,     0.5,     1.2,     4.3,    28.6,  426.0,  0.02062,      0,      0,       0,       0,       0,       0
total,                                                979203,    2175,    2175,    2175,     0.5,     0.3,     0.5,     1.1,     3.1,   187.6,  427.0,  0.02057,      0,      0,       0,       0,       0,       0
total,                                                981754,    2551,    2551,    2551,     0.4,     0.3,     0.5,     1.3,     3.7,     9.0,  428.0,  0.02052,      0,      0,       0,       0,       0,       0
total,                                                984144,    2390,    2390,    2390,     0.4,     0.4,     0.6,     1.2,     3.2,     4.3,  429.0,  0.02047,      0,      0,       0,       0,       0,       0
total,                                                986668,    2524,    2524,    2524,     0.4,     0.4,     0.5,     1.2,     2.2,     7.7,  430.0,  0.02042,      0,      0,       0,       0,       0,       0
total,                                                988953,    2285,    2285,    2285,     0.4,     0.4,     0.5,     1.7,     5.6,     6.3,  431.0,  0.02037,      0,      0,       0,       0,       0,       0
total,                                                991123,    2170,    2170,    2170,     0.5,     0.4,     0.6,     1.5,     6.1,     9.3,  432.0,  0.02033,      0,      0,       0,       0,       0,       0
total,                                                993256,    2133,    2133,    2133,     0.5,     0.4,     0.6,     1.5,     5.3,     8.4,  433.0,  0.02029,      0,      0,       0,       0,       0,       0
total,                                                995431,    2175,    2175,    2175,     0.4,     0.4,     0.6,     1.2,     2.7,     9.4,  434.0,  0.02025,      0,      0,       0,       0,       0,       0
total,                                                997749,    2318,    2318,    2318,     0.4,     0.4,     0.5,     1.3,     2.6,     7.5,  435.0,  0.02020,      0,      0,       0,       0,       0,       0
total,                                                999816,    2067,    2067,    2067,     0.5,     0.4,     0.6,     1.5,     5.8,    11.6,  436.0,  0.02016,      0,      0,       0,       0,       0,       0
total,                                               1000000,    2377,    2377,    2377,     0.4,     0.4,     0.5,     1.5,     1.7,     1.7,  436.1,  0.02011,      0,      0,       0,       0,       0,       0


Results:
Op rate                   :    2,293 op/s  [t3.insert: 2,293 op/s]
Partition rate            :    2,293 pk/s  [t3.insert: 2,293 pk/s]
Row rate                  :    2,293 row/s [t3.insert: 2,293 row/s]
Latency mean              :    0.4 ms [t3.insert: 0.4 ms]
Latency median            :    0.4 ms [t3.insert: 0.4 ms]
Latency 95th percentile   :    0.6 ms [t3.insert: 0.6 ms]
Latency 99th percentile   :    1.3 ms [t3.insert: 1.3 ms]
Latency 99.9th percentile :    4.8 ms [t3.insert: 4.8 ms]
Latency max               : 1118.8 ms [t3.insert: 1,118.8 ms]
Total partitions          :  1,000,000 [t3.insert: 1,000,000]
Total errors              :          0 [t3.insert: 0]
Total GC count            : 0
Total GC memory           : 0.000 KiB
Total GC time             :    0.0 seconds
Avg GC time               :    NaN ms
StdDev GC time            :    0.0 ms
Total operation time      : 00:07:16

END
