******************** Stress Settings ********************
Command:
  Type: user
  Count: 10,000
  No Warmup: false
  Consistency Level: LOCAL_ONE
  Target Uncertainty: not applicable
  Command Ratios: {t3.insert=1.0}
  Command Clustering Distribution: clustering=gaussian(1..10)
  Profile File(s): t3_tag_entities.yaml
Rate:
  Auto: false
  Thread Count: 1
  OpsPer Sec: 0
Population:
  Distribution: Gaussian:  min=1,max=10000,mean=5000.500000,stdev=1666.500000
  Order: ARBITRARY
  Wrap: false
Insert:
  Revisits: Uniform:  min=1,max=1000000
  Visits: Fixed:  key=1
  Row Population Ratio: Ratio: divisor=1.000000;delegate=Fixed:  key=1
  Batch Type: not batching
Errors:
  Ignore: false
  Tries: 10
Log:
  No Summary: false
  No Settings: false
  File: tag_entities_10K_write_1_threads.log
  Interval Millis: 1000
  Level: NORMAL
Mode:
  API: JAVA_DRIVER_NATIVE
  Connection Style: CQL_PREPARED
  CQL Version: CQL3
  Protocol Version: V5
  Username: null
  Password: null
  Auth Provide Class: null
  Max Pending Per Connection: 128
  Connections Per Host: 8
  Compression: NONE
Node:
  Nodes: [localhost]
  Is White List: false
  Datacenter: null
Schema:
  Keyspace: null
  Replication Strategy: org.apache.cassandra.locator.SimpleStrategy
  Replication Strategy Options: {replication_factor=1}
  Table Compression: null
  Table Compaction Strategy: null
  Table Compaction Strategy Options: {}
Transport:
  truststore=null; truststore-password=null; keystore=null; keystore-password=null; ssl-protocol=TLS; ssl-alg=null; ssl-ciphers=TLS_RSA_WITH_AES_128_CBC_SHA,TLS_RSA_WITH_AES_256_CBC_SHA; 
Port:
  Native Port: 9042
  JMX Port: 7199
Graph:
  File: tag_entities_10K_threads_1_MIXED.html
  Revision: Load
  Title: NVO_Cassandra_POC_tag_entities_Table_10K_Records_1_Threads
  Operation: USER
TokenRange:
  Wrap: false
  Split Factor: 1

******************** Profile(s) ********************
  Keyspace Name: tagging
  Keyspace CQL: 
***
CREATE KEYSPACE IF NOT EXISTS tagging WITH replication = {'class': 'SimpleStrategy', 'replication_factor': 1};
***

  Table Name: tag_entities
  Table CQL: 
***
CREATE TABLE IF NOT EXISTS tag_entities (
  tag_id UUID,
  entity_id UUID,
  PRIMARY KEY (tag_id, entity_id)
);
***

  Extra Schema Definitions: null
  Generator Configs:
    tag_id: Size: Gaussian:  min=5,max=10,mean=7.500000,stdev=0.833333;Identity: Uniform:  min=1,max=10000000;
    entity_id: Size: Gaussian:  min=5,max=10,mean=7.500000,stdev=0.833333;Identity: Uniform:  min=1,max=10000000;
  Query Definitions:
    select_entities_by_tag: CQL:SELECT * FROM tag_entities WHERE tag_id = ?;Fields:samerow;
    delete_tag_entity: CQL:DELETE FROM tag_entities WHERE tag_id = ? AND entity_id = ?;Fields:samerow;
  Token Range Queries:
  Insert Settings:
    partitions: fixed(1)
    select: fixed(1)/500
    batchtype: UNLOGGED
Generating batches with [1..1] partitions and [0..0] rows (of [1..1] total rows in the partitions)

Sleeping 2s...
Warming up t3.insert with 2500 iterations...
Running [t3.insert] with 1 threads for 10000 iteration
type                                               total ops,    op/s,    pk/s,   row/s,    mean,     med,     .95,     .99,    .999,     max,   time,   stderr, errors,  gc: #,  max ms,  sum ms,  sdv ms,      mb
total,                                                   601,     601,     601,     601,     0.6,     0.6,     0.7,     1.4,     2.7,     2.7,    1.0,  0.00000,      0,      0,       0,       0,       0,       0
total,                                                  2104,    1503,    1503,    1503,     0.6,     0.5,     1.0,     2.0,    11.0,    11.4,    2.0,  0.30565,      0,      0,       0,       0,       0,       0
total,                                                  3849,    1745,    1745,    1745,     0.6,     0.5,     0.8,     1.8,     6.7,     8.2,    3.0,  0.22245,      0,      0,       0,       0,       0,       0
total,                                                  5657,    1808,    1808,    1808,     0.5,     0.5,     0.7,     1.5,     5.3,     7.8,    4.0,  0.17131,      0,      0,       0,       0,       0,       0
total,                                                  6658,    1001,    1001,    1001,     1.0,     0.5,     1.1,     4.9,    81.5,   292.3,    5.0,  0.13728,      0,      0,       0,       0,       0,       0
total,                                                  8320,    1662,    1662,    1662,     0.6,     0.5,     0.7,     2.1,    11.4,    89.7,    6.0,  0.11670,      0,      0,       0,       0,       0,       0
total,                                                 10000,    1898,    1898,    1898,     0.5,     0.4,     0.6,     1.7,    10.2,    17.0,    6.9,  0.10312,      0,      0,       0,       0,       0,       0


Results:
Op rate                   :    1,452 op/s  [t3.insert: 1,452 op/s]
Partition rate            :    1,452 pk/s  [t3.insert: 1,452 pk/s]
Row rate                  :    1,452 row/s [t3.insert: 1,452 row/s]
Latency mean              :    0.6 ms [t3.insert: 0.6 ms]
Latency median            :    0.5 ms [t3.insert: 0.5 ms]
Latency 95th percentile   :    0.8 ms [t3.insert: 0.8 ms]
Latency 99th percentile   :    1.8 ms [t3.insert: 1.8 ms]
Latency 99.9th percentile :   10.2 ms [t3.insert: 10.2 ms]
Latency max               :  292.3 ms [t3.insert: 292.3 ms]
Total partitions          :     10,000 [t3.insert: 10,000]
Total errors              :          0 [t3.insert: 0]
Total GC count            : 0
Total GC memory           : 0.000 KiB
Total GC time             :    0.0 seconds
Avg GC time               :    NaN ms
StdDev GC time            :    0.0 ms
Total operation time      : 00:00:06

END
