******************** Stress Settings ********************
Command:
  Type: user
  Count: 100,000
  No Warmup: false
  Consistency Level: LOCAL_ONE
  Target Uncertainty: not applicable
  Command Ratios: {t3.insert=1.0}
  Command Clustering Distribution: clustering=gaussian(1..10)
  Profile File(s): t3_tag_entities.yaml
Rate:
  Auto: false
  Thread Count: 5
  OpsPer Sec: 0
Population:
  Distribution: Gaussian:  min=1,max=100000,mean=50000.500000,stdev=16666.500000
  Order: ARBITRARY
  Wrap: false
Insert:
  Revisits: Uniform:  min=1,max=1000000
  Visits: Fixed:  key=1
  Row Population Ratio: Ratio: divisor=1.000000;delegate=Fixed:  key=1
  Batch Type: not batching
Errors:
  Ignore: false
  Tries: 10
Log:
  No Summary: false
  No Settings: false
  File: tag_entities_100K_write_5_threads.log
  Interval Millis: 1000
  Level: NORMAL
Mode:
  API: JAVA_DRIVER_NATIVE
  Connection Style: CQL_PREPARED
  CQL Version: CQL3
  Protocol Version: V5
  Username: null
  Password: null
  Auth Provide Class: null
  Max Pending Per Connection: 128
  Connections Per Host: 8
  Compression: NONE
Node:
  Nodes: [localhost]
  Is White List: false
  Datacenter: null
Schema:
  Keyspace: null
  Replication Strategy: org.apache.cassandra.locator.SimpleStrategy
  Replication Strategy Options: {replication_factor=1}
  Table Compression: null
  Table Compaction Strategy: null
  Table Compaction Strategy Options: {}
Transport:
  truststore=null; truststore-password=null; keystore=null; keystore-password=null; ssl-protocol=TLS; ssl-alg=null; ssl-ciphers=TLS_RSA_WITH_AES_128_CBC_SHA,TLS_RSA_WITH_AES_256_CBC_SHA; 
Port:
  Native Port: 9042
  JMX Port: 7199
Graph:
  File: tag_entities_100K_threads_5_MIXED.html
  Revision: Load
  Title: NVO_Cassandra_POC_tag_entities_Table_100K_Records_5_Threads
  Operation: USER
TokenRange:
  Wrap: false
  Split Factor: 1

******************** Profile(s) ********************
  Keyspace Name: tagging
  Keyspace CQL: 
***
CREATE KEYSPACE IF NOT EXISTS tagging WITH replication = {'class': 'SimpleStrategy', 'replication_factor': 1};
***

  Table Name: tag_entities
  Table CQL: 
***
CREATE TABLE IF NOT EXISTS tag_entities (
  tag_id UUID,
  entity_id UUID,
  PRIMARY KEY (tag_id, entity_id)
);
***

  Extra Schema Definitions: null
  Generator Configs:
    tag_id: Size: Gaussian:  min=5,max=10,mean=7.500000,stdev=0.833333;Identity: Uniform:  min=1,max=10000000;
    entity_id: Size: Gaussian:  min=5,max=10,mean=7.500000,stdev=0.833333;Identity: Uniform:  min=1,max=10000000;
  Query Definitions:
    select_entities_by_tag: CQL:SELECT * FROM tag_entities WHERE tag_id = ?;Fields:samerow;
    delete_tag_entity: CQL:DELETE FROM tag_entities WHERE tag_id = ? AND entity_id = ?;Fields:samerow;
  Token Range Queries:
  Insert Settings:
    partitions: fixed(1)
    select: fixed(1)/500
    batchtype: UNLOGGED
Generating batches with [1..1] partitions and [0..0] rows (of [1..1] total rows in the partitions)

Sleeping 2s...
Warming up t3.insert with 25000 iterations...
Running [t3.insert] with 5 threads for 100000 iteration
type                                               total ops,    op/s,    pk/s,   row/s,    mean,     med,     .95,     .99,    .999,     max,   time,   stderr, errors,  gc: #,  max ms,  sum ms,  sdv ms,      mb
total,                                                  1649,    1649,    1649,    1649,     1.3,     1.0,     3.3,     5.7,    12.4,    13.2,    1.0,  0.00000,      0,      0,       0,       0,       0,       0
total,                                                  4776,    3127,    3127,    3127,     1.6,     1.0,     4.4,    10.3,    18.7,    37.8,    2.0,  0.22688,      0,      0,       0,       0,       0,       0
total,                                                  9850,    5074,    5074,    5074,     1.0,     0.7,     2.2,     5.1,    18.7,    45.4,    3.0,  0.25248,      0,      0,       0,       0,       0,       0
total,                                                 14581,    4731,    4731,    4731,     1.0,     0.7,     2.5,     4.8,    12.7,    20.0,    4.0,  0.18989,      0,      0,       0,       0,       0,       0
total,                                                 18824,    4243,    4243,    4243,     1.1,     0.7,     3.4,     7.6,    18.4,    44.5,    5.0,  0.14988,      0,      0,       0,       0,       0,       0
total,                                                 23501,    4677,    4677,    4677,     1.0,     0.8,     2.1,     3.6,    93.7,    98.4,    6.0,  0.12759,      0,      0,       0,       0,       0,       0
total,                                                 28025,    4524,    4524,    4524,     1.1,     0.7,     3.2,     6.4,    14.9,    18.9,    7.0,  0.10865,      0,      0,       0,       0,       0,       0
total,                                                 33315,    5290,    5290,    5290,     0.9,     0.7,     2.2,     3.7,     5.7,     7.9,    8.0,  0.09699,      0,      0,       0,       0,       0,       0
total,                                                 38682,    5367,    5367,    5367,     0.9,     0.7,     2.1,     4.3,    11.2,    18.7,    9.0,  0.08795,      0,      0,       0,       0,       0,       0
total,                                                 43549,    4867,    4867,    4867,     1.0,     0.7,     2.3,     5.1,    16.8,    21.3,   10.0,  0.07900,      0,      0,       0,       0,       0,       0
total,                                                 49681,    6132,    6132,    6132,     0.8,     0.6,     1.7,     2.9,     7.3,    17.2,   11.0,  0.07649,      0,      0,       0,       0,       0,       0
total,                                                 55000,    5319,    5319,    5319,     0.9,     0.7,     2.1,     4.3,    12.8,    19.8,   12.0,  0.07036,      0,      0,       0,       0,       0,       0
total,                                                 61026,    6026,    6026,    6026,     0.8,     0.7,     1.7,     2.7,    12.9,    17.0,   13.0,  0.06701,      0,      0,       0,       0,       0,       0
total,                                                 65936,    4910,    4910,    4910,     1.0,     0.7,     2.3,     6.1,    18.8,    30.2,   14.0,  0.06210,      0,      0,       0,       0,       0,       0
total,                                                 71996,    6060,    6060,    6060,     0.8,     0.6,     1.8,     3.7,    15.9,    35.7,   15.0,  0.05982,      0,      0,       0,       0,       0,       0
total,                                                 78268,    6272,    6272,    6272,     0.8,     0.6,     1.7,     2.9,     9.0,    14.4,   16.0,  0.05766,      0,      0,       0,       0,       0,       0
total,                                                 83584,    5316,    5316,    5316,     0.9,     0.6,     2.3,     5.3,    11.8,    16.4,   17.0,  0.05420,      0,      0,       0,       0,       0,       0
total,                                                 89844,    6260,    6260,    6260,     0.8,     0.6,     1.7,     3.0,     5.5,     9.5,   18.0,  0.05220,      0,      0,       0,       0,       0,       0
total,                                                 95068,    5224,    5224,    5224,     0.9,     0.7,     2.2,     4.5,     8.5,    21.2,   19.0,  0.04939,      0,      0,       0,       0,       0,       0
total,                                                100000,    5417,    5417,    5417,     0.9,     0.7,     2.1,     3.6,     9.5,    18.4,   19.9,  0.04689,      0,      0,       0,       0,       0,       0


Results:
Op rate                   :    5,022 op/s  [t3.insert: 5,022 op/s]
Partition rate            :    5,022 pk/s  [t3.insert: 5,022 pk/s]
Row rate                  :    5,022 row/s [t3.insert: 5,022 row/s]
Latency mean              :    0.9 ms [t3.insert: 0.9 ms]
Latency median            :    0.7 ms [t3.insert: 0.7 ms]
Latency 95th percentile   :    2.2 ms [t3.insert: 2.2 ms]
Latency 99th percentile   :    4.7 ms [t3.insert: 4.7 ms]
Latency 99.9th percentile :   14.0 ms [t3.insert: 14.0 ms]
Latency max               :   98.4 ms [t3.insert: 98.4 ms]
Total partitions          :    100,000 [t3.insert: 100,000]
Total errors              :          0 [t3.insert: 0]
Total GC count            : 0
Total GC memory           : 0.000 KiB
Total GC time             :    0.0 seconds
Avg GC time               :    NaN ms
StdDev GC time            :    0.0 ms
Total operation time      : 00:00:19

END
