******************** Stress Settings ********************
Command:
  Type: user
  Count: 10,000
  No Warmup: false
  Consistency Level: LOCAL_ONE
  Target Uncertainty: not applicable
  Command Ratios: {t3.select_entities_by_tag=1.0, t3.delete_tag_entity=1.0}
  Command Clustering Distribution: clustering=gaussian(1..10)
  Profile File(s): t3_tag_entities.yaml
Rate:
  Auto: false
  Thread Count: 1
  OpsPer Sec: 0
Population:
  Distribution: Gaussian:  min=1,max=10000,mean=5000.500000,stdev=1666.500000
  Order: ARBITRARY
  Wrap: false
Insert:
  Revisits: Uniform:  min=1,max=1000000
  Visits: Fixed:  key=1
  Row Population Ratio: Ratio: divisor=1.000000;delegate=Fixed:  key=1
  Batch Type: not batching
Errors:
  Ignore: false
  Tries: 10
Log:
  No Summary: false
  No Settings: false
  File: tag_entities_10K_MIXED_1_threads.log
  Interval Millis: 1000
  Level: NORMAL
Mode:
  API: JAVA_DRIVER_NATIVE
  Connection Style: CQL_PREPARED
  CQL Version: CQL3
  Protocol Version: V5
  Username: null
  Password: null
  Auth Provide Class: null
  Max Pending Per Connection: 128
  Connections Per Host: 8
  Compression: NONE
Node:
  Nodes: [localhost]
  Is White List: false
  Datacenter: null
Schema:
  Keyspace: null
  Replication Strategy: org.apache.cassandra.locator.SimpleStrategy
  Replication Strategy Options: {replication_factor=1}
  Table Compression: null
  Table Compaction Strategy: null
  Table Compaction Strategy Options: {}
Transport:
  truststore=null; truststore-password=null; keystore=null; keystore-password=null; ssl-protocol=TLS; ssl-alg=null; ssl-ciphers=TLS_RSA_WITH_AES_128_CBC_SHA,TLS_RSA_WITH_AES_256_CBC_SHA; 
Port:
  Native Port: 9042
  JMX Port: 7199
Graph:
  File: tag_entities_10K_threads_1_MIXED.html
  Revision: tag_entities_MIXED
  Title: NVO_Cassandra_POC_tag_entities_Table_10K_Records_1_Threads
  Operation: USER
TokenRange:
  Wrap: false
  Split Factor: 1

******************** Profile(s) ********************
  Keyspace Name: tagging
  Keyspace CQL: 
***
CREATE KEYSPACE IF NOT EXISTS tagging WITH replication = {'class': 'SimpleStrategy', 'replication_factor': 1};
***

  Table Name: tag_entities
  Table CQL: 
***
CREATE TABLE IF NOT EXISTS tag_entities (
  tag_id UUID,
  entity_id UUID,
  PRIMARY KEY (tag_id, entity_id)
);
***

  Extra Schema Definitions: null
  Generator Configs:
    tag_id: Size: Gaussian:  min=5,max=10,mean=7.500000,stdev=0.833333;Identity: Uniform:  min=1,max=10000000;
    entity_id: Size: Gaussian:  min=5,max=10,mean=7.500000,stdev=0.833333;Identity: Uniform:  min=1,max=10000000;
  Query Definitions:
    select_entities_by_tag: CQL:SELECT * FROM tag_entities WHERE tag_id = ?;Fields:samerow;
    delete_tag_entity: CQL:DELETE FROM tag_entities WHERE tag_id = ? AND entity_id = ?;Fields:samerow;
  Token Range Queries:
  Insert Settings:
    partitions: fixed(1)
    select: fixed(1)/500
    batchtype: UNLOGGED
Generating batches with [1..1] partitions and [0..0] rows (of [1..1] total rows in the partitions)

Sleeping 2s...
Warming up t3.select_entities_by_tag with 2500 iterations...
Warming up t3.delete_tag_entity with 2500 iterations...
Running [t3.select_entities_by_tag, t3.delete_tag_entity] with 1 threads for 10000 iteration
type                                               total ops,    op/s,    pk/s,   row/s,    mean,     med,     .95,     .99,    .999,     max,   time,   stderr, errors,  gc: #,  max ms,  sum ms,  sdv ms,      mb
t3.delete_tag_entity,                                     33,      33,       0,       0,     0.5,     0.5,     0.7,     1.0,     1.0,     1.0,    1.0,  0.00000,      0,      0,       0,       0,       0,       0
t3.select_entities_by_tag,                                69,      69,      34,      34,     0.6,     0.5,     0.9,     3.9,     3.9,     3.9,    1.0,  0.00000,      0,      0,       0,       0,       0,       0
total,                                                   102,     102,      34,      34,     0.6,     0.5,     0.9,     1.3,     3.9,     3.9,    1.0,  0.00000,      0,      0,       0,       0,       0,       0
t3.delete_tag_entity,                                    789,     756,       0,       0,     0.6,     0.5,     0.9,     3.4,    14.4,    14.4,    2.0,  0.57407,      0,      0,       0,       0,       0,       0
t3.select_entities_by_tag,                               788,     719,     324,     324,     0.7,     0.6,     1.1,     2.1,    12.6,    12.6,    2.0,  0.57407,      0,      0,       0,       0,       0,       0
total,                                                  1577,    1475,     324,     324,     0.7,     0.5,     1.0,     2.8,    12.6,    14.4,    2.0,  0.57407,      0,      0,       0,       0,       0,       0
t3.delete_tag_entity,                                   1616,     827,       0,       0,     0.5,     0.5,     0.7,     1.7,     9.7,     9.7,    3.0,  0.34698,      0,      0,       0,       0,       0,       0
t3.select_entities_by_tag,                              1638,     850,     314,     314,     0.6,     0.5,     1.1,     3.7,     9.8,     9.8,    3.0,  0.34698,      0,      0,       0,       0,       0,       0
total,                                                  3254,    1677,     314,     314,     0.6,     0.5,     0.9,     2.7,     9.7,     9.8,    3.0,  0.34698,      0,      0,       0,       0,       0,       0
t3.delete_tag_entity,                                   2449,     833,       0,       0,     0.6,     0.5,     1.0,     4.0,    10.7,    10.7,    4.0,  0.25487,      0,      0,       0,       0,       0,       0
t3.select_entities_by_tag,                              2382,     744,     246,     246,     0.6,     0.5,     1.1,     4.0,    11.2,    11.2,    4.0,  0.25487,      0,      0,       0,       0,       0,       0
total,                                                  4831,    1577,     246,     246,     0.6,     0.5,     1.1,     4.0,    10.7,    11.2,    4.0,  0.25487,      0,      0,       0,       0,       0,       0
t3.delete_tag_entity,                                   3371,     922,       0,       0,     0.6,     0.4,     1.0,     2.3,    13.0,    13.0,    5.0,  0.20285,      0,      0,       0,       0,       0,       0
t3.select_entities_by_tag,                              3219,     837,     235,     235,     0.6,     0.5,     0.9,     2.2,    14.7,    14.7,    5.0,  0.20285,      0,      0,       0,       0,       0,       0
total,                                                  6590,    1759,     235,     235,     0.6,     0.4,     1.0,     2.3,    13.0,    14.7,    5.0,  0.20285,      0,      0,       0,       0,       0,       0
t3.delete_tag_entity,                                   4450,    1079,       0,       0,     0.4,     0.4,     0.6,     1.2,     4.3,     7.3,    6.0,  0.16650,      0,      0,       0,       0,       0,       0
t3.select_entities_by_tag,                              4287,    1068,     263,     263,     0.5,     0.4,     0.6,     2.0,     8.3,    11.2,    6.0,  0.16650,      0,      0,       0,       0,       0,       0
total,                                                  8737,    2147,     263,     263,     0.5,     0.4,     0.6,     1.4,     7.3,    11.2,    6.0,  0.16650,      0,      0,       0,       0,       0,       0
t3.delete_tag_entity,                                   5083,    1039,       0,       0,     0.5,     0.4,     0.6,     2.1,     9.1,     9.1,    6.6,  0.14495,      0,      0,       0,       0,       0,       0
t3.select_entities_by_tag,                              4917,    1034,     215,     215,     0.5,     0.4,     0.7,     2.2,     9.3,     9.3,    6.6,  0.14495,      0,      0,       0,       0,       0,       0
total,                                                 10000,    2072,     215,     215,     0.5,     0.4,     0.7,     2.2,     9.1,     9.3,    6.6,  0.14495,      0,      0,       0,       0,       0,       0


Results:
Op rate                   :    1,513 op/s  [t3.delete_tag_entity: 769 op/s, t3.select_entities_by_tag: 744 op/s]
Partition rate            :      234 pk/s  [t3.delete_tag_entity: 0 pk/s, t3.select_entities_by_tag: 234 pk/s]
Row rate                  :      234 row/s [t3.delete_tag_entity: 0 row/s, t3.select_entities_by_tag: 234 row/s]
Latency mean              :    0.5 ms [t3.delete_tag_entity: 0.5 ms, t3.select_entities_by_tag: 0.6 ms]
Latency median            :    0.5 ms [t3.delete_tag_entity: 0.4 ms, t3.select_entities_by_tag: 0.5 ms]
Latency 95th percentile   :    0.9 ms [t3.delete_tag_entity: 0.8 ms, t3.select_entities_by_tag: 0.9 ms]
Latency 99th percentile   :    2.4 ms [t3.delete_tag_entity: 2.4 ms, t3.select_entities_by_tag: 2.5 ms]
Latency 99.9th percentile :    9.7 ms [t3.delete_tag_entity: 9.7 ms, t3.select_entities_by_tag: 9.8 ms]
Latency max               :   14.7 ms [t3.delete_tag_entity: 14.4 ms, t3.select_entities_by_tag: 14.7 ms]
Total partitions          :      1,547 [t3.delete_tag_entity: 0, t3.select_entities_by_tag: 1,547]
Total errors              :          0 [t3.delete_tag_entity: 0, t3.select_entities_by_tag: 0]
Total GC count            : 0
Total GC memory           : 0.000 KiB
Total GC time             :    0.0 seconds
Avg GC time               :    NaN ms
StdDev GC time            :    0.0 ms
Total operation time      : 00:00:06

END
