******************** Stress Settings ********************
Command:
  Type: user
  Count: 100,000
  No Warmup: false
  Consistency Level: LOCAL_ONE
  Target Uncertainty: not applicable
  Command Ratios: {t3.select_entities_by_tag=1.0, t3.delete_tag_entity=1.0}
  Command Clustering Distribution: clustering=gaussian(1..10)
  Profile File(s): t3_tag_entities.yaml
Rate:
  Auto: false
  Thread Count: 1
  OpsPer Sec: 0
Population:
  Distribution: Gaussian:  min=1,max=100000,mean=50000.500000,stdev=16666.500000
  Order: ARBITRARY
  Wrap: false
Insert:
  Revisits: Uniform:  min=1,max=1000000
  Visits: Fixed:  key=1
  Row Population Ratio: Ratio: divisor=1.000000;delegate=Fixed:  key=1
  Batch Type: not batching
Errors:
  Ignore: false
  Tries: 10
Log:
  No Summary: false
  No Settings: false
  File: tag_entities_100K_MIXED_1_threads.log
  Interval Millis: 1000
  Level: NORMAL
Mode:
  API: JAVA_DRIVER_NATIVE
  Connection Style: CQL_PREPARED
  CQL Version: CQL3
  Protocol Version: V5
  Username: null
  Password: null
  Auth Provide Class: null
  Max Pending Per Connection: 128
  Connections Per Host: 8
  Compression: NONE
Node:
  Nodes: [localhost]
  Is White List: false
  Datacenter: null
Schema:
  Keyspace: null
  Replication Strategy: org.apache.cassandra.locator.SimpleStrategy
  Replication Strategy Options: {replication_factor=1}
  Table Compression: null
  Table Compaction Strategy: null
  Table Compaction Strategy Options: {}
Transport:
  truststore=null; truststore-password=null; keystore=null; keystore-password=null; ssl-protocol=TLS; ssl-alg=null; ssl-ciphers=TLS_RSA_WITH_AES_128_CBC_SHA,TLS_RSA_WITH_AES_256_CBC_SHA; 
Port:
  Native Port: 9042
  JMX Port: 7199
Graph:
  File: tag_entities_100K_threads_1_MIXED.html
  Revision: tag_entities_MIXED
  Title: NVO_Cassandra_POC_tag_entities_Table_100K_Records_1_Threads
  Operation: USER
TokenRange:
  Wrap: false
  Split Factor: 1

******************** Profile(s) ********************
  Keyspace Name: tagging
  Keyspace CQL: 
***
CREATE KEYSPACE IF NOT EXISTS tagging WITH replication = {'class': 'SimpleStrategy', 'replication_factor': 1};
***

  Table Name: tag_entities
  Table CQL: 
***
CREATE TABLE IF NOT EXISTS tag_entities (
  tag_id UUID,
  entity_id UUID,
  PRIMARY KEY (tag_id, entity_id)
);
***

  Extra Schema Definitions: null
  Generator Configs:
    tag_id: Size: Gaussian:  min=5,max=10,mean=7.500000,stdev=0.833333;Identity: Uniform:  min=1,max=10000000;
    entity_id: Size: Gaussian:  min=5,max=10,mean=7.500000,stdev=0.833333;Identity: Uniform:  min=1,max=10000000;
  Query Definitions:
    select_entities_by_tag: CQL:SELECT * FROM tag_entities WHERE tag_id = ?;Fields:samerow;
    delete_tag_entity: CQL:DELETE FROM tag_entities WHERE tag_id = ? AND entity_id = ?;Fields:samerow;
  Token Range Queries:
  Insert Settings:
    partitions: fixed(1)
    select: fixed(1)/500
    batchtype: UNLOGGED
Generating batches with [1..1] partitions and [0..0] rows (of [1..1] total rows in the partitions)

Sleeping 2s...
Warming up t3.select_entities_by_tag with 25000 iterations...
Warming up t3.delete_tag_entity with 25000 iterations...
Running [t3.select_entities_by_tag, t3.delete_tag_entity] with 1 threads for 100000 iteration
type                                               total ops,    op/s,    pk/s,   row/s,    mean,     med,     .95,     .99,    .999,     max,   time,   stderr, errors,  gc: #,  max ms,  sum ms,  sdv ms,      mb
t3.delete_tag_entity,                                    705,     705,       0,       0,     0.4,     0.4,     0.7,     1.1,     1.6,     1.6,    1.0,  0.00000,      0,      0,       0,       0,       0,       0
t3.select_entities_by_tag,                               800,     800,     351,     351,     0.5,     0.4,     0.7,     1.5,     5.8,     5.8,    1.0,  0.00000,      0,      0,       0,       0,       0,       0
total,                                                  1505,    1505,     351,     351,     0.5,     0.4,     0.7,     1.3,     5.3,     5.8,    1.0,  0.00000,      0,      0,       0,       0,       0,       0
t3.delete_tag_entity,                                   1767,    1062,       0,       0,     0.4,     0.4,     0.6,     1.3,     4.3,     8.6,    2.0,  0.12888,      0,      0,       0,       0,       0,       0
t3.select_entities_by_tag,                              1899,    1099,     506,     506,     0.5,     0.4,     0.7,     1.5,     2.6,     5.9,    2.0,  0.12888,      0,      0,       0,       0,       0,       0
total,                                                  3666,    2161,     506,     506,     0.4,     0.4,     0.6,     1.4,     4.3,     8.6,    2.0,  0.12888,      0,      0,       0,       0,       0,       0
t3.delete_tag_entity,                                   2820,    1053,       0,       0,     0.4,     0.4,     0.6,     1.5,     4.3,    12.0,    3.0,  0.09114,      0,      0,       0,       0,       0,       0
t3.select_entities_by_tag,                              3005,    1106,     493,     493,     0.5,     0.4,     0.6,     1.8,     4.8,    12.6,    3.0,  0.09114,      0,      0,       0,       0,       0,       0
total,                                                  5825,    2159,     493,     493,     0.5,     0.4,     0.6,     1.7,     4.8,    12.6,    3.0,  0.09114,      0,      0,       0,       0,       0,       0
t3.delete_tag_entity,                                   3853,    1033,       0,       0,     0.4,     0.4,     0.6,     1.3,     5.0,    10.0,    4.0,  0.06860,      0,      0,       0,       0,       0,       0
t3.select_entities_by_tag,                              4051,    1046,     473,     473,     0.5,     0.4,     0.6,     1.9,    11.8,    19.4,    4.0,  0.06860,      0,      0,       0,       0,       0,       0
total,                                                  7904,    2079,     473,     473,     0.5,     0.4,     0.6,     1.6,    10.0,    19.4,    4.0,  0.06860,      0,      0,       0,       0,       0,       0
t3.delete_tag_entity,                                   4896,    1043,       0,       0,     0.4,     0.4,     0.6,     1.3,     7.5,    11.7,    5.0,  0.05587,      0,      0,       0,       0,       0,       0
t3.select_entities_by_tag,                              5143,    1092,     493,     493,     0.5,     0.4,     0.6,     1.7,     4.8,     5.3,    5.0,  0.05587,      0,      0,       0,       0,       0,       0
total,                                                 10039,    2135,     493,     493,     0.5,     0.4,     0.6,     1.4,     5.3,    11.7,    5.0,  0.05587,      0,      0,       0,       0,       0,       0
t3.delete_tag_entity,                                   6005,    1109,       0,       0,     0.4,     0.4,     0.6,     1.1,     2.5,     4.0,    6.0,  0.05208,      0,      0,       0,       0,       0,       0
t3.select_entities_by_tag,                              6373,    1230,     546,     546,     0.4,     0.4,     0.6,     1.3,     6.2,     8.3,    6.0,  0.05208,      0,      0,       0,       0,       0,       0
total,                                                 12378,    2339,     546,     546,     0.4,     0.4,     0.6,     1.2,     4.6,     8.3,    6.0,  0.05208,      0,      0,       0,       0,       0,       0
t3.delete_tag_entity,                                   7129,    1124,       0,       0,     0.4,     0.3,     0.5,     1.3,     2.9,     3.0,    7.0,  0.05107,      0,      0,       0,       0,       0,       0
t3.select_entities_by_tag,                              7689,    1316,     568,     568,     0.4,     0.3,     0.5,     1.4,     7.4,    27.2,    7.0,  0.05107,      0,      0,       0,       0,       0,       0
total,                                                 14818,    2440,     568,     568,     0.4,     0.3,     0.5,     1.4,     6.8,    27.2,    7.0,  0.05107,      0,      0,       0,       0,       0,       0
t3.delete_tag_entity,                                   8439,    1310,       0,       0,     0.4,     0.4,     0.5,     1.2,     2.6,     5.1,    8.0,  0.04503,      0,      0,       0,       0,       0,       0
t3.select_entities_by_tag,                              8788,    1099,     477,     477,     0.4,     0.4,     0.6,     1.4,     6.2,     7.6,    8.0,  0.04503,      0,      0,       0,       0,       0,       0
total,                                                 17227,    2409,     477,     477,     0.4,     0.4,     0.5,     1.4,     5.7,     7.6,    8.0,  0.04503,      0,      0,       0,       0,       0,       0
t3.delete_tag_entity,                                   9818,    1379,       0,       0,     0.4,     0.3,     0.5,     1.1,     2.6,     3.9,    9.0,  0.04000,      0,      0,       0,       0,       0,       0
t3.select_entities_by_tag,                             10029,    1241,     504,     504,     0.4,     0.3,     0.5,     1.3,     5.1,     5.8,    9.0,  0.04000,      0,      0,       0,       0,       0,       0
total,                                                 19847,    2620,     504,     504,     0.4,     0.3,     0.5,     1.2,     3.9,     5.8,    9.0,  0.04000,      0,      0,       0,       0,       0,       0
t3.delete_tag_entity,                                  11011,    1193,       0,       0,     0.4,     0.4,     0.5,     1.4,     4.3,     8.1,   10.0,  0.03743,      0,      0,       0,       0,       0,       0
t3.select_entities_by_tag,                             11125,    1096,     446,     446,     0.4,     0.4,     0.6,     1.7,     8.4,     8.4,   10.0,  0.03743,      0,      0,       0,       0,       0,       0
total,                                                 22136,    2289,     446,     446,     0.4,     0.4,     0.5,     1.6,     8.1,     8.4,   10.0,  0.03743,      0,      0,       0,       0,       0,       0
t3.delete_tag_entity,                                  12107,    1096,       0,       0,     0.4,     0.4,     0.5,     1.0,     3.5,     5.2,   11.0,  0.03423,      0,      0,       0,       0,       0,       0
t3.select_entities_by_tag,                             12444,    1319,     518,     518,     0.4,     0.4,     0.6,     1.3,     3.1,     3.5,   11.0,  0.03423,      0,      0,       0,       0,       0,       0
total,                                                 24551,    2415,     518,     518,     0.4,     0.4,     0.5,     1.2,     3.5,     5.2,   11.0,  0.03423,      0,      0,       0,       0,       0,       0
t3.delete_tag_entity,                                  13255,    1148,       0,       0,     0.4,     0.4,     0.6,     1.4,     5.5,     5.6,   12.0,  0.03257,      0,      0,       0,       0,       0,       0
t3.select_entities_by_tag,                             13635,    1191,     443,     443,     0.4,     0.4,     0.6,     1.5,     3.6,     7.6,   12.0,  0.03257,      0,      0,       0,       0,       0,       0
total,                                                 26890,    2339,     443,     443,     0.4,     0.4,     0.6,     1.4,     5.5,     7.6,   12.0,  0.03257,      0,      0,       0,       0,       0,       0
t3.delete_tag_entity,                                  14342,    1087,       0,       0,     0.4,     0.4,     0.5,     1.3,     3.3,     6.4,   13.0,  0.03130,      0,      0,       0,       0,       0,       0
t3.select_entities_by_tag,                             14786,    1151,     436,     436,     0.4,     0.4,     0.6,     1.3,     2.3,     5.1,   13.0,  0.03130,      0,      0,       0,       0,       0,       0
total,                                                 29128,    2238,     436,     436,     0.4,     0.4,     0.6,     1.3,     3.3,     6.4,   13.0,  0.03130,      0,      0,       0,       0,       0,       0
t3.delete_tag_entity,                                  15394,    1052,       0,       0,     0.5,     0.4,     0.6,     1.4,     2.3,    16.2,   14.0,  0.03422,      0,      0,       0,       0,       0,       0
t3.select_entities_by_tag,                             15783,     997,     361,     361,     0.5,     0.4,     0.6,     1.6,     9.6,     9.6,   14.0,  0.03422,      0,      0,       0,       0,       0,       0
total,                                                 31177,    2049,     361,     361,     0.5,     0.4,     0.6,     1.5,     4.7,    16.2,   14.0,  0.03422,      0,      0,       0,       0,       0,       0
t3.delete_tag_entity,                                  16556,    1162,       0,       0,     0.4,     0.4,     0.6,     1.7,     4.5,     4.9,   15.0,  0.03434,      0,      0,       0,       0,       0,       0
t3.select_entities_by_tag,                             16771,     988,     390,     390,     0.5,     0.4,     0.7,     1.5,     7.1,     7.1,   15.0,  0.03434,      0,      0,       0,       0,       0,       0
total,                                                 33327,    2150,     390,     390,     0.5,     0.4,     0.6,     1.5,     4.8,     7.1,   15.0,  0.03434,      0,      0,       0,       0,       0,       0
t3.delete_tag_entity,                                  17689,    1133,       0,       0,     0.4,     0.4,     0.6,     1.2,     1.8,     7.6,   16.0,  0.03398,      0,      0,       0,       0,       0,       0
t3.select_entities_by_tag,                             17885,    1114,     393,     393,     0.4,     0.4,     0.6,     1.2,     1.9,     2.3,   16.0,  0.03398,      0,      0,       0,       0,       0,       0
total,                                                 35574,    2247,     393,     393,     0.4,     0.4,     0.6,     1.2,     1.9,     7.6,   16.0,  0.03398,      0,      0,       0,       0,       0,       0
t3.delete_tag_entity,                                  18727,    1038,       0,       0,     0.5,     0.4,     0.6,     1.5,     4.6,     7.8,   17.0,  0.03337,      0,      0,       0,       0,       0,       0
t3.select_entities_by_tag,                             18984,    1099,     395,     395,     0.5,     0.4,     0.6,     1.3,     1.9,     5.8,   17.0,  0.03337,      0,      0,       0,       0,       0,       0
total,                                                 37711,    2137,     395,     395,     0.5,     0.4,     0.6,     1.4,     4.6,     7.8,   17.0,  0.03337,      0,      0,       0,       0,       0,       0
t3.delete_tag_entity,                                  19779,    1052,       0,       0,     0.4,     0.4,     0.5,     1.4,     4.7,     5.5,   18.0,  0.03169,      0,      0,       0,       0,       0,       0
t3.select_entities_by_tag,                             20277,    1293,     438,     438,     0.4,     0.4,     0.6,     1.6,     8.7,    10.2,   18.0,  0.03169,      0,      0,       0,       0,       0,       0
total,                                                 40056,    2345,     438,     438,     0.4,     0.4,     0.5,     1.5,     5.9,    10.2,   18.0,  0.03169,      0,      0,       0,       0,       0,       0
t3.delete_tag_entity,                                  20955,    1176,       0,       0,     0.4,     0.4,     0.6,     2.0,     4.0,     4.4,   19.0,  0.03096,      0,      0,       0,       0,       0,       0
t3.select_entities_by_tag,                             21450,    1173,     398,     398,     0.4,     0.4,     0.6,     1.3,     7.3,    10.3,   19.0,  0.03096,      0,      0,       0,       0,       0,       0
total,                                                 42405,    2349,     398,     398,     0.4,     0.4,     0.6,     1.5,     4.4,    10.3,   19.0,  0.03096,      0,      0,       0,       0,       0,       0
t3.delete_tag_entity,                                  22236,    1281,       0,       0,     0.4,     0.4,     0.5,     1.2,     3.1,     4.0,   20.0,  0.03023,      0,      0,       0,       0,       0,       0
t3.select_entities_by_tag,                             22620,    1170,     399,     399,     0.4,     0.4,     0.6,     1.4,     4.4,     5.7,   20.0,  0.03023,      0,      0,       0,       0,       0,       0
total,                                                 44856,    2451,     399,     399,     0.4,     0.4,     0.6,     1.3,     4.3,     5.7,   20.0,  0.03023,      0,      0,       0,       0,       0,       0
t3.delete_tag_entity,                                  23475,    1239,       0,       0,     0.4,     0.3,     0.5,     1.3,     2.5,     2.6,   21.0,  0.02881,      0,      0,       0,       0,       0,       0
t3.select_entities_by_tag,                             23966,    1346,     449,     449,     0.4,     0.4,     0.5,     1.1,     2.1,     3.6,   21.0,  0.02881,      0,      0,       0,       0,       0,       0
total,                                                 47441,    2585,     449,     449,     0.4,     0.3,     0.5,     1.2,     2.5,     3.6,   21.0,  0.02881,      0,      0,       0,       0,       0,       0
t3.delete_tag_entity,                                  24713,    1238,       0,       0,     0.4,     0.4,     0.5,     1.3,     8.2,     8.4,   22.0,  0.02920,      0,      0,       0,       0,       0,       0
t3.select_entities_by_tag,                             25085,    1119,     360,     360,     0.4,     0.4,     0.5,     2.1,     6.8,    10.2,   22.0,  0.02920,      0,      0,       0,       0,       0,       0
total,                                                 49798,    2357,     360,     360,     0.4,     0.4,     0.5,     1.6,     8.2,    10.2,   22.0,  0.02920,      0,      0,       0,       0,       0,       0
t3.delete_tag_entity,                                  26024,    1311,       0,       0,     0.4,     0.3,     0.5,     1.3,     3.9,     7.9,   23.0,  0.02850,      0,      0,       0,       0,       0,       0
t3.select_entities_by_tag,                             26372,    1287,     394,     394,     0.4,     0.3,     0.5,     1.2,     3.2,    13.7,   23.0,  0.02850,      0,      0,       0,       0,       0,       0
total,                                                 52396,    2598,     394,     394,     0.4,     0.3,     0.5,     1.3,     3.9,    13.7,   23.0,  0.02850,      0,      0,       0,       0,       0,       0
t3.delete_tag_entity,                                  27273,    1249,       0,       0,     0.4,     0.4,     0.5,     1.4,     8.2,    11.4,   24.0,  0.03104,      0,      0,       0,       0,       0,       0
t3.select_entities_by_tag,                             27456,    1084,     294,     294,     0.4,     0.4,     0.6,     1.3,     2.1,     2.1,   24.0,  0.03104,      0,      0,       0,       0,       0,       0
total,                                                 54729,    2333,     294,     294,     0.4,     0.4,     0.6,     1.3,     5.0,    11.4,   24.0,  0.03104,      0,      0,       0,       0,       0,       0
t3.delete_tag_entity,                                  28387,    1114,       0,       0,     0.4,     0.4,     0.5,     1.2,     3.8,     4.0,   25.0,  0.03074,      0,      0,       0,       0,       0,       0
t3.select_entities_by_tag,                             28626,    1170,     366,     366,     0.4,     0.4,     0.6,     1.3,     4.8,     5.0,   25.0,  0.03074,      0,      0,       0,       0,       0,       0
total,                                                 57013,    2284,     366,     366,     0.4,     0.4,     0.5,     1.3,     4.2,     5.0,   25.0,  0.03074,      0,      0,       0,       0,       0,       0
t3.delete_tag_entity,                                  29656,    1269,       0,       0,     0.4,     0.4,     0.5,     1.3,     1.9,     2.8,   26.0,  0.03058,      0,      0,       0,       0,       0,       0
t3.select_entities_by_tag,                             29744,    1118,     357,     357,     0.4,     0.4,     0.5,     1.2,     3.3,     5.0,   26.0,  0.03058,      0,      0,       0,       0,       0,       0
total,                                                 59400,    2387,     357,     357,     0.4,     0.4,     0.5,     1.3,     2.8,     5.0,   26.0,  0.03058,      0,      0,       0,       0,       0,       0
t3.delete_tag_entity,                                  30804,    1148,       0,       0,     0.4,     0.4,     0.6,     2.3,     4.5,     5.8,   27.0,  0.03258,      0,      0,       0,       0,       0,       0
t3.select_entities_by_tag,                             30734,     990,     278,     278,     0.5,     0.4,     0.6,     1.5,    13.0,    13.0,   27.0,  0.03258,      0,      0,       0,       0,       0,       0
total,                                                 61538,    2138,     278,     278,     0.5,     0.4,     0.6,     1.5,     4.8,    13.0,   27.0,  0.03258,      0,      0,       0,       0,       0,       0
t3.delete_tag_entity,                                  32015,    1211,       0,       0,     0.4,     0.3,     0.5,     1.5,     7.3,     8.3,   28.0,  0.03209,      0,      0,       0,       0,       0,       0
t3.select_entities_by_tag,                             31990,    1256,     360,     360,     0.4,     0.3,     0.6,     1.3,     4.8,     7.4,   28.0,  0.03209,      0,      0,       0,       0,       0,       0
total,                                                 64005,    2467,     360,     360,     0.4,     0.3,     0.6,     1.4,     7.3,     8.3,   28.0,  0.03209,      0,      0,       0,       0,       0,       0
t3.delete_tag_entity,                                  33231,    1216,       0,       0,     0.4,     0.3,     0.5,     1.3,     3.1,     6.9,   29.0,  0.03170,      0,      0,       0,       0,       0,       0
t3.select_entities_by_tag,                             33237,    1247,     353,     353,     0.4,     0.4,     0.6,     1.4,     6.1,     6.6,   29.0,  0.03170,      0,      0,       0,       0,       0,       0
total,                                                 66468,    2463,     353,     353,     0.4,     0.4,     0.6,     1.3,     6.1,     6.9,   29.0,  0.03170,      0,      0,       0,       0,       0,       0
t3.delete_tag_entity,                                  34399,    1168,       0,       0,     0.4,     0.4,     0.6,     1.2,     3.8,     4.6,   30.0,  0.03252,      0,      0,       0,       0,       0,       0
t3.select_entities_by_tag,                             34367,    1130,     296,     296,     0.4,     0.4,     0.6,     1.6,     4.3,     6.1,   30.0,  0.03252,      0,      0,       0,       0,       0,       0
total,                                                 68766,    2298,     296,     296,     0.4,     0.4,     0.6,     1.3,     4.3,     6.1,   30.0,  0.03252,      0,      0,       0,       0,       0,       0
t3.delete_tag_entity,                                  35550,    1151,       0,       0,     0.4,     0.4,     0.5,     1.3,     3.6,     6.5,   31.0,  0.03263,      0,      0,       0,       0,       0,       0
t3.select_entities_by_tag,                             35544,    1177,     319,     319,     0.4,     0.4,     0.6,     1.1,     1.6,     1.7,   31.0,  0.03263,      0,      0,       0,       0,       0,       0
total,                                                 71094,    2328,     319,     319,     0.4,     0.4,     0.5,     1.2,     2.9,     6.5,   31.0,  0.03263,      0,      0,       0,       0,       0,       0
t3.delete_tag_entity,                                  36703,    1153,       0,       0,     0.4,     0.4,     0.6,     1.4,     5.7,     8.4,   32.0,  0.03367,      0,      0,       0,       0,       0,       0
t3.select_entities_by_tag,                             36607,    1063,     272,     272,     0.5,     0.4,     0.6,     1.8,     4.3,    12.3,   32.0,  0.03367,      0,      0,       0,       0,       0,       0
total,                                                 73310,    2216,     272,     272,     0.4,     0.4,     0.6,     1.6,     5.7,    12.3,   32.0,  0.03367,      0,      0,       0,       0,       0,       0
t3.delete_tag_entity,                                  37936,    1233,       0,       0,     0.4,     0.4,     0.5,     1.1,     3.7,     5.5,   33.0,  0.03376,      0,      0,       0,       0,       0,       0
t3.select_entities_by_tag,                             37668,    1061,     303,     303,     0.4,     0.4,     0.5,     1.3,     9.6,    23.3,   33.0,  0.03376,      0,      0,       0,       0,       0,       0
total,                                                 75604,    2294,     303,     303,     0.4,     0.4,     0.5,     1.2,     5.5,    23.3,   33.0,  0.03376,      0,      0,       0,       0,       0,       0
t3.delete_tag_entity,                                  39050,    1114,       0,       0,     0.5,     0.4,     0.7,     1.6,     8.3,    13.7,   34.0,  0.03467,      0,      0,       0,       0,       0,       0
t3.select_entities_by_tag,                             38646,     978,     263,     263,     0.5,     0.4,     0.6,     1.8,     7.3,     7.3,   34.0,  0.03467,      0,      0,       0,       0,       0,       0
total,                                                 77696,    2092,     263,     263,     0.5,     0.4,     0.7,     1.6,     7.3,    13.7,   34.0,  0.03467,      0,      0,       0,       0,       0,       0
t3.delete_tag_entity,                                  40289,    1239,       0,       0,     0.4,     0.3,     0.5,     1.1,     3.9,     4.3,   35.0,  0.03417,      0,      0,       0,       0,       0,       0
t3.select_entities_by_tag,                             40040,    1394,     336,     336,     0.4,     0.3,     0.5,     1.1,     3.7,     6.9,   35.0,  0.03417,      0,      0,       0,       0,       0,       0
total,                                                 80329,    2633,     336,     336,     0.4,     0.3,     0.5,     1.1,     3.9,     6.9,   35.0,  0.03417,      0,      0,       0,       0,       0,       0
t3.delete_tag_entity,                                  41511,    1222,       0,       0,     0.4,     0.3,     0.5,     1.1,     2.2,     5.4,   36.0,  0.03355,      0,      0,       0,       0,       0,       0
t3.select_entities_by_tag,                             41400,    1360,     349,     349,     0.4,     0.3,     0.5,     1.3,     3.8,     4.1,   36.0,  0.03355,      0,      0,       0,       0,       0,       0
total,                                                 82911,    2582,     349,     349,     0.4,     0.3,     0.5,     1.2,     3.8,     5.4,   36.0,  0.03355,      0,      0,       0,       0,       0,       0
t3.delete_tag_entity,                                  42668,    1157,       0,       0,     0.4,     0.4,     0.6,     1.4,     2.8,     5.7,   37.0,  0.03408,      0,      0,       0,       0,       0,       0
t3.select_entities_by_tag,                             42597,    1197,     269,     269,     0.4,     0.4,     0.6,     1.4,     7.2,    10.5,   37.0,  0.03408,      0,      0,       0,       0,       0,       0
total,                                                 85265,    2354,     269,     269,     0.4,     0.4,     0.6,     1.4,     5.7,    10.5,   37.0,  0.03408,      0,      0,       0,       0,       0,       0
t3.delete_tag_entity,                                  43849,    1181,       0,       0,     0.4,     0.3,     0.5,     1.4,     3.3,     4.3,   38.0,  0.03434,      0,      0,       0,       0,       0,       0
t3.select_entities_by_tag,                             43836,    1239,     278,     278,     0.4,     0.4,     0.6,     1.9,     4.9,     9.6,   38.0,  0.03434,      0,      0,       0,       0,       0,       0
total,                                                 87685,    2420,     278,     278,     0.4,     0.4,     0.5,     1.7,     4.4,     9.6,   38.0,  0.03434,      0,      0,       0,       0,       0,       0
t3.delete_tag_entity,                                  44924,    1075,       0,       0,     0.4,     0.4,     0.5,     1.4,     4.1,     6.0,   39.0,  0.03430,      0,      0,       0,       0,       0,       0
t3.select_entities_by_tag,                             45054,    1218,     292,     292,     0.4,     0.4,     0.6,     1.8,     9.3,    12.1,   39.0,  0.03430,      0,      0,       0,       0,       0,       0
total,                                                 89978,    2293,     292,     292,     0.4,     0.4,     0.5,     1.6,     7.0,    12.1,   39.0,  0.03430,      0,      0,       0,       0,       0,       0
t3.delete_tag_entity,                                  45988,    1064,       0,       0,     0.4,     0.4,     0.6,     1.3,     3.2,    16.8,   40.0,  0.03497,      0,      0,       0,       0,       0,       0
t3.select_entities_by_tag,                             46202,    1148,     245,     245,     0.4,     0.4,     0.6,     1.3,     4.1,     7.6,   40.0,  0.03497,      0,      0,       0,       0,       0,       0
total,                                                 92190,    2212,     245,     245,     0.4,     0.4,     0.6,     1.3,     4.1,    16.8,   40.0,  0.03497,      0,      0,       0,       0,       0,       0
t3.delete_tag_entity,                                  47130,    1142,       0,       0,     0.4,     0.4,     0.5,     1.2,     3.3,     3.6,   41.0,  0.03545,      0,      0,       0,       0,       0,       0
t3.select_entities_by_tag,                             47325,    1123,     253,     253,     0.4,     0.4,     0.6,     1.2,     1.6,     2.2,   41.0,  0.03545,      0,      0,       0,       0,       0,       0
total,                                                 94455,    2265,     253,     253,     0.4,     0.4,     0.6,     1.2,     2.3,     3.6,   41.0,  0.03545,      0,      0,       0,       0,       0,       0
t3.delete_tag_entity,                                  48095,     965,       0,       0,     0.5,     0.4,     0.6,     1.8,    11.2,    11.2,   42.0,  0.03635,      0,      0,       0,       0,       0,       0
t3.select_entities_by_tag,                             48377,    1052,     222,     222,     0.5,     0.4,     0.6,     1.3,     3.7,     7.6,   42.0,  0.03635,      0,      0,       0,       0,       0,       0
total,                                                 96472,    2017,     222,     222,     0.5,     0.4,     0.6,     1.4,     6.9,    11.2,   42.0,  0.03635,      0,      0,       0,       0,       0,       0
t3.delete_tag_entity,                                  49107,    1012,       0,       0,     0.4,     0.4,     0.6,     1.3,     2.5,     2.7,   43.0,  0.03661,      0,      0,       0,       0,       0,       0
t3.select_entities_by_tag,                             49525,    1148,     254,     254,     0.5,     0.4,     0.6,     1.3,     2.0,     3.9,   43.0,  0.03661,      0,      0,       0,       0,       0,       0
total,                                                 98632,    2160,     254,     254,     0.5,     0.4,     0.6,     1.3,     2.5,     3.9,   43.0,  0.03661,      0,      0,       0,       0,       0,       0
t3.delete_tag_entity,                                  49792,    1101,       0,       0,     0.5,     0.4,     0.6,     1.4,     9.2,     9.2,   43.6,  0.03689,      0,      0,       0,       0,       0,       0
t3.select_entities_by_tag,                             50208,    1098,     246,     246,     0.4,     0.4,     0.6,     1.3,     2.6,     2.6,   43.6,  0.03689,      0,      0,       0,       0,       0,       0
total,                                                100000,    2199,     246,     246,     0.4,     0.4,     0.6,     1.3,     8.0,     9.2,   43.6,  0.03689,      0,      0,       0,       0,       0,       0


Results:
Op rate                   :    2,292 op/s  [t3.delete_tag_entity: 1,141 op/s, t3.select_entities_by_tag: 1,151 op/s]
Partition rate            :      375 pk/s  [t3.delete_tag_entity: 0 pk/s, t3.select_entities_by_tag: 375 pk/s]
Row rate                  :      375 row/s [t3.delete_tag_entity: 0 row/s, t3.select_entities_by_tag: 375 row/s]
Latency mean              :    0.4 ms [t3.delete_tag_entity: 0.4 ms, t3.select_entities_by_tag: 0.4 ms]
Latency median            :    0.4 ms [t3.delete_tag_entity: 0.4 ms, t3.select_entities_by_tag: 0.4 ms]
Latency 95th percentile   :    0.6 ms [t3.delete_tag_entity: 0.6 ms, t3.select_entities_by_tag: 0.6 ms]
Latency 99th percentile   :    1.4 ms [t3.delete_tag_entity: 1.3 ms, t3.select_entities_by_tag: 1.4 ms]
Latency 99.9th percentile :    5.3 ms [t3.delete_tag_entity: 4.6 ms, t3.select_entities_by_tag: 5.8 ms]
Latency max               :   27.2 ms [t3.delete_tag_entity: 16.8 ms, t3.select_entities_by_tag: 27.2 ms]
Total partitions          :     16,343 [t3.delete_tag_entity: 0, t3.select_entities_by_tag: 16,343]
Total errors              :          0 [t3.delete_tag_entity: 0, t3.select_entities_by_tag: 0]
Total GC count            : 0
Total GC memory           : 0.000 KiB
Total GC time             :    0.0 seconds
Avg GC time               :    NaN ms
StdDev GC time            :    0.0 ms
Total operation time      : 00:00:43

END
