******************** Stress Settings ********************
Command:
  Type: user
  Count: 10,000
  No Warmup: false
  Consistency Level: LOCAL_ONE
  Target Uncertainty: not applicable
  Command Ratios: {t3.select_entities_by_tag=1.0, t3.delete_tag_entity=1.0}
  Command Clustering Distribution: clustering=gaussian(1..10)
  Profile File(s): t3_tag_entities.yaml
Rate:
  Auto: false
  Thread Count: 5
  OpsPer Sec: 0
Population:
  Distribution: Gaussian:  min=1,max=10000,mean=5000.500000,stdev=1666.500000
  Order: ARBITRARY
  Wrap: false
Insert:
  Revisits: Uniform:  min=1,max=1000000
  Visits: Fixed:  key=1
  Row Population Ratio: Ratio: divisor=1.000000;delegate=Fixed:  key=1
  Batch Type: not batching
Errors:
  Ignore: false
  Tries: 10
Log:
  No Summary: false
  No Settings: false
  File: tag_entities_10K_MIXED_5_threads.log
  Interval Millis: 1000
  Level: NORMAL
Mode:
  API: JAVA_DRIVER_NATIVE
  Connection Style: CQL_PREPARED
  CQL Version: CQL3
  Protocol Version: V5
  Username: null
  Password: null
  Auth Provide Class: null
  Max Pending Per Connection: 128
  Connections Per Host: 8
  Compression: NONE
Node:
  Nodes: [localhost]
  Is White List: false
  Datacenter: null
Schema:
  Keyspace: null
  Replication Strategy: org.apache.cassandra.locator.SimpleStrategy
  Replication Strategy Options: {replication_factor=1}
  Table Compression: null
  Table Compaction Strategy: null
  Table Compaction Strategy Options: {}
Transport:
  truststore=null; truststore-password=null; keystore=null; keystore-password=null; ssl-protocol=TLS; ssl-alg=null; ssl-ciphers=TLS_RSA_WITH_AES_128_CBC_SHA,TLS_RSA_WITH_AES_256_CBC_SHA; 
Port:
  Native Port: 9042
  JMX Port: 7199
Graph:
  File: tag_entities_10K_threads_5_MIXED.html
  Revision: tag_entities_MIXED
  Title: NVO_Cassandra_POC_tag_entities_Table_10K_Records_5_Threads
  Operation: USER
TokenRange:
  Wrap: false
  Split Factor: 1

******************** Profile(s) ********************
  Keyspace Name: tagging
  Keyspace CQL: 
***
CREATE KEYSPACE IF NOT EXISTS tagging WITH replication = {'class': 'SimpleStrategy', 'replication_factor': 1};
***

  Table Name: tag_entities
  Table CQL: 
***
CREATE TABLE IF NOT EXISTS tag_entities (
  tag_id UUID,
  entity_id UUID,
  PRIMARY KEY (tag_id, entity_id)
);
***

  Extra Schema Definitions: null
  Generator Configs:
    tag_id: Size: Gaussian:  min=5,max=10,mean=7.500000,stdev=0.833333;Identity: Uniform:  min=1,max=10000000;
    entity_id: Size: Gaussian:  min=5,max=10,mean=7.500000,stdev=0.833333;Identity: Uniform:  min=1,max=10000000;
  Query Definitions:
    select_entities_by_tag: CQL:SELECT * FROM tag_entities WHERE tag_id = ?;Fields:samerow;
    delete_tag_entity: CQL:DELETE FROM tag_entities WHERE tag_id = ? AND entity_id = ?;Fields:samerow;
  Token Range Queries:
  Insert Settings:
    partitions: fixed(1)
    select: fixed(1)/500
    batchtype: UNLOGGED
Generating batches with [1..1] partitions and [0..0] rows (of [1..1] total rows in the partitions)

Sleeping 2s...
Warming up t3.select_entities_by_tag with 2500 iterations...
Warming up t3.delete_tag_entity with 2500 iterations...
Running [t3.select_entities_by_tag, t3.delete_tag_entity] with 5 threads for 10000 iteration
type                                               total ops,    op/s,    pk/s,   row/s,    mean,     med,     .95,     .99,    .999,     max,   time,   stderr, errors,  gc: #,  max ms,  sum ms,  sdv ms,      mb
t3.delete_tag_entity,                                   1068,    1068,       0,       0,     1.8,     1.0,     6.1,    13.5,    30.8,    35.0,    1.0,  0.00000,      0,      0,       0,       0,       0,       0
t3.select_entities_by_tag,                               860,     860,     380,     380,     2.1,     1.1,     7.9,    14.5,    24.9,    24.9,    1.0,  0.00000,      0,      0,       0,       0,       0,       0
total,                                                  1928,    1928,     380,     380,     2.0,     1.1,     7.0,    14.4,    30.8,    35.0,    1.0,  0.00000,      0,      0,       0,       0,       0,       0
t3.delete_tag_entity,                                   3350,    2282,       0,       0,     1.0,     0.7,     2.3,     5.4,    19.2,    45.8,    2.0,  0.24170,      0,      0,       0,       0,       0,       0
t3.select_entities_by_tag,                              3090,    2230,     766,     766,     1.1,     0.8,     2.8,     5.5,    20.5,    45.3,    2.0,  0.24170,      0,      0,       0,       0,       0,       0
total,                                                  6440,    4512,     766,     766,     1.1,     0.8,     2.5,     5.5,    20.5,    45.8,    2.0,  0.24170,      0,      0,       0,       0,       0,       0
t3.delete_tag_entity,                                   5130,    2048,       0,       0,     1.2,     0.8,     3.1,     7.4,    11.9,    12.1,    2.9,  0.18098,      0,      0,       0,       0,       0,       0
t3.select_entities_by_tag,                              4870,    2048,     475,     475,     1.2,     0.9,     3.1,     5.5,    12.4,    14.7,    2.9,  0.18098,      0,      0,       0,       0,       0,       0
total,                                                 10000,    4097,     475,     475,     1.2,     0.8,     3.1,     6.3,    12.1,    14.7,    2.9,  0.18098,      0,      0,       0,       0,       0,       0


Results:
Op rate                   :    3,486 op/s  [t3.delete_tag_entity: 1,788 op/s, t3.select_entities_by_tag: 1,697 op/s]
Partition rate            :      543 pk/s  [t3.delete_tag_entity: 0 pk/s, t3.select_entities_by_tag: 543 pk/s]
Row rate                  :      543 row/s [t3.delete_tag_entity: 0 row/s, t3.select_entities_by_tag: 543 row/s]
Latency mean              :    1.3 ms [t3.delete_tag_entity: 1.3 ms, t3.select_entities_by_tag: 1.3 ms]
Latency median            :    0.8 ms [t3.delete_tag_entity: 0.8 ms, t3.select_entities_by_tag: 0.9 ms]
Latency 95th percentile   :    3.4 ms [t3.delete_tag_entity: 3.3 ms, t3.select_entities_by_tag: 3.5 ms]
Latency 99th percentile   :    8.9 ms [t3.delete_tag_entity: 8.6 ms, t3.select_entities_by_tag: 9.2 ms]
Latency 99.9th percentile :   19.2 ms [t3.delete_tag_entity: 19.2 ms, t3.select_entities_by_tag: 20.5 ms]
Latency max               :   45.8 ms [t3.delete_tag_entity: 45.8 ms, t3.select_entities_by_tag: 45.3 ms]
Total partitions          :      1,559 [t3.delete_tag_entity: 0, t3.select_entities_by_tag: 1,559]
Total errors              :          0 [t3.delete_tag_entity: 0, t3.select_entities_by_tag: 0]
Total GC count            : 0
Total GC memory           : 0.000 KiB
Total GC time             :    0.0 seconds
Avg GC time               :    NaN ms
StdDev GC time            :    0.0 ms
Total operation time      : 00:00:02

END
