******************** Stress Settings ********************
Command:
  Type: user
  Count: 1,000,000
  No Warmup: false
  Consistency Level: LOCAL_ONE
  Target Uncertainty: not applicable
  Command Ratios: {t3.insert=1.0}
  Command Clustering Distribution: clustering=gaussian(1..10)
  Profile File(s): t3_tag_entities.yaml
Rate:
  Auto: false
  Thread Count: 5
  OpsPer Sec: 0
Population:
  Distribution: Gaussian:  min=1,max=1000000,mean=500000.500000,stdev=166666.500000
  Order: ARBITRARY
  Wrap: false
Insert:
  Revisits: Uniform:  min=1,max=1000000
  Visits: Fixed:  key=1
  Row Population Ratio: Ratio: divisor=1.000000;delegate=Fixed:  key=1
  Batch Type: not batching
Errors:
  Ignore: false
  Tries: 10
Log:
  No Summary: false
  No Settings: false
  File: tag_entities_1M_write_5_threads.log
  Interval Millis: 1000
  Level: NORMAL
Mode:
  API: JAVA_DRIVER_NATIVE
  Connection Style: CQL_PREPARED
  CQL Version: CQL3
  Protocol Version: V5
  Username: null
  Password: null
  Auth Provide Class: null
  Max Pending Per Connection: 128
  Connections Per Host: 8
  Compression: NONE
Node:
  Nodes: [localhost]
  Is White List: false
  Datacenter: null
Schema:
  Keyspace: null
  Replication Strategy: org.apache.cassandra.locator.SimpleStrategy
  Replication Strategy Options: {replication_factor=1}
  Table Compression: null
  Table Compaction Strategy: null
  Table Compaction Strategy Options: {}
Transport:
  truststore=null; truststore-password=null; keystore=null; keystore-password=null; ssl-protocol=TLS; ssl-alg=null; ssl-ciphers=TLS_RSA_WITH_AES_128_CBC_SHA,TLS_RSA_WITH_AES_256_CBC_SHA; 
Port:
  Native Port: 9042
  JMX Port: 7199
Graph:
  File: tag_entities_1M_threads_5_MIXED.html
  Revision: Load
  Title: NVO_Cassandra_POC_tag_entities_Table_1M_Records_5_Threads
  Operation: USER
TokenRange:
  Wrap: false
  Split Factor: 1

******************** Profile(s) ********************
  Keyspace Name: tagging
  Keyspace CQL: 
***
CREATE KEYSPACE IF NOT EXISTS tagging WITH replication = {'class': 'SimpleStrategy', 'replication_factor': 1};
***

  Table Name: tag_entities
  Table CQL: 
***
CREATE TABLE IF NOT EXISTS tag_entities (
  tag_id UUID,
  entity_id UUID,
  PRIMARY KEY (tag_id, entity_id)
);
***

  Extra Schema Definitions: null
  Generator Configs:
    tag_id: Size: Gaussian:  min=5,max=10,mean=7.500000,stdev=0.833333;Identity: Uniform:  min=1,max=10000000;
    entity_id: Size: Gaussian:  min=5,max=10,mean=7.500000,stdev=0.833333;Identity: Uniform:  min=1,max=10000000;
  Query Definitions:
    select_entities_by_tag: CQL:SELECT * FROM tag_entities WHERE tag_id = ?;Fields:samerow;
    delete_tag_entity: CQL:DELETE FROM tag_entities WHERE tag_id = ? AND entity_id = ?;Fields:samerow;
  Token Range Queries:
  Insert Settings:
    partitions: fixed(1)
    select: fixed(1)/500
    batchtype: UNLOGGED
Generating batches with [1..1] partitions and [0..0] rows (of [1..1] total rows in the partitions)

Sleeping 2s...
Warming up t3.insert with 50000 iterations...
Running [t3.insert] with 5 threads for 1000000 iteration
type                                               total ops,    op/s,    pk/s,   row/s,    mean,     med,     .95,     .99,    .999,     max,   time,   stderr, errors,  gc: #,  max ms,  sum ms,  sdv ms,      mb
total,                                                   272,     272,     272,     272,     1.1,     0.9,     2.0,     3.1,     4.3,     4.3,    1.0,  0.00000,      0,      0,       0,       0,       0,       0
total,                                                  5367,    5095,    5095,    5095,     0.9,     0.7,     2.2,     3.7,     8.6,    17.6,    2.0,  0.63635,      0,      0,       0,       0,       0,       0
total,                                                 10696,    5329,    5329,    5329,     0.9,     0.6,     2.3,     5.9,    12.0,    17.9,    3.0,  0.37784,      0,      0,       0,       0,       0,       0
total,                                                 16427,    5731,    5731,    5731,     0.9,     0.6,     2.1,     4.4,     8.6,    15.3,    4.0,  0.27115,      0,      0,       0,       0,       0,       0
total,                                                 22228,    5801,    5801,    5801,     0.8,     0.6,     1.8,     4.0,    12.9,    19.0,    5.0,  0.21171,      0,      0,       0,       0,       0,       0
total,                                                 28347,    6119,    6119,    6119,     0.8,     0.6,     1.8,     3.4,     7.7,    11.5,    6.0,  0.17441,      0,      0,       0,       0,       0,       0
total,                                                 34410,    6063,    6063,    6063,     0.8,     0.6,     1.7,     3.1,     7.7,    11.3,    7.0,  0.14806,      0,      0,       0,       0,       0,       0
total,                                                 39550,    5140,    5140,    5140,     1.0,     0.7,     2.1,     4.8,    17.1,    66.5,    8.0,  0.12846,      0,      0,       0,       0,       0,       0
total,                                                 45912,    6362,    6362,    6362,     0.8,     0.6,     1.6,     2.6,     5.3,    13.7,    9.0,  0.11428,      0,      0,       0,       0,       0,       0
total,                                                 51570,    5658,    5658,    5658,     0.9,     0.6,     2.0,     4.7,    12.4,    19.2,   10.0,  0.10226,      0,      0,       0,       0,       0,       0
total,                                                 57871,    6301,    6301,    6301,     0.8,     0.6,     1.6,     2.9,    10.5,    29.3,   11.0,  0.09315,      0,      0,       0,       0,       0,       0
total,                                                 63879,    6008,    6008,    6008,     0.8,     0.6,     1.8,     3.9,    13.6,    27.8,   12.0,  0.08515,      0,      0,       0,       0,       0,       0
total,                                                 69306,    5427,    5427,    5427,     0.9,     0.6,     2.2,     5.6,    12.2,    19.4,   13.0,  0.07851,      0,      0,       0,       0,       0,       0
total,                                                 74853,    5547,    5547,    5547,     0.9,     0.7,     2.1,     3.8,     8.0,    14.4,   14.0,  0.07277,      0,      0,       0,       0,       0,       0
total,                                                 79868,    5015,    5015,    5015,     1.0,     0.7,     2.4,     5.0,    10.8,    20.4,   15.0,  0.06833,      0,      0,       0,       0,       0,       0
total,                                                 85958,    6090,    6090,    6090,     0.8,     0.6,     1.9,     3.4,    11.8,    16.1,   16.0,  0.06405,      0,      0,       0,       0,       0,       0
total,                                                 92029,    6071,    6071,    6071,     0.8,     0.6,     1.9,     3.2,     7.1,     9.8,   17.0,  0.06023,      0,      0,       0,       0,       0,       0
total,                                                 98010,    5981,    5981,    5981,     0.8,     0.6,     1.9,     4.2,     8.8,    10.9,   18.0,  0.05682,      0,      0,       0,       0,       0,       0
total,                                                104017,    6007,    6007,    6007,     0.8,     0.6,     1.7,     3.2,    11.5,    52.1,   19.0,  0.05391,      0,      0,       0,       0,       0,       0
total,                                                109552,    5535,    5535,    5535,     0.9,     0.7,     2.0,     4.2,    11.7,    20.0,   20.0,  0.05119,      0,      0,       0,       0,       0,       0
total,                                                116163,    6611,    6611,    6611,     0.7,     0.6,     1.5,     2.6,     5.4,     8.7,   21.0,  0.04911,      0,      0,       0,       0,       0,       0
total,                                                121948,    5785,    5785,    5785,     0.9,     0.7,     1.8,     3.5,    10.0,    15.2,   22.0,  0.04683,      0,      0,       0,       0,       0,       0
total,                                                128072,    6124,    6124,    6124,     0.8,     0.6,     1.6,     2.7,    11.9,    33.7,   23.0,  0.04484,      0,      0,       0,       0,       0,       0
total,                                                134322,    6250,    6250,    6250,     0.8,     0.6,     1.7,     3.3,    12.0,    14.7,   24.0,  0.04303,      0,      0,       0,       0,       0,       0
total,                                                139964,    5642,    5642,    5642,     0.9,     0.7,     2.0,     4.0,     7.8,     9.9,   25.0,  0.04131,      0,      0,       0,       0,       0,       0
total,                                                146559,    6595,    6595,    6595,     0.7,     0.6,     1.6,     2.6,     5.0,     7.6,   26.0,  0.03994,      0,      0,       0,       0,       0,       0
total,                                                152904,    6345,    6345,    6345,     0.8,     0.6,     1.7,     3.9,     8.9,    14.7,   27.0,  0.03854,      0,      0,       0,       0,       0,       0
total,                                                159036,    6132,    6132,    6132,     0.8,     0.6,     1.8,     3.0,     5.1,    11.2,   28.0,  0.03715,      0,      0,       0,       0,       0,       0
total,                                                165140,    6104,    6104,    6104,     0.8,     0.6,     1.5,     2.6,    13.0,    64.5,   29.0,  0.03597,      0,      0,       0,       0,       0,       0
total,                                                171304,    6164,    6164,    6164,     0.8,     0.6,     1.7,     3.3,     6.6,    33.4,   30.0,  0.03480,      0,      0,       0,       0,       0,       0
total,                                                177356,    6052,    6052,    6052,     0.8,     0.6,     1.8,     3.1,     5.7,     6.8,   31.0,  0.03366,      0,      0,       0,       0,       0,       0
total,                                                182588,    5232,    5232,    5232,     0.9,     0.7,     2.3,     5.2,    15.2,    20.7,   32.0,  0.03280,      0,      0,       0,       0,       0,       0
total,                                                189419,    6831,    6831,    6831,     0.7,     0.6,     1.5,     2.4,     6.3,    16.3,   33.0,  0.03213,      0,      0,       0,       0,       0,       0
total,                                                195647,    6228,    6228,    6228,     0.8,     0.6,     1.7,     3.3,    12.2,    26.9,   34.0,  0.03121,      0,      0,       0,       0,       0,       0
total,                                                201923,    6276,    6276,    6276,     0.8,     0.6,     1.7,     2.9,    10.3,    19.7,   35.0,  0.03035,      0,      0,       0,       0,       0,       0
total,                                                208071,    6148,    6148,    6148,     0.8,     0.6,     1.5,     2.9,    23.8,    46.2,   36.0,  0.02954,      0,      0,       0,       0,       0,       0
total,                                                213549,    5478,    5478,    5478,     0.9,     0.6,     2.1,     4.3,    16.5,    52.9,   37.0,  0.02876,      0,      0,       0,       0,       0,       0
total,                                                220156,    6607,    6607,    6607,     0.7,     0.6,     1.5,     2.6,     5.2,     8.6,   38.0,  0.02811,      0,      0,       0,       0,       0,       0
total,                                                225889,    5733,    5733,    5733,     0.9,     0.6,     2.0,     4.6,    12.5,    17.4,   39.0,  0.02740,      0,      0,       0,       0,       0,       0
total,                                                231562,    5673,    5673,    5673,     0.9,     0.6,     1.8,     4.3,    15.6,    70.1,   40.0,  0.02671,      0,      0,       0,       0,       0,       0
total,                                                238569,    7007,    7007,    7007,     0.7,     0.6,     1.5,     2.4,     4.6,    12.9,   41.0,  0.02636,      0,      0,       0,       0,       0,       0
total,                                                244439,    5870,    5870,    5870,     0.8,     0.6,     2.1,     3.9,     9.0,    12.8,   42.0,  0.02573,      0,      0,       0,       0,       0,       0
total,                                                250336,    5897,    5897,    5897,     0.8,     0.7,     1.8,     3.0,     5.6,     9.8,   43.0,  0.02514,      0,      0,       0,       0,       0,       0
total,                                                255663,    5327,    5327,    5327,     0.9,     0.7,     2.1,     4.4,    14.4,    28.6,   44.0,  0.02467,      0,      0,       0,       0,       0,       0
total,                                                261791,    6128,    6128,    6128,     0.8,     0.7,     1.7,     2.9,     4.7,    15.3,   45.0,  0.02412,      0,      0,       0,       0,       0,       0
total,                                                268003,    6212,    6212,    6212,     0.8,     0.6,     1.8,     3.1,     6.2,    13.6,   46.0,  0.02360,      0,      0,       0,       0,       0,       0
total,                                                273646,    5643,    5643,    5643,     0.9,     0.7,     2.0,     4.2,    10.2,    18.3,   47.0,  0.02313,      0,      0,       0,       0,       0,       0
total,                                                275843,    2197,    2197,    2197,     0.7,     0.6,     1.4,     2.5,     4.0,     4.5,   48.0,  0.02645,      0,      0,       0,       0,       0,       0
total,                                                279121,    3278,    3278,    3278,     2.5,     0.6,     2.4,     7.6,   942.7,   977.3,   49.0,  0.32171,      0,      0,       0,       0,       0,       0
total,                                                285137,    6016,    6016,    6016,     0.8,     0.7,     1.8,     2.9,     5.3,     8.7,   50.0,  0.31725,      0,      0,       0,       0,       0,       0
total,                                                291202,    6065,    6065,    6065,     0.8,     0.7,     1.7,     2.8,     6.9,     9.5,   51.0,  0.31287,      0,      0,       0,       0,       0,       0
total,                                                296537,    5335,    5335,    5335,     0.9,     0.7,     2.0,     4.1,    17.0,    63.8,   52.0,  0.30893,      0,      0,       0,       0,       0,       0
total,                                                302878,    6341,    6341,    6341,     0.8,     0.7,     1.6,     2.4,     4.1,     6.5,   53.0,  0.30459,      0,      0,       0,       0,       0,       0
total,                                                308300,    5422,    5422,    5422,     0.9,     0.7,     2.1,     5.1,    10.4,    29.3,   54.0,  0.30092,      0,      0,       0,       0,       0,       0
total,                                                314385,    6085,    6085,    6085,     0.8,     0.7,     1.7,     2.8,     5.2,    11.7,   55.0,  0.29696,      0,      0,       0,       0,       0,       0
total,                                                320361,    5976,    5976,    5976,     0.8,     0.6,     1.9,     3.5,     6.8,     8.0,   56.0,  0.29318,      0,      0,       0,       0,       0,       0
total,                                                326304,    5943,    5943,    5943,     0.8,     0.7,     1.8,     3.2,     6.8,    10.2,   57.0,  0.28951,      0,      0,       0,       0,       0,       0
total,                                                332620,    6316,    6316,    6316,     0.8,     0.6,     1.6,     2.5,     4.5,     8.1,   58.0,  0.28570,      0,      0,       0,       0,       0,       0
total,                                                338149,    5529,    5529,    5529,     0.9,     0.7,     2.2,     4.1,    11.3,    17.9,   59.0,  0.28245,      0,      0,       0,       0,       0,       0
total,                                                344294,    6145,    6145,    6145,     0.8,     0.6,     1.7,     3.8,    12.1,    20.1,   60.0,  0.27888,      0,      0,       0,       0,       0,       0
total,                                                349861,    5567,    5567,    5567,     0.9,     0.6,     2.1,     4.5,    13.0,    17.3,   61.0,  0.27576,      0,      0,       0,       0,       0,       0
total,                                                355764,    5903,    5903,    5903,     0.8,     0.6,     1.7,     2.6,    17.4,    42.2,   62.0,  0.27242,      0,      0,       0,       0,       0,       0
total,                                                361706,    5942,    5942,    5942,     0.8,     0.6,     1.6,     3.0,    10.4,    69.1,   63.0,  0.26903,      0,      0,       0,       0,       0,       0
total,                                                367306,    5600,    5600,    5600,     0.9,     0.7,     2.0,     3.9,     9.0,    17.5,   64.0,  0.26610,      0,      0,       0,       0,       0,       0
total,                                                373412,    6106,    6106,    6106,     0.8,     0.7,     1.7,     2.7,     4.9,     7.5,   65.0,  0.26300,      0,      0,       0,       0,       0,       0
total,                                                378681,    5269,    5269,    5269,     0.9,     0.7,     2.2,     5.1,    10.3,    12.0,   66.0,  0.26039,      0,      0,       0,       0,       0,       0
total,                                                384706,    6025,    6025,    6025,     0.8,     0.7,     1.8,     3.0,     5.1,     7.5,   67.0,  0.25746,      0,      0,       0,       0,       0,       0
total,                                                390896,    6190,    6190,    6190,     0.8,     0.6,     1.9,     3.7,     7.5,    13.2,   68.0,  0.25449,      0,      0,       0,       0,       0,       0
total,                                                396854,    5958,    5958,    5958,     0.8,     0.6,     1.9,     3.6,     8.4,    15.8,   69.0,  0.25169,      0,      0,       0,       0,       0,       0
total,                                                403102,    6248,    6248,    6248,     0.8,     0.6,     1.7,     2.8,     5.9,    10.9,   70.0,  0.24883,      0,      0,       0,       0,       0,       0
total,                                                408835,    5733,    5733,    5733,     0.9,     0.7,     2.0,     3.6,     8.9,    17.4,   71.0,  0.24626,      0,      0,       0,       0,       0,       0
total,                                                415178,    6343,    6343,    6343,     0.8,     0.6,     1.6,     3.0,     7.0,    17.7,   72.0,  0.24346,      0,      0,       0,       0,       0,       0
total,                                                420446,    5268,    5268,    5268,     0.9,     0.7,     2.1,     4.9,    13.9,    17.6,   73.0,  0.24121,      0,      0,       0,       0,       0,       0
total,                                                426150,    5704,    5704,    5704,     0.9,     0.6,     1.7,     3.6,    41.8,    69.0,   74.0,  0.23866,      0,      0,       0,       0,       0,       0
total,                                                432786,    6636,    6636,    6636,     0.7,     0.6,     1.5,     2.5,     4.6,    11.6,   75.0,  0.23592,      0,      0,       0,       0,       0,       0
total,                                                438519,    5733,    5733,    5733,     0.9,     0.6,     2.0,     4.3,    10.5,    13.9,   76.0,  0.23362,      0,      0,       0,       0,       0,       0
total,                                                445113,    6594,    6594,    6594,     0.7,     0.6,     1.6,     2.8,     7.2,    12.5,   77.0,  0.23100,      0,      0,       0,       0,       0,       0
total,                                                450879,    5766,    5766,    5766,     0.9,     0.6,     2.0,     4.2,     8.6,    15.0,   78.0,  0.22878,      0,      0,       0,       0,       0,       0
total,                                                457705,    6826,    6826,    6826,     0.7,     0.6,     1.6,     2.7,     5.1,    11.8,   79.0,  0.22618,      0,      0,       0,       0,       0,       0
total,                                                464165,    6460,    6460,    6460,     0.8,     0.6,     1.7,     3.0,     5.6,    10.3,   80.0,  0.22379,      0,      0,       0,       0,       0,       0
total,                                                469920,    5755,    5755,    5755,     0.9,     0.7,     2.0,     4.3,     9.0,    11.9,   81.0,  0.22171,      0,      0,       0,       0,       0,       0
total,                                                476081,    6161,    6161,    6161,     0.8,     0.6,     1.6,     2.9,    11.5,    14.1,   82.0,  0.21951,      0,      0,       0,       0,       0,       0
total,                                                482557,    6476,    6476,    6476,     0.8,     0.6,     1.7,     2.6,     4.6,     8.6,   83.0,  0.21726,      0,      0,       0,       0,       0,       0
total,                                                487616,    5059,    5059,    5059,     1.0,     0.7,     2.2,     4.6,    15.7,    90.2,   84.0,  0.21539,      0,      0,       0,       0,       0,       0
total,                                                493585,    5969,    5969,    5969,     0.8,     0.6,     1.7,     3.0,    11.6,    64.6,   85.0,  0.21327,      0,      0,       0,       0,       0,       0
total,                                                499299,    5714,    5714,    5714,     0.9,     0.6,     1.9,     4.3,    10.4,    34.4,   86.0,  0.21135,      0,      0,       0,       0,       0,       0
total,                                                505582,    6283,    6283,    6283,     0.8,     0.6,     1.6,     2.8,    10.4,    45.2,   87.0,  0.20924,      0,      0,       0,       0,       0,       0
total,                                                509727,    4145,    4145,    4145,     1.2,     0.6,     1.6,     2.6,   339.2,   368.8,   88.0,  0.20718,      0,      0,       0,       0,       0,       0
total,                                                515221,    5494,    5494,    5494,     0.9,     0.7,     2.1,     4.3,    11.2,    21.8,   89.0,  0.20546,      0,      0,       0,       0,       0,       0
total,                                                521345,    6124,    6124,    6124,     0.8,     0.6,     1.6,     2.8,     5.7,     9.3,   90.0,  0.20359,      0,      0,       0,       0,       0,       0
total,                                                525258,    3913,    3913,    3913,     1.3,     0.7,     2.7,     6.0,   128.3,   137.2,   91.0,  0.20229,      0,      0,       0,       0,       0,       0
total,                                                531107,    5849,    5849,    5849,     0.8,     0.6,     1.9,     3.8,    14.1,    50.9,   92.0,  0.20048,      0,      0,       0,       0,       0,       0
total,                                                536938,    5831,    5831,    5831,     0.8,     0.6,     2.0,     3.5,    13.0,    24.1,   93.0,  0.19876,      0,      0,       0,       0,       0,       0
total,                                                542231,    5293,    5293,    5293,     0.9,     0.7,     2.1,     5.2,    12.6,    20.7,   94.0,  0.19725,      0,      0,       0,       0,       0,       0
total,                                                548426,    6195,    6195,    6195,     0.8,     0.7,     1.7,     2.7,     4.8,     5.6,   95.0,  0.19551,      0,      0,       0,       0,       0,       0
total,                                                553666,    5240,    5240,    5240,     0.9,     0.7,     2.0,     4.0,    11.9,    70.1,   96.0,  0.19398,      0,      0,       0,       0,       0,       0
total,                                                559592,    5926,    5926,    5926,     0.8,     0.6,     1.9,     3.3,     7.5,    11.5,   97.0,  0.19236,      0,      0,       0,       0,       0,       0
total,                                                565820,    6228,    6228,    6228,     0.8,     0.6,     1.7,     2.8,     8.2,    15.4,   98.0,  0.19068,      0,      0,       0,       0,       0,       0
total,                                                571465,    5645,    5645,    5645,     0.9,     0.7,     2.0,     3.8,     8.2,    14.8,   99.0,  0.18920,      0,      0,       0,       0,       0,       0
total,                                                577503,    6038,    6038,    6038,     0.8,     0.6,     1.6,     3.2,     8.7,    41.1,  100.0,  0.18758,      0,      0,       0,       0,       0,       0
total,                                                583086,    5583,    5583,    5583,     0.9,     0.6,     2.1,     4.0,    12.2,    17.8,  101.0,  0.18615,      0,      0,       0,       0,       0,       0
total,                                                589501,    6415,    6415,    6415,     0.8,     0.6,     1.6,     2.8,    11.0,    12.9,  102.0,  0.18454,      0,      0,       0,       0,       0,       0
total,                                                595200,    5699,    5699,    5699,     0.9,     0.7,     1.9,     4.0,     7.7,    12.1,  103.0,  0.18313,      0,      0,       0,       0,       0,       0
total,                                                601032,    5832,    5832,    5832,     0.8,     0.6,     1.9,     3.8,     9.7,    15.1,  104.0,  0.18171,      0,      0,       0,       0,       0,       0
total,                                                607351,    6319,    6319,    6319,     0.8,     0.6,     1.6,     3.0,     5.8,    11.7,  105.0,  0.18020,      0,      0,       0,       0,       0,       0
total,                                                613133,    5782,    5782,    5782,     0.9,     0.6,     1.9,     4.1,     9.8,    16.5,  106.0,  0.17883,      0,      0,       0,       0,       0,       0
total,                                                619197,    6064,    6064,    6064,     0.8,     0.6,     1.7,     2.8,     9.6,    61.4,  107.0,  0.17735,      0,      0,       0,       0,       0,       0
total,                                                624959,    5762,    5762,    5762,     0.9,     0.6,     2.0,     4.2,    10.1,    16.3,  108.0,  0.17603,      0,      0,       0,       0,       0,       0
total,                                                631342,    6383,    6383,    6383,     0.8,     0.6,     1.7,     2.9,     7.1,    10.0,  109.0,  0.17460,      0,      0,       0,       0,       0,       0
total,                                                638169,    6827,    6827,    6827,     0.7,     0.6,     1.5,     2.7,     5.8,    11.4,  110.0,  0.17309,      0,      0,       0,       0,       0,       0
total,                                                643929,    5760,    5760,    5760,     0.9,     0.7,     1.9,     3.9,     6.9,    19.0,  111.0,  0.17183,      0,      0,       0,       0,       0,       0
total,                                                650050,    6121,    6121,    6121,     0.8,     0.7,     1.7,     2.7,     5.8,    20.3,  112.0,  0.17050,      0,      0,       0,       0,       0,       0
total,                                                655190,    5140,    5140,    5140,     1.0,     0.7,     2.2,     5.1,    16.3,    41.9,  113.0,  0.16940,      0,      0,       0,       0,       0,       0
total,                                                661364,    6174,    6174,    6174,     0.8,     0.6,     1.7,     3.2,     8.9,    13.5,  114.0,  0.16811,      0,      0,       0,       0,       0,       0
total,                                                667545,    6181,    6181,    6181,     0.8,     0.6,     1.8,     3.8,     6.5,    19.8,  115.0,  0.16683,      0,      0,       0,       0,       0,       0
total,                                                673702,    6157,    6157,    6157,     0.8,     0.6,     1.7,     3.3,     6.5,    10.1,  116.0,  0.16559,      0,      0,       0,       0,       0,       0
total,                                                679877,    6175,    6175,    6175,     0.8,     0.6,     1.7,     2.9,     6.8,    12.3,  117.0,  0.16436,      0,      0,       0,       0,       0,       0
total,                                                684726,    4849,    4849,    4849,     1.0,     0.7,     2.4,     5.3,    61.3,    65.6,  118.0,  0.16336,      0,      0,       0,       0,       0,       0
total,                                                691177,    6451,    6451,    6451,     0.8,     0.6,     1.7,     2.8,     5.3,    11.2,  119.0,  0.16211,      0,      0,       0,       0,       0,       0
total,                                                697034,    5857,    5857,    5857,     0.8,     0.6,     2.0,     4.1,     8.3,    12.2,  120.0,  0.16100,      0,      0,       0,       0,       0,       0
total,                                                703293,    6259,    6259,    6259,     0.8,     0.6,     1.8,     3.1,     5.8,    15.5,  121.0,  0.15981,      0,      0,       0,       0,       0,       0
total,                                                709456,    6163,    6163,    6163,     0.8,     0.6,     1.7,     3.0,    10.8,    13.9,  122.0,  0.15867,      0,      0,       0,       0,       0,       0
total,                                                715062,    5606,    5606,    5606,     0.9,     0.7,     2.1,     4.1,    10.7,    22.1,  123.0,  0.15763,      0,      0,       0,       0,       0,       0
total,                                                721073,    6011,    6011,    6011,     0.8,     0.7,     1.7,     3.5,     6.9,    17.1,  124.0,  0.15654,      0,      0,       0,       0,       0,       0
total,                                                726610,    5537,    5537,    5537,     0.9,     0.6,     2.1,     4.2,    12.2,    18.4,  125.0,  0.15556,      0,      0,       0,       0,       0,       0
total,                                                733026,    6416,    6416,    6416,     0.8,     0.6,     1.6,     2.6,    11.2,    40.4,  126.0,  0.15439,      0,      0,       0,       0,       0,       0
total,                                                739889,    6863,    6863,    6863,     0.7,     0.6,     1.5,     2.3,     4.1,    10.5,  127.0,  0.15320,      0,      0,       0,       0,       0,       0
total,                                                745948,    6059,    6059,    6059,     0.8,     0.6,     1.7,     4.0,    10.0,    13.4,  128.0,  0.15217,      0,      0,       0,       0,       0,       0
total,                                                751886,    5938,    5938,    5938,     0.8,     0.6,     1.7,     2.9,     6.2,    61.3,  129.0,  0.15112,      0,      0,       0,       0,       0,       0
total,                                                757489,    5603,    5603,    5603,     0.9,     0.6,     2.1,     5.0,    11.8,    13.5,  130.0,  0.15019,      0,      0,       0,       0,       0,       0
total,                                                763923,    6434,    6434,    6434,     0.8,     0.6,     1.6,     2.6,     4.3,    10.6,  131.0,  0.14914,      0,      0,       0,       0,       0,       0
total,                                                770210,    6287,    6287,    6287,     0.8,     0.6,     1.6,     2.8,     8.0,    18.0,  132.0,  0.14811,      0,      0,       0,       0,       0,       0
total,                                                775769,    5559,    5559,    5559,     0.9,     0.7,     2.2,     4.3,     9.4,    25.2,  133.0,  0.14722,      0,      0,       0,       0,       0,       0
total,                                                781719,    5950,    5950,    5950,     0.8,     0.6,     1.9,     3.3,     9.1,    12.9,  134.0,  0.14628,      0,      0,       0,       0,       0,       0
total,                                                787354,    5635,    5635,    5635,     0.9,     0.7,     2.1,     4.3,    10.0,    12.4,  135.0,  0.14541,      0,      0,       0,       0,       0,       0
total,                                                793378,    6024,    6024,    6024,     0.8,     0.6,     1.9,     3.5,     7.7,    12.9,  136.0,  0.14448,      0,      0,       0,       0,       0,       0
total,                                                799051,    5673,    5673,    5673,     0.9,     0.7,     1.9,     4.1,    12.1,    15.2,  137.0,  0.14362,      0,      0,       0,       0,       0,       0
total,                                                804545,    5494,    5494,    5494,     0.9,     0.7,     2.0,     3.5,    15.5,    39.4,  138.0,  0.14278,      0,      0,       0,       0,       0,       0
total,                                                810698,    6153,    6153,    6153,     0.8,     0.7,     1.7,     2.8,     5.9,    23.4,  139.0,  0.14186,      0,      0,       0,       0,       0,       0
total,                                                815315,    4617,    4617,    4617,     1.1,     0.7,     2.5,     5.4,    55.1,    66.3,  140.0,  0.14115,      0,      0,       0,       0,       0,       0
total,                                                821562,    6247,    6247,    6247,     0.8,     0.6,     1.7,     2.9,     5.9,     9.7,  141.0,  0.14025,      0,      0,       0,       0,       0,       0
total,                                                826321,    4759,    4759,    4759,     1.0,     0.7,     2.5,     6.6,    16.6,    27.4,  142.0,  0.13957,      0,      0,       0,       0,       0,       0
total,                                                832746,    6425,    6425,    6425,     0.8,     0.6,     1.6,     2.7,     4.5,     5.9,  143.0,  0.13867,      0,      0,       0,       0,       0,       0
total,                                                838522,    5776,    5776,    5776,     0.9,     0.7,     1.9,     3.4,    10.1,    10.8,  144.0,  0.13786,      0,      0,       0,       0,       0,       0
total,                                                844237,    5715,    5715,    5715,     0.9,     0.6,     2.1,     4.4,     9.8,    15.4,  145.0,  0.13707,      0,      0,       0,       0,       0,       0
total,                                                850441,    6204,    6204,    6204,     0.8,     0.6,     1.6,     2.7,     9.2,    36.5,  146.0,  0.13620,      0,      0,       0,       0,       0,       0
total,                                                856029,    5588,    5588,    5588,     0.9,     0.7,     1.9,     4.3,     7.6,    18.7,  147.0,  0.13545,      0,      0,       0,       0,       0,       0
total,                                                862362,    6333,    6333,    6333,     0.8,     0.6,     1.7,     2.9,     5.6,     9.2,  148.0,  0.13460,      0,      0,       0,       0,       0,       0
total,                                                868426,    6064,    6064,    6064,     0.8,     0.6,     1.7,     2.7,     9.6,    16.9,  149.0,  0.13380,      0,      0,       0,       0,       0,       0
total,                                                874138,    5712,    5712,    5712,     0.9,     0.7,     1.9,     3.9,    10.8,    13.8,  150.0,  0.13306,      0,      0,       0,       0,       0,       0
total,                                                880790,    6652,    6652,    6652,     0.7,     0.6,     1.6,     2.7,     5.9,     7.0,  151.0,  0.13221,      0,      0,       0,       0,       0,       0
total,                                                885882,    5092,    5092,    5092,     1.0,     0.6,     2.4,     5.1,    14.5,    61.2,  152.0,  0.13153,      0,      0,       0,       0,       0,       0
total,                                                892385,    6503,    6503,    6503,     0.8,     0.6,     1.6,     2.6,     4.5,     5.5,  153.0,  0.13072,      0,      0,       0,       0,       0,       0
total,                                                898114,    5729,    5729,    5729,     0.9,     0.7,     1.9,     3.8,     7.2,    10.8,  154.0,  0.13001,      0,      0,       0,       0,       0,       0
total,                                                903852,    5738,    5738,    5738,     0.9,     0.6,     2.0,     3.8,     9.2,    10.8,  155.0,  0.12931,      0,      0,       0,       0,       0,       0
total,                                                909949,    6097,    6097,    6097,     0.8,     0.6,     1.6,     3.0,    17.8,    31.8,  156.0,  0.12855,      0,      0,       0,       0,       0,       0
total,                                                915281,    5332,    5332,    5332,     0.9,     0.7,     2.1,     4.6,    23.0,    29.6,  157.0,  0.12790,      0,      0,       0,       0,       0,       0
total,                                                921014,    5733,    5733,    5733,     0.9,     0.6,     1.9,     3.3,     8.1,    44.9,  158.0,  0.12720,      0,      0,       0,       0,       0,       0
total,                                                926430,    5416,    5416,    5416,     0.9,     0.7,     2.1,     4.0,    12.7,    32.5,  159.0,  0.12655,      0,      0,       0,       0,       0,       0
total,                                                932630,    6200,    6200,    6200,     0.8,     0.6,     1.7,     3.1,     6.8,    13.1,  160.0,  0.12583,      0,      0,       0,       0,       0,       0
total,                                                939206,    6576,    6576,    6576,     0.7,     0.6,     1.6,     2.6,     4.5,     5.6,  161.0,  0.12507,      0,      0,       0,       0,       0,       0
total,                                                944616,    5410,    5410,    5410,     0.9,     0.6,     2.2,     4.5,    12.4,    20.4,  162.0,  0.12446,      0,      0,       0,       0,       0,       0
total,                                                950717,    6101,    6101,    6101,     0.8,     0.6,     1.6,     2.7,     7.8,    66.0,  163.0,  0.12373,      0,      0,       0,       0,       0,       0
total,                                                956264,    5547,    5547,    5547,     0.9,     0.6,     2.1,     4.0,    14.1,    32.8,  164.0,  0.12310,      0,      0,       0,       0,       0,       0
total,                                                962371,    6107,    6107,    6107,     0.8,     0.6,     1.7,     3.1,    10.0,    15.1,  165.0,  0.12242,      0,      0,       0,       0,       0,       0
total,                                                968640,    6269,    6269,    6269,     0.8,     0.6,     1.7,     3.2,     6.8,     8.9,  166.0,  0.12174,      0,      0,       0,       0,       0,       0
total,                                                974550,    5910,    5910,    5910,     0.8,     0.6,     1.8,     3.7,    10.2,    19.3,  167.0,  0.12110,      0,      0,       0,       0,       0,       0
total,                                                980615,    6065,    6065,    6065,     0.8,     0.6,     1.8,     3.4,     6.3,    11.9,  168.0,  0.12045,      0,      0,       0,       0,       0,       0
total,                                                986438,    5823,    5823,    5823,     0.8,     0.6,     2.0,     4.5,     9.7,    10.8,  169.0,  0.11984,      0,      0,       0,       0,       0,       0
total,                                                992988,    6550,    6550,    6550,     0.8,     0.6,     1.7,     2.8,     4.4,     8.9,  170.0,  0.11916,      0,      0,       0,       0,       0,       0
total,                                                998635,    5647,    5647,    5647,     0.9,     0.6,     1.9,     3.4,    16.3,    44.3,  171.0,  0.11856,      0,      0,       0,       0,       0,       0
total,                                               1000000,    5020,    5020,    5020,     1.0,     0.7,     2.5,     6.5,    12.3,    12.5,  171.3,  0.11803,      0,      0,       0,       0,       0,       0


Results:
Op rate                   :    5,839 op/s  [t3.insert: 5,839 op/s]
Partition rate            :    5,839 pk/s  [t3.insert: 5,839 pk/s]
Row rate                  :    5,839 row/s [t3.insert: 5,839 row/s]
Latency mean              :    0.8 ms [t3.insert: 0.8 ms]
Latency median            :    0.6 ms [t3.insert: 0.6 ms]
Latency 95th percentile   :    1.8 ms [t3.insert: 1.8 ms]
Latency 99th percentile   :    3.5 ms [t3.insert: 3.5 ms]
Latency 99.9th percentile :    9.9 ms [t3.insert: 9.9 ms]
Latency max               :  977.3 ms [t3.insert: 977.3 ms]
Total partitions          :  1,000,000 [t3.insert: 1,000,000]
Total errors              :          0 [t3.insert: 0]
Total GC count            : 0
Total GC memory           : 0.000 KiB
Total GC time             :    0.0 seconds
Avg GC time               :    NaN ms
StdDev GC time            :    0.0 ms
Total operation time      : 00:02:51

END
