******************** Stress Settings ********************
Command:
  Type: user
  Count: 1,000
  No Warmup: false
  Consistency Level: LOCAL_ONE
  Target Uncertainty: not applicable
  Command Ratios: {t3.select_entities_by_tag=1.0, t3.delete_tag_entity=1.0}
  Command Clustering Distribution: clustering=gaussian(1..10)
  Profile File(s): t3_tag_entities.yaml
Rate:
  Auto: false
  Thread Count: 1
  OpsPer Sec: 0
Population:
  Distribution: Gaussian:  min=1,max=1000,mean=500.500000,stdev=166.500000
  Order: ARBITRARY
  Wrap: false
Insert:
  Revisits: Uniform:  min=1,max=1000000
  Visits: Fixed:  key=1
  Row Population Ratio: Ratio: divisor=1.000000;delegate=Fixed:  key=1
  Batch Type: not batching
Errors:
  Ignore: false
  Tries: 10
Log:
  No Summary: false
  No Settings: false
  File: tag_entities_1K_MIXED_1_threads.log
  Interval Millis: 1000
  Level: NORMAL
Mode:
  API: JAVA_DRIVER_NATIVE
  Connection Style: CQL_PREPARED
  CQL Version: CQL3
  Protocol Version: V5
  Username: null
  Password: null
  Auth Provide Class: null
  Max Pending Per Connection: 128
  Connections Per Host: 8
  Compression: NONE
Node:
  Nodes: [localhost]
  Is White List: false
  Datacenter: null
Schema:
  Keyspace: null
  Replication Strategy: org.apache.cassandra.locator.SimpleStrategy
  Replication Strategy Options: {replication_factor=1}
  Table Compression: null
  Table Compaction Strategy: null
  Table Compaction Strategy Options: {}
Transport:
  truststore=null; truststore-password=null; keystore=null; keystore-password=null; ssl-protocol=TLS; ssl-alg=null; ssl-ciphers=TLS_RSA_WITH_AES_128_CBC_SHA,TLS_RSA_WITH_AES_256_CBC_SHA; 
Port:
  Native Port: 9042
  JMX Port: 7199
Graph:
  File: tag_entities_1K_threads_1_MIXED.html
  Revision: tag_entities_MIXED
  Title: NVO_Cassandra_POC_tag_entities_Table_1K_Records_1_Threads
  Operation: USER
TokenRange:
  Wrap: false
  Split Factor: 1

******************** Profile(s) ********************
  Keyspace Name: tagging
  Keyspace CQL: 
***
CREATE KEYSPACE IF NOT EXISTS tagging WITH replication = {'class': 'SimpleStrategy', 'replication_factor': 1};
***

  Table Name: tag_entities
  Table CQL: 
***
CREATE TABLE IF NOT EXISTS tag_entities (
  tag_id UUID,
  entity_id UUID,
  PRIMARY KEY (tag_id, entity_id)
);
***

  Extra Schema Definitions: null
  Generator Configs:
    tag_id: Size: Gaussian:  min=5,max=10,mean=7.500000,stdev=0.833333;Identity: Uniform:  min=1,max=10000000;
    entity_id: Size: Gaussian:  min=5,max=10,mean=7.500000,stdev=0.833333;Identity: Uniform:  min=1,max=10000000;
  Query Definitions:
    select_entities_by_tag: CQL:SELECT * FROM tag_entities WHERE tag_id = ?;Fields:samerow;
    delete_tag_entity: CQL:DELETE FROM tag_entities WHERE tag_id = ? AND entity_id = ?;Fields:samerow;
  Token Range Queries:
  Insert Settings:
    partitions: fixed(1)
    select: fixed(1)/500
    batchtype: UNLOGGED
Generating batches with [1..1] partitions and [0..0] rows (of [1..1] total rows in the partitions)

Sleeping 2s...
Warming up t3.select_entities_by_tag with 250 iterations...
Warming up t3.delete_tag_entity with 250 iterations...
Running [t3.select_entities_by_tag, t3.delete_tag_entity] with 1 threads for 1000 iteration
type                                               total ops,    op/s,    pk/s,   row/s,    mean,     med,     .95,     .99,    .999,     max,   time,   stderr, errors,  gc: #,  max ms,  sum ms,  sdv ms,      mb
t3.delete_tag_entity,                                    397,     397,       0,       0,     1.0,     0.8,     2.3,     5.7,    12.6,    12.6,    1.0,  0.00000,      0,      0,       0,       0,       0,       0
t3.select_entities_by_tag,                               452,     452,     172,     172,     1.0,     0.8,     2.1,     7.2,     9.0,     9.0,    1.0,  0.00000,      0,      0,       0,       0,       0,       0
total,                                                   849,     849,     172,     172,     1.0,     0.8,     2.2,     5.7,    12.6,    12.6,    1.0,  0.00000,      0,      0,       0,       0,       0,       0
t3.delete_tag_entity,                                    462,     275,       0,       0,     2.1,     0.7,     7.9,    43.6,    43.6,    43.6,    1.2,  0.14794,      0,      0,       0,       0,       0,       0
t3.select_entities_by_tag,                               538,     363,      93,      93,     1.1,     0.9,     2.0,     9.4,     9.4,     9.4,    1.2,  0.14794,      0,      0,       0,       0,       0,       0
total,                                                  1000,     638,      93,      93,     1.6,     0.8,     3.0,    25.2,    43.6,    43.6,    1.2,  0.14794,      0,      0,       0,       0,       0,       0


Results:
Op rate                   :      809 op/s  [t3.delete_tag_entity: 374 op/s, t3.select_entities_by_tag: 435 op/s]
Partition rate            :      157 pk/s  [t3.delete_tag_entity: 0 pk/s, t3.select_entities_by_tag: 157 pk/s]
Row rate                  :      157 row/s [t3.delete_tag_entity: 0 row/s, t3.select_entities_by_tag: 157 row/s]
Latency mean              :    1.1 ms [t3.delete_tag_entity: 1.2 ms, t3.select_entities_by_tag: 1.0 ms]
Latency median            :    0.8 ms [t3.delete_tag_entity: 0.7 ms, t3.select_entities_by_tag: 0.8 ms]
Latency 95th percentile   :    2.3 ms [t3.delete_tag_entity: 2.5 ms, t3.select_entities_by_tag: 2.1 ms]
Latency 99th percentile   :    7.8 ms [t3.delete_tag_entity: 8.4 ms, t3.select_entities_by_tag: 7.2 ms]
Latency 99.9th percentile :   25.2 ms [t3.delete_tag_entity: 43.6 ms, t3.select_entities_by_tag: 9.4 ms]
Latency max               :   43.6 ms [t3.delete_tag_entity: 43.6 ms, t3.select_entities_by_tag: 9.4 ms]
Total partitions          :        194 [t3.delete_tag_entity: 0, t3.select_entities_by_tag: 194]
Total errors              :          0 [t3.delete_tag_entity: 0, t3.select_entities_by_tag: 0]
Total GC count            : 0
Total GC memory           : 0.000 KiB
Total GC time             :    0.0 seconds
Avg GC time               :    NaN ms
StdDev GC time            :    0.0 ms
Total operation time      : 00:00:01

END
