******************** Stress Settings ********************
Command:
  Type: user
  Count: 1,000
  No Warmup: false
  Consistency Level: LOCAL_ONE
  Target Uncertainty: not applicable
  Command Ratios: {t1.select_tag_by_id=1.0, t1.update_tag_properties=1.0, t1.delete_tag_by_id=1.0}
  Command Clustering Distribution: clustering=gaussian(1..10)
  Profile File(s): t1_tags.yaml
Rate:
  Auto: false
  Thread Count: 5
  OpsPer Sec: 0
Population:
  Distribution: Gaussian:  min=1,max=1000,mean=500.500000,stdev=166.500000
  Order: ARBITRARY
  Wrap: false
Insert:
  Revisits: Uniform:  min=1,max=1000000
  Visits: Fixed:  key=1
  Row Population Ratio: Ratio: divisor=1.000000;delegate=Fixed:  key=1
  Batch Type: not batching
Errors:
  Ignore: false
  Tries: 10
Log:
  No Summary: false
  No Settings: false
  File: tags_1K_MIXED_5_threads.log
  Interval Millis: 1000
  Level: NORMAL
Mode:
  API: JAVA_DRIVER_NATIVE
  Connection Style: CQL_PREPARED
  CQL Version: CQL3
  Protocol Version: V5
  Username: null
  Password: null
  Auth Provide Class: null
  Max Pending Per Connection: 128
  Connections Per Host: 8
  Compression: NONE
Node:
  Nodes: [localhost]
  Is White List: false
  Datacenter: null
Schema:
  Keyspace: null
  Replication Strategy: org.apache.cassandra.locator.SimpleStrategy
  Replication Strategy Options: {replication_factor=1}
  Table Compression: null
  Table Compaction Strategy: null
  Table Compaction Strategy Options: {}
Transport:
  truststore=null; truststore-password=null; keystore=null; keystore-password=null; ssl-protocol=TLS; ssl-alg=null; ssl-ciphers=TLS_RSA_WITH_AES_128_CBC_SHA,TLS_RSA_WITH_AES_256_CBC_SHA; 
Port:
  Native Port: 9042
  JMX Port: 7199
Graph:
  File: tags_1K_threads_5_MIXED.html
  Revision: tags_MIXED
  Title: NVO_Cassandra_POC_tags_Table_1K_Records_5_Threads
  Operation: USER
TokenRange:
  Wrap: false
  Split Factor: 1

******************** Profile(s) ********************
  Keyspace Name: tagging
  Keyspace CQL: 
***
CREATE KEYSPACE IF NOT EXISTS tagging WITH replication = {'class': 'SimpleStrategy', 'replication_factor': 1};
***

  Table Name: tags
  Table CQL: 
***
CREATE TABLE IF NOT EXISTS tags (
  id uuid PRIMARY KEY,
  owner_id int,
  name text,
  description text,
  properties text
);
***

  Extra Schema Definitions: null
  Generator Configs:
    owner_id: Size: Gaussian:  min=5,max=10,mean=7.500000,stdev=0.833333;Identity: Uniform:  min=1,max=1000000;
    name: Size: Uniform:  min=5,max=200;
    description: Size: Uniform:  min=10,max=100;
    id: Size: Gaussian:  min=5,max=10,mean=7.500000,stdev=0.833333;Identity: Uniform:  min=1,max=10000000;
    properties: Size: Uniform:  min=10,max=50;
  Query Definitions:
    select_tag_by_id: CQL:SELECT * FROM tags WHERE id = ?;Fields:samerow;
    update_tag_properties: CQL:UPDATE tags SET properties = ? WHERE id = ?;Fields:samerow;
    delete_tag_by_id: CQL:DELETE FROM tags WHERE id = ?;Fields:samerow;
    insert_tag: CQL:INSERT INTO tags (id, owner_id, name, description, properties) VALUES (?, ?, ?, ?, ?);Fields:samerow;
  Token Range Queries:
  Insert Settings:
    partitions: fixed(1)
    select: fixed(1)/500
    batchtype: UNLOGGED
Generating batches with [1..1] partitions and [0..0] rows (of [1..1] total rows in the partitions)

Sleeping 2s...
Warming up t1.select_tag_by_id with 250 iterations...
Warming up t1.update_tag_properties with 250 iterations...
Warming up t1.delete_tag_by_id with 250 iterations...
Running [t1.select_tag_by_id, t1.update_tag_properties, t1.delete_tag_by_id] with 5 threads for 1000 iteration
type                                               total ops,    op/s,    pk/s,   row/s,    mean,     med,     .95,     .99,    .999,     max,   time,   stderr, errors,  gc: #,  max ms,  sum ms,  sdv ms,      mb
t1.delete_tag_by_id,                                      90,      90,       0,       0,     6.8,     4.8,    19.6,    47.1,    47.1,    47.1,    1.0,  0.00000,      0,      0,       0,       0,       0,       0
t1.select_tag_by_id,                                      81,      81,      46,      46,     8.1,     5.3,    24.4,    56.8,    56.8,    56.8,    1.0,  0.00000,      0,      0,       0,       0,       0,       0
t1.update_tag_properties,                                 85,      85,       0,       0,     6.8,     6.5,    16.5,    38.9,    38.9,    38.9,    1.0,  0.00000,      0,      0,       0,       0,       0,       0
total,                                                   256,     256,      46,      46,     7.2,     5.6,    19.6,    47.1,    56.8,    56.8,    1.0,  0.00000,      0,      0,       0,       0,       0,       0
t1.delete_tag_by_id,                                     331,     460,       0,       0,     3.5,     1.6,    12.5,    25.6,    29.5,    29.5,    1.5,  0.54573,      0,      0,       0,       0,       0,       0
t1.select_tag_by_id,                                     394,     598,     283,     283,     3.4,     1.8,     8.5,    15.5,   132.6,   132.6,    1.5,  0.54573,      0,      0,       0,       0,       0,       0
t1.update_tag_properties,                                275,     363,       0,       0,     3.6,     1.6,    15.4,    29.2,    45.1,    45.1,    1.5,  0.54573,      0,      0,       0,       0,       0,       0
total,                                                  1000,    1421,     283,     283,     3.5,     1.7,    11.5,    23.1,   132.6,   132.6,    1.5,  0.54573,      0,      0,       0,       0,       0,       0


Results:
Op rate                   :      656 op/s  [t1.delete_tag_by_id: 217 op/s, t1.select_tag_by_id: 259 op/s, t1.update_tag_properties: 181 op/s]
Partition rate            :      127 pk/s  [t1.delete_tag_by_id: 0 pk/s, t1.select_tag_by_id: 127 pk/s, t1.update_tag_properties: 0 pk/s]
Row rate                  :      127 row/s [t1.delete_tag_by_id: 0 row/s, t1.select_tag_by_id: 127 row/s, t1.update_tag_properties: 0 row/s]
Latency mean              :    4.4 ms [t1.delete_tag_by_id: 4.4 ms, t1.select_tag_by_id: 4.4 ms, t1.update_tag_properties: 4.6 ms]
Latency median            :    2.1 ms [t1.delete_tag_by_id: 2.2 ms, t1.select_tag_by_id: 2.2 ms, t1.update_tag_properties: 1.9 ms]
Latency 95th percentile   :   14.9 ms [t1.delete_tag_by_id: 17.7 ms, t1.select_tag_by_id: 14.0 ms, t1.update_tag_properties: 15.5 ms]
Latency 99th percentile   :   29.2 ms [t1.delete_tag_by_id: 29.5 ms, t1.select_tag_by_id: 48.1 ms, t1.update_tag_properties: 29.2 ms]
Latency 99.9th percentile :   56.8 ms [t1.delete_tag_by_id: 47.1 ms, t1.select_tag_by_id: 132.6 ms, t1.update_tag_properties: 45.1 ms]
Latency max               :  132.6 ms [t1.delete_tag_by_id: 47.1 ms, t1.select_tag_by_id: 132.6 ms, t1.update_tag_properties: 45.1 ms]
Total partitions          :        194 [t1.delete_tag_by_id: 0, t1.select_tag_by_id: 194, t1.update_tag_properties: 0]
Total errors              :          0 [t1.delete_tag_by_id: 0, t1.select_tag_by_id: 0, t1.update_tag_properties: 0]
Total GC count            : 0
Total GC memory           : 0.000 KiB
Total GC time             :    0.0 seconds
Avg GC time               :    NaN ms
StdDev GC time            :    0.0 ms
Total operation time      : 00:00:01

END
