******************** Stress Settings ********************
Command:
  Type: user
  Count: 10,000
  No Warmup: false
  Consistency Level: LOCAL_ONE
  Target Uncertainty: not applicable
  Command Ratios: {t1.insert=1.0}
  Command Clustering Distribution: clustering=gaussian(1..10)
  Profile File(s): t1_tags.yaml
Rate:
  Auto: false
  Thread Count: 5
  OpsPer Sec: 0
Population:
  Distribution: Gaussian:  min=1,max=10000,mean=5000.500000,stdev=1666.500000
  Order: ARBITRARY
  Wrap: false
Insert:
  Revisits: Uniform:  min=1,max=1000000
  Visits: Fixed:  key=1
  Row Population Ratio: Ratio: divisor=1.000000;delegate=Fixed:  key=1
  Batch Type: not batching
Errors:
  Ignore: false
  Tries: 10
Log:
  No Summary: false
  No Settings: false
  File: tags_10K_write_5_threads.log
  Interval Millis: 1000
  Level: NORMAL
Mode:
  API: JAVA_DRIVER_NATIVE
  Connection Style: CQL_PREPARED
  CQL Version: CQL3
  Protocol Version: V5
  Username: null
  Password: null
  Auth Provide Class: null
  Max Pending Per Connection: 128
  Connections Per Host: 8
  Compression: NONE
Node:
  Nodes: [localhost]
  Is White List: false
  Datacenter: null
Schema:
  Keyspace: null
  Replication Strategy: org.apache.cassandra.locator.SimpleStrategy
  Replication Strategy Options: {replication_factor=1}
  Table Compression: null
  Table Compaction Strategy: null
  Table Compaction Strategy Options: {}
Transport:
  truststore=null; truststore-password=null; keystore=null; keystore-password=null; ssl-protocol=TLS; ssl-alg=null; ssl-ciphers=TLS_RSA_WITH_AES_128_CBC_SHA,TLS_RSA_WITH_AES_256_CBC_SHA; 
Port:
  Native Port: 9042
  JMX Port: 7199
Graph:
  File: tags_10K_threads_5_MIXED.html
  Revision: Load
  Title: NVO_Cassandra_POC_tags_Table_10K_Records_5_Threads
  Operation: USER
TokenRange:
  Wrap: false
  Split Factor: 1

******************** Profile(s) ********************
  Keyspace Name: tagging
  Keyspace CQL: 
***
CREATE KEYSPACE IF NOT EXISTS tagging WITH replication = {'class': 'SimpleStrategy', 'replication_factor': 1};
***

  Table Name: tags
  Table CQL: 
***
CREATE TABLE IF NOT EXISTS tags (
  id uuid PRIMARY KEY,
  owner_id int,
  name text,
  description text,
  properties text
);
***

  Extra Schema Definitions: null
  Generator Configs:
    owner_id: Size: Gaussian:  min=5,max=10,mean=7.500000,stdev=0.833333;Identity: Uniform:  min=1,max=1000000;
    name: Size: Uniform:  min=5,max=200;
    description: Size: Uniform:  min=10,max=100;
    id: Size: Gaussian:  min=5,max=10,mean=7.500000,stdev=0.833333;Identity: Uniform:  min=1,max=10000000;
    properties: Size: Uniform:  min=10,max=50;
  Query Definitions:
    select_tag_by_id: CQL:SELECT * FROM tags WHERE id = ?;Fields:samerow;
    update_tag_properties: CQL:UPDATE tags SET properties = ? WHERE id = ?;Fields:samerow;
    delete_tag_by_id: CQL:DELETE FROM tags WHERE id = ?;Fields:samerow;
    insert_tag: CQL:INSERT INTO tags (id, owner_id, name, description, properties) VALUES (?, ?, ?, ?, ?);Fields:samerow;
  Token Range Queries:
  Insert Settings:
    partitions: fixed(1)
    select: fixed(1)/500
    batchtype: UNLOGGED
Generating batches with [1..1] partitions and [0..0] rows (of [1..1] total rows in the partitions)

Sleeping 2s...
Warming up t1.insert with 2500 iterations...
Running [t1.insert] with 5 threads for 10000 iteration
type                                               total ops,    op/s,    pk/s,   row/s,    mean,     med,     .95,     .99,    .999,     max,   time,   stderr, errors,  gc: #,  max ms,  sum ms,  sdv ms,      mb
total,                                                  1839,    1839,    1839,    1839,     1.5,     1.1,     3.8,     6.5,    19.4,    46.3,    1.0,  0.00000,      0,      0,       0,       0,       0,       0
total,                                                  5376,    3537,    3537,    3537,     1.4,     1.0,     3.7,     6.7,    15.2,    17.7,    2.0,  0.21390,      0,      0,       0,       0,       0,       0
total,                                                  7763,    2387,    2387,    2387,     2.1,     1.3,     6.2,    11.9,    29.2,    36.6,    3.0,  0.15058,      0,      0,       0,       0,       0,       0
total,                                                  8894,    1131,    1131,    1131,     4.4,     1.2,     4.9,    12.3,   604.5,   605.0,    4.0,  0.11199,      0,      0,       0,       0,       0,       0
total,                                                 10000,    3323,    3323,    3323,     1.5,     1.0,     4.0,     7.6,    15.6,    17.0,    4.3,  0.09775,      0,      0,       0,       0,       0,       0


Results:
Op rate                   :    2,308 op/s  [t1.insert: 2,308 op/s]
Partition rate            :    2,308 pk/s  [t1.insert: 2,308 pk/s]
Row rate                  :    2,308 row/s [t1.insert: 2,308 row/s]
Latency mean              :    1.9 ms [t1.insert: 1.9 ms]
Latency median            :    1.1 ms [t1.insert: 1.1 ms]
Latency 95th percentile   :    4.5 ms [t1.insert: 4.5 ms]
Latency 99th percentile   :    9.0 ms [t1.insert: 9.0 ms]
Latency 99.9th percentile :   20.2 ms [t1.insert: 20.2 ms]
Latency max               :  605.0 ms [t1.insert: 605.0 ms]
Total partitions          :     10,000 [t1.insert: 10,000]
Total errors              :          0 [t1.insert: 0]
Total GC count            : 0
Total GC memory           : 0.000 KiB
Total GC time             :    0.0 seconds
Avg GC time               :    NaN ms
StdDev GC time            :    0.0 ms
Total operation time      : 00:00:04

END
