******************** Stress Settings ********************
Command:
  Type: user
  Count: 100,000
  No Warmup: false
  Consistency Level: LOCAL_ONE
  Target Uncertainty: not applicable
  Command Ratios: {t1.select_tag_by_id=1.0, t1.update_tag_properties=1.0, t1.delete_tag_by_id=1.0}
  Command Clustering Distribution: clustering=gaussian(1..10)
  Profile File(s): t1_tags.yaml
Rate:
  Auto: false
  Thread Count: 5
  OpsPer Sec: 0
Population:
  Distribution: Gaussian:  min=1,max=100000,mean=50000.500000,stdev=16666.500000
  Order: ARBITRARY
  Wrap: false
Insert:
  Revisits: Uniform:  min=1,max=1000000
  Visits: Fixed:  key=1
  Row Population Ratio: Ratio: divisor=1.000000;delegate=Fixed:  key=1
  Batch Type: not batching
Errors:
  Ignore: false
  Tries: 10
Log:
  No Summary: false
  No Settings: false
  File: tags_100K_MIXED_5_threads.log
  Interval Millis: 1000
  Level: NORMAL
Mode:
  API: JAVA_DRIVER_NATIVE
  Connection Style: CQL_PREPARED
  CQL Version: CQL3
  Protocol Version: V5
  Username: null
  Password: null
  Auth Provide Class: null
  Max Pending Per Connection: 128
  Connections Per Host: 8
  Compression: NONE
Node:
  Nodes: [localhost]
  Is White List: false
  Datacenter: null
Schema:
  Keyspace: null
  Replication Strategy: org.apache.cassandra.locator.SimpleStrategy
  Replication Strategy Options: {replication_factor=1}
  Table Compression: null
  Table Compaction Strategy: null
  Table Compaction Strategy Options: {}
Transport:
  truststore=null; truststore-password=null; keystore=null; keystore-password=null; ssl-protocol=TLS; ssl-alg=null; ssl-ciphers=TLS_RSA_WITH_AES_128_CBC_SHA,TLS_RSA_WITH_AES_256_CBC_SHA; 
Port:
  Native Port: 9042
  JMX Port: 7199
Graph:
  File: tags_100K_threads_5_MIXED.html
  Revision: tags_MIXED
  Title: NVO_Cassandra_POC_tags_Table_100K_Records_5_Threads
  Operation: USER
TokenRange:
  Wrap: false
  Split Factor: 1

******************** Profile(s) ********************
  Keyspace Name: tagging
  Keyspace CQL: 
***
CREATE KEYSPACE IF NOT EXISTS tagging WITH replication = {'class': 'SimpleStrategy', 'replication_factor': 1};
***

  Table Name: tags
  Table CQL: 
***
CREATE TABLE IF NOT EXISTS tags (
  id uuid PRIMARY KEY,
  owner_id int,
  name text,
  description text,
  properties text
);
***

  Extra Schema Definitions: null
  Generator Configs:
    owner_id: Size: Gaussian:  min=5,max=10,mean=7.500000,stdev=0.833333;Identity: Uniform:  min=1,max=1000000;
    name: Size: Uniform:  min=5,max=200;
    description: Size: Uniform:  min=10,max=100;
    id: Size: Gaussian:  min=5,max=10,mean=7.500000,stdev=0.833333;Identity: Uniform:  min=1,max=10000000;
    properties: Size: Uniform:  min=10,max=50;
  Query Definitions:
    select_tag_by_id: CQL:SELECT * FROM tags WHERE id = ?;Fields:samerow;
    update_tag_properties: CQL:UPDATE tags SET properties = ? WHERE id = ?;Fields:samerow;
    delete_tag_by_id: CQL:DELETE FROM tags WHERE id = ?;Fields:samerow;
    insert_tag: CQL:INSERT INTO tags (id, owner_id, name, description, properties) VALUES (?, ?, ?, ?, ?);Fields:samerow;
  Token Range Queries:
  Insert Settings:
    partitions: fixed(1)
    select: fixed(1)/500
    batchtype: UNLOGGED
Generating batches with [1..1] partitions and [0..0] rows (of [1..1] total rows in the partitions)

Sleeping 2s...
Warming up t1.select_tag_by_id with 25000 iterations...
Warming up t1.update_tag_properties with 25000 iterations...
Warming up t1.delete_tag_by_id with 25000 iterations...
Running [t1.select_tag_by_id, t1.update_tag_properties, t1.delete_tag_by_id] with 5 threads for 100000 iteration
type                                               total ops,    op/s,    pk/s,   row/s,    mean,     med,     .95,     .99,    .999,     max,   time,   stderr, errors,  gc: #,  max ms,  sum ms,  sdv ms,      mb
t1.delete_tag_by_id,                                     187,     187,       0,       0,     0.8,     0.7,     1.9,     4.0,     5.4,     5.4,    1.0,  0.00000,      0,      0,       0,       0,       0,       0
t1.select_tag_by_id,                                     156,     156,      80,      80,     1.2,     0.8,     3.1,    10.9,    12.0,    12.0,    1.0,  0.00000,      0,      0,       0,       0,       0,       0
t1.update_tag_properties,                                134,     134,       0,       0,     1.0,     0.8,     2.0,     8.4,    12.4,    12.4,    1.0,  0.00000,      0,      0,       0,       0,       0,       0
total,                                                   477,     477,      80,      80,     1.0,     0.7,     2.3,     5.8,    12.4,    12.4,    1.0,  0.00000,      0,      0,       0,       0,       0,       0
t1.delete_tag_by_id,                                    1724,    1537,       0,       0,     1.1,     0.7,     2.5,     7.9,    17.7,    28.6,    2.0,  0.57886,      0,      0,       0,       0,       0,       0
t1.select_tag_by_id,                                    1676,    1520,     789,     789,     1.1,     0.8,     2.5,     5.2,    11.6,    15.3,    2.0,  0.57886,      0,      0,       0,       0,       0,       0
t1.update_tag_properties,                               1745,    1611,       0,       0,     1.1,     0.8,     2.5,     5.5,    17.0,    18.2,    2.0,  0.57886,      0,      0,       0,       0,       0,       0
total,                                                  5145,    4668,     789,     789,     1.1,     0.8,     2.5,     5.8,    16.7,    28.6,    2.0,  0.57886,      0,      0,       0,       0,       0,       0
t1.delete_tag_by_id,                                    3540,    1816,       0,       0,     0.9,     0.7,     2.0,     3.9,    11.3,    35.0,    3.0,  0.35431,      0,      0,       0,       0,       0,       0
t1.select_tag_by_id,                                    3378,    1702,     864,     864,     1.0,     0.7,     2.3,     4.6,    16.4,    21.1,    3.0,  0.35431,      0,      0,       0,       0,       0,       0
t1.update_tag_properties,                               3560,    1815,       0,       0,     0.9,     0.7,     2.0,     4.4,    13.2,    13.7,    3.0,  0.35431,      0,      0,       0,       0,       0,       0
total,                                                 10478,    5333,     864,     864,     0.9,     0.7,     2.1,     4.4,    13.2,    35.0,    3.0,  0.35431,      0,      0,       0,       0,       0,       0
t1.delete_tag_by_id,                                    5219,    1679,       0,       0,     0.9,     0.6,     1.8,     4.1,    34.8,    36.6,    4.0,  0.25983,      0,      0,       0,       0,       0,       0
t1.select_tag_by_id,                                    5277,    1899,     968,     968,     0.9,     0.7,     2.0,     4.3,    13.6,    36.6,    4.0,  0.25983,      0,      0,       0,       0,       0,       0
t1.update_tag_properties,                               5438,    1878,       0,       0,     0.9,     0.7,     1.9,     3.8,    13.0,    35.9,    4.0,  0.25983,      0,      0,       0,       0,       0,       0
total,                                                 15934,    5456,     968,     968,     0.9,     0.7,     1.9,     4.1,    13.6,    36.6,    4.0,  0.25983,      0,      0,       0,       0,       0,       0
t1.delete_tag_by_id,                                    6773,    1554,       0,       0,     1.0,     0.7,     2.4,     4.2,     9.4,    10.6,    5.0,  0.20248,      0,      0,       0,       0,       0,       0
t1.select_tag_by_id,                                    6972,    1695,     869,     869,     1.1,     0.8,     2.6,     5.0,    11.0,    13.9,    5.0,  0.20248,      0,      0,       0,       0,       0,       0
t1.update_tag_properties,                               7046,    1608,       0,       0,     1.0,     0.8,     2.4,     4.5,     9.9,    13.2,    5.0,  0.20248,      0,      0,       0,       0,       0,       0
total,                                                 20791,    4857,     869,     869,     1.0,     0.7,     2.5,     4.5,     9.9,    13.9,    5.0,  0.20248,      0,      0,       0,       0,       0,       0
t1.delete_tag_by_id,                                    8636,    1863,       0,       0,     0.8,     0.6,     1.7,     3.4,     9.0,    15.2,    6.0,  0.16796,      0,      0,       0,       0,       0,       0
t1.select_tag_by_id,                                    8930,    1958,    1006,    1006,     0.9,     0.7,     1.8,     3.8,    11.2,    15.8,    6.0,  0.16796,      0,      0,       0,       0,       0,       0
t1.update_tag_properties,                               8865,    1819,       0,       0,     0.9,     0.7,     2.0,     4.2,    13.5,    14.2,    6.0,  0.16796,      0,      0,       0,       0,       0,       0
total,                                                 26431,    5640,    1006,    1006,     0.9,     0.7,     1.8,     3.8,    11.5,    15.8,    6.0,  0.16796,      0,      0,       0,       0,       0,       0
t1.delete_tag_by_id,                                   10487,    1851,       0,       0,     0.9,     0.7,     2.0,     3.8,    11.7,    11.8,    7.0,  0.14230,      0,      0,       0,       0,       0,       0
t1.select_tag_by_id,                                   10699,    1769,     877,     877,     1.0,     0.8,     2.0,     5.4,    10.9,    20.0,    7.0,  0.14230,      0,      0,       0,       0,       0,       0
t1.update_tag_properties,                              10487,    1622,       0,       0,     0.9,     0.7,     2.0,     3.8,    15.5,    15.6,    7.0,  0.14230,      0,      0,       0,       0,       0,       0
total,                                                 31673,    5242,     877,     877,     0.9,     0.7,     2.0,     4.0,    11.1,    20.0,    7.0,  0.14230,      0,      0,       0,       0,       0,       0
t1.delete_tag_by_id,                                   11747,    1260,       0,       0,     1.1,     0.7,     2.5,     5.5,    15.7,   182.6,    8.0,  0.12524,      0,      0,       0,       0,       0,       0
t1.select_tag_by_id,                                   11925,    1226,     623,     623,     1.3,     0.8,     2.8,     7.3,    35.9,   184.5,    8.0,  0.12524,      0,      0,       0,       0,       0,       0
t1.update_tag_properties,                              11794,    1307,       0,       0,     1.5,     0.7,     2.6,     5.6,   184.2,   186.6,    8.0,  0.12524,      0,      0,       0,       0,       0,       0
total,                                                 35466,    3793,     623,     623,     1.3,     0.7,     2.6,     6.6,   182.8,   186.6,    8.0,  0.12524,      0,      0,       0,       0,       0,       0
t1.delete_tag_by_id,                                   13592,    1845,       0,       0,     0.9,     0.7,     2.0,     3.8,    11.1,    15.7,    9.0,  0.11061,      0,      0,       0,       0,       0,       0
t1.select_tag_by_id,                                   13678,    1753,     903,     903,     0.9,     0.7,     2.0,     4.4,     8.9,     9.3,    9.0,  0.11061,      0,      0,       0,       0,       0,       0
t1.update_tag_properties,                              13620,    1826,       0,       0,     0.9,     0.7,     2.0,     3.8,    12.3,    18.4,    9.0,  0.11061,      0,      0,       0,       0,       0,       0
total,                                                 40890,    5424,     903,     903,     0.9,     0.7,     2.0,     4.1,     9.6,    18.4,    9.0,  0.11061,      0,      0,       0,       0,       0,       0
t1.delete_tag_by_id,                                   15235,    1643,       0,       0,     1.0,     0.7,     2.4,     4.9,     8.5,     8.6,   10.0,  0.09914,      0,      0,       0,       0,       0,       0
t1.select_tag_by_id,                                   15297,    1619,     839,     839,     1.0,     0.8,     2.4,     5.5,    10.6,    13.8,   10.0,  0.09914,      0,      0,       0,       0,       0,       0
t1.update_tag_properties,                              15268,    1648,       0,       0,     1.0,     0.7,     2.3,     4.7,    13.3,    16.4,   10.0,  0.09914,      0,      0,       0,       0,       0,       0
total,                                                 45800,    4910,     839,     839,     1.0,     0.7,     2.4,     5.1,    10.3,    16.4,   10.0,  0.09914,      0,      0,       0,       0,       0,       0
t1.delete_tag_by_id,                                   16736,    1501,       0,       0,     1.0,     0.7,     2.6,     4.4,     9.2,    10.0,   11.0,  0.09003,      0,      0,       0,       0,       0,       0
t1.select_tag_by_id,                                   16904,    1607,     809,     809,     1.1,     0.8,     2.6,     4.9,    15.3,    15.8,   11.0,  0.09003,      0,      0,       0,       0,       0,       0
t1.update_tag_properties,                              16934,    1666,       0,       0,     1.0,     0.7,     2.5,     4.4,    15.0,    17.3,   11.0,  0.09003,      0,      0,       0,       0,       0,       0
total,                                                 50574,    4774,     809,     809,     1.0,     0.7,     2.6,     4.6,    14.9,    17.3,   11.0,  0.09003,      0,      0,       0,       0,       0,       0
t1.delete_tag_by_id,                                   18353,    1617,       0,       0,     1.0,     0.7,     2.5,     5.9,    11.7,    17.0,   12.0,  0.08328,      0,      0,       0,       0,       0,       0
t1.select_tag_by_id,                                   18381,    1477,     739,     739,     1.1,     0.8,     2.7,     6.3,    11.2,    14.5,   12.0,  0.08328,      0,      0,       0,       0,       0,       0
t1.update_tag_properties,                              18486,    1552,       0,       0,     1.1,     0.7,     3.0,     6.9,    12.1,    15.2,   12.0,  0.08328,      0,      0,       0,       0,       0,       0
total,                                                 55220,    4646,     739,     739,     1.1,     0.7,     2.7,     6.6,    11.7,    17.0,   12.0,  0.08328,      0,      0,       0,       0,       0,       0
t1.delete_tag_by_id,                                   20153,    1800,       0,       0,     0.9,     0.6,     1.7,     3.8,    12.0,    13.3,   13.0,  0.07767,      0,      0,       0,       0,       0,       0
t1.select_tag_by_id,                                   20285,    1904,    1004,    1004,     0.9,     0.7,     1.9,     4.5,    11.5,    12.4,   13.0,  0.07767,      0,      0,       0,       0,       0,       0
t1.update_tag_properties,                              20385,    1899,       0,       0,     0.9,     0.7,     1.7,     3.2,    11.7,    12.2,   13.0,  0.07767,      0,      0,       0,       0,       0,       0
total,                                                 60823,    5603,    1004,    1004,     0.9,     0.7,     1.8,     3.8,    11.6,    13.3,   13.0,  0.07767,      0,      0,       0,       0,       0,       0
t1.delete_tag_by_id,                                   22061,    1908,       0,       0,     0.8,     0.6,     1.7,     2.9,    13.7,    22.1,   14.0,  0.07205,      0,      0,       0,       0,       0,       0
t1.select_tag_by_id,                                   22184,    1899,     922,     922,     0.9,     0.7,     2.0,     3.7,    12.8,    13.9,   14.0,  0.07205,      0,      0,       0,       0,       0,       0
t1.update_tag_properties,                              22367,    1982,       0,       0,     0.9,     0.7,     1.8,     3.4,     9.4,    10.9,   14.0,  0.07205,      0,      0,       0,       0,       0,       0
total,                                                 66612,    5789,     922,     922,     0.9,     0.7,     1.8,     3.4,    12.2,    22.1,   14.0,  0.07205,      0,      0,       0,       0,       0,       0
t1.delete_tag_by_id,                                   23518,    1457,       0,       0,     1.0,     0.7,     2.5,     5.4,    17.9,    19.2,   15.0,  0.06720,      0,      0,       0,       0,       0,       0
t1.select_tag_by_id,                                   23835,    1651,     823,     823,     1.1,     0.8,     2.4,     5.3,    11.9,    23.4,   15.0,  0.06720,      0,      0,       0,       0,       0,       0
t1.update_tag_properties,                              24042,    1675,       0,       0,     1.0,     0.7,     2.7,     6.1,    11.6,    13.8,   15.0,  0.06720,      0,      0,       0,       0,       0,       0
total,                                                 71395,    4783,     823,     823,     1.0,     0.7,     2.5,     5.7,    12.6,    23.4,   15.0,  0.06720,      0,      0,       0,       0,       0,       0
t1.delete_tag_by_id,                                   25450,    1932,       0,       0,     0.8,     0.6,     1.9,     3.2,     9.3,    11.1,   16.0,  0.06330,      0,      0,       0,       0,       0,       0
t1.select_tag_by_id,                                   25781,    1946,     983,     983,     0.9,     0.7,     1.8,     2.9,     4.4,     5.5,   16.0,  0.06330,      0,      0,       0,       0,       0,       0
t1.update_tag_properties,                              26064,    2022,       0,       0,     0.8,     0.7,     1.8,     2.9,     7.8,    10.5,   16.0,  0.06330,      0,      0,       0,       0,       0,       0
total,                                                 77295,    5900,     983,     983,     0.8,     0.7,     1.8,     3.0,     8.3,    11.1,   16.0,  0.06330,      0,      0,       0,       0,       0,       0
t1.delete_tag_by_id,                                   27231,    1781,       0,       0,     0.9,     0.7,     2.2,     4.9,    10.0,    10.2,   17.0,  0.05960,      0,      0,       0,       0,       0,       0
t1.select_tag_by_id,                                   27409,    1628,     825,     825,     1.0,     0.8,     2.6,     5.2,     8.6,    10.3,   17.0,  0.05960,      0,      0,       0,       0,       0,       0
t1.update_tag_properties,                              27617,    1553,       0,       0,     1.0,     0.7,     2.5,     5.7,    15.4,    17.6,   17.0,  0.05960,      0,      0,       0,       0,       0,       0
total,                                                 82257,    4962,     825,     825,     1.0,     0.7,     2.4,     5.2,    10.9,    17.6,   17.0,  0.05960,      0,      0,       0,       0,       0,       0
t1.delete_tag_by_id,                                   29170,    1939,       0,       0,     0.8,     0.6,     1.7,     3.4,    13.2,    25.7,   18.0,  0.05644,      0,      0,       0,       0,       0,       0
t1.select_tag_by_id,                                   29322,    1913,     952,     952,     0.9,     0.7,     1.8,     3.5,    16.2,    22.1,   18.0,  0.05644,      0,      0,       0,       0,       0,       0
t1.update_tag_properties,                              29674,    2057,       0,       0,     0.8,     0.6,     1.7,     3.4,    18.8,    25.8,   18.0,  0.05644,      0,      0,       0,       0,       0,       0
total,                                                 88166,    5909,     952,     952,     0.8,     0.6,     1.8,     3.5,    16.2,    25.8,   18.0,  0.05644,      0,      0,       0,       0,       0,       0
t1.delete_tag_by_id,                                   30939,    1769,       0,       0,     0.9,     0.7,     2.0,     3.8,    14.3,    15.6,   19.0,  0.05352,      0,      0,       0,       0,       0,       0
t1.select_tag_by_id,                                   31147,    1825,     945,     945,     1.0,     0.8,     2.2,     4.6,    18.1,    18.3,   19.0,  0.05352,      0,      0,       0,       0,       0,       0
t1.update_tag_properties,                              31277,    1603,       0,       0,     0.9,     0.7,     2.1,     4.0,    12.7,    17.2,   19.0,  0.05352,      0,      0,       0,       0,       0,       0
total,                                                 93363,    5197,     945,     945,     1.0,     0.7,     2.1,     4.3,    12.7,    18.3,   19.0,  0.05352,      0,      0,       0,       0,       0,       0
t1.delete_tag_by_id,                                   32471,    1532,       0,       0,     1.0,     0.7,     2.3,     5.8,    18.0,   163.4,   20.0,  0.05102,      0,      0,       0,       0,       0,       0
t1.select_tag_by_id,                                   32541,    1394,     681,     681,     1.1,     0.7,     2.4,     6.6,    19.7,   163.7,   20.0,  0.05102,      0,      0,       0,       0,       0,       0
t1.update_tag_properties,                              32647,    1370,       0,       0,     1.3,     0.7,     2.3,     5.8,   163.1,   165.2,   20.0,  0.05102,      0,      0,       0,       0,       0,       0
total,                                                 97659,    4296,     681,     681,     1.2,     0.7,     2.3,     6.3,   161.0,   165.2,   20.0,  0.05102,      0,      0,       0,       0,       0,       0
t1.delete_tag_by_id,                                   33207,    1733,       0,       0,     0.8,     0.6,     2.0,     3.6,     5.3,     5.3,   20.4,  0.04853,      0,      0,       0,       0,       0,       0
t1.select_tag_by_id,                                   33298,    1782,     857,     857,     1.0,     0.7,     2.5,     5.2,    14.5,    14.5,   20.4,  0.04853,      0,      0,       0,       0,       0,       0
t1.update_tag_properties,                              33495,    1996,       0,       0,     0.9,     0.7,     2.0,     3.7,     8.6,     8.6,   20.4,  0.04853,      0,      0,       0,       0,       0,       0
total,                                                100000,    5511,     857,     857,     0.9,     0.7,     2.1,     4.1,     8.9,    14.5,   20.4,  0.04853,      0,      0,       0,       0,       0,       0


Results:
Op rate                   :    4,896 op/s  [t1.delete_tag_by_id: 1,626 op/s, t1.select_tag_by_id: 1,630 op/s, t1.update_tag_properties: 1,640 op/s]
Partition rate            :      826 pk/s  [t1.delete_tag_by_id: 0 pk/s, t1.select_tag_by_id: 826 pk/s, t1.update_tag_properties: 0 pk/s]
Row rate                  :      826 row/s [t1.delete_tag_by_id: 0 row/s, t1.select_tag_by_id: 826 row/s, t1.update_tag_properties: 0 row/s]
Latency mean              :    1.0 ms [t1.delete_tag_by_id: 0.9 ms, t1.select_tag_by_id: 1.0 ms, t1.update_tag_properties: 1.0 ms]
Latency median            :    0.7 ms [t1.delete_tag_by_id: 0.7 ms, t1.select_tag_by_id: 0.7 ms, t1.update_tag_properties: 0.7 ms]
Latency 95th percentile   :    2.2 ms [t1.delete_tag_by_id: 2.1 ms, t1.select_tag_by_id: 2.2 ms, t1.update_tag_properties: 2.2 ms]
Latency 99th percentile   :    4.6 ms [t1.delete_tag_by_id: 4.4 ms, t1.select_tag_by_id: 4.9 ms, t1.update_tag_properties: 4.6 ms]
Latency 99.9th percentile :   12.5 ms [t1.delete_tag_by_id: 11.7 ms, t1.select_tag_by_id: 12.5 ms, t1.update_tag_properties: 13.0 ms]
Latency max               :  186.6 ms [t1.delete_tag_by_id: 182.6 ms, t1.select_tag_by_id: 184.5 ms, t1.update_tag_properties: 186.6 ms]
Total partitions          :     16,865 [t1.delete_tag_by_id: 0, t1.select_tag_by_id: 16,865, t1.update_tag_properties: 0]
Total errors              :          0 [t1.delete_tag_by_id: 0, t1.select_tag_by_id: 0, t1.update_tag_properties: 0]
Total GC count            : 0
Total GC memory           : 0.000 KiB
Total GC time             :    0.0 seconds
Avg GC time               :    NaN ms
StdDev GC time            :    0.0 ms
Total operation time      : 00:00:20

END
