******************** Stress Settings ********************
Command:
  Type: user
  Count: 10,000
  No Warmup: false
  Consistency Level: LOCAL_ONE
  Target Uncertainty: not applicable
  Command Ratios: {t1.select_tag_by_id=1.0, t1.update_tag_properties=1.0, t1.delete_tag_by_id=1.0}
  Command Clustering Distribution: clustering=gaussian(1..10)
  Profile File(s): t1_tags.yaml
Rate:
  Auto: false
  Thread Count: 5
  OpsPer Sec: 0
Population:
  Distribution: Gaussian:  min=1,max=10000,mean=5000.500000,stdev=1666.500000
  Order: ARBITRARY
  Wrap: false
Insert:
  Revisits: Uniform:  min=1,max=1000000
  Visits: Fixed:  key=1
  Row Population Ratio: Ratio: divisor=1.000000;delegate=Fixed:  key=1
  Batch Type: not batching
Errors:
  Ignore: false
  Tries: 10
Log:
  No Summary: false
  No Settings: false
  File: tags_10K_MIXED_5_threads.log
  Interval Millis: 1000
  Level: NORMAL
Mode:
  API: JAVA_DRIVER_NATIVE
  Connection Style: CQL_PREPARED
  CQL Version: CQL3
  Protocol Version: V5
  Username: null
  Password: null
  Auth Provide Class: null
  Max Pending Per Connection: 128
  Connections Per Host: 8
  Compression: NONE
Node:
  Nodes: [localhost]
  Is White List: false
  Datacenter: null
Schema:
  Keyspace: null
  Replication Strategy: org.apache.cassandra.locator.SimpleStrategy
  Replication Strategy Options: {replication_factor=1}
  Table Compression: null
  Table Compaction Strategy: null
  Table Compaction Strategy Options: {}
Transport:
  truststore=null; truststore-password=null; keystore=null; keystore-password=null; ssl-protocol=TLS; ssl-alg=null; ssl-ciphers=TLS_RSA_WITH_AES_128_CBC_SHA,TLS_RSA_WITH_AES_256_CBC_SHA; 
Port:
  Native Port: 9042
  JMX Port: 7199
Graph:
  File: tags_10K_threads_5_MIXED.html
  Revision: tags_MIXED
  Title: NVO_Cassandra_POC_tags_Table_10K_Records_5_Threads
  Operation: USER
TokenRange:
  Wrap: false
  Split Factor: 1

******************** Profile(s) ********************
  Keyspace Name: tagging
  Keyspace CQL: 
***
CREATE KEYSPACE IF NOT EXISTS tagging WITH replication = {'class': 'SimpleStrategy', 'replication_factor': 1};
***

  Table Name: tags
  Table CQL: 
***
CREATE TABLE IF NOT EXISTS tags (
  id uuid PRIMARY KEY,
  owner_id int,
  name text,
  description text,
  properties text
);
***

  Extra Schema Definitions: null
  Generator Configs:
    owner_id: Size: Gaussian:  min=5,max=10,mean=7.500000,stdev=0.833333;Identity: Uniform:  min=1,max=1000000;
    name: Size: Uniform:  min=5,max=200;
    description: Size: Uniform:  min=10,max=100;
    id: Size: Gaussian:  min=5,max=10,mean=7.500000,stdev=0.833333;Identity: Uniform:  min=1,max=10000000;
    properties: Size: Uniform:  min=10,max=50;
  Query Definitions:
    select_tag_by_id: CQL:SELECT * FROM tags WHERE id = ?;Fields:samerow;
    update_tag_properties: CQL:UPDATE tags SET properties = ? WHERE id = ?;Fields:samerow;
    delete_tag_by_id: CQL:DELETE FROM tags WHERE id = ?;Fields:samerow;
    insert_tag: CQL:INSERT INTO tags (id, owner_id, name, description, properties) VALUES (?, ?, ?, ?, ?);Fields:samerow;
  Token Range Queries:
  Insert Settings:
    partitions: fixed(1)
    select: fixed(1)/500
    batchtype: UNLOGGED
Generating batches with [1..1] partitions and [0..0] rows (of [1..1] total rows in the partitions)

Sleeping 2s...
Warming up t1.select_tag_by_id with 2500 iterations...
Warming up t1.update_tag_properties with 2500 iterations...
Warming up t1.delete_tag_by_id with 2500 iterations...
Running [t1.select_tag_by_id, t1.update_tag_properties, t1.delete_tag_by_id] with 5 threads for 10000 iteration
type                                               total ops,    op/s,    pk/s,   row/s,    mean,     med,     .95,     .99,    .999,     max,   time,   stderr, errors,  gc: #,  max ms,  sum ms,  sdv ms,      mb
t1.delete_tag_by_id,                                     341,     341,       0,       0,     1.5,     1.1,     3.7,     6.0,     8.9,     8.9,    1.0,  0.00000,      0,      0,       0,       0,       0,       0
t1.select_tag_by_id,                                     411,     411,     210,     210,     1.8,     1.2,     4.9,     8.7,    26.8,    26.8,    1.0,  0.00000,      0,      0,       0,       0,       0,       0
t1.update_tag_properties,                                381,     381,       0,       0,     1.6,     1.2,     4.1,     8.2,    13.1,    13.1,    1.0,  0.00000,      0,      0,       0,       0,       0,       0
total,                                                  1133,    1133,     210,     210,     1.7,     1.2,     4.4,     7.9,    13.1,    26.8,    1.0,  0.00000,      0,      0,       0,       0,       0,       0
t1.delete_tag_by_id,                                    1368,    1027,       0,       0,     1.4,     0.9,     4.5,    10.7,    18.5,    22.5,    2.0,  0.34162,      0,      0,       0,       0,       0,       0
t1.select_tag_by_id,                                    1533,    1122,     598,     598,     1.7,     1.1,     5.4,     9.8,    17.6,    22.1,    2.0,  0.34162,      0,      0,       0,       0,       0,       0
t1.update_tag_properties,                               1429,    1048,       0,       0,     1.5,     0.9,     3.6,    10.3,    27.8,    34.2,    2.0,  0.34162,      0,      0,       0,       0,       0,       0
total,                                                  4330,    3197,     598,     598,     1.5,     1.0,     4.6,    10.4,    22.1,    34.2,    2.0,  0.34162,      0,      0,       0,       0,       0,       0
t1.delete_tag_by_id,                                    2349,     981,       0,       0,     1.5,     1.0,     4.5,    10.8,    30.9,    30.9,    3.0,  0.21946,      0,      0,       0,       0,       0,       0
t1.select_tag_by_id,                                    2552,    1019,     489,     489,     1.8,     1.1,     5.1,    10.3,    15.9,    25.4,    3.0,  0.21946,      0,      0,       0,       0,       0,       0
t1.update_tag_properties,                               2551,    1122,       0,       0,     1.5,     1.0,     3.8,     9.6,    13.4,    13.6,    3.0,  0.21946,      0,      0,       0,       0,       0,       0
total,                                                  7452,    3122,     489,     489,     1.6,     1.0,     4.6,    10.1,    15.9,    30.9,    3.0,  0.21946,      0,      0,       0,       0,       0,       0
t1.delete_tag_by_id,                                    3308,    1043,       0,       0,     1.6,     1.1,     4.4,    10.0,    25.2,    25.2,    3.9,  0.16409,      0,      0,       0,       0,       0,       0
t1.select_tag_by_id,                                    3374,     894,     438,     438,     1.8,     1.3,     4.5,     8.7,    15.0,    15.0,    3.9,  0.16409,      0,      0,       0,       0,       0,       0
t1.update_tag_properties,                               3318,     834,       0,       0,     2.0,     1.2,     5.5,    13.6,    28.7,    28.7,    3.9,  0.16409,      0,      0,       0,       0,       0,       0
total,                                                 10000,    2770,     438,     438,     1.8,     1.2,     4.7,    11.1,    26.1,    28.7,    3.9,  0.16409,      0,      0,       0,       0,       0,       0


Results:
Op rate                   :    2,551 op/s  [t1.delete_tag_by_id: 844 op/s, t1.select_tag_by_id: 861 op/s, t1.update_tag_properties: 846 op/s]
Partition rate            :      434 pk/s  [t1.delete_tag_by_id: 0 pk/s, t1.select_tag_by_id: 434 pk/s, t1.update_tag_properties: 0 pk/s]
Row rate                  :      434 row/s [t1.delete_tag_by_id: 0 row/s, t1.select_tag_by_id: 434 row/s, t1.update_tag_properties: 0 row/s]
Latency mean              :    1.6 ms [t1.delete_tag_by_id: 1.5 ms, t1.select_tag_by_id: 1.8 ms, t1.update_tag_properties: 1.6 ms]
Latency median            :    1.1 ms [t1.delete_tag_by_id: 1.0 ms, t1.select_tag_by_id: 1.2 ms, t1.update_tag_properties: 1.0 ms]
Latency 95th percentile   :    4.5 ms [t1.delete_tag_by_id: 4.3 ms, t1.select_tag_by_id: 5.0 ms, t1.update_tag_properties: 4.2 ms]
Latency 99th percentile   :   10.1 ms [t1.delete_tag_by_id: 9.5 ms, t1.select_tag_by_id: 9.7 ms, t1.update_tag_properties: 10.6 ms]
Latency 99.9th percentile :   22.1 ms [t1.delete_tag_by_id: 19.6 ms, t1.select_tag_by_id: 17.6 ms, t1.update_tag_properties: 26.1 ms]
Latency max               :   34.2 ms [t1.delete_tag_by_id: 30.9 ms, t1.select_tag_by_id: 26.8 ms, t1.update_tag_properties: 34.2 ms]
Total partitions          :      1,700 [t1.delete_tag_by_id: 0, t1.select_tag_by_id: 1,700, t1.update_tag_properties: 0]
Total errors              :          0 [t1.delete_tag_by_id: 0, t1.select_tag_by_id: 0, t1.update_tag_properties: 0]
Total GC count            : 0
Total GC memory           : 0.000 KiB
Total GC time             :    0.0 seconds
Avg GC time               :    NaN ms
StdDev GC time            :    0.0 ms
Total operation time      : 00:00:03

END
