******************** Stress Settings ********************
Command:
  Type: user
  Count: 100,000
  No Warmup: false
  Consistency Level: LOCAL_ONE
  Target Uncertainty: not applicable
  Command Ratios: {t1.insert=1.0}
  Command Clustering Distribution: clustering=gaussian(1..10)
  Profile File(s): t1_tags.yaml
Rate:
  Auto: false
  Thread Count: 1
  OpsPer Sec: 0
Population:
  Distribution: Gaussian:  min=1,max=100000,mean=50000.500000,stdev=16666.500000
  Order: ARBITRARY
  Wrap: false
Insert:
  Revisits: Uniform:  min=1,max=1000000
  Visits: Fixed:  key=1
  Row Population Ratio: Ratio: divisor=1.000000;delegate=Fixed:  key=1
  Batch Type: not batching
Errors:
  Ignore: false
  Tries: 10
Log:
  No Summary: false
  No Settings: false
  File: tags_100K_write_1_threads.log
  Interval Millis: 1000
  Level: NORMAL
Mode:
  API: JAVA_DRIVER_NATIVE
  Connection Style: CQL_PREPARED
  CQL Version: CQL3
  Protocol Version: V5
  Username: null
  Password: null
  Auth Provide Class: null
  Max Pending Per Connection: 128
  Connections Per Host: 8
  Compression: NONE
Node:
  Nodes: [localhost]
  Is White List: false
  Datacenter: null
Schema:
  Keyspace: null
  Replication Strategy: org.apache.cassandra.locator.SimpleStrategy
  Replication Strategy Options: {replication_factor=1}
  Table Compression: null
  Table Compaction Strategy: null
  Table Compaction Strategy Options: {}
Transport:
  truststore=null; truststore-password=null; keystore=null; keystore-password=null; ssl-protocol=TLS; ssl-alg=null; ssl-ciphers=TLS_RSA_WITH_AES_128_CBC_SHA,TLS_RSA_WITH_AES_256_CBC_SHA; 
Port:
  Native Port: 9042
  JMX Port: 7199
Graph:
  File: tags_100K_threads_1_MIXED.html
  Revision: Load
  Title: NVO_Cassandra_POC_tags_Table_100K_Records_1_Threads
  Operation: USER
TokenRange:
  Wrap: false
  Split Factor: 1

******************** Profile(s) ********************
  Keyspace Name: tagging
  Keyspace CQL: 
***
CREATE KEYSPACE IF NOT EXISTS tagging WITH replication = {'class': 'SimpleStrategy', 'replication_factor': 1};
***

  Table Name: tags
  Table CQL: 
***
CREATE TABLE IF NOT EXISTS tags (
  id uuid PRIMARY KEY,
  owner_id int,
  name text,
  description text,
  properties text
);
***

  Extra Schema Definitions: null
  Generator Configs:
    owner_id: Size: Gaussian:  min=5,max=10,mean=7.500000,stdev=0.833333;Identity: Uniform:  min=1,max=1000000;
    name: Size: Uniform:  min=5,max=200;
    description: Size: Uniform:  min=10,max=100;
    id: Size: Gaussian:  min=5,max=10,mean=7.500000,stdev=0.833333;Identity: Uniform:  min=1,max=10000000;
    properties: Size: Uniform:  min=10,max=50;
  Query Definitions:
    select_tag_by_id: CQL:SELECT * FROM tags WHERE id = ?;Fields:samerow;
    update_tag_properties: CQL:UPDATE tags SET properties = ? WHERE id = ?;Fields:samerow;
    delete_tag_by_id: CQL:DELETE FROM tags WHERE id = ?;Fields:samerow;
    insert_tag: CQL:INSERT INTO tags (id, owner_id, name, description, properties) VALUES (?, ?, ?, ?, ?);Fields:samerow;
  Token Range Queries:
  Insert Settings:
    partitions: fixed(1)
    select: fixed(1)/500
    batchtype: UNLOGGED
Generating batches with [1..1] partitions and [0..0] rows (of [1..1] total rows in the partitions)

Sleeping 2s...
Warming up t1.insert with 25000 iterations...
Running [t1.insert] with 1 threads for 100000 iteration
type                                               total ops,    op/s,    pk/s,   row/s,    mean,     med,     .95,     .99,    .999,     max,   time,   stderr, errors,  gc: #,  max ms,  sum ms,  sdv ms,      mb
total,                                                   803,     803,     803,     803,     0.6,     0.5,     1.0,     3.7,    10.1,    10.1,    1.0,  0.00000,      0,      0,       0,       0,       0,       0
total,                                                  2496,    1693,    1693,    1693,     0.6,     0.5,     0.9,     3.2,    13.6,    15.2,    2.0,  0.25375,      0,      0,       0,       0,       0,       0
total,                                                  4269,    1773,    1773,    1773,     0.6,     0.5,     0.8,     2.1,     9.3,    11.0,    3.0,  0.17885,      0,      0,       0,       0,       0,       0
total,                                                  6061,    1792,    1792,    1792,     0.5,     0.5,     0.7,     1.8,     9.8,    68.9,    4.0,  0.14075,      0,      0,       0,       0,       0,       0
total,                                                  7697,    1636,    1636,    1636,     0.6,     0.5,     0.9,     4.4,    10.5,    11.2,    5.0,  0.11177,      0,      0,       0,       0,       0,       0
total,                                                  9687,    1990,    1990,    1990,     0.5,     0.4,     0.6,     1.8,    12.2,    12.2,    6.0,  0.09762,      0,      0,       0,       0,       0,       0
total,                                                 11348,    1661,    1661,    1661,     0.6,     0.5,     0.9,     3.0,    12.7,    20.2,    7.0,  0.08344,      0,      0,       0,       0,       0,       0
total,                                                 13359,    2011,    2011,    2011,     0.5,     0.4,     0.7,     1.8,    10.3,    13.4,    8.0,  0.07559,      0,      0,       0,       0,       0,       0
total,                                                 15672,    2313,    2313,    2313,     0.4,     0.4,     0.5,     1.3,     4.0,    10.0,    9.0,  0.07447,      0,      0,       0,       0,       0,       0
total,                                                 17461,    1789,    1789,    1789,     0.5,     0.5,     0.7,     2.9,     5.8,     8.0,   10.0,  0.06694,      0,      0,       0,       0,       0,       0
total,                                                 19488,    2027,    2027,    2027,     0.5,     0.4,     0.6,     1.4,     3.3,    10.1,   11.0,  0.06140,      0,      0,       0,       0,       0,       0
total,                                                 21174,    1686,    1686,    1686,     0.6,     0.4,     1.0,     4.3,    10.7,    27.0,   12.0,  0.05656,      0,      0,       0,       0,       0,       0
total,                                                 22921,    1747,    1747,    1747,     0.6,     0.5,     0.9,     2.2,    13.7,    14.5,   13.0,  0.05227,      0,      0,       0,       0,       0,       0
total,                                                 24861,    1940,    1940,    1940,     0.5,     0.4,     0.7,     1.9,    10.3,    11.5,   14.0,  0.04864,      0,      0,       0,       0,       0,       0
total,                                                 26764,    1903,    1903,    1903,     0.5,     0.4,     0.7,     2.3,    10.1,    12.9,   15.0,  0.04539,      0,      0,       0,       0,       0,       0
total,                                                 28762,    1998,    1998,    1998,     0.5,     0.4,     0.7,     1.8,     7.2,     7.5,   16.0,  0.04277,      0,      0,       0,       0,       0,       0
total,                                                 30773,    2011,    2011,    2011,     0.5,     0.4,     0.6,     1.5,     6.0,     9.0,   17.0,  0.04048,      0,      0,       0,       0,       0,       0
total,                                                 32727,    1954,    1954,    1954,     0.5,     0.4,     0.7,     1.9,     6.1,     8.8,   18.0,  0.03828,      0,      0,       0,       0,       0,       0
total,                                                 34811,    2084,    2084,    2084,     0.5,     0.4,     0.6,     1.6,     6.5,    12.5,   19.0,  0.03671,      0,      0,       0,       0,       0,       0
total,                                                 36823,    2012,    2012,    2012,     0.5,     0.4,     0.7,     3.1,     9.2,    11.3,   20.0,  0.03501,      0,      0,       0,       0,       0,       0
total,                                                 38914,    2091,    2091,    2091,     0.5,     0.4,     0.6,     1.5,     6.1,    19.3,   21.0,  0.03375,      0,      0,       0,       0,       0,       0
total,                                                 41011,    2097,    2097,    2097,     0.5,     0.4,     0.7,     2.2,     7.2,    13.0,   22.0,  0.03253,      0,      0,       0,       0,       0,       0
total,                                                 43324,    2313,    2313,    2313,     0.4,     0.4,     0.6,     1.7,    11.2,    16.8,   23.0,  0.03244,      0,      0,       0,       0,       0,       0
total,                                                 45571,    2247,    2247,    2247,     0.4,     0.4,     0.6,     1.3,     5.3,    28.2,   24.0,  0.03195,      0,      0,       0,       0,       0,       0
total,                                                 47554,    1983,    1983,    1983,     0.5,     0.4,     0.7,     2.0,    10.4,    10.5,   25.0,  0.03067,      0,      0,       0,       0,       0,       0
total,                                                 49780,    2226,    2226,    2226,     0.4,     0.4,     0.6,     1.5,     4.0,    13.1,   26.0,  0.02996,      0,      0,       0,       0,       0,       0
total,                                                 51723,    1943,    1943,    1943,     0.5,     0.4,     0.7,     2.0,    10.0,    10.6,   27.0,  0.02884,      0,      0,       0,       0,       0,       0
total,                                                 54033,    2310,    2310,    2310,     0.4,     0.4,     0.5,     1.2,     4.0,     8.4,   28.0,  0.02846,      0,      0,       0,       0,       0,       0
total,                                                 55906,    1873,    1873,    1873,     0.5,     0.5,     0.7,     1.6,    10.1,    14.0,   29.0,  0.02752,      0,      0,       0,       0,       0,       0
total,                                                 57640,    1734,    1734,    1734,     0.6,     0.4,     0.7,     2.2,    12.1,    98.9,   30.0,  0.02663,      0,      0,       0,       0,       0,       0
total,                                                 59809,    2169,    2169,    2169,     0.5,     0.4,     0.6,     1.8,     7.0,     7.3,   31.0,  0.02594,      0,      0,       0,       0,       0,       0
total,                                                 61713,    1904,    1904,    1904,     0.5,     0.5,     0.7,     1.9,     7.4,    10.2,   32.0,  0.02515,      0,      0,       0,       0,       0,       0
total,                                                 63841,    2128,    2128,    2128,     0.5,     0.4,     0.6,     1.4,     5.4,    13.2,   33.0,  0.02449,      0,      0,       0,       0,       0,       0
total,                                                 65941,    2100,    2100,    2100,     0.5,     0.4,     0.7,     1.9,     6.3,    10.3,   34.0,  0.02382,      0,      0,       0,       0,       0,       0
total,                                                 68147,    2206,    2206,    2206,     0.4,     0.4,     0.6,     1.6,     5.9,    12.9,   35.0,  0.02336,      0,      0,       0,       0,       0,       0
total,                                                 70121,    1974,    1974,    1974,     0.5,     0.5,     0.6,     1.5,     6.4,     9.2,   36.0,  0.02270,      0,      0,       0,       0,       0,       0
total,                                                 72122,    2001,    2001,    2001,     0.5,     0.4,     0.7,     1.5,     5.9,    12.8,   37.0,  0.02208,      0,      0,       0,       0,       0,       0
total,                                                 74269,    2147,    2147,    2147,     0.5,     0.4,     0.6,     1.4,     4.3,    18.0,   38.0,  0.02161,      0,      0,       0,       0,       0,       0
total,                                                 76376,    2107,    2107,    2107,     0.5,     0.4,     0.6,     1.8,     8.5,     9.9,   39.0,  0.02109,      0,      0,       0,       0,       0,       0
total,                                                 78658,    2282,    2282,    2282,     0.4,     0.4,     0.6,     1.2,     6.4,    12.7,   40.0,  0.02086,      0,      0,       0,       0,       0,       0
total,                                                 81209,    2551,    2551,    2551,     0.4,     0.4,     0.5,     1.2,     2.7,    11.6,   41.0,  0.02138,      0,      0,       0,       0,       0,       0
total,                                                 83581,    2372,    2372,    2372,     0.4,     0.4,     0.6,     1.8,     6.0,    10.2,   42.0,  0.02125,      0,      0,       0,       0,       0,       0
total,                                                 85863,    2282,    2282,    2282,     0.4,     0.4,     0.6,     1.6,     4.8,    13.7,   43.0,  0.02095,      0,      0,       0,       0,       0,       0
total,                                                 88037,    2174,    2174,    2174,     0.5,     0.4,     0.6,     1.9,     9.2,    11.6,   44.0,  0.02052,      0,      0,       0,       0,       0,       0
total,                                                 90436,    2399,    2399,    2399,     0.4,     0.3,     0.5,     1.7,     5.0,    11.8,   45.0,  0.02042,      0,      0,       0,       0,       0,       0
total,                                                 92823,    2387,    2387,    2387,     0.4,     0.4,     0.5,     1.3,     5.0,     9.7,   46.0,  0.02027,      0,      0,       0,       0,       0,       0
total,                                                 95155,    2332,    2332,    2332,     0.4,     0.4,     0.5,     1.7,     6.2,     9.8,   47.0,  0.02002,      0,      0,       0,       0,       0,       0
total,                                                 97541,    2386,    2386,    2386,     0.4,     0.4,     0.5,     1.4,     6.0,     9.5,   48.0,  0.01985,      0,      0,       0,       0,       0,       0
total,                                                 99486,    1945,    1945,    1945,     0.5,     0.4,     0.7,     2.0,    11.1,    13.6,   49.0,  0.01949,      0,      0,       0,       0,       0,       0
total,                                                100000,    1748,    1748,    1748,     0.6,     0.5,     1.1,     2.3,     6.2,     6.2,   49.3,  0.01933,      0,      0,       0,       0,       0,       0


Results:
Op rate                   :    2,029 op/s  [t1.insert: 2,029 op/s]
Partition rate            :    2,029 pk/s  [t1.insert: 2,029 pk/s]
Row rate                  :    2,029 row/s [t1.insert: 2,029 row/s]
Latency mean              :    0.5 ms [t1.insert: 0.5 ms]
Latency median            :    0.4 ms [t1.insert: 0.4 ms]
Latency 95th percentile   :    0.7 ms [t1.insert: 0.7 ms]
Latency 99th percentile   :    1.8 ms [t1.insert: 1.8 ms]
Latency 99.9th percentile :    8.5 ms [t1.insert: 8.5 ms]
Latency max               :   98.9 ms [t1.insert: 98.9 ms]
Total partitions          :    100,000 [t1.insert: 100,000]
Total errors              :          0 [t1.insert: 0]
Total GC count            : 0
Total GC memory           : 0.000 KiB
Total GC time             :    0.0 seconds
Avg GC time               :    NaN ms
StdDev GC time            :    0.0 ms
Total operation time      : 00:00:49

END
