******************** Stress Settings ********************
Command:
  Type: user
  Count: 100,000
  No Warmup: false
  Consistency Level: LOCAL_ONE
  Target Uncertainty: not applicable
  Command Ratios: {t1.select_tag_by_id=1.0, t1.update_tag_properties=1.0, t1.delete_tag_by_id=1.0}
  Command Clustering Distribution: clustering=gaussian(1..10)
  Profile File(s): t1_tags.yaml
Rate:
  Auto: false
  Thread Count: 1
  OpsPer Sec: 0
Population:
  Distribution: Gaussian:  min=1,max=100000,mean=50000.500000,stdev=16666.500000
  Order: ARBITRARY
  Wrap: false
Insert:
  Revisits: Uniform:  min=1,max=1000000
  Visits: Fixed:  key=1
  Row Population Ratio: Ratio: divisor=1.000000;delegate=Fixed:  key=1
  Batch Type: not batching
Errors:
  Ignore: false
  Tries: 10
Log:
  No Summary: false
  No Settings: false
  File: tags_100K_MIXED_1_threads.log
  Interval Millis: 1000
  Level: NORMAL
Mode:
  API: JAVA_DRIVER_NATIVE
  Connection Style: CQL_PREPARED
  CQL Version: CQL3
  Protocol Version: V5
  Username: null
  Password: null
  Auth Provide Class: null
  Max Pending Per Connection: 128
  Connections Per Host: 8
  Compression: NONE
Node:
  Nodes: [localhost]
  Is White List: false
  Datacenter: null
Schema:
  Keyspace: null
  Replication Strategy: org.apache.cassandra.locator.SimpleStrategy
  Replication Strategy Options: {replication_factor=1}
  Table Compression: null
  Table Compaction Strategy: null
  Table Compaction Strategy Options: {}
Transport:
  truststore=null; truststore-password=null; keystore=null; keystore-password=null; ssl-protocol=TLS; ssl-alg=null; ssl-ciphers=TLS_RSA_WITH_AES_128_CBC_SHA,TLS_RSA_WITH_AES_256_CBC_SHA; 
Port:
  Native Port: 9042
  JMX Port: 7199
Graph:
  File: tags_100K_threads_1_MIXED.html
  Revision: tags_MIXED
  Title: NVO_Cassandra_POC_tags_Table_100K_Records_1_Threads
  Operation: USER
TokenRange:
  Wrap: false
  Split Factor: 1

******************** Profile(s) ********************
  Keyspace Name: tagging
  Keyspace CQL: 
***
CREATE KEYSPACE IF NOT EXISTS tagging WITH replication = {'class': 'SimpleStrategy', 'replication_factor': 1};
***

  Table Name: tags
  Table CQL: 
***
CREATE TABLE IF NOT EXISTS tags (
  id uuid PRIMARY KEY,
  owner_id int,
  name text,
  description text,
  properties text
);
***

  Extra Schema Definitions: null
  Generator Configs:
    owner_id: Size: Gaussian:  min=5,max=10,mean=7.500000,stdev=0.833333;Identity: Uniform:  min=1,max=1000000;
    name: Size: Uniform:  min=5,max=200;
    description: Size: Uniform:  min=10,max=100;
    id: Size: Gaussian:  min=5,max=10,mean=7.500000,stdev=0.833333;Identity: Uniform:  min=1,max=10000000;
    properties: Size: Uniform:  min=10,max=50;
  Query Definitions:
    select_tag_by_id: CQL:SELECT * FROM tags WHERE id = ?;Fields:samerow;
    update_tag_properties: CQL:UPDATE tags SET properties = ? WHERE id = ?;Fields:samerow;
    delete_tag_by_id: CQL:DELETE FROM tags WHERE id = ?;Fields:samerow;
    insert_tag: CQL:INSERT INTO tags (id, owner_id, name, description, properties) VALUES (?, ?, ?, ?, ?);Fields:samerow;
  Token Range Queries:
  Insert Settings:
    partitions: fixed(1)
    select: fixed(1)/500
    batchtype: UNLOGGED
Generating batches with [1..1] partitions and [0..0] rows (of [1..1] total rows in the partitions)

Sleeping 2s...
Warming up t1.select_tag_by_id with 25000 iterations...
Warming up t1.update_tag_properties with 25000 iterations...
Warming up t1.delete_tag_by_id with 25000 iterations...
Running [t1.select_tag_by_id, t1.update_tag_properties, t1.delete_tag_by_id] with 1 threads for 100000 iteration
type                                               total ops,    op/s,    pk/s,   row/s,    mean,     med,     .95,     .99,    .999,     max,   time,   stderr, errors,  gc: #,  max ms,  sum ms,  sdv ms,      mb
t1.delete_tag_by_id,                                     402,     402,       0,       0,     0.5,     0.4,     0.6,     2.7,    10.0,    10.0,    1.0,  0.00000,      0,      0,       0,       0,       0,       0
t1.select_tag_by_id,                                     467,     467,     265,     265,     0.5,     0.5,     0.7,     1.8,    11.4,    11.4,    1.0,  0.00000,      0,      0,       0,       0,       0,       0
t1.update_tag_properties,                                458,     458,       0,       0,     0.6,     0.4,     1.1,     5.4,     9.5,     9.5,    1.0,  0.00000,      0,      0,       0,       0,       0,       0
total,                                                  1327,    1327,     265,     265,     0.5,     0.4,     0.7,     2.8,    10.0,    11.4,    1.0,  0.00000,      0,      0,       0,       0,       0,       0
t1.delete_tag_by_id,                                    1070,     668,       0,       0,     0.5,     0.4,     0.9,     2.5,     4.0,     4.0,    2.0,  0.06657,      0,      0,       0,       0,       0,       0
t1.select_tag_by_id,                                    1070,     603,     322,     322,     0.6,     0.5,     0.9,     2.8,     5.1,     5.1,    2.0,  0.06657,      0,      0,       0,       0,       0,       0
t1.update_tag_properties,                               1095,     637,       0,       0,     0.5,     0.4,     0.7,     1.5,     5.4,     5.4,    2.0,  0.06657,      0,      0,       0,       0,       0,       0
total,                                                  3235,    1908,     322,     322,     0.5,     0.4,     0.8,     2.4,     5.1,     5.4,    2.0,  0.06657,      0,      0,       0,       0,       0,       0
t1.delete_tag_by_id,                                    1797,     727,       0,       0,     0.4,     0.4,     0.6,     1.3,     5.7,     5.7,    3.0,  0.11029,      0,      0,       0,       0,       0,       0
t1.select_tag_by_id,                                    1849,     779,     420,     420,     0.5,     0.4,     0.6,     1.7,    10.4,    10.4,    3.0,  0.11029,      0,      0,       0,       0,       0,       0
t1.update_tag_properties,                               1874,     779,       0,       0,     0.4,     0.4,     0.6,     1.2,     2.3,     2.3,    3.0,  0.11029,      0,      0,       0,       0,       0,       0
total,                                                  5520,    2285,     420,     420,     0.4,     0.4,     0.6,     1.4,     4.3,    10.4,    3.0,  0.11029,      0,      0,       0,       0,       0,       0
t1.delete_tag_by_id,                                    2509,     712,       0,       0,     0.5,     0.5,     0.7,     2.8,    11.1,    11.1,    4.0,  0.08447,      0,      0,       0,       0,       0,       0
t1.select_tag_by_id,                                    2446,     597,     317,     317,     0.6,     0.5,     0.8,     1.7,    15.0,    15.0,    4.0,  0.08447,      0,      0,       0,       0,       0,       0
t1.update_tag_properties,                               2404,     530,       0,       0,     0.5,     0.5,     0.7,     1.4,     6.1,     6.1,    4.0,  0.08447,      0,      0,       0,       0,       0,       0
total,                                                  7359,    1839,     317,     317,     0.5,     0.5,     0.7,     2.0,    11.1,    15.0,    4.0,  0.08447,      0,      0,       0,       0,       0,       0
t1.delete_tag_by_id,                                    3288,     779,       0,       0,     0.4,     0.4,     0.5,     1.0,     3.8,     3.8,    5.0,  0.08424,      0,      0,       0,       0,       0,       0
t1.select_tag_by_id,                                    3274,     828,     440,     440,     0.4,     0.4,     0.5,     1.3,    11.6,    11.6,    5.0,  0.08424,      0,      0,       0,       0,       0,       0
t1.update_tag_properties,                               3201,     797,       0,       0,     0.4,     0.4,     0.6,     1.4,     3.0,     3.0,    5.0,  0.08424,      0,      0,       0,       0,       0,       0
total,                                                  9763,    2404,     440,     440,     0.4,     0.4,     0.5,     1.2,     3.0,    11.6,    5.0,  0.08424,      0,      0,       0,       0,       0,       0
t1.delete_tag_by_id,                                    4098,     810,       0,       0,     0.4,     0.4,     0.5,     1.3,    11.3,    11.3,    6.0,  0.07339,      0,      0,       0,       0,       0,       0
t1.select_tag_by_id,                                    4050,     776,     418,     418,     0.5,     0.4,     0.6,     1.5,     8.0,     8.0,    6.0,  0.07339,      0,      0,       0,       0,       0,       0
t1.update_tag_properties,                               3850,     649,       0,       0,     0.5,     0.4,     0.7,     1.9,     8.1,     8.1,    6.0,  0.07339,      0,      0,       0,       0,       0,       0
total,                                                 11998,    2235,     418,     418,     0.4,     0.4,     0.6,     1.6,     8.0,    11.3,    6.0,  0.07339,      0,      0,       0,       0,       0,       0
t1.delete_tag_by_id,                                    4779,     681,       0,       0,     0.5,     0.4,     0.6,     1.4,    16.1,    16.1,    7.0,  0.06276,      0,      0,       0,       0,       0,       0
t1.select_tag_by_id,                                    4791,     741,     375,     375,     0.5,     0.4,     0.7,     1.5,    12.2,    12.2,    7.0,  0.06276,      0,      0,       0,       0,       0,       0
t1.update_tag_properties,                               4438,     588,       0,       0,     0.5,     0.4,     0.6,     2.0,     8.3,     8.3,    7.0,  0.06276,      0,      0,       0,       0,       0,       0
total,                                                 14008,    2010,     375,     375,     0.5,     0.4,     0.7,     1.5,    10.0,    16.1,    7.0,  0.06276,      0,      0,       0,       0,       0,       0
t1.delete_tag_by_id,                                    5565,     786,       0,       0,     0.4,     0.3,     0.5,     2.3,     8.0,     8.0,    8.0,  0.05492,      0,      0,       0,       0,       0,       0
t1.select_tag_by_id,                                    5525,     734,     384,     384,     0.4,     0.4,     0.6,     1.4,     9.6,     9.6,    8.0,  0.05492,      0,      0,       0,       0,       0,       0
t1.update_tag_properties,                               5280,     842,       0,       0,     0.4,     0.4,     0.5,     1.3,    15.5,    15.5,    8.0,  0.05492,      0,      0,       0,       0,       0,       0
total,                                                 16370,    2362,     384,     384,     0.4,     0.4,     0.5,     1.5,     8.0,    15.5,    8.0,  0.05492,      0,      0,       0,       0,       0,       0
t1.delete_tag_by_id,                                    6324,     759,       0,       0,     0.4,     0.3,     0.5,     2.4,    10.1,    10.1,    9.0,  0.04886,      0,      0,       0,       0,       0,       0
t1.select_tag_by_id,                                    6309,     784,     389,     389,     0.4,     0.4,     0.6,     1.8,     9.2,     9.2,    9.0,  0.04886,      0,      0,       0,       0,       0,       0
t1.update_tag_properties,                               6131,     851,       0,       0,     0.4,     0.4,     0.5,     1.2,     5.3,     5.3,    9.0,  0.04886,      0,      0,       0,       0,       0,       0
total,                                                 18764,    2394,     389,     389,     0.4,     0.4,     0.6,     1.5,     6.5,    10.1,    9.0,  0.04886,      0,      0,       0,       0,       0,       0
t1.delete_tag_by_id,                                    7232,     908,       0,       0,     0.3,     0.3,     0.4,     1.0,    10.1,    10.1,   10.0,  0.04958,      0,      0,       0,       0,       0,       0
t1.select_tag_by_id,                                    7222,     913,     471,     471,     0.4,     0.3,     0.5,     1.2,     7.1,     7.1,   10.0,  0.04958,      0,      0,       0,       0,       0,       0
t1.update_tag_properties,                               7087,     956,       0,       0,     0.4,     0.3,     0.4,     0.9,     5.5,     5.5,   10.0,  0.04958,      0,      0,       0,       0,       0,       0
total,                                                 21541,    2777,     471,     471,     0.4,     0.3,     0.5,     1.1,     6.2,    10.1,   10.0,  0.04958,      0,      0,       0,       0,       0,       0
t1.delete_tag_by_id,                                    8056,     824,       0,       0,     0.4,     0.3,     0.5,     1.2,     8.1,     8.1,   11.0,  0.04502,      0,      0,       0,       0,       0,       0
t1.select_tag_by_id,                                    7990,     768,     389,     389,     0.5,     0.4,     0.6,     2.4,    10.9,    10.9,   11.0,  0.04502,      0,      0,       0,       0,       0,       0
t1.update_tag_properties,                               7840,     753,       0,       0,     0.4,     0.4,     0.5,     1.5,     4.3,     4.3,   11.0,  0.04502,      0,      0,       0,       0,       0,       0
total,                                                 23886,    2345,     389,     389,     0.4,     0.4,     0.5,     1.5,     8.1,    10.9,   11.0,  0.04502,      0,      0,       0,       0,       0,       0
t1.delete_tag_by_id,                                    8821,     765,       0,       0,     0.5,     0.4,     0.6,     3.7,    13.9,    13.9,   12.0,  0.04177,      0,      0,       0,       0,       0,       0
t1.select_tag_by_id,                                    8674,     684,     357,     357,     0.5,     0.4,     0.7,     1.4,     3.7,     3.7,   12.0,  0.04177,      0,      0,       0,       0,       0,       0
t1.update_tag_properties,                               8507,     667,       0,       0,     0.5,     0.4,     0.6,     1.8,     5.2,     5.2,   12.0,  0.04177,      0,      0,       0,       0,       0,       0
total,                                                 26002,    2116,     357,     357,     0.5,     0.4,     0.6,     1.7,     8.5,    13.9,   12.0,  0.04177,      0,      0,       0,       0,       0,       0
t1.delete_tag_by_id,                                    9685,     864,       0,       0,     0.4,     0.3,     0.5,     1.3,     4.1,     4.1,   13.0,  0.03894,      0,      0,       0,       0,       0,       0
t1.select_tag_by_id,                                    9444,     770,     416,     416,     0.4,     0.4,     0.5,     1.1,    12.7,    12.7,   13.0,  0.03894,      0,      0,       0,       0,       0,       0
t1.update_tag_properties,                               9404,     897,       0,       0,     0.4,     0.4,     0.5,     1.4,     4.5,     4.5,   13.0,  0.03894,      0,      0,       0,       0,       0,       0
total,                                                 28533,    2531,     416,     416,     0.4,     0.4,     0.5,     1.3,     4.2,    12.7,   13.0,  0.03894,      0,      0,       0,       0,       0,       0
t1.delete_tag_by_id,                                   10446,     761,       0,       0,     0.4,     0.4,     0.6,     1.4,    10.7,    10.7,   14.0,  0.03628,      0,      0,       0,       0,       0,       0
t1.select_tag_by_id,                                   10163,     719,     372,     372,     0.5,     0.4,     0.6,     1.6,     6.9,     6.9,   14.0,  0.03628,      0,      0,       0,       0,       0,       0
t1.update_tag_properties,                              10133,     729,       0,       0,     0.5,     0.4,     0.6,     2.1,     6.5,     6.5,   14.0,  0.03628,      0,      0,       0,       0,       0,       0
total,                                                 30742,    2209,     372,     372,     0.4,     0.4,     0.6,     1.6,     6.9,    10.7,   14.0,  0.03628,      0,      0,       0,       0,       0,       0
t1.delete_tag_by_id,                                   11238,     792,       0,       0,     0.4,     0.4,     0.5,     1.2,     3.2,     3.2,   15.0,  0.03385,      0,      0,       0,       0,       0,       0
t1.select_tag_by_id,                                   10922,     759,     383,     383,     0.4,     0.4,     0.6,     1.4,     7.6,     7.6,   15.0,  0.03385,      0,      0,       0,       0,       0,       0
t1.update_tag_properties,                              10926,     793,       0,       0,     0.4,     0.4,     0.6,     1.4,    11.7,    11.7,   15.0,  0.03385,      0,      0,       0,       0,       0,       0
total,                                                 33086,    2344,     383,     383,     0.4,     0.4,     0.6,     1.3,     3.8,    11.7,   15.0,  0.03385,      0,      0,       0,       0,       0,       0
t1.delete_tag_by_id,                                   11871,     633,       0,       0,     0.4,     0.4,     0.6,     1.3,     2.5,     2.5,   16.0,  0.03231,      0,      0,       0,       0,       0,       0
t1.select_tag_by_id,                                   11648,     726,     348,     348,     0.5,     0.4,     0.8,     2.4,    15.3,    15.3,   16.0,  0.03231,      0,      0,       0,       0,       0,       0
t1.update_tag_properties,                              11691,     765,       0,       0,     0.5,     0.4,     0.6,     1.4,     6.6,     6.6,   16.0,  0.03231,      0,      0,       0,       0,       0,       0
total,                                                 35210,    2124,     348,     348,     0.5,     0.4,     0.7,     1.5,     7.6,    15.3,   16.0,  0.03231,      0,      0,       0,       0,       0,       0
t1.delete_tag_by_id,                                   12724,     853,       0,       0,     0.4,     0.3,     0.5,     1.7,    15.5,    15.5,   17.0,  0.03052,      0,      0,       0,       0,       0,       0
t1.select_tag_by_id,                                   12438,     790,     403,     403,     0.4,     0.4,     0.5,     1.6,    15.2,    15.2,   17.0,  0.03052,      0,      0,       0,       0,       0,       0
t1.update_tag_properties,                              12498,     807,       0,       0,     0.4,     0.4,     0.5,     1.0,     4.7,     4.7,   17.0,  0.03052,      0,      0,       0,       0,       0,       0
total,                                                 37660,    2450,     403,     403,     0.4,     0.4,     0.5,     1.3,     7.8,    15.5,   17.0,  0.03052,      0,      0,       0,       0,       0,       0
t1.delete_tag_by_id,                                   13462,     738,       0,       0,     0.4,     0.3,     0.6,     1.3,    12.1,    12.1,   18.0,  0.02964,      0,      0,       0,       0,       0,       0
t1.select_tag_by_id,                                   13289,     851,     436,     436,     0.4,     0.4,     0.5,     1.4,     8.8,     8.8,   18.0,  0.02964,      0,      0,       0,       0,       0,       0
t1.update_tag_properties,                              13372,     874,       0,       0,     0.4,     0.4,     0.5,     1.7,     9.1,     9.1,   18.0,  0.02964,      0,      0,       0,       0,       0,       0
total,                                                 40123,    2463,     436,     436,     0.4,     0.4,     0.5,     1.3,     8.8,    12.1,   18.0,  0.02964,      0,      0,       0,       0,       0,       0
t1.delete_tag_by_id,                                   14131,     669,       0,       0,     0.5,     0.4,     0.6,     1.6,    12.6,    12.6,   19.0,  0.02845,      0,      0,       0,       0,       0,       0
t1.select_tag_by_id,                                   13977,     688,     355,     355,     0.5,     0.4,     0.7,     1.6,    10.2,    10.2,   19.0,  0.02845,      0,      0,       0,       0,       0,       0
t1.update_tag_properties,                              14051,     679,       0,       0,     0.5,     0.4,     0.6,     1.4,     6.1,     6.1,   19.0,  0.02845,      0,      0,       0,       0,       0,       0
total,                                                 42159,    2036,     355,     355,     0.5,     0.4,     0.6,     1.5,    10.1,    12.6,   19.0,  0.02845,      0,      0,       0,       0,       0,       0
t1.delete_tag_by_id,                                   14776,     645,       0,       0,     0.5,     0.4,     0.6,     1.4,     6.5,     6.5,   20.0,  0.02717,      0,      0,       0,       0,       0,       0
t1.select_tag_by_id,                                   14687,     710,     366,     366,     0.5,     0.4,     0.7,     1.4,    11.2,    11.2,   20.0,  0.02717,      0,      0,       0,       0,       0,       0
t1.update_tag_properties,                              14705,     654,       0,       0,     0.5,     0.4,     0.7,     2.1,     8.1,     8.1,   20.0,  0.02717,      0,      0,       0,       0,       0,       0
total,                                                 44168,    2009,     366,     366,     0.5,     0.4,     0.7,     1.6,     6.5,    11.2,   20.0,  0.02717,      0,      0,       0,       0,       0,       0
t1.delete_tag_by_id,                                   15413,     637,       0,       0,     0.4,     0.4,     0.6,     1.5,     8.1,     8.1,   21.0,  0.02667,      0,      0,       0,       0,       0,       0
t1.select_tag_by_id,                                   15347,     660,     333,     333,     0.6,     0.4,     1.0,     4.3,    11.6,    11.6,   21.0,  0.02667,      0,      0,       0,       0,       0,       0
t1.update_tag_properties,                              15351,     646,       0,       0,     0.5,     0.4,     0.7,     1.9,    14.5,    14.5,   21.0,  0.02667,      0,      0,       0,       0,       0,       0
total,                                                 46111,    1943,     333,     333,     0.5,     0.4,     0.7,     2.4,    11.6,    14.5,   21.0,  0.02667,      0,      0,       0,       0,       0,       0
t1.delete_tag_by_id,                                   16243,     830,       0,       0,     0.4,     0.4,     0.6,     1.6,     6.6,     6.6,   22.0,  0.02637,      0,      0,       0,       0,       0,       0
t1.select_tag_by_id,                                   15996,     649,     327,     327,     0.5,     0.4,     0.7,     2.0,     9.0,     9.0,   22.0,  0.02637,      0,      0,       0,       0,       0,       0
t1.update_tag_properties,                              16090,     739,       0,       0,     0.4,     0.4,     0.6,     1.4,     6.9,     6.9,   22.0,  0.02637,      0,      0,       0,       0,       0,       0
total,                                                 48329,    2218,     327,     327,     0.4,     0.4,     0.6,     1.6,     6.6,     9.0,   22.0,  0.02637,      0,      0,       0,       0,       0,       0
t1.delete_tag_by_id,                                   17124,     881,       0,       0,     0.4,     0.3,     0.5,     1.0,     4.5,     4.5,   23.0,  0.02596,      0,      0,       0,       0,       0,       0
t1.select_tag_by_id,                                   16677,     681,     329,     329,     0.4,     0.4,     0.6,     2.6,     8.9,     8.9,   23.0,  0.02596,      0,      0,       0,       0,       0,       0
t1.update_tag_properties,                              16926,     836,       0,       0,     0.4,     0.4,     0.6,     1.4,     9.8,     9.8,   23.0,  0.02596,      0,      0,       0,       0,       0,       0
total,                                                 50727,    2398,     329,     329,     0.4,     0.4,     0.5,     1.4,     8.9,     9.8,   23.0,  0.02596,      0,      0,       0,       0,       0,       0
t1.delete_tag_by_id,                                   17770,     646,       0,       0,     0.4,     0.4,     0.6,     1.8,     6.6,     6.6,   24.0,  0.02487,      0,      0,       0,       0,       0,       0
t1.select_tag_by_id,                                   17355,     678,     338,     338,     0.6,     0.4,     0.7,     2.0,   113.4,   113.4,   24.0,  0.02487,      0,      0,       0,       0,       0,       0
t1.update_tag_properties,                              17491,     565,       0,       0,     0.5,     0.4,     0.7,     2.4,    16.7,    16.7,   24.0,  0.02487,      0,      0,       0,       0,       0,       0
total,                                                 52616,    1889,     338,     338,     0.5,     0.4,     0.7,     2.0,    16.7,   113.4,   24.0,  0.02487,      0,      0,       0,       0,       0,       0
t1.delete_tag_by_id,                                   18479,     709,       0,       0,     0.4,     0.4,     0.6,     1.2,     7.0,     7.0,   25.0,  0.02393,      0,      0,       0,       0,       0,       0
t1.select_tag_by_id,                                   18121,     766,     366,     366,     0.5,     0.4,     0.6,     1.2,     3.7,     3.7,   25.0,  0.02393,      0,      0,       0,       0,       0,       0
t1.update_tag_properties,                              18248,     757,       0,       0,     0.5,     0.4,     0.6,     1.4,     8.2,     8.2,   25.0,  0.02393,      0,      0,       0,       0,       0,       0
total,                                                 54848,    2232,     366,     366,     0.4,     0.4,     0.6,     1.3,     6.1,     8.2,   25.0,  0.02393,      0,      0,       0,       0,       0,       0
t1.delete_tag_by_id,                                   19143,     664,       0,       0,     0.4,     0.4,     0.6,     1.5,     6.2,     6.2,   26.0,  0.02338,      0,      0,       0,       0,       0,       0
t1.select_tag_by_id,                                   18781,     660,     336,     336,     0.5,     0.4,     0.7,     2.4,    18.1,    18.1,   26.0,  0.02338,      0,      0,       0,       0,       0,       0
t1.update_tag_properties,                              18950,     702,       0,       0,     0.5,     0.4,     0.7,     2.0,     5.0,     5.0,   26.0,  0.02338,      0,      0,       0,       0,       0,       0
total,                                                 56874,    2026,     336,     336,     0.5,     0.4,     0.7,     2.0,     7.7,    18.1,   26.0,  0.02338,      0,      0,       0,       0,       0,       0
t1.delete_tag_by_id,                                   19887,     744,       0,       0,     0.4,     0.4,     0.5,     1.1,     9.3,     9.3,   27.0,  0.02273,      0,      0,       0,       0,       0,       0
t1.select_tag_by_id,                                   19612,     831,     410,     410,     0.4,     0.4,     0.6,     1.3,     4.1,     4.1,   27.0,  0.02273,      0,      0,       0,       0,       0,       0
t1.update_tag_properties,                              19714,     764,       0,       0,     0.4,     0.4,     0.5,     1.3,    13.2,    13.2,   27.0,  0.02273,      0,      0,       0,       0,       0,       0
total,                                                 59213,    2339,     410,     410,     0.4,     0.4,     0.6,     1.2,     4.1,    13.2,   27.0,  0.02273,      0,      0,       0,       0,       0,       0
t1.delete_tag_by_id,                                   20561,     674,       0,       0,     0.4,     0.4,     0.6,     1.5,    11.7,    11.7,   28.0,  0.02208,      0,      0,       0,       0,       0,       0
t1.select_tag_by_id,                                   20371,     759,     409,     409,     0.5,     0.4,     0.6,     1.2,     6.4,     6.4,   28.0,  0.02208,      0,      0,       0,       0,       0,       0
t1.update_tag_properties,                              20430,     716,       0,       0,     0.5,     0.4,     0.6,     1.2,     5.4,     5.4,   28.0,  0.02208,      0,      0,       0,       0,       0,       0
total,                                                 61362,    2149,     409,     409,     0.5,     0.4,     0.6,     1.3,     5.4,    11.7,   28.0,  0.02208,      0,      0,       0,       0,       0,       0
t1.delete_tag_by_id,                                   21243,     682,       0,       0,     0.5,     0.4,     0.7,     2.9,     9.9,     9.9,   29.0,  0.02348,      0,      0,       0,       0,       0,       0
t1.select_tag_by_id,                                   21006,     635,     273,     273,     0.5,     0.5,     0.7,     1.4,     7.7,     7.7,   29.0,  0.02348,      0,      0,       0,       0,       0,       0
t1.update_tag_properties,                              21039,     609,       0,       0,     0.5,     0.5,     0.7,     1.6,     6.7,     6.7,   29.0,  0.02348,      0,      0,       0,       0,       0,       0
total,                                                 63288,    1926,     273,     273,     0.5,     0.5,     0.7,     1.7,     7.7,     9.9,   29.0,  0.02348,      0,      0,       0,       0,       0,       0
t1.delete_tag_by_id,                                   22013,     770,       0,       0,     0.4,     0.4,     0.5,     1.1,    12.0,    12.0,   30.0,  0.02285,      0,      0,       0,       0,       0,       0
t1.select_tag_by_id,                                   21773,     767,     408,     408,     0.4,     0.4,     0.6,     1.3,     4.4,     4.4,   30.0,  0.02285,      0,      0,       0,       0,       0,       0
t1.update_tag_properties,                              21798,     759,       0,       0,     0.5,     0.4,     0.6,     1.8,     5.9,     5.9,   30.0,  0.02285,      0,      0,       0,       0,       0,       0
total,                                                 65584,    2296,     408,     408,     0.4,     0.4,     0.6,     1.3,     4.4,    12.0,   30.0,  0.02285,      0,      0,       0,       0,       0,       0
t1.delete_tag_by_id,                                   22653,     640,       0,       0,     0.5,     0.4,     0.6,     1.7,     6.6,     6.6,   31.0,  0.02240,      0,      0,       0,       0,       0,       0
t1.select_tag_by_id,                                   22419,     646,     337,     337,     0.5,     0.5,     0.7,     2.1,     9.5,     9.5,   31.0,  0.02240,      0,      0,       0,       0,       0,       0
t1.update_tag_properties,                              22416,     618,       0,       0,     0.5,     0.5,     0.7,     1.9,     7.4,     7.4,   31.0,  0.02240,      0,      0,       0,       0,       0,       0
total,                                                 67488,    1904,     337,     337,     0.5,     0.5,     0.7,     1.9,     7.4,     9.5,   31.0,  0.02240,      0,      0,       0,       0,       0,       0
t1.delete_tag_by_id,                                   23469,     816,       0,       0,     0.4,     0.4,     0.5,     1.1,     3.7,     3.7,   32.0,  0.02170,      0,      0,       0,       0,       0,       0
t1.select_tag_by_id,                                   23188,     769,     375,     375,     0.5,     0.4,     0.6,     1.7,     7.4,     7.4,   32.0,  0.02170,      0,      0,       0,       0,       0,       0
t1.update_tag_properties,                              23168,     752,       0,       0,     0.4,     0.4,     0.6,     1.4,     5.6,     5.6,   32.0,  0.02170,      0,      0,       0,       0,       0,       0
total,                                                 69825,    2337,     375,     375,     0.4,     0.4,     0.6,     1.4,     6.6,     7.4,   32.0,  0.02170,      0,      0,       0,       0,       0,       0
t1.delete_tag_by_id,                                   24116,     647,       0,       0,     0.5,     0.4,     0.6,     3.6,    11.4,    11.4,   33.0,  0.02110,      0,      0,       0,       0,       0,       0
t1.select_tag_by_id,                                   23981,     793,     397,     397,     0.5,     0.4,     0.6,     1.5,    12.7,    12.7,   33.0,  0.02110,      0,      0,       0,       0,       0,       0
t1.update_tag_properties,                              23881,     713,       0,       0,     0.4,     0.4,     0.7,     1.5,     9.7,     9.7,   33.0,  0.02110,      0,      0,       0,       0,       0,       0
total,                                                 71978,    2153,     397,     397,     0.5,     0.4,     0.6,     1.6,    10.6,    12.7,   33.0,  0.02110,      0,      0,       0,       0,       0,       0
t1.delete_tag_by_id,                                   24889,     773,       0,       0,     0.4,     0.4,     0.5,     1.0,     4.8,     4.8,   34.0,  0.02109,      0,      0,       0,       0,       0,       0
t1.select_tag_by_id,                                   24627,     646,     314,     314,     0.5,     0.4,     0.8,     3.1,    10.8,    10.8,   34.0,  0.02109,      0,      0,       0,       0,       0,       0
t1.update_tag_properties,                              24568,     687,       0,       0,     0.5,     0.4,     0.7,     1.8,     9.7,     9.7,   34.0,  0.02109,      0,      0,       0,       0,       0,       0
total,                                                 74084,    2106,     314,     314,     0.5,     0.4,     0.6,     1.7,     9.7,    10.8,   34.0,  0.02109,      0,      0,       0,       0,       0,       0
t1.delete_tag_by_id,                                   25544,     655,       0,       0,     0.4,     0.4,     0.6,     1.5,     6.0,     6.0,   35.0,  0.02049,      0,      0,       0,       0,       0,       0
t1.select_tag_by_id,                                   25394,     767,     370,     370,     0.5,     0.4,     0.7,     1.3,     5.6,     5.6,   35.0,  0.02049,      0,      0,       0,       0,       0,       0
t1.update_tag_properties,                              25331,     763,       0,       0,     0.5,     0.4,     0.6,     1.2,    11.1,    11.1,   35.0,  0.02049,      0,      0,       0,       0,       0,       0
total,                                                 76269,    2185,     370,     370,     0.5,     0.4,     0.6,     1.3,     6.0,    11.1,   35.0,  0.02049,      0,      0,       0,       0,       0,       0
t1.delete_tag_by_id,                                   26306,     762,       0,       0,     0.4,     0.4,     0.5,     1.6,    10.8,    10.8,   36.0,  0.02003,      0,      0,       0,       0,       0,       0
t1.select_tag_by_id,                                   26181,     787,     406,     406,     0.5,     0.4,     0.7,     1.5,    12.9,    12.9,   36.0,  0.02003,      0,      0,       0,       0,       0,       0
t1.update_tag_properties,                              26048,     717,       0,       0,     0.4,     0.4,     0.6,     1.4,    10.0,    10.0,   36.0,  0.02003,      0,      0,       0,       0,       0,       0
total,                                                 78535,    2266,     406,     406,     0.4,     0.4,     0.6,     1.5,    10.2,    12.9,   36.0,  0.02003,      0,      0,       0,       0,       0,       0
t1.delete_tag_by_id,                                   27105,     799,       0,       0,     0.4,     0.4,     0.5,     0.8,     2.3,     2.3,   37.0,  0.01949,      0,      0,       0,       0,       0,       0
t1.select_tag_by_id,                                   26958,     777,     374,     374,     0.4,     0.4,     0.6,     1.4,    14.5,    14.5,   37.0,  0.01949,      0,      0,       0,       0,       0,       0
t1.update_tag_properties,                              26820,     772,       0,       0,     0.4,     0.4,     0.6,     1.3,    11.7,    11.7,   37.0,  0.01949,      0,      0,       0,       0,       0,       0
total,                                                 80883,    2348,     374,     374,     0.4,     0.4,     0.5,     1.3,     2.6,    14.5,   37.0,  0.01949,      0,      0,       0,       0,       0,       0
t1.delete_tag_by_id,                                   27763,     658,       0,       0,     0.4,     0.4,     0.6,     1.8,     4.1,     4.1,   38.0,  0.01909,      0,      0,       0,       0,       0,       0
t1.select_tag_by_id,                                   27679,     721,     346,     346,     0.5,     0.4,     0.6,     2.2,    16.6,    16.6,   38.0,  0.01909,      0,      0,       0,       0,       0,       0
t1.update_tag_properties,                              27614,     794,       0,       0,     0.4,     0.4,     0.6,     1.5,     2.7,     2.7,   38.0,  0.01909,      0,      0,       0,       0,       0,       0
total,                                                 83056,    2173,     346,     346,     0.5,     0.4,     0.6,     1.8,     4.1,    16.6,   38.0,  0.01909,      0,      0,       0,       0,       0,       0
t1.delete_tag_by_id,                                   28439,     676,       0,       0,     0.4,     0.4,     0.6,     1.3,     3.2,     3.2,   39.0,  0.01859,      0,      0,       0,       0,       0,       0
t1.select_tag_by_id,                                   28387,     708,     375,     375,     0.5,     0.4,     0.6,     1.4,     3.7,     3.7,   39.0,  0.01859,      0,      0,       0,       0,       0,       0
t1.update_tag_properties,                              28431,     817,       0,       0,     0.5,     0.4,     0.6,     1.4,    10.7,    10.7,   39.0,  0.01859,      0,      0,       0,       0,       0,       0
total,                                                 85257,    2201,     375,     375,     0.4,     0.4,     0.6,     1.4,     4.1,    10.7,   39.0,  0.01859,      0,      0,       0,       0,       0,       0
t1.delete_tag_by_id,                                   29118,     679,       0,       0,     0.4,     0.4,     0.5,     1.0,     2.7,     2.7,   40.0,  0.01814,      0,      0,       0,       0,       0,       0
t1.select_tag_by_id,                                   29169,     782,     387,     387,     0.4,     0.4,     0.6,     1.5,     4.9,     4.9,   40.0,  0.01814,      0,      0,       0,       0,       0,       0
t1.update_tag_properties,                              29272,     841,       0,       0,     0.5,     0.4,     0.7,     1.9,    10.5,    10.5,   40.0,  0.01814,      0,      0,       0,       0,       0,       0
total,                                                 87559,    2302,     387,     387,     0.4,     0.4,     0.6,     1.4,     5.7,    10.5,   40.0,  0.01814,      0,      0,       0,       0,       0,       0
t1.delete_tag_by_id,                                   29813,     695,       0,       0,     0.5,     0.4,     0.7,     2.9,     9.6,     9.6,   41.0,  0.01807,      0,      0,       0,       0,       0,       0
t1.select_tag_by_id,                                   29809,     640,     319,     319,     0.5,     0.5,     0.7,     1.4,     4.9,     4.9,   41.0,  0.01807,      0,      0,       0,       0,       0,       0
t1.update_tag_properties,                              29941,     669,       0,       0,     0.5,     0.4,     0.6,     1.4,    15.0,    15.0,   41.0,  0.01807,      0,      0,       0,       0,       0,       0
total,                                                 89563,    2004,     319,     319,     0.5,     0.4,     0.7,     1.6,     9.6,    15.0,   41.0,  0.01807,      0,      0,       0,       0,       0,       0
t1.delete_tag_by_id,                                   30450,     637,       0,       0,     0.5,     0.4,     0.6,     1.3,     7.4,     7.4,   42.0,  0.01801,      0,      0,       0,       0,       0,       0
t1.select_tag_by_id,                                   30459,     650,     318,     318,     0.5,     0.4,     0.7,     1.7,    13.2,    13.2,   42.0,  0.01801,      0,      0,       0,       0,       0,       0
t1.update_tag_properties,                              30675,     734,       0,       0,     0.5,     0.4,     0.6,     1.4,     8.0,     8.0,   42.0,  0.01801,      0,      0,       0,       0,       0,       0
total,                                                 91584,    2021,     318,     318,     0.5,     0.4,     0.6,     1.4,     7.4,    13.2,   42.0,  0.01801,      0,      0,       0,       0,       0,       0
t1.delete_tag_by_id,                                   31095,     645,       0,       0,     0.5,     0.4,     0.7,     1.7,     9.0,     9.0,   43.0,  0.01848,      0,      0,       0,       0,       0,       0
t1.select_tag_by_id,                                   31070,     611,     284,     284,     0.5,     0.4,     0.8,     2.5,    11.7,    11.7,   43.0,  0.01848,      0,      0,       0,       0,       0,       0
t1.update_tag_properties,                              31320,     645,       0,       0,     0.6,     0.4,     0.9,     5.1,    12.1,    12.1,   43.0,  0.01848,      0,      0,       0,       0,       0,       0
total,                                                 93485,    1901,     284,     284,     0.5,     0.4,     0.8,     2.7,    11.8,    12.1,   43.0,  0.01848,      0,      0,       0,       0,       0,       0
t1.delete_tag_by_id,                                   31712,     617,       0,       0,     0.5,     0.4,     0.7,     1.9,     6.6,     6.6,   44.0,  0.01850,      0,      0,       0,       0,       0,       0
t1.select_tag_by_id,                                   31746,     676,     307,     307,     0.6,     0.5,     0.7,     2.6,    12.0,    12.0,   44.0,  0.01850,      0,      0,       0,       0,       0,       0
t1.update_tag_properties,                              31962,     642,       0,       0,     0.5,     0.5,     0.6,     1.4,     2.4,     2.4,   44.0,  0.01850,      0,      0,       0,       0,       0,       0
total,                                                 95420,    1935,     307,     307,     0.5,     0.4,     0.7,     1.8,    11.3,    12.0,   44.0,  0.01850,      0,      0,       0,       0,       0,       0
t1.delete_tag_by_id,                                   32408,     696,       0,       0,     0.5,     0.4,     0.6,     1.7,    10.8,    10.8,   45.0,  0.01833,      0,      0,       0,       0,       0,       0
t1.select_tag_by_id,                                   32389,     643,     322,     322,     0.5,     0.4,     0.6,     1.5,     6.7,     6.7,   45.0,  0.01833,      0,      0,       0,       0,       0,       0
t1.update_tag_properties,                              32733,     771,       0,       0,     0.5,     0.4,     0.7,     1.4,     4.9,     4.9,   45.0,  0.01833,      0,      0,       0,       0,       0,       0
total,                                                 97530,    2110,     322,     322,     0.5,     0.4,     0.6,     1.4,     5.4,    10.8,   45.0,  0.01833,      0,      0,       0,       0,       0,       0
t1.delete_tag_by_id,                                   33013,     605,       0,       0,     0.5,     0.4,     0.6,     1.5,     4.3,     4.3,   46.0,  0.01882,      0,      0,       0,       0,       0,       0
t1.select_tag_by_id,                                   32930,     541,     273,     273,     0.6,     0.5,     0.7,     4.9,    16.3,    16.3,   46.0,  0.01882,      0,      0,       0,       0,       0,       0
t1.update_tag_properties,                              33497,     764,       0,       0,     0.5,     0.4,     0.7,     2.1,     9.5,     9.5,   46.0,  0.01882,      0,      0,       0,       0,       0,       0
total,                                                 99440,    1910,     273,     273,     0.5,     0.4,     0.7,     2.1,     9.5,    16.3,   46.0,  0.01882,      0,      0,       0,       0,       0,       0
t1.delete_tag_by_id,                                   33199,     673,       0,       0,     0.5,     0.4,     0.6,     1.5,     4.4,     4.4,   46.3,  0.01844,      0,      0,       0,       0,       0,       0
t1.select_tag_by_id,                                   33137,     749,     351,     351,     0.5,     0.5,     0.8,     1.5,     4.4,     4.4,   46.3,  0.01844,      0,      0,       0,       0,       0,       0
t1.update_tag_properties,                              33664,     604,       0,       0,     0.5,     0.4,     0.7,     1.4,     1.4,     1.4,   46.3,  0.01844,      0,      0,       0,       0,       0,       0
total,                                                100000,    2026,     351,     351,     0.5,     0.4,     0.7,     1.5,     4.4,     4.4,   46.3,  0.01844,      0,      0,       0,       0,       0,       0


Results:
Op rate                   :    2,161 op/s  [t1.delete_tag_by_id: 717 op/s, t1.select_tag_by_id: 716 op/s, t1.update_tag_properties: 727 op/s]
Partition rate            :      362 pk/s  [t1.delete_tag_by_id: 0 pk/s, t1.select_tag_by_id: 362 pk/s, t1.update_tag_properties: 0 pk/s]
Row rate                  :      362 row/s [t1.delete_tag_by_id: 0 row/s, t1.select_tag_by_id: 362 row/s, t1.update_tag_properties: 0 row/s]
Latency mean              :    0.5 ms [t1.delete_tag_by_id: 0.4 ms, t1.select_tag_by_id: 0.5 ms, t1.update_tag_properties: 0.5 ms]
Latency median            :    0.4 ms [t1.delete_tag_by_id: 0.4 ms, t1.select_tag_by_id: 0.4 ms, t1.update_tag_properties: 0.4 ms]
Latency 95th percentile   :    0.6 ms [t1.delete_tag_by_id: 0.6 ms, t1.select_tag_by_id: 0.7 ms, t1.update_tag_properties: 0.6 ms]
Latency 99th percentile   :    1.5 ms [t1.delete_tag_by_id: 1.4 ms, t1.select_tag_by_id: 1.6 ms, t1.update_tag_properties: 1.5 ms]
Latency 99.9th percentile :    8.0 ms [t1.delete_tag_by_id: 7.4 ms, t1.select_tag_by_id: 9.2 ms, t1.update_tag_properties: 6.9 ms]
Latency max               :  113.4 ms [t1.delete_tag_by_id: 16.1 ms, t1.select_tag_by_id: 113.4 ms, t1.update_tag_properties: 16.7 ms]
Total partitions          :     16,756 [t1.delete_tag_by_id: 0, t1.select_tag_by_id: 16,756, t1.update_tag_properties: 0]
Total errors              :          0 [t1.delete_tag_by_id: 0, t1.select_tag_by_id: 0, t1.update_tag_properties: 0]
Total GC count            : 0
Total GC memory           : 0.000 KiB
Total GC time             :    0.0 seconds
Avg GC time               :    NaN ms
StdDev GC time            :    0.0 ms
Total operation time      : 00:00:46

END
