******************** Stress Settings ********************
Command:
  Type: user
  Count: 10,000
  No Warmup: false
  Consistency Level: LOCAL_ONE
  Target Uncertainty: not applicable
  Command Ratios: {t1.select_tag_by_id=1.0, t1.update_tag_properties=1.0, t1.delete_tag_by_id=1.0}
  Command Clustering Distribution: clustering=gaussian(1..10)
  Profile File(s): t1_tags.yaml
Rate:
  Auto: false
  Thread Count: 1
  OpsPer Sec: 0
Population:
  Distribution: Gaussian:  min=1,max=10000,mean=5000.500000,stdev=1666.500000
  Order: ARBITRARY
  Wrap: false
Insert:
  Revisits: Uniform:  min=1,max=1000000
  Visits: Fixed:  key=1
  Row Population Ratio: Ratio: divisor=1.000000;delegate=Fixed:  key=1
  Batch Type: not batching
Errors:
  Ignore: false
  Tries: 10
Log:
  No Summary: false
  No Settings: false
  File: tags_10K_MIXED_1_threads.log
  Interval Millis: 1000
  Level: NORMAL
Mode:
  API: JAVA_DRIVER_NATIVE
  Connection Style: CQL_PREPARED
  CQL Version: CQL3
  Protocol Version: V5
  Username: null
  Password: null
  Auth Provide Class: null
  Max Pending Per Connection: 128
  Connections Per Host: 8
  Compression: NONE
Node:
  Nodes: [localhost]
  Is White List: false
  Datacenter: null
Schema:
  Keyspace: null
  Replication Strategy: org.apache.cassandra.locator.SimpleStrategy
  Replication Strategy Options: {replication_factor=1}
  Table Compression: null
  Table Compaction Strategy: null
  Table Compaction Strategy Options: {}
Transport:
  truststore=null; truststore-password=null; keystore=null; keystore-password=null; ssl-protocol=TLS; ssl-alg=null; ssl-ciphers=TLS_RSA_WITH_AES_128_CBC_SHA,TLS_RSA_WITH_AES_256_CBC_SHA; 
Port:
  Native Port: 9042
  JMX Port: 7199
Graph:
  File: tags_10K_threads_1_MIXED.html
  Revision: tags_MIXED
  Title: NVO_Cassandra_POC_tags_Table_10K_Records_1_Threads
  Operation: USER
TokenRange:
  Wrap: false
  Split Factor: 1

******************** Profile(s) ********************
  Keyspace Name: tagging
  Keyspace CQL: 
***
CREATE KEYSPACE IF NOT EXISTS tagging WITH replication = {'class': 'SimpleStrategy', 'replication_factor': 1};
***

  Table Name: tags
  Table CQL: 
***
CREATE TABLE IF NOT EXISTS tags (
  id uuid PRIMARY KEY,
  owner_id int,
  name text,
  description text,
  properties text
);
***

  Extra Schema Definitions: null
  Generator Configs:
    owner_id: Size: Gaussian:  min=5,max=10,mean=7.500000,stdev=0.833333;Identity: Uniform:  min=1,max=1000000;
    name: Size: Uniform:  min=5,max=200;
    description: Size: Uniform:  min=10,max=100;
    id: Size: Gaussian:  min=5,max=10,mean=7.500000,stdev=0.833333;Identity: Uniform:  min=1,max=10000000;
    properties: Size: Uniform:  min=10,max=50;
  Query Definitions:
    select_tag_by_id: CQL:SELECT * FROM tags WHERE id = ?;Fields:samerow;
    update_tag_properties: CQL:UPDATE tags SET properties = ? WHERE id = ?;Fields:samerow;
    delete_tag_by_id: CQL:DELETE FROM tags WHERE id = ?;Fields:samerow;
    insert_tag: CQL:INSERT INTO tags (id, owner_id, name, description, properties) VALUES (?, ?, ?, ?, ?);Fields:samerow;
  Token Range Queries:
  Insert Settings:
    partitions: fixed(1)
    select: fixed(1)/500
    batchtype: UNLOGGED
Generating batches with [1..1] partitions and [0..0] rows (of [1..1] total rows in the partitions)

Sleeping 2s...
Warming up t1.select_tag_by_id with 2500 iterations...
Warming up t1.update_tag_properties with 2500 iterations...
Warming up t1.delete_tag_by_id with 2500 iterations...
Running [t1.select_tag_by_id, t1.update_tag_properties, t1.delete_tag_by_id] with 1 threads for 10000 iteration
type                                               total ops,    op/s,    pk/s,   row/s,    mean,     med,     .95,     .99,    .999,     max,   time,   stderr, errors,  gc: #,  max ms,  sum ms,  sdv ms,      mb
t1.delete_tag_by_id,                                     411,     411,       0,       0,     0.6,     0.5,     1.1,     4.8,    10.2,    10.2,    1.0,  0.00000,      0,      0,       0,       0,       0,       0
t1.select_tag_by_id,                                     438,     438,     223,     223,     0.8,     0.6,     1.4,     3.9,     9.4,     9.4,    1.0,  0.00000,      0,      0,       0,       0,       0,       0
t1.update_tag_properties,                                404,     404,       0,       0,     0.6,     0.5,     1.3,     3.7,     4.5,     4.5,    1.0,  0.00000,      0,      0,       0,       0,       0,       0
total,                                                  1253,    1253,     223,     223,     0.7,     0.5,     1.3,     4.3,     9.6,    10.2,    1.0,  0.00000,      0,      0,       0,       0,       0,       0
t1.delete_tag_by_id,                                     887,     476,       0,       0,     0.6,     0.4,     1.3,     3.0,     7.3,     7.3,    2.0,  0.03629,      0,      0,       0,       0,       0,       0
t1.select_tag_by_id,                                     921,     483,     244,     244,     0.8,     0.6,     1.5,     7.1,    22.7,    22.7,    2.0,  0.03629,      0,      0,       0,       0,       0,       0
t1.update_tag_properties,                                916,     512,       0,       0,     0.6,     0.5,     0.9,     3.8,     7.1,     7.1,    2.0,  0.03629,      0,      0,       0,       0,       0,       0
total,                                                  2724,    1471,     244,     244,     0.7,     0.5,     1.2,     4.3,    16.1,    22.7,    2.0,  0.03629,      0,      0,       0,       0,       0,       0
t1.delete_tag_by_id,                                    1327,     440,       0,       0,     0.5,     0.4,     0.9,     2.7,     6.6,     6.6,    3.0,  0.02441,      0,      0,       0,       0,       0,       0
t1.select_tag_by_id,                                    1391,     470,     238,     238,     0.8,     0.6,     2.0,     5.8,     9.8,     9.8,    3.0,  0.02441,      0,      0,       0,       0,       0,       0
t1.update_tag_properties,                               1369,     453,       0,       0,     0.8,     0.5,     1.9,     7.4,    12.6,    12.6,    3.0,  0.02441,      0,      0,       0,       0,       0,       0
total,                                                  4087,    1363,     238,     238,     0.7,     0.5,     1.7,     5.6,     9.8,    12.6,    3.0,  0.02441,      0,      0,       0,       0,       0,       0
t1.delete_tag_by_id,                                    1939,     612,       0,       0,     0.5,     0.4,     1.1,     2.9,     8.5,     8.5,    4.0,  0.04858,      0,      0,       0,       0,       0,       0
t1.select_tag_by_id,                                    1918,     527,     288,     288,     0.7,     0.6,     1.3,     3.0,    11.9,    11.9,    4.0,  0.04858,      0,      0,       0,       0,       0,       0
t1.update_tag_properties,                               1911,     542,       0,       0,     0.5,     0.5,     1.0,     2.2,     5.4,     5.4,    4.0,  0.04858,      0,      0,       0,       0,       0,       0
total,                                                  5768,    1681,     288,     288,     0.6,     0.5,     1.1,     2.8,    10.3,    11.9,    4.0,  0.04858,      0,      0,       0,       0,       0,       0
t1.delete_tag_by_id,                                    2525,     586,       0,       0,     0.5,     0.4,     0.7,     2.7,    13.7,    13.7,    5.0,  0.04188,      0,      0,       0,       0,       0,       0
t1.select_tag_by_id,                                    2475,     557,     273,     273,     0.8,     0.6,     1.6,     5.0,     8.6,     8.6,    5.0,  0.04188,      0,      0,       0,       0,       0,       0
t1.update_tag_properties,                               2427,     516,       0,       0,     0.5,     0.4,     0.8,     1.7,     3.9,     3.9,    5.0,  0.04188,      0,      0,       0,       0,       0,       0
total,                                                  7427,    1659,     273,     273,     0.6,     0.5,     1.1,     4.4,    12.9,    13.7,    5.0,  0.04188,      0,      0,       0,       0,       0,       0
t1.delete_tag_by_id,                                    2984,     459,       0,       0,     0.5,     0.4,     1.0,     1.9,     8.8,     8.8,    6.0,  0.03531,      0,      0,       0,       0,       0,       0
t1.select_tag_by_id,                                    2939,     464,     244,     244,     0.8,     0.5,     1.6,     5.5,    23.1,    23.1,    6.0,  0.03531,      0,      0,       0,       0,       0,       0
t1.update_tag_properties,                               3095,     668,       0,       0,     0.6,     0.4,     1.2,     4.2,    10.8,    10.8,    6.0,  0.03531,      0,      0,       0,       0,       0,       0
total,                                                  9018,    1591,     244,     244,     0.6,     0.4,     1.3,     4.1,    13.8,    23.1,    6.0,  0.03531,      0,      0,       0,       0,       0,       0
t1.delete_tag_by_id,                                    3276,     510,       0,       0,     0.5,     0.4,     0.8,     2.2,     3.6,     3.6,    6.6,  0.05858,      0,      0,       0,       0,       0,       0
t1.select_tag_by_id,                                    3327,     677,     353,     353,     0.7,     0.5,     1.5,     4.9,    12.1,    12.1,    6.6,  0.05858,      0,      0,       0,       0,       0,       0
t1.update_tag_properties,                               3397,     527,       0,       0,     0.5,     0.4,     0.6,     3.4,    10.4,    10.4,    6.6,  0.05858,      0,      0,       0,       0,       0,       0
total,                                                 10000,    1714,     353,     353,     0.6,     0.5,     1.0,     3.6,    12.1,    12.1,    6.6,  0.05858,      0,      0,       0,       0,       0,       0


Results:
Op rate                   :    1,521 op/s  [t1.delete_tag_by_id: 498 op/s, t1.select_tag_by_id: 506 op/s, t1.update_tag_properties: 517 op/s]
Partition rate            :      260 pk/s  [t1.delete_tag_by_id: 0 pk/s, t1.select_tag_by_id: 260 pk/s, t1.update_tag_properties: 0 pk/s]
Row rate                  :      260 row/s [t1.delete_tag_by_id: 0 row/s, t1.select_tag_by_id: 260 row/s, t1.update_tag_properties: 0 row/s]
Latency mean              :    0.6 ms [t1.delete_tag_by_id: 0.5 ms, t1.select_tag_by_id: 0.8 ms, t1.update_tag_properties: 0.6 ms]
Latency median            :    0.5 ms [t1.delete_tag_by_id: 0.4 ms, t1.select_tag_by_id: 0.6 ms, t1.update_tag_properties: 0.5 ms]
Latency 95th percentile   :    1.2 ms [t1.delete_tag_by_id: 1.0 ms, t1.select_tag_by_id: 1.5 ms, t1.update_tag_properties: 1.1 ms]
Latency 99th percentile   :    4.1 ms [t1.delete_tag_by_id: 2.9 ms, t1.select_tag_by_id: 5.3 ms, t1.update_tag_properties: 4.0 ms]
Latency 99.9th percentile :   10.9 ms [t1.delete_tag_by_id: 10.2 ms, t1.select_tag_by_id: 13.8 ms, t1.update_tag_properties: 9.3 ms]
Latency max               :   23.1 ms [t1.delete_tag_by_id: 13.7 ms, t1.select_tag_by_id: 23.1 ms, t1.update_tag_properties: 12.6 ms]
Total partitions          :      1,712 [t1.delete_tag_by_id: 0, t1.select_tag_by_id: 1,712, t1.update_tag_properties: 0]
Total errors              :          0 [t1.delete_tag_by_id: 0, t1.select_tag_by_id: 0, t1.update_tag_properties: 0]
Total GC count            : 0
Total GC memory           : 0.000 KiB
Total GC time             :    0.0 seconds
Avg GC time               :    NaN ms
StdDev GC time            :    0.0 ms
Total operation time      : 00:00:06

END
