******************** Stress Settings ********************
Command:
  Type: user
  Count: 1,000,000
  No Warmup: false
  Consistency Level: LOCAL_ONE
  Target Uncertainty: not applicable
  Command Ratios: {t1.insert=1.0}
  Command Clustering Distribution: clustering=gaussian(1..10)
  Profile File(s): t1_tags.yaml
Rate:
  Auto: false
  Thread Count: 5
  OpsPer Sec: 0
Population:
  Distribution: Gaussian:  min=1,max=1000000,mean=500000.500000,stdev=166666.500000
  Order: ARBITRARY
  Wrap: false
Insert:
  Revisits: Uniform:  min=1,max=1000000
  Visits: Fixed:  key=1
  Row Population Ratio: Ratio: divisor=1.000000;delegate=Fixed:  key=1
  Batch Type: not batching
Errors:
  Ignore: false
  Tries: 10
Log:
  No Summary: false
  No Settings: false
  File: tags_1M_write_5_threads.log
  Interval Millis: 1000
  Level: NORMAL
Mode:
  API: JAVA_DRIVER_NATIVE
  Connection Style: CQL_PREPARED
  CQL Version: CQL3
  Protocol Version: V5
  Username: null
  Password: null
  Auth Provide Class: null
  Max Pending Per Connection: 128
  Connections Per Host: 8
  Compression: NONE
Node:
  Nodes: [localhost]
  Is White List: false
  Datacenter: null
Schema:
  Keyspace: null
  Replication Strategy: org.apache.cassandra.locator.SimpleStrategy
  Replication Strategy Options: {replication_factor=1}
  Table Compression: null
  Table Compaction Strategy: null
  Table Compaction Strategy Options: {}
Transport:
  truststore=null; truststore-password=null; keystore=null; keystore-password=null; ssl-protocol=TLS; ssl-alg=null; ssl-ciphers=TLS_RSA_WITH_AES_128_CBC_SHA,TLS_RSA_WITH_AES_256_CBC_SHA; 
Port:
  Native Port: 9042
  JMX Port: 7199
Graph:
  File: tags_1M_threads_5_MIXED.html
  Revision: Load
  Title: NVO_Cassandra_POC_tags_Table_1M_Records_5_Threads
  Operation: USER
TokenRange:
  Wrap: false
  Split Factor: 1

******************** Profile(s) ********************
  Keyspace Name: tagging
  Keyspace CQL: 
***
CREATE KEYSPACE IF NOT EXISTS tagging WITH replication = {'class': 'SimpleStrategy', 'replication_factor': 1};
***

  Table Name: tags
  Table CQL: 
***
CREATE TABLE IF NOT EXISTS tags (
  id uuid PRIMARY KEY,
  owner_id int,
  name text,
  description text,
  properties text
);
***

  Extra Schema Definitions: null
  Generator Configs:
    owner_id: Size: Gaussian:  min=5,max=10,mean=7.500000,stdev=0.833333;Identity: Uniform:  min=1,max=1000000;
    name: Size: Uniform:  min=5,max=200;
    description: Size: Uniform:  min=10,max=100;
    id: Size: Gaussian:  min=5,max=10,mean=7.500000,stdev=0.833333;Identity: Uniform:  min=1,max=10000000;
    properties: Size: Uniform:  min=10,max=50;
  Query Definitions:
    select_tag_by_id: CQL:SELECT * FROM tags WHERE id = ?;Fields:samerow;
    update_tag_properties: CQL:UPDATE tags SET properties = ? WHERE id = ?;Fields:samerow;
    delete_tag_by_id: CQL:DELETE FROM tags WHERE id = ?;Fields:samerow;
    insert_tag: CQL:INSERT INTO tags (id, owner_id, name, description, properties) VALUES (?, ?, ?, ?, ?);Fields:samerow;
  Token Range Queries:
  Insert Settings:
    partitions: fixed(1)
    select: fixed(1)/500
    batchtype: UNLOGGED
Generating batches with [1..1] partitions and [0..0] rows (of [1..1] total rows in the partitions)

Sleeping 2s...
Warming up t1.insert with 50000 iterations...
Running [t1.insert] with 5 threads for 1000000 iteration
type                                               total ops,    op/s,    pk/s,   row/s,    mean,     med,     .95,     .99,    .999,     max,   time,   stderr, errors,  gc: #,  max ms,  sum ms,  sdv ms,      mb
total,                                                   715,     715,     715,     715,     1.2,     0.8,     2.4,     5.0,    24.2,    24.2,    1.0,  0.00000,      0,      0,       0,       0,       0,       0
total,                                                  5815,    5100,    5100,    5100,     1.0,     0.7,     2.2,     4.0,     8.3,     9.7,    2.0,  0.53095,      0,      0,       0,       0,       0,       0
total,                                                 10153,    4338,    4338,    4338,     1.1,     0.8,     2.9,     7.3,    13.8,    21.3,    3.0,  0.32499,      0,      0,       0,       0,       0,       0
total,                                                 15647,    5494,    5494,    5494,     0.9,     0.7,     1.9,     3.7,    11.9,    19.2,    4.0,  0.24127,      0,      0,       0,       0,       0,       0
total,                                                 20879,    5232,    5232,    5232,     0.9,     0.7,     2.2,     4.4,    10.1,    15.1,    5.0,  0.18941,      0,      0,       0,       0,       0,       0
total,                                                 26312,    5433,    5433,    5433,     0.9,     0.7,     2.1,     4.5,     9.6,    11.9,    6.0,  0.15641,      0,      0,       0,       0,       0,       0
total,                                                 31921,    5609,    5609,    5609,     0.9,     0.7,     1.9,     3.6,    15.9,    19.8,    7.0,  0.13381,      0,      0,       0,       0,       0,       0
total,                                                 35417,    3496,    3496,    3496,     1.0,     0.7,     2.6,     6.2,    14.1,    17.0,    8.0,  0.12381,      0,      0,       0,       0,       0,       0
total,                                                 39632,    4215,    4215,    4215,     1.5,     0.7,     1.9,     3.4,   527.2,   534.0,    9.0,  0.13724,      0,      0,       0,       0,       0,       0
total,                                                 44574,    4942,    4942,    4942,     1.0,     0.7,     2.3,     4.8,    12.2,    15.1,   10.0,  0.12349,      0,      0,       0,       0,       0,       0
total,                                                 49452,    4878,    4878,    4878,     1.0,     0.8,     2.3,     4.9,    10.6,    14.9,   11.0,  0.11238,      0,      0,       0,       0,       0,       0
total,                                                 54070,    4618,    4618,    4618,     1.1,     0.9,     2.4,     3.7,     7.0,    10.5,   12.0,  0.10373,      0,      0,       0,       0,       0,       0
total,                                                 57330,    3260,    3260,    3260,     1.5,     0.9,     4.2,    11.2,    61.4,    64.5,   13.0,  0.10059,      0,      0,       0,       0,       0,       0
total,                                                 63068,    5738,    5738,    5738,     0.9,     0.6,     2.0,     3.8,    10.7,    15.9,   14.0,  0.09308,      0,      0,       0,       0,       0,       0
total,                                                 68066,    4998,    4998,    4998,     1.0,     0.7,     2.4,     5.1,    14.6,    19.2,   15.0,  0.08671,      0,      0,       0,       0,       0,       0
total,                                                 74374,    6308,    6308,    6308,     0.8,     0.6,     1.6,     3.0,     9.1,    16.3,   16.0,  0.08175,      0,      0,       0,       0,       0,       0
total,                                                 79153,    4779,    4779,    4779,     1.0,     0.7,     2.9,     5.0,    10.4,    24.1,   17.0,  0.07707,      0,      0,       0,       0,       0,       0
total,                                                 84323,    5170,    5170,    5170,     1.0,     0.7,     2.2,     5.3,    11.5,    37.7,   18.0,  0.07261,      0,      0,       0,       0,       0,       0
total,                                                 89859,    5536,    5536,    5536,     0.9,     0.7,     1.9,     3.4,     8.6,    39.2,   19.0,  0.06866,      0,      0,       0,       0,       0,       0
total,                                                 92237,    2378,    2378,    2378,     2.1,     0.7,     2.1,     4.0,   553.1,   554.7,   20.0,  0.06511,      0,      0,       0,       0,       0,       0
total,                                                 97545,    5308,    5308,    5308,     0.9,     0.7,     2.0,     3.8,     8.9,    20.6,   21.0,  0.06189,      0,      0,       0,       0,       0,       0
total,                                                103174,    5629,    5629,    5629,     0.9,     0.7,     1.9,     3.1,     6.5,    11.2,   22.0,  0.05899,      0,      0,       0,       0,       0,       0
total,                                                108144,    4970,    4970,    4970,     1.0,     0.8,     2.3,     4.9,    11.8,    13.4,   23.0,  0.05648,      0,      0,       0,       0,       0,       0
total,                                                113595,    5451,    5451,    5451,     0.9,     0.7,     2.0,     4.0,    10.8,    15.0,   24.0,  0.05404,      0,      0,       0,       0,       0,       0
total,                                                118224,    4629,    4629,    4629,     1.1,     0.7,     2.7,     6.2,    12.9,    25.4,   25.0,  0.05213,      0,      0,       0,       0,       0,       0
total,                                                123784,    5560,    5560,    5560,     0.9,     0.7,     1.8,     3.3,    12.4,    45.7,   26.0,  0.05012,      0,      0,       0,       0,       0,       0
total,                                                128550,    4766,    4766,    4766,     1.0,     0.8,     2.4,     4.3,    10.1,    20.1,   27.0,  0.04841,      0,      0,       0,       0,       0,       0
total,                                                132136,    3586,    3586,    3586,     1.3,     0.7,     2.3,     6.8,   244.4,   248.4,   28.0,  0.04688,      0,      0,       0,       0,       0,       0
total,                                                137024,    4888,    4888,    4888,     1.1,     0.7,     2.4,     4.8,    95.7,   121.4,   29.0,  0.04522,      0,      0,       0,       0,       0,       0
total,                                                142136,    5112,    5112,    5112,     1.0,     0.7,     2.1,     4.7,    12.1,    14.1,   30.0,  0.04370,      0,      0,       0,       0,       0,       0
total,                                                147211,    5075,    5075,    5075,     0.9,     0.7,     1.9,     3.5,     7.9,    20.2,   31.0,  0.04229,      0,      0,       0,       0,       0,       0
total,                                                148264,    1053,    1053,    1053,     5.1,     0.8,     3.0,    12.3,   840.4,   843.6,   32.0,  0.04164,      0,      0,       0,       0,       0,       0
total,                                                154024,    5760,    5760,    5760,     0.9,     0.7,     1.9,     3.7,    10.8,    12.8,   33.0,  0.04039,      0,      0,       0,       0,       0,       0
total,                                                160196,    6172,    6172,    6172,     0.8,     0.7,     1.7,     2.7,     5.2,     9.6,   34.0,  0.03938,      0,      0,       0,       0,       0,       0
total,                                                165268,    5072,    5072,    5072,     1.0,     0.7,     2.3,     4.6,     7.9,    12.7,   35.0,  0.03828,      0,      0,       0,       0,       0,       0
total,                                                171037,    5769,    5769,    5769,     0.9,     0.7,     1.8,     3.3,     9.4,    11.3,   36.0,  0.03723,      0,      0,       0,       0,       0,       0
total,                                                174828,    3791,    3791,    3791,     1.3,     0.8,     3.8,     7.1,    22.9,    26.6,   37.0,  0.03714,      0,      0,       0,       0,       0,       0
total,                                                180203,    5375,    5375,    5375,     0.9,     0.7,     1.9,     4.1,    29.1,   160.4,   38.0,  0.03642,      0,      0,       0,       0,       0,       0
total,                                                185836,    5633,    5633,    5633,     0.8,     0.7,     1.8,     3.3,     9.9,    11.7,   39.0,  0.03547,      0,      0,       0,       0,       0,       0
total,                                                190924,    5088,    5088,    5088,     1.0,     0.7,     2.1,     5.2,    14.7,    50.8,   40.0,  0.03457,      0,      0,       0,       0,       0,       0
total,                                                196504,    5580,    5580,    5580,     0.9,     0.7,     1.9,     3.7,    14.9,    20.4,   41.0,  0.03372,      0,      0,       0,       0,       0,       0
total,                                                201573,    5069,    5069,    5069,     1.0,     0.7,     2.3,     4.7,    12.4,    14.8,   42.0,  0.03294,      0,      0,       0,       0,       0,       0
total,                                                203910,    2337,    2337,    2337,     0.9,     0.7,     1.8,     3.0,    13.6,    13.9,   43.0,  0.03503,      0,      0,       0,       0,       0,       0
total,                                                207920,    4010,    4010,    4010,     2.0,     0.7,     1.9,     3.7,   864.6,   869.3,   44.0,  0.10352,      0,      0,       0,       0,       0,       0
total,                                                213493,    5573,    5573,    5573,     0.9,     0.7,     2.0,     4.2,    10.1,    16.8,   45.0,  0.10126,      0,      0,       0,       0,       0,       0
total,                                                219522,    6029,    6029,    6029,     0.8,     0.7,     1.7,     2.7,     4.5,    10.2,   46.0,  0.09896,      0,      0,       0,       0,       0,       0
total,                                                224147,    4625,    4625,    4625,     1.1,     0.7,     2.7,     5.2,    19.6,    23.4,   47.0,  0.09730,      0,      0,       0,       0,       0,       0
total,                                                230145,    5998,    5998,    5998,     0.8,     0.7,     1.7,     3.0,     8.3,    12.5,   48.0,  0.09518,      0,      0,       0,       0,       0,       0
total,                                                235896,    5751,    5751,    5751,     0.9,     0.7,     1.9,     3.7,    10.7,    16.4,   49.0,  0.09321,      0,      0,       0,       0,       0,       0
total,                                                240192,    4296,    4296,    4296,     1.2,     0.7,     2.2,     4.9,   121.3,   130.4,   50.0,  0.09166,      0,      0,       0,       0,       0,       0
total,                                                244678,    4486,    4486,    4486,     1.1,     0.7,     2.1,     4.2,   128.5,   140.8,   51.0,  0.09005,      0,      0,       0,       0,       0,       0
total,                                                249670,    4992,    4992,    4992,     1.0,     0.7,     2.2,     4.6,    17.8,    27.2,   52.0,  0.08852,      0,      0,       0,       0,       0,       0
total,                                                254890,    5220,    5220,    5220,     0.9,     0.7,     2.0,     3.3,    11.4,    59.1,   53.0,  0.08691,      0,      0,       0,       0,       0,       0
total,                                                259824,    4934,    4934,    4934,     0.9,     0.7,     2.1,     3.5,     8.8,    11.1,   54.0,  0.08554,      0,      0,       0,       0,       0,       0
total,                                                261079,    1255,    1255,    1255,     4.4,     0.7,     1.7,     7.0,   883.4,   883.4,   55.0,  0.08412,      0,      0,       0,       0,       0,       0
total,                                                266664,    5585,    5585,    5585,     0.9,     0.7,     1.9,     3.3,    10.5,    11.0,   56.0,  0.08267,      0,      0,       0,       0,       0,       0
total,                                                271558,    4894,    4894,    4894,     1.0,     0.7,     2.4,     5.6,    10.3,    16.9,   57.0,  0.08146,      0,      0,       0,       0,       0,       0
total,                                                277322,    5764,    5764,    5764,     0.9,     0.7,     1.7,     3.0,     8.8,    24.4,   58.0,  0.08003,      0,      0,       0,       0,       0,       0
total,                                                282252,    4930,    4930,    4930,     1.0,     0.7,     2.3,     4.9,    11.0,   165.9,   59.0,  0.07865,      0,      0,       0,       0,       0,       0
total,                                                287940,    5688,    5688,    5688,     0.9,     0.7,     1.9,     3.3,     8.9,    18.6,   60.0,  0.07734,      0,      0,       0,       0,       0,       0
total,                                                293466,    5526,    5526,    5526,     0.9,     0.7,     2.0,     3.6,    10.2,    12.3,   61.0,  0.07611,      0,      0,       0,       0,       0,       0
total,                                                298414,    4948,    4948,    4948,     1.0,     0.7,     2.5,     5.4,    11.6,    19.4,   62.0,  0.07507,      0,      0,       0,       0,       0,       0
total,                                                304275,    5861,    5861,    5861,     0.8,     0.7,     1.8,     3.0,     6.2,     8.5,   63.0,  0.07386,      0,      0,       0,       0,       0,       0
total,                                                309377,    5102,    5102,    5102,     1.0,     0.7,     2.1,     4.5,    13.2,    14.1,   64.0,  0.07284,      0,      0,       0,       0,       0,       0
total,                                                315107,    5730,    5730,    5730,     0.9,     0.7,     1.8,     3.2,     7.5,    12.4,   65.0,  0.07171,      0,      0,       0,       0,       0,       0
total,                                                315930,     823,     823,     823,     5.9,     0.7,     1.9,     8.1,   828.4,   828.4,   66.0,  0.07086,      0,      0,       0,       0,       0,       0
total,                                                320950,    5020,    5020,    5020,     1.0,     0.7,     2.2,     4.2,    10.9,    75.8,   67.0,  0.06986,      0,      0,       0,       0,       0,       0
total,                                                327393,    6443,    6443,    6443,     0.8,     0.6,     1.6,     2.5,     8.7,    11.9,   68.0,  0.06873,      0,      0,       0,       0,       0,       0
total,                                                332495,    5102,    5102,    5102,     1.0,     0.7,     2.2,     4.8,    10.9,    25.2,   69.0,  0.06784,      0,      0,       0,       0,       0,       0
total,                                                338709,    6214,    6214,    6214,     0.8,     0.6,     1.7,     2.8,     7.0,     9.5,   70.0,  0.06680,      0,      0,       0,       0,       0,       0
total,                                                344093,    5384,    5384,    5384,     0.9,     0.7,     2.0,     4.1,     9.7,    11.2,   71.0,  0.06591,      0,      0,       0,       0,       0,       0
total,                                                349241,    5148,    5148,    5148,     1.0,     0.8,     2.0,     4.2,    11.0,    14.2,   72.0,  0.06509,      0,      0,       0,       0,       0,       0
total,                                                354803,    5562,    5562,    5562,     0.9,     0.7,     1.9,     3.0,     5.4,    10.9,   73.0,  0.06422,      0,      0,       0,       0,       0,       0
total,                                                359579,    4776,    4776,    4776,     1.0,     0.7,     2.4,     5.9,    13.2,    14.8,   74.0,  0.06353,      0,      0,       0,       0,       0,       0
total,                                                365253,    5674,    5674,    5674,     0.9,     0.7,     1.8,     3.2,     8.5,    14.6,   75.0,  0.06268,      0,      0,       0,       0,       0,       0
total,                                                369896,    4643,    4643,    4643,     1.1,     0.7,     2.7,     7.7,    21.0,    23.0,   76.0,  0.06203,      0,      0,       0,       0,       0,       0
total,                                                371548,    1652,    1652,    1652,     1.2,     0.8,     3.5,     5.9,    10.3,    10.6,   77.0,  0.06248,      0,      0,       0,       0,       0,       0
total,                                                374807,    3259,    3259,    3259,     2.5,     0.8,     3.4,     5.9,   865.1,   869.3,   78.0,  0.07217,      0,      0,       0,       0,       0,       0
total,                                                380002,    5195,    5195,    5195,     1.0,     0.7,     2.2,     4.4,     9.6,    13.7,   79.0,  0.07137,      0,      0,       0,       0,       0,       0
total,                                                384860,    4858,    4858,    4858,     1.0,     0.7,     2.2,     4.3,    42.9,    52.3,   80.0,  0.07061,      0,      0,       0,       0,       0,       0
total,                                                389140,    4280,    4280,    4280,     1.2,     0.8,     3.5,     7.4,    12.5,    20.5,   81.0,  0.07004,      0,      0,       0,       0,       0,       0
total,                                                395421,    6281,    6281,    6281,     0.8,     0.6,     1.7,     3.1,     6.8,    10.0,   82.0,  0.06913,      0,      0,       0,       0,       0,       0
total,                                                401206,    5785,    5785,    5785,     0.9,     0.7,     1.8,     3.0,     5.5,    12.1,   83.0,  0.06830,      0,      0,       0,       0,       0,       0
total,                                                405820,    4614,    4614,    4614,     1.1,     0.8,     2.5,     5.8,    13.5,    17.9,   84.0,  0.06769,      0,      0,       0,       0,       0,       0
total,                                                411788,    5968,    5968,    5968,     0.8,     0.7,     1.8,     3.1,     7.8,    16.0,   85.0,  0.06687,      0,      0,       0,       0,       0,       0
total,                                                416772,    4984,    4984,    4984,     1.0,     0.7,     2.4,     6.5,    13.3,    18.3,   86.0,  0.06622,      0,      0,       0,       0,       0,       0
total,                                                421493,    4721,    4721,    4721,     1.1,     0.7,     2.7,     6.6,    13.3,    14.4,   87.0,  0.06563,      0,      0,       0,       0,       0,       0
total,                                                426646,    5153,    5153,    5153,     1.0,     0.7,     2.1,     5.5,    14.9,    20.0,   88.0,  0.06497,      0,      0,       0,       0,       0,       0
total,                                                428513,    1867,    1867,    1867,     1.9,     0.7,     4.2,     9.9,   260.2,   261.8,   89.0,  0.06497,      0,      0,       0,       0,       0,       0
total,                                                431254,    2741,    2741,    2741,     2.4,     0.7,     2.1,     3.7,   832.6,   834.1,   90.0,  0.06604,      0,      0,       0,       0,       0,       0
total,                                                436118,    4864,    4864,    4864,     1.0,     0.7,     2.4,     5.5,    14.5,    23.8,   91.0,  0.06545,      0,      0,       0,       0,       0,       0
total,                                                441221,    5103,    5103,    5103,     1.0,     0.7,     2.5,     5.4,    12.2,    14.2,   92.0,  0.06485,      0,      0,       0,       0,       0,       0
total,                                                446721,    5500,    5500,    5500,     0.9,     0.7,     2.1,     4.1,    11.0,    13.3,   93.0,  0.06419,      0,      0,       0,       0,       0,       0
total,                                                449200,    2479,    2479,    2479,     2.0,     1.0,     6.2,    12.1,   114.7,   119.8,   94.0,  0.06411,      0,      0,       0,       0,       0,       0
total,                                                454828,    5628,    5628,    5628,     0.9,     0.7,     1.9,     4.0,    19.4,    31.5,   95.0,  0.06344,      0,      0,       0,       0,       0,       0
total,                                                459234,    4406,    4406,    4406,     1.1,     0.8,     2.8,     6.1,    16.2,    31.8,   96.0,  0.06297,      0,      0,       0,       0,       0,       0
total,                                                463939,    4705,    4705,    4705,     1.1,     0.7,     2.7,     6.3,    12.5,    17.4,   97.0,  0.06247,      0,      0,       0,       0,       0,       0
total,                                                466593,    2654,    2654,    2654,     0.9,     0.7,     1.9,     3.2,    13.1,    14.2,   98.0,  0.06242,      0,      0,       0,       0,       0,       0
total,                                                470092,    3499,    3499,    3499,     2.2,     0.7,     2.6,     5.3,   816.3,   821.6,   99.0,  0.06467,      0,      0,       0,       0,       0,       0
total,                                                474393,    4301,    4301,    4301,     1.2,     0.8,     3.0,     5.5,    14.6,    33.0,  100.0,  0.06423,      0,      0,       0,       0,       0,       0
total,                                                479016,    4623,    4623,    4623,     1.1,     0.8,     2.6,     6.3,    12.8,    17.1,  101.0,  0.06376,      0,      0,       0,       0,       0,       0
total,                                                484314,    5298,    5298,    5298,     0.9,     0.8,     2.0,     3.4,    10.8,    14.9,  102.0,  0.06320,      0,      0,       0,       0,       0,       0
total,                                                489545,    5231,    5231,    5231,     0.9,     0.7,     2.2,     4.3,     9.4,    22.1,  103.0,  0.06265,      0,      0,       0,       0,       0,       0
total,                                                493859,    4314,    4314,    4314,     1.2,     0.7,     3.4,     8.4,    13.6,    19.2,  104.0,  0.06225,      0,      0,       0,       0,       0,       0
total,                                                499212,    5353,    5353,    5353,     0.9,     0.7,     2.1,     3.9,    11.5,    14.1,  105.0,  0.06171,      0,      0,       0,       0,       0,       0
total,                                                501878,    2666,    2666,    2666,     1.9,     0.8,     4.0,     8.0,   296.5,   313.5,  106.0,  0.06141,      0,      0,       0,       0,       0,       0
total,                                                507361,    5483,    5483,    5483,     0.9,     0.7,     1.9,     3.5,    12.5,    26.6,  107.0,  0.06087,      0,      0,       0,       0,       0,       0
total,                                                511662,    4301,    4301,    4301,     1.2,     0.8,     2.2,     4.9,    85.1,    93.5,  108.0,  0.06044,      0,      0,       0,       0,       0,       0
total,                                                516813,    5151,    5151,    5151,     1.0,     0.7,     2.2,     4.5,    10.2,    15.7,  109.0,  0.05995,      0,      0,       0,       0,       0,       0
total,                                                522091,    5278,    5278,    5278,     0.8,     0.6,     1.7,     3.3,     9.5,    12.6,  110.0,  0.05946,      0,      0,       0,       0,       0,       0
total,                                                523892,    1801,    1801,    1801,     3.2,     0.6,     2.6,    10.6,   777.0,   777.0,  111.0,  0.05882,      0,      0,       0,       0,       0,       0
total,                                                529586,    5694,    5694,    5694,     0.9,     0.7,     1.8,     3.5,     8.9,    12.5,  112.0,  0.05830,      0,      0,       0,       0,       0,       0
total,                                                535335,    5749,    5749,    5749,     0.9,     0.7,     1.9,     3.3,    11.3,    40.1,  113.0,  0.05778,      0,      0,       0,       0,       0,       0
total,                                                540303,    4968,    4968,    4968,     1.0,     0.7,     2.4,     4.8,    12.5,    15.8,  114.0,  0.05736,      0,      0,       0,       0,       0,       0
total,                                                545431,    5128,    5128,    5128,     1.0,     0.7,     2.4,     5.3,    11.4,    21.3,  115.0,  0.05692,      0,      0,       0,       0,       0,       0
total,                                                549709,    4278,    4278,    4278,     1.2,     0.8,     3.4,     6.6,    11.2,    13.9,  116.0,  0.05660,      0,      0,       0,       0,       0,       0
total,                                                554388,    4679,    4679,    4679,     1.1,     0.7,     2.8,     7.0,    50.3,    60.7,  117.0,  0.05620,      0,      0,       0,       0,       0,       0
total,                                                559275,    4887,    4887,    4887,     1.0,     0.6,     2.0,     4.2,   105.0,   117.8,  118.0,  0.05575,      0,      0,       0,       0,       0,       0
total,                                                565028,    5753,    5753,    5753,     0.9,     0.7,     1.8,     3.3,    12.7,    19.3,  119.0,  0.05528,      0,      0,       0,       0,       0,       0
total,                                                569576,    4548,    4548,    4548,     1.1,     0.7,     1.8,     2.9,   224.9,   239.5,  120.0,  0.05481,      0,      0,       0,       0,       0,       0
total,                                                573596,    4020,    4020,    4020,     1.2,     0.7,     2.5,     6.1,   182.5,   197.7,  121.0,  0.05443,      0,      0,       0,       0,       0,       0
total,                                                578006,    4410,    4410,    4410,     0.8,     0.6,     1.6,     3.0,    12.1,    20.1,  122.0,  0.05412,      0,      0,       0,       0,       0,       0
total,                                                579867,    1861,    1861,    1861,     3.5,     0.8,     3.2,     7.8,   840.4,   851.4,  123.0,  0.05398,      0,      0,       0,       0,       0,       0
total,                                                584606,    4739,    4739,    4739,     1.0,     0.7,     2.7,     6.3,    15.3,    24.0,  124.0,  0.05364,      0,      0,       0,       0,       0,       0
total,                                                589771,    5165,    5165,    5165,     1.0,     0.7,     2.2,     4.8,     9.2,    12.9,  125.0,  0.05326,      0,      0,       0,       0,       0,       0
total,                                                593707,    3936,    3936,    3936,     1.3,     0.8,     3.7,     8.2,    28.7,    36.8,  126.0,  0.05302,      0,      0,       0,       0,       0,       0
total,                                                599200,    5493,    5493,    5493,     0.9,     0.7,     2.1,     4.7,    10.3,    15.5,  127.0,  0.05262,      0,      0,       0,       0,       0,       0
total,                                                603646,    4446,    4446,    4446,     1.1,     0.7,     2.9,     7.1,    23.9,    38.1,  128.0,  0.05232,      0,      0,       0,       0,       0,       0
total,                                                608068,    4422,    4422,    4422,     1.1,     0.8,     3.4,     6.6,    11.1,    13.4,  129.0,  0.05204,      0,      0,       0,       0,       0,       0
total,                                                611731,    3663,    3663,    3663,     1.4,     0.8,     4.3,     9.2,    17.6,    25.8,  130.0,  0.05186,      0,      0,       0,       0,       0,       0
total,                                                614681,    2950,    2950,    2950,     1.7,     0.9,     5.2,    10.6,    32.2,    38.6,  131.0,  0.05177,      0,      0,       0,       0,       0,       0
total,                                                619411,    4730,    4730,    4730,     1.1,     0.7,     2.4,     5.5,    32.6,    42.1,  132.0,  0.05145,      0,      0,       0,       0,       0,       0
total,                                                623120,    3709,    3709,    3709,     1.3,     0.8,     2.8,     5.8,   173.3,   175.4,  133.0,  0.05118,      0,      0,       0,       0,       0,       0
total,                                                628452,    5332,    5332,    5332,     0.9,     0.7,     2.0,     4.4,    24.4,    50.8,  134.0,  0.05081,      0,      0,       0,       0,       0,       0
total,                                                633663,    5211,    5211,    5211,     1.0,     0.7,     2.2,     4.0,    11.3,    17.9,  135.0,  0.05046,      0,      0,       0,       0,       0,       0
total,                                                638348,    4685,    4685,    4685,     1.1,     0.7,     2.4,     5.4,    75.2,    80.1,  136.0,  0.05014,      0,      0,       0,       0,       0,       0
total,                                                644437,    6089,    6089,    6089,     0.8,     0.7,     1.7,     2.8,     5.7,    12.2,  137.0,  0.04975,      0,      0,       0,       0,       0,       0
total,                                                649020,    4583,    4583,    4583,     1.1,     0.7,     2.7,     8.2,    13.4,    14.4,  138.0,  0.04948,      0,      0,       0,       0,       0,       0
total,                                                654937,    5917,    5917,    5917,     0.8,     0.7,     1.7,     2.8,     6.7,    11.6,  139.0,  0.04911,      0,      0,       0,       0,       0,       0
total,                                                660525,    5588,    5588,    5588,     0.9,     0.7,     1.8,     3.4,    10.8,    12.7,  140.0,  0.04877,      0,      0,       0,       0,       0,       0
total,                                                665820,    5295,    5295,    5295,     0.9,     0.7,     2.2,     5.4,    12.1,    19.6,  141.0,  0.04845,      0,      0,       0,       0,       0,       0
total,                                                671407,    5587,    5587,    5587,     0.9,     0.7,     1.9,     3.1,     7.2,    13.5,  142.0,  0.04811,      0,      0,       0,       0,       0,       0
total,                                                676410,    5003,    5003,    5003,     1.0,     0.7,     2.3,     5.3,    13.7,    16.4,  143.0,  0.04782,      0,      0,       0,       0,       0,       0
total,                                                682459,    6049,    6049,    6049,     0.8,     0.7,     1.8,     3.0,     9.5,    12.0,  144.0,  0.04747,      0,      0,       0,       0,       0,       0
total,                                                688066,    5607,    5607,    5607,     0.9,     0.7,     2.0,     4.3,    10.5,    11.9,  145.0,  0.04715,      0,      0,       0,       0,       0,       0
total,                                                692749,    4683,    4683,    4683,     1.1,     0.7,     2.3,     5.5,    69.6,    77.9,  146.0,  0.04687,      0,      0,       0,       0,       0,       0
total,                                                698148,    5399,    5399,    5399,     0.9,     0.7,     1.9,     3.4,    12.6,    15.9,  147.0,  0.04657,      0,      0,       0,       0,       0,       0
total,                                                703371,    5223,    5223,    5223,     0.9,     0.7,     2.1,     4.6,    11.7,    16.0,  148.0,  0.04628,      0,      0,       0,       0,       0,       0
total,                                                709030,    5659,    5659,    5659,     0.9,     0.7,     1.8,     2.9,    10.0,    13.2,  149.0,  0.04597,      0,      0,       0,       0,       0,       0
total,                                                713933,    4903,    4903,    4903,     1.0,     0.8,     2.3,     4.4,    12.0,    21.9,  150.0,  0.04571,      0,      0,       0,       0,       0,       0
total,                                                719178,    5245,    5245,    5245,     0.9,     0.7,     2.0,     4.0,    10.4,    13.7,  151.0,  0.04543,      0,      0,       0,       0,       0,       0
total,                                                724501,    5323,    5323,    5323,     0.9,     0.7,     1.7,     3.7,    11.1,   104.5,  152.0,  0.04512,      0,      0,       0,       0,       0,       0
total,                                                729539,    5038,    5038,    5038,     1.0,     0.7,     2.3,     5.0,    12.8,    88.3,  153.0,  0.04484,      0,      0,       0,       0,       0,       0
total,                                                735018,    5479,    5479,    5479,     0.9,     0.7,     1.9,     3.3,     9.9,    12.9,  154.0,  0.04456,      0,      0,       0,       0,       0,       0
total,                                                740136,    5118,    5118,    5118,     1.0,     0.7,     2.3,     4.6,    13.5,    16.2,  155.0,  0.04430,      0,      0,       0,       0,       0,       0
total,                                                745815,    5679,    5679,    5679,     0.9,     0.7,     1.9,     3.0,     6.9,    11.7,  156.0,  0.04402,      0,      0,       0,       0,       0,       0
total,                                                750319,    4504,    4504,    4504,     1.1,     0.8,     2.4,     5.0,    80.0,    82.7,  157.0,  0.04379,      0,      0,       0,       0,       0,       0
total,                                                755163,    4844,    4844,    4844,     1.0,     0.7,     2.2,     5.4,    32.4,    47.2,  158.0,  0.04355,      0,      0,       0,       0,       0,       0
total,                                                760870,    5707,    5707,    5707,     0.9,     0.7,     1.8,     2.9,     5.2,    12.0,  159.0,  0.04327,      0,      0,       0,       0,       0,       0
total,                                                765907,    5037,    5037,    5037,     1.0,     0.7,     2.4,     4.5,    12.1,    41.2,  160.0,  0.04303,      0,      0,       0,       0,       0,       0
total,                                                770759,    4852,    4852,    4852,     1.0,     0.7,     2.5,     5.3,    11.5,    16.3,  161.0,  0.04280,      0,      0,       0,       0,       0,       0
total,                                                776178,    5419,    5419,    5419,     0.9,     0.7,     2.0,     4.0,     7.9,    16.4,  162.0,  0.04255,      0,      0,       0,       0,       0,       0
total,                                                781567,    5389,    5389,    5389,     0.9,     0.7,     2.1,     3.8,     9.0,    14.4,  163.0,  0.04230,      0,      0,       0,       0,       0,       0
total,                                                786892,    5325,    5325,    5325,     0.9,     0.7,     1.9,     3.6,    13.3,    22.6,  164.0,  0.04206,      0,      0,       0,       0,       0,       0
total,                                                792442,    5550,    5550,    5550,     0.9,     0.7,     2.0,     4.6,     9.5,    12.7,  165.0,  0.04181,      0,      0,       0,       0,       0,       0
total,                                                798393,    5951,    5951,    5951,     0.8,     0.7,     1.7,     2.7,     5.2,    12.1,  166.0,  0.04154,      0,      0,       0,       0,       0,       0
total,                                                803141,    4748,    4748,    4748,     1.0,     0.7,     2.3,     4.9,    10.5,    14.1,  167.0,  0.04134,      0,      0,       0,       0,       0,       0
total,                                                807872,    4731,    4731,    4731,     1.1,     0.7,     2.5,     5.7,    82.1,    91.0,  168.0,  0.04112,      0,      0,       0,       0,       0,       0
total,                                                813605,    5733,    5733,    5733,     0.9,     0.7,     1.9,     3.2,     5.5,    10.4,  169.0,  0.04087,      0,      0,       0,       0,       0,       0
total,                                                818483,    4878,    4878,    4878,     1.0,     0.8,     2.4,     4.2,    15.4,    23.9,  170.0,  0.04067,      0,      0,       0,       0,       0,       0
total,                                                823475,    4992,    4992,    4992,     1.0,     0.7,     2.1,     4.2,    29.8,    48.0,  171.0,  0.04045,      0,      0,       0,       0,       0,       0
total,                                                828513,    5038,    5038,    5038,     1.0,     0.7,     2.3,     4.9,    12.6,    17.7,  172.0,  0.04025,      0,      0,       0,       0,       0,       0
total,                                                833897,    5384,    5384,    5384,     0.9,     0.7,     2.0,     3.5,    12.2,    24.1,  173.0,  0.04002,      0,      0,       0,       0,       0,       0
total,                                                839234,    5337,    5337,    5337,     0.9,     0.7,     1.9,     4.0,    12.7,    14.3,  174.0,  0.03980,      0,      0,       0,       0,       0,       0
total,                                                844327,    5093,    5093,    5093,     1.0,     0.7,     2.3,     4.4,    11.2,    12.6,  175.0,  0.03960,      0,      0,       0,       0,       0,       0
total,                                                850329,    6002,    6002,    6002,     0.8,     0.7,     1.7,     2.8,     5.3,    13.2,  176.0,  0.03936,      0,      0,       0,       0,       0,       0
total,                                                854450,    4121,    4121,    4121,     1.2,     0.7,     3.2,     9.9,    21.3,    30.5,  177.0,  0.03922,      0,      0,       0,       0,       0,       0
total,                                                859923,    5473,    5473,    5473,     0.9,     0.7,     1.7,     2.9,    12.7,    82.7,  178.0,  0.03899,      0,      0,       0,       0,       0,       0
total,                                                865473,    5550,    5550,    5550,     0.9,     0.7,     2.0,     4.0,    11.1,    14.6,  179.0,  0.03878,      0,      0,       0,       0,       0,       0
total,                                                870846,    5373,    5373,    5373,     0.9,     0.7,     2.1,     4.3,    13.4,    15.2,  180.0,  0.03857,      0,      0,       0,       0,       0,       0
total,                                                876044,    5198,    5198,    5198,     1.0,     0.7,     2.2,     4.5,     9.8,    24.3,  181.0,  0.03837,      0,      0,       0,       0,       0,       0
total,                                                881051,    5007,    5007,    5007,     1.0,     0.7,     2.5,     5.6,    11.8,    13.6,  182.0,  0.03819,      0,      0,       0,       0,       0,       0
total,                                                886698,    5647,    5647,    5647,     0.9,     0.7,     1.8,     3.4,    13.6,    48.2,  183.0,  0.03797,      0,      0,       0,       0,       0,       0
total,                                                890936,    4238,    4238,    4238,     1.2,     0.8,     3.3,     6.7,    13.5,    16.6,  184.0,  0.03784,      0,      0,       0,       0,       0,       0
total,                                                896266,    5330,    5330,    5330,     0.9,     0.7,     2.1,     3.9,     8.0,    19.6,  185.0,  0.03764,      0,      0,       0,       0,       0,       0
total,                                                901723,    5457,    5457,    5457,     0.9,     0.7,     1.8,     3.5,    12.4,    73.4,  186.0,  0.03743,      0,      0,       0,       0,       0,       0
total,                                                906641,    4918,    4918,    4918,     1.0,     0.7,     2.4,     5.7,    13.4,    18.3,  187.0,  0.03726,      0,      0,       0,       0,       0,       0
total,                                                911310,    4669,    4669,    4669,     1.1,     0.8,     2.6,     4.9,    11.2,    12.7,  188.0,  0.03711,      0,      0,       0,       0,       0,       0
total,                                                913242,    1932,    1932,    1932,     2.5,     0.7,     1.9,     5.0,   391.9,   391.9,  189.0,  0.03707,      0,      0,       0,       0,       0,       0
total,                                                917692,    4450,    4450,    4450,     1.2,     0.7,     2.4,     5.5,   100.1,   117.5,  190.0,  0.03690,      0,      0,       0,       0,       0,       0
total,                                                923052,    5360,    5360,    5360,     0.9,     0.7,     2.0,     3.8,    13.5,    17.2,  191.0,  0.03671,      0,      0,       0,       0,       0,       0
total,                                                927604,    4552,    4552,    4552,     1.1,     0.7,     3.2,     7.1,    13.0,    22.9,  192.0,  0.03657,      0,      0,       0,       0,       0,       0
total,                                                933874,    6270,    6270,    6270,     0.8,     0.6,     1.7,     3.0,    10.3,    12.8,  193.0,  0.03636,      0,      0,       0,       0,       0,       0
total,                                                939215,    5341,    5341,    5341,     0.9,     0.7,     2.1,     4.3,    10.2,    14.5,  194.0,  0.03618,      0,      0,       0,       0,       0,       0
total,                                                943629,    4414,    4414,    4414,     1.1,     0.8,     3.0,     7.3,    13.2,    17.4,  195.0,  0.03605,      0,      0,       0,       0,       0,       0
total,                                                949369,    5740,    5740,    5740,     0.9,     0.7,     1.8,     2.8,     9.2,    12.9,  196.0,  0.03586,      0,      0,       0,       0,       0,       0
total,                                                952880,    3511,    3511,    3511,     1.4,     0.8,     3.0,     8.3,   209.7,   213.4,  197.0,  0.03573,      0,      0,       0,       0,       0,       0
total,                                                957124,    4244,    4244,    4244,     1.2,     0.7,     3.1,     8.0,    77.7,    87.0,  198.0,  0.03559,      0,      0,       0,       0,       0,       0
total,                                                963013,    5889,    5889,    5889,     0.8,     0.6,     2.0,     4.3,    12.6,    13.9,  199.0,  0.03540,      0,      0,       0,       0,       0,       0
total,                                                968355,    5342,    5342,    5342,     0.9,     0.7,     2.2,     4.2,     8.0,    24.9,  200.0,  0.03523,      0,      0,       0,       0,       0,       0
total,                                                973854,    5499,    5499,    5499,     0.9,     0.7,     2.0,     3.9,     9.7,    16.8,  201.0,  0.03506,      0,      0,       0,       0,       0,       0
total,                                                978320,    4466,    4466,    4466,     1.1,     0.7,     3.1,     7.3,    13.1,    16.5,  202.0,  0.03493,      0,      0,       0,       0,       0,       0
total,                                                984224,    5904,    5904,    5904,     0.8,     0.7,     1.8,     3.0,     7.3,    12.1,  203.0,  0.03475,      0,      0,       0,       0,       0,       0
total,                                                989047,    4823,    4823,    4823,     1.0,     0.7,     2.7,     6.2,    12.1,    17.3,  204.0,  0.03461,      0,      0,       0,       0,       0,       0
total,                                                994447,    5400,    5400,    5400,     0.9,     0.7,     2.1,     4.3,     8.4,    12.1,  205.0,  0.03444,      0,      0,       0,       0,       0,       0
total,                                                999559,    5112,    5112,    5112,     1.0,     0.8,     2.1,     3.6,     8.5,    19.4,  206.0,  0.03429,      0,      0,       0,       0,       0,       0
total,                                               1000000,    2652,    2652,    2652,     1.9,     1.2,     5.7,    13.8,    26.2,    26.2,  206.2,  0.03426,      0,      0,       0,       0,       0,       0


Results:
Op rate                   :    4,850 op/s  [t1.insert: 4,850 op/s]
Partition rate            :    4,850 pk/s  [t1.insert: 4,850 pk/s]
Row rate                  :    4,850 row/s [t1.insert: 4,850 row/s]
Latency mean              :    1.0 ms [t1.insert: 1.0 ms]
Latency median            :    0.7 ms [t1.insert: 0.7 ms]
Latency 95th percentile   :    2.2 ms [t1.insert: 2.2 ms]
Latency 99th percentile   :    4.7 ms [t1.insert: 4.7 ms]
Latency 99.9th percentile :   12.7 ms [t1.insert: 12.7 ms]
Latency max               :  883.4 ms [t1.insert: 883.4 ms]
Total partitions          :  1,000,000 [t1.insert: 1,000,000]
Total errors              :          0 [t1.insert: 0]
Total GC count            : 0
Total GC memory           : 0.000 KiB
Total GC time             :    0.0 seconds
Avg GC time               :    NaN ms
StdDev GC time            :    0.0 ms
Total operation time      : 00:03:26

END
