******************** Stress Settings ********************
Command:
  Type: user
  Count: 1,000
  No Warmup: false
  Consistency Level: LOCAL_ONE
  Target Uncertainty: not applicable
  Command Ratios: {t1.select_tag_by_id=1.0, t1.update_tag_properties=1.0, t1.delete_tag_by_id=1.0}
  Command Clustering Distribution: clustering=gaussian(1..10)
  Profile File(s): t1_tags.yaml
Rate:
  Auto: false
  Thread Count: 1
  OpsPer Sec: 0
Population:
  Distribution: Gaussian:  min=1,max=1000,mean=500.500000,stdev=166.500000
  Order: ARBITRARY
  Wrap: false
Insert:
  Revisits: Uniform:  min=1,max=1000000
  Visits: Fixed:  key=1
  Row Population Ratio: Ratio: divisor=1.000000;delegate=Fixed:  key=1
  Batch Type: not batching
Errors:
  Ignore: false
  Tries: 10
Log:
  No Summary: false
  No Settings: false
  File: tags_1K_MIXED_1_threads.log
  Interval Millis: 1000
  Level: NORMAL
Mode:
  API: JAVA_DRIVER_NATIVE
  Connection Style: CQL_PREPARED
  CQL Version: CQL3
  Protocol Version: V5
  Username: null
  Password: null
  Auth Provide Class: null
  Max Pending Per Connection: 128
  Connections Per Host: 8
  Compression: NONE
Node:
  Nodes: [localhost]
  Is White List: false
  Datacenter: null
Schema:
  Keyspace: null
  Replication Strategy: org.apache.cassandra.locator.SimpleStrategy
  Replication Strategy Options: {replication_factor=1}
  Table Compression: null
  Table Compaction Strategy: null
  Table Compaction Strategy Options: {}
Transport:
  truststore=null; truststore-password=null; keystore=null; keystore-password=null; ssl-protocol=TLS; ssl-alg=null; ssl-ciphers=TLS_RSA_WITH_AES_128_CBC_SHA,TLS_RSA_WITH_AES_256_CBC_SHA; 
Port:
  Native Port: 9042
  JMX Port: 7199
Graph:
  File: tags_1K_threads_1_MIXED.html
  Revision: tags_MIXED
  Title: NVO_Cassandra_POC_tags_Table_1K_Records_1_Threads
  Operation: USER
TokenRange:
  Wrap: false
  Split Factor: 1

******************** Profile(s) ********************
  Keyspace Name: tagging
  Keyspace CQL: 
***
CREATE KEYSPACE IF NOT EXISTS tagging WITH replication = {'class': 'SimpleStrategy', 'replication_factor': 1};
***

  Table Name: tags
  Table CQL: 
***
CREATE TABLE IF NOT EXISTS tags (
  id uuid PRIMARY KEY,
  owner_id int,
  name text,
  description text,
  properties text
);
***

  Extra Schema Definitions: null
  Generator Configs:
    owner_id: Size: Gaussian:  min=5,max=10,mean=7.500000,stdev=0.833333;Identity: Uniform:  min=1,max=1000000;
    name: Size: Uniform:  min=5,max=200;
    description: Size: Uniform:  min=10,max=100;
    id: Size: Gaussian:  min=5,max=10,mean=7.500000,stdev=0.833333;Identity: Uniform:  min=1,max=10000000;
    properties: Size: Uniform:  min=10,max=50;
  Query Definitions:
    select_tag_by_id: CQL:SELECT * FROM tags WHERE id = ?;Fields:samerow;
    update_tag_properties: CQL:UPDATE tags SET properties = ? WHERE id = ?;Fields:samerow;
    delete_tag_by_id: CQL:DELETE FROM tags WHERE id = ?;Fields:samerow;
    insert_tag: CQL:INSERT INTO tags (id, owner_id, name, description, properties) VALUES (?, ?, ?, ?, ?);Fields:samerow;
  Token Range Queries:
  Insert Settings:
    partitions: fixed(1)
    select: fixed(1)/500
    batchtype: UNLOGGED
Generating batches with [1..1] partitions and [0..0] rows (of [1..1] total rows in the partitions)

Sleeping 2s...
Warming up t1.select_tag_by_id with 250 iterations...
Warming up t1.update_tag_properties with 250 iterations...
Warming up t1.delete_tag_by_id with 250 iterations...
Running [t1.select_tag_by_id, t1.update_tag_properties, t1.delete_tag_by_id] with 1 threads for 1000 iteration
type                                               total ops,    op/s,    pk/s,   row/s,    mean,     med,     .95,     .99,    .999,     max,   time,   stderr, errors,  gc: #,  max ms,  sum ms,  sdv ms,      mb
t1.delete_tag_by_id,                                     134,     134,       0,       0,     0.8,     0.7,     1.2,     5.1,    14.2,    14.2,    1.0,  0.00000,      0,      0,       0,       0,       0,       0
t1.select_tag_by_id,                                     140,     140,      76,      76,     1.0,     0.8,     1.7,     4.1,     6.4,     6.4,    1.0,  0.00000,      0,      0,       0,       0,       0,       0
t1.update_tag_properties,                                190,     190,       0,       0,     0.9,     0.7,     1.7,     5.5,     6.3,     6.3,    1.0,  0.00000,      0,      0,       0,       0,       0,       0
total,                                                   464,     464,      76,      76,     0.9,     0.7,     1.6,     5.2,    14.2,    14.2,    1.0,  0.00000,      0,      0,       0,       0,       0,       0
t1.delete_tag_by_id,                                     361,     440,       0,       0,     0.9,     0.7,     1.9,     5.1,    10.5,    10.5,    1.5,  0.20139,      0,      0,       0,       0,       0,       0
t1.select_tag_by_id,                                     271,     254,     136,     136,     1.1,     0.9,     2.0,     4.3,     9.4,     9.4,    1.5,  0.20139,      0,      0,       0,       0,       0,       0
t1.update_tag_properties,                                368,     345,       0,       0,     0.9,     0.8,     1.4,     7.2,     9.7,     9.7,    1.5,  0.20139,      0,      0,       0,       0,       0,       0
total,                                                  1000,    1039,     136,     136,     0.9,     0.7,     1.9,     5.6,    10.5,    10.5,    1.5,  0.20139,      0,      0,       0,       0,       0,       0


Results:
Op rate                   :      660 op/s  [t1.delete_tag_by_id: 238 op/s, t1.select_tag_by_id: 179 op/s, t1.update_tag_properties: 243 op/s]
Partition rate            :       96 pk/s  [t1.delete_tag_by_id: 0 pk/s, t1.select_tag_by_id: 96 pk/s, t1.update_tag_properties: 0 pk/s]
Row rate                  :       96 row/s [t1.delete_tag_by_id: 0 row/s, t1.select_tag_by_id: 96 row/s, t1.update_tag_properties: 0 row/s]
Latency mean              :    0.9 ms [t1.delete_tag_by_id: 0.9 ms, t1.select_tag_by_id: 1.1 ms, t1.update_tag_properties: 0.9 ms]
Latency median            :    0.7 ms [t1.delete_tag_by_id: 0.7 ms, t1.select_tag_by_id: 0.9 ms, t1.update_tag_properties: 0.7 ms]
Latency 95th percentile   :    1.7 ms [t1.delete_tag_by_id: 1.6 ms, t1.select_tag_by_id: 1.9 ms, t1.update_tag_properties: 1.5 ms]
Latency 99th percentile   :    5.2 ms [t1.delete_tag_by_id: 5.1 ms, t1.select_tag_by_id: 4.3 ms, t1.update_tag_properties: 6.3 ms]
Latency 99.9th percentile :   10.5 ms [t1.delete_tag_by_id: 14.2 ms, t1.select_tag_by_id: 9.4 ms, t1.update_tag_properties: 9.7 ms]
Latency max               :   14.2 ms [t1.delete_tag_by_id: 14.2 ms, t1.select_tag_by_id: 9.4 ms, t1.update_tag_properties: 9.7 ms]
Total partitions          :        146 [t1.delete_tag_by_id: 0, t1.select_tag_by_id: 146, t1.update_tag_properties: 0]
Total errors              :          0 [t1.delete_tag_by_id: 0, t1.select_tag_by_id: 0, t1.update_tag_properties: 0]
Total GC count            : 0
Total GC memory           : 0.000 KiB
Total GC time             :    0.0 seconds
Avg GC time               :    NaN ms
StdDev GC time            :    0.0 ms
Total operation time      : 00:00:01

END
