******************** Stress Settings ********************
Command:
  Type: user
  Count: 1,000,000
  No Warmup: false
  Consistency Level: LOCAL_ONE
  Target Uncertainty: not applicable
  Command Ratios: {t1.update_tag_properties=1.0}
  Command Clustering Distribution: clustering=gaussian(1..10)
  Profile File(s): t1_tags.yaml
Rate:
  Auto: false
  Thread Count: 5
  OpsPer Sec: 0
Population:
  Distribution: Gaussian:  min=1,max=1000000,mean=500000.500000,stdev=166666.500000
  Order: ARBITRARY
  Wrap: false
Insert:
  Revisits: Uniform:  min=1,max=1000000
  Visits: Fixed:  key=1
  Row Population Ratio: Ratio: divisor=1.000000;delegate=Fixed:  key=1
  Batch Type: not batching
Errors:
  Ignore: false
  Tries: 10
Log:
  No Summary: false
  No Settings: false
  File: tags_1M_update.log
  Interval Millis: 1000
  Level: NORMAL
Mode:
  API: JAVA_DRIVER_NATIVE
  Connection Style: CQL_PREPARED
  CQL Version: CQL3
  Protocol Version: V5
  Username: null
  Password: null
  Auth Provide Class: null
  Max Pending Per Connection: 128
  Connections Per Host: 8
  Compression: NONE
Node:
  Nodes: [localhost]
  Is White List: false
  Datacenter: null
Schema:
  Keyspace: null
  Replication Strategy: org.apache.cassandra.locator.SimpleStrategy
  Replication Strategy Options: {replication_factor=1}
  Table Compression: null
  Table Compaction Strategy: null
  Table Compaction Strategy Options: {}
Transport:
  truststore=null; truststore-password=null; keystore=null; keystore-password=null; ssl-protocol=TLS; ssl-alg=null; ssl-ciphers=TLS_RSA_WITH_AES_128_CBC_SHA,TLS_RSA_WITH_AES_256_CBC_SHA; 
Port:
  Native Port: 9042
  JMX Port: 7199
Graph:
  File: tags_1M.html
  Revision: Update_1M
  Title: NVO_Cassandra_POC_TAG_Table_1M_Records
  Operation: USER
TokenRange:
  Wrap: false
  Split Factor: 1

******************** Profile(s) ********************
  Keyspace Name: tagging
  Keyspace CQL: 
***
CREATE KEYSPACE IF NOT EXISTS tagging WITH replication = {'class': 'SimpleStrategy', 'replication_factor': 1};
***

  Table Name: tags
  Table CQL: 
***
CREATE TABLE IF NOT EXISTS tags (
  id uuid PRIMARY KEY,
  owner_id int,
  name text,
  description text,
  properties text
);
***

  Extra Schema Definitions: null
  Generator Configs:
    owner_id: Size: Gaussian:  min=5,max=10,mean=7.500000,stdev=0.833333;Identity: Uniform:  min=1,max=1000000;
    name: Size: Uniform:  min=5,max=200;
    description: Size: Uniform:  min=10,max=100;
    id: Size: Gaussian:  min=5,max=10,mean=7.500000,stdev=0.833333;Identity: Uniform:  min=1,max=10000000;
    properties: Size: Uniform:  min=10,max=50;
  Query Definitions:
    select_tag_by_id: CQL:SELECT * FROM tags WHERE id = ?;Fields:samerow;
    update_tag_properties: CQL:UPDATE tags SET properties = ? WHERE id = ?;Fields:samerow;
    delete_tag_by_id: CQL:DELETE FROM tags WHERE id = ?;Fields:samerow;
  Token Range Queries:
  Insert Settings:
    partitions: fixed(1)
    select: fixed(1)/500
    batchtype: UNLOGGED
Generating batches with [1..1] partitions and [0..0] rows (of [1..1] total rows in the partitions)

Sleeping 2s...
Warming up t1.update_tag_properties with 50000 iterations...
Running [t1.update_tag_properties] with 5 threads for 1000000 iteration
type                                               total ops,    op/s,    pk/s,   row/s,    mean,     med,     .95,     .99,    .999,     max,   time,   stderr, errors,  gc: #,  max ms,  sum ms,  sdv ms,      mb
total,                                                   930,     930,       0,       0,     1.0,     0.7,     2.7,     4.8,     5.7,     5.7,    1.0,      NaN,      0,      0,       0,       0,       0,       0
total,                                                  6267,    5337,       0,       0,     0.9,     0.7,     2.2,     4.2,    11.8,    23.8,    2.0,      NaN,      0,      0,       0,       0,       0,       0
total,                                                  9829,    3562,       0,       0,     1.4,     0.8,     4.6,    10.1,    19.7,    29.7,    3.0,      NaN,      0,      0,       0,       0,       0,       0
total,                                                 14736,    4907,       0,       0,     1.0,     0.7,     2.5,     4.7,    13.2,    14.2,    4.0,      NaN,      0,      0,       0,       0,       0,       0
total,                                                 19508,    4772,       0,       0,     1.0,     0.7,     2.8,     7.8,    14.8,    15.1,    5.0,      NaN,      0,      0,       0,       0,       0,       0
total,                                                 23210,    3702,       0,       0,     1.3,     0.7,     2.6,     7.3,   245.6,   250.6,    6.0,      NaN,      0,      0,       0,       0,       0,       0
total,                                                 27714,    4504,       0,       0,     1.1,     0.8,     2.9,     5.4,    13.5,    15.7,    7.0,      NaN,      0,      0,       0,       0,       0,       0
total,                                                 32383,    4669,       0,       0,     1.1,     0.8,     2.5,     5.2,    12.4,    27.5,    8.0,      NaN,      0,      0,       0,       0,       0,       0
total,                                                 36654,    4271,       0,       0,     0.8,     0.7,     1.8,     3.7,    12.8,    17.4,    9.0,      NaN,      0,      0,       0,       0,       0,       0
total,                                                 39718,    3064,       0,       0,     2.1,     0.7,     3.2,     9.2,   324.5,   350.5,   10.0,      NaN,      0,      0,       0,       0,       0,       0
total,                                                 45442,    5724,       0,       0,     0.9,     0.7,     2.0,     3.4,    14.3,    17.6,   11.0,      NaN,      0,      0,       0,       0,       0,       0
total,                                                 50695,    5253,       0,       0,     0.9,     0.7,     2.0,     3.7,    10.1,    17.4,   12.0,      NaN,      0,      0,       0,       0,       0,       0
total,                                                 55521,    4826,       0,       0,     1.0,     0.7,     2.7,     5.5,    11.5,    18.3,   13.0,      NaN,      0,      0,       0,       0,       0,       0
total,                                                 60181,    4660,       0,       0,     1.1,     0.8,     2.7,     4.4,    11.5,    15.5,   14.0,      NaN,      0,      0,       0,       0,       0,       0
total,                                                 64178,    3997,       0,       0,     1.2,     0.8,     3.3,     8.3,    15.4,    29.6,   15.0,      NaN,      0,      0,       0,       0,       0,       0
total,                                                 68764,    4586,       0,       0,     1.1,     0.8,     2.7,     4.9,     9.1,    10.4,   16.0,      NaN,      0,      0,       0,       0,       0,       0
total,                                                 73844,    5080,       0,       0,     1.0,     0.7,     2.4,     4.3,    11.6,    15.6,   17.0,      NaN,      0,      0,       0,       0,       0,       0
total,                                                 78560,    4716,       0,       0,     1.1,     0.8,     2.3,     5.8,    14.6,    20.8,   18.0,      NaN,      0,      0,       0,       0,       0,       0
total,                                                 83129,    4569,       0,       0,     0.9,     0.7,     2.2,     3.9,     9.3,    12.9,   19.0,      NaN,      0,      0,       0,       0,       0,       0
total,                                                 84314,    1185,       0,       0,     4.8,     0.8,     2.4,     4.7,   906.5,   907.5,   20.0,      NaN,      0,      0,       0,       0,       0,       0
total,                                                 89997,    5683,       0,       0,     0.9,     0.7,     1.9,     3.3,    10.1,    13.9,   21.0,      NaN,      0,      0,       0,       0,       0,       0
total,                                                 94860,    4863,       0,       0,     1.0,     0.8,     2.4,     4.6,    11.1,    19.6,   22.0,      NaN,      0,      0,       0,       0,       0,       0
total,                                                 99695,    4835,       0,       0,     1.0,     0.7,     2.4,     4.7,    28.2,    30.6,   23.0,      NaN,      0,      0,       0,       0,       0,       0
total,                                                104578,    4883,       0,       0,     1.0,     0.7,     2.4,     6.2,    14.5,    16.9,   24.0,      NaN,      0,      0,       0,       0,       0,       0
total,                                                108503,    3925,       0,       0,     1.3,     0.8,     4.0,     9.0,    15.5,    25.8,   25.0,      NaN,      0,      0,       0,       0,       0,       0
total,                                                113926,    5423,       0,       0,     0.9,     0.7,     1.9,     3.1,    11.5,    41.4,   26.0,      NaN,      0,      0,       0,       0,       0,       0
total,                                                119375,    5449,       0,       0,     0.9,     0.7,     2.0,     3.6,     9.5,    13.0,   27.0,      NaN,      0,      0,       0,       0,       0,       0
total,                                                124914,    5539,       0,       0,     0.9,     0.7,     2.1,     4.0,    15.7,    20.9,   28.0,      NaN,      0,      0,       0,       0,       0,       0
total,                                                130414,    5500,       0,       0,     0.9,     0.7,     2.1,     3.5,     9.1,    12.9,   29.0,      NaN,      0,      0,       0,       0,       0,       0
total,                                                135208,    4794,       0,       0,     1.0,     0.7,     2.4,     5.3,    13.4,    24.1,   30.0,      NaN,      0,      0,       0,       0,       0,       0
total,                                                140769,    5561,       0,       0,     0.9,     0.7,     1.9,     3.7,     9.0,    13.1,   31.0,      NaN,      0,      0,       0,       0,       0,       0
total,                                                145984,    5215,       0,       0,     1.0,     0.7,     2.1,     4.3,    15.6,    31.0,   32.0,      NaN,      0,      0,       0,       0,       0,       0
total,                                                146797,     813,       0,       0,     1.1,     0.7,     3.4,     7.3,    12.2,    12.2,   33.0,      NaN,      0,      0,       0,       0,       0,       0
total,                                                148215,    1418,       0,       0,     6.4,     0.7,     2.7,     6.6,  1518.3,  1518.3,   34.0,      NaN,      0,      0,       0,       0,       0,       0
total,                                                152744,    4529,       0,       0,     1.1,     0.7,     2.9,     6.4,    11.7,    23.9,   35.0,      NaN,      0,      0,       0,       0,       0,       0
total,                                                158521,    5777,       0,       0,     0.9,     0.7,     1.8,     3.4,    10.2,    12.0,   36.0,      NaN,      0,      0,       0,       0,       0,       0
total,                                                163516,    4995,       0,       0,     1.0,     0.7,     2.3,     5.6,    16.8,    28.7,   37.0,      NaN,      0,      0,       0,       0,       0,       0
total,                                                169385,    5869,       0,       0,     0.8,     0.7,     1.8,     3.4,    14.7,    24.9,   38.0,      NaN,      0,      0,       0,       0,       0,       0
total,                                                174399,    5014,       0,       0,     1.0,     0.7,     2.2,     4.8,    24.4,    43.4,   39.0,      NaN,      0,      0,       0,       0,       0,       0
total,                                                179091,    4692,       0,       0,     1.1,     0.8,     2.6,     5.4,    13.6,    20.2,   40.0,      NaN,      0,      0,       0,       0,       0,       0
total,                                                184958,    5867,       0,       0,     0.8,     0.7,     1.8,     3.1,     8.2,    11.2,   41.0,      NaN,      0,      0,       0,       0,       0,       0
total,                                                189817,    4859,       0,       0,     1.0,     0.7,     2.3,     5.4,    38.4,    39.7,   42.0,      NaN,      0,      0,       0,       0,       0,       0
total,                                                195255,    5438,       0,       0,     0.9,     0.7,     2.0,     3.7,     9.7,    13.8,   43.0,      NaN,      0,      0,       0,       0,       0,       0
total,                                                201040,    5785,       0,       0,     0.9,     0.7,     1.8,     3.2,     7.3,    14.1,   44.0,      NaN,      0,      0,       0,       0,       0,       0
total,                                                205805,    4765,       0,       0,     1.0,     0.8,     2.5,     5.4,    13.7,    16.5,   45.0,      NaN,      0,      0,       0,       0,       0,       0
total,                                                210191,    4386,       0,       0,     1.0,     0.7,     2.2,     4.9,    10.5,    16.5,   46.0,      NaN,      0,      0,       0,       0,       0,       0
total,                                                214978,    4787,       0,       0,     2.2,     0.7,     1.9,     3.4,  1305.5,  1308.6,   48.0,      NaN,      0,      0,       0,       0,       0,       0
total,                                                220388,    5410,       0,       0,     0.9,     0.7,     1.9,     3.0,     8.3,    24.0,   49.0,      NaN,      0,      0,       0,       0,       0,       0
total,                                                225124,    4736,       0,       0,     1.0,     0.8,     2.4,     4.7,    10.6,    16.6,   50.0,      NaN,      0,      0,       0,       0,       0,       0
total,                                                230668,    5544,       0,       0,     0.9,     0.7,     1.8,     3.0,     7.6,    10.8,   51.0,      NaN,      0,      0,       0,       0,       0,       0
total,                                                236000,    5332,       0,       0,     0.9,     0.7,     2.2,     3.9,    11.2,    14.4,   52.0,      NaN,      0,      0,       0,       0,       0,       0
total,                                                241663,    5663,       0,       0,     0.9,     0.7,     2.0,     3.7,     9.7,    11.1,   53.0,      NaN,      0,      0,       0,       0,       0,       0
total,                                                246678,    5015,       0,       0,     1.0,     0.7,     2.3,     5.0,    12.2,    18.7,   54.0,      NaN,      0,      0,       0,       0,       0,       0
total,                                                251222,    4544,       0,       0,     1.1,     0.7,     2.9,     6.8,    13.6,    20.0,   55.0,      NaN,      0,      0,       0,       0,       0,       0
total,                                                257063,    5841,       0,       0,     0.9,     0.7,     1.8,     3.6,     8.1,     9.5,   56.0,      NaN,      0,      0,       0,       0,       0,       0
total,                                                261481,    4418,       0,       0,     1.1,     0.8,     2.5,     5.3,    57.2,    63.5,   57.0,      NaN,      0,      0,       0,       0,       0,       0
total,                                                267181,    5700,       0,       0,     0.9,     0.7,     1.8,     3.1,     5.5,    12.6,   58.0,      NaN,      0,      0,       0,       0,       0,       0
total,                                                272655,    5474,       0,       0,     0.9,     0.7,     1.9,     3.5,     9.2,    12.2,   59.0,      NaN,      0,      0,       0,       0,       0,       0
total,                                                274038,    1383,       0,       0,     1.3,     0.8,     3.6,    10.0,    14.5,    15.8,   60.0,      NaN,      0,      0,       0,       0,       0,       0
total,                                                276628,    2590,       0,       0,     3.2,     0.7,     2.4,     5.4,  1126.2,  1127.2,   61.0,      NaN,      0,      0,       0,       0,       0,       0
total,                                                281455,    4827,       0,       0,     1.0,     0.7,     2.5,     4.9,    14.0,    18.5,   62.0,      NaN,      0,      0,       0,       0,       0,       0
total,                                                286999,    5544,       0,       0,     0.9,     0.7,     2.0,     4.0,    10.5,    18.1,   63.0,      NaN,      0,      0,       0,       0,       0,       0
total,                                                292278,    5279,       0,       0,     0.9,     0.7,     2.2,     4.5,     9.3,    13.8,   64.0,      NaN,      0,      0,       0,       0,       0,       0
total,                                                297346,    5068,       0,       0,     1.0,     0.7,     2.4,     5.2,    12.0,    16.4,   65.0,      NaN,      0,      0,       0,       0,       0,       0
total,                                                302953,    5607,       0,       0,     0.9,     0.7,     2.0,     3.9,    11.9,    14.7,   66.0,      NaN,      0,      0,       0,       0,       0,       0
total,                                                308077,    5124,       0,       0,     1.0,     0.7,     2.4,     5.2,     9.0,    15.0,   67.0,      NaN,      0,      0,       0,       0,       0,       0
total,                                                313968,    5891,       0,       0,     0.8,     0.7,     1.8,     2.9,     6.8,    12.5,   68.0,      NaN,      0,      0,       0,       0,       0,       0
total,                                                319576,    5608,       0,       0,     0.9,     0.7,     1.9,     4.0,    11.0,    12.2,   69.0,      NaN,      0,      0,       0,       0,       0,       0
total,                                                324756,    5180,       0,       0,     1.0,     0.7,     2.2,     5.2,    15.7,    23.1,   70.0,      NaN,      0,      0,       0,       0,       0,       0
total,                                                329820,    5064,       0,       0,     1.0,     0.7,     2.2,     6.4,    16.2,    21.8,   71.0,      NaN,      0,      0,       0,       0,       0,       0
total,                                                334015,    4195,       0,       0,     1.2,     0.7,     3.2,     7.9,    53.7,    60.1,   72.0,      NaN,      0,      0,       0,       0,       0,       0
total,                                                338373,    4358,       0,       0,     1.1,     0.7,     2.7,     6.8,    12.8,    15.6,   73.0,      NaN,      0,      0,       0,       0,       0,       0
total,                                                342976,    4603,       0,       0,     2.2,     0.7,     2.2,     4.1,  1205.9,  1210.1,   75.0,      NaN,      0,      0,       0,       0,       0,       0
total,                                                348502,    5526,       0,       0,     0.9,     0.7,     2.0,     3.5,     6.5,    13.8,   76.0,      NaN,      0,      0,       0,       0,       0,       0
total,                                                353316,    4814,       0,       0,     1.0,     0.8,     2.4,     6.2,    12.0,    13.1,   77.0,      NaN,      0,      0,       0,       0,       0,       0
total,                                                358621,    5305,       0,       0,     0.9,     0.7,     2.1,     4.4,    11.1,    13.7,   78.0,      NaN,      0,      0,       0,       0,       0,       0
total,                                                363719,    5098,       0,       0,     1.0,     0.7,     2.5,     5.6,    12.8,    17.2,   79.0,      NaN,      0,      0,       0,       0,       0,       0
total,                                                369608,    5889,       0,       0,     0.8,     0.7,     1.9,     3.3,     8.4,    17.4,   80.0,      NaN,      0,      0,       0,       0,       0,       0
total,                                                374783,    5175,       0,       0,     1.0,     0.7,     2.2,     4.9,    11.2,    11.7,   81.0,      NaN,      0,      0,       0,       0,       0,       0
total,                                                379759,    4976,       0,       0,     1.0,     0.7,     2.3,     4.6,    13.5,    15.9,   82.0,      NaN,      0,      0,       0,       0,       0,       0
total,                                                385256,    5497,       0,       0,     0.9,     0.7,     2.1,     4.6,    11.7,    17.6,   83.0,      NaN,      0,      0,       0,       0,       0,       0
total,                                                389900,    4644,       0,       0,     1.1,     0.7,     2.6,     6.6,    14.0,    15.0,   84.0,      NaN,      0,      0,       0,       0,       0,       0
total,                                                394392,    4492,       0,       0,     1.1,     0.8,     2.8,     7.2,    16.1,    22.5,   85.0,      NaN,      0,      0,       0,       0,       0,       0
total,                                                399303,    4911,       0,       0,     1.0,     0.7,     2.6,     6.2,    13.0,    15.4,   86.0,      NaN,      0,      0,       0,       0,       0,       0
total,                                                402646,    3343,       0,       0,     1.1,     0.7,     2.9,     6.8,    13.3,    15.5,   87.0,      NaN,      0,      0,       0,       0,       0,       0
total,                                                404962,    2316,       0,       0,     2.7,     0.7,     2.0,     4.8,   842.0,   843.1,   88.0,      NaN,      0,      0,       0,       0,       0,       0
total,                                                408212,    3250,       0,       0,     1.5,     0.7,     2.2,     5.6,   384.3,   385.4,   89.0,      NaN,      0,      0,       0,       0,       0,       0
total,                                                413966,    5754,       0,       0,     0.9,     0.7,     1.9,     3.3,    10.3,    12.2,   90.0,      NaN,      0,      0,       0,       0,       0,       0
total,                                                419505,    5539,       0,       0,     0.9,     0.7,     2.0,     3.8,     9.7,    15.3,   91.0,      NaN,      0,      0,       0,       0,       0,       0
total,                                                424373,    4868,       0,       0,     1.0,     0.7,     2.5,     5.8,    12.6,    15.4,   92.0,      NaN,      0,      0,       0,       0,       0,       0
total,                                                429990,    5617,       0,       0,     0.9,     0.7,     1.9,     3.4,     7.6,    12.3,   93.0,      NaN,      0,      0,       0,       0,       0,       0
total,                                                434598,    4608,       0,       0,     1.1,     0.8,     2.8,     6.0,    12.7,    15.8,   94.0,      NaN,      0,      0,       0,       0,       0,       0
total,                                                440563,    5965,       0,       0,     0.8,     0.7,     1.8,     3.6,     8.8,    11.6,   95.0,      NaN,      0,      0,       0,       0,       0,       0
total,                                                445724,    5161,       0,       0,     1.0,     0.7,     2.2,     4.5,    11.2,    15.3,   96.0,      NaN,      0,      0,       0,       0,       0,       0
total,                                                449639,    3915,       0,       0,     1.3,     0.8,     3.7,     8.3,    14.9,    18.4,   97.0,      NaN,      0,      0,       0,       0,       0,       0
total,                                                454891,    5252,       0,       0,     0.9,     0.7,     2.3,     4.4,     8.3,    13.5,   98.0,      NaN,      0,      0,       0,       0,       0,       0
total,                                                459374,    4483,       0,       0,     1.1,     0.7,     3.0,     7.0,    14.3,    22.4,   99.0,      NaN,      0,      0,       0,       0,       0,       0
total,                                                465254,    5880,       0,       0,     0.8,     0.6,     1.9,     3.6,    10.2,    13.4,  100.0,      NaN,      0,      0,       0,       0,       0,       0
total,                                                467005,    1751,       0,       0,     0.9,     0.6,     1.9,     3.7,     9.6,    10.2,  101.0,      NaN,      0,      0,       0,       0,       0,       0
total,                                                469424,    2419,       0,       0,     3.5,     0.7,     2.4,     6.9,  1208.0,  1212.2,  102.0,      NaN,      0,      0,       0,       0,       0,       0
total,                                                474818,    5394,       0,       0,     0.9,     0.7,     2.0,     5.2,    13.8,    17.6,  103.0,      NaN,      0,      0,       0,       0,       0,       0
total,                                                480038,    5220,       0,       0,     1.0,     0.6,     2.3,     7.4,    14.6,    18.6,  104.0,      NaN,      0,      0,       0,       0,       0,       0
total,                                                485327,    5289,       0,       0,     0.9,     0.7,     1.8,     3.9,    17.0,   108.3,  105.0,      NaN,      0,      0,       0,       0,       0,       0
total,                                                490756,    5429,       0,       0,     0.9,     0.7,     1.9,     4.2,    14.5,    19.7,  106.0,      NaN,      0,      0,       0,       0,       0,       0
total,                                                495734,    4978,       0,       0,     1.0,     0.7,     2.4,     6.3,    13.6,    19.3,  107.0,      NaN,      0,      0,       0,       0,       0,       0
total,                                                500608,    4874,       0,       0,     0.9,     0.7,     2.1,     3.8,     7.4,    13.0,  108.0,      NaN,      0,      0,       0,       0,       0,       0
total,                                                502805,    2197,       0,       0,     2.5,     0.8,     5.2,    19.1,   279.7,   288.1,  109.0,      NaN,      0,      0,       0,       0,       0,       0
total,                                                507403,    4598,       0,       0,     1.1,     0.7,     2.4,     4.7,    68.0,    86.0,  110.0,      NaN,      0,      0,       0,       0,       0,       0
total,                                                512992,    5589,       0,       0,     0.9,     0.7,     2.0,     4.0,     7.2,    13.7,  111.0,      NaN,      0,      0,       0,       0,       0,       0
total,                                                518429,    5437,       0,       0,     0.9,     0.7,     2.1,     4.0,    10.2,    12.0,  112.0,      NaN,      0,      0,       0,       0,       0,       0
total,                                                524139,    5710,       0,       0,     0.9,     0.7,     1.9,     3.3,     6.8,    13.7,  113.0,      NaN,      0,      0,       0,       0,       0,       0
total,                                                529377,    5238,       0,       0,     0.9,     0.7,     2.3,     4.6,     9.8,    13.9,  114.0,      NaN,      0,      0,       0,       0,       0,       0
total,                                                530385,    1008,       0,       0,     1.0,     0.6,     2.4,     6.5,    13.2,    13.4,  115.0,      NaN,      0,      0,       0,       0,       0,       0
total,                                                534128,    3743,       0,       0,     2.4,     0.7,     1.9,     3.6,  1169.2,  1172.3,  116.0,      NaN,      0,      0,       0,       0,       0,       0
total,                                                539297,    5169,       0,       0,     1.0,     0.7,     2.3,     4.9,    10.5,    13.5,  117.0,      NaN,      0,      0,       0,       0,       0,       0
total,                                                544610,    5313,       0,       0,     0.9,     0.7,     2.0,     4.9,    14.0,    18.7,  118.0,      NaN,      0,      0,       0,       0,       0,       0
total,                                                549667,    5057,       0,       0,     1.0,     0.7,     2.3,     5.6,    13.8,    15.5,  119.0,      NaN,      0,      0,       0,       0,       0,       0
total,                                                554205,    4538,       0,       0,     0.8,     0.6,     1.6,     3.3,    12.2,    31.4,  120.0,      NaN,      0,      0,       0,       0,       0,       0
total,                                                559729,    5524,       0,       0,     1.2,     0.7,     1.8,     3.2,    15.8,   357.0,  121.0,      NaN,      0,      0,       0,       0,       0,       0
total,                                                564652,    4923,       0,       0,     1.0,     0.7,     2.4,     4.7,    11.6,    16.8,  122.0,      NaN,      0,      0,       0,       0,       0,       0
total,                                                570348,    5696,       0,       0,     0.9,     0.7,     1.8,     3.1,     7.4,    12.5,  123.0,      NaN,      0,      0,       0,       0,       0,       0
total,                                                575475,    5127,       0,       0,     1.0,     0.7,     2.3,     5.1,     9.9,    14.5,  124.0,      NaN,      0,      0,       0,       0,       0,       0
total,                                                581086,    5611,       0,       0,     0.9,     0.7,     1.9,     3.5,    11.6,    14.7,  125.0,      NaN,      0,      0,       0,       0,       0,       0
total,                                                586101,    5015,       0,       0,     1.0,     0.7,     2.4,     4.8,    12.0,    19.9,  126.0,      NaN,      0,      0,       0,       0,       0,       0
total,                                                591577,    5476,       0,       0,     0.9,     0.7,     2.0,     4.2,     9.6,    15.0,  127.0,      NaN,      0,      0,       0,       0,       0,       0
total,                                                594528,    2951,       0,       0,     0.9,     0.7,     1.8,     3.0,    11.3,    12.6,  128.0,      NaN,      0,      0,       0,       0,       0,       0
total,                                                595693,    1165,       0,       0,     6.4,     0.7,     3.0,    11.9,  1228.9,  1228.9,  129.0,      NaN,      0,      0,       0,       0,       0,       0
total,                                                600635,    4942,       0,       0,     1.0,     0.7,     2.4,     5.1,    13.1,    16.7,  130.0,      NaN,      0,      0,       0,       0,       0,       0
total,                                                604695,    4060,       0,       0,     1.2,     0.8,     3.1,     8.4,    13.4,    14.4,  131.0,      NaN,      0,      0,       0,       0,       0,       0
total,                                                608883,    4188,       0,       0,     1.2,     0.8,     3.2,     8.8,    15.2,    19.6,  132.0,      NaN,      0,      0,       0,       0,       0,       0
total,                                                613174,    4291,       0,       0,     1.2,     0.8,     3.2,     7.1,    12.1,    14.7,  133.0,      NaN,      0,      0,       0,       0,       0,       0
total,                                                616257,    3083,       0,       0,     1.6,     1.0,     4.9,     9.0,    17.6,    25.1,  134.0,      NaN,      0,      0,       0,       0,       0,       0
total,                                                619591,    3334,       0,       0,     1.5,     0.8,     5.0,     9.7,    15.1,    16.8,  135.0,      NaN,      0,      0,       0,       0,       0,       0
total,                                                624849,    5258,       0,       0,     0.9,     0.7,     2.2,     4.8,    10.2,    18.3,  136.0,      NaN,      0,      0,       0,       0,       0,       0
total,                                                628518,    3669,       0,       0,     1.3,     0.8,     3.8,     9.3,    15.9,    22.5,  137.0,      NaN,      0,      0,       0,       0,       0,       0
total,                                                631959,    3441,       0,       0,     1.5,     0.8,     3.1,     6.7,   267.3,   277.6,  138.0,      NaN,      0,      0,       0,       0,       0,       0
total,                                                635214,    3255,       0,       0,     1.5,     1.0,     4.6,     9.2,    13.7,    19.7,  139.0,      NaN,      0,      0,       0,       0,       0,       0
total,                                                637888,    2674,       0,       0,     1.9,     1.1,     6.0,     9.6,    16.9,    21.9,  140.0,      NaN,      0,      0,       0,       0,       0,       0
total,                                                640573,    2685,       0,       0,     1.9,     1.3,     5.1,     9.9,    15.5,    17.4,  141.0,      NaN,      0,      0,       0,       0,       0,       0
total,                                                643152,    2579,       0,       0,     1.9,     1.1,     6.6,    11.6,    25.0,    25.8,  142.0,      NaN,      0,      0,       0,       0,       0,       0
total,                                                648864,    5712,       0,       0,     0.9,     0.7,     1.8,     3.2,     7.7,    11.9,  143.0,      NaN,      0,      0,       0,       0,       0,       0
total,                                                654083,    5219,       0,       0,     0.9,     0.7,     2.1,     4.8,     9.7,    10.7,  144.0,      NaN,      0,      0,       0,       0,       0,       0
total,                                                657932,    3849,       0,       0,     1.2,     0.8,     3.2,     6.7,    15.9,    17.7,  145.0,      NaN,      0,      0,       0,       0,       0,       0
total,                                                662096,    4164,       0,       0,     1.3,     0.6,     1.6,     2.8,   457.4,   462.2,  146.0,      NaN,      0,      0,       0,       0,       0,       0
total,                                                667453,    5357,       0,       0,     0.9,     0.7,     2.2,     4.1,    10.5,    17.4,  147.0,      NaN,      0,      0,       0,       0,       0,       0
total,                                                673274,    5821,       0,       0,     0.9,     0.7,     1.8,     3.1,     6.6,    12.2,  148.0,      NaN,      0,      0,       0,       0,       0,       0
total,                                                678549,    5275,       0,       0,     0.9,     0.7,     2.0,     4.6,    10.7,    13.4,  149.0,      NaN,      0,      0,       0,       0,       0,       0
total,                                                683800,    5251,       0,       0,     0.9,     0.7,     2.1,     5.1,    13.1,    30.7,  150.0,      NaN,      0,      0,       0,       0,       0,       0
total,                                                689368,    5568,       0,       0,     0.9,     0.7,     2.0,     3.4,     7.7,    31.8,  151.0,      NaN,      0,      0,       0,       0,       0,       0
total,                                                694507,    5139,       0,       0,     1.0,     0.7,     2.2,     4.9,    12.6,    28.8,  152.0,      NaN,      0,      0,       0,       0,       0,       0
total,                                                700160,    5653,       0,       0,     0.9,     0.7,     1.9,     3.7,     9.5,    14.7,  153.0,      NaN,      0,      0,       0,       0,       0,       0
total,                                                704811,    4651,       0,       0,     1.1,     0.8,     2.5,     4.7,    31.7,    49.0,  154.0,      NaN,      0,      0,       0,       0,       0,       0
total,                                                710736,    5925,       0,       0,     0.8,     0.7,     1.8,     3.3,     8.3,    11.9,  155.0,      NaN,      0,      0,       0,       0,       0,       0
total,                                                715377,    4641,       0,       0,     1.1,     0.7,     2.7,     8.4,    13.9,    17.6,  156.0,      NaN,      0,      0,       0,       0,       0,       0
total,                                                720964,    5587,       0,       0,     0.9,     0.6,     2.1,     4.5,    15.6,    37.6,  157.0,      NaN,      0,      0,       0,       0,       0,       0
total,                                                722913,    1949,       0,       0,     0.9,     0.7,     1.8,     3.2,    12.1,    12.6,  158.0,      NaN,      0,      0,       0,       0,       0,       0
total,                                                727294,    4381,       0,       0,     1.9,     0.7,     2.4,     7.4,   749.2,   756.0,  159.0,      NaN,      0,      0,       0,       0,       0,       0
total,                                                732198,    4904,       0,       0,     1.0,     0.7,     2.6,     5.9,    10.1,    25.6,  160.0,      NaN,      0,      0,       0,       0,       0,       0
total,                                                738064,    5866,       0,       0,     0.8,     0.7,     1.9,     3.3,     8.6,    11.7,  161.0,      NaN,      0,      0,       0,       0,       0,       0
total,                                                743211,    5147,       0,       0,     1.0,     0.7,     2.3,     5.0,    11.7,    21.0,  162.0,      NaN,      0,      0,       0,       0,       0,       0
total,                                                748919,    5708,       0,       0,     0.9,     0.7,     1.8,     3.5,     6.1,    11.9,  163.0,      NaN,      0,      0,       0,       0,       0,       0
total,                                                753004,    4085,       0,       0,     1.2,     0.8,     3.5,     7.5,    13.1,    18.0,  164.0,      NaN,      0,      0,       0,       0,       0,       0
total,                                                758798,    5794,       0,       0,     0.9,     0.7,     1.8,     3.4,    10.3,    16.9,  165.0,      NaN,      0,      0,       0,       0,       0,       0
total,                                                763736,    4938,       0,       0,     1.0,     0.7,     2.5,     6.5,    13.8,    18.2,  166.0,      NaN,      0,      0,       0,       0,       0,       0
total,                                                767985,    4249,       0,       0,     1.2,     0.7,     3.2,    10.3,    16.5,    20.4,  167.0,      NaN,      0,      0,       0,       0,       0,       0
total,                                                773254,    5269,       0,       0,     0.9,     0.7,     2.3,     4.9,    13.7,    17.7,  168.0,      NaN,      0,      0,       0,       0,       0,       0
total,                                                778266,    5012,       0,       0,     1.0,     0.7,     2.3,     6.0,    18.1,    44.3,  169.0,      NaN,      0,      0,       0,       0,       0,       0
total,                                                785126,    6860,       0,       0,     0.7,     0.6,     1.6,     2.5,     5.3,    12.9,  170.0,      NaN,      0,      0,       0,       0,       0,       0
total,                                                787506,    2380,       0,       0,     2.1,     0.6,     1.7,     3.3,   623.9,   625.0,  171.0,      NaN,      0,      0,       0,       0,       0,       0
total,                                                792636,    5130,       0,       0,     1.0,     0.7,     2.4,     5.1,    12.6,    18.1,  172.0,      NaN,      0,      0,       0,       0,       0,       0
total,                                                798328,    5692,       0,       0,     0.9,     0.7,     1.8,     3.4,     9.6,    11.3,  173.0,      NaN,      0,      0,       0,       0,       0,       0
total,                                                802086,    3758,       0,       0,     1.3,     0.8,     4.1,     9.0,    17.9,    22.2,  174.0,      NaN,      0,      0,       0,       0,       0,       0
total,                                                807885,    5799,       0,       0,     0.9,     0.7,     1.9,     3.2,     6.6,    10.2,  175.0,      NaN,      0,      0,       0,       0,       0,       0
total,                                                813355,    5470,       0,       0,     0.9,     0.7,     2.1,     4.2,    10.1,    12.8,  176.0,      NaN,      0,      0,       0,       0,       0,       0
total,                                                818162,    4807,       0,       0,     1.0,     0.7,     2.7,     7.3,    11.5,    26.4,  177.0,      NaN,      0,      0,       0,       0,       0,       0
total,                                                823159,    4997,       0,       0,     1.0,     0.7,     2.4,     4.9,    11.9,    15.0,  178.0,      NaN,      0,      0,       0,       0,       0,       0
total,                                                826981,    3822,       0,       0,     1.3,     0.8,     3.9,     9.5,    20.0,    25.2,  179.0,      NaN,      0,      0,       0,       0,       0,       0
total,                                                832418,    5437,       0,       0,     0.9,     0.7,     2.1,     4.3,    12.0,    16.8,  180.0,      NaN,      0,      0,       0,       0,       0,       0
total,                                                837737,    5319,       0,       0,     0.9,     0.7,     2.2,     4.1,     8.9,    11.9,  181.0,      NaN,      0,      0,       0,       0,       0,       0
total,                                                842532,    4795,       0,       0,     1.0,     0.7,     2.4,     6.6,    15.2,    16.8,  182.0,      NaN,      0,      0,       0,       0,       0,       0
total,                                                847160,    4628,       0,       0,     1.1,     0.7,     2.7,     7.2,    14.4,    18.5,  183.0,      NaN,      0,      0,       0,       0,       0,       0
total,                                                851749,    4589,       0,       0,     1.1,     0.7,     2.5,     7.1,    38.9,    59.7,  184.0,      NaN,      0,      0,       0,       0,       0,       0
total,                                                851845,      96,       0,       0,     1.4,     0.7,     5.2,    13.2,    13.2,    13.2,  185.0,      NaN,      0,      0,       0,       0,       0,       0
total,                                                855544,    3699,       0,       0,     2.7,     0.8,     2.9,     8.7,  1115.7,  1129.3,  186.0,      NaN,      0,      0,       0,       0,       0,       0
total,                                                861766,    6222,       0,       0,     0.8,     0.6,     1.8,     3.8,     8.1,    11.4,  187.0,      NaN,      0,      0,       0,       0,       0,       0
total,                                                866765,    4999,       0,       0,     1.0,     0.7,     2.3,     6.1,    14.5,    17.7,  188.0,      NaN,      0,      0,       0,       0,       0,       0
total,                                                871333,    4568,       0,       0,     1.1,     0.8,     2.6,     6.1,    15.1,    22.6,  189.0,      NaN,      0,      0,       0,       0,       0,       0
total,                                                877269,    5936,       0,       0,     0.8,     0.6,     1.8,     3.9,    12.1,    15.6,  190.0,      NaN,      0,      0,       0,       0,       0,       0
total,                                                881740,    4471,       0,       0,     1.1,     0.8,     2.9,     7.2,    11.0,    14.9,  191.0,      NaN,      0,      0,       0,       0,       0,       0
total,                                                886478,    4738,       0,       0,     1.1,     0.7,     2.9,     6.2,    13.7,    20.4,  192.0,      NaN,      0,      0,       0,       0,       0,       0
total,                                                890073,    3595,       0,       0,     1.4,     0.7,     2.1,     4.0,   341.6,   342.4,  193.0,      NaN,      0,      0,       0,       0,       0,       0
total,                                                894110,    4037,       0,       0,     1.2,     0.8,     3.7,     7.2,    14.0,    17.3,  194.0,      NaN,      0,      0,       0,       0,       0,       0
total,                                                898569,    4459,       0,       0,     1.1,     0.7,     3.1,     8.0,    14.0,    17.2,  195.0,      NaN,      0,      0,       0,       0,       0,       0
total,                                                903237,    4668,       0,       0,     1.1,     0.7,     2.8,     6.7,    14.2,    17.7,  196.0,      NaN,      0,      0,       0,       0,       0,       0
total,                                                909128,    5891,       0,       0,     0.8,     0.6,     1.9,     3.8,    10.7,    13.1,  197.0,      NaN,      0,      0,       0,       0,       0,       0
total,                                                913553,    4425,       0,       0,     1.1,     0.7,     3.1,     7.0,    13.4,    17.4,  198.0,      NaN,      0,      0,       0,       0,       0,       0
total,                                                916341,    2788,       0,       0,     1.8,     1.1,     5.8,    10.5,    18.3,    19.2,  199.0,      NaN,      0,      0,       0,       0,       0,       0
total,                                                922045,    5704,       0,       0,     0.9,     0.7,     1.9,     3.7,     8.9,    11.7,  200.0,      NaN,      0,      0,       0,       0,       0,       0
total,                                                926678,    4633,       0,       0,     1.1,     0.7,     2.4,     5.8,    45.3,    47.8,  201.0,      NaN,      0,      0,       0,       0,       0,       0
total,                                                931570,    4892,       0,       0,     1.0,     0.7,     2.5,     5.7,    12.1,    13.3,  202.0,      NaN,      0,      0,       0,       0,       0,       0
total,                                                936968,    5398,       0,       0,     0.9,     0.7,     2.1,     3.6,     6.2,    12.0,  203.0,      NaN,      0,      0,       0,       0,       0,       0
total,                                                941937,    4969,       0,       0,     1.0,     0.7,     2.5,     5.1,    10.9,    14.6,  204.0,      NaN,      0,      0,       0,       0,       0,       0
total,                                                945483,    3546,       0,       0,     1.4,     0.7,     1.8,     3.8,   396.4,   397.7,  205.0,      NaN,      0,      0,       0,       0,       0,       0
total,                                                949588,    4105,       0,       0,     1.2,     0.7,     4.3,     9.2,    16.4,    18.9,  206.0,      NaN,      0,      0,       0,       0,       0,       0
total,                                                955699,    6111,       0,       0,     0.8,     0.6,     1.7,     3.8,    10.2,    17.8,  207.0,      NaN,      0,      0,       0,       0,       0,       0
total,                                                961228,    5529,       0,       0,     0.9,     0.7,     2.0,     3.9,     7.9,    12.2,  208.0,      NaN,      0,      0,       0,       0,       0,       0
total,                                                966708,    5480,       0,       0,     0.9,     0.6,     2.1,     5.3,    13.0,    20.0,  209.0,      NaN,      0,      0,       0,       0,       0,       0
total,                                                971082,    4374,       0,       0,     1.1,     0.7,     2.1,     6.1,    92.8,   138.1,  210.0,      NaN,      0,      0,       0,       0,       0,       0
total,                                                975464,    4382,       0,       0,     1.1,     0.7,     2.8,     6.7,    54.8,    81.7,  211.0,      NaN,      0,      0,       0,       0,       0,       0
total,                                                981764,    6300,       0,       0,     0.8,     0.7,     1.6,     2.5,     6.2,    12.9,  212.0,      NaN,      0,      0,       0,       0,       0,       0
total,                                                986976,    5212,       0,       0,     0.9,     0.7,     2.2,     4.4,    11.2,    18.0,  213.0,      NaN,      0,      0,       0,       0,       0,       0
total,                                                992010,    5034,       0,       0,     1.0,     0.8,     2.2,     4.2,    10.3,    12.8,  214.0,      NaN,      0,      0,       0,       0,       0,       0
total,                                                997766,    5756,       0,       0,     0.9,     0.7,     1.8,     3.0,     9.5,    11.1,  215.0,      NaN,      0,      0,       0,       0,       0,       0
total,                                               1000000,    4865,       0,       0,     1.0,     0.6,     2.2,     6.4,    50.4,    52.5,  215.5,      NaN,      0,      0,       0,       0,       0,       0


Results:
Op rate                   :    4,641 op/s  [t1.update_tag_properties: 4,641 op/s]
Partition rate            :        0 pk/s  [t1.update_tag_properties: 0 pk/s]
Row rate                  :        0 row/s [t1.update_tag_properties: 0 row/s]
Latency mean              :    1.1 ms [t1.update_tag_properties: 1.1 ms]
Latency median            :    0.7 ms [t1.update_tag_properties: 0.7 ms]
Latency 95th percentile   :    2.3 ms [t1.update_tag_properties: 2.3 ms]
Latency 99th percentile   :    5.3 ms [t1.update_tag_properties: 5.3 ms]
Latency 99.9th percentile :   13.2 ms [t1.update_tag_properties: 13.2 ms]
Latency max               : 1518.3 ms [t1.update_tag_properties: 1,518.3 ms]
Total partitions          :          0 [t1.update_tag_properties: 0]
Total errors              :          0 [t1.update_tag_properties: 0]
Total GC count            : 0
Total GC memory           : 0.000 KiB
Total GC time             :    0.0 seconds
Avg GC time               :    NaN ms
StdDev GC time            :    0.0 ms
Total operation time      : 00:03:35

END
