******************** Stress Settings ********************
Command:
  Type: user
  Count: 10,000
  No Warmup: false
  Consistency Level: LOCAL_ONE
  Target Uncertainty: not applicable
  Command Ratios: {t1.insert=1.0}
  Command Clustering Distribution: clustering=gaussian(1..10)
  Profile File(s): t1_tags.yaml
Rate:
  Auto: false
  Thread Count: 5
  OpsPer Sec: 0
Population:
  Distribution: Gaussian:  min=1,max=10000,mean=5000.500000,stdev=1666.500000
  Order: ARBITRARY
  Wrap: false
Insert:
  Revisits: Uniform:  min=1,max=1000000
  Visits: Fixed:  key=1
  Row Population Ratio: Ratio: divisor=1.000000;delegate=Fixed:  key=1
  Batch Type: not batching
Errors:
  Ignore: false
  Tries: 10
Log:
  No Summary: false
  No Settings: false
  File: tags_10K_write.log
  Interval Millis: 1000
  Level: NORMAL
Mode:
  API: JAVA_DRIVER_NATIVE
  Connection Style: CQL_PREPARED
  CQL Version: CQL3
  Protocol Version: V5
  Username: null
  Password: null
  Auth Provide Class: null
  Max Pending Per Connection: 128
  Connections Per Host: 8
  Compression: NONE
Node:
  Nodes: [localhost]
  Is White List: false
  Datacenter: null
Schema:
  Keyspace: null
  Replication Strategy: org.apache.cassandra.locator.SimpleStrategy
  Replication Strategy Options: {replication_factor=1}
  Table Compression: null
  Table Compaction Strategy: null
  Table Compaction Strategy Options: {}
Transport:
  truststore=null; truststore-password=null; keystore=null; keystore-password=null; ssl-protocol=TLS; ssl-alg=null; ssl-ciphers=TLS_RSA_WITH_AES_128_CBC_SHA,TLS_RSA_WITH_AES_256_CBC_SHA; 
Port:
  Native Port: 9042
  JMX Port: 7199
Graph:
  File: tags_10K.html
  Revision: Insert_10K
  Title: NVO_Cassandra_POC_TAG_Table_10K_Records
  Operation: USER
TokenRange:
  Wrap: false
  Split Factor: 1

******************** Profile(s) ********************
  Keyspace Name: tagging
  Keyspace CQL: 
***
CREATE KEYSPACE IF NOT EXISTS tagging WITH replication = {'class': 'SimpleStrategy', 'replication_factor': 1};
***

  Table Name: tags
  Table CQL: 
***
CREATE TABLE IF NOT EXISTS tags (
  id uuid PRIMARY KEY,
  owner_id int,
  name text,
  description text,
  properties text
);
***

  Extra Schema Definitions: null
  Generator Configs:
    owner_id: Size: Gaussian:  min=5,max=10,mean=7.500000,stdev=0.833333;Identity: Uniform:  min=1,max=1000000;
    name: Size: Uniform:  min=5,max=200;
    description: Size: Uniform:  min=10,max=100;
    id: Size: Gaussian:  min=5,max=10,mean=7.500000,stdev=0.833333;Identity: Uniform:  min=1,max=10000000;
    properties: Size: Uniform:  min=10,max=50;
  Query Definitions:
    select_tag_by_id: CQL:SELECT * FROM tags WHERE id = ?;Fields:samerow;
    update_tag_properties: CQL:UPDATE tags SET properties = ? WHERE id = ?;Fields:samerow;
    delete_tag_by_id: CQL:DELETE FROM tags WHERE id = ?;Fields:samerow;
  Token Range Queries:
  Insert Settings:
    partitions: fixed(1)
    select: fixed(1)/500
    batchtype: UNLOGGED
Generating batches with [1..1] partitions and [0..0] rows (of [1..1] total rows in the partitions)

Sleeping 2s...
Warming up t1.insert with 2500 iterations...
Running [t1.insert] with 5 threads for 10000 iteration
type                                               total ops,    op/s,    pk/s,   row/s,    mean,     med,     .95,     .99,    .999,     max,   time,   stderr, errors,  gc: #,  max ms,  sum ms,  sdv ms,      mb
total,                                                   851,     851,     851,     851,     2.9,     1.3,     4.0,    11.7,   242.0,   242.0,    1.0,  0.00000,      0,      0,       0,       0,       0,       0
total,                                                  3149,    2298,    2298,    2298,     2.1,     1.7,     5.3,     9.2,    12.5,    16.9,    2.0,  0.24828,      0,      0,       0,       0,       0,       0
total,                                                  5328,    2179,    2179,    2179,     2.3,     1.7,     5.7,    10.4,    21.2,    30.0,    3.0,  0.16769,      0,      0,       0,       0,       0,       0
total,                                                  8388,    3060,    3060,    3060,     1.6,     1.2,     3.8,     6.2,    17.7,    20.2,    4.0,  0.16151,      0,      0,       0,       0,       0,       0
total,                                                 10000,    2587,    2587,    2587,     1.9,     1.5,     4.6,     9.8,    15.9,    17.7,    4.6,  0.12905,      0,      0,       0,       0,       0,       0


Results:
Op rate                   :    2,163 op/s  [t1.insert: 2,163 op/s]
Partition rate            :    2,163 pk/s  [t1.insert: 2,163 pk/s]
Row rate                  :    2,163 row/s [t1.insert: 2,163 row/s]
Latency mean              :    2.0 ms [t1.insert: 2.0 ms]
Latency median            :    1.5 ms [t1.insert: 1.5 ms]
Latency 95th percentile   :    4.8 ms [t1.insert: 4.8 ms]
Latency 99th percentile   :    8.8 ms [t1.insert: 8.8 ms]
Latency 99.9th percentile :   18.8 ms [t1.insert: 18.8 ms]
Latency max               :  242.0 ms [t1.insert: 242.0 ms]
Total partitions          :     10,000 [t1.insert: 10,000]
Total errors              :          0 [t1.insert: 0]
Total GC count            : 0
Total GC memory           : 0.000 KiB
Total GC time             :    0.0 seconds
Avg GC time               :    NaN ms
StdDev GC time            :    0.0 ms
Total operation time      : 00:00:04

END
