******************** Stress Settings ********************
Command:
  Type: user
  Count: 1,000,000
  No Warmup: false
  Consistency Level: LOCAL_ONE
  Target Uncertainty: not applicable
  Command Ratios: {t1.insert=1.0}
  Command Clustering Distribution: clustering=gaussian(1..10)
  Profile File(s): t1_tags.yaml
Rate:
  Auto: false
  Thread Count: 5
  OpsPer Sec: 0
Population:
  Distribution: Gaussian:  min=1,max=1000000,mean=500000.500000,stdev=166666.500000
  Order: ARBITRARY
  Wrap: false
Insert:
  Revisits: Uniform:  min=1,max=1000000
  Visits: Fixed:  key=1
  Row Population Ratio: Ratio: divisor=1.000000;delegate=Fixed:  key=1
  Batch Type: not batching
Errors:
  Ignore: false
  Tries: 10
Log:
  No Summary: false
  No Settings: false
  File: tags_1M_write.log
  Interval Millis: 1000
  Level: NORMAL
Mode:
  API: JAVA_DRIVER_NATIVE
  Connection Style: CQL_PREPARED
  CQL Version: CQL3
  Protocol Version: V5
  Username: null
  Password: null
  Auth Provide Class: null
  Max Pending Per Connection: 128
  Connections Per Host: 8
  Compression: NONE
Node:
  Nodes: [localhost]
  Is White List: false
  Datacenter: null
Schema:
  Keyspace: null
  Replication Strategy: org.apache.cassandra.locator.SimpleStrategy
  Replication Strategy Options: {replication_factor=1}
  Table Compression: null
  Table Compaction Strategy: null
  Table Compaction Strategy Options: {}
Transport:
  truststore=null; truststore-password=null; keystore=null; keystore-password=null; ssl-protocol=TLS; ssl-alg=null; ssl-ciphers=TLS_RSA_WITH_AES_128_CBC_SHA,TLS_RSA_WITH_AES_256_CBC_SHA; 
Port:
  Native Port: 9042
  JMX Port: 7199
Graph:
  File: tags_1M.html
  Revision: Insert_1M
  Title: NVO_Cassandra_POC_TAG_Table_1M_Records
  Operation: USER
TokenRange:
  Wrap: false
  Split Factor: 1

******************** Profile(s) ********************
  Keyspace Name: tagging
  Keyspace CQL: 
***
CREATE KEYSPACE IF NOT EXISTS tagging WITH replication = {'class': 'SimpleStrategy', 'replication_factor': 1};
***

  Table Name: tags
  Table CQL: 
***
CREATE TABLE IF NOT EXISTS tags (
  id uuid PRIMARY KEY,
  owner_id int,
  name text,
  description text,
  properties text
);
***

  Extra Schema Definitions: null
  Generator Configs:
    owner_id: Size: Gaussian:  min=5,max=10,mean=7.500000,stdev=0.833333;Identity: Uniform:  min=1,max=1000000;
    name: Size: Uniform:  min=5,max=200;
    description: Size: Uniform:  min=10,max=100;
    id: Size: Gaussian:  min=5,max=10,mean=7.500000,stdev=0.833333;Identity: Uniform:  min=1,max=10000000;
    properties: Size: Uniform:  min=10,max=50;
  Query Definitions:
    select_tag_by_id: CQL:SELECT * FROM tags WHERE id = ?;Fields:samerow;
    update_tag_properties: CQL:UPDATE tags SET properties = ? WHERE id = ?;Fields:samerow;
    delete_tag_by_id: CQL:DELETE FROM tags WHERE id = ?;Fields:samerow;
  Token Range Queries:
  Insert Settings:
    partitions: fixed(1)
    select: fixed(1)/500
    batchtype: UNLOGGED
Generating batches with [1..1] partitions and [0..0] rows (of [1..1] total rows in the partitions)

Sleeping 2s...
Warming up t1.insert with 50000 iterations...
Running [t1.insert] with 5 threads for 1000000 iteration
type                                               total ops,    op/s,    pk/s,   row/s,    mean,     med,     .95,     .99,    .999,     max,   time,   stderr, errors,  gc: #,  max ms,  sum ms,  sdv ms,      mb
total,                                                   724,     724,     724,     724,     1.2,     0.8,     3.2,    10.3,    13.9,    13.9,    1.0,  0.00000,      0,      0,       0,       0,       0,       0
total,                                                  5433,    4709,    4709,    4709,     1.0,     0.7,     2.6,     6.7,    12.8,    19.5,    2.0,  0.51958,      0,      0,       0,       0,       0,       0
total,                                                 10701,    5268,    5268,    5268,     0.9,     0.7,     2.0,     5.0,    31.5,    51.7,    3.0,  0.33068,      0,      0,       0,       0,       0,       0
total,                                                 15449,    4748,    4748,    4748,     1.0,     0.8,     2.4,     5.2,    11.2,    14.7,    4.0,  0.23847,      0,      0,       0,       0,       0,       0
total,                                                 20047,    4598,    4598,    4598,     1.1,     0.7,     2.7,     7.1,    15.1,    20.6,    5.0,  0.18675,      0,      0,       0,       0,       0,       0
total,                                                 24817,    4770,    4770,    4770,     1.0,     0.7,     2.8,     6.5,    16.7,    19.4,    6.0,  0.15342,      0,      0,       0,       0,       0,       0
total,                                                 28199,    3382,    3382,    3382,     1.5,     0.8,     4.4,    10.7,    17.7,    31.9,    7.0,  0.13703,      0,      0,       0,       0,       0,       0
total,                                                 33127,    4928,    4928,    4928,     1.0,     0.7,     2.7,     5.5,    12.2,    17.8,    8.0,  0.11928,      0,      0,       0,       0,       0,       0
total,                                                 37401,    4274,    4274,    4274,     1.2,     0.8,     3.0,     6.8,    14.4,    21.6,    9.0,  0.10574,      0,      0,       0,       0,       0,       0
total,                                                 43566,    6165,    6165,    6165,     0.8,     0.6,     1.7,     3.1,     7.1,    12.5,   10.0,  0.10024,      0,      0,       0,       0,       0,       0
total,                                                 46346,    2780,    2780,    2780,     1.0,     0.7,     2.1,     5.1,    11.8,    16.6,   11.0,  0.09981,      0,      0,       0,       0,       0,       0
total,                                                 50489,    4143,    4143,    4143,     3.0,     0.7,     2.1,     5.2,  1701.8,  1701.8,   13.0,  0.27366,      0,      0,       0,       0,       0,       0
total,                                                 55380,    4891,    4891,    4891,     1.0,     0.7,     2.3,     5.5,    15.1,    25.3,   14.0,  0.24705,      0,      0,       0,       0,       0,       0
total,                                                 61015,    5635,    5635,    5635,     0.9,     0.7,     1.9,     3.9,    13.0,    15.4,   15.0,  0.22442,      0,      0,       0,       0,       0,       0
total,                                                 66503,    5488,    5488,    5488,     0.9,     0.7,     1.9,     3.6,    11.1,    21.5,   16.0,  0.20577,      0,      0,       0,       0,       0,       0
total,                                                 71295,    4792,    4792,    4792,     1.0,     0.8,     2.5,     4.8,    12.1,    13.7,   17.0,  0.19080,      0,      0,       0,       0,       0,       0
total,                                                 75784,    4489,    4489,    4489,     1.1,     0.7,     2.1,     4.0,   157.9,   162.1,   18.0,  0.17739,      0,      0,       0,       0,       0,       0
total,                                                 79626,    3842,    3842,    3842,     1.1,     0.8,     3.2,     6.5,    11.3,    13.4,   19.0,  0.16780,      0,      0,       0,       0,       0,       0
total,                                                 84153,    4527,    4527,    4527,     1.2,     0.7,     2.3,     5.0,   132.6,   143.0,   20.0,  0.15746,      0,      0,       0,       0,       0,       0
total,                                                 89094,    4941,    4941,    4941,     1.0,     0.7,     2.3,     4.9,    12.7,    21.6,   21.0,  0.14847,      0,      0,       0,       0,       0,       0
total,                                                 93969,    4875,    4875,    4875,     1.0,     0.7,     2.4,     5.2,    11.7,    12.7,   22.0,  0.14053,      0,      0,       0,       0,       0,       0
total,                                                 98562,    4593,    4593,    4593,     1.1,     0.7,     2.8,     6.4,    16.0,    20.4,   23.0,  0.13358,      0,      0,       0,       0,       0,       0
total,                                                102353,    3791,    3791,    3791,     1.3,     0.8,     4.0,    10.0,    16.3,    19.2,   24.0,  0.12820,      0,      0,       0,       0,       0,       0
total,                                                102687,     334,     334,     334,     1.0,     0.7,     2.8,     7.1,    11.7,    11.7,   25.0,  0.13307,      0,      0,       0,       0,       0,       0
total,                                                103923,    1236,    1236,    1236,     7.8,     1.0,     4.7,    13.6,  1539.3,  1540.4,   26.0,  0.15062,      0,      0,       0,       0,       0,       0
total,                                                108973,    5050,    5050,    5050,     1.0,     0.7,     2.2,     4.8,    12.7,    25.9,   27.0,  0.14358,      0,      0,       0,       0,       0,       0
total,                                                114268,    5295,    5295,    5295,     0.9,     0.7,     2.1,     4.8,    10.6,    19.2,   28.0,  0.13713,      0,      0,       0,       0,       0,       0
total,                                                118126,    3858,    3858,    3858,     1.3,     0.8,     4.0,     9.6,    15.8,    22.1,   29.0,  0.13215,      0,      0,       0,       0,       0,       0
total,                                                123975,    5849,    5849,    5849,     0.8,     0.7,     1.9,     3.4,    11.7,    12.3,   30.0,  0.12671,      0,      0,       0,       0,       0,       0
total,                                                128379,    4404,    4404,    4404,     1.1,     0.7,     3.1,     7.6,    15.7,    18.2,   31.0,  0.12205,      0,      0,       0,       0,       0,       0
total,                                                133984,    5605,    5605,    5605,     0.9,     0.7,     1.9,     4.3,    10.5,    14.3,   32.0,  0.11740,      0,      0,       0,       0,       0,       0
total,                                                138892,    4908,    4908,    4908,     1.0,     0.7,     2.4,     6.8,    13.6,    14.7,   33.0,  0.11318,      0,      0,       0,       0,       0,       0
total,                                                141431,    2539,    2539,    2539,     2.0,     0.9,     5.1,     9.6,   183.9,   189.4,   34.0,  0.11067,      0,      0,       0,       0,       0,       0
total,                                                146425,    4994,    4994,    4994,     1.0,     0.7,     2.2,     5.1,    12.7,    16.2,   35.0,  0.10692,      0,      0,       0,       0,       0,       0
total,                                                152001,    5576,    5576,    5576,     0.9,     0.7,     2.0,     3.9,     9.6,    26.4,   36.0,  0.10339,      0,      0,       0,       0,       0,       0
total,                                                157295,    5294,    5294,    5294,     0.9,     0.7,     2.1,     4.2,     8.5,    15.2,   37.0,  0.10008,      0,      0,       0,       0,       0,       0
total,                                                158648,    1353,    1353,    1353,     0.9,     0.7,     1.8,     3.9,    17.2,    18.2,   38.0,  0.10067,      0,      0,       0,       0,       0,       0
total,                                                158862,     214,     214,     214,    41.0,     0.7,     9.6,  1700.8,  1701.8,  1701.8,   39.0,  0.10470,      0,      0,       0,       0,       0,       0
total,                                                164169,    5307,    5307,    5307,     0.9,     0.7,     2.0,     4.4,    11.5,    18.5,   40.0,  0.10154,      0,      0,       0,       0,       0,       0
total,                                                169218,    5049,    5049,    5049,     1.0,     0.7,     2.5,     4.7,    11.8,    18.6,   41.0,  0.09859,      0,      0,       0,       0,       0,       0
total,                                                174731,    5513,    5513,    5513,     0.9,     0.7,     1.9,     3.7,     8.1,    11.3,   42.0,  0.09579,      0,      0,       0,       0,       0,       0
total,                                                180362,    5631,    5631,    5631,     0.9,     0.7,     1.9,     3.7,     9.2,    21.8,   43.0,  0.09316,      0,      0,       0,       0,       0,       0
total,                                                185926,    5564,    5564,    5564,     0.9,     0.6,     2.1,     5.3,    12.0,    14.1,   44.0,  0.09066,      0,      0,       0,       0,       0,       0
total,                                                191639,    5713,    5713,    5713,     0.9,     0.7,     1.8,     3.2,     9.4,    16.6,   45.0,  0.08831,      0,      0,       0,       0,       0,       0
total,                                                196579,    4940,    4940,    4940,     1.0,     0.7,     2.4,     5.3,    13.9,    15.6,   46.0,  0.08610,      0,      0,       0,       0,       0,       0
total,                                                201984,    5405,    5405,    5405,     0.9,     0.7,     2.0,     4.3,     9.6,    16.4,   47.0,  0.08396,      0,      0,       0,       0,       0,       0
total,                                                206981,    4997,    4997,    4997,     0.9,     0.8,     2.0,     3.7,    11.6,    13.0,   48.0,  0.08196,      0,      0,       0,       0,       0,       0
total,                                                211269,    4288,    4288,    4288,     1.2,     0.7,     2.9,     8.0,   107.2,   109.7,   49.0,  0.08009,      0,      0,       0,       0,       0,       0
total,                                                215621,    4352,    4352,    4352,     1.1,     0.7,     2.9,     6.5,    10.7,    12.6,   50.0,  0.07840,      0,      0,       0,       0,       0,       0
total,                                                217233,    1612,    1612,    1612,     6.3,     0.8,     4.3,     9.8,  1614.8,  1614.8,   52.0,  0.08804,      0,      0,       0,       0,       0,       0
total,                                                222282,    5049,    5049,    5049,     1.0,     0.7,     2.5,     6.0,    13.1,    23.3,   53.0,  0.08607,      0,      0,       0,       0,       0,       0
total,                                                225866,    3584,    3584,    3584,     1.4,     0.8,     4.2,     9.3,    22.6,    35.7,   54.0,  0.08458,      0,      0,       0,       0,       0,       0
total,                                                230167,    4301,    4301,    4301,     1.2,     0.7,     3.2,     7.9,    12.7,    16.1,   55.0,  0.08291,      0,      0,       0,       0,       0,       0
total,                                                233954,    3787,    3787,    3787,     1.3,     0.8,     4.0,     8.5,    12.9,    15.0,   56.0,  0.08148,      0,      0,       0,       0,       0,       0
total,                                                239188,    5234,    5234,    5234,     0.9,     0.7,     2.1,     3.9,     9.1,    17.3,   57.0,  0.07979,      0,      0,       0,       0,       0,       0
total,                                                243183,    3995,    3995,    3995,     1.2,     0.8,     3.6,     9.5,    18.5,    22.9,   58.0,  0.07839,      0,      0,       0,       0,       0,       0
total,                                                247698,    4515,    4515,    4515,     1.1,     0.8,     3.1,     6.7,    14.6,    18.6,   59.0,  0.07690,      0,      0,       0,       0,       0,       0
total,                                                253510,    5812,    5812,    5812,     0.9,     0.7,     1.8,     3.2,     8.5,     9.3,   60.0,  0.07543,      0,      0,       0,       0,       0,       0
total,                                                257800,    4290,    4290,    4290,     1.2,     0.8,     2.9,     7.0,    16.0,    17.9,   61.0,  0.07410,      0,      0,       0,       0,       0,       0
total,                                                261451,    3651,    3651,    3651,     1.4,     0.9,     3.8,     7.6,    13.6,    15.6,   62.0,  0.07302,      0,      0,       0,       0,       0,       0
total,                                                266468,    5017,    5017,    5017,     1.0,     0.7,     2.4,     5.4,    14.6,    21.3,   63.0,  0.07168,      0,      0,       0,       0,       0,       0
total,                                                271808,    5340,    5340,    5340,     0.9,     0.7,     2.0,     3.6,     9.0,    12.5,   64.0,  0.07038,      0,      0,       0,       0,       0,       0
total,                                                274748,    2940,    2940,    2940,     3.5,     0.8,     3.1,     7.7,  1208.0,  1210.1,   66.0,  0.10506,      0,      0,       0,       0,       0,       0
total,                                                281173,    6425,    6425,    6425,     0.8,     0.6,     1.6,     3.3,    10.3,    14.9,   67.0,  0.10293,      0,      0,       0,       0,       0,       0
total,                                                285744,    4571,    4571,    4571,     1.1,     0.8,     2.6,     8.4,    16.1,    20.1,   68.0,  0.10113,      0,      0,       0,       0,       0,       0
total,                                                291320,    5576,    5576,    5576,     0.9,     0.7,     1.9,     4.3,    10.3,    14.1,   69.0,  0.09921,      0,      0,       0,       0,       0,       0
total,                                                296564,    5244,    5244,    5244,     0.9,     0.7,     2.2,     4.7,    11.1,    17.4,   70.0,  0.09740,      0,      0,       0,       0,       0,       0
total,                                                301184,    4620,    4620,    4620,     1.1,     0.7,     2.7,     5.8,    14.2,    19.4,   71.0,  0.09578,      0,      0,       0,       0,       0,       0
total,                                                306186,    5002,    5002,    5002,     1.0,     0.7,     2.3,     4.4,    13.1,    19.2,   72.0,  0.09413,      0,      0,       0,       0,       0,       0
total,                                                310724,    4538,    4538,    4538,     1.1,     0.8,     2.7,     5.6,    13.5,    15.9,   73.0,  0.09264,      0,      0,       0,       0,       0,       0
total,                                                315870,    5146,    5146,    5146,     1.0,     0.7,     2.2,     5.8,    14.6,    18.2,   74.0,  0.09108,      0,      0,       0,       0,       0,       0
total,                                                321279,    5409,    5409,    5409,     0.9,     0.7,     2.2,     4.4,    10.7,    19.2,   75.0,  0.08953,      0,      0,       0,       0,       0,       0
total,                                                326088,    4809,    4809,    4809,     1.0,     0.7,     2.5,     6.2,    13.5,    29.9,   76.0,  0.08812,      0,      0,       0,       0,       0,       0
total,                                                329068,    2980,    2980,    2980,     0.9,     0.7,     1.8,     4.9,    12.0,    14.0,   77.0,  0.08729,      0,      0,       0,       0,       0,       0
total,                                                331207,    2139,    2139,    2139,     5.7,     0.7,     2.5,     5.0,  2034.2,  2035.3,   79.0,  0.09099,      0,      0,       0,       0,       0,       0
total,                                                336591,    5384,    5384,    5384,     0.9,     0.7,     2.0,     3.6,    11.5,    24.3,   80.0,  0.08953,      0,      0,       0,       0,       0,       0
total,                                                340942,    4351,    4351,    4351,     1.1,     0.7,     2.7,     6.0,    63.2,    88.8,   81.0,  0.08820,      0,      0,       0,       0,       0,       0
total,                                                345752,    4810,    4810,    4810,     1.0,     0.7,     2.3,     6.1,    27.2,    41.6,   82.0,  0.08688,      0,      0,       0,       0,       0,       0
total,                                                350467,    4715,    4715,    4715,     1.1,     0.7,     2.6,     6.1,    14.9,    20.1,   83.0,  0.08563,      0,      0,       0,       0,       0,       0
total,                                                356478,    6011,    6011,    6011,     0.8,     0.7,     1.7,     3.2,     9.7,    14.1,   84.0,  0.08430,      0,      0,       0,       0,       0,       0
total,                                                361842,    5364,    5364,    5364,     0.9,     0.7,     1.9,     3.9,    15.7,    18.0,   85.0,  0.08305,      0,      0,       0,       0,       0,       0
total,                                                366560,    4718,    4718,    4718,     1.1,     0.8,     2.5,     5.7,    13.3,    20.0,   86.0,  0.08191,      0,      0,       0,       0,       0,       0
total,                                                372031,    5471,    5471,    5471,     0.9,     0.7,     2.0,     4.7,    10.5,    13.1,   87.0,  0.08072,      0,      0,       0,       0,       0,       0
total,                                                377093,    5062,    5062,    5062,     1.0,     0.7,     2.4,     5.4,    13.0,    15.4,   88.0,  0.07960,      0,      0,       0,       0,       0,       0
total,                                                382706,    5613,    5613,    5613,     0.9,     0.7,     1.9,     4.6,     9.5,    15.1,   89.0,  0.07847,      0,      0,       0,       0,       0,       0
total,                                                386275,    3569,    3569,    3569,     0.9,     0.7,     2.1,     3.8,    13.4,    16.8,   90.0,  0.07768,      0,      0,       0,       0,       0,       0
total,                                                389029,    2754,    2754,    2754,     4.2,     0.7,     2.9,     8.1,  1715.5,  1716.5,   92.0,  0.08228,      0,      0,       0,       0,       0,       0
total,                                                393774,    4745,    4745,    4745,     1.0,     0.8,     2.6,     5.3,    11.3,    17.0,   93.0,  0.08121,      0,      0,       0,       0,       0,       0
total,                                                398496,    4722,    4722,    4722,     1.0,     0.7,     2.5,     6.8,    12.4,    14.3,   94.0,  0.08018,      0,      0,       0,       0,       0,       0
total,                                                403157,    4661,    4661,    4661,     1.1,     0.7,     2.7,     7.1,    11.8,    17.0,   95.0,  0.07918,      0,      0,       0,       0,       0,       0
total,                                                406602,    3445,    3445,    3445,     1.4,     0.7,     2.7,     7.7,   278.4,   279.7,   96.0,  0.07820,      0,      0,       0,       0,       0,       0
total,                                                411700,    5098,    5098,    5098,     1.0,     0.8,     2.2,     4.4,    11.6,    14.4,   97.0,  0.07721,      0,      0,       0,       0,       0,       0
total,                                                414223,    2523,    2523,    2523,     2.0,     0.9,     5.1,    12.4,   236.6,   248.4,   98.0,  0.07654,      0,      0,       0,       0,       0,       0
total,                                                418915,    4692,    4692,    4692,     1.1,     0.7,     2.9,     5.4,    18.7,    23.8,   99.0,  0.07562,      0,      0,       0,       0,       0,       0
total,                                                424118,    5203,    5203,    5203,     1.0,     0.7,     2.2,     4.6,    10.7,    13.7,  100.0,  0.07468,      0,      0,       0,       0,       0,       0
total,                                                429249,    5131,    5131,    5131,     1.0,     0.7,     2.2,     4.8,    10.6,    14.4,  101.0,  0.07377,      0,      0,       0,       0,       0,       0
total,                                                434663,    5414,    5414,    5414,     0.9,     0.7,     2.1,     4.7,    10.2,    23.1,  102.0,  0.07287,      0,      0,       0,       0,       0,       0
total,                                                437816,    3153,    3153,    3153,     1.2,     0.7,     3.4,     8.8,    16.2,    17.1,  103.0,  0.07231,      0,      0,       0,       0,       0,       0
total,                                                439924,    2108,    2108,    2108,     5.4,     0.8,     2.3,     4.8,  1848.6,  1849.7,  105.0,  0.07508,      0,      0,       0,       0,       0,       0
total,                                                444779,    4855,    4855,    4855,     1.0,     0.7,     2.6,     5.7,    13.0,    17.1,  106.0,  0.07422,      0,      0,       0,       0,       0,       0
total,                                                450382,    5603,    5603,    5603,     0.9,     0.7,     2.0,     3.9,     7.6,    10.0,  107.0,  0.07333,      0,      0,       0,       0,       0,       0
total,                                                455263,    4881,    4881,    4881,     1.0,     0.8,     2.4,     4.9,    13.3,    14.7,  108.0,  0.07251,      0,      0,       0,       0,       0,       0
total,                                                460884,    5621,    5621,    5621,     0.9,     0.7,     1.7,     3.2,    12.6,    81.2,  109.0,  0.07166,      0,      0,       0,       0,       0,       0
total,                                                465483,    4599,    4599,    4599,     1.1,     0.7,     2.2,     6.2,    65.4,    78.2,  110.0,  0.07087,      0,      0,       0,       0,       0,       0
total,                                                470684,    5201,    5201,    5201,     1.0,     0.7,     2.3,     5.6,    10.5,    20.7,  111.0,  0.07008,      0,      0,       0,       0,       0,       0
total,                                                475547,    4863,    4863,    4863,     1.0,     0.7,     2.2,     4.7,    65.1,    79.2,  112.0,  0.06930,      0,      0,       0,       0,       0,       0
total,                                                479912,    4365,    4365,    4365,     1.1,     0.8,     3.1,     6.5,    16.3,    17.6,  113.0,  0.06862,      0,      0,       0,       0,       0,       0
total,                                                482074,    2162,    2162,    2162,     0.9,     0.7,     1.9,     5.8,    10.7,    13.4,  114.0,  0.06839,      0,      0,       0,       0,       0,       0
total,                                                485508,    3434,    3434,    3434,     5.2,     0.8,     3.0,     7.3,  2787.1,  2810.2,  117.0,  0.07096,      0,      0,       0,       0,       0,       0
total,                                                489058,    3550,    3550,    3550,     1.4,     0.9,     4.2,     8.8,    19.3,    20.6,  118.0,  0.07039,      0,      0,       0,       0,       0,       0
total,                                                494485,    5427,    5427,    5427,     0.9,     0.7,     2.1,     3.4,     7.3,     9.0,  119.0,  0.06964,      0,      0,       0,       0,       0,       0
total,                                                498729,    4244,    4244,    4244,     1.2,     0.8,     3.2,     8.3,    14.1,    23.6,  120.0,  0.06899,      0,      0,       0,       0,       0,       0
total,                                                502368,    3639,    3639,    3639,     1.4,     0.9,     3.7,     9.2,    15.5,    18.7,  121.0,  0.06843,      0,      0,       0,       0,       0,       0
total,                                                506416,    4048,    4048,    4048,     1.2,     0.8,     3.2,     6.4,    12.2,    23.9,  122.0,  0.06783,      0,      0,       0,       0,       0,       0
total,                                                510686,    4270,    4270,    4270,     1.2,     0.8,     2.9,     7.0,    14.8,    26.2,  123.0,  0.06720,      0,      0,       0,       0,       0,       0
total,                                                515759,    5073,    5073,    5073,     1.0,     0.7,     2.3,     4.8,    12.8,    14.9,  124.0,  0.06653,      0,      0,       0,       0,       0,       0
total,                                                519700,    3941,    3941,    3941,     1.3,     0.9,     3.3,     7.3,    14.2,    20.8,  125.0,  0.06598,      0,      0,       0,       0,       0,       0
total,                                                524688,    4988,    4988,    4988,     1.0,     0.7,     2.1,     5.6,    75.0,    80.0,  126.0,  0.06532,      0,      0,       0,       0,       0,       0
total,                                                530406,    5718,    5718,    5718,     0.9,     0.7,     1.9,     3.2,     7.2,    12.0,  127.0,  0.06467,      0,      0,       0,       0,       0,       0
total,                                                535401,    4995,    4995,    4995,     1.0,     0.8,     2.2,     4.1,     9.7,    11.4,  128.0,  0.06405,      0,      0,       0,       0,       0,       0
total,                                                538075,    2674,    2674,    2674,     1.0,     0.7,     2.4,     5.9,    12.1,    13.2,  129.0,  0.06375,      0,      0,       0,       0,       0,       0
total,                                                539003,     928,     928,     928,     7.8,     0.8,     5.2,    16.1,  1187.0,  1187.0,  130.0,  0.06681,      0,      0,       0,       0,       0,       0
total,                                                544083,    5080,    5080,    5080,     1.0,     0.7,     2.3,     5.9,    12.5,    21.9,  131.0,  0.06617,      0,      0,       0,       0,       0,       0
total,                                                549094,    5011,    5011,    5011,     1.0,     0.7,     2.2,     4.8,    11.4,    13.8,  132.0,  0.06556,      0,      0,       0,       0,       0,       0
total,                                                553574,    4480,    4480,    4480,     1.1,     0.8,     3.0,     6.4,    13.0,    15.4,  133.0,  0.06498,      0,      0,       0,       0,       0,       0
total,                                                558989,    5415,    5415,    5415,     0.9,     0.7,     2.0,     3.5,    10.4,    15.8,  134.0,  0.06437,      0,      0,       0,       0,       0,       0
total,                                                562965,    3976,    3976,    3976,     1.2,     0.8,     3.6,     8.2,    13.6,    33.0,  135.0,  0.06386,      0,      0,       0,       0,       0,       0
total,                                                567276,    4311,    4311,    4311,     1.2,     0.7,     2.9,     8.1,    22.0,    23.8,  136.0,  0.06333,      0,      0,       0,       0,       0,       0
total,                                                571972,    4696,    4696,    4696,     1.1,     0.7,     2.7,     6.3,    14.2,    16.2,  137.0,  0.06278,      0,      0,       0,       0,       0,       0
total,                                                576417,    4445,    4445,    4445,     1.1,     0.7,     2.7,     6.2,    61.8,    80.3,  138.0,  0.06224,      0,      0,       0,       0,       0,       0
total,                                                580760,    4343,    4343,    4343,     1.1,     0.8,     2.9,     7.1,    14.0,    15.4,  139.0,  0.06173,      0,      0,       0,       0,       0,       0
total,                                                585185,    4425,    4425,    4425,     1.1,     0.8,     2.4,     6.1,    38.2,    63.7,  140.0,  0.06122,      0,      0,       0,       0,       0,       0
total,                                                590602,    5417,    5417,    5417,     0.9,     0.7,     1.9,     3.3,     6.7,    11.8,  141.0,  0.06067,      0,      0,       0,       0,       0,       0
total,                                                594320,    3718,    3718,    3718,     1.1,     0.8,     3.0,     6.4,     9.7,    11.9,  142.0,  0.06026,      0,      0,       0,       0,       0,       0
total,                                                595729,    1409,    1409,    1409,     4.1,     0.8,     2.8,     6.3,   853.0,   853.5,  143.0,  0.06010,      0,      0,       0,       0,       0,       0
total,                                                599949,    4220,    4220,    4220,     1.2,     0.8,     3.3,     7.8,    11.9,    13.9,  144.0,  0.05965,      0,      0,       0,       0,       0,       0
total,                                                602826,    2877,    2877,    2877,     1.7,     1.0,     5.4,    10.9,    26.2,    32.0,  145.0,  0.05936,      0,      0,       0,       0,       0,       0
total,                                                607280,    4454,    4454,    4454,     1.1,     0.8,     2.9,     7.0,    12.4,    14.7,  146.0,  0.05890,      0,      0,       0,       0,       0,       0
total,                                                612032,    4752,    4752,    4752,     1.0,     0.7,     2.5,     7.1,    13.9,    16.9,  147.0,  0.05843,      0,      0,       0,       0,       0,       0
total,                                                616741,    4709,    4709,    4709,     1.1,     0.8,     2.3,     6.2,    12.8,    20.1,  148.0,  0.05796,      0,      0,       0,       0,       0,       0
total,                                                620992,    4251,    4251,    4251,     1.2,     0.8,     3.2,     7.9,    12.5,    19.1,  149.0,  0.05754,      0,      0,       0,       0,       0,       0
total,                                                624121,    3129,    3129,    3129,     1.6,     1.0,     5.2,     8.9,    15.0,    35.2,  150.0,  0.05723,      0,      0,       0,       0,       0,       0
total,                                                629619,    5498,    5498,    5498,     0.9,     0.7,     1.9,     3.4,     9.7,    15.2,  151.0,  0.05676,      0,      0,       0,       0,       0,       0
total,                                                634557,    4938,    4938,    4938,     1.0,     0.7,     2.4,     5.5,    12.5,    13.0,  152.0,  0.05632,      0,      0,       0,       0,       0,       0
total,                                                638127,    3570,    3570,    3570,     1.4,     0.8,     4.2,     9.1,    15.0,    17.9,  153.0,  0.05598,      0,      0,       0,       0,       0,       0
total,                                                643246,    5119,    5119,    5119,     1.0,     0.7,     2.2,     4.6,    12.0,    13.9,  154.0,  0.05554,      0,      0,       0,       0,       0,       0
total,                                                647012,    3766,    3766,    3766,     1.3,     0.8,     3.8,     9.4,    15.7,    20.5,  155.0,  0.05519,      0,      0,       0,       0,       0,       0
total,                                                650783,    3771,    3771,    3771,     0.8,     0.7,     1.7,     3.1,     8.2,    11.1,  156.0,  0.05485,      0,      0,       0,       0,       0,       0
total,                                                651107,     324,     324,     324,    20.4,     0.9,     9.1,  1210.1,  1210.1,  1210.1,  157.0,  0.05570,      0,      0,       0,       0,       0,       0
total,                                                654309,    3202,    3202,    3202,     1.6,     0.8,     2.9,     8.5,   233.0,   238.9,  158.0,  0.05533,      0,      0,       0,       0,       0,       0
total,                                                659675,    5366,    5366,    5366,     0.9,     0.7,     2.0,     3.5,     9.0,    13.1,  159.0,  0.05490,      0,      0,       0,       0,       0,       0
total,                                                664037,    4362,    4362,    4362,     1.1,     0.8,     3.0,     7.3,    15.3,    19.2,  160.0,  0.05452,      0,      0,       0,       0,       0,       0
total,                                                669314,    5277,    5277,    5277,     0.9,     0.7,     2.0,     4.2,    10.4,    11.9,  161.0,  0.05410,      0,      0,       0,       0,       0,       0
total,                                                673934,    4620,    4620,    4620,     1.1,     0.8,     2.8,     5.3,    11.2,    12.6,  162.0,  0.05372,      0,      0,       0,       0,       0,       0
total,                                                678880,    4946,    4946,    4946,     1.0,     0.7,     2.3,     4.9,    15.7,    19.1,  163.0,  0.05332,      0,      0,       0,       0,       0,       0
total,                                                684044,    5164,    5164,    5164,     1.0,     0.7,     2.2,     4.6,     9.3,    11.8,  164.0,  0.05293,      0,      0,       0,       0,       0,       0
total,                                                688830,    4786,    4786,    4786,     1.0,     0.7,     2.5,     5.4,    11.4,    15.7,  165.0,  0.05256,      0,      0,       0,       0,       0,       0
total,                                                693265,    4435,    4435,    4435,     1.1,     0.8,     2.6,     6.1,    14.8,    23.2,  166.0,  0.05220,      0,      0,       0,       0,       0,       0
total,                                                698309,    5044,    5044,    5044,     1.0,     0.7,     2.2,     5.0,    13.4,    21.6,  167.0,  0.05183,      0,      0,       0,       0,       0,       0
total,                                                702904,    4595,    4595,    4595,     1.1,     0.8,     2.7,     7.1,    13.3,    19.0,  168.0,  0.05147,      0,      0,       0,       0,       0,       0
total,                                                707209,    4305,    4305,    4305,     1.2,     0.7,     3.7,     7.5,    13.2,    21.1,  169.0,  0.05114,      0,      0,       0,       0,       0,       0
total,                                                707619,     410,     410,     410,     1.1,     0.6,     4.2,     8.5,    12.1,    12.1,  170.0,  0.05138,      0,      0,       0,       0,       0,       0
total,                                                709853,    2234,    2234,    2234,     4.3,     0.8,     2.7,     7.6,  1419.8,  1422.9,  171.0,  0.05360,      0,      0,       0,       0,       0,       0
total,                                                714784,    4931,    4931,    4931,     1.0,     0.8,     2.1,     4.8,    11.6,    13.7,  172.0,  0.05322,      0,      0,       0,       0,       0,       0
total,                                                719308,    4524,    4524,    4524,     1.1,     0.7,     2.7,     5.9,    55.7,    65.4,  173.0,  0.05286,      0,      0,       0,       0,       0,       0
total,                                                725107,    5799,    5799,    5799,     0.9,     0.7,     1.8,     3.7,     9.0,    13.6,  174.0,  0.05248,      0,      0,       0,       0,       0,       0
total,                                                729666,    4559,    4559,    4559,     1.1,     0.8,     2.7,     6.4,    13.9,    35.2,  175.0,  0.05214,      0,      0,       0,       0,       0,       0
total,                                                734981,    5315,    5315,    5315,     0.9,     0.7,     2.0,     3.7,     8.0,    21.1,  176.0,  0.05177,      0,      0,       0,       0,       0,       0
total,                                                738412,    3431,    3431,    3431,     1.4,     0.9,     4.5,     9.4,    17.8,    19.9,  177.0,  0.05152,      0,      0,       0,       0,       0,       0
total,                                                741092,    2680,    2680,    2680,     1.9,     1.2,     5.2,     9.6,    13.9,    17.0,  178.0,  0.05134,      0,      0,       0,       0,       0,       0
total,                                                745519,    4427,    4427,    4427,     1.1,     0.7,     3.1,     7.1,    12.7,    20.6,  179.0,  0.05102,      0,      0,       0,       0,       0,       0
total,                                                750125,    4606,    4606,    4606,     1.1,     0.8,     2.7,     5.8,    13.1,    16.2,  180.0,  0.05069,      0,      0,       0,       0,       0,       0
total,                                                755295,    5170,    5170,    5170,     1.0,     0.7,     2.3,     4.5,    11.5,    18.0,  181.0,  0.05035,      0,      0,       0,       0,       0,       0
total,                                                760169,    4874,    4874,    4874,     1.0,     0.8,     2.4,     4.5,    11.6,    17.9,  182.0,  0.05003,      0,      0,       0,       0,       0,       0
total,                                                763510,    3341,    3341,    3341,     1.2,     0.8,     3.4,     8.0,    19.7,    47.9,  183.0,  0.04979,      0,      0,       0,       0,       0,       0
total,                                                768119,    4609,    4609,    4609,     1.3,     0.7,     1.9,     4.0,   352.8,   357.3,  184.0,  0.04950,      0,      0,       0,       0,       0,       0
total,                                                772335,    4216,    4216,    4216,     1.2,     0.8,     3.1,     6.1,    15.9,    17.7,  185.0,  0.04921,      0,      0,       0,       0,       0,       0
total,                                                777592,    5257,    5257,    5257,     0.9,     0.7,     2.2,     5.1,    12.2,    14.8,  186.0,  0.04889,      0,      0,       0,       0,       0,       0
total,                                                783071,    5479,    5479,    5479,     0.9,     0.7,     1.9,     3.1,    11.5,    17.6,  187.0,  0.04857,      0,      0,       0,       0,       0,       0
total,                                                787659,    4588,    4588,    4588,     1.1,     0.8,     2.4,     4.9,    50.2,    67.1,  188.0,  0.04827,      0,      0,       0,       0,       0,       0
total,                                                793309,    5650,    5650,    5650,     0.9,     0.7,     1.8,     2.9,     6.1,    11.9,  189.0,  0.04796,      0,      0,       0,       0,       0,       0
total,                                                798242,    4933,    4933,    4933,     1.0,     0.7,     2.4,     5.6,    11.2,    16.8,  190.0,  0.04766,      0,      0,       0,       0,       0,       0
total,                                                803475,    5233,    5233,    5233,     0.9,     0.7,     2.2,     4.4,    12.2,    18.2,  191.0,  0.04736,      0,      0,       0,       0,       0,       0
total,                                                806360,    2885,    2885,    2885,     1.7,     1.2,     4.7,     8.7,    20.7,    21.0,  192.0,  0.04720,      0,      0,       0,       0,       0,       0
total,                                                811477,    5117,    5117,    5117,     1.0,     0.7,     2.3,     5.0,    12.1,    14.5,  193.0,  0.04690,      0,      0,       0,       0,       0,       0
total,                                                816732,    5255,    5255,    5255,     0.9,     0.7,     2.1,     4.2,    15.8,    29.6,  194.0,  0.04661,      0,      0,       0,       0,       0,       0
total,                                                820597,    3865,    3865,    3865,     1.1,     0.7,     2.7,     6.0,    12.3,    19.1,  195.0,  0.04638,      0,      0,       0,       0,       0,       0
total,                                                824457,    3860,    3860,    3860,     2.8,     0.7,     2.4,     6.1,  1382.0,  1386.2,  197.0,  0.05059,      0,      0,       0,       0,       0,       0
total,                                                829876,    5419,    5419,    5419,     0.9,     0.7,     2.0,     3.5,     6.0,     7.0,  198.0,  0.05028,      0,      0,       0,       0,       0,       0
total,                                                835498,    5622,    5622,    5622,     0.9,     0.7,     1.8,     2.8,     7.5,    11.6,  199.0,  0.04996,      0,      0,       0,       0,       0,       0
total,                                                840814,    5316,    5316,    5316,     0.9,     0.7,     2.1,     4.1,    13.4,    36.5,  200.0,  0.04965,      0,      0,       0,       0,       0,       0
total,                                                846407,    5593,    5593,    5593,     0.9,     0.7,     1.8,     3.2,    13.3,    15.5,  201.0,  0.04935,      0,      0,       0,       0,       0,       0
total,                                                850454,    4047,    4047,    4047,     1.2,     0.8,     2.9,     6.8,    79.0,    81.3,  202.0,  0.04908,      0,      0,       0,       0,       0,       0
total,                                                855272,    4818,    4818,    4818,     1.0,     0.8,     2.4,     5.0,    14.6,    39.6,  203.0,  0.04879,      0,      0,       0,       0,       0,       0
total,                                                861180,    5908,    5908,    5908,     0.8,     0.7,     1.7,     2.7,     5.4,    12.9,  204.0,  0.04849,      0,      0,       0,       0,       0,       0
total,                                                866716,    5536,    5536,    5536,     0.9,     0.7,     2.1,     4.3,    10.3,    15.0,  205.0,  0.04820,      0,      0,       0,       0,       0,       0
total,                                                871589,    4873,    4873,    4873,     1.0,     0.7,     2.3,     5.7,    12.7,    16.4,  206.0,  0.04792,      0,      0,       0,       0,       0,       0
total,                                                872845,    1256,    1256,    1256,     1.0,     0.7,     2.4,     4.0,     5.9,     6.1,  207.0,  0.04796,      0,      0,       0,       0,       0,       0
total,                                                874410,    1565,    1565,    1565,     8.8,     0.8,     3.7,    11.4,  2332.0,  2340.4,  209.0,  0.04867,      0,      0,       0,       0,       0,       0
total,                                                878669,    4259,    4259,    4259,     1.2,     0.8,     2.9,     6.4,    14.0,    17.9,  210.0,  0.04842,      0,      0,       0,       0,       0,       0
total,                                                884467,    5798,    5798,    5798,     0.9,     0.7,     1.8,     3.0,     5.9,    12.0,  211.0,  0.04814,      0,      0,       0,       0,       0,       0
total,                                                889332,    4865,    4865,    4865,     1.0,     0.8,     2.4,     4.8,    12.9,    15.3,  212.0,  0.04787,      0,      0,       0,       0,       0,       0
total,                                                894469,    5137,    5137,    5137,     1.0,     0.8,     2.1,     4.2,    12.3,    20.3,  213.0,  0.04759,      0,      0,       0,       0,       0,       0
total,                                                899763,    5294,    5294,    5294,     0.9,     0.7,     2.1,     3.9,    11.3,    16.0,  214.0,  0.04732,      0,      0,       0,       0,       0,       0
total,                                                903146,    3383,    3383,    3383,     1.5,     1.0,     3.8,     7.2,    13.2,    14.1,  215.0,  0.04713,      0,      0,       0,       0,       0,       0
total,                                                907767,    4621,    4621,    4621,     1.1,     0.8,     2.8,     5.3,    10.5,    14.6,  216.0,  0.04688,      0,      0,       0,       0,       0,       0
total,                                                911772,    4005,    4005,    4005,     1.2,     0.8,     3.6,     8.0,    15.7,    18.7,  217.0,  0.04666,      0,      0,       0,       0,       0,       0
total,                                                915997,    4225,    4225,    4225,     0.9,     0.7,     2.0,     4.4,    12.1,    16.6,  218.0,  0.04643,      0,      0,       0,       0,       0,       0
total,                                                916226,     229,     229,     229,    48.4,     0.8,     3.9,  2166.4,  2166.4,  2166.4,  220.0,  0.04691,      0,      0,       0,       0,       0,       0
total,                                                921542,    5316,    5316,    5316,     0.9,     0.7,     1.9,     3.9,    21.2,    68.4,  221.0,  0.04665,      0,      0,       0,       0,       0,       0
total,                                                925823,    4281,    4281,    4281,     1.2,     0.8,     3.0,     7.4,    17.5,    21.4,  222.0,  0.04642,      0,      0,       0,       0,       0,       0
total,                                                930764,    4941,    4941,    4941,     1.0,     0.8,     2.3,     4.3,    11.5,    17.4,  223.0,  0.04617,      0,      0,       0,       0,       0,       0
total,                                                934070,    3306,    3306,    3306,     1.5,     0.9,     4.5,    10.6,    18.7,    24.4,  224.0,  0.04599,      0,      0,       0,       0,       0,       0
total,                                                939529,    5459,    5459,    5459,     0.9,     0.7,     2.0,     4.4,    12.4,    16.0,  225.0,  0.04574,      0,      0,       0,       0,       0,       0
total,                                                944590,    5061,    5061,    5061,     1.0,     0.7,     2.2,     5.0,    11.9,    16.8,  226.0,  0.04550,      0,      0,       0,       0,       0,       0
total,                                                949044,    4454,    4454,    4454,     1.1,     0.8,     2.7,     6.0,    12.1,    13.2,  227.0,  0.04527,      0,      0,       0,       0,       0,       0
total,                                                954670,    5626,    5626,    5626,     0.9,     0.7,     1.8,     3.3,     7.7,    10.5,  228.0,  0.04503,      0,      0,       0,       0,       0,       0
total,                                                959234,    4564,    4564,    4564,     1.1,     0.8,     2.5,     6.3,    11.6,    15.8,  229.0,  0.04481,      0,      0,       0,       0,       0,       0
total,                                                964362,    5128,    5128,    5128,     1.0,     0.7,     2.1,     4.2,    10.3,    14.3,  230.0,  0.04457,      0,      0,       0,       0,       0,       0
total,                                                969793,    5431,    5431,    5431,     0.9,     0.8,     1.9,     3.0,     6.4,    14.9,  231.0,  0.04433,      0,      0,       0,       0,       0,       0
total,                                                971966,    2173,    2173,    2173,     1.1,     0.7,     3.3,     8.2,    14.9,    18.1,  232.0,  0.04427,      0,      0,       0,       0,       0,       0
total,                                                975566,    3600,    3600,    3600,     3.5,     0.8,     3.1,     8.2,  1655.7,  1656.8,  234.0,  0.04591,      0,      0,       0,       0,       0,       0
total,                                                980847,    5281,    5281,    5281,     0.9,     0.7,     2.0,     3.8,    10.6,    12.2,  235.0,  0.04567,      0,      0,       0,       0,       0,       0
total,                                                985587,    4740,    4740,    4740,     1.0,     0.7,     2.1,     6.3,    79.6,    92.9,  236.0,  0.04544,      0,      0,       0,       0,       0,       0
total,                                                989781,    4194,    4194,    4194,     1.2,     0.8,     3.2,     8.5,    13.2,    19.0,  237.0,  0.04523,      0,      0,       0,       0,       0,       0
total,                                                995162,    5381,    5381,    5381,     0.9,     0.7,     2.1,     4.5,    11.1,    12.2,  238.0,  0.04499,      0,      0,       0,       0,       0,       0
total,                                                999684,    4522,    4522,    4522,     1.1,     0.8,     2.7,     6.5,    14.9,    23.4,  239.0,  0.04478,      0,      0,       0,       0,       0,       0
total,                                               1000000,    4514,    4514,    4514,     1.1,     0.7,     2.7,    10.5,    18.3,    18.3,  239.1,  0.04455,      0,      0,       0,       0,       0,       0


Results:
Op rate                   :    4,183 op/s  [t1.insert: 4,183 op/s]
Partition rate            :    4,183 pk/s  [t1.insert: 4,183 pk/s]
Row rate                  :    4,183 row/s [t1.insert: 4,183 row/s]
Latency mean              :    1.2 ms [t1.insert: 1.2 ms]
Latency median            :    0.7 ms [t1.insert: 0.7 ms]
Latency 95th percentile   :    2.5 ms [t1.insert: 2.5 ms]
Latency 99th percentile   :    5.8 ms [t1.insert: 5.8 ms]
Latency 99.9th percentile :   13.7 ms [t1.insert: 13.7 ms]
Latency max               : 2810.2 ms [t1.insert: 2,810.2 ms]
Total partitions          :  1,000,000 [t1.insert: 1,000,000]
Total errors              :          0 [t1.insert: 0]
Total GC count            : 0
Total GC memory           : 0.000 KiB
Total GC time             :    0.0 seconds
Avg GC time               :    NaN ms
StdDev GC time            :    0.0 ms
Total operation time      : 00:03:59

END
