******************** Stress Settings ********************
Command:
  Type: user
  Count: 100,000
  No Warmup: false
  Consistency Level: LOCAL_ONE
  Target Uncertainty: not applicable
  Command Ratios: {t1.insert=1.0}
  Command Clustering Distribution: clustering=gaussian(1..10)
  Profile File(s): t1_tags.yaml
Rate:
  Auto: false
  Thread Count: 5
  OpsPer Sec: 0
Population:
  Distribution: Gaussian:  min=1,max=100000,mean=50000.500000,stdev=16666.500000
  Order: ARBITRARY
  Wrap: false
Insert:
  Revisits: Uniform:  min=1,max=1000000
  Visits: Fixed:  key=1
  Row Population Ratio: Ratio: divisor=1.000000;delegate=Fixed:  key=1
  Batch Type: not batching
Errors:
  Ignore: false
  Tries: 10
Log:
  No Summary: false
  No Settings: false
  File: tags_100K_write.log
  Interval Millis: 1000
  Level: NORMAL
Mode:
  API: JAVA_DRIVER_NATIVE
  Connection Style: CQL_PREPARED
  CQL Version: CQL3
  Protocol Version: V5
  Username: null
  Password: null
  Auth Provide Class: null
  Max Pending Per Connection: 128
  Connections Per Host: 8
  Compression: NONE
Node:
  Nodes: [localhost]
  Is White List: false
  Datacenter: null
Schema:
  Keyspace: null
  Replication Strategy: org.apache.cassandra.locator.SimpleStrategy
  Replication Strategy Options: {replication_factor=1}
  Table Compression: null
  Table Compaction Strategy: null
  Table Compaction Strategy Options: {}
Transport:
  truststore=null; truststore-password=null; keystore=null; keystore-password=null; ssl-protocol=TLS; ssl-alg=null; ssl-ciphers=TLS_RSA_WITH_AES_128_CBC_SHA,TLS_RSA_WITH_AES_256_CBC_SHA; 
Port:
  Native Port: 9042
  JMX Port: 7199
Graph:
  File: tags_100K.html
  Revision: Insert_100K
  Title: NVO_Cassandra_POC_TAG_Table_100K_Records
  Operation: USER
TokenRange:
  Wrap: false
  Split Factor: 1

******************** Profile(s) ********************
  Keyspace Name: tagging
  Keyspace CQL: 
***
CREATE KEYSPACE IF NOT EXISTS tagging WITH replication = {'class': 'SimpleStrategy', 'replication_factor': 1};
***

  Table Name: tags
  Table CQL: 
***
CREATE TABLE IF NOT EXISTS tags (
  id uuid PRIMARY KEY,
  owner_id int,
  name text,
  description text,
  properties text
);
***

  Extra Schema Definitions: null
  Generator Configs:
    owner_id: Size: Gaussian:  min=5,max=10,mean=7.500000,stdev=0.833333;Identity: Uniform:  min=1,max=1000000;
    name: Size: Uniform:  min=5,max=200;
    description: Size: Uniform:  min=10,max=100;
    id: Size: Gaussian:  min=5,max=10,mean=7.500000,stdev=0.833333;Identity: Uniform:  min=1,max=10000000;
    properties: Size: Uniform:  min=10,max=50;
  Query Definitions:
    select_tag_by_id: CQL:SELECT * FROM tags WHERE id = ?;Fields:samerow;
    update_tag_properties: CQL:UPDATE tags SET properties = ? WHERE id = ?;Fields:samerow;
    delete_tag_by_id: CQL:DELETE FROM tags WHERE id = ?;Fields:samerow;
  Token Range Queries:
  Insert Settings:
    partitions: fixed(1)
    select: fixed(1)/500
    batchtype: UNLOGGED
Generating batches with [1..1] partitions and [0..0] rows (of [1..1] total rows in the partitions)

Sleeping 2s...
Warming up t1.insert with 25000 iterations...
Running [t1.insert] with 5 threads for 100000 iteration
type                                               total ops,    op/s,    pk/s,   row/s,    mean,     med,     .95,     .99,    .999,     max,   time,   stderr, errors,  gc: #,  max ms,  sum ms,  sdv ms,      mb
total,                                                  1832,    1832,    1832,    1832,     1.4,     0.9,     3.5,     7.9,    15.3,    17.8,    1.0,  0.00000,      0,      0,       0,       0,       0,       0
total,                                                  5783,    3951,    3951,    3951,     1.2,     0.9,     3.3,     6.5,    11.1,    11.9,    2.0,  0.25725,      0,      0,       0,       0,       0,       0
total,                                                  9328,    3545,    3545,    3545,     1.4,     0.9,     3.5,     7.8,    34.1,    51.3,    3.0,  0.17138,      0,      0,       0,       0,       0,       0
total,                                                 13194,    3866,    3866,    3866,     1.1,     0.8,     2.8,     4.8,     8.0,    15.0,    4.0,  0.13020,      0,      0,       0,       0,       0,       0
total,                                                 16241,    3047,    3047,    3047,     1.8,     0.8,     2.9,     6.2,   427.0,   429.1,    5.0,  0.13160,      0,      0,       0,       0,       0,       0
total,                                                 20024,    3783,    3783,    3783,     1.3,     0.8,     3.7,     7.7,    12.4,    13.5,    6.0,  0.10940,      0,      0,       0,       0,       0,       0
total,                                                 24429,    4405,    4405,    4405,     1.1,     0.8,     2.6,     6.1,    21.0,    25.3,    7.0,  0.09461,      0,      0,       0,       0,       0,       0
total,                                                 28077,    3648,    3648,    3648,     1.4,     1.0,     3.4,     6.2,    14.1,    16.6,    8.0,  0.08343,      0,      0,       0,       0,       0,       0
total,                                                 31620,    3543,    3543,    3543,     1.4,     0.9,     4.0,     9.6,    19.4,    29.1,    9.0,  0.07486,      0,      0,       0,       0,       0,       0
total,                                                 36153,    4533,    4533,    4533,     1.1,     0.8,     2.4,     4.8,    10.4,    15.3,   10.0,  0.06859,      0,      0,       0,       0,       0,       0
total,                                                 39171,    3018,    3018,    3018,     1.6,     0.9,     5.4,    11.6,    20.9,    41.5,   11.0,  0.06581,      0,      0,       0,       0,       0,       0
total,                                                 43400,    4229,    4229,    4229,     1.2,     0.9,     2.7,     5.5,    12.7,    19.7,   12.0,  0.06049,      0,      0,       0,       0,       0,       0
total,                                                 47501,    4101,    4101,    4101,     1.2,     0.8,     3.3,     6.9,    15.2,    24.8,   13.0,  0.05581,      0,      0,       0,       0,       0,       0
total,                                                 51896,    4395,    4395,    4395,     1.1,     0.7,     2.9,     6.8,    16.3,    28.5,   14.0,  0.05235,      0,      0,       0,       0,       0,       0
total,                                                 56918,    5022,    5022,    5022,     1.0,     0.7,     2.4,     5.3,    12.7,    15.3,   15.0,  0.05130,      0,      0,       0,       0,       0,       0
total,                                                 60924,    4006,    4006,    4006,     1.2,     0.8,     3.3,     7.8,    15.6,    28.5,   16.0,  0.04805,      0,      0,       0,       0,       0,       0
total,                                                 66731,    5807,    5807,    5807,     0.9,     0.7,     1.8,     3.6,     8.9,    16.1,   17.0,  0.05096,      0,      0,       0,       0,       0,       0
total,                                                 69397,    2666,    2666,    2666,     0.9,     0.7,     1.8,     3.7,    10.1,    10.4,   18.0,  0.05274,      0,      0,       0,       0,       0,       0
total,                                                 73299,    3902,    3902,    3902,     3.2,     0.7,     2.8,     7.6,  1689.3,  1691.4,   20.0,  0.15961,      0,      0,       0,       0,       0,       0
total,                                                 76721,    3422,    3422,    3422,     1.5,     0.9,     4.2,    10.5,    23.8,    29.7,   21.0,  0.15170,      0,      0,       0,       0,       0,       0
total,                                                 81624,    4903,    4903,    4903,     1.0,     0.7,     2.4,     6.0,    13.3,    20.4,   22.0,  0.14324,      0,      0,       0,       0,       0,       0
total,                                                 84685,    3061,    3061,    3061,     1.6,     1.0,     4.8,     9.1,    13.4,    21.5,   23.0,  0.13764,      0,      0,       0,       0,       0,       0
total,                                                 89774,    5089,    5089,    5089,     1.0,     0.7,     2.4,     5.4,    12.6,    27.3,   24.0,  0.13077,      0,      0,       0,       0,       0,       0
total,                                                 95776,    6002,    6002,    6002,     0.8,     0.6,     1.7,     3.2,    11.9,    36.8,   25.0,  0.12526,      0,      0,       0,       0,       0,       0
total,                                                100000,    4303,    4303,    4303,     1.2,     0.8,     3.1,     6.9,    14.5,    23.7,   26.0,  0.11973,      0,      0,       0,       0,       0,       0


Results:
Op rate                   :    3,849 op/s  [t1.insert: 3,849 op/s]
Partition rate            :    3,849 pk/s  [t1.insert: 3,849 pk/s]
Row rate                  :    3,849 row/s [t1.insert: 3,849 row/s]
Latency mean              :    1.3 ms [t1.insert: 1.3 ms]
Latency median            :    0.8 ms [t1.insert: 0.8 ms]
Latency 95th percentile   :    3.0 ms [t1.insert: 3.0 ms]
Latency 99th percentile   :    6.8 ms [t1.insert: 6.8 ms]
Latency 99.9th percentile :   15.3 ms [t1.insert: 15.3 ms]
Latency max               : 1691.4 ms [t1.insert: 1,691.4 ms]
Total partitions          :    100,000 [t1.insert: 100,000]
Total errors              :          0 [t1.insert: 0]
Total GC count            : 0
Total GC memory           : 0.000 KiB
Total GC time             :    0.0 seconds
Avg GC time               :    NaN ms
StdDev GC time            :    0.0 ms
Total operation time      : 00:00:25

END
