******************** Stress Settings ********************
Command:
  Type: user
  Count: 1,000,000
  No Warmup: false
  Consistency Level: LOCAL_ONE
  Target Uncertainty: not applicable
  Command Ratios: {t1.select_tag_by_id=1.0}
  Command Clustering Distribution: clustering=gaussian(1..10)
  Profile File(s): t1_tags.yaml
Rate:
  Auto: false
  Thread Count: 5
  OpsPer Sec: 0
Population:
  Distribution: Gaussian:  min=1,max=1000000,mean=500000.500000,stdev=166666.500000
  Order: ARBITRARY
  Wrap: false
Insert:
  Revisits: Uniform:  min=1,max=1000000
  Visits: Fixed:  key=1
  Row Population Ratio: Ratio: divisor=1.000000;delegate=Fixed:  key=1
  Batch Type: not batching
Errors:
  Ignore: false
  Tries: 10
Log:
  No Summary: false
  No Settings: false
  File: tags_1M_read.log
  Interval Millis: 1000
  Level: NORMAL
Mode:
  API: JAVA_DRIVER_NATIVE
  Connection Style: CQL_PREPARED
  CQL Version: CQL3
  Protocol Version: V5
  Username: null
  Password: null
  Auth Provide Class: null
  Max Pending Per Connection: 128
  Connections Per Host: 8
  Compression: NONE
Node:
  Nodes: [localhost]
  Is White List: false
  Datacenter: null
Schema:
  Keyspace: null
  Replication Strategy: org.apache.cassandra.locator.SimpleStrategy
  Replication Strategy Options: {replication_factor=1}
  Table Compression: null
  Table Compaction Strategy: null
  Table Compaction Strategy Options: {}
Transport:
  truststore=null; truststore-password=null; keystore=null; keystore-password=null; ssl-protocol=TLS; ssl-alg=null; ssl-ciphers=TLS_RSA_WITH_AES_128_CBC_SHA,TLS_RSA_WITH_AES_256_CBC_SHA; 
Port:
  Native Port: 9042
  JMX Port: 7199
Graph:
  File: tags_1M.html
  Revision: Read_1M
  Title: NVO_Cassandra_POC_TAG_Table_1M_Records
  Operation: USER
TokenRange:
  Wrap: false
  Split Factor: 1

******************** Profile(s) ********************
  Keyspace Name: tagging
  Keyspace CQL: 
***
CREATE KEYSPACE IF NOT EXISTS tagging WITH replication = {'class': 'SimpleStrategy', 'replication_factor': 1};
***

  Table Name: tags
  Table CQL: 
***
CREATE TABLE IF NOT EXISTS tags (
  id uuid PRIMARY KEY,
  owner_id int,
  name text,
  description text,
  properties text
);
***

  Extra Schema Definitions: null
  Generator Configs:
    owner_id: Size: Gaussian:  min=5,max=10,mean=7.500000,stdev=0.833333;Identity: Uniform:  min=1,max=1000000;
    name: Size: Uniform:  min=5,max=200;
    description: Size: Uniform:  min=10,max=100;
    id: Size: Gaussian:  min=5,max=10,mean=7.500000,stdev=0.833333;Identity: Uniform:  min=1,max=10000000;
    properties: Size: Uniform:  min=10,max=50;
  Query Definitions:
    select_tag_by_id: CQL:SELECT * FROM tags WHERE id = ?;Fields:samerow;
    update_tag_properties: CQL:UPDATE tags SET properties = ? WHERE id = ?;Fields:samerow;
    delete_tag_by_id: CQL:DELETE FROM tags WHERE id = ?;Fields:samerow;
  Token Range Queries:
  Insert Settings:
    partitions: fixed(1)
    select: fixed(1)/500
    batchtype: UNLOGGED
Generating batches with [1..1] partitions and [0..0] rows (of [1..1] total rows in the partitions)

Sleeping 2s...
Warming up t1.select_tag_by_id with 50000 iterations...
Running [t1.select_tag_by_id] with 5 threads for 1000000 iteration
type                                               total ops,    op/s,    pk/s,   row/s,    mean,     med,     .95,     .99,    .999,     max,   time,   stderr, errors,  gc: #,  max ms,  sum ms,  sdv ms,      mb
total,                                                    59,      59,      44,      44,     2.0,     1.1,     6.6,    10.8,    10.8,    10.8,    1.0,  0.00000,      0,      0,       0,       0,       0,       0
total,                                                  4547,    4488,    3492,    3492,     1.1,     0.9,     2.6,     4.4,     8.5,    12.0,    2.0,  0.68953,      0,      0,       0,       0,       0,       0
total,                                                  8690,    4143,    3192,    3192,     1.2,     0.8,     2.9,     7.4,    16.6,    19.4,    3.0,  0.40132,      0,      0,       0,       0,       0,       0
total,                                                 13295,    4605,    3538,    3538,     1.1,     0.8,     2.3,     4.1,    11.9,    16.9,    4.0,  0.28483,      0,      0,       0,       0,       0,       0
total,                                                 18196,    4901,    3732,    3732,     1.0,     0.8,     2.3,     5.0,    13.7,    23.4,    5.0,  0.22193,      0,      0,       0,       0,       0,       0
total,                                                 22925,    4729,    3649,    3649,     1.1,     0.8,     2.3,     4.2,    10.4,    19.1,    6.0,  0.18145,      0,      0,       0,       0,       0,       0
total,                                                 26708,    3783,    2955,    2955,     1.3,     0.8,     2.2,     4.7,   189.8,   193.5,    7.0,  0.15342,      0,      0,       0,       0,       0,       0
total,                                                 30403,    3695,    2883,    2883,     1.3,     0.9,     3.6,     8.9,    16.4,    20.5,    8.0,  0.13516,      0,      0,       0,       0,       0,       0
total,                                                 34236,    3833,    2969,    2969,     1.3,     0.9,     3.5,     7.7,    16.8,    25.5,    9.0,  0.12026,      0,      0,       0,       0,       0,       0
total,                                                 37726,    3490,    2748,    2748,     1.4,     0.9,     4.4,     7.6,    11.7,    14.9,   10.0,  0.10958,      0,      0,       0,       0,       0,       0
total,                                                 42376,    4650,    3602,    3602,     1.1,     0.8,     2.3,     4.7,    12.3,    13.0,   11.0,  0.09931,      0,      0,       0,       0,       0,       0
total,                                                 46225,    3849,    3018,    3018,     1.3,     1.0,     2.9,     5.4,    10.2,    13.5,   12.0,  0.09113,      0,      0,       0,       0,       0,       0
total,                                                 48452,    2227,    1734,    1734,     2.2,     1.3,     6.7,    15.4,    37.6,    48.7,   13.0,  0.09235,      0,      0,       0,       0,       0,       0
total,                                                 52966,    4514,    3507,    3507,     1.1,     0.8,     2.6,     4.9,     8.9,    13.6,   14.0,  0.08557,      0,      0,       0,       0,       0,       0
total,                                                 56125,    3159,    2448,    2448,     1.6,     0.9,     4.7,    12.6,    26.3,    34.8,   15.0,  0.08146,      0,      0,       0,       0,       0,       0
total,                                                 59768,    3643,    2826,    2826,     1.4,     0.8,     2.5,     5.5,   206.7,   224.3,   16.0,  0.07644,      0,      0,       0,       0,       0,       0
total,                                                 64796,    5028,    3905,    3905,     1.0,     0.8,     2.1,     4.0,    10.8,    17.6,   17.0,  0.07272,      0,      0,       0,       0,       0,       0
total,                                                 69192,    4396,    3410,    3410,     1.1,     0.8,     2.8,     6.9,    16.1,    18.6,   18.0,  0.06853,      0,      0,       0,       0,       0,       0
total,                                                 73657,    4465,    3454,    3454,     1.1,     0.8,     2.8,     6.0,    14.1,    17.4,   19.0,  0.06482,      0,      0,       0,       0,       0,       0
total,                                                 77351,    3694,    2898,    2898,     1.3,     1.0,     3.6,     6.4,    11.3,    14.4,   20.0,  0.06185,      0,      0,       0,       0,       0,       0
total,                                                 82449,    5098,    3985,    3985,     1.0,     0.8,     2.1,     3.8,    10.3,    14.0,   21.0,  0.05962,      0,      0,       0,       0,       0,       0
total,                                                 86526,    4077,    3165,    3165,     1.2,     0.9,     3.2,     7.7,    12.2,    14.4,   22.0,  0.05688,      0,      0,       0,       0,       0,       0
total,                                                 89438,    2912,    2248,    2248,     1.7,     0.8,     5.1,     9.8,   146.8,   147.7,   23.0,  0.05528,      0,      0,       0,       0,       0,       0
total,                                                 94525,    5087,    3918,    3918,     1.0,     0.8,     2.2,     3.8,     7.0,     9.6,   24.0,  0.05343,      0,      0,       0,       0,       0,       0
total,                                                 98858,    4333,    3370,    3370,     1.1,     0.8,     2.8,     5.6,    11.2,    55.1,   25.0,  0.05126,      0,      0,       0,       0,       0,       0
total,                                                103493,    4635,    3599,    3599,     1.1,     0.8,     2.5,     4.9,    16.6,    31.4,   26.0,  0.04935,      0,      0,       0,       0,       0,       0
total,                                                106621,    3128,    2433,    2433,     1.6,     1.1,     4.4,     8.1,    14.7,    28.2,   27.0,  0.04861,      0,      0,       0,       0,       0,       0
total,                                                111560,    4939,    3817,    3817,     1.0,     0.7,     2.2,     4.7,    19.6,    26.0,   28.0,  0.04716,      0,      0,       0,       0,       0,       0
total,                                                116198,    4638,    3599,    3599,     1.1,     0.8,     2.4,     5.1,    12.5,    14.9,   29.0,  0.04555,      0,      0,       0,       0,       0,       0
total,                                                120554,    4356,    3376,    3376,     1.1,     0.9,     2.6,     5.1,     9.9,    12.2,   30.0,  0.04399,      0,      0,       0,       0,       0,       0
total,                                                124354,    3800,    2882,    2882,     1.3,     0.8,     2.4,     4.1,   201.9,   205.8,   31.0,  0.04258,      0,      0,       0,       0,       0,       0
total,                                                128929,    4575,    3538,    3538,     1.1,     0.8,     2.5,     4.4,    11.4,    16.1,   32.0,  0.04124,      0,      0,       0,       0,       0,       0
total,                                                133252,    4323,    3370,    3370,     1.2,     0.9,     2.5,     5.6,    11.6,    20.7,   33.0,  0.03996,      0,      0,       0,       0,       0,       0
total,                                                138123,    4871,    3738,    3738,     1.0,     0.8,     2.1,     3.4,    12.0,    13.9,   34.0,  0.03887,      0,      0,       0,       0,       0,       0
total,                                                142272,    4149,    3258,    3258,     1.2,     0.9,     2.9,     6.2,    15.2,    17.6,   35.0,  0.03775,      0,      0,       0,       0,       0,       0
total,                                                147225,    4953,    3867,    3867,     1.0,     0.8,     2.3,     3.7,     8.4,    10.8,   36.0,  0.03688,      0,      0,       0,       0,       0,       0
total,                                                151626,    4401,    3489,    3489,     1.1,     0.8,     2.6,     5.8,    13.5,    16.7,   37.0,  0.03586,      0,      0,       0,       0,       0,       0
total,                                                155448,    3822,    2984,    2984,     1.3,     0.8,     2.7,     6.0,   168.3,   169.0,   38.0,  0.03491,      0,      0,       0,       0,       0,       0
total,                                                159381,    3933,    3086,    3086,     1.3,     0.8,     3.5,     7.9,    18.1,    62.9,   39.0,  0.03402,      0,      0,       0,       0,       0,       0
total,                                                163815,    4434,    3432,    3432,     1.1,     0.8,     2.7,     5.7,    15.7,    22.5,   40.0,  0.03315,      0,      0,       0,       0,       0,       0
total,                                                168852,    5037,    3864,    3864,     1.0,     0.8,     2.2,     3.8,     9.3,    14.9,   41.0,  0.03249,      0,      0,       0,       0,       0,       0
total,                                                173129,    4277,    3354,    3354,     1.2,     0.8,     2.9,     5.2,    11.6,    15.8,   42.0,  0.03171,      0,      0,       0,       0,       0,       0
total,                                                177904,    4775,    3698,    3698,     1.0,     0.8,     2.3,     3.9,    13.3,    16.1,   43.0,  0.03102,      0,      0,       0,       0,       0,       0
total,                                                182336,    4432,    3471,    3471,     1.1,     0.8,     2.7,     5.4,    13.2,    19.3,   44.0,  0.03030,      0,      0,       0,       0,       0,       0
total,                                                186120,    3784,    2945,    2945,     1.3,     0.9,     4.0,     7.9,    14.9,    36.3,   45.0,  0.02975,      0,      0,       0,       0,       0,       0
total,                                                188330,    2210,    1733,    1733,     2.3,     1.1,     5.7,    10.5,   190.7,   193.1,   46.0,  0.03034,      0,      0,       0,       0,       0,       0
total,                                                192223,    3893,    3052,    3052,     1.3,     0.9,     3.4,     7.6,    13.0,    18.6,   47.0,  0.02976,      0,      0,       0,       0,       0,       0
total,                                                197092,    4869,    3789,    3789,     1.0,     0.8,     2.2,     3.8,    12.1,    27.6,   48.0,  0.02926,      0,      0,       0,       0,       0,       0
total,                                                201261,    4169,    3214,    3214,     1.2,     0.8,     2.9,     6.5,    21.4,    26.5,   49.0,  0.02867,      0,      0,       0,       0,       0,       0
total,                                                205607,    4346,    3356,    3356,     1.1,     0.8,     2.8,     7.1,    15.5,    18.2,   50.0,  0.02808,      0,      0,       0,       0,       0,       0
total,                                                210741,    5134,    3981,    3981,     1.0,     0.8,     2.1,     3.5,     6.5,    15.1,   51.0,  0.02773,      0,      0,       0,       0,       0,       0
total,                                                214998,    4257,    3308,    3308,     1.2,     0.9,     2.9,     4.9,    10.1,    14.0,   52.0,  0.02719,      0,      0,       0,       0,       0,       0
total,                                                220142,    5144,    4011,    4011,     1.0,     0.7,     2.1,     4.0,    15.8,    21.8,   53.0,  0.02690,      0,      0,       0,       0,       0,       0
total,                                                223886,    3744,    2930,    2930,     1.3,     0.8,     2.6,     6.9,   167.2,   169.5,   54.0,  0.02639,      0,      0,       0,       0,       0,       0
total,                                                228519,    4633,    3624,    3624,     1.1,     0.7,     2.5,     6.8,    16.1,    40.1,   55.0,  0.02595,      0,      0,       0,       0,       0,       0
total,                                                233554,    5035,    3972,    3972,     1.0,     0.8,     2.2,     3.7,     8.1,    14.0,   56.0,  0.02563,      0,      0,       0,       0,       0,       0
total,                                                237519,    3965,    3045,    3045,     1.3,     0.9,     3.2,     6.5,    11.5,    13.3,   57.0,  0.02527,      0,      0,       0,       0,       0,       0
total,                                                242732,    5213,    4027,    4027,     1.0,     0.8,     2.0,     3.4,     6.0,    13.0,   58.0,  0.02500,      0,      0,       0,       0,       0,       0
total,                                                247202,    4470,    3451,    3451,     1.1,     0.8,     2.5,     6.5,    14.3,    33.2,   59.0,  0.02457,      0,      0,       0,       0,       0,       0
total,                                                251908,    4706,    3644,    3644,     1.1,     0.8,     2.5,     4.6,    14.5,    27.0,   60.0,  0.02418,      0,      0,       0,       0,       0,       0
total,                                                256327,    4419,    3438,    3438,     1.1,     0.8,     2.0,     3.5,   145.2,   154.9,   61.0,  0.02392,      0,      0,       0,       0,       0,       0
total,                                                260804,    4477,    3497,    3497,     1.1,     0.8,     2.7,     5.3,    11.1,    13.8,   62.0,  0.02353,      0,      0,       0,       0,       0,       0
total,                                                266299,    5495,    4223,    4223,     0.9,     0.7,     1.9,     3.2,     8.8,    11.1,   63.0,  0.02340,      0,      0,       0,       0,       0,       0
total,                                                270750,    4451,    3497,    3497,     1.1,     0.9,     2.5,     4.9,    15.7,    18.3,   64.0,  0.02303,      0,      0,       0,       0,       0,       0
total,                                                275204,    4454,    3415,    3415,     1.1,     0.7,     3.0,     7.0,    12.5,    13.4,   65.0,  0.02267,      0,      0,       0,       0,       0,       0
total,                                                280165,    4961,    3857,    3857,     1.0,     0.8,     2.2,     3.8,     8.8,    13.1,   66.0,  0.02238,      0,      0,       0,       0,       0,       0
total,                                                284352,    4187,    3262,    3262,     1.2,     0.8,     2.9,     6.7,    12.4,    19.1,   67.0,  0.02206,      0,      0,       0,       0,       0,       0
total,                                                289346,    4994,    3951,    3951,     1.0,     0.8,     2.2,     3.6,     8.2,    13.5,   68.0,  0.02182,      0,      0,       0,       0,       0,       0
total,                                                292585,    3239,    2535,    2535,     1.5,     0.9,     3.4,     8.8,   173.4,   175.6,   69.0,  0.02159,      0,      0,       0,       0,       0,       0
total,                                                297001,    4416,    3402,    3402,     1.1,     0.8,     2.8,     6.6,    14.5,    18.3,   70.0,  0.02128,      0,      0,       0,       0,       0,       0
total,                                                301267,    4266,    3342,    3342,     1.2,     0.8,     2.8,     6.3,    13.3,    14.6,   71.0,  0.02099,      0,      0,       0,       0,       0,       0
total,                                                304494,    3227,    2502,    2502,     1.5,     1.0,     4.5,     9.2,    15.1,    30.8,   72.0,  0.02105,      0,      0,       0,       0,       0,       0
total,                                                308670,    4176,    3261,    3261,     1.2,     0.8,     3.2,     7.5,    15.0,    19.7,   73.0,  0.02077,      0,      0,       0,       0,       0,       0
total,                                                311708,    3038,    2363,    2363,     1.6,     0.9,     5.4,    10.9,    15.7,    27.7,   74.0,  0.02094,      0,      0,       0,       0,       0,       0
total,                                                316404,    4696,    3670,    3670,     1.1,     0.8,     2.3,     4.6,    16.9,    29.8,   75.0,  0.02068,      0,      0,       0,       0,       0,       0
total,                                                321330,    4926,    3826,    3826,     1.0,     0.8,     2.1,     3.5,     9.9,    12.7,   76.0,  0.02045,      0,      0,       0,       0,       0,       0
total,                                                325027,    3697,    2861,    2861,     1.1,     0.8,     2.8,     5.6,    12.4,    19.0,   77.0,  0.02031,      0,      0,       0,       0,       0,       0
total,                                                330690,    5663,    4353,    4353,     1.0,     0.7,     1.8,     2.9,    14.0,   171.4,   78.0,  0.02105,      0,      0,       0,       0,       0,       0
total,                                                334886,    4196,    3288,    3288,     1.2,     0.8,     3.3,     7.9,    11.7,    13.3,   79.0,  0.02080,      0,      0,       0,       0,       0,       0
total,                                                339213,    4327,    3408,    3408,     1.1,     0.8,     2.8,     5.2,    16.1,    17.5,   80.0,  0.02053,      0,      0,       0,       0,       0,       0
total,                                                344207,    4994,    3878,    3878,     1.0,     0.8,     2.2,     3.9,    11.2,    16.2,   81.0,  0.02032,      0,      0,       0,       0,       0,       0
total,                                                347414,    3207,    2469,    2469,     1.6,     1.0,     4.4,    10.3,    17.3,    21.4,   82.0,  0.02040,      0,      0,       0,       0,       0,       0
total,                                                352179,    4765,    3734,    3734,     1.0,     0.8,     2.2,     3.9,     8.0,    12.4,   83.0,  0.02017,      0,      0,       0,       0,       0,       0
total,                                                356433,    4254,    3351,    3351,     1.2,     0.8,     2.9,     6.5,    13.4,    16.7,   84.0,  0.01993,      0,      0,       0,       0,       0,       0
total,                                                360499,    4066,    3135,    3135,     1.2,     0.8,     2.4,     5.0,   103.7,   109.5,   85.0,  0.01969,      0,      0,       0,       0,       0,       0
total,                                                363863,    3364,    2635,    2635,     1.5,     1.0,     4.1,     8.2,    15.5,    17.4,   86.0,  0.01968,      0,      0,       0,       0,       0,       0
total,                                                365649,    1786,    1391,    1391,     2.8,     1.7,     8.7,    13.4,    24.7,    36.1,   87.0,  0.02068,      0,      0,       0,       0,       0,       0
total,                                                368264,    2615,    2077,    2077,     1.9,     1.4,     5.0,     8.8,    13.3,    14.3,   88.0,  0.02099,      0,      0,       0,       0,       0,       0
total,                                                371507,    3243,    2541,    2541,     1.5,     0.9,     5.0,     9.4,    13.2,    21.9,   89.0,  0.02097,      0,      0,       0,       0,       0,       0
total,                                                375720,    4213,    3349,    3349,     1.2,     0.9,     2.8,     5.5,    14.1,    17.0,   90.0,  0.02073,      0,      0,       0,       0,       0,       0
total,                                                380356,    4636,    3622,    3622,     1.1,     0.8,     2.4,     4.9,    10.3,    13.7,   91.0,  0.02051,      0,      0,       0,       0,       0,       0
total,                                                384840,    4484,    3461,    3461,     1.1,     0.8,     2.5,     5.2,    10.9,    21.3,   92.0,  0.02028,      0,      0,       0,       0,       0,       0
total,                                                389186,    4346,    3355,    3355,     1.1,     0.8,     2.7,     5.3,    17.2,    19.9,   93.0,  0.02006,      0,      0,       0,       0,       0,       0
total,                                                393532,    4346,    3355,    3355,     1.1,     0.8,     2.9,     6.3,    12.7,    19.3,   94.0,  0.01985,      0,      0,       0,       0,       0,       0
total,                                                397726,    4194,    3256,    3256,     1.2,     0.8,     2.1,     3.5,   189.8,   192.2,   95.0,  0.01970,      0,      0,       0,       0,       0,       0
total,                                                402746,    5020,    3925,    3925,     1.0,     0.8,     2.2,     4.1,    11.3,    16.8,   96.0,  0.01954,      0,      0,       0,       0,       0,       0
total,                                                407502,    4756,    3676,    3676,     1.0,     0.8,     2.4,     4.4,     7.7,    11.4,   97.0,  0.01935,      0,      0,       0,       0,       0,       0
total,                                                412650,    5148,    4008,    4008,     1.0,     0.7,     2.1,     4.4,    13.5,    20.0,   98.0,  0.01922,      0,      0,       0,       0,       0,       0
total,                                                416943,    4293,    3346,    3346,     1.2,     0.8,     3.0,     5.8,    11.6,    14.5,   99.0,  0.01903,      0,      0,       0,       0,       0,       0
total,                                                421448,    4505,    3498,    3498,     1.1,     0.7,     2.8,     7.8,    16.6,    20.2,  100.0,  0.01883,      0,      0,       0,       0,       0,       0
total,                                                425461,    4013,    3178,    3178,     1.2,     0.9,     3.3,     7.2,    12.7,    14.6,  101.0,  0.01866,      0,      0,       0,       0,       0,       0
total,                                                430062,    4601,    3548,    3548,     1.1,     0.9,     2.4,     3.9,     6.6,    17.4,  102.0,  0.01848,      0,      0,       0,       0,       0,       0
total,                                                434187,    4125,    3206,    3206,     1.2,     0.9,     2.7,     5.5,    23.5,    32.9,  103.0,  0.01831,      0,      0,       0,       0,       0,       0
total,                                                437880,    3693,    2849,    2849,     1.3,     0.9,     3.5,     7.6,    13.5,    16.9,  104.0,  0.01821,      0,      0,       0,       0,       0,       0
total,                                                442568,    4688,    3645,    3645,     1.1,     0.8,     2.5,     5.6,    10.7,    15.6,  105.0,  0.01804,      0,      0,       0,       0,       0,       0
total,                                                446263,    3695,    2933,    2933,     1.3,     0.9,     3.6,     7.3,    16.4,    20.8,  106.0,  0.01793,      0,      0,       0,       0,       0,       0
total,                                                450909,    4646,    3592,    3592,     1.1,     0.8,     2.5,     6.3,    12.8,    16.8,  107.0,  0.01776,      0,      0,       0,       0,       0,       0
total,                                                455338,    4429,    3435,    3435,     1.1,     0.8,     2.8,     6.5,    11.1,    13.6,  108.0,  0.01760,      0,      0,       0,       0,       0,       0
total,                                                458557,    3219,    2503,    2503,     1.5,     1.0,     4.5,    10.2,    17.1,    25.0,  109.0,  0.01762,      0,      0,       0,       0,       0,       0
total,                                                462215,    3658,    2811,    2811,     1.4,     0.9,     3.8,     7.8,    12.1,    13.4,  110.0,  0.01755,      0,      0,       0,       0,       0,       0
total,                                                465050,    2835,    2196,    2196,     1.8,     1.0,     5.9,    10.7,    16.3,    21.5,  111.0,  0.01771,      0,      0,       0,       0,       0,       0
total,                                                468349,    3299,    2563,    2563,     1.5,     1.0,     4.6,     8.1,    13.4,    17.1,  112.0,  0.01770,      0,      0,       0,       0,       0,       0
total,                                                472633,    4284,    3308,    3308,     1.2,     0.8,     2.5,     4.9,    56.2,    66.9,  113.0,  0.01754,      0,      0,       0,       0,       0,       0
total,                                                476816,    4183,    3275,    3275,     1.2,     0.9,     2.8,     7.0,    12.4,    31.1,  114.0,  0.01739,      0,      0,       0,       0,       0,       0
total,                                                481549,    4733,    3627,    3627,     1.1,     0.8,     2.3,     5.3,    14.4,    19.3,  115.0,  0.01724,      0,      0,       0,       0,       0,       0
total,                                                485477,    3928,    3141,    3141,     1.3,     0.9,     3.2,     7.0,    12.6,    13.7,  116.0,  0.01711,      0,      0,       0,       0,       0,       0
total,                                                490181,    4704,    3652,    3652,     1.1,     0.8,     2.2,     4.0,     9.5,    13.4,  117.0,  0.01697,      0,      0,       0,       0,       0,       0
total,                                                494302,    4121,    3234,    3234,     1.2,     0.9,     3.0,     5.7,    14.3,    20.9,  118.0,  0.01683,      0,      0,       0,       0,       0,       0
total,                                                498547,    4245,    3294,    3294,     1.2,     0.8,     3.0,     6.7,    14.4,    22.1,  119.0,  0.01669,      0,      0,       0,       0,       0,       0
total,                                                503535,    4988,    3886,    3886,     1.0,     0.8,     2.3,     4.4,    10.6,    13.3,  120.0,  0.01658,      0,      0,       0,       0,       0,       0
total,                                                507706,    4171,    3277,    3277,     1.2,     0.8,     2.7,     5.7,    46.8,    50.5,  121.0,  0.01645,      0,      0,       0,       0,       0,       0
total,                                                512313,    4607,    3571,    3571,     1.1,     0.8,     2.5,     5.2,    13.3,    19.0,  122.0,  0.01631,      0,      0,       0,       0,       0,       0
total,                                                517288,    4975,    3840,    3840,     1.0,     0.7,     2.3,     5.2,    13.1,    14.8,  123.0,  0.01621,      0,      0,       0,       0,       0,       0
total,                                                521632,    4344,    3360,    3360,     1.1,     0.8,     2.8,     5.8,    10.4,    13.5,  124.0,  0.01607,      0,      0,       0,       0,       0,       0
total,                                                526555,    4923,    3898,    3898,     1.0,     0.8,     2.1,     3.6,    11.8,    19.3,  125.0,  0.01598,      0,      0,       0,       0,       0,       0
total,                                                530419,    3864,    3016,    3016,     1.3,     0.8,     3.5,     9.8,    18.4,    29.5,  126.0,  0.01588,      0,      0,       0,       0,       0,       0
total,                                                534664,    4245,    3308,    3308,     1.2,     0.9,     2.7,     6.4,    14.4,    17.3,  127.0,  0.01576,      0,      0,       0,       0,       0,       0
total,                                                539122,    4458,    3471,    3471,     1.1,     0.8,     2.7,     7.1,    11.9,    20.8,  128.0,  0.01563,      0,      0,       0,       0,       0,       0
total,                                                543062,    3940,    3061,    3061,     1.3,     0.9,     3.0,     7.0,    42.7,    43.8,  129.0,  0.01552,      0,      0,       0,       0,       0,       0
total,                                                547958,    4896,    3805,    3805,     1.0,     0.7,     2.3,     5.7,    13.5,    15.4,  130.0,  0.01542,      0,      0,       0,       0,       0,       0
total,                                                552125,    4167,    3219,    3219,     1.2,     0.8,     3.0,     6.3,    12.3,    14.5,  131.0,  0.01531,      0,      0,       0,       0,       0,       0
total,                                                556872,    4747,    3720,    3720,     1.0,     0.8,     2.2,     4.3,    11.0,    14.5,  132.0,  0.01521,      0,      0,       0,       0,       0,       0
total,                                                561618,    4746,    3730,    3730,     1.0,     0.8,     2.5,     4.4,     9.4,    16.6,  133.0,  0.01511,      0,      0,       0,       0,       0,       0
total,                                                566399,    4781,    3704,    3704,     1.0,     0.8,     2.4,     4.9,    12.4,    18.3,  134.0,  0.01500,      0,      0,       0,       0,       0,       0
total,                                                571365,    4966,    3863,    3863,     1.0,     0.8,     2.2,     5.5,    16.2,    20.2,  135.0,  0.01492,      0,      0,       0,       0,       0,       0
total,                                                576133,    4768,    3660,    3660,     1.0,     0.8,     2.6,     5.0,    10.5,    18.8,  136.0,  0.01482,      0,      0,       0,       0,       0,       0
total,                                                581347,    5214,    4018,    4018,     1.0,     0.7,     1.9,     3.3,    13.4,    41.2,  137.0,  0.01478,      0,      0,       0,       0,       0,       0
total,                                                586033,    4686,    3643,    3643,     1.1,     0.8,     2.4,     4.6,    11.8,    16.8,  138.0,  0.01467,      0,      0,       0,       0,       0,       0
total,                                                590779,    4746,    3723,    3723,     1.0,     0.8,     2.3,     4.5,     8.1,     8.7,  139.0,  0.01457,      0,      0,       0,       0,       0,       0
total,                                                595010,    4231,    3282,    3282,     1.2,     0.8,     2.8,     6.5,    14.1,    18.6,  140.0,  0.01447,      0,      0,       0,       0,       0,       0
total,                                                597604,    2594,    2043,    2043,     1.9,     1.2,     6.1,    10.4,    14.0,    23.0,  141.0,  0.01467,      0,      0,       0,       0,       0,       0
total,                                                601829,    4225,    3313,    3313,     1.2,     0.8,     2.8,     6.2,    12.7,    13.5,  142.0,  0.01457,      0,      0,       0,       0,       0,       0
total,                                                606202,    4373,    3412,    3412,     1.1,     0.9,     2.7,     4.8,     9.7,    13.3,  143.0,  0.01447,      0,      0,       0,       0,       0,       0
total,                                                611398,    5196,    4017,    4017,     1.0,     0.8,     2.1,     3.5,     6.2,    11.4,  144.0,  0.01441,      0,      0,       0,       0,       0,       0
total,                                                616515,    5117,    3947,    3947,     1.0,     0.7,     2.2,     4.0,    11.2,    17.7,  145.0,  0.01434,      0,      0,       0,       0,       0,       0
total,                                                621144,    4629,    3598,    3598,     1.1,     0.8,     2.4,     5.4,    33.7,    43.8,  146.0,  0.01425,      0,      0,       0,       0,       0,       0
total,                                                626367,    5223,    4036,    4036,     1.0,     0.8,     2.1,     3.3,     5.8,    10.9,  147.0,  0.01419,      0,      0,       0,       0,       0,       0
total,                                                630423,    4056,    3120,    3120,     1.2,     0.9,     2.9,     5.6,    14.4,    18.0,  148.0,  0.01411,      0,      0,       0,       0,       0,       0
total,                                                635163,    4740,    3678,    3678,     1.0,     0.9,     2.2,     3.7,     9.1,    10.9,  149.0,  0.01402,      0,      0,       0,       0,       0,       0
total,                                                639963,    4800,    3693,    3693,     1.0,     0.8,     2.4,     5.1,    12.2,    19.8,  150.0,  0.01394,      0,      0,       0,       0,       0,       0
total,                                                644670,    4707,    3656,    3656,     1.1,     0.8,     2.6,     5.1,    15.8,    20.0,  151.0,  0.01385,      0,      0,       0,       0,       0,       0
total,                                                649469,    4799,    3676,    3676,     1.0,     0.8,     2.2,     3.9,     7.2,    13.3,  152.0,  0.01376,      0,      0,       0,       0,       0,       0
total,                                                653682,    4213,    3277,    3277,     1.2,     0.9,     2.8,     6.1,    15.6,    19.1,  153.0,  0.01367,      0,      0,       0,       0,       0,       0
total,                                                658823,    5141,    4003,    4003,     1.0,     0.7,     1.9,     3.6,    12.9,    48.5,  154.0,  0.01364,      0,      0,       0,       0,       0,       0
total,                                                663323,    4500,    3472,    3472,     1.1,     0.8,     2.5,     5.3,    14.8,    31.5,  155.0,  0.01355,      0,      0,       0,       0,       0,       0
total,                                                667895,    4572,    3524,    3524,     1.1,     0.9,     2.5,     4.3,     8.2,    13.3,  156.0,  0.01347,      0,      0,       0,       0,       0,       0
total,                                                673117,    5222,    4075,    4075,     1.0,     0.8,     1.9,     3.4,     7.4,    13.0,  157.0,  0.01342,      0,      0,       0,       0,       0,       0
total,                                                677560,    4443,    3468,    3468,     1.1,     0.8,     2.7,     5.0,    14.0,    23.5,  158.0,  0.01334,      0,      0,       0,       0,       0,       0
total,                                                682286,    4726,    3609,    3609,     1.1,     0.9,     2.3,     3.8,    10.6,    14.6,  159.0,  0.01325,      0,      0,       0,       0,       0,       0
total,                                                686553,    4267,    3305,    3305,     1.2,     0.8,     2.8,     6.0,    14.7,    17.6,  160.0,  0.01317,      0,      0,       0,       0,       0,       0
total,                                                691084,    4531,    3526,    3526,     1.1,     0.8,     2.5,     5.0,    11.5,    13.5,  161.0,  0.01309,      0,      0,       0,       0,       0,       0
total,                                                695926,    4842,    3743,    3743,     1.0,     0.8,     2.2,     3.7,    38.3,    39.6,  162.0,  0.01303,      0,      0,       0,       0,       0,       0
total,                                                700460,    4534,    3549,    3549,     1.1,     0.8,     2.5,     4.9,     9.1,    14.0,  163.0,  0.01294,      0,      0,       0,       0,       0,       0
total,                                                705499,    5039,    3912,    3912,     1.0,     0.8,     2.0,     3.4,     9.6,    11.9,  164.0,  0.01289,      0,      0,       0,       0,       0,       0
total,                                                710060,    4561,    3565,    3565,     1.1,     0.8,     2.6,     5.2,    11.4,    12.6,  165.0,  0.01281,      0,      0,       0,       0,       0,       0
total,                                                714500,    4440,    3426,    3426,     1.1,     0.8,     2.5,     5.3,    21.0,    32.5,  166.0,  0.01273,      0,      0,       0,       0,       0,       0
total,                                                719669,    5169,    4046,    4046,     1.0,     0.7,     2.1,     3.9,     8.9,    19.0,  167.0,  0.01269,      0,      0,       0,       0,       0,       0
total,                                                723927,    4258,    3288,    3288,     1.2,     0.9,     2.7,     6.1,    12.9,    25.0,  168.0,  0.01262,      0,      0,       0,       0,       0,       0
total,                                                728805,    4878,    3801,    3801,     1.0,     0.8,     2.1,     3.7,    14.4,    27.1,  169.0,  0.01256,      0,      0,       0,       0,       0,       0
total,                                                733220,    4415,    3456,    3456,     1.1,     0.8,     2.7,     6.4,    32.6,    35.9,  170.0,  0.01248,      0,      0,       0,       0,       0,       0
total,                                                738198,    4978,    3894,    3894,     1.0,     0.8,     2.1,     3.9,     9.0,    11.1,  171.0,  0.01242,      0,      0,       0,       0,       0,       0
total,                                                742752,    4554,    3599,    3599,     1.1,     0.9,     2.5,     3.9,     9.9,    11.1,  172.0,  0.01235,      0,      0,       0,       0,       0,       0
total,                                                746919,    4167,    3270,    3270,     1.2,     0.8,     2.9,     7.1,    19.0,    44.0,  173.0,  0.01228,      0,      0,       0,       0,       0,       0
total,                                                751933,    5014,    3933,    3933,     1.0,     0.7,     2.1,     4.6,    19.5,    40.2,  174.0,  0.01224,      0,      0,       0,       0,       0,       0
total,                                                755928,    3995,    3118,    3118,     1.2,     0.8,     3.2,     6.8,    32.9,    40.9,  175.0,  0.01218,      0,      0,       0,       0,       0,       0
total,                                                760672,    4744,    3717,    3717,     1.0,     0.8,     2.3,     4.0,     9.5,    13.2,  176.0,  0.01212,      0,      0,       0,       0,       0,       0
total,                                                764425,    3753,    2894,    2894,     1.3,     0.9,     3.7,     8.5,    13.9,    15.5,  177.0,  0.01209,      0,      0,       0,       0,       0,       0
total,                                                768694,    4269,    3320,    3320,     1.2,     0.9,     2.7,     6.0,    16.2,    33.5,  178.0,  0.01202,      0,      0,       0,       0,       0,       0
total,                                                773453,    4759,    3711,    3711,     1.0,     0.8,     2.3,     4.3,    34.0,    35.4,  179.0,  0.01196,      0,      0,       0,       0,       0,       0
total,                                                778160,    4707,    3662,    3662,     1.1,     0.8,     2.6,     5.1,    11.4,    15.2,  180.0,  0.01190,      0,      0,       0,       0,       0,       0
total,                                                783041,    4881,    3799,    3799,     1.0,     0.8,     2.2,     3.7,     7.7,    13.2,  181.0,  0.01184,      0,      0,       0,       0,       0,       0
total,                                                787518,    4477,    3476,    3476,     1.1,     0.9,     2.4,     4.7,    11.6,    16.0,  182.0,  0.01178,      0,      0,       0,       0,       0,       0
total,                                                792203,    4685,    3690,    3690,     1.1,     0.8,     2.4,     4.2,    12.9,    24.8,  183.0,  0.01172,      0,      0,       0,       0,       0,       0
total,                                                796729,    4526,    3508,    3508,     1.1,     0.8,     2.5,     4.4,     8.2,    11.3,  184.0,  0.01165,      0,      0,       0,       0,       0,       0
total,                                                800672,    3943,    3054,    3054,     1.3,     0.9,     3.3,     7.4,    16.8,    17.7,  185.0,  0.01161,      0,      0,       0,       0,       0,       0
total,                                                804773,    4101,    3186,    3186,     1.2,     0.9,     3.1,     6.7,    11.1,    13.1,  186.0,  0.01156,      0,      0,       0,       0,       0,       0
total,                                                808698,    3925,    3036,    3036,     1.3,     0.9,     3.0,     9.2,    15.9,    17.4,  187.0,  0.01152,      0,      0,       0,       0,       0,       0
total,                                                813361,    4663,    3571,    3571,     1.1,     0.8,     2.4,     4.9,    33.6,    44.4,  188.0,  0.01146,      0,      0,       0,       0,       0,       0
total,                                                818707,    5346,    4168,    4168,     0.9,     0.8,     2.0,     3.4,     6.9,    10.9,  189.0,  0.01144,      0,      0,       0,       0,       0,       0
total,                                                822875,    4168,    3229,    3229,     1.2,     0.9,     2.8,     5.8,    12.0,    15.6,  190.0,  0.01139,      0,      0,       0,       0,       0,       0
total,                                                827696,    4821,    3725,    3725,     1.0,     0.8,     2.2,     4.1,    10.9,    22.1,  191.0,  0.01133,      0,      0,       0,       0,       0,       0
total,                                                831993,    4297,    3293,    3293,     1.2,     0.9,     2.7,     5.8,    11.6,    13.3,  192.0,  0.01128,      0,      0,       0,       0,       0,       0
total,                                                836513,    4520,    3481,    3481,     1.1,     0.9,     2.4,     4.2,    10.3,    17.8,  193.0,  0.01122,      0,      0,       0,       0,       0,       0
total,                                                841167,    4654,    3637,    3637,     1.1,     0.8,     2.4,     4.7,    11.7,    16.2,  194.0,  0.01116,      0,      0,       0,       0,       0,       0
total,                                                845637,    4470,    3473,    3473,     1.1,     0.8,     2.9,     6.1,    14.5,    28.1,  195.0,  0.01111,      0,      0,       0,       0,       0,       0
total,                                                850540,    4903,    3746,    3746,     1.0,     0.8,     2.1,     4.0,    34.3,    36.7,  196.0,  0.01106,      0,      0,       0,       0,       0,       0
total,                                                854088,    3548,    2688,    2688,     1.4,     0.9,     4.3,     8.9,    16.1,    26.0,  197.0,  0.01106,      0,      0,       0,       0,       0,       0
total,                                                857436,    3348,    2642,    2642,     1.5,     1.0,     4.1,     9.2,    19.2,    21.8,  198.0,  0.01108,      0,      0,       0,       0,       0,       0
total,                                                860251,    2815,    2201,    2201,     1.8,     1.2,     5.3,     9.3,    16.7,    17.4,  199.0,  0.01118,      0,      0,       0,       0,       0,       0
total,                                                864254,    4003,    3129,    3129,     1.2,     0.8,     3.3,     7.1,    13.6,    18.2,  200.0,  0.01114,      0,      0,       0,       0,       0,       0
total,                                                869421,    5167,    3989,    3989,     1.0,     0.8,     2.1,     3.5,     8.9,    11.9,  201.0,  0.01111,      0,      0,       0,       0,       0,       0
total,                                                873837,    4416,    3465,    3465,     1.1,     0.8,     2.8,     5.7,    12.8,    25.4,  202.0,  0.01105,      0,      0,       0,       0,       0,       0
total,                                                879034,    5197,    4029,    4029,     1.0,     0.8,     2.0,     3.6,    13.5,    16.4,  203.0,  0.01102,      0,      0,       0,       0,       0,       0
total,                                                884124,    5090,    3985,    3985,     1.0,     0.8,     2.0,     3.4,     6.9,    12.2,  204.0,  0.01099,      0,      0,       0,       0,       0,       0
total,                                                888028,    3904,    2998,    2998,     1.3,     0.8,     3.3,     6.8,    41.3,    42.0,  205.0,  0.01095,      0,      0,       0,       0,       0,       0
total,                                                891766,    3738,    2866,    2866,     1.3,     1.0,     3.2,     6.3,    15.5,    16.8,  206.0,  0.01093,      0,      0,       0,       0,       0,       0
total,                                                894999,    3233,    2513,    2513,     1.5,     1.0,     4.6,     9.8,    19.3,    26.5,  207.0,  0.01096,      0,      0,       0,       0,       0,       0
total,                                                900029,    5030,    3900,    3900,     1.0,     0.8,     2.2,     3.9,    12.0,    13.3,  208.0,  0.01092,      0,      0,       0,       0,       0,       0
total,                                                904947,    4918,    3813,    3813,     1.0,     0.8,     2.2,     4.3,    11.3,    14.6,  209.0,  0.01088,      0,      0,       0,       0,       0,       0
total,                                                909311,    4364,    3401,    3401,     1.1,     0.8,     2.9,     6.2,    16.1,    22.3,  210.0,  0.01083,      0,      0,       0,       0,       0,       0
total,                                                914486,    5175,    3984,    3984,     1.0,     0.8,     2.1,     3.6,     6.0,    11.0,  211.0,  0.01080,      0,      0,       0,       0,       0,       0
total,                                                919023,    4537,    3564,    3564,     1.1,     0.8,     2.4,     5.2,    12.3,    13.5,  212.0,  0.01074,      0,      0,       0,       0,       0,       0
total,                                                924428,    5405,    4192,    4192,     0.9,     0.7,     2.0,     3.5,     7.8,    18.9,  213.0,  0.01074,      0,      0,       0,       0,       0,       0
total,                                                928725,    4297,    3332,    3332,     1.2,     0.8,     2.9,     6.6,    21.6,    27.2,  214.0,  0.01069,      0,      0,       0,       0,       0,       0
total,                                                932954,    4229,    3305,    3305,     1.2,     0.9,     2.8,     5.6,    11.3,    18.5,  215.0,  0.01064,      0,      0,       0,       0,       0,       0
total,                                                938014,    5060,    3946,    3946,     1.0,     0.8,     2.2,     3.7,     8.8,    13.8,  216.0,  0.01061,      0,      0,       0,       0,       0,       0
total,                                                942248,    4234,    3308,    3308,     1.2,     0.8,     3.0,     6.2,    14.0,    24.2,  217.0,  0.01056,      0,      0,       0,       0,       0,       0
total,                                                946679,    4431,    3491,    3491,     1.1,     0.9,     2.7,     4.8,    11.2,    15.2,  218.0,  0.01051,      0,      0,       0,       0,       0,       0
total,                                                951123,    4444,    3417,    3417,     1.1,     0.9,     2.5,     4.7,    10.8,    13.4,  219.0,  0.01046,      0,      0,       0,       0,       0,       0
total,                                                954997,    3874,    3021,    3021,     1.3,     0.9,     3.4,     8.0,    16.7,    20.7,  220.0,  0.01043,      0,      0,       0,       0,       0,       0
total,                                                958335,    3338,    2572,    2572,     1.5,     1.0,     4.3,     8.8,    14.9,    17.4,  221.0,  0.01046,      0,      0,       0,       0,       0,       0
total,                                                962017,    3682,    2869,    2869,     1.4,     0.8,     4.0,    10.1,    16.6,    29.6,  222.0,  0.01044,      0,      0,       0,       0,       0,       0
total,                                                967015,    4998,    3905,    3905,     1.0,     0.8,     2.1,     3.7,    18.8,    25.0,  223.0,  0.01041,      0,      0,       0,       0,       0,       0
total,                                                971570,    4555,    3550,    3550,     1.1,     0.8,     2.4,     4.8,    11.9,    13.9,  224.0,  0.01036,      0,      0,       0,       0,       0,       0
total,                                                976308,    4738,    3707,    3707,     1.1,     0.8,     2.3,     4.3,    13.2,    22.2,  225.0,  0.01032,      0,      0,       0,       0,       0,       0
total,                                                980962,    4654,    3608,    3608,     1.1,     0.8,     2.4,     5.1,    13.3,    17.5,  226.0,  0.01027,      0,      0,       0,       0,       0,       0
total,                                                985985,    5023,    3951,    3951,     1.0,     0.7,     2.3,     5.9,    13.6,    18.5,  227.0,  0.01024,      0,      0,       0,       0,       0,       0
total,                                                990887,    4902,    3795,    3795,     1.0,     0.8,     2.2,     3.5,    10.2,    13.3,  228.0,  0.01021,      0,      0,       0,       0,       0,       0
total,                                                995807,    4920,    3838,    3838,     1.0,     0.8,     2.2,     4.4,    10.2,    20.4,  229.0,  0.01017,      0,      0,       0,       0,       0,       0
total,                                               1000000,    4597,    3568,    3568,     1.1,     0.8,     2.5,     4.7,     9.9,    11.5,  229.9,  0.01013,      0,      0,       0,       0,       0,       0


Results:
Op rate                   :    4,349 op/s  [t1.select_tag_by_id: 4,349 op/s]
Partition rate            :    3,381 pk/s  [t1.select_tag_by_id: 3,381 pk/s]
Row rate                  :    3,381 row/s [t1.select_tag_by_id: 3,381 row/s]
Latency mean              :    1.1 ms [t1.select_tag_by_id: 1.1 ms]
Latency median            :    0.8 ms [t1.select_tag_by_id: 0.8 ms]
Latency 95th percentile   :    2.7 ms [t1.select_tag_by_id: 2.7 ms]
Latency 99th percentile   :    5.8 ms [t1.select_tag_by_id: 5.8 ms]
Latency 99.9th percentile :   13.6 ms [t1.select_tag_by_id: 13.6 ms]
Latency max               :  224.3 ms [t1.select_tag_by_id: 224.3 ms]
Total partitions          :    777,337 [t1.select_tag_by_id: 777,337]
Total errors              :          0 [t1.select_tag_by_id: 0]
Total GC count            : 0
Total GC memory           : 0.000 KiB
Total GC time             :    0.0 seconds
Avg GC time               :    NaN ms
StdDev GC time            :    0.0 ms
Total operation time      : 00:03:49

END
