******************** Stress Settings ********************
Command:
  Type: user
  Count: 10,000
  No Warmup: false
  Consistency Level: LOCAL_ONE
  Target Uncertainty: not applicable
  Command Ratios: {t1.select_tag_by_id=1.0}
  Command Clustering Distribution: clustering=gaussian(1..10)
  Profile File(s): t1_tags.yaml
Rate:
  Auto: false
  Thread Count: 5
  OpsPer Sec: 0
Population:
  Distribution: Gaussian:  min=1,max=10000,mean=5000.500000,stdev=1666.500000
  Order: ARBITRARY
  Wrap: false
Insert:
  Revisits: Uniform:  min=1,max=1000000
  Visits: Fixed:  key=1
  Row Population Ratio: Ratio: divisor=1.000000;delegate=Fixed:  key=1
  Batch Type: not batching
Errors:
  Ignore: false
  Tries: 10
Log:
  No Summary: false
  No Settings: false
  File: tags_10K_read.log
  Interval Millis: 1000
  Level: NORMAL
Mode:
  API: JAVA_DRIVER_NATIVE
  Connection Style: CQL_PREPARED
  CQL Version: CQL3
  Protocol Version: V5
  Username: null
  Password: null
  Auth Provide Class: null
  Max Pending Per Connection: 128
  Connections Per Host: 8
  Compression: NONE
Node:
  Nodes: [localhost]
  Is White List: false
  Datacenter: null
Schema:
  Keyspace: null
  Replication Strategy: org.apache.cassandra.locator.SimpleStrategy
  Replication Strategy Options: {replication_factor=1}
  Table Compression: null
  Table Compaction Strategy: null
  Table Compaction Strategy Options: {}
Transport:
  truststore=null; truststore-password=null; keystore=null; keystore-password=null; ssl-protocol=TLS; ssl-alg=null; ssl-ciphers=TLS_RSA_WITH_AES_128_CBC_SHA,TLS_RSA_WITH_AES_256_CBC_SHA; 
Port:
  Native Port: 9042
  JMX Port: 7199
Graph:
  File: tags_10K.html
  Revision: Read_10K
  Title: NVO_Cassandra_POC_TAG_Table_10K_Records
  Operation: USER
TokenRange:
  Wrap: false
  Split Factor: 1

******************** Profile(s) ********************
  Keyspace Name: tagging
  Keyspace CQL: 
***
CREATE KEYSPACE IF NOT EXISTS tagging WITH replication = {'class': 'SimpleStrategy', 'replication_factor': 1};
***

  Table Name: tags
  Table CQL: 
***
CREATE TABLE IF NOT EXISTS tags (
  id uuid PRIMARY KEY,
  owner_id int,
  name text,
  description text,
  properties text
);
***

  Extra Schema Definitions: null
  Generator Configs:
    owner_id: Size: Gaussian:  min=5,max=10,mean=7.500000,stdev=0.833333;Identity: Uniform:  min=1,max=1000000;
    name: Size: Uniform:  min=5,max=200;
    description: Size: Uniform:  min=10,max=100;
    id: Size: Gaussian:  min=5,max=10,mean=7.500000,stdev=0.833333;Identity: Uniform:  min=1,max=10000000;
    properties: Size: Uniform:  min=10,max=50;
  Query Definitions:
    select_tag_by_id: CQL:SELECT * FROM tags WHERE id = ?;Fields:samerow;
    update_tag_properties: CQL:UPDATE tags SET properties = ? WHERE id = ?;Fields:samerow;
    delete_tag_by_id: CQL:DELETE FROM tags WHERE id = ?;Fields:samerow;
  Token Range Queries:
  Insert Settings:
    partitions: fixed(1)
    select: fixed(1)/500
    batchtype: UNLOGGED
Generating batches with [1..1] partitions and [0..0] rows (of [1..1] total rows in the partitions)

Sleeping 2s...
Warming up t1.select_tag_by_id with 2500 iterations...
Running [t1.select_tag_by_id] with 5 threads for 10000 iteration
type                                               total ops,    op/s,    pk/s,   row/s,    mean,     med,     .95,     .99,    .999,     max,   time,   stderr, errors,  gc: #,  max ms,  sum ms,  sdv ms,      mb
total,                                                  2163,    2163,    1666,    1666,     1.8,     1.2,     5.3,    11.2,    18.6,    21.1,    1.0,  0.00000,      0,      0,       0,       0,       0,       0
total,                                                  4999,    2836,    2165,    2165,     1.7,     1.3,     4.2,     8.9,    15.9,    29.0,    2.0,  0.09494,      0,      0,       0,       0,       0,       0
total,                                                  8598,    3599,    2732,    2732,     1.4,     1.0,     3.5,     7.1,    13.5,    25.4,    3.0,  0.11567,      0,      0,       0,       0,       0,       0
total,                                                 10000,    3137,    2405,    2405,     1.6,     1.0,     4.0,     8.9,    28.4,    30.2,    3.4,  0.08923,      0,      0,       0,       0,       0,       0


Results:
Op rate                   :    2,901 op/s  [t1.select_tag_by_id: 2,901 op/s]
Partition rate            :    2,216 pk/s  [t1.select_tag_by_id: 2,216 pk/s]
Row rate                  :    2,216 row/s [t1.select_tag_by_id: 2,216 row/s]
Latency mean              :    1.6 ms [t1.select_tag_by_id: 1.6 ms]
Latency median            :    1.1 ms [t1.select_tag_by_id: 1.1 ms]
Latency 95th percentile   :    4.2 ms [t1.select_tag_by_id: 4.2 ms]
Latency 99th percentile   :    8.7 ms [t1.select_tag_by_id: 8.7 ms]
Latency 99.9th percentile :   16.6 ms [t1.select_tag_by_id: 16.6 ms]
Latency max               :   30.2 ms [t1.select_tag_by_id: 30.2 ms]
Total partitions          :      7,638 [t1.select_tag_by_id: 7,638]
Total errors              :          0 [t1.select_tag_by_id: 0]
Total GC count            : 0
Total GC memory           : 0.000 KiB
Total GC time             :    0.0 seconds
Avg GC time               :    NaN ms
StdDev GC time            :    0.0 ms
Total operation time      : 00:00:03

END
