******************** Stress Settings ********************
Command:
  Type: user
  Count: 1,000
  No Warmup: false
  Consistency Level: LOCAL_ONE
  Target Uncertainty: not applicable
  Command Ratios: {t1.insert=1.0}
  Command Clustering Distribution: clustering=gaussian(1..10)
  Profile File(s): t1_tags.yaml
Rate:
  Auto: false
  Thread Count: 1
  OpsPer Sec: 0
Population:
  Distribution: Gaussian:  min=1,max=1000,mean=500.500000,stdev=166.500000
  Order: ARBITRARY
  Wrap: false
Insert:
  Revisits: Uniform:  min=1,max=1000000
  Visits: Fixed:  key=1
  Row Population Ratio: Ratio: divisor=1.000000;delegate=Fixed:  key=1
  Batch Type: not batching
Errors:
  Ignore: false
  Tries: 10
Log:
  No Summary: false
  No Settings: false
  File: tags_1K_write_1_threads.log
  Interval Millis: 1000
  Level: NORMAL
Mode:
  API: JAVA_DRIVER_NATIVE
  Connection Style: CQL_PREPARED
  CQL Version: CQL3
  Protocol Version: V5
  Username: null
  Password: null
  Auth Provide Class: null
  Max Pending Per Connection: 128
  Connections Per Host: 8
  Compression: NONE
Node:
  Nodes: [localhost]
  Is White List: false
  Datacenter: null
Schema:
  Keyspace: null
  Replication Strategy: org.apache.cassandra.locator.SimpleStrategy
  Replication Strategy Options: {replication_factor=1}
  Table Compression: null
  Table Compaction Strategy: null
  Table Compaction Strategy Options: {}
Transport:
  truststore=null; truststore-password=null; keystore=null; keystore-password=null; ssl-protocol=TLS; ssl-alg=null; ssl-ciphers=TLS_RSA_WITH_AES_128_CBC_SHA,TLS_RSA_WITH_AES_256_CBC_SHA; 
Port:
  Native Port: 9042
  JMX Port: 7199
Graph:
  File: tags_1K_threads_1.html
  Revision: Insert
  Title: NVO_Cassandra_POC_tags_Table_1K_Records_1_Threads
  Operation: USER
TokenRange:
  Wrap: false
  Split Factor: 1

******************** Profile(s) ********************
  Keyspace Name: tagging
  Keyspace CQL: 
***
CREATE KEYSPACE IF NOT EXISTS tagging WITH replication = {'class': 'SimpleStrategy', 'replication_factor': 1};
***

  Table Name: tags
  Table CQL: 
***
CREATE TABLE IF NOT EXISTS tags (
  id uuid PRIMARY KEY,
  owner_id int,
  name text,
  description text,
  properties text
);
***

  Extra Schema Definitions: null
  Generator Configs:
    owner_id: Size: Gaussian:  min=5,max=10,mean=7.500000,stdev=0.833333;Identity: Uniform:  min=1,max=1000000;
    name: Size: Uniform:  min=5,max=200;
    description: Size: Uniform:  min=10,max=100;
    id: Size: Gaussian:  min=5,max=10,mean=7.500000,stdev=0.833333;Identity: Uniform:  min=1,max=10000000;
    properties: Size: Uniform:  min=10,max=50;
  Query Definitions:
    select_tag_by_id: CQL:SELECT * FROM tags WHERE id = ?;Fields:samerow;
    update_tag_properties: CQL:UPDATE tags SET properties = ? WHERE id = ?;Fields:samerow;
    delete_tag_by_id: CQL:DELETE FROM tags WHERE id = ?;Fields:samerow;
    insert_tag: CQL:INSERT INTO tags (id, owner_id, name, description, properties) VALUES (?, ?, ?, ?, ?);Fields:samerow;
  Token Range Queries:
  Insert Settings:
    partitions: fixed(1)
    select: fixed(1)/500
    batchtype: UNLOGGED
Generating batches with [1..1] partitions and [0..0] rows (of [1..1] total rows in the partitions)

Sleeping 2s...
Warming up t1.insert with 250 iterations...
Running [t1.insert] with 1 threads for 1000 iteration
type                                               total ops,    op/s,    pk/s,   row/s,    mean,     med,     .95,     .99,    .999,     max,   time,   stderr, errors,  gc: #,  max ms,  sum ms,  sdv ms,      mb
total,                                                   248,     248,     248,     248,     2.5,     1.8,     6.8,    11.7,    24.0,    24.0,    1.0,  0.00000,      0,      0,       0,       0,       0,       0
total,                                                   669,     421,     421,     421,     2.3,     1.5,     7.3,    12.2,    17.0,    17.0,    2.0,  0.18051,      0,      0,       0,       0,       0,       0
total,                                                  1000,     449,     449,     449,     2.2,     1.3,     6.4,    10.8,    24.4,    24.4,    2.7,  0.13868,      0,      0,       0,       0,       0,       0


Results:
Op rate                   :      365 op/s  [t1.insert: 365 op/s]
Partition rate            :      365 pk/s  [t1.insert: 365 pk/s]
Row rate                  :      365 row/s [t1.insert: 365 row/s]
Latency mean              :    2.3 ms [t1.insert: 2.3 ms]
Latency median            :    1.6 ms [t1.insert: 1.6 ms]
Latency 95th percentile   :    6.8 ms [t1.insert: 6.8 ms]
Latency 99th percentile   :   11.8 ms [t1.insert: 11.8 ms]
Latency 99.9th percentile :   24.0 ms [t1.insert: 24.0 ms]
Latency max               :   24.4 ms [t1.insert: 24.4 ms]
Total partitions          :      1,000 [t1.insert: 1,000]
Total errors              :          0 [t1.insert: 0]
Total GC count            : 0
Total GC memory           : 0.000 KiB
Total GC time             :    0.0 seconds
Avg GC time               :    NaN ms
StdDev GC time            :    0.0 ms
Total operation time      : 00:00:02

END
