******************** Stress Settings ********************
Command:
  Type: user
  Count: -1
  Duration: 1 MINUTES
  No Warmup: false
  Consistency Level: LOCAL_ONE
  Target Uncertainty: not applicable
  Command Ratios: {select_entity_by_id=1.0}
  Command Clustering Distribution: clustering=gaussian(1..10)
  Profile File(s): ./entities.yaml
Rate:
  Auto: false
  Thread Count: 10
  OpsPer Sec: 0
Population:
  Distribution: Gaussian:  min=1,max=1000000,mean=500000.500000,stdev=166666.500000
  Order: ARBITRARY
  Wrap: false
Insert:
  Revisits: Uniform:  min=1,max=1000000
  Visits: Fixed:  key=1
  Row Population Ratio: Ratio: divisor=1.000000;delegate=Fixed:  key=1
  Batch Type: not batching
Errors:
  Ignore: false
  Tries: 10
Log:
  No Summary: false
  No Settings: false
  File: entities_read.log
  Interval Millis: 1000
  Level: NORMAL
Mode:
  API: JAVA_DRIVER_NATIVE
  Connection Style: CQL_PREPARED
  CQL Version: CQL3
  Protocol Version: V5
  Username: null
  Password: null
  Auth Provide Class: null
  Max Pending Per Connection: 128
  Connections Per Host: 8
  Compression: NONE
Node:
  Nodes: [localhost]
  Is White List: false
  Datacenter: null
Schema:
  Keyspace: null
  Replication Strategy: org.apache.cassandra.locator.SimpleStrategy
  Replication Strategy Options: {replication_factor=1}
  Table Compression: null
  Table Compaction Strategy: null
  Table Compaction Strategy Options: {}
Transport:
  truststore=null; truststore-password=null; keystore=null; keystore-password=null; ssl-protocol=TLS; ssl-alg=null; ssl-ciphers=TLS_RSA_WITH_AES_128_CBC_SHA,TLS_RSA_WITH_AES_256_CBC_SHA; 
Port:
  Native Port: 9042
  JMX Port: 7199
Send To Daemon:
  *not set*
Graph:
  File: entities_read.html
  Revision: unknown
  Title: null
  Operation: USER
TokenRange:
  Wrap: false
  Split Factor: 1

******************** Profile(s) ********************
  Keyspace Name: tagging
  Keyspace CQL: 
***
CREATE KEYSPACE tagging WITH replication = {'class': 'SimpleStrategy', 'replication_factor': 1};
***

  Table Name: entities
  Table CQL: 
***
CREATE TABLE entities (
  id uuid PRIMARY KEY,
  name text,
  type text,
  metadata text
);
***

  Extra Schema Definitions: null
  Generator Configs:
    metadata: Size: Uniform:  min=10,max=50;Identity: Uniform:  min=1,max=100;
    name: Size: Uniform:  min=5,max=20;Identity: Gaussian:  min=1,max=1000,mean=100.000000,stdev=3.000000;
    id: Clustering: Uniform:  min=0,max=100000;
    type: Size: Uniform:  min=5,max=15;Identity: Uniform:  min=1,max=100;
  Query Definitions:
    select_entity_by_id: CQL:SELECT * FROM entities WHERE id = ?;Fields:samerow;
    select_all_entities: CQL:SELECT * FROM entities;Fields:null;
  Token Range Queries:
  Insert Settings:
    partitions: fixed(1)
    select: fixed(1)/500
    batchtype: UNLOGGED
Generating batches with [1..1] partitions and [0..0] rows (of [1..1] total rows in the partitions)

Sleeping 2s...
Warming up select_entity_by_id with 50000 iterations...
Running [select_entity_by_id] with 10 threads 1 minutes
type                                               total ops,    op/s,    pk/s,   row/s,    mean,     med,     .95,     .99,    .999,     max,   time,   stderr, errors,  gc: #,  max ms,  sum ms,  sdv ms,      mb
total,                                                  1936,    1936,    1115,    1115,     1.8,     1.2,     5.0,    11.2,    23.1,    44.7,    1.0,  0.00000,      0,      0,       0,       0,       0,       0
total,                                                  7786,    5850,    3439,    3439,     1.7,     1.1,     5.0,    10.5,    28.0,    42.9,    2.0,  0.36036,      0,      0,       0,       0,       0,       0
total,                                                 15772,    7986,    4738,    4738,     1.2,     0.9,     2.7,     6.4,    20.6,    35.6,    3.0,  0.27777,      0,      1,      12,      12,       0,     318
total,                                                 20703,    4931,    2956,    2956,     2.0,     1.0,     6.7,    17.2,    52.6,   124.2,    4.0,  0.20616,      0,      0,       0,       0,       0,       0
total,                                                 27851,    7148,    4267,    4267,     1.4,     0.9,     3.9,    10.9,    24.1,    56.2,    5.0,  0.16599,      0,      0,       0,       0,       0,       0
total,                                                 36663,    8812,    5284,    5284,     1.1,     0.8,     2.8,     5.6,    12.8,    23.1,    6.0,  0.14756,      0,      0,       0,       0,       0,       0
total,                                                 44090,    7427,    4415,    4415,     1.3,     0.8,     3.6,     8.7,    23.2,    49.8,    7.0,  0.12576,      0,      1,      15,      15,       0,     318
total,                                                 51223,    7133,    4245,    4245,     1.4,     0.9,     3.5,     8.9,    19.4,    30.8,    8.0,  0.10928,      0,      0,       0,       0,       0,       0
total,                                                 57425,    6202,    3666,    3666,     1.6,     0.9,     4.5,    14.4,    31.7,    58.5,    9.0,  0.09747,      0,      0,       0,       0,       0,       0
total,                                                 65503,    8078,    4771,    4771,     1.2,     0.9,     3.0,     5.7,    15.5,    23.2,   10.0,  0.08829,      0,      1,      12,      12,       0,     318
total,                                                 74534,    9031,    5372,    5372,     1.1,     0.8,     2.5,     4.8,     9.7,    17.1,   11.0,  0.08294,      0,      0,       0,       0,       0,       0
total,                                                 81599,    7065,    4160,    4160,     1.4,     1.0,     3.6,     8.8,    22.7,    38.0,   12.0,  0.07589,      0,      0,       0,       0,       0,       0
total,                                                 88322,    6723,    3981,    3981,     1.5,     0.8,     4.4,    12.7,    34.2,    42.9,   13.0,  0.07013,      0,      0,       0,       0,       0,       0
total,                                                 94741,    6419,    3813,    3813,     1.5,     0.9,     4.9,    10.7,    31.0,    43.8,   14.0,  0.06547,      0,      1,      19,      19,       0,     317
total,                                                100702,    5961,    3563,    3563,     1.7,     0.9,     5.2,    14.5,    37.7,    44.0,   15.0,  0.06198,      0,      0,       0,       0,       0,       0
total,                                                104715,    4013,    2436,    2436,     2.4,     1.1,     9.8,    22.6,    50.7,    99.6,   16.0,  0.06323,      0,      0,       0,       0,       0,       0
total,                                                110264,    5549,    3294,    3294,     1.8,     0.9,     5.9,    18.8,    47.2,    94.5,   17.0,  0.06020,      0,      0,       0,       0,       0,       0
total,                                                118124,    7860,    4708,    4708,     1.3,     0.8,     3.7,     8.9,    20.6,    43.3,   18.0,  0.05735,      0,      1,      17,      17,       0,     320
total,                                                125155,    7031,    4137,    4137,     1.4,     0.9,     3.9,     9.0,    37.7,    48.6,   19.0,  0.05425,      0,      0,       0,       0,       0,       0
total,                                                133597,    8442,    5002,    5002,     1.2,     0.8,     3.3,     7.1,    12.6,    14.2,   20.0,  0.05218,      0,      0,       0,       0,       0,       0
total,                                                143534,    9937,    5969,    5969,     1.0,     0.7,     2.4,     4.9,    17.3,    21.5,   21.0,  0.05306,      0,      1,      15,      15,       0,     319
total,                                                151317,    7783,    4718,    4718,     1.3,     0.7,     4.0,    10.2,    23.6,    43.2,   22.0,  0.05077,      0,      0,       0,       0,       0,       0
total,                                                161589,   10272,    6018,    6018,     1.0,     0.8,     2.2,     3.9,    10.6,    13.3,   23.0,  0.05088,      0,      0,       0,       0,       0,       0
total,                                                169498,    7909,    4692,    4692,     1.3,     0.8,     3.1,     6.9,    36.9,    42.1,   24.0,  0.04877,      0,      1,      34,      34,       0,     319
total,                                                179034,    9536,    5746,    5746,     1.0,     0.8,     2.5,     5.4,    13.2,    31.9,   25.0,  0.04815,      0,      0,       0,       0,       0,       0
total,                                                187239,    8205,    4899,    4899,     1.2,     0.7,     3.5,     9.1,    21.2,    81.5,   26.0,  0.04656,      0,      0,       0,       0,       0,       0
total,                                                193862,    6623,    3963,    3963,     1.5,     0.8,     5.0,    12.1,    25.8,    44.8,   27.0,  0.04503,      0,      1,      19,      19,       0,     319
total,                                                201086,    7224,    4340,    4340,     1.4,     0.8,     4.2,    13.2,    31.1,    53.6,   28.0,  0.04339,      0,      0,       0,       0,       0,       0
total,                                                209930,    8844,    5333,    5333,     1.1,     0.7,     3.0,     7.0,    16.1,    27.3,   29.0,  0.04226,      0,      0,       0,       0,       0,       0
total,                                                217123,    7193,    4294,    4294,     1.4,     0.8,     4.3,    11.3,    28.0,    74.1,   30.0,  0.04083,      0,      0,       0,       0,       0,       0
total,                                                227009,    9886,    5942,    5942,     1.0,     0.7,     2.5,     5.0,    21.8,    30.1,   31.0,  0.04065,      0,      1,      20,      20,       0,     316
total,                                                234372,    7363,    4346,    4346,     1.4,     0.7,     4.1,    12.4,    27.8,    47.1,   32.0,  0.03938,      0,      0,       0,       0,       0,       0
total,                                                242075,    7703,    4511,    4511,     1.3,     0.7,     3.6,    11.3,    28.3,    58.5,   33.0,  0.03815,      0,      0,       0,       0,       0,       0
total,                                                246249,    4174,    2505,    2505,     2.4,     0.8,     9.7,    21.9,    49.7,    76.7,   34.0,  0.03933,      0,      1,      35,      35,       0,     319
total,                                                255291,    9042,    5283,    5283,     1.1,     0.7,     3.1,     6.8,    14.1,    47.3,   35.0,  0.03849,      0,      0,       0,       0,       0,       0
total,                                                265211,    9920,    5899,    5899,     1.0,     0.7,     2.5,     5.7,    16.2,    24.4,   36.0,  0.03815,      0,      0,       0,       0,       0,       0
total,                                                273456,    8245,    4909,    4909,     1.2,     0.7,     3.8,     8.2,    20.2,    30.4,   37.0,  0.03712,      0,      1,      14,      14,       0,     319
total,                                                283835,   10379,    6120,    6120,     1.0,     0.7,     2.5,     4.8,    12.9,    19.3,   38.0,  0.03697,      0,      0,       0,       0,       0,       0
total,                                                290707,    6872,    4116,    4116,     1.4,     0.8,     4.6,    11.8,    26.9,    56.1,   39.0,  0.03611,      0,      0,       0,       0,       0,       0
total,                                                298963,    8256,    5005,    5005,     1.2,     0.8,     3.1,    10.3,    23.9,    58.4,   40.0,  0.03526,      0,      1,      12,      12,       0,     319
total,                                                309788,   10825,    6461,    6461,     0.9,     0.7,     2.1,     3.7,    16.8,    22.2,   41.0,  0.03550,      0,      0,       0,       0,       0,       0
total,                                                318207,    8419,    5025,    5025,     1.2,     0.7,     3.1,    10.4,    22.5,    37.3,   42.0,  0.03466,      0,      0,       0,       0,       0,       0
total,                                                324697,    6490,    3871,    3871,     1.5,     0.8,     5.1,    11.7,    31.1,    49.4,   43.0,  0.03410,      0,      0,       0,       0,       0,       0
total,                                                331071,    6374,    3774,    3774,     1.6,     0.8,     5.7,    13.8,    27.8,    41.6,   44.0,  0.03365,      0,      1,      13,      13,       0,     319
total,                                                340688,    9617,    5692,    5692,     1.0,     0.7,     2.6,     5.6,    14.3,    44.3,   45.0,  0.03324,      0,      0,       0,       0,       0,       0
total,                                                352089,   11401,    6728,    6728,     0.9,     0.7,     2.0,     4.1,     9.3,    26.9,   46.0,  0.03370,      0,      0,       0,       0,       0,       0
total,                                                361374,    9285,    5530,    5530,     1.1,     0.7,     2.8,     6.0,    12.9,    16.9,   47.0,  0.03308,      0,      1,       9,       9,       0,     319
total,                                                370724,    9350,    5536,    5536,     1.1,     0.7,     2.7,     7.4,    20.4,    38.4,   48.0,  0.03253,      0,      0,       0,       0,       0,       0
total,                                                377004,    6280,    3718,    3718,     1.6,     0.9,     4.8,    10.4,    29.0,    41.2,   49.0,  0.03222,      0,      0,       0,       0,       0,       0
total,                                                386023,    9019,    5422,    5422,     1.1,     0.7,     2.9,     7.4,    17.5,    49.6,   50.0,  0.03169,      0,      1,       7,       7,       0,     319
total,                                                394646,    8623,    5081,    5081,     1.2,     0.7,     3.1,     8.0,    29.4,    39.3,   51.0,  0.03107,      0,      0,       0,       0,       0,       0
total,                                                402942,    8296,    4928,    4928,     1.2,     0.7,     3.6,     8.9,    20.0,    31.7,   52.0,  0.03046,      0,      0,       0,       0,       0,       0
total,                                                410743,    7801,    4621,    4621,     1.3,     0.7,     3.3,    10.7,    37.7,    44.8,   53.0,  0.02988,      0,      1,      23,      23,       0,     319
total,                                                419104,    8361,    4935,    4935,     1.2,     0.7,     3.3,     8.6,    19.0,    24.5,   54.0,  0.02931,      0,      0,       0,       0,       0,       0
total,                                                428468,    9364,    5590,    5590,     1.1,     0.7,     2.8,     6.4,    15.0,    24.4,   55.0,  0.02888,      0,      0,       0,       0,       0,       0
total,                                                439297,   10829,    6388,    6388,     0.9,     0.7,     2.1,     4.1,    14.8,    19.6,   56.0,  0.02885,      0,      1,      11,      11,       0,     319
total,                                                445380,    6083,    3643,    3643,     1.6,     0.8,     5.7,    13.5,    43.9,    81.2,   57.0,  0.02862,      0,      0,       0,       0,       0,       0
total,                                                452337,    6957,    4118,    4118,     1.4,     0.9,     3.9,    10.7,    35.3,    41.1,   58.0,  0.02825,      0,      0,       0,       0,       0,       0
total,                                                462093,    9756,    5772,    5772,     1.0,     0.7,     2.5,     6.5,    20.2,    36.4,   59.0,  0.02794,      0,      1,      18,      18,       0,     319
total,                                                472294,   10201,    5993,    5993,     1.0,     0.7,     2.5,     5.3,    12.5,    27.5,   60.0,  0.02771,      0,      0,       0,       0,       0,       0
total,                                                478163,    9091,    5308,    5308,     1.1,     0.7,     3.0,     9.3,    21.5,    34.5,   60.6,  0.02730,      0,      0,       0,       0,       0,       0


Results:
Op rate                   :    7,885 op/s  [select_entity_by_id: 7,885 op/s]
Partition rate            :    4,687 pk/s  [select_entity_by_id: 4,687 pk/s]
Row rate                  :    4,687 row/s [select_entity_by_id: 4,687 row/s]
Latency mean              :    1.2 ms [select_entity_by_id: 1.2 ms]
Latency median            :    0.8 ms [select_entity_by_id: 0.8 ms]
Latency 95th percentile   :    3.4 ms [select_entity_by_id: 3.4 ms]
Latency 99th percentile   :    9.1 ms [select_entity_by_id: 9.1 ms]
Latency 99.9th percentile :   24.5 ms [select_entity_by_id: 24.5 ms]
Latency max               :  124.2 ms [select_entity_by_id: 124.2 ms]
Total partitions          :    284,223 [select_entity_by_id: 284,223]
Total errors              :          0 [select_entity_by_id: 0]
Total GC count            : 18
Total GC memory           : 5.600 GiB
Total GC time             :    0.3 seconds
Avg GC time               :   16.9 ms
StdDev GC time            :    7.4 ms
Total operation time      : 00:01:00

END
