******************** Stress Settings ********************
Command:
  Type: user
  Count: -1
  Duration: 1 MINUTES
  No Warmup: false
  Consistency Level: LOCAL_ONE
  Target Uncertainty: not applicable
  Command Ratios: {insert=1.0}
  Command Clustering Distribution: clustering=gaussian(1..10)
  Profile File(s): ./entities.yaml
Rate:
  Auto: false
  Thread Count: 10
  OpsPer Sec: 0
Population:
  Sequence: 1..1000000
  Order: ARBITRARY
  Wrap: true
Insert:
  Revisits: Uniform:  min=1,max=1000000
  Visits: Fixed:  key=1
  Row Population Ratio: Ratio: divisor=1.000000;delegate=Fixed:  key=1
  Batch Type: not batching
Errors:
  Ignore: false
  Tries: 10
Log:
  No Summary: false
  No Settings: false
  File: entities_write.log
  Interval Millis: 1000
  Level: NORMAL
Mode:
  API: JAVA_DRIVER_NATIVE
  Connection Style: CQL_PREPARED
  CQL Version: CQL3
  Protocol Version: V5
  Username: null
  Password: null
  Auth Provide Class: null
  Max Pending Per Connection: 128
  Connections Per Host: 8
  Compression: NONE
Node:
  Nodes: [localhost]
  Is White List: false
  Datacenter: null
Schema:
  Keyspace: null
  Replication Strategy: org.apache.cassandra.locator.SimpleStrategy
  Replication Strategy Options: {replication_factor=1}
  Table Compression: null
  Table Compaction Strategy: null
  Table Compaction Strategy Options: {}
Transport:
  truststore=null; truststore-password=null; keystore=null; keystore-password=null; ssl-protocol=TLS; ssl-alg=null; ssl-ciphers=TLS_RSA_WITH_AES_128_CBC_SHA,TLS_RSA_WITH_AES_256_CBC_SHA; 
Port:
  Native Port: 9042
  JMX Port: 7199
Send To Daemon:
  *not set*
Graph:
  File: entities_writ.html
  Revision: unknown
  Title: null
  Operation: USER
TokenRange:
  Wrap: false
  Split Factor: 1

******************** Profile(s) ********************
  Keyspace Name: tagging
  Keyspace CQL: 
***
CREATE KEYSPACE tagging WITH replication = {'class': 'SimpleStrategy', 'replication_factor': 1};
***

  Table Name: entities
  Table CQL: 
***
CREATE TABLE entities (
  id uuid PRIMARY KEY,
  name text,
  type text,
  metadata text
);
***

  Extra Schema Definitions: null
  Generator Configs:
    metadata: Size: Uniform:  min=10,max=50;Identity: Uniform:  min=1,max=100;
    name: Size: Uniform:  min=5,max=20;Identity: Gaussian:  min=1,max=1000,mean=100.000000,stdev=3.000000;
    id: Clustering: Uniform:  min=0,max=100000;
    type: Size: Uniform:  min=5,max=15;Identity: Uniform:  min=1,max=100;
  Query Definitions:
    select_entity_by_id: CQL:SELECT * FROM entities WHERE id = ?;Fields:samerow;
    select_all_entities: CQL:SELECT * FROM entities;Fields:null;
  Token Range Queries:
  Insert Settings:
    partitions: fixed(1)
    select: fixed(1)/500
    batchtype: UNLOGGED
Generating batches with [1..1] partitions and [0..0] rows (of [1..1] total rows in the partitions)

Sleeping 2s...
Warming up insert with 50000 iterations...
Running [insert] with 10 threads 1 minutes
type                                               total ops,    op/s,    pk/s,   row/s,    mean,     med,     .95,     .99,    .999,     max,   time,   stderr, errors,  gc: #,  max ms,  sum ms,  sdv ms,      mb
total,                                                  4348,    4348,    4348,    4348,     1.1,     0.8,     2.5,     6.1,    13.0,    14.7,    1.0,  0.00000,      0,      0,       0,       0,       0,       0
total,                                                 12510,    8162,    8162,    8162,     1.2,     0.9,     3.1,     6.6,    13.3,    18.7,    2.0,  0.21689,      0,      0,       0,       0,       0,       0
total,                                                 20614,    8104,    8104,    8104,     1.2,     0.8,     3.3,     7.7,    17.4,    53.7,    3.0,  0.15466,      0,      0,       0,       0,       0,       0
total,                                                 30049,    9435,    9435,    9435,     1.1,     0.8,     2.2,     4.6,    50.2,    51.8,    4.0,  0.13176,      0,      1,      48,      48,       0,     291
total,                                                 39013,    8964,    8964,    8964,     1.1,     0.9,     2.5,     5.0,    13.6,    21.4,    5.0,  0.10617,      0,      0,       0,       0,       0,       0
total,                                                 42915,    3902,    3902,    3902,     2.5,     1.1,     8.6,    20.3,    91.0,   126.1,    6.0,  0.12064,      0,      0,       0,       0,       0,       0
total,                                                 45154,    2239,    2239,    2239,     4.5,     1.7,    16.5,    31.9,    54.2,    59.4,    7.0,  0.15199,      0,      0,       0,       0,       0,       0
total,                                                 50084,    4930,    4930,    4930,     2.0,     1.0,     6.8,    16.3,    45.1,    79.6,    8.0,  0.13875,      0,      0,       0,       0,       0,       0
total,                                                 56203,    6119,    6119,    6119,     1.6,     0.9,     5.9,    10.9,    23.8,    31.3,    9.0,  0.12394,      0,      0,       0,       0,       0,       0
total,                                                 64975,    8772,    8772,    8772,     1.1,     0.7,     2.4,     7.0,    79.0,    86.4,   10.0,  0.11466,      0,      1,      76,      76,       0,     303
total,                                                 72909,    7934,    7934,    7934,     1.3,     0.7,     3.7,     9.1,    25.3,    32.0,   11.0,  0.10376,      0,      0,       0,       0,       0,       0
total,                                                 80395,    7486,    7486,    7486,     1.3,     0.7,     4.3,    12.3,    22.6,    38.4,   12.0,  0.09465,      0,      0,       0,       0,       0,       0
total,                                                 91164,   10769,   10769,   10769,     0.9,     0.7,     2.1,     3.9,    12.6,    17.3,   13.0,  0.09259,      0,      0,       0,       0,       0,       0
total,                                                 99988,    8824,    8824,    8824,     1.1,     0.7,     2.7,     6.4,    67.9,    69.1,   14.0,  0.08648,      0,      1,      67,      67,       0,     291
total,                                                111450,   11462,   11462,   11462,     0.9,     0.7,     1.9,     3.7,     9.6,    17.7,   15.0,  0.08516,      0,      0,       0,       0,       0,       0
total,                                                120118,    8668,    8668,    8668,     1.1,     0.8,     3.1,     6.8,    17.3,    23.6,   16.0,  0.07959,      0,      0,       0,       0,       0,       0
total,                                                128305,    8187,    8187,    8187,     1.2,     0.7,     3.5,     8.2,    23.9,    32.5,   17.0,  0.07470,      0,      0,       0,       0,       0,       0
total,                                                136269,    7964,    7964,    7964,     1.3,     0.7,     3.3,     9.7,    99.4,   106.0,   18.0,  0.07039,      0,      1,     101,     101,       0,     295
total,                                                143085,    6816,    6816,    6816,     1.5,     0.8,     4.8,    11.1,    32.3,    88.6,   19.0,  0.06695,      0,      0,       0,       0,       0,       0
total,                                                154551,   11466,   11466,   11466,     0.9,     0.7,     2.0,     3.7,    10.7,    16.0,   20.0,  0.06609,      0,      0,       0,       0,       0,       0
total,                                                164066,    9515,    9515,    9515,     1.0,     0.7,     2.8,     6.0,    11.1,    37.6,   21.0,  0.06311,      0,      0,       0,       0,       0,       0
total,                                                172021,    7955,    7955,    7955,     1.2,     0.7,     3.0,    10.0,   111.5,   112.7,   22.0,  0.06013,      0,      1,     109,     109,       0,     304
total,                                                180733,    8712,    8712,    8712,     1.1,     0.7,     3.0,     7.1,    20.2,    33.4,   23.0,  0.05742,      0,      0,       0,       0,       0,       0
total,                                                191071,   10338,   10338,   10338,     1.0,     0.7,     2.3,     4.8,    11.4,    33.9,   24.0,  0.05565,      0,      0,       0,       0,       0,       0
total,                                                200570,    9499,    9499,    9499,     1.0,     0.7,     2.5,     6.6,    26.5,    48.9,   25.0,  0.05355,      0,      0,       0,       0,       0,       0
total,                                                208865,    8295,    8295,    8295,     1.2,     0.8,     2.8,     7.3,    51.6,    63.4,   26.0,  0.05143,      0,      1,      60,      60,       0,     294
total,                                                218846,    9981,    9981,    9981,     1.0,     0.7,     2.3,     5.7,    34.6,    71.5,   27.0,  0.05000,      0,      0,       0,       0,       0,       0
total,                                                227352,    8506,    8506,    8506,     1.2,     0.7,     3.3,     8.9,    20.3,    50.8,   28.0,  0.04816,      0,      0,       0,       0,       0,       0
total,                                                236841,    9489,    9489,    9489,     1.1,     0.7,     2.7,     7.4,    31.6,    39.0,   29.0,  0.04655,      0,      0,       0,       0,       0,       0
total,                                                245279,    8438,    8438,    8438,     1.2,     0.7,     3.1,    10.5,    44.6,    50.2,   30.0,  0.04496,      0,      1,      43,      43,       0,     294
total,                                                252774,    7495,    7495,    7495,     1.3,     0.7,     4.1,    12.4,    25.1,    40.1,   31.0,  0.04374,      0,      0,       0,       0,       0,       0
total,                                                264333,   11559,   11559,   11559,     0.9,     0.7,     1.8,     3.1,    13.2,    40.9,   32.0,  0.04362,      0,      1,      37,      37,       0,     300
total,                                                273213,    8880,    8880,    8880,     1.1,     0.7,     2.8,    10.0,    22.4,    33.8,   33.0,  0.04226,      0,      0,       0,       0,       0,       0
total,                                                281213,    8000,    8000,    8000,     1.2,     0.8,     3.4,     9.8,    26.5,    39.4,   34.0,  0.04109,      0,      0,       0,       0,       0,       0
total,                                                292403,   11190,   11190,   11190,     0.9,     0.7,     2.0,     4.2,    13.9,    22.5,   35.0,  0.04054,      0,      0,       0,       0,       0,       0
total,                                                303025,   10622,   10622,   10622,     0.9,     0.7,     2.1,     5.1,    23.4,    49.2,   36.0,  0.03982,      0,      1,      45,      45,       0,     308
total,                                                315777,   12752,   12752,   12752,     0.8,     0.6,     1.7,     3.0,     6.6,    14.7,   37.0,  0.04018,      0,      0,       0,       0,       0,       0
total,                                                326093,   10316,   10316,   10316,     1.0,     0.6,     2.3,     6.7,    17.2,    30.0,   38.0,  0.03924,      0,      0,       0,       0,       0,       0
total,                                                332369,    6276,    6276,    6276,     1.6,     0.8,     4.9,    14.0,    78.4,    81.9,   39.0,  0.03895,      0,      1,      76,      76,       0,     306
total,                                                341056,    8687,    8687,    8687,     1.1,     0.7,     2.9,     7.1,    17.8,    36.9,   40.0,  0.03796,      0,      0,       0,       0,       0,       0
total,                                                349642,    8586,    8586,    8586,     1.2,     0.7,     3.6,    10.4,    39.6,    45.1,   41.0,  0.03703,      0,      0,       0,       0,       0,       0
total,                                                359435,    9793,    9793,    9793,     1.0,     0.7,     2.5,     6.5,    22.0,    36.9,   42.0,  0.03618,      0,      0,       0,       0,       0,       0
total,                                                369741,   10306,   10306,   10306,     1.0,     0.7,     2.1,     6.8,    22.1,    58.2,   43.0,  0.03552,      0,      1,      45,      45,       0,     289
total,                                                379882,   10141,   10141,   10141,     1.0,     0.7,     2.3,     5.5,    19.1,    42.2,   44.0,  0.03479,      0,      0,       0,       0,       0,       0
total,                                                392133,   12251,   12251,   12251,     0.8,     0.6,     1.7,     3.5,    10.8,    18.2,   45.0,  0.03473,      0,      0,       0,       0,       0,       0
total,                                                402794,   10661,   10661,   10661,     0.9,     0.7,     2.0,     3.8,    19.5,    68.2,   46.0,  0.03423,      0,      1,      54,      54,       0,     297
total,                                                412687,    9893,    9893,    9893,     1.0,     0.7,     2.6,     6.9,    18.0,    28.6,   47.0,  0.03350,      0,      0,       0,       0,       0,       0
total,                                                423825,   11138,   11138,   11138,     0.9,     0.6,     2.1,     5.2,    10.5,    19.7,   48.0,  0.03300,      0,      0,       0,       0,       0,       0
total,                                                434602,   10777,   10777,   10777,     0.9,     0.7,     2.0,     4.9,    21.3,    44.4,   49.0,  0.03248,      0,      1,      42,      42,       0,     304
total,                                                446691,   12089,   12089,   12089,     0.8,     0.6,     1.8,     4.3,    11.3,    15.9,   50.0,  0.03227,      0,      0,       0,       0,       0,       0
total,                                                455112,    8421,    8421,    8421,     1.2,     0.7,     2.9,    11.6,    27.4,    34.6,   51.0,  0.03170,      0,      0,       0,       0,       0,       0
total,                                                465057,    9945,    9945,    9945,     1.0,     0.7,     2.4,     6.4,    20.0,    27.5,   52.0,  0.03109,      0,      0,       0,       0,       0,       0
total,                                                472911,    7854,    7854,    7854,     1.3,     0.7,     3.7,    13.2,    53.6,    60.1,   53.0,  0.03063,      0,      1,      50,      50,       0,     299
total,                                                481051,    8140,    8140,    8140,     1.2,     0.7,     3.0,     9.5,    30.7,    41.6,   54.0,  0.03015,      0,      0,       0,       0,       0,       0
total,                                                492134,   11083,   11083,   11083,     0.9,     0.6,     2.2,     4.7,    13.3,    32.6,   55.0,  0.02977,      0,      0,       0,       0,       0,       0
total,                                                499580,    7446,    7446,    7446,     1.3,     0.7,     3.9,    10.4,    70.3,    79.9,   56.0,  0.02941,      0,      1,      65,      65,       0,     293
total,                                                507903,    8323,    8323,    8323,     1.2,     0.8,     3.0,     8.2,    30.3,    42.4,   57.0,  0.02895,      0,      0,       0,       0,       0,       0
total,                                                518173,   10270,   10270,   10270,     1.0,     0.7,     2.4,     6.0,    13.5,    29.5,   58.0,  0.02848,      0,      0,       0,       0,       0,       0
total,                                                525873,    7700,    7700,    7700,     1.3,     0.7,     3.3,    11.3,    43.9,    90.6,   59.0,  0.02808,      0,      1,      61,      61,       0,     303
total,                                                534950,    9077,    9077,    9077,     1.1,     0.7,     3.0,     9.0,    19.9,    37.6,   60.0,  0.02761,      0,      0,       0,       0,       0,       0
total,                                                540090,   10109,   10109,   10109,     1.0,     0.7,     2.5,     5.5,    10.3,    16.0,   60.5,  0.02717,      0,      0,       0,       0,       0,       0


Results:
Op rate                   :    8,926 op/s  [insert: 8,926 op/s]
Partition rate            :    8,926 pk/s  [insert: 8,926 pk/s]
Row rate                  :    8,926 row/s [insert: 8,926 row/s]
Latency mean              :    1.1 ms [insert: 1.1 ms]
Latency median            :    0.7 ms [insert: 0.7 ms]
Latency 95th percentile   :    2.8 ms [insert: 2.8 ms]
Latency 99th percentile   :    7.8 ms [insert: 7.8 ms]
Latency 99.9th percentile :   25.3 ms [insert: 25.3 ms]
Latency max               :  126.1 ms [insert: 126.1 ms]
Total partitions          :    540,090 [insert: 540,090]
Total errors              :          0 [insert: 0]
Total GC count            : 16
Total GC memory           : 4.657 GiB
Total GC time             :    1.0 seconds
Avg GC time               :   61.2 ms
StdDev GC time            :   20.2 ms
Total operation time      : 00:01:00

END
