******************** Stress Settings ********************
Command:
  Type: user
  Count: -1
  Duration: 1 MINUTES
  No Warmup: false
  Consistency Level: LOCAL_ONE
  Target Uncertainty: not applicable
  Command Ratios: {t1.insert=1.0, t2.insert=1.0, t3.insert=1.0}
  Command Clustering Distribution: clustering=gaussian(1..10)
  Profile File(s): t1_tags.yaml,t2_entities.yaml,t3_tag_entities.yaml
Rate:
  Auto: false
  Thread Count: 10
  OpsPer Sec: 0
Population:
  Distribution: Gaussian:  min=1,max=1000000,mean=500000.500000,stdev=166666.500000
  Order: ARBITRARY
  Wrap: false
Insert:
  Revisits: Uniform:  min=1,max=1000000
  Visits: Fixed:  key=1
  Row Population Ratio: Ratio: divisor=1.000000;delegate=Fixed:  key=1
  Batch Type: not batching
Errors:
  Ignore: false
  Tries: 10
Log:
  No Summary: false
  No Settings: false
  File: full_write.log
  Interval Millis: 1000
  Level: NORMAL
Mode:
  API: JAVA_DRIVER_NATIVE
  Connection Style: CQL_PREPARED
  CQL Version: CQL3
  Protocol Version: V5
  Username: null
  Password: null
  Auth Provide Class: null
  Max Pending Per Connection: 128
  Connections Per Host: 8
  Compression: NONE
Node:
  Nodes: [localhost]
  Is White List: false
  Datacenter: null
Schema:
  Keyspace: null
  Replication Strategy: org.apache.cassandra.locator.SimpleStrategy
  Replication Strategy Options: {replication_factor=1}
  Table Compression: null
  Table Compaction Strategy: null
  Table Compaction Strategy Options: {}
Transport:
  truststore=null; truststore-password=null; keystore=null; keystore-password=null; ssl-protocol=TLS; ssl-alg=null; ssl-ciphers=TLS_RSA_WITH_AES_128_CBC_SHA,TLS_RSA_WITH_AES_256_CBC_SHA; 
Port:
  Native Port: 9042
  JMX Port: 7199
Send To Daemon:
  *not set*
Graph:
  File: full_write_graph.html
  Revision: unknown
  Title: null
  Operation: USER
TokenRange:
  Wrap: false
  Split Factor: 1

******************** Profile(s) ********************
  Keyspace Name: tagging
  Keyspace CQL: 
***
CREATE KEYSPACE tagging WITH replication = {'class': 'SimpleStrategy', 'replication_factor': 1};
***

  Table Name: tags
  Table CQL: 
***
CREATE TABLE tags (
  id uuid PRIMARY KEY,
  owner_id int,
  name text,
  description text,
  properties text
);
***

  Extra Schema Definitions: null
  Generator Configs:
    owner_id: Size: Gaussian:  min=5,max=10,mean=7.500000,stdev=0.833333;Identity: Uniform:  min=1,max=1000000;
    name: Size: Uniform:  min=5,max=200;
    description: Size: Uniform:  min=10,max=100;
    id: Size: Gaussian:  min=5,max=10,mean=7.500000,stdev=0.833333;Identity: Uniform:  min=1,max=10000000;
    properties: Size: Uniform:  min=10,max=50;
  Query Definitions:
    select_tag_by_id: CQL:SELECT * FROM tags WHERE id = ?;Fields:samerow;
  Token Range Queries:
  Insert Settings:
    partitions: fixed(1)
    select: fixed(1)/500
    batchtype: UNLOGGED
Generating batches with [1..1] partitions and [0..0] rows (of [1..1] total rows in the partitions)
  Keyspace Name: tagging
  Keyspace CQL: 
***
CREATE KEYSPACE tagging WITH replication = {'class': 'SimpleStrategy', 'replication_factor': 1};
***

  Table Name: entities
  Table CQL: 
***
CREATE TABLE entities (
  id uuid PRIMARY KEY,
  name text,
  type text,
  metadata text
);
***

  Extra Schema Definitions: null
  Generator Configs:
    metadata: Size: Uniform:  min=10,max=50;
    name: Size: Uniform:  min=5,max=20;Identity: Uniform:  min=1,max=1000;
    id: Size: Gaussian:  min=5,max=10,mean=7.500000,stdev=0.833333;Identity: Uniform:  min=1,max=10000000;
    type: Size: Uniform:  min=5,max=15;Identity: Uniform:  min=1,max=100;
  Query Definitions:
    select_entity_by_id: CQL:SELECT * FROM entities WHERE id = ?;Fields:samerow;
    select_all_entities: CQL:SELECT * FROM entities;Fields:null;
  Token Range Queries:
  Insert Settings:
    partitions: fixed(1)
    select: fixed(1)/500
    batchtype: UNLOGGED
Generating batches with [1..1] partitions and [0..0] rows (of [1..1] total rows in the partitions)
  Keyspace Name: tagging
  Keyspace CQL: 
***
CREATE KEYSPACE tagging WITH replication = {'class': 'SimpleStrategy', 'replication_factor': 1};
***

  Table Name: tag_entities
  Table CQL: 
***
CREATE TABLE tag_entities (
  tag_id uuid,
  entity_id uuid,
  PRIMARY KEY (tag_id, entity_id)
);
***

  Extra Schema Definitions: null
  Generator Configs:
    tag_id: Size: Gaussian:  min=5,max=10,mean=7.500000,stdev=0.833333;Identity: Uniform:  min=1,max=10000000;
    entity_id: Size: Gaussian:  min=5,max=10,mean=7.500000,stdev=0.833333;Identity: Uniform:  min=1,max=10000000;
  Query Definitions:
    select_entities_by_tag: CQL:SELECT * FROM tag_entities WHERE tag_id = ?;Fields:samerow;
  Token Range Queries:
  Insert Settings:
    partitions: fixed(1)
    select: fixed(1)/500
    batchtype: UNLOGGED
Generating batches with [1..1] partitions and [0..0] rows (of [1..1] total rows in the partitions)

Sleeping 2s...
Warming up t1.insert with 50000 iterations...
Warming up t2.insert with 50000 iterations...
Warming up t3.insert with 50000 iterations...
Running [t1.insert, t2.insert, t3.insert] with 10 threads 1 minutes
type                                               total ops,    op/s,    pk/s,   row/s,    mean,     med,     .95,     .99,    .999,     max,   time,   stderr, errors,  gc: #,  max ms,  sum ms,  sdv ms,      mb
t1.insert,                                              3211,    3211,    3211,    3211,     1.1,     0.7,     2.5,     4.5,    34.4,    51.7,    1.0,  0.00000,      0,      1,      48,      48,       0,     311
t2.insert,                                              3040,    3040,    3040,    3040,     1.0,     0.7,     2.2,     4.1,    49.9,    62.8,    1.0,  0.00000,      0,      1,      48,      48,       0,     311
t3.insert,                                              3067,    3067,    3067,    3067,     1.0,     0.7,     2.3,     4.7,    12.8,    51.1,    1.0,  0.00000,      0,      1,      48,      48,       0,     311
total,                                                  9318,    9318,    9318,    9318,     1.0,     0.7,     2.3,     4.4,    34.4,    62.8,    1.0,  0.00000,      0,      1,      48,      48,       0,     311
t1.insert,                                              5906,    2695,    2695,    2695,     1.2,     0.8,     2.6,     9.9,    28.6,    29.3,    2.0,  0.04398,      0,      0,       0,       0,       0,       0
t2.insert,                                              6007,    2967,    2967,    2967,     1.2,     0.8,     2.8,     9.9,    22.2,    24.9,    2.0,  0.04398,      0,      0,       0,       0,       0,       0
t3.insert,                                              5926,    2859,    2859,    2859,     1.1,     0.8,     2.8,     8.3,    25.5,    28.9,    2.0,  0.04398,      0,      0,       0,       0,       0,       0
total,                                                 17839,    8521,    8521,    8521,     1.2,     0.8,     2.8,     9.1,    24.8,    29.3,    2.0,  0.04398,      0,      0,       0,       0,       0,       0
t1.insert,                                              8084,    2178,    2178,    2178,     1.6,     0.8,     6.3,    11.8,    27.4,    48.6,    3.0,  0.09291,      0,      0,       0,       0,       0,       0
t2.insert,                                              8078,    2071,    2071,    2071,     1.6,     0.8,     5.9,    12.0,    45.0,    79.9,    3.0,  0.09291,      0,      0,       0,       0,       0,       0
t3.insert,                                              7800,    1874,    1874,    1874,     1.7,     0.8,     6.0,    16.0,    44.6,    65.0,    3.0,  0.09291,      0,      0,       0,       0,       0,       0
total,                                                 23962,    6123,    6123,    6123,     1.6,     0.8,     6.1,    12.6,    44.6,    79.9,    3.0,  0.09291,      0,      0,       0,       0,       0,       0
t1.insert,                                             10736,    2652,    2652,    2652,     1.3,     0.8,     3.8,     8.6,    18.0,    46.4,    4.0,  0.07069,      0,      0,       0,       0,       0,       0
t2.insert,                                             10571,    2493,    2493,    2493,     1.3,     0.8,     3.8,     9.9,    28.9,    44.6,    4.0,  0.07069,      0,      0,       0,       0,       0,       0
t3.insert,                                             10444,    2644,    2644,    2644,     1.3,     0.8,     4.0,     9.4,    22.7,    43.6,    4.0,  0.07069,      0,      0,       0,       0,       0,       0
total,                                                 31751,    7789,    7789,    7789,     1.3,     0.8,     3.8,     9.1,    26.4,    46.4,    4.0,  0.07069,      0,      0,       0,       0,       0,       0
t1.insert,                                             13197,    2461,    2461,    2461,     1.3,     0.7,     3.5,    10.8,    83.9,    86.9,    5.0,  0.05742,      0,      1,      77,      77,       0,     300
t2.insert,                                             13529,    2958,    2958,    2958,     1.3,     0.7,     3.5,     9.4,    80.9,    98.2,    5.0,  0.05742,      0,      1,      77,      77,       0,     300
t3.insert,                                             13194,    2750,    2750,    2750,     1.1,     0.6,     3.0,     7.5,    47.7,    87.0,    5.0,  0.05742,      0,      1,      77,      77,       0,     300
total,                                                 39920,    8169,    8169,    8169,     1.2,     0.7,     3.3,     9.7,    80.3,    98.2,    5.0,  0.05742,      0,      1,      77,      77,       0,     300
t1.insert,                                             16822,    3625,    3625,    3625,     0.9,     0.7,     2.2,     5.2,    14.4,    20.0,    6.0,  0.06214,      0,      0,       0,       0,       0,       0
t2.insert,                                             17085,    3556,    3556,    3556,     0.9,     0.7,     2.1,     5.7,    11.3,    18.9,    6.0,  0.06214,      0,      0,       0,       0,       0,       0
t3.insert,                                             16790,    3596,    3596,    3596,     0.9,     0.6,     2.0,     5.0,    17.2,    19.1,    6.0,  0.06214,      0,      0,       0,       0,       0,       0
total,                                                 50697,   10777,   10777,   10777,     0.9,     0.7,     2.1,     5.3,    15.5,    20.0,    6.0,  0.06214,      0,      0,       0,       0,       0,       0
t1.insert,                                             20864,    4042,    4042,    4042,     0.9,     0.7,     1.9,     3.4,     8.0,    11.9,    7.0,  0.06449,      0,      0,       0,       0,       0,       0
t2.insert,                                             20858,    3773,    3773,    3773,     0.8,     0.7,     1.8,     3.5,     8.2,    13.4,    7.0,  0.06449,      0,      0,       0,       0,       0,       0
t3.insert,                                             20503,    3713,    3713,    3713,     0.9,     0.7,     2.0,     4.2,    11.1,    16.2,    7.0,  0.06449,      0,      0,       0,       0,       0,       0
total,                                                 62225,   11528,   11528,   11528,     0.9,     0.7,     1.9,     3.6,     9.4,    16.2,    7.0,  0.06449,      0,      0,       0,       0,       0,       0
t1.insert,                                             22769,    1905,    1905,    1905,     2.0,     0.8,     8.3,    16.1,    58.4,    65.4,    8.0,  0.07046,      0,      0,       0,       0,       0,       0
t2.insert,                                             23003,    2145,    2145,    2145,     1.6,     0.7,     6.1,    13.0,    31.9,    59.1,    8.0,  0.07046,      0,      0,       0,       0,       0,       0
t3.insert,                                             22390,    1887,    1887,    1887,     1.5,     0.7,     5.6,    12.0,    50.4,    61.9,    8.0,  0.07046,      0,      0,       0,       0,       0,       0
total,                                                 68162,    5937,    5937,    5937,     1.7,     0.7,     6.6,    13.8,    50.4,    65.4,    8.0,  0.07046,      0,      0,       0,       0,       0,       0
t1.insert,                                             26517,    3748,    3748,    3748,     0.9,     0.6,     2.1,     4.6,    30.1,    54.7,    9.0,  0.06853,      0,      1,      52,      52,       0,     293
t2.insert,                                             26716,    3713,    3713,    3713,     0.9,     0.6,     1.8,     3.5,    53.9,    54.8,    9.0,  0.06853,      0,      1,      52,      52,       0,     293
t3.insert,                                             26092,    3702,    3702,    3702,     0.8,     0.6,     2.0,     4.7,     9.9,    54.5,    9.0,  0.06853,      0,      1,      52,      52,       0,     293
total,                                                 79325,   11163,   11163,   11163,     0.9,     0.6,     2.0,     4.4,    30.1,    54.8,    9.0,  0.06853,      0,      1,      52,      52,       0,     293
t1.insert,                                             30366,    3849,    3849,    3849,     0.9,     0.6,     2.0,     4.8,    14.0,    15.7,   10.0,  0.06613,      0,      0,       0,       0,       0,       0
t2.insert,                                             30722,    4006,    4006,    4006,     0.8,     0.6,     1.8,     3.5,     6.5,    14.1,   10.0,  0.06613,      0,      0,       0,       0,       0,       0
t3.insert,                                             30051,    3959,    3959,    3959,     0.8,     0.6,     1.9,     4.3,    13.7,    24.4,   10.0,  0.06613,      0,      0,       0,       0,       0,       0
total,                                                 91139,   11814,   11814,   11814,     0.8,     0.6,     1.9,     4.1,    13.0,    24.4,   10.0,  0.06613,      0,      0,       0,       0,       0,       0
t1.insert,                                             34307,    3941,    3941,    3941,     0.9,     0.7,     2.3,     4.7,    10.6,    14.7,   11.0,  0.06099,      0,      0,       0,       0,       0,       0
t2.insert,                                             33953,    3231,    3231,    3231,     0.9,     0.7,     2.2,     4.3,     8.9,    10.1,   11.0,  0.06099,      0,      0,       0,       0,       0,       0
t3.insert,                                             33924,    3873,    3873,    3873,     0.9,     0.6,     2.1,     4.6,    10.4,    14.5,   11.0,  0.06099,      0,      0,       0,       0,       0,       0
total,                                                102184,   11045,   11045,   11045,     0.9,     0.7,     2.2,     4.6,     9.6,    14.7,   11.0,  0.06099,      0,      0,       0,       0,       0,       0
t1.insert,                                             37934,    3627,    3627,    3627,     0.9,     0.6,     2.0,     4.4,    39.6,    41.3,   12.0,  0.05689,      0,      1,      38,      38,       0,     296
t2.insert,                                             37549,    3596,    3596,    3596,     0.9,     0.6,     2.0,     4.8,    24.0,    39.8,   12.0,  0.05689,      0,      1,      38,      38,       0,     296
t3.insert,                                             37696,    3772,    3772,    3772,     0.9,     0.6,     2.1,     5.3,    40.2,    41.3,   12.0,  0.05689,      0,      1,      38,      38,       0,     296
total,                                                113179,   10995,   10995,   10995,     0.9,     0.6,     2.0,     4.8,    27.0,    41.3,   12.0,  0.05689,      0,      1,      38,      38,       0,     296
t1.insert,                                             41358,    3424,    3424,    3424,     1.0,     0.7,     2.3,     6.4,    17.7,    36.9,   13.0,  0.05268,      0,      0,       0,       0,       0,       0
t2.insert,                                             41031,    3482,    3482,    3482,     0.9,     0.6,     2.2,     5.7,    24.1,    37.8,   13.0,  0.05268,      0,      0,       0,       0,       0,       0
t3.insert,                                             41279,    3583,    3583,    3583,     0.9,     0.6,     2.2,     5.5,    26.5,    39.3,   13.0,  0.05268,      0,      0,       0,       0,       0,       0
total,                                                123668,   10489,   10489,   10489,     0.9,     0.6,     2.2,     5.7,    24.1,    39.3,   13.0,  0.05268,      0,      0,       0,       0,       0,       0
t1.insert,                                             45190,    3832,    3832,    3832,     0.9,     0.7,     2.2,     5.3,    18.7,    26.6,   14.0,  0.04985,      0,      0,       0,       0,       0,       0
t2.insert,                                             44886,    3855,    3855,    3855,     0.9,     0.6,     2.1,     4.8,    19.2,    45.5,   14.0,  0.04985,      0,      0,       0,       0,       0,       0
t3.insert,                                             44804,    3525,    3525,    3525,     0.8,     0.6,     1.8,     3.6,     8.9,    25.5,   14.0,  0.04985,      0,      0,       0,       0,       0,       0
total,                                                134880,   11212,   11212,   11212,     0.9,     0.6,     2.0,     4.5,    14.3,    45.5,   14.0,  0.04985,      0,      0,       0,       0,       0,       0
t1.insert,                                             47936,    2746,    2746,    2746,     1.2,     0.7,     2.7,     6.8,    90.0,    91.1,   15.0,  0.04683,      0,      1,      84,      84,       0,     300
t2.insert,                                             47878,    2992,    2992,    2992,     1.1,     0.7,     2.9,     7.5,    20.9,    92.6,   15.0,  0.04683,      0,      1,      84,      84,       0,     300
t3.insert,                                             47694,    2890,    2890,    2890,     1.2,     0.7,     2.8,     7.7,    90.3,    91.9,   15.0,  0.04683,      0,      1,      84,      84,       0,     300
total,                                                143508,    8628,    8628,    8628,     1.1,     0.7,     2.8,     7.4,    87.8,    92.6,   15.0,  0.04683,      0,      1,      84,      84,       0,     300
t1.insert,                                             50525,    2589,    2589,    2589,     1.2,     0.8,     3.6,    10.1,    19.7,    30.6,   16.0,  0.04543,      0,      0,       0,       0,       0,       0
t2.insert,                                             50634,    2756,    2756,    2756,     1.3,     0.7,     3.6,    11.8,    28.9,    55.9,   16.0,  0.04543,      0,      0,       0,       0,       0,       0
t3.insert,                                             50297,    2603,    2603,    2603,     1.2,     0.7,     3.6,    11.4,    27.1,    37.4,   16.0,  0.04543,      0,      0,       0,       0,       0,       0
total,                                                151456,    7948,    7948,    7948,     1.3,     0.7,     3.6,    11.2,    27.1,    55.9,   16.0,  0.04543,      0,      0,       0,       0,       0,       0
t1.insert,                                             53893,    3368,    3368,    3368,     1.0,     0.7,     2.6,     5.9,    19.4,    32.8,   17.0,  0.04272,      0,      0,       0,       0,       0,       0
t2.insert,                                             54175,    3541,    3541,    3541,     1.0,     0.7,     2.5,     6.0,    16.3,    28.0,   17.0,  0.04272,      0,      0,       0,       0,       0,       0
t3.insert,                                             53387,    3090,    3090,    3090,     1.0,     0.7,     2.2,     5.4,    12.3,    38.3,   17.0,  0.04272,      0,      0,       0,       0,       0,       0
total,                                                161455,    9999,    9999,    9999,     1.0,     0.7,     2.4,     5.7,    17.2,    38.3,   17.0,  0.04272,      0,      0,       0,       0,       0,       0
t1.insert,                                             55983,    2090,    2090,    2090,     1.6,     0.8,     6.0,    15.7,    28.5,    29.3,   18.0,  0.04464,      0,      0,       0,       0,       0,       0
t2.insert,                                             56336,    2161,    2161,    2161,     1.5,     0.7,     5.7,    13.5,    24.7,    32.6,   18.0,  0.04464,      0,      0,       0,       0,       0,       0
t3.insert,                                             55702,    2315,    2315,    2315,     1.4,     0.7,     5.0,    12.0,    23.6,    25.1,   18.0,  0.04464,      0,      0,       0,       0,       0,       0
total,                                                168021,    6566,    6566,    6566,     1.5,     0.7,     5.6,    13.7,    26.6,    32.6,   18.0,  0.04464,      0,      0,       0,       0,       0,       0
t1.insert,                                             59242,    3259,    3259,    3259,     1.1,     0.6,     2.9,     7.0,    47.0,    47.8,   19.0,  0.04227,      0,      1,      45,      45,       0,     303
t2.insert,                                             59628,    3292,    3292,    3292,     1.0,     0.6,     2.4,     6.0,    22.1,    48.1,   19.0,  0.04227,      0,      1,      45,      45,       0,     303
t3.insert,                                             58983,    3281,    3281,    3281,     1.0,     0.6,     2.4,     6.8,    34.3,    47.5,   19.0,  0.04227,      0,      1,      45,      45,       0,     303
total,                                                177853,    9832,    9832,    9832,     1.0,     0.6,     2.6,     6.4,    46.2,    48.1,   19.0,  0.04227,      0,      1,      45,      45,       0,     303
t1.insert,                                             63290,    4048,    4048,    4048,     0.9,     0.6,     1.9,     4.3,    11.1,    24.5,   20.0,  0.04143,      0,      0,       0,       0,       0,       0
t2.insert,                                             63702,    4074,    4074,    4074,     0.8,     0.6,     1.7,     4.0,    10.6,    24.8,   20.0,  0.04143,      0,      0,       0,       0,       0,       0
t3.insert,                                             62808,    3825,    3825,    3825,     0.8,     0.6,     1.8,     4.4,    12.5,    18.7,   20.0,  0.04143,      0,      0,       0,       0,       0,       0
total,                                                189800,   11947,   11947,   11947,     0.8,     0.6,     1.8,     4.2,    12.1,    24.8,   20.0,  0.04143,      0,      0,       0,       0,       0,       0
t1.insert,                                             66967,    3677,    3677,    3677,     1.0,     0.7,     2.3,     5.4,     9.6,    22.3,   21.0,  0.03952,      0,      0,       0,       0,       0,       0
t2.insert,                                             67128,    3426,    3426,    3426,     0.9,     0.7,     2.0,     4.5,    10.9,    19.8,   21.0,  0.03952,      0,      0,       0,       0,       0,       0
t3.insert,                                             66333,    3525,    3525,    3525,     0.9,     0.7,     2.1,     5.0,    10.8,    18.8,   21.0,  0.03952,      0,      0,       0,       0,       0,       0
total,                                                200428,   10628,   10628,   10628,     0.9,     0.7,     2.1,     5.1,    10.1,    22.3,   21.0,  0.03952,      0,      0,       0,       0,       0,       0
t1.insert,                                             70855,    3888,    3888,    3888,     0.9,     0.7,     1.7,     3.0,    49.1,    50.0,   22.0,  0.03863,      0,      1,      47,      47,       0,     296
t2.insert,                                             71004,    3876,    3876,    3876,     0.9,     0.7,     1.8,     3.7,    18.6,    49.3,   22.0,  0.03863,      0,      1,      47,      47,       0,     296
t3.insert,                                             70171,    3838,    3838,    3838,     0.8,     0.6,     1.7,     3.0,    12.1,    50.1,   22.0,  0.03863,      0,      1,      47,      47,       0,     296
total,                                                212030,   11602,   11602,   11602,     0.9,     0.7,     1.7,     3.2,    18.6,    50.1,   22.0,  0.03863,      0,      1,      47,      47,       0,     296
t1.insert,                                             74469,    3614,    3614,    3614,     1.0,     0.7,     2.3,     4.6,    12.5,    17.1,   23.0,  0.03697,      0,      0,       0,       0,       0,       0
t2.insert,                                             74465,    3461,    3461,    3461,     0.9,     0.7,     2.0,     4.4,    16.1,    19.0,   23.0,  0.03697,      0,      0,       0,       0,       0,       0
t3.insert,                                             73741,    3570,    3570,    3570,     0.9,     0.7,     2.3,     5.3,    10.5,    15.4,   23.0,  0.03697,      0,      0,       0,       0,       0,       0
total,                                                222675,   10645,   10645,   10645,     0.9,     0.7,     2.2,     4.7,    12.9,    19.0,   23.0,  0.03697,      0,      0,       0,       0,       0,       0
t1.insert,                                             78744,    4275,    4275,    4275,     0.8,     0.6,     1.6,     3.0,     6.0,    11.6,   24.0,  0.03710,      0,      0,       0,       0,       0,       0
t2.insert,                                             78888,    4423,    4423,    4423,     0.8,     0.6,     1.6,     3.2,     8.0,    14.2,   24.0,  0.03710,      0,      0,       0,       0,       0,       0
t3.insert,                                             78066,    4325,    4325,    4325,     0.7,     0.6,     1.5,     2.9,     6.4,    12.3,   24.0,  0.03710,      0,      0,       0,       0,       0,       0
total,                                                235698,   13023,   13023,   13023,     0.8,     0.6,     1.5,     3.0,     6.2,    14.2,   24.0,  0.03710,      0,      0,       0,       0,       0,       0
t1.insert,                                             82252,    3508,    3508,    3508,     1.0,     0.7,     2.0,     4.9,    59.7,    60.6,   25.0,  0.03566,      0,      1,      58,      58,       0,     295
t2.insert,                                             82410,    3522,    3522,    3522,     0.9,     0.6,     2.0,     5.0,    20.1,    59.6,   25.0,  0.03566,      0,      1,      58,      58,       0,     295
t3.insert,                                             81545,    3479,    3479,    3479,     0.9,     0.6,     1.8,     5.7,    59.5,    60.4,   25.0,  0.03566,      0,      1,      58,      58,       0,     295
total,                                                246207,   10509,   10509,   10509,     0.9,     0.6,     2.0,     5.0,    44.1,    60.6,   25.0,  0.03566,      0,      1,      58,      58,       0,     295
t1.insert,                                             85903,    3651,    3651,    3651,     1.0,     0.7,     2.3,     6.1,    15.8,    32.6,   26.0,  0.03432,      0,      0,       0,       0,       0,       0
t2.insert,                                             85873,    3463,    3463,    3463,     0.9,     0.6,     2.2,     5.9,    14.7,    16.2,   26.0,  0.03432,      0,      0,       0,       0,       0,       0
t3.insert,                                             85108,    3563,    3563,    3563,     0.9,     0.6,     2.1,     4.9,    15.8,    36.4,   26.0,  0.03432,      0,      0,       0,       0,       0,       0
total,                                                256884,   10677,   10677,   10677,     0.9,     0.6,     2.2,     5.7,    15.4,    36.4,   26.0,  0.03432,      0,      0,       0,       0,       0,       0
t1.insert,                                             89025,    3122,    3122,    3122,     1.1,     0.7,     2.9,     8.2,    17.7,    61.8,   27.0,  0.03311,      0,      0,       0,       0,       0,       0
t2.insert,                                             88885,    3012,    3012,    3012,     1.0,     0.6,     2.5,     6.5,    17.2,    55.8,   27.0,  0.03311,      0,      0,       0,       0,       0,       0
t3.insert,                                             88311,    3203,    3203,    3203,     1.1,     0.6,     3.0,     9.8,    28.3,    56.7,   27.0,  0.03311,      0,      0,       0,       0,       0,       0
total,                                                266221,    9337,    9337,    9337,     1.1,     0.6,     2.8,     7.8,    18.6,    61.8,   27.0,  0.03311,      0,      0,       0,       0,       0,       0
t1.insert,                                             91183,    2158,    2158,    2158,     1.6,     0.8,     5.3,    13.8,    28.8,    38.6,   28.0,  0.03461,      0,      1,      63,      63,       0,     307
t2.insert,                                             91021,    2136,    2136,    2136,     1.5,     0.7,     5.2,    12.6,    24.4,    31.0,   28.0,  0.03461,      0,      1,      63,      63,       0,     307
t3.insert,                                             90474,    2163,    2163,    2163,     1.5,     0.7,     5.1,    12.7,    26.1,    28.7,   28.0,  0.03461,      0,      1,      63,      63,       0,     307
total,                                                272678,    6457,    6457,    6457,     1.5,     0.7,     5.2,    13.0,    26.4,    38.6,   28.0,  0.03461,      0,      1,      63,      63,       0,     307
t1.insert,                                             93801,    2618,    2618,    2618,     1.3,     0.7,     3.5,    11.7,    51.7,    52.4,   29.0,  0.03394,      0,      0,       0,       0,       0,       0
t2.insert,                                             93802,    2781,    2781,    2781,     1.3,     0.7,     3.2,    10.6,    67.6,    67.8,   29.0,  0.03394,      0,      0,       0,       0,       0,       0
t3.insert,                                             93190,    2716,    2716,    2716,     1.2,     0.7,     3.1,     9.4,    34.7,    66.7,   29.0,  0.03394,      0,      0,       0,       0,       0,       0
total,                                                280793,    8115,    8115,    8115,     1.2,     0.7,     3.3,    10.6,    51.7,    67.8,   29.0,  0.03394,      0,      0,       0,       0,       0,       0
t1.insert,                                             96712,    2911,    2911,    2911,     1.1,     0.6,     2.8,     7.1,    25.7,   127.8,   30.0,  0.03283,      0,      0,       0,       0,       0,       0
t2.insert,                                             96637,    2835,    2835,    2835,     1.2,     0.6,     2.8,     8.1,   133.4,   140.5,   30.0,  0.03283,      0,      0,       0,       0,       0,       0
t3.insert,                                             95990,    2800,    2800,    2800,     1.1,     0.6,     2.8,     8.7,    25.7,   126.0,   30.0,  0.03283,      0,      0,       0,       0,       0,       0
total,                                                289339,    8546,    8546,    8546,     1.1,     0.6,     2.8,     8.0,    29.5,   140.5,   30.0,  0.03283,      0,      0,       0,       0,       0,       0
t1.insert,                                            100415,    3703,    3703,    3703,     1.0,     0.7,     2.1,     5.3,    18.8,   125.6,   31.0,  0.03250,      0,      0,       0,       0,       0,       0
t2.insert,                                            100462,    3825,    3825,    3825,     0.9,     0.7,     1.9,     4.5,     8.4,    13.0,   31.0,  0.03250,      0,      0,       0,       0,       0,       0
t3.insert,                                             99535,    3545,    3545,    3545,     0.9,     0.7,     1.9,     3.7,     8.8,    15.0,   31.0,  0.03250,      0,      0,       0,       0,       0,       0
total,                                                300412,   11073,   11073,   11073,     0.9,     0.7,     2.0,     4.6,    12.3,   125.6,   31.0,  0.03250,      0,      0,       0,       0,       0,       0
t1.insert,                                            102116,    1701,    1701,    1701,     2.0,     0.7,     4.8,    14.7,   130.7,   133.9,   32.0,  0.03371,      0,      1,      88,      88,       0,     298
t2.insert,                                            102570,    2108,    2108,    2108,     1.8,     0.7,     4.7,    15.6,   123.2,   132.5,   32.0,  0.03371,      0,      1,      88,      88,       0,     298
t3.insert,                                            101391,    1856,    1856,    1856,     1.5,     0.6,     4.4,    14.2,   116.2,   137.2,   32.0,  0.03371,      0,      1,      88,      88,       0,     298
total,                                                306077,    5665,    5665,    5665,     1.8,     0.7,     4.6,    14.9,   123.6,   137.2,   32.0,  0.03371,      0,      1,      88,      88,       0,     298
t1.insert,                                            104553,    2437,    2437,    2437,     1.4,     0.7,     5.4,    12.6,    18.7,    21.5,   33.0,  0.03378,      0,      0,       0,       0,       0,       0
t2.insert,                                            104922,    2352,    2352,    2352,     1.4,     0.7,     4.6,    12.7,    21.5,    24.2,   33.0,  0.03378,      0,      0,       0,       0,       0,       0
t3.insert,                                            103888,    2497,    2497,    2497,     1.3,     0.7,     4.1,    10.0,    22.5,    37.5,   33.0,  0.03378,      0,      0,       0,       0,       0,       0
total,                                                313363,    7286,    7286,    7286,     1.4,     0.7,     4.6,    12.1,    21.5,    37.5,   33.0,  0.03378,      0,      0,       0,       0,       0,       0
t1.insert,                                            107602,    3049,    3049,    3049,     1.1,     0.7,     2.8,     7.3,    19.0,    20.3,   34.0,  0.03279,      0,      0,       0,       0,       0,       0
t2.insert,                                            108084,    3162,    3162,    3162,     1.1,     0.7,     2.7,     8.0,    21.8,    58.8,   34.0,  0.03279,      0,      0,       0,       0,       0,       0
t3.insert,                                            107047,    3159,    3159,    3159,     1.0,     0.7,     2.6,     6.8,    26.1,    54.7,   34.0,  0.03279,      0,      0,       0,       0,       0,       0
total,                                                322733,    9370,    9370,    9370,     1.1,     0.7,     2.7,     7.2,    21.6,    58.8,   34.0,  0.03279,      0,      0,       0,       0,       0,       0
t1.insert,                                            111422,    3820,    3820,    3820,     0.8,     0.7,     1.8,     3.6,     7.3,    11.6,   35.0,  0.03228,      0,      0,       0,       0,       0,       0
t2.insert,                                            112093,    4009,    4009,    4009,     0.8,     0.7,     1.8,     3.2,    11.9,    13.9,   35.0,  0.03228,      0,      0,       0,       0,       0,       0
t3.insert,                                            111323,    4276,    4276,    4276,     0.8,     0.6,     1.7,     3.2,     7.1,    14.1,   35.0,  0.03228,      0,      0,       0,       0,       0,       0
total,                                                334838,   12105,   12105,   12105,     0.8,     0.7,     1.8,     3.4,    10.4,    14.1,   35.0,  0.03228,      0,      0,       0,       0,       0,       0
t1.insert,                                            114787,    3365,    3365,    3365,     1.0,     0.7,     2.2,     5.0,    16.3,    46.1,   36.0,  0.03139,      0,      1,      44,      44,       0,     297
t2.insert,                                            115821,    3728,    3728,    3728,     1.0,     0.7,     2.1,     4.2,    45.2,    45.9,   36.0,  0.03139,      0,      1,      44,      44,       0,     297
t3.insert,                                            114645,    3322,    3322,    3322,     0.9,     0.7,     1.9,     4.6,    26.9,    46.0,   36.0,  0.03139,      0,      1,      44,      44,       0,     297
total,                                                345253,   10415,   10415,   10415,     1.0,     0.7,     2.1,     4.6,    26.9,    46.1,   36.0,  0.03139,      0,      1,      44,      44,       0,     297
t1.insert,                                            118450,    3663,    3663,    3663,     0.9,     0.7,     1.8,     4.2,    15.8,    21.0,   37.0,  0.03077,      0,      0,       0,       0,       0,       0
t2.insert,                                            119774,    3953,    3953,    3953,     0.8,     0.7,     1.9,     3.7,     7.2,    22.2,   37.0,  0.03077,      0,      0,       0,       0,       0,       0
t3.insert,                                            118682,    4037,    4037,    4037,     0.8,     0.6,     1.9,     3.9,     9.7,    22.2,   37.0,  0.03077,      0,      0,       0,       0,       0,       0
total,                                                356906,   11653,   11653,   11653,     0.9,     0.7,     1.9,     3.9,    10.4,    22.2,   37.0,  0.03077,      0,      0,       0,       0,       0,       0
t1.insert,                                            121739,    3289,    3289,    3289,     1.0,     0.7,     2.6,     7.1,    14.9,    20.4,   38.0,  0.02996,      0,      0,       0,       0,       0,       0
t2.insert,                                            123194,    3420,    3420,    3420,     1.0,     0.7,     2.6,     6.2,    14.6,    21.4,   38.0,  0.02996,      0,      0,       0,       0,       0,       0
t3.insert,                                            121897,    3215,    3215,    3215,     1.0,     0.6,     2.6,     6.4,     9.7,    13.5,   38.0,  0.02996,      0,      0,       0,       0,       0,       0
total,                                                366830,    9924,    9924,    9924,     1.0,     0.7,     2.6,     6.5,    12.3,    21.4,   38.0,  0.02996,      0,      0,       0,       0,       0,       0
t1.insert,                                            125488,    3749,    3749,    3749,     0.9,     0.6,     1.9,     4.3,    42.0,    53.0,   39.0,  0.02926,      0,      1,      49,      49,       0,     301
t2.insert,                                            126783,    3589,    3589,    3589,     1.0,     0.6,     2.2,     5.9,    52.0,    52.8,   39.0,  0.02926,      0,      1,      49,      49,       0,     301
t3.insert,                                            125313,    3416,    3416,    3416,     0.9,     0.6,     2.0,     6.0,    34.5,    52.4,   39.0,  0.02926,      0,      1,      49,      49,       0,     301
total,                                                377584,   10754,   10754,   10754,     0.9,     0.6,     2.0,     4.9,    42.0,    53.0,   39.0,  0.02926,      0,      1,      49,      49,       0,     301
t1.insert,                                            128427,    2939,    2939,    2939,     1.1,     0.7,     2.6,     8.6,    17.0,    22.9,   40.0,  0.02863,      0,      0,       0,       0,       0,       0
t2.insert,                                            129819,    3036,    3036,    3036,     1.1,     0.7,     2.9,     8.1,    18.4,    22.2,   40.0,  0.02863,      0,      0,       0,       0,       0,       0
t3.insert,                                            128607,    3294,    3294,    3294,     1.1,     0.7,     2.7,     9.3,    20.0,    20.9,   40.0,  0.02863,      0,      0,       0,       0,       0,       0
total,                                                386853,    9269,    9269,    9269,     1.1,     0.7,     2.8,     8.7,    19.3,    22.9,   40.0,  0.02863,      0,      0,       0,       0,       0,       0
t1.insert,                                            131159,    2732,    2732,    2732,     1.3,     0.8,     3.5,     9.7,    31.6,    32.8,   41.0,  0.02854,      0,      0,       0,       0,       0,       0
t2.insert,                                            132200,    2381,    2381,    2381,     1.3,     0.8,     3.6,    12.2,    28.0,    32.7,   41.0,  0.02854,      0,      0,       0,       0,       0,       0
t3.insert,                                            131229,    2622,    2622,    2622,     1.2,     0.8,     3.5,     9.8,    31.2,    33.5,   41.0,  0.02854,      0,      0,       0,       0,       0,       0
total,                                                394588,    7735,    7735,    7735,     1.3,     0.8,     3.5,    10.1,    31.2,    33.5,   41.0,  0.02854,      0,      0,       0,       0,       0,       0
t1.insert,                                            134893,    3734,    3734,    3734,     1.0,     0.7,     2.0,     5.0,    46.3,    49.9,   42.0,  0.02794,      0,      1,      40,      40,       0,     302
t2.insert,                                            135810,    3610,    3610,    3610,     0.9,     0.7,     1.9,     4.9,    46.1,    47.9,   42.0,  0.02794,      0,      1,      40,      40,       0,     302
t3.insert,                                            134713,    3484,    3484,    3484,     0.9,     0.7,     1.8,     3.4,    11.0,    48.4,   42.0,  0.02794,      0,      1,      40,      40,       0,     302
total,                                                405416,   10828,   10828,   10828,     0.9,     0.7,     1.9,     4.4,    24.9,    49.9,   42.0,  0.02794,      0,      1,      40,      40,       0,     302
t1.insert,                                            137587,    2694,    2694,    2694,     1.4,     0.7,     4.3,    13.0,    27.6,    42.7,   43.0,  0.02780,      0,      0,       0,       0,       0,       0
t2.insert,                                            138366,    2556,    2556,    2556,     1.3,     0.7,     3.7,    10.6,    38.5,    41.9,   43.0,  0.02780,      0,      0,       0,       0,       0,       0
t3.insert,                                            137212,    2499,    2499,    2499,     1.2,     0.7,     3.3,     9.7,    33.7,    44.4,   43.0,  0.02780,      0,      0,       0,       0,       0,       0
total,                                                413165,    7749,    7749,    7749,     1.3,     0.7,     3.8,    11.1,    37.7,    44.4,   43.0,  0.02780,      0,      0,       0,       0,       0,       0
t1.insert,                                            141704,    4117,    4117,    4117,     0.9,     0.7,     2.0,     4.4,     9.5,    14.4,   44.0,  0.02747,      0,      0,       0,       0,       0,       0
t2.insert,                                            142294,    3928,    3928,    3928,     0.8,     0.6,     1.8,     3.4,     8.5,    12.6,   44.0,  0.02747,      0,      0,       0,       0,       0,       0
t3.insert,                                            141280,    4068,    4068,    4068,     0.8,     0.6,     1.9,     3.9,     7.4,    11.5,   44.0,  0.02747,      0,      0,       0,       0,       0,       0
total,                                                425278,   12113,   12113,   12113,     0.8,     0.6,     1.9,     4.1,     8.8,    14.4,   44.0,  0.02747,      0,      0,       0,       0,       0,       0
t1.insert,                                            145342,    3638,    3638,    3638,     0.9,     0.7,     2.4,     4.6,    11.9,    14.0,   45.0,  0.02691,      0,      0,       0,       0,       0,       0
t2.insert,                                            146131,    3837,    3837,    3837,     0.9,     0.6,     2.3,     4.8,    11.9,    17.6,   45.0,  0.02691,      0,      0,       0,       0,       0,       0
t3.insert,                                            144750,    3470,    3470,    3470,     0.9,     0.6,     2.2,     4.5,    11.8,    30.5,   45.0,  0.02691,      0,      0,       0,       0,       0,       0
total,                                                436223,   10945,   10945,   10945,     0.9,     0.6,     2.3,     4.6,    11.9,    30.5,   45.0,  0.02691,      0,      0,       0,       0,       0,       0
t1.insert,                                            147313,    1971,    1971,    1971,     1.6,     0.8,     5.1,    15.6,    63.1,    63.2,   46.0,  0.02749,      0,      1,      57,      57,       0,     296
t2.insert,                                            148278,    2147,    2147,    2147,     1.5,     0.8,     4.5,    14.3,    64.4,    65.4,   46.0,  0.02749,      0,      1,      57,      57,       0,     296
t3.insert,                                            146945,    2195,    2195,    2195,     1.6,     0.8,     5.2,    15.4,    62.3,    62.8,   46.0,  0.02749,      0,      1,      57,      57,       0,     296
total,                                                442536,    6313,    6313,    6313,     1.6,     0.8,     5.0,    15.0,    62.5,    65.4,   46.0,  0.02749,      0,      1,      57,      57,       0,     296
t1.insert,                                            150095,    2782,    2782,    2782,     1.2,     0.7,     3.3,     8.3,    31.7,    37.8,   47.0,  0.02715,      0,      0,       0,       0,       0,       0
t2.insert,                                            151044,    2766,    2766,    2766,     1.2,     0.7,     3.6,    10.1,    25.1,    30.9,   47.0,  0.02715,      0,      0,       0,       0,       0,       0
t3.insert,                                            149741,    2796,    2796,    2796,     1.2,     0.7,     3.1,     9.4,    30.3,    37.7,   47.0,  0.02715,      0,      0,       0,       0,       0,       0
total,                                                450880,    8344,    8344,    8344,     1.2,     0.7,     3.3,     9.5,    29.0,    37.8,   47.0,  0.02715,      0,      0,       0,       0,       0,       0
t1.insert,                                            153225,    3130,    3130,    3130,     1.1,     0.7,     3.0,     6.5,    17.1,    22.7,   48.0,  0.02662,      0,      0,       0,       0,       0,       0
t2.insert,                                            154268,    3224,    3224,    3224,     1.0,     0.7,     2.8,     6.1,    12.6,    18.6,   48.0,  0.02662,      0,      0,       0,       0,       0,       0
t3.insert,                                            152842,    3101,    3101,    3101,     1.0,     0.7,     2.7,     5.4,    10.7,    18.9,   48.0,  0.02662,      0,      0,       0,       0,       0,       0
total,                                                460335,    9455,    9455,    9455,     1.1,     0.7,     2.8,     6.1,    14.4,    22.7,   48.0,  0.02662,      0,      0,       0,       0,       0,       0
t1.insert,                                            156631,    3406,    3406,    3406,     0.9,     0.7,     2.3,     3.8,     9.9,    17.8,   49.0,  0.02609,      0,      0,       0,       0,       0,       0
t2.insert,                                            157907,    3639,    3639,    3639,     0.9,     0.7,     2.1,     4.4,    12.2,    16.7,   49.0,  0.02609,      0,      0,       0,       0,       0,       0
t3.insert,                                            156537,    3695,    3695,    3695,     0.9,     0.7,     2.2,     4.2,    11.1,    13.2,   49.0,  0.02609,      0,      0,       0,       0,       0,       0
total,                                                471075,   10740,   10740,   10740,     0.9,     0.7,     2.2,     4.1,    10.2,    17.8,   49.0,  0.02609,      0,      0,       0,       0,       0,       0
t1.insert,                                            159779,    3148,    3148,    3148,     1.0,     0.7,     2.6,     7.1,    27.2,    50.2,   50.0,  0.02559,      0,      1,      48,      48,       0,     303
t2.insert,                                            161049,    3142,    3142,    3142,     1.2,     0.7,     2.7,     8.7,    49.3,    53.2,   50.0,  0.02559,      0,      1,      48,      48,       0,     303
t3.insert,                                            159469,    2932,    2932,    2932,     1.0,     0.6,     2.3,     6.7,    49.3,    51.6,   50.0,  0.02559,      0,      1,      48,      48,       0,     303
total,                                                480297,    9222,    9222,    9222,     1.1,     0.7,     2.5,     7.7,    48.5,    53.2,   50.0,  0.02559,      0,      1,      48,      48,       0,     303
t1.insert,                                            162177,    2398,    2398,    2398,     1.5,     0.9,     4.8,    12.4,    47.6,    64.7,   51.0,  0.02574,      0,      0,       0,       0,       0,       0
t2.insert,                                            163285,    2236,    2236,    2236,     1.4,     0.9,     4.4,     9.1,    19.2,    50.5,   51.0,  0.02574,      0,      0,       0,       0,       0,       0
t3.insert,                                            161775,    2306,    2306,    2306,     1.4,     0.8,     4.3,    10.5,    19.0,    37.1,   51.0,  0.02574,      0,      0,       0,       0,       0,       0
total,                                                487237,    6940,    6940,    6940,     1.4,     0.8,     4.5,    10.8,    34.4,    64.7,   51.0,  0.02574,      0,      0,       0,       0,       0,       0
t1.insert,                                            165105,    2928,    2928,    2928,     1.1,     0.7,     2.8,     9.3,    19.7,    21.5,   52.0,  0.02529,      0,      0,       0,       0,       0,       0
t2.insert,                                            166448,    3163,    3163,    3163,     1.1,     0.7,     2.6,     8.6,    20.8,    35.7,   52.0,  0.02529,      0,      0,       0,       0,       0,       0
t3.insert,                                            164836,    3061,    3061,    3061,     1.0,     0.7,     2.6,     7.0,    17.5,    35.0,   52.0,  0.02529,      0,      0,       0,       0,       0,       0
total,                                                496389,    9152,    9152,    9152,     1.1,     0.7,     2.7,     8.5,    19.7,    35.7,   52.0,  0.02529,      0,      0,       0,       0,       0,       0
t1.insert,                                            167775,    2670,    2670,    2670,     1.2,     0.7,     3.1,     8.4,    28.0,   110.8,   53.0,  0.02492,      0,      0,       0,       0,       0,       0
t2.insert,                                            169122,    2674,    2674,    2674,     1.3,     0.7,     3.6,    10.7,    37.5,    50.7,   53.0,  0.02492,      0,      0,       0,       0,       0,       0
t3.insert,                                            167529,    2693,    2693,    2693,     1.2,     0.7,     3.3,     9.6,    28.6,    61.9,   53.0,  0.02492,      0,      0,       0,       0,       0,       0
total,                                                504426,    8037,    8037,    8037,     1.2,     0.7,     3.3,     9.7,    28.6,   110.8,   53.0,  0.02492,      0,      0,       0,       0,       0,       0
t1.insert,                                            171611,    3836,    3836,    3836,     1.0,     0.7,     2.0,     4.5,    48.2,    49.2,   54.0,  0.02450,      0,      1,      46,      46,       0,     302
t2.insert,                                            172679,    3557,    3557,    3557,     0.9,     0.7,     2.1,     4.5,    12.3,    50.4,   54.0,  0.02450,      0,      1,      46,      46,       0,     302
t3.insert,                                            170758,    3229,    3229,    3229,     0.9,     0.7,     2.0,     4.4,    13.0,    50.3,   54.0,  0.02450,      0,      1,      46,      46,       0,     302
total,                                                515048,   10622,   10622,   10622,     0.9,     0.7,     2.0,     4.5,    13.0,    50.4,   54.0,  0.02450,      0,      1,      46,      46,       0,     302
t1.insert,                                            175052,    3441,    3441,    3441,     1.0,     0.7,     2.3,     4.7,    14.0,    28.0,   55.0,  0.02405,      0,      0,       0,       0,       0,       0
t2.insert,                                            176182,    3503,    3503,    3503,     1.0,     0.7,     2.2,     4.8,    15.1,    38.9,   55.0,  0.02405,      0,      0,       0,       0,       0,       0
t3.insert,                                            174008,    3250,    3250,    3250,     1.0,     0.7,     2.2,     5.3,    12.1,    27.7,   55.0,  0.02405,      0,      0,       0,       0,       0,       0
total,                                                525242,   10194,   10194,   10194,     1.0,     0.7,     2.3,     5.0,    14.0,    38.9,   55.0,  0.02405,      0,      0,       0,       0,       0,       0
t1.insert,                                            177844,    2792,    2792,    2792,     1.2,     0.7,     3.2,    11.1,    29.4,    35.9,   56.0,  0.02380,      0,      0,       0,       0,       0,       0
t2.insert,                                            178905,    2723,    2723,    2723,     1.1,     0.7,     3.0,     9.2,    24.2,    35.9,   56.0,  0.02380,      0,      0,       0,       0,       0,       0
t3.insert,                                            176855,    2847,    2847,    2847,     1.2,     0.7,     3.4,    11.2,    27.2,    29.7,   56.0,  0.02380,      0,      0,       0,       0,       0,       0
total,                                                533604,    8362,    8362,    8362,     1.2,     0.7,     3.2,    10.5,    27.2,    35.9,   56.0,  0.02380,      0,      0,       0,       0,       0,       0
t1.insert,                                            181451,    3607,    3607,    3607,     1.0,     0.7,     1.9,     4.2,    53.3,    56.9,   57.0,  0.02344,      0,      1,      51,      51,       0,     302
t2.insert,                                            182391,    3486,    3486,    3486,     0.9,     0.7,     1.9,     3.8,    15.6,    57.3,   57.0,  0.02344,      0,      1,      51,      51,       0,     302
t3.insert,                                            180430,    3575,    3575,    3575,     0.9,     0.7,     1.8,     3.7,    13.5,    56.5,   57.0,  0.02344,      0,      1,      51,      51,       0,     302
total,                                                544272,   10668,   10668,   10668,     0.9,     0.7,     1.9,     3.8,    15.9,    57.3,   57.0,  0.02344,      0,      1,      51,      51,       0,     302
t1.insert,                                            184886,    3435,    3435,    3435,     1.0,     0.7,     2.2,     4.2,    16.1,    19.9,   58.0,  0.02304,      0,      0,       0,       0,       0,       0
t2.insert,                                            185911,    3520,    3520,    3520,     0.9,     0.7,     2.2,     4.4,    15.1,    22.7,   58.0,  0.02304,      0,      0,       0,       0,       0,       0
t3.insert,                                            183919,    3489,    3489,    3489,     0.9,     0.7,     2.2,     4.5,    18.0,    20.1,   58.0,  0.02304,      0,      0,       0,       0,       0,       0
total,                                                554716,   10444,   10444,   10444,     1.0,     0.7,     2.2,     4.4,    16.2,    22.7,   58.0,  0.02304,      0,      0,       0,       0,       0,       0
t1.insert,                                            187923,    3037,    3037,    3037,     1.2,     0.7,     2.7,     9.5,    56.8,    62.4,   59.0,  0.02267,      0,      0,       0,       0,       0,       0
t2.insert,                                            188977,    3066,    3066,    3066,     1.1,     0.7,     2.7,     9.2,    23.6,    57.7,   59.0,  0.02267,      0,      0,       0,       0,       0,       0
t3.insert,                                            186931,    3012,    3012,    3012,     1.0,     0.6,     2.6,     8.0,    19.8,    44.0,   59.0,  0.02267,      0,      0,       0,       0,       0,       0
total,                                                563831,    9115,    9115,    9115,     1.1,     0.7,     2.6,     8.7,    37.2,    62.4,   59.0,  0.02267,      0,      0,       0,       0,       0,       0
t1.insert,                                            190058,    2135,    2135,    2135,     1.4,     0.8,     4.2,    11.7,    81.1,   101.4,   60.0,  0.02270,      0,      1,      91,      91,       0,     294
t2.insert,                                            191266,    2289,    2289,    2289,     1.4,     0.7,     4.0,    10.3,   102.9,   107.8,   60.0,  0.02270,      0,      1,      91,      91,       0,     294
t3.insert,                                            189380,    2449,    2449,    2449,     1.5,     0.8,     4.5,    12.2,   101.3,   108.2,   60.0,  0.02270,      0,      1,      91,      91,       0,     294
total,                                                570704,    6873,    6873,    6873,     1.4,     0.7,     4.2,    11.6,   101.4,   108.2,   60.0,  0.02270,      0,      1,      91,      91,       0,     294
t1.insert,                                            190135,    1330,    1330,    1330,     2.5,     1.3,    13.6,    23.5,    23.5,    23.5,   60.1,  0.02318,      0,      0,       0,       0,       0,       0
t2.insert,                                            191337,    1226,    1226,    1226,     3.0,     1.4,    21.1,    23.8,    23.8,    23.8,   60.1,  0.02318,      0,      0,       0,       0,       0,       0
t3.insert,                                            189453,    1260,    1260,    1260,     2.4,     1.2,     7.1,    22.2,    22.2,    22.2,   60.1,  0.02318,      0,      0,       0,       0,       0,       0
total,                                                570925,    3816,    3816,    3816,     2.6,     1.3,     7.1,    23.5,    23.8,    23.8,   60.1,  0.02318,      0,      0,       0,       0,       0,       0


Results:
Op rate                   :    9,506 op/s  [t1.insert: 3,166 op/s, t2.insert: 3,186 op/s, t3.insert: 3,155 op/s]
Partition rate            :    9,506 pk/s  [t1.insert: 3,166 pk/s, t2.insert: 3,186 pk/s, t3.insert: 3,155 pk/s]
Row rate                  :    9,506 row/s [t1.insert: 3,166 row/s, t2.insert: 3,186 row/s, t3.insert: 3,155 row/s]
Latency mean              :    1.0 ms [t1.insert: 1.1 ms, t2.insert: 1.0 ms, t3.insert: 1.0 ms]
Latency median            :    0.7 ms [t1.insert: 0.7 ms, t2.insert: 0.7 ms, t3.insert: 0.7 ms]
Latency 95th percentile   :    2.5 ms [t1.insert: 2.6 ms, t2.insert: 2.5 ms, t3.insert: 2.5 ms]
Latency 99th percentile   :    7.0 ms [t1.insert: 7.2 ms, t2.insert: 6.9 ms, t3.insert: 6.8 ms]
Latency 99.9th percentile :   23.4 ms [t1.insert: 24.1 ms, t2.insert: 23.0 ms, t3.insert: 22.6 ms]
Latency max               :  140.5 ms [t1.insert: 133.9 ms, t2.insert: 140.5 ms, t3.insert: 137.2 ms]
Total partitions          :    570,925 [t1.insert: 190,135, t2.insert: 191,337, t3.insert: 189,453]
Total errors              :          0 [t1.insert: 0, t2.insert: 0, t3.insert: 0]
Total GC count            : 18
Total GC memory           : 5.271 GiB
Total GC time             :    1.0 seconds
Avg GC time               :   57.0 ms
StdDev GC time            :   16.3 ms
Total operation time      : 00:01:00

END
