time=2024-12-05T14:08:59.503Z level=INFO msg="Log Entry" use_case=Authentication use_case_type=Write trace_id=770 span_id=844 parent_span_id=798
time=2024-12-05T14:09:00.511Z level=INFO msg="Log Entry" use_case=PaymentProcessing use_case_type=Delete trace_id=770 span_id=738 parent_span_id=903
time=2024-12-05T14:09:01.511Z level=INFO msg="Log Entry" use_case=OrderManagement use_case_type=Read trace_id=342 span_id=79 parent_span_id=125
time=2024-12-05T14:09:02.512Z level=INFO msg="Log Entry" use_case=Authentication use_case_type=Write trace_id=368 span_id=44 parent_span_id=785
time=2024-12-05T14:09:03.513Z level=INFO msg="Log Entry" use_case=OrderManagement use_case_type=Update trace_id=610 span_id=445 parent_span_id=745
time=2024-12-05T14:09:04.513Z level=INFO msg="Log Entry" use_case=PaymentProcessing use_case_type=Delete trace_id=643 span_id=63 parent_span_id=946
time=2024-12-05T14:09:05.513Z level=INFO msg="Log Entry" use_case=Authentication use_case_type=Update trace_id=837 span_id=579 parent_span_id=966
time=2024-12-05T14:09:06.513Z level=INFO msg="Log Entry" use_case=Authentication use_case_type=Read trace_id=682 span_id=517 parent_span_id=46
time=2024-12-05T14:09:07.513Z level=INFO msg="Log Entry" use_case=OrderManagement use_case_type=Update trace_id=319 span_id=619 parent_span_id=606
time=2024-12-05T14:09:08.513Z level=INFO msg="Log Entry" use_case=Analytics use_case_type=Read trace_id=715 span_id=779 parent_span_id=247
time=2024-12-05T14:09:09.513Z level=INFO msg="Log Entry" use_case=Analytics use_case_type=Read trace_id=558 span_id=263 parent_span_id=614
time=2024-12-05T14:09:10.514Z level=INFO msg="Log Entry" use_case=Authentication use_case_type=Update trace_id=156 span_id=505 parent_span_id=45
time=2024-12-05T14:09:11.515Z level=INFO msg="Log Entry" use_case=Authentication use_case_type=Update trace_id=233 span_id=320 parent_span_id=214
time=2024-12-05T14:09:12.515Z level=INFO msg="Log Entry" use_case=PaymentProcessing use_case_type=Update trace_id=235 span_id=538 parent_span_id=510
time=2024-12-05T14:09:13.515Z level=INFO msg="Log Entry" use_case=Analytics use_case_type=Update trace_id=415 span_id=318 parent_span_id=795
time=2024-12-05T14:09:14.516Z level=INFO msg="Log Entry" use_case=PaymentProcessing use_case_type=Write trace_id=865 span_id=335 parent_span_id=679
time=2024-12-05T14:09:15.516Z level=INFO msg="Log Entry" use_case=Analytics use_case_type=Delete trace_id=351 span_id=963 parent_span_id=233
time=2024-12-05T14:09:16.516Z level=INFO msg="Log Entry" use_case=PaymentProcessing use_case_type=Delete trace_id=242 span_id=625 parent_span_id=537
time=2024-12-05T14:09:17.516Z level=INFO msg="Log Entry" use_case=OrderManagement use_case_type=Write trace_id=428 span_id=614 parent_span_id=343
time=2024-12-05T14:09:18.517Z level=INFO msg="Log Entry" use_case=PaymentProcessing use_case_type=Update trace_id=216 span_id=586 parent_span_id=519
time=2024-12-05T14:09:19.517Z level=INFO msg="Log Entry" use_case=OrderManagement use_case_type=Update trace_id=523 span_id=13 parent_span_id=548
time=2024-12-05T14:09:20.517Z level=INFO msg="Log Entry" use_case=PaymentProcessing use_case_type=Write trace_id=392 span_id=216 parent_span_id=926
time=2024-12-05T14:09:21.517Z level=INFO msg="Log Entry" use_case=Analytics use_case_type=Write trace_id=317 span_id=76 parent_span_id=96
time=2024-12-05T14:09:22.517Z level=INFO msg="Log Entry" use_case=PaymentProcessing use_case_type=Update trace_id=724 span_id=307 parent_span_id=361
time=2024-12-05T14:09:23.517Z level=INFO msg="Log Entry" use_case=OrderManagement use_case_type=Read trace_id=382 span_id=195 parent_span_id=597
time=2024-12-05T14:09:24.517Z level=INFO msg="Log Entry" use_case=PaymentProcessing use_case_type=Update trace_id=54 span_id=629 parent_span_id=973
time=2024-12-05T14:09:25.518Z level=INFO msg="Log Entry" use_case=Authentication use_case_type=Write trace_id=521 span_id=532 parent_span_id=265
time=2024-12-05T14:09:26.518Z level=INFO msg="Log Entry" use_case=Authentication use_case_type=Write trace_id=335 span_id=708 parent_span_id=870
time=2024-12-05T14:09:27.519Z level=INFO msg="Log Entry" use_case=PaymentProcessing use_case_type=Delete trace_id=135 span_id=667 parent_span_id=977
time=2024-12-05T14:09:28.520Z level=INFO msg="Log Entry" use_case=OrderManagement use_case_type=Delete trace_id=240 span_id=89 parent_span_id=609
time=2024-12-05T14:09:29.520Z level=INFO msg="Log Entry" use_case=Authentication use_case_type=Update trace_id=836 span_id=101 parent_span_id=839
time=2024-12-05T14:09:30.520Z level=INFO msg="Log Entry" use_case=OrderManagement use_case_type=Read trace_id=549 span_id=831 parent_span_id=692
time=2024-12-05T14:09:31.521Z level=INFO msg="Log Entry" use_case=Analytics use_case_type=Delete trace_id=10 span_id=579 parent_span_id=284
time=2024-12-05T14:09:32.521Z level=INFO msg="Log Entry" use_case=Analytics use_case_type=Update trace_id=506 span_id=435 parent_span_id=489
time=2024-12-05T14:09:33.521Z level=INFO msg="Log Entry" use_case=OrderManagement use_case_type=Delete trace_id=782 span_id=5 parent_span_id=603
time=2024-12-05T14:09:34.521Z level=INFO msg="Log Entry" use_case=Analytics use_case_type=Read trace_id=748 span_id=716 parent_span_id=876
time=2024-12-05T14:09:35.522Z level=INFO msg="Log Entry" use_case=Analytics use_case_type=Write trace_id=158 span_id=244 parent_span_id=731
time=2024-12-05T14:09:36.522Z level=INFO msg="Log Entry" use_case=PaymentProcessing use_case_type=Delete trace_id=998 span_id=314 parent_span_id=806
time=2024-12-05T14:09:37.523Z level=INFO msg="Log Entry" use_case=OrderManagement use_case_type=Delete trace_id=239 span_id=648 parent_span_id=120
time=2024-12-05T14:09:38.523Z level=INFO msg="Log Entry" use_case=PaymentProcessing use_case_type=Write trace_id=225 span_id=670 parent_span_id=969
time=2024-12-05T14:09:39.524Z level=INFO msg="Log Entry" use_case=Analytics use_case_type=Read trace_id=507 span_id=861 parent_span_id=512
time=2024-12-05T14:09:40.524Z level=INFO msg="Log Entry" use_case=Authentication use_case_type=Delete trace_id=414 span_id=205 parent_span_id=230
time=2024-12-05T14:09:41.524Z level=INFO msg="Log Entry" use_case=PaymentProcessing use_case_type=Read trace_id=514 span_id=989 parent_span_id=388
time=2024-12-05T14:09:42.525Z level=INFO msg="Log Entry" use_case=PaymentProcessing use_case_type=Write trace_id=879 span_id=608 parent_span_id=744
time=2024-12-05T14:09:43.526Z level=INFO msg="Log Entry" use_case=OrderManagement use_case_type=Write trace_id=277 span_id=232 parent_span_id=1000
time=2024-12-05T14:09:44.526Z level=INFO msg="Log Entry" use_case=Analytics use_case_type=Update trace_id=437 span_id=694 parent_span_id=494
time=2024-12-05T14:09:45.526Z level=INFO msg="Log Entry" use_case=Analytics use_case_type=Read trace_id=88 span_id=822 parent_span_id=235
time=2024-12-05T14:09:46.526Z level=INFO msg="Log Entry" use_case=Authentication use_case_type=Write trace_id=540 span_id=417 parent_span_id=939
time=2024-12-05T14:09:47.527Z level=INFO msg="Log Entry" use_case=Analytics use_case_type=Update trace_id=999 span_id=577 parent_span_id=263
time=2024-12-05T14:09:48.528Z level=INFO msg="Log Entry" use_case=Authentication use_case_type=Delete trace_id=19 span_id=729 parent_span_id=183
time=2024-12-05T14:09:49.528Z level=INFO msg="Log Entry" use_case=PaymentProcessing use_case_type=Write trace_id=776 span_id=23 parent_span_id=843
time=2024-12-05T14:09:50.528Z level=INFO msg="Log Entry" use_case=Authentication use_case_type=Read trace_id=74 span_id=701 parent_span_id=676
time=2024-12-05T14:09:51.528Z level=INFO msg="Log Entry" use_case=Authentication use_case_type=Delete trace_id=793 span_id=101 parent_span_id=691
time=2024-12-05T14:09:52.529Z level=INFO msg="Log Entry" use_case=PaymentProcessing use_case_type=Write trace_id=166 span_id=929 parent_span_id=323
time=2024-12-05T14:09:53.529Z level=INFO msg="Log Entry" use_case=Analytics use_case_type=Delete trace_id=313 span_id=51 parent_span_id=729
time=2024-12-05T14:09:54.529Z level=INFO msg="Log Entry" use_case=Authentication use_case_type=Read trace_id=674 span_id=720 parent_span_id=616
time=2024-12-05T14:09:55.529Z level=INFO msg="Log Entry" use_case=PaymentProcessing use_case_type=Write trace_id=556 span_id=108 parent_span_id=433
time=2024-12-05T14:09:56.529Z level=INFO msg="Log Entry" use_case=PaymentProcessing use_case_type=Update trace_id=557 span_id=220 parent_span_id=640
time=2024-12-05T14:09:57.529Z level=INFO msg="Log Entry" use_case=PaymentProcessing use_case_type=Update trace_id=221 span_id=789 parent_span_id=63
time=2024-12-05T14:09:58.529Z level=INFO msg="Log Entry" use_case=Authentication use_case_type=Update trace_id=728 span_id=554 parent_span_id=411
time=2024-12-05T14:09:59.530Z level=INFO msg="Log Entry" use_case=OrderManagement use_case_type=Delete trace_id=309 span_id=741 parent_span_id=263
time=2024-12-05T14:10:00.530Z level=INFO msg="Log Entry" use_case=Analytics use_case_type=Delete trace_id=958 span_id=768 parent_span_id=68
time=2024-12-05T14:10:01.531Z level=INFO msg="Log Entry" use_case=OrderManagement use_case_type=Update trace_id=429 span_id=416 parent_span_id=703
time=2024-12-05T14:10:02.531Z level=INFO msg="Log Entry" use_case=Authentication use_case_type=Update trace_id=518 span_id=162 parent_span_id=148
time=2024-12-05T14:10:03.532Z level=INFO msg="Log Entry" use_case=OrderManagement use_case_type=Update trace_id=963 span_id=981 parent_span_id=158
time=2024-12-05T14:10:04.532Z level=INFO msg="Log Entry" use_case=Authentication use_case_type=Update trace_id=67 span_id=578 parent_span_id=893
time=2024-12-05T14:10:05.532Z level=INFO msg="Log Entry" use_case=OrderManagement use_case_type=Read trace_id=604 span_id=612 parent_span_id=636
time=2024-12-05T14:10:06.532Z level=INFO msg="Log Entry" use_case=Analytics use_case_type=Write trace_id=583 span_id=146 parent_span_id=653
time=2024-12-05T14:10:07.533Z level=INFO msg="Log Entry" use_case=Authentication use_case_type=Update trace_id=962 span_id=883 parent_span_id=793
time=2024-12-05T14:10:08.534Z level=INFO msg="Log Entry" use_case=OrderManagement use_case_type=Delete trace_id=126 span_id=847 parent_span_id=59
time=2024-12-05T14:10:09.534Z level=INFO msg="Log Entry" use_case=Analytics use_case_type=Write trace_id=949 span_id=376 parent_span_id=331
time=2024-12-05T14:10:10.534Z level=INFO msg="Log Entry" use_case=Authentication use_case_type=Delete trace_id=342 span_id=126 parent_span_id=553
time=2024-12-05T14:10:11.534Z level=INFO msg="Log Entry" use_case=OrderManagement use_case_type=Write trace_id=833 span_id=223 parent_span_id=642
time=2024-12-05T14:10:12.534Z level=INFO msg="Log Entry" use_case=Authentication use_case_type=Write trace_id=385 span_id=17 parent_span_id=931
time=2024-12-05T14:10:13.534Z level=INFO msg="Log Entry" use_case=Analytics use_case_type=Delete trace_id=724 span_id=256 parent_span_id=462
time=2024-12-05T14:10:14.535Z level=INFO msg="Log Entry" use_case=OrderManagement use_case_type=Read trace_id=101 span_id=766 parent_span_id=583
time=2024-12-05T14:10:15.536Z level=INFO msg="Log Entry" use_case=PaymentProcessing use_case_type=Delete trace_id=674 span_id=302 parent_span_id=498
time=2024-12-05T14:10:16.537Z level=INFO msg="Log Entry" use_case=OrderManagement use_case_type=Read trace_id=34 span_id=409 parent_span_id=102
time=2024-12-05T14:10:17.537Z level=INFO msg="Log Entry" use_case=PaymentProcessing use_case_type=Delete trace_id=895 span_id=452 parent_span_id=510
time=2024-12-05T14:10:18.538Z level=INFO msg="Log Entry" use_case=PaymentProcessing use_case_type=Read trace_id=493 span_id=453 parent_span_id=341
time=2024-12-05T14:10:19.539Z level=INFO msg="Log Entry" use_case=PaymentProcessing use_case_type=Write trace_id=616 span_id=265 parent_span_id=508
time=2024-12-05T14:10:20.540Z level=INFO msg="Log Entry" use_case=Authentication use_case_type=Update trace_id=215 span_id=115 parent_span_id=700
time=2024-12-05T14:10:21.540Z level=INFO msg="Log Entry" use_case=OrderManagement use_case_type=Write trace_id=329 span_id=210 parent_span_id=953
time=2024-12-05T14:10:22.540Z level=INFO msg="Log Entry" use_case=Authentication use_case_type=Read trace_id=350 span_id=805 parent_span_id=789
time=2024-12-05T14:10:23.541Z level=INFO msg="Log Entry" use_case=Authentication use_case_type=Update trace_id=237 span_id=318 parent_span_id=972
time=2024-12-05T14:10:24.541Z level=INFO msg="Log Entry" use_case=OrderManagement use_case_type=Update trace_id=922 span_id=109 parent_span_id=507
time=2024-12-05T14:10:25.541Z level=INFO msg="Log Entry" use_case=PaymentProcessing use_case_type=Write trace_id=695 span_id=688 parent_span_id=429
time=2024-12-05T14:10:26.541Z level=INFO msg="Log Entry" use_case=PaymentProcessing use_case_type=Update trace_id=207 span_id=741 parent_span_id=158
time=2024-12-05T14:10:27.542Z level=INFO msg="Log Entry" use_case=PaymentProcessing use_case_type=Read trace_id=742 span_id=437 parent_span_id=6
time=2024-12-05T14:10:28.542Z level=INFO msg="Log Entry" use_case=PaymentProcessing use_case_type=Delete trace_id=226 span_id=503 parent_span_id=750
time=2024-12-05T14:10:29.543Z level=INFO msg="Log Entry" use_case=OrderManagement use_case_type=Read trace_id=941 span_id=237 parent_span_id=663
time=2024-12-05T14:10:30.544Z level=INFO msg="Log Entry" use_case=Analytics use_case_type=Delete trace_id=20 span_id=13 parent_span_id=552
time=2024-12-05T14:10:31.544Z level=INFO msg="Log Entry" use_case=OrderManagement use_case_type=Read trace_id=709 span_id=364 parent_span_id=944
time=2024-12-05T14:10:32.544Z level=INFO msg="Log Entry" use_case=Analytics use_case_type=Update trace_id=322 span_id=498 parent_span_id=838
time=2024-12-05T14:10:33.544Z level=INFO msg="Log Entry" use_case=Authentication use_case_type=Read trace_id=709 span_id=396 parent_span_id=617
time=2024-12-05T14:10:34.544Z level=INFO msg="Log Entry" use_case=OrderManagement use_case_type=Update trace_id=685 span_id=289 parent_span_id=569
time=2024-12-05T14:10:35.544Z level=INFO msg="Log Entry" use_case=PaymentProcessing use_case_type=Write trace_id=111 span_id=372 parent_span_id=663
time=2024-12-05T14:10:36.544Z level=INFO msg="Log Entry" use_case=Authentication use_case_type=Delete trace_id=508 span_id=85 parent_span_id=714
time=2024-12-05T14:10:37.544Z level=INFO msg="Log Entry" use_case=PaymentProcessing use_case_type=Delete trace_id=133 span_id=825 parent_span_id=50
time=2024-12-05T14:10:38.545Z level=INFO msg="Log Entry" use_case=PaymentProcessing use_case_type=Write trace_id=923 span_id=389 parent_span_id=938
time=2024-12-05T14:10:39.545Z level=INFO msg="Log Entry" use_case=Authentication use_case_type=Read trace_id=65 span_id=453 parent_span_id=814
time=2024-12-05T14:10:40.546Z level=INFO msg="Log Entry" use_case=OrderManagement use_case_type=Read trace_id=253 span_id=636 parent_span_id=31
time=2024-12-05T14:10:41.547Z level=INFO msg="Log Entry" use_case=Authentication use_case_type=Delete trace_id=829 span_id=636 parent_span_id=841
time=2024-12-05T14:10:42.547Z level=INFO msg="Log Entry" use_case=OrderManagement use_case_type=Write trace_id=992 span_id=115 parent_span_id=604
time=2024-12-05T14:10:43.547Z level=INFO msg="Log Entry" use_case=Analytics use_case_type=Write trace_id=60 span_id=979 parent_span_id=177
time=2024-12-05T14:10:44.547Z level=INFO msg="Log Entry" use_case=Authentication use_case_type=Read trace_id=712 span_id=129 parent_span_id=253
time=2024-12-05T14:10:45.548Z level=INFO msg="Log Entry" use_case=PaymentProcessing use_case_type=Update trace_id=578 span_id=602 parent_span_id=55
time=2024-12-05T14:10:46.549Z level=INFO msg="Log Entry" use_case=Analytics use_case_type=Delete trace_id=758 span_id=823 parent_span_id=927
time=2024-12-05T14:10:47.549Z level=INFO msg="Log Entry" use_case=Authentication use_case_type=Write trace_id=512 span_id=118 parent_span_id=677
time=2024-12-05T14:10:48.550Z level=INFO msg="Log Entry" use_case=PaymentProcessing use_case_type=Write trace_id=484 span_id=222 parent_span_id=227
time=2024-12-05T14:10:49.550Z level=INFO msg="Log Entry" use_case=Analytics use_case_type=Delete trace_id=720 span_id=479 parent_span_id=544
time=2024-12-05T14:10:50.550Z level=INFO msg="Log Entry" use_case=Analytics use_case_type=Read trace_id=142 span_id=353 parent_span_id=224
time=2024-12-05T14:10:51.550Z level=INFO msg="Log Entry" use_case=OrderManagement use_case_type=Write trace_id=205 span_id=698 parent_span_id=862
time=2024-12-05T14:10:52.550Z level=INFO msg="Log Entry" use_case=Authentication use_case_type=Delete trace_id=388 span_id=273 parent_span_id=822
time=2024-12-05T14:10:53.551Z level=INFO msg="Log Entry" use_case=PaymentProcessing use_case_type=Write trace_id=83 span_id=738 parent_span_id=163
time=2024-12-05T14:10:54.551Z level=INFO msg="Log Entry" use_case=Authentication use_case_type=Delete trace_id=902 span_id=244 parent_span_id=953
time=2024-12-05T14:10:55.552Z level=INFO msg="Log Entry" use_case=OrderManagement use_case_type=Read trace_id=213 span_id=591 parent_span_id=679
time=2024-12-05T14:10:56.552Z level=INFO msg="Log Entry" use_case=OrderManagement use_case_type=Read trace_id=453 span_id=111 parent_span_id=305
time=2024-12-05T14:10:57.553Z level=INFO msg="Log Entry" use_case=OrderManagement use_case_type=Read trace_id=613 span_id=664 parent_span_id=97
time=2024-12-05T14:10:58.553Z level=INFO msg="Log Entry" use_case=OrderManagement use_case_type=Read trace_id=739 span_id=599 parent_span_id=138
time=2024-12-05T14:10:59.553Z level=INFO msg="Log Entry" use_case=OrderManagement use_case_type=Update trace_id=495 span_id=686 parent_span_id=390
time=2024-12-05T14:11:00.553Z level=INFO msg="Log Entry" use_case=PaymentProcessing use_case_type=Delete trace_id=504 span_id=866 parent_span_id=198
time=2024-12-05T14:11:01.554Z level=INFO msg="Log Entry" use_case=Analytics use_case_type=Write trace_id=498 span_id=645 parent_span_id=415
time=2024-12-05T14:11:02.554Z level=INFO msg="Log Entry" use_case=Authentication use_case_type=Update trace_id=170 span_id=121 parent_span_id=4
time=2024-12-05T14:11:03.554Z level=INFO msg="Log Entry" use_case=Analytics use_case_type=Delete trace_id=889 span_id=256 parent_span_id=847
time=2024-12-05T14:11:04.554Z level=INFO msg="Log Entry" use_case=PaymentProcessing use_case_type=Update trace_id=223 span_id=250 parent_span_id=64
time=2024-12-05T14:11:05.555Z level=INFO msg="Log Entry" use_case=OrderManagement use_case_type=Read trace_id=860 span_id=387 parent_span_id=35
time=2024-12-05T14:11:06.555Z level=INFO msg="Log Entry" use_case=OrderManagement use_case_type=Update trace_id=763 span_id=183 parent_span_id=858
time=2024-12-05T14:11:07.555Z level=INFO msg="Log Entry" use_case=Authentication use_case_type=Write trace_id=463 span_id=939 parent_span_id=620
time=2024-12-05T14:11:08.556Z level=INFO msg="Log Entry" use_case=OrderManagement use_case_type=Update trace_id=358 span_id=332 parent_span_id=655
time=2024-12-05T14:11:09.556Z level=INFO msg="Log Entry" use_case=Analytics use_case_type=Delete trace_id=977 span_id=678 parent_span_id=172
time=2024-12-05T14:11:10.556Z level=INFO msg="Log Entry" use_case=Authentication use_case_type=Update trace_id=965 span_id=450 parent_span_id=765
time=2024-12-05T14:11:11.557Z level=INFO msg="Log Entry" use_case=OrderManagement use_case_type=Read trace_id=413 span_id=560 parent_span_id=989
time=2024-12-05T14:11:12.557Z level=INFO msg="Log Entry" use_case=Authentication use_case_type=Update trace_id=195 span_id=712 parent_span_id=5
time=2024-12-05T14:11:13.557Z level=INFO msg="Log Entry" use_case=Authentication use_case_type=Update trace_id=34 span_id=493 parent_span_id=547
time=2024-12-05T14:11:14.558Z level=INFO msg="Log Entry" use_case=Analytics use_case_type=Read trace_id=997 span_id=336 parent_span_id=512
time=2024-12-05T14:11:15.558Z level=INFO msg="Log Entry" use_case=OrderManagement use_case_type=Read trace_id=307 span_id=176 parent_span_id=31
time=2024-12-05T14:11:16.558Z level=INFO msg="Log Entry" use_case=Authentication use_case_type=Write trace_id=514 span_id=545 parent_span_id=537
time=2024-12-05T14:11:17.559Z level=INFO msg="Log Entry" use_case=Authentication use_case_type=Update trace_id=901 span_id=601 parent_span_id=666
time=2024-12-05T14:11:18.559Z level=INFO msg="Log Entry" use_case=Analytics use_case_type=Delete trace_id=38 span_id=125 parent_span_id=351
time=2024-12-05T14:11:19.559Z level=INFO msg="Log Entry" use_case=Analytics use_case_type=Write trace_id=578 span_id=168 parent_span_id=311
time=2024-12-05T14:11:20.559Z level=INFO msg="Log Entry" use_case=Analytics use_case_type=Delete trace_id=675 span_id=792 parent_span_id=685
time=2024-12-05T14:11:21.559Z level=INFO msg="Log Entry" use_case=PaymentProcessing use_case_type=Write trace_id=797 span_id=513 parent_span_id=291
time=2024-12-05T14:11:22.560Z level=INFO msg="Log Entry" use_case=Authentication use_case_type=Update trace_id=247 span_id=743 parent_span_id=129
time=2024-12-05T14:11:23.560Z level=INFO msg="Log Entry" use_case=Analytics use_case_type=Write trace_id=442 span_id=928 parent_span_id=939
time=2024-12-05T14:11:24.560Z level=INFO msg="Log Entry" use_case=OrderManagement use_case_type=Read trace_id=512 span_id=890 parent_span_id=510
time=2024-12-05T14:11:25.560Z level=INFO msg="Log Entry" use_case=Authentication use_case_type=Delete trace_id=626 span_id=585 parent_span_id=961
time=2024-12-05T14:11:26.561Z level=INFO msg="Log Entry" use_case=PaymentProcessing use_case_type=Update trace_id=121 span_id=682 parent_span_id=5
time=2024-12-05T14:11:27.561Z level=INFO msg="Log Entry" use_case=Authentication use_case_type=Write trace_id=615 span_id=374 parent_span_id=813
time=2024-12-05T14:11:28.561Z level=INFO msg="Log Entry" use_case=OrderManagement use_case_type=Write trace_id=950 span_id=454 parent_span_id=339
time=2024-12-05T14:11:29.561Z level=INFO msg="Log Entry" use_case=Analytics use_case_type=Read trace_id=66 span_id=7 parent_span_id=979
time=2024-12-05T14:11:30.561Z level=INFO msg="Log Entry" use_case=Analytics use_case_type=Update trace_id=426 span_id=497 parent_span_id=282
time=2024-12-05T14:11:31.562Z level=INFO msg="Log Entry" use_case=Analytics use_case_type=Delete trace_id=650 span_id=56 parent_span_id=660
time=2024-12-05T14:11:32.563Z level=INFO msg="Log Entry" use_case=PaymentProcessing use_case_type=Delete trace_id=97 span_id=906 parent_span_id=514
time=2024-12-05T14:11:33.563Z level=INFO msg="Log Entry" use_case=Analytics use_case_type=Write trace_id=117 span_id=198 parent_span_id=84
time=2024-12-05T14:11:34.563Z level=INFO msg="Log Entry" use_case=Authentication use_case_type=Update trace_id=269 span_id=92 parent_span_id=195
time=2024-12-05T14:11:35.564Z level=INFO msg="Log Entry" use_case=Analytics use_case_type=Delete trace_id=465 span_id=123 parent_span_id=416
time=2024-12-05T14:11:36.565Z level=INFO msg="Log Entry" use_case=OrderManagement use_case_type=Write trace_id=417 span_id=585 parent_span_id=273
time=2024-12-05T14:11:37.565Z level=INFO msg="Log Entry" use_case=Authentication use_case_type=Read trace_id=151 span_id=548 parent_span_id=263
time=2024-12-05T14:11:38.565Z level=INFO msg="Log Entry" use_case=Analytics use_case_type=Delete trace_id=222 span_id=648 parent_span_id=997
time=2024-12-05T14:11:39.565Z level=INFO msg="Log Entry" use_case=Analytics use_case_type=Write trace_id=756 span_id=140 parent_span_id=713
time=2024-12-05T14:11:40.565Z level=INFO msg="Log Entry" use_case=OrderManagement use_case_type=Update trace_id=892 span_id=576 parent_span_id=694
time=2024-12-05T14:11:41.565Z level=INFO msg="Log Entry" use_case=Analytics use_case_type=Update trace_id=639 span_id=705 parent_span_id=397
time=2024-12-05T14:11:42.566Z level=INFO msg="Log Entry" use_case=Analytics use_case_type=Read trace_id=826 span_id=249 parent_span_id=575
time=2024-12-05T14:11:43.566Z level=INFO msg="Log Entry" use_case=Analytics use_case_type=Write trace_id=377 span_id=174 parent_span_id=61
time=2024-12-05T14:11:44.567Z level=INFO msg="Log Entry" use_case=Authentication use_case_type=Read trace_id=550 span_id=13 parent_span_id=817
time=2024-12-05T14:11:45.567Z level=INFO msg="Log Entry" use_case=PaymentProcessing use_case_type=Update trace_id=322 span_id=962 parent_span_id=217
time=2024-12-05T14:11:46.567Z level=INFO msg="Log Entry" use_case=Authentication use_case_type=Delete trace_id=442 span_id=806 parent_span_id=386
time=2024-12-05T14:11:47.567Z level=INFO msg="Log Entry" use_case=OrderManagement use_case_type=Delete trace_id=949 span_id=973 parent_span_id=88
time=2024-12-05T14:11:48.567Z level=INFO msg="Log Entry" use_case=PaymentProcessing use_case_type=Write trace_id=379 span_id=16 parent_span_id=600
time=2024-12-05T14:11:49.568Z level=INFO msg="Log Entry" use_case=PaymentProcessing use_case_type=Write trace_id=596 span_id=656 parent_span_id=983
time=2024-12-05T14:11:50.568Z level=INFO msg="Log Entry" use_case=Analytics use_case_type=Read trace_id=979 span_id=807 parent_span_id=369
time=2024-12-05T14:11:51.568Z level=INFO msg="Log Entry" use_case=Authentication use_case_type=Update trace_id=259 span_id=520 parent_span_id=355
time=2024-12-05T14:11:52.568Z level=INFO msg="Log Entry" use_case=Analytics use_case_type=Read trace_id=61 span_id=596 parent_span_id=437
time=2024-12-05T14:11:53.569Z level=INFO msg="Log Entry" use_case=OrderManagement use_case_type=Read trace_id=531 span_id=638 parent_span_id=910
time=2024-12-05T14:11:54.570Z level=INFO msg="Log Entry" use_case=OrderManagement use_case_type=Write trace_id=388 span_id=569 parent_span_id=200
time=2024-12-05T14:11:55.570Z level=INFO msg="Log Entry" use_case=PaymentProcessing use_case_type=Delete trace_id=450 span_id=438 parent_span_id=969
time=2024-12-05T14:11:56.570Z level=INFO msg="Log Entry" use_case=PaymentProcessing use_case_type=Read trace_id=440 span_id=328 parent_span_id=341
time=2024-12-05T14:11:57.571Z level=INFO msg="Log Entry" use_case=Analytics use_case_type=Update trace_id=814 span_id=527 parent_span_id=880
time=2024-12-05T14:11:58.571Z level=INFO msg="Log Entry" use_case=Analytics use_case_type=Delete trace_id=12 span_id=930 parent_span_id=381
time=2024-12-05T14:11:59.571Z level=INFO msg="Log Entry" use_case=PaymentProcessing use_case_type=Write trace_id=662 span_id=157 parent_span_id=950
time=2024-12-05T14:12:00.571Z level=INFO msg="Log Entry" use_case=Analytics use_case_type=Read trace_id=924 span_id=741 parent_span_id=182
time=2024-12-05T14:12:01.572Z level=INFO msg="Log Entry" use_case=PaymentProcessing use_case_type=Write trace_id=813 span_id=34 parent_span_id=293
time=2024-12-05T14:12:02.572Z level=INFO msg="Log Entry" use_case=PaymentProcessing use_case_type=Write trace_id=311 span_id=232 parent_span_id=82
time=2024-12-05T14:12:03.572Z level=INFO msg="Log Entry" use_case=PaymentProcessing use_case_type=Read trace_id=525 span_id=630 parent_span_id=889
time=2024-12-05T14:12:04.573Z level=INFO msg="Log Entry" use_case=PaymentProcessing use_case_type=Delete trace_id=101 span_id=915 parent_span_id=510
time=2024-12-05T14:12:05.573Z level=INFO msg="Log Entry" use_case=PaymentProcessing use_case_type=Delete trace_id=252 span_id=523 parent_span_id=89
time=2024-12-05T14:12:06.573Z level=INFO msg="Log Entry" use_case=PaymentProcessing use_case_type=Delete trace_id=69 span_id=597 parent_span_id=804
time=2024-12-05T14:12:07.574Z level=INFO msg="Log Entry" use_case=OrderManagement use_case_type=Write trace_id=195 span_id=593 parent_span_id=249
time=2024-12-05T14:12:08.575Z level=INFO msg="Log Entry" use_case=Analytics use_case_type=Read trace_id=726 span_id=798 parent_span_id=736
time=2024-12-05T14:12:09.575Z level=INFO msg="Log Entry" use_case=Authentication use_case_type=Write trace_id=681 span_id=194 parent_span_id=387
time=2024-12-05T14:12:10.576Z level=INFO msg="Log Entry" use_case=Authentication use_case_type=Update trace_id=770 span_id=143 parent_span_id=189
time=2024-12-05T14:12:11.576Z level=INFO msg="Log Entry" use_case=OrderManagement use_case_type=Write trace_id=472 span_id=767 parent_span_id=379
time=2024-12-05T14:12:12.576Z level=INFO msg="Log Entry" use_case=Authentication use_case_type=Write trace_id=27 span_id=253 parent_span_id=39
time=2024-12-05T14:12:13.576Z level=INFO msg="Log Entry" use_case=OrderManagement use_case_type=Write trace_id=93 span_id=909 parent_span_id=188
time=2024-12-05T14:12:14.576Z level=INFO msg="Log Entry" use_case=PaymentProcessing use_case_type=Write trace_id=363 span_id=570 parent_span_id=281
time=2024-12-05T14:12:15.576Z level=INFO msg="Log Entry" use_case=PaymentProcessing use_case_type=Update trace_id=140 span_id=908 parent_span_id=740
time=2024-12-05T14:12:16.577Z level=INFO msg="Log Entry" use_case=Authentication use_case_type=Delete trace_id=645 span_id=766 parent_span_id=387
time=2024-12-05T14:12:17.577Z level=INFO msg="Log Entry" use_case=PaymentProcessing use_case_type=Read trace_id=143 span_id=509 parent_span_id=633
time=2024-12-05T14:12:18.577Z level=INFO msg="Log Entry" use_case=Analytics use_case_type=Update trace_id=930 span_id=785 parent_span_id=844
time=2024-12-05T14:12:19.577Z level=INFO msg="Log Entry" use_case=OrderManagement use_case_type=Write trace_id=427 span_id=338 parent_span_id=454
time=2024-12-05T14:12:20.577Z level=INFO msg="Log Entry" use_case=Authentication use_case_type=Read trace_id=107 span_id=1 parent_span_id=303
time=2024-12-05T14:12:21.578Z level=INFO msg="Log Entry" use_case=Authentication use_case_type=Write trace_id=830 span_id=952 parent_span_id=329
time=2024-12-05T14:12:22.578Z level=INFO msg="Log Entry" use_case=Analytics use_case_type=Write trace_id=117 span_id=935 parent_span_id=946
time=2024-12-05T14:12:23.579Z level=INFO msg="Log Entry" use_case=OrderManagement use_case_type=Delete trace_id=749 span_id=537 parent_span_id=319
time=2024-12-05T14:12:24.579Z level=INFO msg="Log Entry" use_case=Analytics use_case_type=Read trace_id=259 span_id=976 parent_span_id=569
time=2024-12-05T14:12:25.579Z level=INFO msg="Log Entry" use_case=PaymentProcessing use_case_type=Write trace_id=691 span_id=531 parent_span_id=197
time=2024-12-05T14:12:26.579Z level=INFO msg="Log Entry" use_case=Analytics use_case_type=Update trace_id=822 span_id=410 parent_span_id=562
time=2024-12-05T14:12:27.579Z level=INFO msg="Log Entry" use_case=Authentication use_case_type=Delete trace_id=39 span_id=663 parent_span_id=583
time=2024-12-05T14:12:28.580Z level=INFO msg="Log Entry" use_case=PaymentProcessing use_case_type=Read trace_id=722 span_id=399 parent_span_id=35
time=2024-12-05T14:12:29.580Z level=INFO msg="Log Entry" use_case=Analytics use_case_type=Read trace_id=324 span_id=70 parent_span_id=816
time=2024-12-05T14:12:30.580Z level=INFO msg="Log Entry" use_case=Authentication use_case_type=Update trace_id=702 span_id=759 parent_span_id=805
time=2024-12-05T14:12:31.580Z level=INFO msg="Log Entry" use_case=Analytics use_case_type=Update trace_id=768 span_id=363 parent_span_id=217
time=2024-12-05T14:12:32.581Z level=INFO msg="Log Entry" use_case=PaymentProcessing use_case_type=Update trace_id=795 span_id=280 parent_span_id=493
time=2024-12-05T14:12:33.581Z level=INFO msg="Log Entry" use_case=Authentication use_case_type=Write trace_id=823 span_id=196 parent_span_id=274
time=2024-12-05T14:12:34.581Z level=INFO msg="Log Entry" use_case=Analytics use_case_type=Read trace_id=500 span_id=726 parent_span_id=631
time=2024-12-05T14:12:35.581Z level=INFO msg="Log Entry" use_case=Analytics use_case_type=Read trace_id=962 span_id=823 parent_span_id=723
time=2024-12-05T14:12:36.581Z level=INFO msg="Log Entry" use_case=Authentication use_case_type=Delete trace_id=776 span_id=455 parent_span_id=161
time=2024-12-05T14:12:37.581Z level=INFO msg="Log Entry" use_case=Authentication use_case_type=Update trace_id=413 span_id=270 parent_span_id=469
time=2024-12-05T14:12:38.582Z level=INFO msg="Log Entry" use_case=PaymentProcessing use_case_type=Update trace_id=342 span_id=439 parent_span_id=707
time=2024-12-05T14:12:39.582Z level=INFO msg="Log Entry" use_case=PaymentProcessing use_case_type=Update trace_id=410 span_id=525 parent_span_id=627
time=2024-12-05T14:12:40.583Z level=INFO msg="Log Entry" use_case=PaymentProcessing use_case_type=Update trace_id=71 span_id=476 parent_span_id=608
time=2024-12-05T14:12:41.584Z level=INFO msg="Log Entry" use_case=Authentication use_case_type=Delete trace_id=146 span_id=622 parent_span_id=112
time=2024-12-05T14:12:42.584Z level=INFO msg="Log Entry" use_case=OrderManagement use_case_type=Delete trace_id=247 span_id=519 parent_span_id=856
time=2024-12-05T14:12:43.584Z level=INFO msg="Log Entry" use_case=OrderManagement use_case_type=Update trace_id=308 span_id=593 parent_span_id=498
time=2024-12-05T14:12:44.584Z level=INFO msg="Log Entry" use_case=Authentication use_case_type=Update trace_id=501 span_id=559 parent_span_id=833
time=2024-12-05T14:12:45.584Z level=INFO msg="Log Entry" use_case=OrderManagement use_case_type=Read trace_id=173 span_id=234 parent_span_id=369
time=2024-12-05T14:12:46.585Z level=INFO msg="Log Entry" use_case=PaymentProcessing use_case_type=Write trace_id=367 span_id=802 parent_span_id=269
time=2024-12-05T14:12:47.585Z level=INFO msg="Log Entry" use_case=Authentication use_case_type=Read trace_id=743 span_id=379 parent_span_id=398
time=2024-12-05T14:12:48.585Z level=INFO msg="Log Entry" use_case=Authentication use_case_type=Write trace_id=209 span_id=759 parent_span_id=520
time=2024-12-05T14:12:49.586Z level=INFO msg="Log Entry" use_case=OrderManagement use_case_type=Read trace_id=453 span_id=616 parent_span_id=782
time=2024-12-05T14:12:50.587Z level=INFO msg="Log Entry" use_case=PaymentProcessing use_case_type=Delete trace_id=38 span_id=400 parent_span_id=332
time=2024-12-05T14:12:51.587Z level=INFO msg="Log Entry" use_case=OrderManagement use_case_type=Write trace_id=268 span_id=169 parent_span_id=47
time=2024-12-05T14:12:52.587Z level=INFO msg="Log Entry" use_case=PaymentProcessing use_case_type=Delete trace_id=444 span_id=889 parent_span_id=451
time=2024-12-05T14:12:53.587Z level=INFO msg="Log Entry" use_case=OrderManagement use_case_type=Update trace_id=391 span_id=661 parent_span_id=52
time=2024-12-05T14:12:54.587Z level=INFO msg="Log Entry" use_case=Authentication use_case_type=Update trace_id=318 span_id=313 parent_span_id=232
time=2024-12-05T14:12:55.587Z level=INFO msg="Log Entry" use_case=Authentication use_case_type=Update trace_id=79 span_id=457 parent_span_id=698
time=2024-12-05T14:12:56.588Z level=INFO msg="Log Entry" use_case=PaymentProcessing use_case_type=Write trace_id=733 span_id=546 parent_span_id=923
time=2024-12-05T14:12:57.588Z level=INFO msg="Log Entry" use_case=OrderManagement use_case_type=Update trace_id=693 span_id=719 parent_span_id=839
time=2024-12-05T14:12:58.588Z level=INFO msg="Log Entry" use_case=Analytics use_case_type=Update trace_id=123 span_id=771 parent_span_id=438
time=2024-12-05T14:12:59.588Z level=INFO msg="Log Entry" use_case=PaymentProcessing use_case_type=Read trace_id=661 span_id=942 parent_span_id=699
time=2024-12-05T14:13:00.588Z level=INFO msg="Log Entry" use_case=OrderManagement use_case_type=Update trace_id=611 span_id=438 parent_span_id=650
time=2024-12-05T14:13:01.588Z level=INFO msg="Log Entry" use_case=Analytics use_case_type=Update trace_id=311 span_id=692 parent_span_id=203
time=2024-12-05T14:13:02.588Z level=INFO msg="Log Entry" use_case=OrderManagement use_case_type=Read trace_id=27 span_id=475 parent_span_id=995
time=2024-12-05T14:13:03.589Z level=INFO msg="Log Entry" use_case=PaymentProcessing use_case_type=Write trace_id=787 span_id=17 parent_span_id=651
time=2024-12-05T14:13:04.589Z level=INFO msg="Log Entry" use_case=Authentication use_case_type=Read trace_id=944 span_id=828 parent_span_id=474
time=2024-12-05T14:13:05.589Z level=INFO msg="Log Entry" use_case=PaymentProcessing use_case_type=Update trace_id=180 span_id=400 parent_span_id=450
time=2024-12-05T14:13:06.589Z level=INFO msg="Log Entry" use_case=PaymentProcessing use_case_type=Delete trace_id=165 span_id=601 parent_span_id=365
time=2024-12-05T14:13:07.589Z level=INFO msg="Log Entry" use_case=OrderManagement use_case_type=Update trace_id=286 span_id=134 parent_span_id=529
time=2024-12-05T14:13:08.590Z level=INFO msg="Log Entry" use_case=PaymentProcessing use_case_type=Read trace_id=502 span_id=929 parent_span_id=264
time=2024-12-05T14:13:09.590Z level=INFO msg="Log Entry" use_case=Analytics use_case_type=Write trace_id=874 span_id=935 parent_span_id=315
time=2024-12-05T14:13:10.591Z level=INFO msg="Log Entry" use_case=PaymentProcessing use_case_type=Write trace_id=459 span_id=284 parent_span_id=423
time=2024-12-05T14:13:11.592Z level=INFO msg="Log Entry" use_case=Authentication use_case_type=Write trace_id=191 span_id=96 parent_span_id=909
time=2024-12-05T14:13:12.592Z level=INFO msg="Log Entry" use_case=PaymentProcessing use_case_type=Read trace_id=930 span_id=224 parent_span_id=793
time=2024-12-05T14:13:13.593Z level=INFO msg="Log Entry" use_case=OrderManagement use_case_type=Write trace_id=595 span_id=164 parent_span_id=945
time=2024-12-05T14:13:14.593Z level=INFO msg="Log Entry" use_case=OrderManagement use_case_type=Delete trace_id=618 span_id=97 parent_span_id=959
time=2024-12-05T14:13:15.593Z level=INFO msg="Log Entry" use_case=PaymentProcessing use_case_type=Delete trace_id=808 span_id=512 parent_span_id=890
time=2024-12-05T14:13:16.593Z level=INFO msg="Log Entry" use_case=Analytics use_case_type=Write trace_id=212 span_id=694 parent_span_id=380
time=2024-12-05T14:13:17.593Z level=INFO msg="Log Entry" use_case=Authentication use_case_type=Read trace_id=609 span_id=400 parent_span_id=272
time=2024-12-05T14:13:18.593Z level=INFO msg="Log Entry" use_case=OrderManagement use_case_type=Write trace_id=984 span_id=909 parent_span_id=400
time=2024-12-05T14:13:19.593Z level=INFO msg="Log Entry" use_case=Analytics use_case_type=Read trace_id=782 span_id=654 parent_span_id=211
time=2024-12-05T14:13:20.594Z level=INFO msg="Log Entry" use_case=Authentication use_case_type=Delete trace_id=84 span_id=913 parent_span_id=491
time=2024-12-05T14:13:21.594Z level=INFO msg="Log Entry" use_case=OrderManagement use_case_type=Update trace_id=546 span_id=341 parent_span_id=361
time=2024-12-05T14:13:22.594Z level=INFO msg="Log Entry" use_case=PaymentProcessing use_case_type=Read trace_id=155 span_id=849 parent_span_id=504
time=2024-12-05T14:13:23.594Z level=INFO msg="Log Entry" use_case=PaymentProcessing use_case_type=Update trace_id=344 span_id=123 parent_span_id=344
time=2024-12-05T14:13:24.594Z level=INFO msg="Log Entry" use_case=Authentication use_case_type=Write trace_id=117 span_id=918 parent_span_id=19
time=2024-12-05T14:13:25.595Z level=INFO msg="Log Entry" use_case=Authentication use_case_type=Read trace_id=404 span_id=955 parent_span_id=759
time=2024-12-05T14:13:26.595Z level=INFO msg="Log Entry" use_case=OrderManagement use_case_type=Read trace_id=783 span_id=477 parent_span_id=77
time=2024-12-05T14:13:27.595Z level=INFO msg="Log Entry" use_case=Analytics use_case_type=Delete trace_id=182 span_id=274 parent_span_id=64
time=2024-12-05T14:13:28.596Z level=INFO msg="Log Entry" use_case=PaymentProcessing use_case_type=Update trace_id=479 span_id=720 parent_span_id=944
time=2024-12-05T14:13:29.596Z level=INFO msg="Log Entry" use_case=Analytics use_case_type=Read trace_id=400 span_id=257 parent_span_id=142
time=2024-12-05T14:13:30.596Z level=INFO msg="Log Entry" use_case=OrderManagement use_case_type=Read trace_id=426 span_id=897 parent_span_id=43
time=2024-12-05T14:13:31.596Z level=INFO msg="Log Entry" use_case=Authentication use_case_type=Update trace_id=712 span_id=530 parent_span_id=41
time=2024-12-05T14:13:32.596Z level=INFO msg="Log Entry" use_case=Authentication use_case_type=Update trace_id=428 span_id=88 parent_span_id=889
time=2024-12-05T14:13:33.597Z level=INFO msg="Log Entry" use_case=Analytics use_case_type=Write trace_id=374 span_id=242 parent_span_id=511
time=2024-12-05T14:13:34.597Z level=INFO msg="Log Entry" use_case=Authentication use_case_type=Update trace_id=480 span_id=438 parent_span_id=368
time=2024-12-05T14:13:35.597Z level=INFO msg="Log Entry" use_case=Authentication use_case_type=Delete trace_id=459 span_id=187 parent_span_id=240
time=2024-12-05T14:13:36.597Z level=INFO msg="Log Entry" use_case=Authentication use_case_type=Update trace_id=369 span_id=527 parent_span_id=820
time=2024-12-05T14:13:37.597Z level=INFO msg="Log Entry" use_case=Authentication use_case_type=Write trace_id=752 span_id=878 parent_span_id=624
time=2024-12-05T14:13:38.597Z level=INFO msg="Log Entry" use_case=Authentication use_case_type=Write trace_id=733 span_id=260 parent_span_id=761
time=2024-12-05T14:13:39.598Z level=INFO msg="Log Entry" use_case=Authentication use_case_type=Write trace_id=206 span_id=446 parent_span_id=909
time=2024-12-05T14:13:40.598Z level=INFO msg="Log Entry" use_case=OrderManagement use_case_type=Write trace_id=728 span_id=690 parent_span_id=880
time=2024-12-05T14:13:41.598Z level=INFO msg="Log Entry" use_case=OrderManagement use_case_type=Delete trace_id=869 span_id=936 parent_span_id=894
time=2024-12-05T14:13:42.598Z level=INFO msg="Log Entry" use_case=PaymentProcessing use_case_type=Delete trace_id=369 span_id=392 parent_span_id=203
time=2024-12-05T14:13:43.599Z level=INFO msg="Log Entry" use_case=PaymentProcessing use_case_type=Update trace_id=588 span_id=555 parent_span_id=423
time=2024-12-05T14:13:44.599Z level=INFO msg="Log Entry" use_case=Analytics use_case_type=Delete trace_id=605 span_id=984 parent_span_id=393
time=2024-12-05T14:13:45.599Z level=INFO msg="Log Entry" use_case=Authentication use_case_type=Read trace_id=12 span_id=492 parent_span_id=422
time=2024-12-05T14:13:46.599Z level=INFO msg="Log Entry" use_case=Authentication use_case_type=Read trace_id=419 span_id=223 parent_span_id=776
time=2024-12-05T14:13:47.600Z level=INFO msg="Log Entry" use_case=Authentication use_case_type=Update trace_id=349 span_id=605 parent_span_id=233
time=2024-12-05T14:13:48.601Z level=INFO msg="Log Entry" use_case=OrderManagement use_case_type=Delete trace_id=613 span_id=147 parent_span_id=631
time=2024-12-05T14:13:49.601Z level=INFO msg="Log Entry" use_case=PaymentProcessing use_case_type=Read trace_id=83 span_id=40 parent_span_id=986
time=2024-12-05T14:13:50.601Z level=INFO msg="Log Entry" use_case=Authentication use_case_type=Delete trace_id=528 span_id=915 parent_span_id=935
time=2024-12-05T14:13:51.601Z level=INFO msg="Log Entry" use_case=OrderManagement use_case_type=Delete trace_id=217 span_id=27 parent_span_id=593
time=2024-12-05T14:13:52.602Z level=INFO msg="Log Entry" use_case=PaymentProcessing use_case_type=Read trace_id=667 span_id=292 parent_span_id=193
time=2024-12-05T14:13:53.602Z level=INFO msg="Log Entry" use_case=Authentication use_case_type=Update trace_id=103 span_id=454 parent_span_id=424
time=2024-12-05T14:13:54.602Z level=INFO msg="Log Entry" use_case=Authentication use_case_type=Delete trace_id=242 span_id=842 parent_span_id=544
time=2024-12-05T14:13:55.603Z level=INFO msg="Log Entry" use_case=OrderManagement use_case_type=Delete trace_id=425 span_id=115 parent_span_id=726
time=2024-12-05T14:13:56.603Z level=INFO msg="Log Entry" use_case=Authentication use_case_type=Update trace_id=109 span_id=358 parent_span_id=593
time=2024-12-05T14:13:57.604Z level=INFO msg="Log Entry" use_case=OrderManagement use_case_type=Read trace_id=213 span_id=982 parent_span_id=357
time=2024-12-05T14:13:58.604Z level=INFO msg="Log Entry" use_case=PaymentProcessing use_case_type=Update trace_id=280 span_id=707 parent_span_id=364
time=2024-12-05T14:13:59.604Z level=INFO msg="Log Entry" use_case=PaymentProcessing use_case_type=Delete trace_id=934 span_id=272 parent_span_id=1
time=2024-12-05T14:14:00.606Z level=INFO msg="Log Entry" use_case=Authentication use_case_type=Write trace_id=813 span_id=385 parent_span_id=845
time=2024-12-05T14:14:01.606Z level=INFO msg="Log Entry" use_case=OrderManagement use_case_type=Update trace_id=482 span_id=563 parent_span_id=563
time=2024-12-05T14:14:02.607Z level=INFO msg="Log Entry" use_case=Analytics use_case_type=Read trace_id=385 span_id=71 parent_span_id=932
time=2024-12-05T14:14:03.607Z level=INFO msg="Log Entry" use_case=PaymentProcessing use_case_type=Read trace_id=198 span_id=12 parent_span_id=851
time=2024-12-05T14:14:04.607Z level=INFO msg="Log Entry" use_case=Authentication use_case_type=Delete trace_id=441 span_id=210 parent_span_id=439
time=2024-12-05T14:14:05.607Z level=INFO msg="Log Entry" use_case=Authentication use_case_type=Read trace_id=561 span_id=147 parent_span_id=38
time=2024-12-05T14:14:06.607Z level=INFO msg="Log Entry" use_case=Authentication use_case_type=Read trace_id=207 span_id=552 parent_span_id=229
time=2024-12-05T14:14:07.608Z level=INFO msg="Log Entry" use_case=Analytics use_case_type=Update trace_id=487 span_id=645 parent_span_id=193
time=2024-12-05T14:14:08.608Z level=INFO msg="Log Entry" use_case=OrderManagement use_case_type=Write trace_id=102 span_id=190 parent_span_id=888
time=2024-12-05T14:14:09.608Z level=INFO msg="Log Entry" use_case=PaymentProcessing use_case_type=Update trace_id=490 span_id=96 parent_span_id=978
time=2024-12-05T14:14:10.608Z level=INFO msg="Log Entry" use_case=PaymentProcessing use_case_type=Delete trace_id=121 span_id=999 parent_span_id=497
time=2024-12-05T14:14:11.609Z level=INFO msg="Log Entry" use_case=OrderManagement use_case_type=Delete trace_id=885 span_id=230 parent_span_id=735
time=2024-12-05T14:14:12.609Z level=INFO msg="Log Entry" use_case=OrderManagement use_case_type=Delete trace_id=512 span_id=872 parent_span_id=897
time=2024-12-05T14:14:13.609Z level=INFO msg="Log Entry" use_case=PaymentProcessing use_case_type=Read trace_id=778 span_id=717 parent_span_id=373
time=2024-12-05T14:14:14.609Z level=INFO msg="Log Entry" use_case=Authentication use_case_type=Delete trace_id=823 span_id=933 parent_span_id=326
time=2024-12-05T14:14:15.610Z level=INFO msg="Log Entry" use_case=OrderManagement use_case_type=Write trace_id=437 span_id=143 parent_span_id=435
time=2024-12-05T14:14:16.610Z level=INFO msg="Log Entry" use_case=OrderManagement use_case_type=Read trace_id=642 span_id=788 parent_span_id=839
time=2024-12-05T14:14:17.610Z level=INFO msg="Log Entry" use_case=PaymentProcessing use_case_type=Write trace_id=418 span_id=32 parent_span_id=334
time=2024-12-05T14:14:18.611Z level=INFO msg="Log Entry" use_case=Authentication use_case_type=Update trace_id=245 span_id=10 parent_span_id=693
time=2024-12-05T14:14:19.611Z level=INFO msg="Log Entry" use_case=Analytics use_case_type=Update trace_id=221 span_id=9 parent_span_id=980
time=2024-12-05T14:14:20.612Z level=INFO msg="Log Entry" use_case=Authentication use_case_type=Write trace_id=75 span_id=760 parent_span_id=652
time=2024-12-05T14:14:21.612Z level=INFO msg="Log Entry" use_case=OrderManagement use_case_type=Delete trace_id=508 span_id=656 parent_span_id=348
time=2024-12-05T14:14:22.612Z level=INFO msg="Log Entry" use_case=PaymentProcessing use_case_type=Delete trace_id=801 span_id=749 parent_span_id=382
time=2024-12-05T14:14:23.612Z level=INFO msg="Log Entry" use_case=OrderManagement use_case_type=Update trace_id=25 span_id=299 parent_span_id=360
time=2024-12-05T14:14:24.613Z level=INFO msg="Log Entry" use_case=PaymentProcessing use_case_type=Delete trace_id=654 span_id=174 parent_span_id=262
time=2024-12-05T14:14:25.614Z level=INFO msg="Log Entry" use_case=Analytics use_case_type=Write trace_id=914 span_id=282 parent_span_id=692
time=2024-12-05T14:14:26.614Z level=INFO msg="Log Entry" use_case=OrderManagement use_case_type=Delete trace_id=137 span_id=434 parent_span_id=945
time=2024-12-05T14:14:27.615Z level=INFO msg="Log Entry" use_case=Analytics use_case_type=Delete trace_id=647 span_id=310 parent_span_id=625
time=2024-12-05T14:14:28.615Z level=INFO msg="Log Entry" use_case=OrderManagement use_case_type=Delete trace_id=294 span_id=2 parent_span_id=428
time=2024-12-05T14:14:29.615Z level=INFO msg="Log Entry" use_case=Authentication use_case_type=Read trace_id=577 span_id=977 parent_span_id=632
time=2024-12-05T14:14:30.615Z level=INFO msg="Log Entry" use_case=PaymentProcessing use_case_type=Update trace_id=297 span_id=686 parent_span_id=491
time=2024-12-05T14:14:31.616Z level=INFO msg="Log Entry" use_case=OrderManagement use_case_type=Write trace_id=140 span_id=946 parent_span_id=341
time=2024-12-05T14:14:32.616Z level=INFO msg="Log Entry" use_case=Analytics use_case_type=Delete trace_id=629 span_id=492 parent_span_id=986
time=2024-12-05T14:14:33.617Z level=INFO msg="Log Entry" use_case=PaymentProcessing use_case_type=Update trace_id=277 span_id=203 parent_span_id=968
time=2024-12-05T14:14:34.617Z level=INFO msg="Log Entry" use_case=Analytics use_case_type=Update trace_id=495 span_id=763 parent_span_id=405
time=2024-12-05T14:14:35.617Z level=INFO msg="Log Entry" use_case=OrderManagement use_case_type=Update trace_id=837 span_id=836 parent_span_id=718
time=2024-12-05T14:14:36.618Z level=INFO msg="Log Entry" use_case=Analytics use_case_type=Write trace_id=885 span_id=863 parent_span_id=34
time=2024-12-05T14:14:37.618Z level=INFO msg="Log Entry" use_case=OrderManagement use_case_type=Delete trace_id=482 span_id=242 parent_span_id=284
time=2024-12-05T14:14:38.619Z level=INFO msg="Log Entry" use_case=PaymentProcessing use_case_type=Delete trace_id=971 span_id=317 parent_span_id=307
time=2024-12-05T14:14:39.619Z level=INFO msg="Log Entry" use_case=OrderManagement use_case_type=Update trace_id=205 span_id=451 parent_span_id=153
time=2024-12-05T14:14:40.620Z level=INFO msg="Log Entry" use_case=Analytics use_case_type=Write trace_id=795 span_id=695 parent_span_id=99
time=2024-12-05T14:14:41.620Z level=INFO msg="Log Entry" use_case=Analytics use_case_type=Delete trace_id=837 span_id=8 parent_span_id=880
time=2024-12-05T14:14:42.620Z level=INFO msg="Log Entry" use_case=PaymentProcessing use_case_type=Update trace_id=478 span_id=167 parent_span_id=896
time=2024-12-05T14:14:43.621Z level=INFO msg="Log Entry" use_case=Authentication use_case_type=Delete trace_id=920 span_id=646 parent_span_id=998
time=2024-12-05T14:14:44.621Z level=INFO msg="Log Entry" use_case=Authentication use_case_type=Delete trace_id=353 span_id=654 parent_span_id=717
time=2024-12-05T14:14:45.621Z level=INFO msg="Log Entry" use_case=OrderManagement use_case_type=Delete trace_id=997 span_id=351 parent_span_id=732
time=2024-12-05T14:14:46.621Z level=INFO msg="Log Entry" use_case=Analytics use_case_type=Read trace_id=902 span_id=538 parent_span_id=964
time=2024-12-05T14:14:47.622Z level=INFO msg="Log Entry" use_case=Analytics use_case_type=Update trace_id=283 span_id=767 parent_span_id=844
