******************** Stress Settings ********************
Command:
  Type: user
  Count: 100,000
  No Warmup: false
  Consistency Level: LOCAL_ONE
  Target Uncertainty: not applicable
  Command Ratios: {t1.insert=1.0}
  Command Clustering Distribution: clustering=gaussian(1..10)
  Profile File(s): t1_tags.yaml
Rate:
  Auto: false
  Thread Count: 1
  OpsPer Sec: 0
Population:
  Distribution: Gaussian:  min=1,max=100000,mean=50000.500000,stdev=16666.500000
  Order: ARBITRARY
  Wrap: false
Insert:
  Revisits: Uniform:  min=1,max=1000000
  Visits: Fixed:  key=1
  Row Population Ratio: Ratio: divisor=1.000000;delegate=Fixed:  key=1
  Batch Type: not batching
Errors:
  Ignore: false
  Tries: 10
Log:
  No Summary: false
  No Settings: false
  File: tags_100K_write.log
  Interval Millis: 1000
  Level: NORMAL
Mode:
  API: JAVA_DRIVER_NATIVE
  Connection Style: CQL_PREPARED
  CQL Version: CQL3
  Protocol Version: V5
  Username: null
  Password: null
  Auth Provide Class: null
  Max Pending Per Connection: 128
  Connections Per Host: 8
  Compression: NONE
Node:
  Nodes: [localhost]
  Is White List: false
  Datacenter: null
Schema:
  Keyspace: null
  Replication Strategy: org.apache.cassandra.locator.SimpleStrategy
  Replication Strategy Options: {replication_factor=1}
  Table Compression: null
  Table Compaction Strategy: null
  Table Compaction Strategy Options: {}
Transport:
  truststore=null; truststore-password=null; keystore=null; keystore-password=null; ssl-protocol=TLS; ssl-alg=null; ssl-ciphers=TLS_RSA_WITH_AES_128_CBC_SHA,TLS_RSA_WITH_AES_256_CBC_SHA; 
Port:
  Native Port: 9042
  JMX Port: 7199
Graph:
  File: tags_100K.html
  Revision: Insert_100K
  Title: NVO_Cassandra_POC_TAG_Table_100K_Records
  Operation: USER
TokenRange:
  Wrap: false
  Split Factor: 1

******************** Profile(s) ********************
  Keyspace Name: tagging
  Keyspace CQL: 
***
CREATE KEYSPACE IF NOT EXISTS tagging WITH replication = {'class': 'SimpleStrategy', 'replication_factor': 1};
***

  Table Name: tags
  Table CQL: 
***
CREATE TABLE IF NOT EXISTS tags (
  id uuid PRIMARY KEY,
  owner_id int,
  name text,
  description text,
  properties text
);
***

  Extra Schema Definitions: null
  Generator Configs:
    owner_id: Size: Gaussian:  min=5,max=10,mean=7.500000,stdev=0.833333;Identity: Uniform:  min=1,max=1000000;
    name: Size: Uniform:  min=5,max=200;
    description: Size: Uniform:  min=10,max=100;
    id: Size: Gaussian:  min=5,max=10,mean=7.500000,stdev=0.833333;Identity: Uniform:  min=1,max=10000000;
    properties: Size: Uniform:  min=10,max=50;
  Query Definitions:
    select_tag_by_id: CQL:SELECT * FROM tags WHERE id = ?;Fields:samerow;
    update_tag_properties: CQL:UPDATE tags SET properties = ? WHERE id = ?;Fields:samerow;
    delete_tag_by_id: CQL:DELETE FROM tags WHERE id = ?;Fields:samerow;
    insert_tag: CQL:INSERT INTO tags (id, owner_id, name, description, properties) VALUES (?, ?, ?, ?, ?);Fields:samerow;
  Token Range Queries:
  Insert Settings:
    partitions: fixed(1)
    select: fixed(1)/500
    batchtype: UNLOGGED
Generating batches with [1..1] partitions and [0..0] rows (of [1..1] total rows in the partitions)

Sleeping 2s...
Warming up t1.insert with 25000 iterations...
Running [t1.insert] with 1 threads for 100000 iteration
type                                               total ops,    op/s,    pk/s,   row/s,    mean,     med,     .95,     .99,    .999,     max,   time,   stderr, errors,  gc: #,  max ms,  sum ms,  sdv ms,      mb
total,                                                   938,     938,     938,     938,     0.5,     0.4,     1.0,     3.2,    10.1,    10.1,    1.0,  0.00000,      0,      0,       0,       0,       0,       0
total,                                                  2335,    1397,    1397,    1397,     0.7,     0.5,     1.5,     4.5,    12.6,    13.2,    2.0,  0.14008,      0,      0,       0,       0,       0,       0
total,                                                  4091,    1756,    1756,    1756,     0.6,     0.5,     1.0,     2.5,     8.5,    15.5,    3.0,  0.14291,      0,      0,       0,       0,       0,       0
total,                                                  5758,    1667,    1667,    1667,     0.6,     0.5,     1.2,     3.3,    10.3,    10.6,    4.0,  0.11111,      0,      0,       0,       0,       0,       0
total,                                                  7574,    1816,    1816,    1816,     0.5,     0.4,     0.9,     3.1,    10.9,    11.4,    5.0,  0.09536,      0,      0,       0,       0,       0,       0
total,                                                  9575,    2001,    2001,    2001,     0.5,     0.4,     0.7,     1.9,     5.6,     9.0,    6.0,  0.08826,      0,      0,       0,       0,       0,       0
total,                                                 11470,    1895,    1895,    1895,     0.5,     0.4,     0.8,     2.0,     9.4,    13.2,    7.0,  0.07759,      0,      0,       0,       0,       0,       0
total,                                                 13105,    1635,    1635,    1635,     0.6,     0.5,     1.0,     3.7,    11.3,    12.0,    8.0,  0.06791,      0,      0,       0,       0,       0,       0
total,                                                 14506,    1401,    1401,    1401,     0.7,     0.5,     1.5,     5.4,    10.3,    18.5,    9.0,  0.06307,      0,      0,       0,       0,       0,       0
total,                                                 15798,    1292,    1292,    1292,     0.8,     0.6,     1.6,     6.3,    13.0,    13.6,   10.0,  0.06098,      0,      0,       0,       0,       0,       0
total,                                                 17501,    1703,    1703,    1703,     0.6,     0.5,     0.9,     2.2,    10.8,    12.4,   11.0,  0.05545,      0,      0,       0,       0,       0,       0
total,                                                 18989,    1488,    1488,    1488,     0.7,     0.5,     1.5,     3.9,     8.8,    19.2,   12.0,  0.05129,      0,      0,       0,       0,       0,       0
total,                                                 20702,    1713,    1713,    1713,     0.6,     0.4,     1.1,     3.3,     7.9,    11.5,   13.0,  0.04743,      0,      0,       0,       0,       0,       0
total,                                                 22561,    1859,    1859,    1859,     0.5,     0.4,     0.9,     3.2,    10.1,    10.3,   14.0,  0.04494,      0,      0,       0,       0,       0,       0
total,                                                 24120,    1559,    1559,    1559,     0.6,     0.5,     1.3,     3.6,    11.8,    14.2,   15.0,  0.04208,      0,      0,       0,       0,       0,       0
total,                                                 25837,    1717,    1717,    1717,     0.6,     0.5,     0.8,     2.5,    11.0,    23.6,   16.0,  0.03955,      0,      0,       0,       0,       0,       0
total,                                                 27575,    1738,    1738,    1738,     0.6,     0.4,     0.9,     4.0,    11.9,    14.0,   17.0,  0.03731,      0,      0,       0,       0,       0,       0
total,                                                 29846,    2271,    2271,    2271,     0.4,     0.4,     0.6,     1.5,     4.2,    11.5,   18.0,  0.04035,      0,      0,       0,       0,       0,       0
total,                                                 31328,    1482,    1482,    1482,     0.5,     0.4,     0.7,     2.4,     7.1,     7.6,   19.0,  0.03888,      0,      0,       0,       0,       0,       0
total,                                                 32824,    1496,    1496,    1496,     0.9,     0.4,     0.6,     2.0,     4.6,   615.0,   20.0,  0.06979,      0,      0,       0,       0,       0,       0
total,                                                 35014,    2190,    2190,    2190,     0.4,     0.3,     0.9,     2.4,     8.5,    10.6,   21.0,  0.06664,      0,      0,       0,       0,       0,       0
total,                                                 36811,    1797,    1797,    1797,     0.5,     0.4,     1.0,     3.6,     8.5,    12.4,   22.0,  0.06359,      0,      0,       0,       0,       0,       0
total,                                                 38929,    2118,    2118,    2118,     0.5,     0.4,     0.7,     1.7,     7.4,    11.0,   23.0,  0.06085,      0,      0,       0,       0,       0,       0
total,                                                 40931,    2002,    2002,    2002,     0.5,     0.4,     0.7,     2.4,     7.5,    13.7,   24.0,  0.05822,      0,      0,       0,       0,       0,       0
total,                                                 42960,    2029,    2029,    2029,     0.5,     0.4,     0.7,     2.7,     8.4,    12.4,   25.0,  0.05583,      0,      0,       0,       0,       0,       0
total,                                                 44271,    1311,    1311,    1311,     0.7,     0.5,     0.8,     1.6,   119.9,   128.1,   26.0,  0.05449,      0,      0,       0,       0,       0,       0
total,                                                 45716,    1445,    1445,    1445,     0.7,     0.5,     1.2,     3.5,    21.7,   147.5,   27.0,  0.05267,      0,      0,       0,       0,       0,       0
total,                                                 47650,    1934,    1934,    1934,     0.5,     0.4,     0.7,     1.9,    11.1,    12.5,   28.0,  0.05072,      0,      0,       0,       0,       0,       0
total,                                                 49470,    1820,    1820,    1820,     0.5,     0.4,     0.8,     3.0,    10.1,    11.9,   29.0,  0.04896,      0,      0,       0,       0,       0,       0
total,                                                 51245,    1775,    1775,    1775,     0.6,     0.5,     0.8,     2.1,     7.3,    20.9,   30.0,  0.04734,      0,      0,       0,       0,       0,       0
total,                                                 52763,    1518,    1518,    1518,     0.6,     0.5,     1.2,     3.9,    11.5,    12.6,   31.0,  0.04631,      0,      0,       0,       0,       0,       0
total,                                                 54523,    1760,    1760,    1760,     0.6,     0.5,     0.8,     2.9,    14.1,    17.5,   32.0,  0.04489,      0,      0,       0,       0,       0,       0
total,                                                 56299,    1776,    1776,    1776,     0.6,     0.5,     0.9,     2.6,    13.0,    14.0,   33.0,  0.04354,      0,      0,       0,       0,       0,       0
total,                                                 58103,    1804,    1804,    1804,     0.5,     0.4,     1.0,     2.9,     8.0,    11.5,   34.0,  0.04225,      0,      0,       0,       0,       0,       0
total,                                                 59840,    1737,    1737,    1737,     0.6,     0.5,     0.9,     2.8,    10.0,    13.2,   35.0,  0.04108,      0,      0,       0,       0,       0,       0
total,                                                 61427,    1587,    1587,    1587,     0.6,     0.5,     1.2,     4.2,    11.1,    11.6,   36.0,  0.04019,      0,      0,       0,       0,       0,       0
total,                                                 63221,    1794,    1794,    1794,     0.6,     0.5,     0.8,     2.9,     9.6,    22.4,   37.0,  0.03909,      0,      0,       0,       0,       0,       0
total,                                                 65085,    1864,    1864,    1864,     0.5,     0.5,     0.7,     1.7,    13.7,    17.7,   38.0,  0.03803,      0,      0,       0,       0,       0,       0
total,                                                 66803,    1718,    1718,    1718,     0.6,     0.5,     0.9,     3.4,    11.2,    11.2,   39.0,  0.03711,      0,      0,       0,       0,       0,       0
total,                                                 68567,    1764,    1764,    1764,     0.6,     0.4,     1.0,     3.5,    10.5,    11.6,   40.0,  0.03619,      0,      0,       0,       0,       0,       0
total,                                                 70128,    1561,    1561,    1561,     0.6,     0.5,     1.4,     4.0,     9.9,    11.3,   41.0,  0.03555,      0,      0,       0,       0,       0,       0
total,                                                 72096,    1968,    1968,    1968,     0.5,     0.4,     0.7,     1.7,    10.1,    18.9,   42.0,  0.03471,      0,      0,       0,       0,       0,       0
total,                                                 74100,    2004,    2004,    2004,     0.5,     0.4,     0.7,     1.8,     5.1,     7.7,   43.0,  0.03392,      0,      0,       0,       0,       0,       0
total,                                                 75950,    1850,    1850,    1850,     0.5,     0.5,     0.7,     2.5,     9.1,    10.9,   44.0,  0.03313,      0,      0,       0,       0,       0,       0
total,                                                 77949,    1999,    1999,    1999,     0.5,     0.4,     0.9,     2.5,     9.3,     9.7,   45.0,  0.03241,      0,      0,       0,       0,       0,       0
total,                                                 79746,    1797,    1797,    1797,     0.5,     0.4,     1.0,     3.1,    15.0,    20.3,   46.0,  0.03170,      0,      0,       0,       0,       0,       0
total,                                                 81930,    2184,    2184,    2184,     0.5,     0.4,     0.6,     1.5,     5.7,    12.6,   47.0,  0.03122,      0,      0,       0,       0,       0,       0
total,                                                 84119,    2189,    2189,    2189,     0.5,     0.4,     0.7,     1.4,     4.3,    10.2,   48.0,  0.03074,      0,      0,       0,       0,       0,       0
total,                                                 84198,      79,      79,      79,     0.7,     0.4,     2.3,    11.1,    11.1,    11.1,   49.0,  0.03649,      0,      0,       0,       0,       0,       0
total,                                                 85925,    1727,    1727,    1727,     1.7,     0.4,     0.9,     2.6,    14.0,  1994.4,   51.0,  0.05847,      0,      0,       0,       0,       0,       0
total,                                                 86663,     738,     738,     738,     1.3,     0.5,     0.9,     3.5,   562.0,   562.0,   52.0,  0.05736,      0,      0,       0,       0,       0,       0
total,                                                 88613,    1950,    1950,    1950,     0.5,     0.4,     0.8,     1.8,     9.9,    11.3,   53.0,  0.05618,      0,      0,       0,       0,       0,       0
total,                                                 90512,    1899,    1899,    1899,     0.5,     0.4,     0.8,     2.5,     9.4,     9.6,   54.0,  0.05506,      0,      0,       0,       0,       0,       0
total,                                                 92297,    1785,    1785,    1785,     0.6,     0.4,     1.1,     2.3,     9.2,     9.5,   55.0,  0.05401,      0,      0,       0,       0,       0,       0
total,                                                 94045,    1748,    1748,    1748,     0.6,     0.5,     0.9,     2.0,     9.3,     9.5,   56.0,  0.05302,      0,      0,       0,       0,       0,       0
total,                                                 95812,    1767,    1767,    1767,     0.6,     0.5,     0.9,     2.1,    11.1,    13.9,   57.0,  0.05205,      0,      0,       0,       0,       0,       0
total,                                                 97890,    2078,    2078,    2078,     0.5,     0.4,     0.7,     2.3,     9.0,    10.5,   58.0,  0.05110,      0,      0,       0,       0,       0,       0
total,                                                100000,    2124,    2124,    2124,     0.5,     0.4,     0.7,     2.2,     8.1,    12.7,   59.0,  0.05020,      0,      0,       0,       0,       0,       0


Results:
Op rate                   :    1,695 op/s  [t1.insert: 1,695 op/s]
Partition rate            :    1,695 pk/s  [t1.insert: 1,695 pk/s]
Row rate                  :    1,695 row/s [t1.insert: 1,695 row/s]
Latency mean              :    0.6 ms [t1.insert: 0.6 ms]
Latency median            :    0.4 ms [t1.insert: 0.4 ms]
Latency 95th percentile   :    0.9 ms [t1.insert: 0.9 ms]
Latency 99th percentile   :    2.8 ms [t1.insert: 2.8 ms]
Latency 99.9th percentile :    9.9 ms [t1.insert: 9.9 ms]
Latency max               : 1994.4 ms [t1.insert: 1,994.4 ms]
Total partitions          :    100,000 [t1.insert: 100,000]
Total errors              :          0 [t1.insert: 0]
Total GC count            : 0
Total GC memory           : 0.000 KiB
Total GC time             :    0.0 seconds
Avg GC time               :    NaN ms
StdDev GC time            :    0.0 ms
Total operation time      : 00:00:58

END
