******************** Stress Settings ********************
Command:
  Type: user
  Count: 100,000
  No Warmup: false
  Consistency Level: LOCAL_ONE
  Target Uncertainty: not applicable
  Command Ratios: {t1.update_tag_properties=1.0}
  Command Clustering Distribution: clustering=gaussian(1..10)
  Profile File(s): t1_tags.yaml
Rate:
  Auto: false
  Thread Count: 1
  OpsPer Sec: 0
Population:
  Distribution: Gaussian:  min=1,max=100000,mean=50000.500000,stdev=16666.500000
  Order: ARBITRARY
  Wrap: false
Insert:
  Revisits: Uniform:  min=1,max=1000000
  Visits: Fixed:  key=1
  Row Population Ratio: Ratio: divisor=1.000000;delegate=Fixed:  key=1
  Batch Type: not batching
Errors:
  Ignore: false
  Tries: 10
Log:
  No Summary: false
  No Settings: false
  File: tags_100K_update.log
  Interval Millis: 1000
  Level: NORMAL
Mode:
  API: JAVA_DRIVER_NATIVE
  Connection Style: CQL_PREPARED
  CQL Version: CQL3
  Protocol Version: V5
  Username: null
  Password: null
  Auth Provide Class: null
  Max Pending Per Connection: 128
  Connections Per Host: 8
  Compression: NONE
Node:
  Nodes: [localhost]
  Is White List: false
  Datacenter: null
Schema:
  Keyspace: null
  Replication Strategy: org.apache.cassandra.locator.SimpleStrategy
  Replication Strategy Options: {replication_factor=1}
  Table Compression: null
  Table Compaction Strategy: null
  Table Compaction Strategy Options: {}
Transport:
  truststore=null; truststore-password=null; keystore=null; keystore-password=null; ssl-protocol=TLS; ssl-alg=null; ssl-ciphers=TLS_RSA_WITH_AES_128_CBC_SHA,TLS_RSA_WITH_AES_256_CBC_SHA; 
Port:
  Native Port: 9042
  JMX Port: 7199
Graph:
  File: tags_100K.html
  Revision: Update_100K
  Title: NVO_Cassandra_POC_TAG_Table_100K_Records
  Operation: USER
TokenRange:
  Wrap: false
  Split Factor: 1

******************** Profile(s) ********************
  Keyspace Name: tagging
  Keyspace CQL: 
***
CREATE KEYSPACE IF NOT EXISTS tagging WITH replication = {'class': 'SimpleStrategy', 'replication_factor': 1};
***

  Table Name: tags
  Table CQL: 
***
CREATE TABLE IF NOT EXISTS tags (
  id uuid PRIMARY KEY,
  owner_id int,
  name text,
  description text,
  properties text
);
***

  Extra Schema Definitions: null
  Generator Configs:
    owner_id: Size: Gaussian:  min=5,max=10,mean=7.500000,stdev=0.833333;Identity: Uniform:  min=1,max=1000000;
    name: Size: Uniform:  min=5,max=200;
    description: Size: Uniform:  min=10,max=100;
    id: Size: Gaussian:  min=5,max=10,mean=7.500000,stdev=0.833333;Identity: Uniform:  min=1,max=10000000;
    properties: Size: Uniform:  min=10,max=50;
  Query Definitions:
    select_tag_by_id: CQL:SELECT * FROM tags WHERE id = ?;Fields:samerow;
    update_tag_properties: CQL:UPDATE tags SET properties = ? WHERE id = ?;Fields:samerow;
    delete_tag_by_id: CQL:DELETE FROM tags WHERE id = ?;Fields:samerow;
    insert_tag: CQL:INSERT INTO tags (id, owner_id, name, description, properties) VALUES (?, ?, ?, ?, ?);Fields:samerow;
  Token Range Queries:
  Insert Settings:
    partitions: fixed(1)
    select: fixed(1)/500
    batchtype: UNLOGGED
Generating batches with [1..1] partitions and [0..0] rows (of [1..1] total rows in the partitions)

Sleeping 2s...
Warming up t1.update_tag_properties with 25000 iterations...
Running [t1.update_tag_properties] with 1 threads for 100000 iteration
type                                               total ops,    op/s,    pk/s,   row/s,    mean,     med,     .95,     .99,    .999,     max,   time,   stderr, errors,  gc: #,  max ms,  sum ms,  sdv ms,      mb
total,                                                   761,     761,       0,       0,     0.5,     0.4,     0.7,     2.2,     7.7,     7.7,    1.0,      NaN,      0,      0,       0,       0,       0,       0
total,                                                  2658,    1897,       0,       0,     0.5,     0.4,     0.8,     2.6,     9.4,    15.4,    2.0,      NaN,      0,      0,       0,       0,       0,       0
total,                                                  4755,    2097,       0,       0,     0.5,     0.4,     0.6,     2.0,     6.6,     9.5,    3.0,      NaN,      0,      0,       0,       0,       0,       0
total,                                                  6622,    1867,       0,       0,     0.5,     0.4,     0.7,     2.0,    10.1,    13.1,    4.0,      NaN,      0,      0,       0,       0,       0,       0
total,                                                  8416,    1794,       0,       0,     0.5,     0.4,     0.9,     2.9,    10.4,    14.5,    5.0,      NaN,      0,      0,       0,       0,       0,       0
total,                                                 10427,    2011,       0,       0,     0.5,     0.4,     0.7,     1.8,     5.7,     9.3,    6.0,      NaN,      0,      0,       0,       0,       0,       0
total,                                                 12266,    1839,       0,       0,     0.5,     0.5,     0.8,     2.4,     8.0,     9.6,    7.0,      NaN,      0,      0,       0,       0,       0,       0
total,                                                 14253,    1987,       0,       0,     0.5,     0.4,     0.7,     1.5,     6.9,    10.2,    8.0,      NaN,      0,      0,       0,       0,       0,       0
total,                                                 16191,    1938,       0,       0,     0.5,     0.4,     0.7,     2.0,    14.5,    17.3,    9.0,      NaN,      0,      0,       0,       0,       0,       0
total,                                                 18212,    2021,       0,       0,     0.5,     0.4,     0.7,     1.8,     8.5,     9.1,   10.0,      NaN,      0,      0,       0,       0,       0,       0
total,                                                 20102,    1890,       0,       0,     0.5,     0.4,     0.8,     2.9,    13.2,    13.7,   11.0,      NaN,      0,      0,       0,       0,       0,       0
total,                                                 21584,    1482,       0,       0,     0.7,     0.5,     1.5,     4.8,    10.3,    16.8,   12.0,      NaN,      0,      0,       0,       0,       0,       0
total,                                                 23244,    1660,       0,       0,     0.6,     0.5,     0.9,     2.6,    11.8,    15.0,   13.0,      NaN,      0,      0,       0,       0,       0,       0
total,                                                 25122,    1878,       0,       0,     0.5,     0.4,     0.7,     2.3,    10.9,    12.1,   14.0,      NaN,      0,      0,       0,       0,       0,       0
total,                                                 26815,    1693,       0,       0,     0.6,     0.5,     1.0,     4.0,    11.3,    20.0,   15.0,      NaN,      0,      0,       0,       0,       0,       0
total,                                                 28897,    2082,       0,       0,     0.5,     0.4,     0.8,     1.7,     5.9,    11.4,   16.0,      NaN,      0,      0,       0,       0,       0,       0
total,                                                 30771,    1874,       0,       0,     0.5,     0.5,     0.8,     2.2,     6.3,     6.4,   17.0,      NaN,      0,      0,       0,       0,       0,       0
total,                                                 32810,    2039,       0,       0,     0.5,     0.4,     0.6,     1.5,     8.5,    11.0,   18.0,      NaN,      0,      0,       0,       0,       0,       0
total,                                                 34760,    1950,       0,       0,     0.5,     0.4,     0.7,     1.7,    12.5,    13.9,   19.0,      NaN,      0,      0,       0,       0,       0,       0
total,                                                 36681,    1921,       0,       0,     0.5,     0.4,     0.7,     2.2,     8.4,     9.7,   20.0,      NaN,      0,      0,       0,       0,       0,       0
total,                                                 38679,    1998,       0,       0,     0.5,     0.4,     0.7,     2.4,    10.4,    21.2,   21.0,      NaN,      0,      0,       0,       0,       0,       0
total,                                                 40362,    1683,       0,       0,     0.6,     0.4,     1.1,     4.6,    16.9,    24.1,   22.0,      NaN,      0,      0,       0,       0,       0,       0
total,                                                 42527,    2165,       0,       0,     0.5,     0.4,     0.6,     1.3,     8.7,    90.6,   23.0,      NaN,      0,      0,       0,       0,       0,       0
total,                                                 44763,    2236,       0,       0,     0.4,     0.4,     0.6,     1.5,     8.5,    12.2,   24.0,      NaN,      0,      0,       0,       0,       0,       0
total,                                                 46707,    1944,       0,       0,     0.5,     0.4,     0.7,     2.4,     8.8,     9.5,   25.0,      NaN,      0,      0,       0,       0,       0,       0
total,                                                 48470,    1763,       0,       0,     0.6,     0.5,     0.7,     2.4,     9.9,    12.1,   26.0,      NaN,      0,      0,       0,       0,       0,       0
total,                                                 50323,    1853,       0,       0,     0.5,     0.5,     0.8,     2.4,     6.8,     8.5,   27.0,      NaN,      0,      0,       0,       0,       0,       0
total,                                                 52359,    2036,       0,       0,     0.5,     0.4,     0.6,     1.3,     4.5,     6.5,   28.0,      NaN,      0,      0,       0,       0,       0,       0
total,                                                 54340,    1981,       0,       0,     0.5,     0.5,     0.7,     1.5,     7.5,    10.2,   29.0,      NaN,      0,      0,       0,       0,       0,       0
total,                                                 56940,    2600,       0,       0,     0.4,     0.3,     0.5,     1.4,     4.6,    10.2,   30.0,      NaN,      0,      0,       0,       0,       0,       0
total,                                                 59687,    2747,       0,       0,     0.4,     0.3,     0.5,     1.2,     5.9,     8.5,   31.0,      NaN,      0,      0,       0,       0,       0,       0
total,                                                 61759,    2072,       0,       0,     0.5,     0.4,     0.7,     1.7,    10.3,    13.0,   32.0,      NaN,      0,      0,       0,       0,       0,       0
total,                                                 63888,    2129,       0,       0,     0.5,     0.4,     0.6,     1.1,     3.6,     7.1,   33.0,      NaN,      0,      0,       0,       0,       0,       0
total,                                                 65937,    2049,       0,       0,     0.5,     0.4,     0.6,     1.8,     8.6,    10.7,   34.0,      NaN,      0,      0,       0,       0,       0,       0
total,                                                 67938,    2001,       0,       0,     0.5,     0.4,     0.7,     1.5,     5.3,     9.7,   35.0,      NaN,      0,      0,       0,       0,       0,       0
total,                                                 69953,    2015,       0,       0,     0.5,     0.4,     0.7,     1.5,     5.6,    10.1,   36.0,      NaN,      0,      0,       0,       0,       0,       0
total,                                                 71836,    1883,       0,       0,     0.5,     0.4,     0.8,     3.5,     7.6,     9.4,   37.0,      NaN,      0,      0,       0,       0,       0,       0
total,                                                 73628,    1792,       0,       0,     0.6,     0.5,     0.8,     2.1,    11.2,    11.3,   38.0,      NaN,      0,      0,       0,       0,       0,       0
total,                                                 75356,    1728,       0,       0,     0.6,     0.4,     0.7,     3.2,    13.4,    88.7,   39.0,      NaN,      0,      0,       0,       0,       0,       0
total,                                                 77281,    1925,       0,       0,     0.5,     0.4,     0.8,     2.4,     8.7,    11.7,   40.0,      NaN,      0,      0,       0,       0,       0,       0
total,                                                 79272,    1991,       0,       0,     0.5,     0.4,     0.8,     2.2,     8.8,    10.2,   41.0,      NaN,      0,      0,       0,       0,       0,       0
total,                                                 80875,    1603,       0,       0,     0.6,     0.5,     1.1,     4.0,    11.2,    16.2,   42.0,      NaN,      0,      0,       0,       0,       0,       0
total,                                                 82839,    1964,       0,       0,     0.5,     0.5,     0.7,     1.2,     8.0,     8.1,   43.0,      NaN,      0,      0,       0,       0,       0,       0
total,                                                 84726,    1887,       0,       0,     0.5,     0.4,     0.8,     2.9,    13.0,    17.1,   44.0,      NaN,      0,      0,       0,       0,       0,       0
total,                                                 86496,    1770,       0,       0,     0.6,     0.5,     0.9,     2.2,     9.9,    10.9,   45.0,      NaN,      0,      0,       0,       0,       0,       0
total,                                                 88397,    1901,       0,       0,     0.5,     0.5,     0.7,     1.5,    11.4,    16.8,   46.0,      NaN,      0,      0,       0,       0,       0,       0
total,                                                 90176,    1779,       0,       0,     0.6,     0.5,     0.9,     2.0,    10.1,    13.5,   47.0,      NaN,      0,      0,       0,       0,       0,       0
total,                                                 91860,    1684,       0,       0,     0.6,     0.5,     1.0,     2.7,    12.6,    15.4,   48.0,      NaN,      0,      0,       0,       0,       0,       0
total,                                                 93551,    1691,       0,       0,     0.6,     0.4,     1.1,     3.8,    11.9,    13.1,   49.0,      NaN,      0,      0,       0,       0,       0,       0
total,                                                 95439,    1888,       0,       0,     0.5,     0.4,     0.8,     2.6,    12.6,    16.6,   50.0,      NaN,      0,      0,       0,       0,       0,       0
total,                                                 97234,    1795,       0,       0,     0.6,     0.4,     0.9,     3.8,    14.4,    19.4,   51.0,      NaN,      0,      0,       0,       0,       0,       0
total,                                                 99089,    1855,       0,       0,     0.5,     0.4,     0.9,     3.8,    12.4,    13.6,   52.0,      NaN,      0,      0,       0,       0,       0,       0
total,                                                100000,    2044,       0,       0,     0.5,     0.4,     0.8,     2.8,     7.7,     7.7,   52.4,      NaN,      0,      0,       0,       0,       0,       0


Results:
Op rate                   :    1,907 op/s  [t1.update_tag_properties: 1,907 op/s]
Partition rate            :        0 pk/s  [t1.update_tag_properties: 0 pk/s]
Row rate                  :        0 row/s [t1.update_tag_properties: 0 row/s]
Latency mean              :    0.5 ms [t1.update_tag_properties: 0.5 ms]
Latency median            :    0.4 ms [t1.update_tag_properties: 0.4 ms]
Latency 95th percentile   :    0.8 ms [t1.update_tag_properties: 0.8 ms]
Latency 99th percentile   :    2.2 ms [t1.update_tag_properties: 2.2 ms]
Latency 99.9th percentile :    8.8 ms [t1.update_tag_properties: 8.8 ms]
Latency max               :   90.6 ms [t1.update_tag_properties: 90.6 ms]
Total partitions          :          0 [t1.update_tag_properties: 0]
Total errors              :          0 [t1.update_tag_properties: 0]
Total GC count            : 0
Total GC memory           : 0.000 KiB
Total GC time             :    0.0 seconds
Avg GC time               :    NaN ms
StdDev GC time            :    0.0 ms
Total operation time      : 00:00:52

END
