******************** Stress Settings ********************
Command:
  Type: user
  Count: 10,000
  No Warmup: false
  Consistency Level: LOCAL_ONE
  Target Uncertainty: not applicable
  Command Ratios: {t1.insert=1.0}
  Command Clustering Distribution: clustering=gaussian(1..10)
  Profile File(s): t1_tags.yaml
Rate:
  Auto: false
  Thread Count: 1
  OpsPer Sec: 0
Population:
  Distribution: Gaussian:  min=1,max=10000,mean=5000.500000,stdev=1666.500000
  Order: ARBITRARY
  Wrap: false
Insert:
  Revisits: Uniform:  min=1,max=1000000
  Visits: Fixed:  key=1
  Row Population Ratio: Ratio: divisor=1.000000;delegate=Fixed:  key=1
  Batch Type: not batching
Errors:
  Ignore: false
  Tries: 10
Log:
  No Summary: false
  No Settings: false
  File: tags_10K_write.log
  Interval Millis: 1000
  Level: NORMAL
Mode:
  API: JAVA_DRIVER_NATIVE
  Connection Style: CQL_PREPARED
  CQL Version: CQL3
  Protocol Version: V5
  Username: null
  Password: null
  Auth Provide Class: null
  Max Pending Per Connection: 128
  Connections Per Host: 8
  Compression: NONE
Node:
  Nodes: [localhost]
  Is White List: false
  Datacenter: null
Schema:
  Keyspace: null
  Replication Strategy: org.apache.cassandra.locator.SimpleStrategy
  Replication Strategy Options: {replication_factor=1}
  Table Compression: null
  Table Compaction Strategy: null
  Table Compaction Strategy Options: {}
Transport:
  truststore=null; truststore-password=null; keystore=null; keystore-password=null; ssl-protocol=TLS; ssl-alg=null; ssl-ciphers=TLS_RSA_WITH_AES_128_CBC_SHA,TLS_RSA_WITH_AES_256_CBC_SHA; 
Port:
  Native Port: 9042
  JMX Port: 7199
Graph:
  File: tags_10K.html
  Revision: Insert_10K
  Title: NVO_Cassandra_POC_TAG_Table_10K_Records
  Operation: USER
TokenRange:
  Wrap: false
  Split Factor: 1

******************** Profile(s) ********************
  Keyspace Name: tagging
  Keyspace CQL: 
***
CREATE KEYSPACE IF NOT EXISTS tagging WITH replication = {'class': 'SimpleStrategy', 'replication_factor': 1};
***

  Table Name: tags
  Table CQL: 
***
CREATE TABLE IF NOT EXISTS tags (
  id uuid PRIMARY KEY,
  owner_id int,
  name text,
  description text,
  properties text
);
***

  Extra Schema Definitions: null
  Generator Configs:
    owner_id: Size: Gaussian:  min=5,max=10,mean=7.500000,stdev=0.833333;Identity: Uniform:  min=1,max=1000000;
    name: Size: Uniform:  min=5,max=200;
    description: Size: Uniform:  min=10,max=100;
    id: Size: Gaussian:  min=5,max=10,mean=7.500000,stdev=0.833333;Identity: Uniform:  min=1,max=10000000;
    properties: Size: Uniform:  min=10,max=50;
  Query Definitions:
    select_tag_by_id: CQL:SELECT * FROM tags WHERE id = ?;Fields:samerow;
    update_tag_properties: CQL:UPDATE tags SET properties = ? WHERE id = ?;Fields:samerow;
    delete_tag_by_id: CQL:DELETE FROM tags WHERE id = ?;Fields:samerow;
    insert_tag: CQL:INSERT INTO tags (id, owner_id, name, description, properties) VALUES (?, ?, ?, ?, ?);Fields:samerow;
  Token Range Queries:
  Insert Settings:
    partitions: fixed(1)
    select: fixed(1)/500
    batchtype: UNLOGGED
Generating batches with [1..1] partitions and [0..0] rows (of [1..1] total rows in the partitions)

Sleeping 2s...
Warming up t1.insert with 2500 iterations...
Running [t1.insert] with 1 threads for 10000 iteration
type                                               total ops,    op/s,    pk/s,   row/s,    mean,     med,     .95,     .99,    .999,     max,   time,   stderr, errors,  gc: #,  max ms,  sum ms,  sdv ms,      mb
total,                                                  1289,    1289,    1289,    1289,     0.6,     0.6,     0.8,     2.4,     6.3,     6.7,    1.0,  0.00000,      0,      0,       0,       0,       0,       0
total,                                                  2800,    1511,    1511,    1511,     0.6,     0.5,     1.1,     3.3,    10.5,    12.0,    2.0,  0.05794,      0,      0,       0,       0,       0,       0
total,                                                  3418,     618,     618,     618,     0.7,     0.6,     1.0,     1.9,     8.1,     8.1,    3.0,  0.19301,      0,      0,       0,       0,       0,       0
total,                                                  4669,    1251,    1251,    1251,     1.3,     0.5,     1.3,     3.7,    15.4,   759.2,    4.0,  0.41243,      0,      0,       0,       0,       0,       0
total,                                                  6156,    1487,    1487,    1487,     0.7,     0.6,     1.1,     3.4,     6.8,    10.5,    5.0,  0.35611,      0,      0,       0,       0,       0,       0
total,                                                  7969,    1813,    1813,    1813,     0.5,     0.5,     0.7,     1.8,    11.3,    14.7,    6.0,  0.30179,      0,      0,       0,       0,       0,       0
total,                                                  9674,    1705,    1705,    1705,     0.6,     0.5,     0.9,     3.1,    14.5,    14.6,    7.0,  0.26434,      0,      0,       0,       0,       0,       0
total,                                                 10000,    1587,    1587,    1587,     0.6,     0.5,     1.1,     2.7,    12.2,    12.2,    7.2,  0.23596,      0,      0,       0,       0,       0,       0


Results:
Op rate                   :    1,388 op/s  [t1.insert: 1,388 op/s]
Partition rate            :    1,388 pk/s  [t1.insert: 1,388 pk/s]
Row rate                  :    1,388 row/s [t1.insert: 1,388 row/s]
Latency mean              :    0.7 ms [t1.insert: 0.7 ms]
Latency median            :    0.5 ms [t1.insert: 0.5 ms]
Latency 95th percentile   :    0.9 ms [t1.insert: 0.9 ms]
Latency 99th percentile   :    2.9 ms [t1.insert: 2.9 ms]
Latency 99.9th percentile :   11.3 ms [t1.insert: 11.3 ms]
Latency max               :  759.2 ms [t1.insert: 759.2 ms]
Total partitions          :     10,000 [t1.insert: 10,000]
Total errors              :          0 [t1.insert: 0]
Total GC count            : 0
Total GC memory           : 0.000 KiB
Total GC time             :    0.0 seconds
Avg GC time               :    NaN ms
StdDev GC time            :    0.0 ms
Total operation time      : 00:00:07

END
