******************** Stress Settings ********************
Command:
  Type: user
  Count: 100,000
  No Warmup: false
  Consistency Level: LOCAL_ONE
  Target Uncertainty: not applicable
  Command Ratios: {t2.select_entity_by_id=1.0}
  Command Clustering Distribution: clustering=gaussian(1..10)
  Profile File(s): t2_entities.yaml
Rate:
  Auto: false
  Thread Count: 5
  OpsPer Sec: 0
Population:
  Distribution: Gaussian:  min=1,max=100000,mean=50000.500000,stdev=16666.500000
  Order: ARBITRARY
  Wrap: false
Insert:
  Revisits: Uniform:  min=1,max=1000000
  Visits: Fixed:  key=1
  Row Population Ratio: Ratio: divisor=1.000000;delegate=Fixed:  key=1
  Batch Type: not batching
Errors:
  Ignore: false
  Tries: 10
Log:
  No Summary: false
  No Settings: false
  File: entities_100K_1_5_threads.log
  Interval Millis: 1000
  Level: NORMAL
Mode:
  API: JAVA_DRIVER_NATIVE
  Connection Style: CQL_PREPARED
  CQL Version: CQL3
  Protocol Version: V5
  Username: null
  Password: null
  Auth Provide Class: null
  Max Pending Per Connection: 128
  Connections Per Host: 8
  Compression: NONE
Node:
  Nodes: [localhost]
  Is White List: false
  Datacenter: null
Schema:
  Keyspace: null
  Replication Strategy: org.apache.cassandra.locator.SimpleStrategy
  Replication Strategy Options: {replication_factor=1}
  Table Compression: null
  Table Compaction Strategy: null
  Table Compaction Strategy Options: {}
Transport:
  truststore=null; truststore-password=null; keystore=null; keystore-password=null; ssl-protocol=TLS; ssl-alg=null; ssl-ciphers=TLS_RSA_WITH_AES_128_CBC_SHA,TLS_RSA_WITH_AES_256_CBC_SHA; 
Port:
  Native Port: 9042
  JMX Port: 7199
Graph:
  File: entities_100K_threads_5.html
  Revision: 1
  Title: NVO_Cassandra_POC_entities_Table_100K_Records_5_Threads
  Operation: USER
TokenRange:
  Wrap: false
  Split Factor: 1

******************** Profile(s) ********************
  Keyspace Name: tagging
  Keyspace CQL: 
***
CREATE KEYSPACE tagging WITH replication = {'class': 'SimpleStrategy', 'replication_factor': 1};
***

  Table Name: entities
  Table CQL: 
***
CREATE TABLE entities (
  id uuid PRIMARY KEY,
  name text,
  type text,
  metadata text
);
***

  Extra Schema Definitions: null
  Generator Configs:
    metadata: Size: Uniform:  min=10,max=50;
    name: Size: Uniform:  min=5,max=20;Identity: Uniform:  min=1,max=1000;
    id: Size: Gaussian:  min=5,max=10,mean=7.500000,stdev=0.833333;Identity: Uniform:  min=1,max=10000000;
    type: Size: Uniform:  min=5,max=15;Identity: Uniform:  min=1,max=100;
  Query Definitions:
    select_entity_by_id: CQL:SELECT * FROM entities WHERE id = ?;Fields:samerow;
    select_all_entities: CQL:SELECT * FROM entities;Fields:null;
    update_entity_name: CQL:UPDATE entities SET name = ? WHERE id = ?;Fields:samerow;
    delete_entity_by_id: CQL:DELETE FROM entities WHERE id = ?;Fields:samerow;
  Token Range Queries:
  Insert Settings:
    partitions: fixed(1)
    select: fixed(1)/500
    batchtype: UNLOGGED
Generating batches with [1..1] partitions and [0..0] rows (of [1..1] total rows in the partitions)

Sleeping 2s...
Warming up t2.select_entity_by_id with 25000 iterations...
Running [t2.select_entity_by_id] with 5 threads for 100000 iteration
type                                               total ops,    op/s,    pk/s,   row/s,    mean,     med,     .95,     .99,    .999,     max,   time,   stderr, errors,  gc: #,  max ms,  sum ms,  sdv ms,      mb
total,                                                   268,     268,     216,     216,     2.7,     1.9,     6.4,     9.7,    15.8,    15.8,    1.0,  0.00000,      0,      0,       0,       0,       0,       0
total,                                                  2043,    1775,    1352,    1352,     2.8,     1.7,     9.3,    16.3,    25.5,    36.9,    2.0,  0.51590,      0,      0,       0,       0,       0,       0
total,                                                  5108,    3065,    2370,    2370,     1.6,     0.9,     5.3,    10.9,    20.6,    22.3,    3.0,  0.38552,      0,      0,       0,       0,       0,       0
total,                                                  8597,    3489,    2645,    2645,     1.4,     0.9,     3.9,     9.3,    19.0,    20.9,    4.0,  0.28908,      0,      0,       0,       0,       0,       0
total,                                                 12413,    3816,    2879,    2879,     1.3,     0.8,     3.7,     8.6,    17.0,    20.5,    5.0,  0.23220,      0,      0,       0,       0,       0,       0
total,                                                 16375,    3962,    2993,    2993,     1.3,     0.8,     3.4,     8.9,    25.5,    32.5,    6.0,  0.19440,      0,      0,       0,       0,       0,       0
total,                                                 20572,    4197,    3232,    3232,     1.2,     0.8,     3.0,     5.6,    12.8,    18.1,    7.0,  0.16844,      0,      0,       0,       0,       0,       0
total,                                                 25573,    5001,    3800,    3800,     1.0,     0.7,     2.2,     5.3,    13.7,    18.1,    8.0,  0.15453,      0,      0,       0,       0,       0,       0
total,                                                 29804,    4231,    3176,    3176,     1.2,     0.8,     2.8,     8.2,    18.5,    26.2,    9.0,  0.13643,      0,      0,       0,       0,       0,       0
total,                                                 34781,    4977,    3766,    3766,     1.0,     0.7,     2.4,     5.6,    19.4,    26.4,   10.0,  0.12537,      0,      0,       0,       0,       0,       0
total,                                                 40041,    5260,    4005,    4005,     0.9,     0.7,     2.2,     3.8,    10.7,    17.3,   11.0,  0.11674,      0,      0,       0,       0,       0,       0
total,                                                 43544,    3503,    2724,    2724,     1.1,     0.8,     3.0,     6.9,    15.1,    39.1,   12.0,  0.10700,      0,      0,       0,       0,       0,       0
total,                                                 47368,    3824,    2960,    2960,     1.6,     0.7,     2.1,     4.1,   502.8,   504.4,   13.0,  0.11825,      0,      0,       0,       0,       0,       0
total,                                                 52449,    5081,    3880,    3880,     1.0,     0.7,     2.2,     5.6,    11.7,    20.6,   14.0,  0.10934,      0,      0,       0,       0,       0,       0
total,                                                 57978,    5529,    4224,    4224,     0.9,     0.7,     2.0,     4.9,    12.9,    22.1,   15.0,  0.10232,      0,      0,       0,       0,       0,       0
total,                                                 62678,    4700,    3618,    3618,     1.1,     0.8,     2.5,     5.1,    11.7,    18.8,   16.0,  0.09546,      0,      0,       0,       0,       0,       0
total,                                                 66312,    3634,    2802,    2802,     1.4,     0.9,     3.7,     8.7,    17.9,    21.2,   17.0,  0.09073,      0,      0,       0,       0,       0,       0
total,                                                 70272,    3960,    2988,    2988,     1.3,     0.8,     3.0,    11.6,    20.7,    21.4,   18.0,  0.08599,      0,      0,       0,       0,       0,       0
total,                                                 73761,    3489,    2643,    2643,     1.4,     0.9,     3.6,    11.0,    26.1,    29.7,   19.0,  0.08249,      0,      0,       0,       0,       0,       0
total,                                                 77822,    4061,    3082,    3082,     1.2,     0.8,     3.2,     9.2,    17.5,    18.6,   20.0,  0.07843,      0,      0,       0,       0,       0,       0
total,                                                 81894,    4072,    3104,    3104,     1.2,     0.8,     2.7,     8.8,    21.5,    25.5,   21.0,  0.07470,      0,      0,       0,       0,       0,       0
total,                                                 86545,    4651,    3509,    3509,     1.1,     0.7,     2.6,     7.7,    14.3,    28.8,   22.0,  0.07112,      0,      0,       0,       0,       0,       0
total,                                                 91939,    5394,    4178,    4178,     0.9,     0.7,     2.0,     3.9,    10.6,    16.7,   23.0,  0.06845,      0,      0,       0,       0,       0,       0
total,                                                 96881,    4942,    3740,    3740,     1.0,     0.7,     2.4,     5.1,    10.2,    14.0,   24.0,  0.06550,      0,      0,       0,       0,       0,       0
total,                                                100000,    5192,    3968,    3968,     1.0,     0.7,     2.0,     6.0,    13.9,    22.0,   24.6,  0.06304,      0,      0,       0,       0,       0,       0


Results:
Op rate                   :    4,065 op/s  [t2.select_entity_by_id: 4,065 op/s]
Partition rate            :    3,100 pk/s  [t2.select_entity_by_id: 3,100 pk/s]
Row rate                  :    3,100 row/s [t2.select_entity_by_id: 3,100 row/s]
Latency mean              :    1.2 ms [t2.select_entity_by_id: 1.2 ms]
Latency median            :    0.8 ms [t2.select_entity_by_id: 0.8 ms]
Latency 95th percentile   :    2.9 ms [t2.select_entity_by_id: 2.9 ms]
Latency 99th percentile   :    7.7 ms [t2.select_entity_by_id: 7.7 ms]
Latency 99.9th percentile :   18.5 ms [t2.select_entity_by_id: 18.5 ms]
Latency max               :  504.4 ms [t2.select_entity_by_id: 504.4 ms]
Total partitions          :     76,270 [t2.select_entity_by_id: 76,270]
Total errors              :          0 [t2.select_entity_by_id: 0]
Total GC count            : 0
Total GC memory           : 0.000 KiB
Total GC time             :    0.0 seconds
Avg GC time               :    NaN ms
StdDev GC time            :    0.0 ms
Total operation time      : 00:00:24

END
