******************** Stress Settings ********************
Command:
  Type: user
  Count: 10,000
  No Warmup: false
  Consistency Level: LOCAL_ONE
  Target Uncertainty: not applicable
  Command Ratios: {t2.update_entity_name=1.0}
  Command Clustering Distribution: clustering=gaussian(1..10)
  Profile File(s): t2_entities.yaml
Rate:
  Auto: false
  Thread Count: 5
  OpsPer Sec: 0
Population:
  Distribution: Gaussian:  min=1,max=10000,mean=5000.500000,stdev=1666.500000
  Order: ARBITRARY
  Wrap: false
Insert:
  Revisits: Uniform:  min=1,max=1000000
  Visits: Fixed:  key=1
  Row Population Ratio: Ratio: divisor=1.000000;delegate=Fixed:  key=1
  Batch Type: not batching
Errors:
  Ignore: false
  Tries: 10
Log:
  No Summary: false
  No Settings: false
  File: entities_10K_2_5_threads.log
  Interval Millis: 1000
  Level: NORMAL
Mode:
  API: JAVA_DRIVER_NATIVE
  Connection Style: CQL_PREPARED
  CQL Version: CQL3
  Protocol Version: V5
  Username: null
  Password: null
  Auth Provide Class: null
  Max Pending Per Connection: 128
  Connections Per Host: 8
  Compression: NONE
Node:
  Nodes: [localhost]
  Is White List: false
  Datacenter: null
Schema:
  Keyspace: null
  Replication Strategy: org.apache.cassandra.locator.SimpleStrategy
  Replication Strategy Options: {replication_factor=1}
  Table Compression: null
  Table Compaction Strategy: null
  Table Compaction Strategy Options: {}
Transport:
  truststore=null; truststore-password=null; keystore=null; keystore-password=null; ssl-protocol=TLS; ssl-alg=null; ssl-ciphers=TLS_RSA_WITH_AES_128_CBC_SHA,TLS_RSA_WITH_AES_256_CBC_SHA; 
Port:
  Native Port: 9042
  JMX Port: 7199
Graph:
  File: entities_10K_threads_5.html
  Revision: 2
  Title: NVO_Cassandra_POC_entities_Table_10K_Records_5_Threads
  Operation: USER
TokenRange:
  Wrap: false
  Split Factor: 1

******************** Profile(s) ********************
  Keyspace Name: tagging
  Keyspace CQL: 
***
CREATE KEYSPACE tagging WITH replication = {'class': 'SimpleStrategy', 'replication_factor': 1};
***

  Table Name: entities
  Table CQL: 
***
CREATE TABLE entities (
  id uuid PRIMARY KEY,
  name text,
  type text,
  metadata text
);
***

  Extra Schema Definitions: null
  Generator Configs:
    metadata: Size: Uniform:  min=10,max=50;
    name: Size: Uniform:  min=5,max=20;Identity: Uniform:  min=1,max=1000;
    id: Size: Gaussian:  min=5,max=10,mean=7.500000,stdev=0.833333;Identity: Uniform:  min=1,max=10000000;
    type: Size: Uniform:  min=5,max=15;Identity: Uniform:  min=1,max=100;
  Query Definitions:
    select_entity_by_id: CQL:SELECT * FROM entities WHERE id = ?;Fields:samerow;
    select_all_entities: CQL:SELECT * FROM entities;Fields:null;
    update_entity_name: CQL:UPDATE entities SET name = ? WHERE id = ?;Fields:samerow;
    delete_entity_by_id: CQL:DELETE FROM entities WHERE id = ?;Fields:samerow;
  Token Range Queries:
  Insert Settings:
    partitions: fixed(1)
    select: fixed(1)/500
    batchtype: UNLOGGED
Generating batches with [1..1] partitions and [0..0] rows (of [1..1] total rows in the partitions)

Sleeping 2s...
Warming up t2.update_entity_name with 2500 iterations...
Running [t2.update_entity_name] with 5 threads for 10000 iteration
type                                               total ops,    op/s,    pk/s,   row/s,    mean,     med,     .95,     .99,    .999,     max,   time,   stderr, errors,  gc: #,  max ms,  sum ms,  sdv ms,      mb
total,                                                   457,     457,       0,       0,     2.5,     1.3,     6.9,    28.8,    34.8,    34.8,    1.0,      NaN,      0,      0,       0,       0,       0,       0
total,                                                  2453,    1996,       0,       0,     2.4,     1.3,     7.1,    29.6,    37.4,    42.4,    2.0,      NaN,      0,      0,       0,       0,       0,       0
total,                                                  4680,    2227,       0,       0,     2.2,     1.2,     7.5,    20.3,    47.3,    51.4,    3.0,      NaN,      0,      0,       0,       0,       0,       0
total,                                                  7451,    2771,       0,       0,     1.8,     1.1,     4.0,    20.1,    27.6,    29.9,    4.0,      NaN,      0,      0,       0,       0,       0,       0
total,                                                 10000,    2681,       0,       0,     1.8,     1.1,     4.3,    21.8,    29.9,    31.1,    4.9,      NaN,      0,      0,       0,       0,       0,       0


Results:
Op rate                   :    2,020 op/s  [t2.update_entity_name: 2,020 op/s]
Partition rate            :        0 pk/s  [t2.update_entity_name: 0 pk/s]
Row rate                  :        0 row/s [t2.update_entity_name: 0 row/s]
Latency mean              :    2.1 ms [t2.update_entity_name: 2.1 ms]
Latency median            :    1.2 ms [t2.update_entity_name: 1.2 ms]
Latency 95th percentile   :    5.6 ms [t2.update_entity_name: 5.6 ms]
Latency 99th percentile   :   22.3 ms [t2.update_entity_name: 22.3 ms]
Latency 99.9th percentile :   34.8 ms [t2.update_entity_name: 34.8 ms]
Latency max               :   51.4 ms [t2.update_entity_name: 51.4 ms]
Total partitions          :          0 [t2.update_entity_name: 0]
Total errors              :          0 [t2.update_entity_name: 0]
Total GC count            : 0
Total GC memory           : 0.000 KiB
Total GC time             :    0.0 seconds
Avg GC time               :    NaN ms
StdDev GC time            :    0.0 ms
Total operation time      : 00:00:04

END
