******************** Stress Settings ********************
Command:
  Type: user
  Count: 1,000,000
  No Warmup: false
  Consistency Level: LOCAL_ONE
  Target Uncertainty: not applicable
  Command Ratios: {t2.delete_entity_by_id=1.0}
  Command Clustering Distribution: clustering=gaussian(1..10)
  Profile File(s): t2_entities.yaml
Rate:
  Auto: false
  Thread Count: 5
  OpsPer Sec: 0
Population:
  Distribution: Gaussian:  min=1,max=1000000,mean=500000.500000,stdev=166666.500000
  Order: ARBITRARY
  Wrap: false
Insert:
  Revisits: Uniform:  min=1,max=1000000
  Visits: Fixed:  key=1
  Row Population Ratio: Ratio: divisor=1.000000;delegate=Fixed:  key=1
  Batch Type: not batching
Errors:
  Ignore: false
  Tries: 10
Log:
  No Summary: false
  No Settings: false
  File: entities_1M_3_5_threads.log
  Interval Millis: 1000
  Level: NORMAL
Mode:
  API: JAVA_DRIVER_NATIVE
  Connection Style: CQL_PREPARED
  CQL Version: CQL3
  Protocol Version: V5
  Username: null
  Password: null
  Auth Provide Class: null
  Max Pending Per Connection: 128
  Connections Per Host: 8
  Compression: NONE
Node:
  Nodes: [localhost]
  Is White List: false
  Datacenter: null
Schema:
  Keyspace: null
  Replication Strategy: org.apache.cassandra.locator.SimpleStrategy
  Replication Strategy Options: {replication_factor=1}
  Table Compression: null
  Table Compaction Strategy: null
  Table Compaction Strategy Options: {}
Transport:
  truststore=null; truststore-password=null; keystore=null; keystore-password=null; ssl-protocol=TLS; ssl-alg=null; ssl-ciphers=TLS_RSA_WITH_AES_128_CBC_SHA,TLS_RSA_WITH_AES_256_CBC_SHA; 
Port:
  Native Port: 9042
  JMX Port: 7199
Graph:
  File: entities_1M_threads_5.html
  Revision: 3
  Title: NVO_Cassandra_POC_entities_Table_1M_Records_5_Threads
  Operation: USER
TokenRange:
  Wrap: false
  Split Factor: 1

******************** Profile(s) ********************
  Keyspace Name: tagging
  Keyspace CQL: 
***
CREATE KEYSPACE tagging WITH replication = {'class': 'SimpleStrategy', 'replication_factor': 1};
***

  Table Name: entities
  Table CQL: 
***
CREATE TABLE entities (
  id uuid PRIMARY KEY,
  name text,
  type text,
  metadata text
);
***

  Extra Schema Definitions: null
  Generator Configs:
    metadata: Size: Uniform:  min=10,max=50;
    name: Size: Uniform:  min=5,max=20;Identity: Uniform:  min=1,max=1000;
    id: Size: Gaussian:  min=5,max=10,mean=7.500000,stdev=0.833333;Identity: Uniform:  min=1,max=10000000;
    type: Size: Uniform:  min=5,max=15;Identity: Uniform:  min=1,max=100;
  Query Definitions:
    select_entity_by_id: CQL:SELECT * FROM entities WHERE id = ?;Fields:samerow;
    select_all_entities: CQL:SELECT * FROM entities;Fields:null;
    update_entity_name: CQL:UPDATE entities SET name = ? WHERE id = ?;Fields:samerow;
    delete_entity_by_id: CQL:DELETE FROM entities WHERE id = ?;Fields:samerow;
  Token Range Queries:
  Insert Settings:
    partitions: fixed(1)
    select: fixed(1)/500
    batchtype: UNLOGGED
Generating batches with [1..1] partitions and [0..0] rows (of [1..1] total rows in the partitions)

Sleeping 2s...
Warming up t2.delete_entity_by_id with 50000 iterations...
Running [t2.delete_entity_by_id] with 5 threads for 1000000 iteration
type                                               total ops,    op/s,    pk/s,   row/s,    mean,     med,     .95,     .99,    .999,     max,   time,   stderr, errors,  gc: #,  max ms,  sum ms,  sdv ms,      mb
total,                                                  1475,    1475,       0,       0,     1.4,     0.7,     5.3,    11.4,    19.1,    25.3,    1.0,      NaN,      0,      0,       0,       0,       0,       0
total,                                                  6694,    5219,       0,       0,     0.9,     0.7,     1.9,     8.2,    21.5,    25.4,    2.0,      NaN,      0,      0,       0,       0,       0,       0
total,                                                 12338,    5644,       0,       0,     0.9,     0.6,     1.9,     4.7,    16.2,    27.4,    3.0,      NaN,      0,      0,       0,       0,       0,       0
total,                                                 17274,    4936,       0,       0,     1.0,     0.7,     2.4,     5.7,    15.4,    25.0,    4.0,      NaN,      0,      0,       0,       0,       0,       0
total,                                                 22815,    5541,       0,       0,     0.9,     0.7,     1.9,     4.3,    17.6,    20.2,    5.0,      NaN,      0,      0,       0,       0,       0,       0
total,                                                 28018,    5203,       0,       0,     1.0,     0.7,     2.0,     4.6,    16.9,    48.1,    6.0,      NaN,      0,      0,       0,       0,       0,       0
total,                                                 33897,    5879,       0,       0,     0.8,     0.6,     1.6,     3.9,    13.8,    25.5,    7.0,      NaN,      0,      0,       0,       0,       0,       0
total,                                                 39746,    5849,       0,       0,     0.8,     0.7,     1.7,     3.7,    13.5,    27.3,    8.0,      NaN,      0,      0,       0,       0,       0,       0
total,                                                 44742,    4996,       0,       0,     1.0,     0.7,     2.3,     4.7,    11.6,    25.0,    9.0,      NaN,      0,      0,       0,       0,       0,       0
total,                                                 50394,    5652,       0,       0,     0.9,     0.7,     1.9,     3.4,    10.7,    25.3,   10.0,      NaN,      0,      0,       0,       0,       0,       0
total,                                                 55670,    5276,       0,       0,     0.9,     0.7,     2.2,     4.9,    11.3,    18.1,   11.0,      NaN,      0,      0,       0,       0,       0,       0
total,                                                 60214,    4544,       0,       0,     1.1,     0.7,     2.4,     9.7,    19.7,    22.2,   12.0,      NaN,      0,      0,       0,       0,       0,       0
total,                                                 65116,    4902,       0,       0,     1.0,     0.7,     2.4,     7.0,    17.9,    20.2,   13.0,      NaN,      0,      0,       0,       0,       0,       0
total,                                                 70639,    5523,       0,       0,     0.9,     0.7,     2.1,     4.7,    10.2,    21.8,   14.0,      NaN,      0,      0,       0,       0,       0,       0
total,                                                 75613,    4974,       0,       0,     1.0,     0.7,     2.2,     5.4,    70.3,    73.3,   15.0,      NaN,      0,      0,       0,       0,       0,       0
total,                                                 80763,    5150,       0,       0,     1.0,     0.7,     2.3,     5.5,    15.3,    27.9,   16.0,      NaN,      0,      0,       0,       0,       0,       0
total,                                                 86662,    5899,       0,       0,     0.8,     0.7,     1.8,     3.0,     8.8,    21.7,   17.0,      NaN,      0,      0,       0,       0,       0,       0
total,                                                 91624,    4962,       0,       0,     1.0,     0.7,     2.5,     5.7,    14.1,    24.4,   18.0,      NaN,      0,      0,       0,       0,       0,       0
total,                                                 96486,    4862,       0,       0,     1.0,     0.7,     2.2,     9.7,    19.0,    21.8,   19.0,      NaN,      0,      0,       0,       0,       0,       0
total,                                                101708,    5222,       0,       0,     1.0,     0.7,     1.9,     8.0,    18.2,    21.3,   20.0,      NaN,      0,      0,       0,       0,       0,       0
total,                                                106267,    4559,       0,       0,     1.1,     0.7,     2.9,     6.4,    17.2,    23.2,   21.0,      NaN,      0,      0,       0,       0,       0,       0
total,                                                110670,    4403,       0,       0,     1.1,     0.7,     2.2,    12.2,    39.0,    60.0,   22.0,      NaN,      0,      0,       0,       0,       0,       0
total,                                                115687,    5017,       0,       0,     1.0,     0.7,     2.2,     6.5,    21.5,    24.1,   23.0,      NaN,      0,      0,       0,       0,       0,       0
total,                                                121191,    5504,       0,       0,     0.9,     0.7,     2.0,     4.4,    11.0,    26.1,   24.0,      NaN,      0,      0,       0,       0,       0,       0
total,                                                127117,    5926,       0,       0,     0.8,     0.7,     1.8,     3.4,    10.5,    17.0,   25.0,      NaN,      0,      0,       0,       0,       0,       0
total,                                                132196,    5079,       0,       0,     1.0,     0.7,     2.3,     5.3,    12.3,    16.7,   26.0,      NaN,      0,      0,       0,       0,       0,       0
total,                                                138328,    6132,       0,       0,     0.8,     0.6,     1.7,     3.2,     8.9,    17.0,   27.0,      NaN,      0,      0,       0,       0,       0,       0
total,                                                143411,    5083,       0,       0,     1.0,     0.6,     2.6,     7.7,    15.4,    20.7,   28.0,      NaN,      0,      0,       0,       0,       0,       0
total,                                                149838,    6427,       0,       0,     0.8,     0.6,     1.7,     3.0,    10.2,    15.2,   29.0,      NaN,      0,      0,       0,       0,       0,       0
total,                                                156295,    6457,       0,       0,     0.8,     0.6,     1.6,     3.1,     8.0,    21.7,   30.0,      NaN,      0,      0,       0,       0,       0,       0
total,                                                161398,    5103,       0,       0,     1.0,     0.7,     2.3,     5.0,    11.3,    16.2,   31.0,      NaN,      0,      0,       0,       0,       0,       0
total,                                                167504,    6106,       0,       0,     0.8,     0.7,     1.6,     2.8,     7.9,    14.0,   32.0,      NaN,      0,      0,       0,       0,       0,       0
total,                                                172586,    5082,       0,       0,     1.0,     0.7,     2.4,     6.3,    15.1,    20.4,   33.0,      NaN,      0,      0,       0,       0,       0,       0
total,                                                178848,    6262,       0,       0,     0.8,     0.6,     1.7,     3.2,     7.1,    19.4,   34.0,      NaN,      0,      0,       0,       0,       0,       0
total,                                                182904,    4056,       0,       0,     1.2,     0.7,     2.0,     3.8,   255.5,   256.5,   35.0,      NaN,      0,      0,       0,       0,       0,       0
total,                                                188157,    5253,       0,       0,     0.9,     0.7,     2.2,     5.5,    15.8,    21.1,   36.0,      NaN,      0,      0,       0,       0,       0,       0
total,                                                193721,    5564,       0,       0,     0.9,     0.7,     1.9,     4.0,    16.5,    38.4,   37.0,      NaN,      0,      0,       0,       0,       0,       0
total,                                                198746,    5025,       0,       0,     1.0,     0.7,     2.3,     5.6,    14.4,    21.5,   38.0,      NaN,      0,      0,       0,       0,       0,       0
total,                                                204746,    6000,       0,       0,     0.8,     0.6,     1.8,     3.1,     9.0,    20.9,   39.0,      NaN,      0,      0,       0,       0,       0,       0
total,                                                210290,    5544,       0,       0,     0.9,     0.7,     2.0,     4.1,     8.7,    15.0,   40.0,      NaN,      0,      0,       0,       0,       0,       0
total,                                                215829,    5539,       0,       0,     0.9,     0.7,     2.0,     3.9,    14.4,    16.7,   41.0,      NaN,      0,      0,       0,       0,       0,       0
total,                                                221745,    5916,       0,       0,     0.8,     0.7,     1.8,     3.4,    12.7,    17.2,   42.0,      NaN,      0,      0,       0,       0,       0,       0
total,                                                226614,    4869,       0,       0,     1.0,     0.7,     2.3,     4.9,    13.5,    16.3,   43.0,      NaN,      0,      0,       0,       0,       0,       0
total,                                                232785,    6171,       0,       0,     0.8,     0.6,     1.7,     2.8,     7.7,    22.4,   44.0,      NaN,      0,      0,       0,       0,       0,       0
total,                                                238336,    5551,       0,       0,     0.9,     0.6,     2.1,     4.9,    12.8,    16.8,   45.0,      NaN,      0,      0,       0,       0,       0,       0
total,                                                244293,    5957,       0,       0,     0.8,     0.6,     1.8,     3.5,    11.6,    18.1,   46.0,      NaN,      0,      0,       0,       0,       0,       0
total,                                                250131,    5838,       0,       0,     0.8,     0.7,     1.7,     3.8,    16.0,    29.7,   47.0,      NaN,      0,      0,       0,       0,       0,       0
total,                                                255082,    4951,       0,       0,     1.0,     0.7,     2.6,     7.0,    13.7,    16.4,   48.0,      NaN,      0,      0,       0,       0,       0,       0
total,                                                261094,    6012,       0,       0,     0.8,     0.6,     1.7,     3.0,    17.3,    58.8,   49.0,      NaN,      0,      0,       0,       0,       0,       0
total,                                                266350,    5256,       0,       0,     0.9,     0.7,     2.2,     5.8,    12.9,    18.4,   50.0,      NaN,      0,      0,       0,       0,       0,       0
total,                                                272086,    5736,       0,       0,     0.9,     0.7,     1.9,     3.7,     9.9,    14.2,   51.0,      NaN,      0,      0,       0,       0,       0,       0
total,                                                278038,    5952,       0,       0,     0.8,     0.7,     1.6,     2.8,    16.6,    31.2,   52.0,      NaN,      0,      0,       0,       0,       0,       0
total,                                                283188,    5150,       0,       0,     1.0,     0.7,     2.3,     5.7,    13.3,    18.8,   53.0,      NaN,      0,      0,       0,       0,       0,       0
total,                                                289224,    6036,       0,       0,     0.8,     0.7,     1.7,     3.3,    13.6,    18.3,   54.0,      NaN,      0,      0,       0,       0,       0,       0
total,                                                294200,    4976,       0,       0,     1.0,     0.7,     2.2,     5.6,    13.0,    20.9,   55.0,      NaN,      0,      0,       0,       0,       0,       0
total,                                                299996,    5796,       0,       0,     0.9,     0.7,     1.8,     4.1,    11.4,    13.0,   56.0,      NaN,      0,      0,       0,       0,       0,       0
total,                                                305981,    5985,       0,       0,     0.8,     0.7,     1.7,     3.2,    11.3,    19.5,   57.0,      NaN,      0,      0,       0,       0,       0,       0
total,                                                310865,    4884,       0,       0,     1.0,     0.7,     2.5,     6.1,    13.1,    20.4,   58.0,      NaN,      0,      0,       0,       0,       0,       0
total,                                                316868,    6003,       0,       0,     0.8,     0.7,     1.7,     3.3,     8.3,    21.2,   59.0,      NaN,      0,      0,       0,       0,       0,       0
total,                                                322171,    5303,       0,       0,     0.9,     0.7,     2.1,     4.7,    12.6,    19.8,   60.0,      NaN,      0,      0,       0,       0,       0,       0
total,                                                328160,    5989,       0,       0,     0.8,     0.7,     1.8,     3.4,     8.0,    10.5,   61.0,      NaN,      0,      0,       0,       0,       0,       0
total,                                                332486,    4326,       0,       0,     0.9,     0.7,     1.9,     3.5,    11.4,    19.6,   62.0,      NaN,      0,      0,       0,       0,       0,       0
total,                                                337415,    4929,       0,       0,     1.2,     0.7,     2.2,     5.3,   308.3,   312.0,   63.0,      NaN,      0,      0,       0,       0,       0,       0
total,                                                343351,    5936,       0,       0,     0.8,     0.7,     1.7,     3.0,    15.7,    29.0,   64.0,      NaN,      0,      0,       0,       0,       0,       0
total,                                                348720,    5369,       0,       0,     0.9,     0.7,     2.1,     4.9,    11.1,    15.4,   65.0,      NaN,      0,      0,       0,       0,       0,       0
total,                                                354630,    5910,       0,       0,     0.8,     0.6,     1.8,     3.9,    12.6,    20.0,   66.0,      NaN,      0,      0,       0,       0,       0,       0
total,                                                360147,    5517,       0,       0,     0.9,     0.7,     1.9,     4.0,    17.3,    32.8,   67.0,      NaN,      0,      0,       0,       0,       0,       0
total,                                                365417,    5270,       0,       0,     0.9,     0.7,     2.1,     4.2,    14.2,    18.6,   68.0,      NaN,      0,      0,       0,       0,       0,       0
total,                                                371478,    6061,       0,       0,     0.8,     0.7,     1.6,     3.0,    12.3,    16.8,   69.0,      NaN,      0,      0,       0,       0,       0,       0
total,                                                376871,    5393,       0,       0,     0.9,     0.7,     2.2,     4.4,    10.7,    20.2,   70.0,      NaN,      0,      0,       0,       0,       0,       0
total,                                                382864,    5993,       0,       0,     0.8,     0.6,     1.8,     3.2,    14.6,    20.5,   71.0,      NaN,      0,      0,       0,       0,       0,       0
total,                                                387896,    5032,       0,       0,     1.0,     0.7,     2.2,     5.7,    14.5,    20.9,   72.0,      NaN,      0,      0,       0,       0,       0,       0
total,                                                392788,    4892,       0,       0,     1.0,     0.7,     2.3,     5.5,    27.8,    80.9,   73.0,      NaN,      0,      0,       0,       0,       0,       0
total,                                                398710,    5922,       0,       0,     0.8,     0.7,     1.8,     3.0,    11.3,    15.9,   74.0,      NaN,      0,      0,       0,       0,       0,       0
total,                                                404015,    5305,       0,       0,     0.9,     0.7,     2.3,     4.9,    13.0,    18.2,   75.0,      NaN,      0,      0,       0,       0,       0,       0
total,                                                408984,    4969,       0,       0,     0.9,     0.6,     2.1,     5.0,    11.2,    15.9,   76.0,      NaN,      0,      0,       0,       0,       0,       0
total,                                                413900,    4916,       0,       0,     1.1,     0.7,     2.1,     5.5,   188.6,   191.5,   77.0,      NaN,      0,      0,       0,       0,       0,       0
total,                                                419621,    5721,       0,       0,     0.9,     0.7,     2.0,     4.1,    10.3,    15.1,   78.0,      NaN,      0,      0,       0,       0,       0,       0
total,                                                425286,    5665,       0,       0,     0.9,     0.7,     1.9,     3.9,    11.7,    18.4,   79.0,      NaN,      0,      0,       0,       0,       0,       0
total,                                                430801,    5515,       0,       0,     0.9,     0.6,     2.0,     5.3,    13.0,    20.1,   80.0,      NaN,      0,      0,       0,       0,       0,       0
total,                                                437104,    6303,       0,       0,     0.8,     0.6,     1.7,     3.7,     8.7,    16.8,   81.0,      NaN,      0,      0,       0,       0,       0,       0
total,                                                441943,    4839,       0,       0,     1.0,     0.7,     2.5,     6.6,    34.6,    48.5,   82.0,      NaN,      0,      0,       0,       0,       0,       0
total,                                                448029,    6086,       0,       0,     0.8,     0.7,     1.7,     3.2,     8.5,    21.3,   83.0,      NaN,      0,      0,       0,       0,       0,       0
total,                                                454296,    6267,       0,       0,     0.8,     0.6,     1.7,     3.1,     9.2,    20.6,   84.0,      NaN,      0,      0,       0,       0,       0,       0
total,                                                459905,    5609,       0,       0,     0.9,     0.7,     2.0,     3.8,    10.3,    13.2,   85.0,      NaN,      0,      0,       0,       0,       0,       0
total,                                                465583,    5678,       0,       0,     0.9,     0.7,     1.9,     3.8,    11.3,    17.3,   86.0,      NaN,      0,      0,       0,       0,       0,       0
total,                                                470404,    4821,       0,       0,     1.0,     0.7,     2.6,     6.8,    13.3,    19.6,   87.0,      NaN,      0,      0,       0,       0,       0,       0
total,                                                476254,    5850,       0,       0,     0.8,     0.7,     1.9,     3.9,    10.2,    18.1,   88.0,      NaN,      0,      0,       0,       0,       0,       0
total,                                                481737,    5483,       0,       0,     0.9,     0.7,     2.0,     4.1,     9.8,    16.3,   89.0,      NaN,      0,      0,       0,       0,       0,       0
total,                                                486606,    4869,       0,       0,     1.0,     0.7,     2.1,     5.0,   102.2,   103.9,   90.0,      NaN,      0,      0,       0,       0,       0,       0
total,                                                492497,    5891,       0,       0,     0.8,     0.7,     1.7,     3.1,     7.7,    17.1,   91.0,      NaN,      0,      0,       0,       0,       0,       0
total,                                                497534,    5037,       0,       0,     1.0,     0.7,     2.2,     5.1,    14.5,    20.6,   92.0,      NaN,      0,      0,       0,       0,       0,       0
total,                                                503431,    5897,       0,       0,     0.8,     0.7,     1.9,     3.5,     9.9,    13.9,   93.0,      NaN,      0,      0,       0,       0,       0,       0
total,                                                508903,    5472,       0,       0,     0.9,     0.7,     2.0,     4.7,    10.9,    18.3,   94.0,      NaN,      0,      0,       0,       0,       0,       0
total,                                                514500,    5597,       0,       0,     0.9,     0.7,     1.9,     4.3,    11.3,    18.6,   95.0,      NaN,      0,      0,       0,       0,       0,       0
total,                                                520227,    5727,       0,       0,     0.9,     0.7,     1.9,     3.9,    12.4,    17.8,   96.0,      NaN,      0,      0,       0,       0,       0,       0
total,                                                525265,    5038,       0,       0,     1.0,     0.7,     2.2,     5.2,    29.6,    52.2,   97.0,      NaN,      0,      0,       0,       0,       0,       0
total,                                                531170,    5905,       0,       0,     0.8,     0.6,     1.9,     3.9,    10.0,    13.6,   98.0,      NaN,      0,      0,       0,       0,       0,       0
total,                                                536981,    5811,       0,       0,     0.9,     0.6,     1.9,     4.7,    12.2,    21.8,   99.0,      NaN,      0,      0,       0,       0,       0,       0
total,                                                542775,    5794,       0,       0,     0.9,     0.7,     1.9,     3.5,    11.4,    17.3,  100.0,      NaN,      0,      0,       0,       0,       0,       0
total,                                                548723,    5948,       0,       0,     0.8,     0.6,     1.8,     3.7,    11.3,    15.4,  101.0,      NaN,      0,      0,       0,       0,       0,       0
total,                                                554101,    5378,       0,       0,     0.9,     0.6,     2.1,     5.9,    12.9,    43.5,  102.0,      NaN,      0,      0,       0,       0,       0,       0
total,                                                560198,    6097,       0,       0,     0.8,     0.6,     1.7,     4.3,    10.0,    17.1,  103.0,      NaN,      0,      0,       0,       0,       0,       0
total,                                                563562,    3364,       0,       0,     1.5,     0.7,     2.5,     6.0,   338.4,   340.0,  104.0,      NaN,      0,      0,       0,       0,       0,       0
total,                                                569874,    6312,       0,       0,     0.8,     0.6,     1.7,     3.5,    13.2,    16.3,  105.0,      NaN,      0,      0,       0,       0,       0,       0
total,                                                575923,    6049,       0,       0,     0.8,     0.6,     1.7,     4.2,    11.5,    20.7,  106.0,      NaN,      0,      0,       0,       0,       0,       0
total,                                                581080,    5157,       0,       0,     1.0,     0.7,     2.2,     4.3,    16.5,    20.7,  107.0,      NaN,      0,      0,       0,       0,       0,       0
total,                                                587316,    6236,       0,       0,     0.8,     0.6,     1.7,     4.0,    10.3,    14.3,  108.0,      NaN,      0,      0,       0,       0,       0,       0
total,                                                592847,    5531,       0,       0,     0.9,     0.7,     2.1,     4.4,     9.3,    19.2,  109.0,      NaN,      0,      0,       0,       0,       0,       0
total,                                                598971,    6124,       0,       0,     0.8,     0.6,     1.7,     3.3,    10.3,    13.5,  110.0,      NaN,      0,      0,       0,       0,       0,       0
total,                                                604933,    5962,       0,       0,     0.8,     0.7,     1.7,     3.4,    12.4,    14.0,  111.0,      NaN,      0,      0,       0,       0,       0,       0
total,                                                610009,    5076,       0,       0,     1.0,     0.7,     2.0,     4.5,    12.4,    51.3,  112.0,      NaN,      0,      0,       0,       0,       0,       0
total,                                                615956,    5947,       0,       0,     0.8,     0.7,     1.8,     3.1,     8.6,    10.8,  113.0,      NaN,      0,      0,       0,       0,       0,       0
total,                                                621145,    5189,       0,       0,     1.0,     0.7,     2.2,     4.9,    10.0,    12.6,  114.0,      NaN,      0,      0,       0,       0,       0,       0
total,                                                627203,    6058,       0,       0,     0.8,     0.7,     1.7,     3.1,     7.6,    12.4,  115.0,      NaN,      0,      0,       0,       0,       0,       0
total,                                                632847,    5644,       0,       0,     0.9,     0.7,     2.0,     3.6,     9.5,    12.8,  116.0,      NaN,      0,      0,       0,       0,       0,       0
total,                                                638431,    5584,       0,       0,     0.8,     0.6,     1.8,     4.5,    12.7,    19.5,  117.0,      NaN,      0,      0,       0,       0,       0,       0
total,                                                642852,    4421,       0,       0,     1.2,     0.7,     1.9,     3.9,   284.2,   285.2,  118.0,      NaN,      0,      0,       0,       0,       0,       0
total,                                                648339,    5487,       0,       0,     0.9,     0.7,     2.1,     4.8,    12.1,    21.3,  119.0,      NaN,      0,      0,       0,       0,       0,       0
total,                                                654534,    6195,       0,       0,     0.8,     0.6,     1.6,     2.8,    10.4,    15.4,  120.0,      NaN,      0,      0,       0,       0,       0,       0
total,                                                660144,    5610,       0,       0,     0.9,     0.7,     1.9,     3.8,    15.2,    27.3,  121.0,      NaN,      0,      0,       0,       0,       0,       0
total,                                                665833,    5689,       0,       0,     0.9,     0.7,     2.0,     3.2,    10.3,    16.8,  122.0,      NaN,      0,      0,       0,       0,       0,       0
total,                                                671472,    5639,       0,       0,     0.9,     0.7,     1.8,     3.7,    13.0,    24.6,  123.0,      NaN,      0,      0,       0,       0,       0,       0
total,                                                676655,    5183,       0,       0,     1.0,     0.7,     2.3,     5.0,    13.4,    19.8,  124.0,      NaN,      0,      0,       0,       0,       0,       0
total,                                                682715,    6060,       0,       0,     0.8,     0.6,     1.8,     3.1,     9.8,    18.9,  125.0,      NaN,      0,      0,       0,       0,       0,       0
total,                                                687876,    5161,       0,       0,     1.0,     0.7,     2.3,     4.4,    11.7,    15.6,  126.0,      NaN,      0,      0,       0,       0,       0,       0
total,                                                693951,    6075,       0,       0,     0.8,     0.6,     1.6,     3.2,    12.6,    36.6,  127.0,      NaN,      0,      0,       0,       0,       0,       0
total,                                                699488,    5537,       0,       0,     0.9,     0.7,     1.9,     4.1,    13.1,    14.1,  128.0,      NaN,      0,      0,       0,       0,       0,       0
total,                                                704672,    5184,       0,       0,     1.0,     0.7,     2.3,     6.1,    12.4,    16.2,  129.0,      NaN,      0,      0,       0,       0,       0,       0
total,                                                710690,    6018,       0,       0,     0.8,     0.7,     1.7,     3.0,     9.3,    24.2,  130.0,      NaN,      0,      0,       0,       0,       0,       0
total,                                                715456,    4766,       0,       0,     0.9,     0.7,     2.1,     4.7,    14.8,    20.0,  131.0,      NaN,      0,      0,       0,       0,       0,       0
total,                                                720496,    5040,       0,       0,     1.1,     0.7,     1.9,     3.5,     8.6,   252.8,  132.0,      NaN,      0,      0,       0,       0,       0,       0
total,                                                726115,    5619,       0,       0,     0.9,     0.7,     1.9,     5.1,    12.1,    13.9,  133.0,      NaN,      0,      0,       0,       0,       0,       0
total,                                                731696,    5581,       0,       0,     0.9,     0.7,     1.9,     4.1,    13.0,    19.0,  134.0,      NaN,      0,      0,       0,       0,       0,       0
total,                                                737848,    6152,       0,       0,     0.8,     0.7,     1.6,     2.9,     6.7,    19.5,  135.0,      NaN,      0,      0,       0,       0,       0,       0
total,                                                743288,    5440,       0,       0,     0.9,     0.7,     2.1,     5.0,    15.5,    23.5,  136.0,      NaN,      0,      0,       0,       0,       0,       0
total,                                                750084,    6796,       0,       0,     0.7,     0.6,     1.5,     2.9,     8.1,    22.5,  137.0,      NaN,      0,      0,       0,       0,       0,       0
total,                                                754922,    4838,       0,       0,     1.0,     0.7,     2.4,     6.4,    16.5,    24.0,  138.0,      NaN,      0,      0,       0,       0,       0,       0
total,                                                760778,    5856,       0,       0,     0.8,     0.6,     2.0,     4.3,     8.3,    11.7,  139.0,      NaN,      0,      0,       0,       0,       0,       0
total,                                                766923,    6145,       0,       0,     0.8,     0.6,     1.6,     3.5,    12.5,    15.8,  140.0,      NaN,      0,      0,       0,       0,       0,       0
total,                                                771951,    5028,       0,       0,     1.0,     0.7,     2.1,     4.5,    11.9,    15.9,  141.0,      NaN,      0,      0,       0,       0,       0,       0
total,                                                778106,    6155,       0,       0,     0.8,     0.6,     1.6,     3.3,     7.7,    49.1,  142.0,      NaN,      0,      0,       0,       0,       0,       0
total,                                                783488,    5382,       0,       0,     0.9,     0.7,     2.1,     4.6,    12.6,    20.5,  143.0,      NaN,      0,      0,       0,       0,       0,       0
total,                                                789287,    5799,       0,       0,     0.9,     0.7,     1.9,     3.4,    10.6,    11.8,  144.0,      NaN,      0,      0,       0,       0,       0,       0
total,                                                792962,    3675,       0,       0,     1.4,     0.7,     1.7,     3.0,   383.8,   386.4,  145.0,      NaN,      0,      0,       0,       0,       0,       0
total,                                                798166,    5204,       0,       0,     1.0,     0.7,     2.2,     6.2,    15.0,    24.9,  146.0,      NaN,      0,      0,       0,       0,       0,       0
total,                                                803684,    5518,       0,       0,     0.9,     0.7,     1.7,     3.4,    35.0,    65.3,  147.0,      NaN,      0,      0,       0,       0,       0,       0
total,                                                808203,    4519,       0,       0,     1.1,     0.7,     2.6,     7.7,    41.9,    62.8,  148.0,      NaN,      0,      0,       0,       0,       0,       0
total,                                                813707,    5504,       0,       0,     0.9,     0.7,     2.0,     5.1,    12.2,    17.2,  149.0,      NaN,      0,      0,       0,       0,       0,       0
total,                                                819430,    5723,       0,       0,     0.9,     0.6,     2.1,     4.7,    15.2,    19.1,  150.0,      NaN,      0,      0,       0,       0,       0,       0
total,                                                823682,    4252,       0,       0,     1.2,     0.7,     3.0,     8.8,    17.8,    33.3,  151.0,      NaN,      0,      0,       0,       0,       0,       0
total,                                                829612,    5930,       0,       0,     0.8,     0.7,     1.8,     3.4,     8.2,     9.7,  152.0,      NaN,      0,      0,       0,       0,       0,       0
total,                                                834510,    4898,       0,       0,     1.0,     0.7,     2.7,     5.9,    17.2,    24.2,  153.0,      NaN,      0,      0,       0,       0,       0,       0
total,                                                840693,    6183,       0,       0,     0.8,     0.6,     1.7,     3.1,    11.1,    16.5,  154.0,      NaN,      0,      0,       0,       0,       0,       0
total,                                                846755,    6062,       0,       0,     0.8,     0.6,     1.7,     3.4,     8.8,    21.0,  155.0,      NaN,      0,      0,       0,       0,       0,       0
total,                                                851852,    5097,       0,       0,     1.0,     0.7,     2.2,     4.8,    11.4,    14.3,  156.0,      NaN,      0,      0,       0,       0,       0,       0
total,                                                856614,    4762,       0,       0,     1.0,     0.7,     2.3,     6.8,    40.5,    55.6,  157.0,      NaN,      0,      0,       0,       0,       0,       0
total,                                                860669,    4055,       0,       0,     1.2,     0.7,     2.2,     5.3,   213.0,   213.6,  158.0,      NaN,      0,      0,       0,       0,       0,       0
total,                                                865889,    5220,       0,       0,     1.0,     0.7,     2.1,     5.0,    15.4,    20.3,  159.0,      NaN,      0,      0,       0,       0,       0,       0
total,                                                869042,    3153,       0,       0,     1.6,     0.7,     2.2,     4.5,   406.1,   407.9,  160.0,      NaN,      0,      0,       0,       0,       0,       0
total,                                                873326,    4284,       0,       0,     1.2,     0.7,     3.5,     8.0,    13.8,    23.9,  161.0,      NaN,      0,      0,       0,       0,       0,       0
total,                                                878519,    5193,       0,       0,     1.0,     0.7,     2.2,     5.2,    16.1,    24.5,  162.0,      NaN,      0,      0,       0,       0,       0,       0
total,                                                883628,    5109,       0,       0,     1.0,     0.7,     2.3,     4.9,    12.6,    23.4,  163.0,      NaN,      0,      0,       0,       0,       0,       0
total,                                                889295,    5667,       0,       0,     0.9,     0.7,     1.9,     3.5,     9.2,    15.3,  164.0,      NaN,      0,      0,       0,       0,       0,       0
total,                                                895449,    6154,       0,       0,     0.8,     0.6,     1.6,     3.5,     9.9,    12.0,  165.0,      NaN,      0,      0,       0,       0,       0,       0
total,                                                900409,    4960,       0,       0,     1.0,     0.7,     2.5,     6.1,    13.4,    15.9,  166.0,      NaN,      0,      0,       0,       0,       0,       0
total,                                                906193,    5784,       0,       0,     0.9,     0.7,     1.7,     3.3,    17.3,    27.8,  167.0,      NaN,      0,      0,       0,       0,       0,       0
total,                                                911336,    5143,       0,       0,     1.0,     0.7,     2.4,     5.6,    10.7,    17.5,  168.0,      NaN,      0,      0,       0,       0,       0,       0
total,                                                916797,    5461,       0,       0,     0.9,     0.7,     2.0,     5.0,    14.0,    28.1,  169.0,      NaN,      0,      0,       0,       0,       0,       0
total,                                                922420,    5623,       0,       0,     0.9,     0.7,     2.0,     4.3,     8.6,    12.8,  170.0,      NaN,      0,      0,       0,       0,       0,       0
total,                                                927652,    5232,       0,       0,     0.9,     0.6,     2.4,     5.9,    12.9,    16.4,  171.0,      NaN,      0,      0,       0,       0,       0,       0
total,                                                933876,    6224,       0,       0,     0.8,     0.6,     1.7,     3.1,     8.8,    11.5,  172.0,      NaN,      0,      0,       0,       0,       0,       0
total,                                                938988,    5112,       0,       0,     1.0,     0.7,     2.1,     5.9,    28.2,    52.7,  173.0,      NaN,      0,      0,       0,       0,       0,       0
total,                                                945023,    6035,       0,       0,     0.8,     0.7,     1.7,     3.1,     9.9,    17.8,  174.0,      NaN,      0,      0,       0,       0,       0,       0
total,                                                950226,    5203,       0,       0,     1.0,     0.7,     2.0,     4.4,    13.3,    70.2,  175.0,      NaN,      0,      0,       0,       0,       0,       0
total,                                                955334,    5108,       0,       0,     1.0,     0.7,     2.4,     5.6,    12.9,    18.7,  176.0,      NaN,      0,      0,       0,       0,       0,       0
total,                                                961350,    6016,       0,       0,     0.8,     0.6,     1.7,     3.2,    10.7,    20.0,  177.0,      NaN,      0,      0,       0,       0,       0,       0
total,                                                966240,    4890,       0,       0,     1.0,     0.7,     2.5,     7.2,    13.5,    16.6,  178.0,      NaN,      0,      0,       0,       0,       0,       0
total,                                                972224,    5984,       0,       0,     0.8,     0.6,     1.7,     3.8,    10.8,    19.0,  179.0,      NaN,      0,      0,       0,       0,       0,       0
total,                                                977788,    5564,       0,       0,     0.9,     0.7,     2.0,     3.6,    11.4,    15.6,  180.0,      NaN,      0,      0,       0,       0,       0,       0
total,                                                983152,    5364,       0,       0,     0.9,     0.6,     2.2,     5.6,    12.0,    21.9,  181.0,      NaN,      0,      0,       0,       0,       0,       0
total,                                                989000,    5848,       0,       0,     0.8,     0.7,     1.8,     3.2,    10.3,    14.8,  182.0,      NaN,      0,      0,       0,       0,       0,       0
total,                                                993882,    4882,       0,       0,     1.0,     0.7,     2.5,     6.7,    30.4,    37.6,  183.0,      NaN,      0,      0,       0,       0,       0,       0
total,                                                999691,    5809,       0,       0,     0.9,     0.6,     1.8,     3.4,    12.0,    41.0,  184.0,      NaN,      0,      0,       0,       0,       0,       0
total,                                               1000000,    3432,       0,       0,     1.4,     0.6,     4.9,    18.2,    30.6,    30.6,  184.1,      NaN,      0,      0,       0,       0,       0,       0


Results:
Op rate                   :    5,432 op/s  [t2.delete_entity_by_id: 5,432 op/s]
Partition rate            :        0 pk/s  [t2.delete_entity_by_id: 0 pk/s]
Row rate                  :        0 row/s [t2.delete_entity_by_id: 0 row/s]
Latency mean              :    0.9 ms [t2.delete_entity_by_id: 0.9 ms]
Latency median            :    0.7 ms [t2.delete_entity_by_id: 0.7 ms]
Latency 95th percentile   :    2.0 ms [t2.delete_entity_by_id: 2.0 ms]
Latency 99th percentile   :    4.4 ms [t2.delete_entity_by_id: 4.4 ms]
Latency 99.9th percentile :   13.4 ms [t2.delete_entity_by_id: 13.4 ms]
Latency max               :  407.9 ms [t2.delete_entity_by_id: 407.9 ms]
Total partitions          :          0 [t2.delete_entity_by_id: 0]
Total errors              :          0 [t2.delete_entity_by_id: 0]
Total GC count            : 0
Total GC memory           : 0.000 KiB
Total GC time             :    0.0 seconds
Avg GC time               :    NaN ms
StdDev GC time            :    0.0 ms
Total operation time      : 00:03:04

END
