******************** Stress Settings ********************
Command:
  Type: user
  Count: 1,000,000
  No Warmup: false
  Consistency Level: LOCAL_ONE
  Target Uncertainty: not applicable
  Command Ratios: {t2.insert=1.0}
  Command Clustering Distribution: clustering=gaussian(1..10)
  Profile File(s): t2_entities.yaml
Rate:
  Auto: false
  Thread Count: 5
  OpsPer Sec: 0
Population:
  Distribution: Gaussian:  min=1,max=1000000,mean=500000.500000,stdev=166666.500000
  Order: ARBITRARY
  Wrap: false
Insert:
  Revisits: Uniform:  min=1,max=1000000
  Visits: Fixed:  key=1
  Row Population Ratio: Ratio: divisor=1.000000;delegate=Fixed:  key=1
  Batch Type: not batching
Errors:
  Ignore: false
  Tries: 10
Log:
  No Summary: false
  No Settings: false
  File: entities_1M_write_5_threads.log
  Interval Millis: 1000
  Level: NORMAL
Mode:
  API: JAVA_DRIVER_NATIVE
  Connection Style: CQL_PREPARED
  CQL Version: CQL3
  Protocol Version: V5
  Username: null
  Password: null
  Auth Provide Class: null
  Max Pending Per Connection: 128
  Connections Per Host: 8
  Compression: NONE
Node:
  Nodes: [localhost]
  Is White List: false
  Datacenter: null
Schema:
  Keyspace: null
  Replication Strategy: org.apache.cassandra.locator.SimpleStrategy
  Replication Strategy Options: {replication_factor=1}
  Table Compression: null
  Table Compaction Strategy: null
  Table Compaction Strategy Options: {}
Transport:
  truststore=null; truststore-password=null; keystore=null; keystore-password=null; ssl-protocol=TLS; ssl-alg=null; ssl-ciphers=TLS_RSA_WITH_AES_128_CBC_SHA,TLS_RSA_WITH_AES_256_CBC_SHA; 
Port:
  Native Port: 9042
  JMX Port: 7199
Graph:
  File: entities_1M_threads_5.html
  Revision: Insert
  Title: NVO_Cassandra_POC_entities_Table_1M_Records_5_Threads
  Operation: USER
TokenRange:
  Wrap: false
  Split Factor: 1

******************** Profile(s) ********************
  Keyspace Name: tagging
  Keyspace CQL: 
***
CREATE KEYSPACE tagging WITH replication = {'class': 'SimpleStrategy', 'replication_factor': 1};
***

  Table Name: entities
  Table CQL: 
***
CREATE TABLE entities (
  id uuid PRIMARY KEY,
  name text,
  type text,
  metadata text
);
***

  Extra Schema Definitions: null
  Generator Configs:
    metadata: Size: Uniform:  min=10,max=50;
    name: Size: Uniform:  min=5,max=20;Identity: Uniform:  min=1,max=1000;
    id: Size: Gaussian:  min=5,max=10,mean=7.500000,stdev=0.833333;Identity: Uniform:  min=1,max=10000000;
    type: Size: Uniform:  min=5,max=15;Identity: Uniform:  min=1,max=100;
  Query Definitions:
    select_entity_by_id: CQL:SELECT * FROM entities WHERE id = ?;Fields:samerow;
    select_all_entities: CQL:SELECT * FROM entities;Fields:null;
    update_entity_name: CQL:UPDATE entities SET name = ? WHERE id = ?;Fields:samerow;
    delete_entity_by_id: CQL:DELETE FROM entities WHERE id = ?;Fields:samerow;
  Token Range Queries:
  Insert Settings:
    partitions: fixed(1)
    select: fixed(1)/500
    batchtype: UNLOGGED
Generating batches with [1..1] partitions and [0..0] rows (of [1..1] total rows in the partitions)

Sleeping 2s...
Warming up t2.insert with 50000 iterations...
Running [t2.insert] with 5 threads for 1000000 iteration
type                                               total ops,    op/s,    pk/s,   row/s,    mean,     med,     .95,     .99,    .999,     max,   time,   stderr, errors,  gc: #,  max ms,  sum ms,  sdv ms,      mb
total,                                                  2045,    2045,    2045,    2045,     2.0,     0.8,     2.8,    10.3,   345.2,   345.8,    1.0,  0.00000,      0,      0,       0,       0,       0,       0
total,                                                  7203,    5158,    5158,    5158,     1.0,     0.7,     2.1,     4.7,    11.8,    12.8,    2.0,  0.17773,      0,      0,       0,       0,       0,       0
total,                                                 11515,    4312,    4312,    4312,     1.1,     0.7,     2.8,     8.2,    55.3,    72.9,    3.0,  0.11800,      0,      0,       0,       0,       0,       0
total,                                                 16366,    4851,    4851,    4851,     1.0,     0.7,     2.1,     6.2,    17.7,    19.3,    4.0,  0.09044,      0,      0,       0,       0,       0,       0
total,                                                 21095,    4729,    4729,    4729,     1.0,     0.7,     2.5,     6.0,    14.3,    17.4,    5.0,  0.07246,      0,      0,       0,       0,       0,       0
total,                                                 26316,    5221,    5221,    5221,     0.9,     0.7,     2.0,     3.9,    14.8,    28.1,    6.0,  0.06438,      0,      0,       0,       0,       0,       0
total,                                                 31377,    5061,    5061,    5061,     1.0,     0.7,     2.0,     4.8,    17.4,    21.2,    7.0,  0.05601,      0,      0,       0,       0,       0,       0
total,                                                 36356,    4979,    4979,    4979,     1.0,     0.7,     2.4,     6.0,    18.0,    30.6,    8.0,  0.04939,      0,      0,       0,       0,       0,       0
total,                                                 40713,    4357,    4357,    4357,     1.1,     0.7,     2.5,     9.6,    22.7,    26.3,    9.0,  0.04483,      0,      0,       0,       0,       0,       0
total,                                                 44528,    3815,    3815,    3815,     1.3,     0.9,     3.4,     8.9,    14.5,    14.9,   10.0,  0.04495,      0,      0,       0,       0,       0,       0
total,                                                 48729,    4201,    4201,    4201,     1.2,     0.8,     2.6,    11.0,    27.0,    27.9,   11.0,  0.04169,      0,      0,       0,       0,       0,       0
total,                                                 53987,    5258,    5258,    5258,     0.9,     0.7,     1.9,     5.0,    19.3,    31.4,   12.0,  0.03994,      0,      0,       0,       0,       0,       0
total,                                                 59182,    5195,    5195,    5195,     1.0,     0.7,     2.3,     5.0,    12.1,    29.8,   13.0,  0.03783,      0,      0,       0,       0,       0,       0
total,                                                 63659,    4477,    4477,    4477,     1.1,     0.7,     2.1,     5.6,   159.0,   167.5,   14.0,  0.03591,      0,      0,       0,       0,       0,       0
total,                                                 68466,    4807,    4807,    4807,     1.0,     0.7,     2.7,     4.8,    12.1,    29.3,   15.0,  0.03350,      0,      0,       0,       0,       0,       0
total,                                                 73838,    5372,    5372,    5372,     0.9,     0.7,     2.0,     3.9,    11.3,    22.8,   16.0,  0.03228,      0,      0,       0,       0,       0,       0
total,                                                 78243,    4405,    4405,    4405,     1.1,     0.7,     2.5,     6.8,    39.6,    85.1,   17.0,  0.03040,      0,      0,       0,       0,       0,       0
total,                                                 83088,    4845,    4845,    4845,     1.0,     0.7,     2.4,     5.5,    12.6,    35.8,   18.0,  0.02871,      0,      0,       0,       0,       0,       0
total,                                                 88667,    5579,    5579,    5579,     0.9,     0.7,     1.8,     3.5,    12.1,    26.4,   19.0,  0.02842,      0,      0,       0,       0,       0,       0
total,                                                 93475,    4808,    4808,    4808,     1.0,     0.7,     2.4,     6.5,    13.1,    20.6,   20.0,  0.02700,      0,      0,       0,       0,       0,       0
total,                                                 99071,    5596,    5596,    5596,     0.9,     0.7,     1.8,     3.7,    12.2,    18.7,   21.0,  0.02659,      0,      0,       0,       0,       0,       0
total,                                                104068,    4997,    4997,    4997,     1.0,     0.7,     2.2,     5.1,    14.5,    15.0,   22.0,  0.02537,      0,      0,       0,       0,       0,       0
total,                                                109668,    5600,    5600,    5600,     0.9,     0.7,     2.0,     4.4,     8.5,    17.7,   23.0,  0.02494,      0,      0,       0,       0,       0,       0
total,                                                115745,    6077,    6077,    6077,     0.8,     0.7,     1.6,     2.7,    10.2,    20.6,   24.0,  0.02564,      0,      0,       0,       0,       0,       0
total,                                                120790,    5045,    5045,    5045,     1.0,     0.7,     2.3,     5.3,    11.9,    19.3,   25.0,  0.02461,      0,      0,       0,       0,       0,       0
total,                                                125722,    4932,    4932,    4932,     1.0,     0.7,     2.1,     4.0,    67.2,    69.8,   26.0,  0.02369,      0,      0,       0,       0,       0,       0
total,                                                130817,    5095,    5095,    5095,     1.0,     0.7,     2.0,     4.8,    15.4,    31.9,   27.0,  0.02283,      0,      0,       0,       0,       0,       0
total,                                                136454,    5637,    5637,    5637,     0.9,     0.7,     2.0,     4.2,    11.0,    13.3,   28.0,  0.02237,      0,      0,       0,       0,       0,       0
total,                                                142475,    6021,    6021,    6021,     0.8,     0.6,     1.8,     3.5,     9.6,    12.0,   29.0,  0.02248,      0,      0,       0,       0,       0,       0
total,                                                145721,    3246,    3246,    3246,     1.5,     0.7,     2.3,     6.1,   350.5,   363.6,   30.0,  0.02173,      0,      0,       0,       0,       0,       0
total,                                                151300,    5579,    5579,    5579,     0.9,     0.7,     1.9,     3.6,    12.7,    43.9,   31.0,  0.02140,      0,      0,       0,       0,       0,       0
total,                                                156354,    5054,    5054,    5054,     1.0,     0.7,     2.3,     6.1,    16.5,    18.7,   32.0,  0.02073,      0,      0,       0,       0,       0,       0
total,                                                161199,    4845,    4845,    4845,     1.0,     0.8,     2.3,     4.4,    14.6,    22.7,   33.0,  0.02015,      0,      0,       0,       0,       0,       0
total,                                                167006,    5807,    5807,    5807,     0.9,     0.7,     1.8,     3.1,     9.0,    15.2,   34.0,  0.01994,      0,      0,       0,       0,       0,       0
total,                                                172225,    5219,    5219,    5219,     1.0,     0.7,     2.2,     4.7,    12.6,    18.9,   35.0,  0.01937,      0,      0,       0,       0,       0,       0
total,                                                177903,    5678,    5678,    5678,     0.9,     0.7,     1.9,     3.4,    13.1,    21.9,   36.0,  0.01907,      0,      0,       0,       0,       0,       0
total,                                                182762,    4859,    4859,    4859,     1.0,     0.7,     2.4,     6.3,    26.3,    31.2,   37.0,  0.01859,      0,      0,       0,       0,       0,       0
total,                                                188233,    5471,    5471,    5471,     0.9,     0.7,     1.8,     3.4,    19.4,    83.8,   38.0,  0.01847,      0,      0,       0,       0,       0,       0
total,                                                193563,    5330,    5330,    5330,     0.9,     0.7,     2.1,     4.1,    11.8,    12.7,   39.0,  0.01800,      0,      0,       0,       0,       0,       0
total,                                                198404,    4841,    4841,    4841,     1.0,     0.7,     2.5,     5.6,    23.5,    41.4,   40.0,  0.01758,      0,      0,       0,       0,       0,       0
total,                                                203977,    5573,    5573,    5573,     0.9,     0.7,     1.9,     3.5,     8.5,    18.8,   41.0,  0.01726,      0,      0,       0,       0,       0,       0
total,                                                209042,    5065,    5065,    5065,     1.0,     0.8,     2.2,     4.6,    10.7,    12.5,   42.0,  0.01686,      0,      0,       0,       0,       0,       0
total,                                                211637,    2595,    2595,    2595,     1.9,     0.6,     1.8,     4.5,   578.8,   582.0,   43.0,  0.01697,      0,      0,       0,       0,       0,       0
total,                                                216722,    5085,    5085,    5085,     1.0,     0.7,     2.1,     4.8,    14.7,    20.3,   44.0,  0.01659,      0,      0,       0,       0,       0,       0
total,                                                221847,    5125,    5125,    5125,     1.0,     0.7,     2.2,     4.4,    12.4,    21.6,   45.0,  0.01622,      0,      0,       0,       0,       0,       0
total,                                                227638,    5791,    5791,    5791,     0.9,     0.7,     1.9,     3.6,     9.3,    14.4,   46.0,  0.01604,      0,      0,       0,       0,       0,       0
total,                                                232504,    4866,    4866,    4866,     1.0,     0.7,     2.5,     6.5,    11.1,    15.9,   47.0,  0.01577,      0,      0,       0,       0,       0,       0
total,                                                238591,    6087,    6087,    6087,     0.8,     0.6,     1.6,     3.6,    10.4,    14.0,   48.0,  0.01581,      0,      0,       0,       0,       0,       0
total,                                                243765,    5174,    5174,    5174,     1.0,     0.7,     2.2,     4.1,    11.4,    15.0,   49.0,  0.01549,      0,      0,       0,       0,       0,       0
total,                                                249024,    5259,    5259,    5259,     0.9,     0.7,     2.0,     4.0,    11.3,    21.9,   50.0,  0.01518,      0,      0,       0,       0,       0,       0
total,                                                253144,    4120,    4120,    4120,     1.2,     0.6,     1.8,     3.3,   323.0,   326.1,   51.0,  0.01517,      0,      0,       0,       0,       0,       0
total,                                                257900,    4756,    4756,    4756,     1.0,     0.8,     2.3,     5.4,    15.5,    17.1,   52.0,  0.01498,      0,      0,       0,       0,       0,       0
total,                                                263011,    5111,    5111,    5111,     1.0,     0.7,     2.2,     5.0,    13.3,    17.2,   53.0,  0.01470,      0,      0,       0,       0,       0,       0
total,                                                267861,    4850,    4850,    4850,     1.0,     0.8,     2.4,     4.0,    12.5,    18.5,   54.0,  0.01449,      0,      0,       0,       0,       0,       0
total,                                                273779,    5918,    5918,    5918,     0.8,     0.7,     1.9,     3.1,     5.9,    14.7,   55.0,  0.01442,      0,      0,       0,       0,       0,       0
total,                                                278990,    5211,    5211,    5211,     1.0,     0.7,     1.8,     3.4,    21.5,   105.4,   56.0,  0.01426,      0,      0,       0,       0,       0,       0
total,                                                284540,    5550,    5550,    5550,     0.9,     0.7,     2.0,     4.6,    13.6,    20.3,   57.0,  0.01404,      0,      0,       0,       0,       0,       0
total,                                                290119,    5579,    5579,    5579,     0.9,     0.7,     2.0,     3.8,    10.7,    14.0,   58.0,  0.01384,      0,      0,       0,       0,       0,       0
total,                                                295036,    4917,    4917,    4917,     1.0,     0.7,     2.3,     5.0,    14.4,    17.3,   59.0,  0.01365,      0,      0,       0,       0,       0,       0
total,                                                300830,    5794,    5794,    5794,     0.9,     0.7,     1.8,     3.4,    11.6,    17.8,   60.0,  0.01353,      0,      0,       0,       0,       0,       0
total,                                                306126,    5296,    5296,    5296,     0.9,     0.7,     2.1,     4.4,    10.4,    17.1,   61.0,  0.01330,      0,      0,       0,       0,       0,       0
total,                                                311460,    5334,    5334,    5334,     0.9,     0.7,     2.1,     3.8,    12.0,    17.3,   62.0,  0.01309,      0,      0,       0,       0,       0,       0
total,                                                314908,    3448,    3448,    3448,     1.4,     0.7,     1.7,     3.9,   409.7,   423.1,   63.0,  0.01301,      0,      0,       0,       0,       0,       0
total,                                                318934,    4026,    4026,    4026,     1.2,     0.7,     2.3,     4.9,   234.6,   263.8,   64.0,  0.01281,      0,      0,       0,       0,       0,       0
total,                                                325279,    6345,    6345,    6345,     0.8,     0.6,     1.6,     3.1,     8.8,    17.6,   65.0,  0.01299,      0,      0,       0,       0,       0,       0
total,                                                330765,    5486,    5486,    5486,     0.9,     0.7,     2.1,     4.3,    10.8,    16.8,   66.0,  0.01280,      0,      0,       0,       0,       0,       0
total,                                                336423,    5658,    5658,    5658,     0.9,     0.7,     2.0,     4.2,    10.1,    15.5,   67.0,  0.01264,      0,      0,       0,       0,       0,       0
total,                                                342440,    6017,    6017,    6017,     0.8,     0.6,     1.8,     3.2,     8.3,    18.7,   68.0,  0.01261,      0,      0,       0,       0,       0,       0
total,                                                346764,    4324,    4324,    4324,     1.1,     0.8,     2.8,     6.8,    23.4,    39.0,   69.0,  0.01267,      0,      0,       0,       0,       0,       0
total,                                                352475,    5711,    5711,    5711,     0.9,     0.7,     1.8,     2.8,     6.5,    13.9,   70.0,  0.01253,      0,      0,       0,       0,       0,       0
total,                                                357095,    4620,    4620,    4620,     1.1,     0.8,     2.6,     5.7,    16.7,    20.3,   71.0,  0.01249,      0,      0,       0,       0,       0,       0
total,                                                363315,    6220,    6220,    6220,     0.8,     0.6,     1.7,     3.1,     7.1,    13.8,   72.0,  0.01253,      0,      0,       0,       0,       0,       0
total,                                                369495,    6180,    6180,    6180,     0.8,     0.6,     1.7,     3.1,     7.1,    10.0,   73.0,  0.01254,      0,      0,       0,       0,       0,       0
total,                                                374367,    4872,    4872,    4872,     1.0,     0.8,     2.3,     5.1,    12.5,    18.7,   74.0,  0.01242,      0,      0,       0,       0,       0,       0
total,                                                378174,    3807,    3807,    3807,     1.3,     0.7,     1.7,     3.0,   356.5,   358.9,   75.0,  0.01232,      0,      0,       0,       0,       0,       0
total,                                                383175,    5001,    5001,    5001,     1.0,     0.7,     2.2,     6.0,    12.0,    18.2,   76.0,  0.01218,      0,      0,       0,       0,       0,       0
total,                                                389305,    6130,    6130,    6130,     0.8,     0.6,     1.6,     3.2,    10.5,    25.7,   77.0,  0.01220,      0,      0,       0,       0,       0,       0
total,                                                394572,    5267,    5267,    5267,     0.9,     0.7,     2.2,     4.4,    11.1,    14.0,   78.0,  0.01205,      0,      0,       0,       0,       0,       0
total,                                                399664,    5092,    5092,    5092,     1.0,     0.7,     2.3,     5.3,    13.1,    26.7,   79.0,  0.01190,      0,      0,       0,       0,       0,       0
total,                                                405642,    5978,    5978,    5978,     0.8,     0.7,     1.7,     3.1,     9.8,    12.0,   80.0,  0.01184,      0,      0,       0,       0,       0,       0
total,                                                410419,    4777,    4777,    4777,     1.0,     0.7,     2.6,     6.4,    15.2,    26.8,   81.0,  0.01176,      0,      0,       0,       0,       0,       0
total,                                                415160,    4741,    4741,    4741,     1.0,     0.7,     1.9,     3.3,   138.7,   159.9,   82.0,  0.01162,      0,      0,       0,       0,       0,       0
total,                                                420389,    5229,    5229,    5229,     0.9,     0.7,     2.1,     4.0,    14.4,    18.0,   83.0,  0.01148,      0,      0,       0,       0,       0,       0
total,                                                425665,    5276,    5276,    5276,     0.9,     0.7,     2.1,     5.1,    11.0,    22.5,   84.0,  0.01135,      0,      0,       0,       0,       0,       0
total,                                                431876,    6211,    6211,    6211,     0.8,     0.6,     1.7,     2.9,     7.4,    16.4,   85.0,  0.01137,      0,      0,       0,       0,       0,       0
total,                                                436833,    4957,    4957,    4957,     1.0,     0.7,     2.3,     5.6,    11.9,    13.7,   86.0,  0.01128,      0,      0,       0,       0,       0,       0
total,                                                440968,    4135,    4135,    4135,     1.2,     0.7,     1.9,     3.7,   266.5,   271.1,   87.0,  0.01116,      0,      0,       0,       0,       0,       0
total,                                                446497,    5529,    5529,    5529,     0.9,     0.7,     2.1,     4.4,    11.2,    16.4,   88.0,  0.01103,      0,      0,       0,       0,       0,       0
total,                                                452590,    6093,    6093,    6093,     0.8,     0.6,     1.7,     3.5,     9.8,    15.0,   89.0,  0.01101,      0,      0,       0,       0,       0,       0
total,                                                458682,    6092,    6092,    6092,     0.8,     0.7,     1.7,     2.9,     8.2,    13.4,   90.0,  0.01099,      0,      0,       0,       0,       0,       0
total,                                                463417,    4735,    4735,    4735,     1.0,     0.8,     2.5,     5.4,    14.0,    27.5,   91.0,  0.01093,      0,      0,       0,       0,       0,       0
total,                                                469001,    5584,    5584,    5584,     0.9,     0.7,     1.8,     3.6,    14.8,    20.0,   92.0,  0.01083,      0,      0,       0,       0,       0,       0
total,                                                473633,    4632,    4632,    4632,     1.1,     0.8,     2.6,     6.5,    14.4,    16.5,   93.0,  0.01081,      0,      0,       0,       0,       0,       0
total,                                                479242,    5609,    5609,    5609,     0.9,     0.7,     2.0,     3.7,    11.8,    21.3,   94.0,  0.01071,      0,      0,       0,       0,       0,       0
total,                                                483027,    3785,    3785,    3785,     1.3,     0.7,     1.9,     3.8,   334.8,   337.6,   95.0,  0.01061,      0,      0,       0,       0,       0,       0
total,                                                488040,    5013,    5013,    5013,     1.0,     0.6,     2.5,     7.6,    14.0,    17.3,   96.0,  0.01052,      0,      0,       0,       0,       0,       0
total,                                                493348,    5308,    5308,    5308,     0.9,     0.8,     2.0,     3.2,     6.1,    16.2,   97.0,  0.01041,      0,      0,       0,       0,       0,       0
total,                                                498436,    5088,    5088,    5088,     1.0,     0.7,     2.3,     5.7,    11.2,    19.8,   98.0,  0.01032,      0,      0,       0,       0,       0,       0
total,                                                503739,    5303,    5303,    5303,     0.9,     0.6,     1.6,     3.6,    19.4,   153.6,   99.0,  0.01032,      0,      0,       0,       0,       0,       0
total,                                                509229,    5490,    5490,    5490,     0.9,     0.7,     2.0,     3.7,    11.5,    18.9,  100.0,  0.01022,      0,      0,       0,       0,       0,       0
total,                                                514467,    5238,    5238,    5238,     0.9,     0.7,     2.3,     5.5,    12.8,    16.5,  101.0,  0.01012,      0,      0,       0,       0,       0,       0
total,                                                520002,    5535,    5535,    5535,     0.9,     0.7,     1.9,     3.2,    10.9,    26.5,  102.0,  0.01003,      0,      0,       0,       0,       0,       0
total,                                                524364,    4362,    4362,    4362,     1.1,     0.8,     2.9,     6.0,    11.5,    16.7,  103.0,  0.01010,      0,      0,       0,       0,       0,       0
total,                                                529606,    5242,    5242,    5242,     0.9,     0.7,     2.2,     4.5,    11.0,    13.2,  104.0,  0.01001,      0,      0,       0,       0,       0,       0
total,                                                534984,    5378,    5378,    5378,     0.9,     0.7,     2.0,     3.7,    10.2,    14.3,  105.0,  0.00991,      0,      0,       0,       0,       0,       0
total,                                                540236,    5252,    5252,    5252,     1.0,     0.7,     2.2,     4.9,    13.3,    29.5,  106.0,  0.00982,      0,      0,       0,       0,       0,       0
total,                                                546299,    6063,    6063,    6063,     0.8,     0.6,     1.7,     4.0,     9.5,    18.9,  107.0,  0.00981,      0,      0,       0,       0,       0,       0
total,                                                550540,    4241,    4241,    4241,     1.0,     0.8,     2.5,     5.2,    10.6,    15.7,  108.0,  0.00991,      0,      0,       0,       0,       0,       0
total,                                                553924,    3384,    3384,    3384,     1.6,     0.7,     1.8,     3.3,   536.9,   539.5,  109.0,  0.01033,      0,      0,       0,       0,       0,       0
total,                                                559237,    5313,    5313,    5313,     0.9,     0.7,     2.1,     4.1,    11.5,    13.1,  110.0,  0.01023,      0,      0,       0,       0,       0,       0
total,                                                563673,    4436,    4436,    4436,     1.1,     0.7,     2.6,     6.7,    87.6,    92.9,  111.0,  0.01019,      0,      0,       0,       0,       0,       0
total,                                                568988,    5315,    5315,    5315,     0.9,     0.8,     2.0,     3.2,    13.5,    15.8,  112.0,  0.01010,      0,      0,       0,       0,       0,       0
total,                                                574131,    5143,    5143,    5143,     1.0,     0.7,     2.3,     4.6,    10.7,    15.5,  113.0,  0.01001,      0,      0,       0,       0,       0,       0
total,                                                580132,    6001,    6001,    6001,     0.8,     0.7,     1.7,     3.1,     6.8,    19.3,  114.0,  0.00998,      0,      0,       0,       0,       0,       0
total,                                                585159,    5027,    5027,    5027,     1.0,     0.8,     2.1,     3.9,    12.2,    24.1,  115.0,  0.00991,      0,      0,       0,       0,       0,       0
total,                                                590820,    5661,    5661,    5661,     0.9,     0.7,     1.9,     3.4,    10.6,    17.8,  116.0,  0.00983,      0,      0,       0,       0,       0,       0
total,                                                596023,    5203,    5203,    5203,     1.0,     0.7,     2.1,     4.5,    17.0,    19.4,  117.0,  0.00975,      0,      0,       0,       0,       0,       0
total,                                                600792,    4769,    4769,    4769,     1.0,     0.7,     2.6,     5.7,    16.4,    21.4,  118.0,  0.00971,      0,      0,       0,       0,       0,       0
total,                                                606653,    5861,    5861,    5861,     0.8,     0.7,     1.7,     3.3,    12.1,    21.8,  119.0,  0.00966,      0,      0,       0,       0,       0,       0
total,                                                611964,    5311,    5311,    5311,     0.9,     0.7,     2.1,     4.7,    13.4,    17.4,  120.0,  0.00958,      0,      0,       0,       0,       0,       0
total,                                                616989,    5025,    5025,    5025,     1.0,     0.7,     2.2,     4.5,    14.3,    17.4,  121.0,  0.00952,      0,      0,       0,       0,       0,       0
total,                                                619738,    2749,    2749,    2749,     1.8,     0.7,     1.9,     3.5,   514.1,   516.7,  122.0,  0.00945,      0,      0,       0,       0,       0,       0
total,                                                624522,    4784,    4784,    4784,     1.0,     0.7,     2.5,     6.2,    15.1,    19.0,  123.0,  0.00941,      0,      0,       0,       0,       0,       0
total,                                                628275,    3753,    3753,    3753,     1.3,     0.7,     2.1,     4.0,   259.9,   273.4,  124.0,  0.00935,      0,      0,       0,       0,       0,       0
total,                                                633098,    4823,    4823,    4823,     1.0,     0.8,     2.2,     4.7,    11.9,    20.5,  125.0,  0.00931,      0,      0,       0,       0,       0,       0
total,                                                638663,    5565,    5565,    5565,     0.9,     0.7,     1.8,     3.2,    12.1,    24.0,  126.0,  0.00924,      0,      0,       0,       0,       0,       0
total,                                                644305,    5642,    5642,    5642,     0.9,     0.7,     1.9,     3.5,    10.0,    14.0,  127.0,  0.00917,      0,      0,       0,       0,       0,       0
total,                                                649408,    5103,    5103,    5103,     1.0,     0.7,     2.2,     5.4,    15.4,    15.6,  128.0,  0.00911,      0,      0,       0,       0,       0,       0
total,                                                654707,    5299,    5299,    5299,     0.9,     0.7,     2.0,     3.7,    14.1,    16.5,  129.0,  0.00904,      0,      0,       0,       0,       0,       0
total,                                                659798,    5091,    5091,    5091,     1.0,     0.7,     2.3,     5.2,    11.7,    19.9,  130.0,  0.00898,      0,      0,       0,       0,       0,       0
total,                                                664922,    5124,    5124,    5124,     1.0,     0.7,     2.1,     4.9,    13.0,    16.5,  131.0,  0.00892,      0,      0,       0,       0,       0,       0
total,                                                670481,    5559,    5559,    5559,     0.9,     0.7,     1.9,     3.5,    10.1,    18.1,  132.0,  0.00885,      0,      0,       0,       0,       0,       0
total,                                                675386,    4905,    4905,    4905,     1.0,     0.7,     2.3,     5.3,    15.5,    25.6,  133.0,  0.00881,      0,      0,       0,       0,       0,       0
total,                                                681099,    5713,    5713,    5713,     0.9,     0.7,     1.9,     3.4,    10.8,    12.2,  134.0,  0.00875,      0,      0,       0,       0,       0,       0
total,                                                686266,    5167,    5167,    5167,     1.0,     0.7,     2.3,     4.6,     9.6,    15.6,  135.0,  0.00869,      0,      0,       0,       0,       0,       0
total,                                                688450,    2184,    2184,    2184,     2.3,     0.7,     1.8,     3.7,   619.7,   620.8,  136.0,  0.00864,      0,      0,       0,       0,       0,       0
total,                                                692655,    4205,    4205,    4205,     1.2,     0.7,     2.6,     7.4,   103.5,   113.4,  137.0,  0.00863,      0,      0,       0,       0,       0,       0
total,                                                697329,    4674,    4674,    4674,     1.1,     0.7,     2.5,     7.4,    17.7,    31.4,  138.0,  0.00861,      0,      0,       0,       0,       0,       0
total,                                                702968,    5639,    5639,    5639,     0.9,     0.7,     1.8,     4.2,    13.6,    16.2,  139.0,  0.00855,      0,      0,       0,       0,       0,       0
total,                                                708784,    5816,    5816,    5816,     0.9,     0.6,     1.9,     3.9,    10.8,    20.3,  140.0,  0.00852,      0,      0,       0,       0,       0,       0
total,                                                714169,    5385,    5385,    5385,     0.9,     0.7,     2.0,     4.3,     8.5,    13.2,  141.0,  0.00846,      0,      0,       0,       0,       0,       0
total,                                                719397,    5228,    5228,    5228,     0.9,     0.7,     2.2,     4.7,    13.1,    17.5,  142.0,  0.00840,      0,      0,       0,       0,       0,       0
total,                                                724966,    5569,    5569,    5569,     0.9,     0.7,     2.0,     3.7,     8.9,    12.4,  143.0,  0.00834,      0,      0,       0,       0,       0,       0
total,                                                730450,    5484,    5484,    5484,     0.9,     0.7,     2.0,     3.9,     8.2,    11.8,  144.0,  0.00828,      0,      0,       0,       0,       0,       0
total,                                                735429,    4979,    4979,    4979,     1.0,     0.7,     2.3,     5.0,    12.9,    24.2,  145.0,  0.00824,      0,      0,       0,       0,       0,       0
total,                                                741291,    5862,    5862,    5862,     0.8,     0.7,     1.7,     2.9,     7.5,    25.1,  146.0,  0.00821,      0,      0,       0,       0,       0,       0
total,                                                745936,    4645,    4645,    4645,     1.1,     0.8,     2.4,     5.9,    14.4,    21.8,  147.0,  0.00821,      0,      0,       0,       0,       0,       0
total,                                                751283,    5347,    5347,    5347,     0.9,     0.7,     2.0,     4.6,    11.6,    24.0,  148.0,  0.00815,      0,      0,       0,       0,       0,       0
total,                                                755976,    4693,    4693,    4693,     0.9,     0.7,     1.7,     2.7,    80.7,    87.0,  149.0,  0.00810,      0,      0,       0,       0,       0,       0
total,                                                759782,    3806,    3806,    3806,     1.5,     0.7,     1.8,     3.2,   517.2,   519.6,  150.0,  0.00860,      0,      0,       0,       0,       0,       0
total,                                                765506,    5724,    5724,    5724,     0.9,     0.7,     1.8,     3.8,    11.1,    42.3,  151.0,  0.00856,      0,      0,       0,       0,       0,       0
total,                                                769968,    4462,    4462,    4462,     1.1,     0.7,     2.5,     8.2,    29.4,    51.5,  152.0,  0.00856,      0,      0,       0,       0,       0,       0
total,                                                776017,    6049,    6049,    6049,     0.8,     0.6,     1.8,     3.8,     6.1,    13.0,  153.0,  0.00854,      0,      0,       0,       0,       0,       0
total,                                                781175,    5158,    5158,    5158,     1.0,     0.7,     1.9,     5.8,    18.2,    20.5,  154.0,  0.00848,      0,      0,       0,       0,       0,       0
total,                                                785538,    4363,    4363,    4363,     1.1,     0.7,     2.9,     8.9,    18.6,    19.9,  155.0,  0.00852,      0,      0,       0,       0,       0,       0
total,                                                790154,    4616,    4616,    4616,     1.1,     0.7,     2.2,    11.5,    17.9,    23.3,  156.0,  0.00851,      0,      0,       0,       0,       0,       0
total,                                                793865,    3711,    3711,    3711,     1.3,     0.8,     3.5,     8.5,    81.7,    83.2,  157.0,  0.00862,      0,      0,       0,       0,       0,       0
total,                                                799300,    5435,    5435,    5435,     0.9,     0.7,     1.9,     4.0,    12.4,    17.3,  158.0,  0.00857,      0,      0,       0,       0,       0,       0
total,                                                804136,    4836,    4836,    4836,     1.0,     0.8,     2.4,     5.0,    11.9,    16.2,  159.0,  0.00854,      0,      0,       0,       0,       0,       0
total,                                                809218,    5082,    5082,    5082,     1.0,     0.7,     2.4,     5.5,    13.1,    24.8,  160.0,  0.00849,      0,      0,       0,       0,       0,       0
total,                                                814784,    5566,    5566,    5566,     0.9,     0.7,     2.0,     4.1,    11.4,    16.3,  161.0,  0.00844,      0,      0,       0,       0,       0,       0
total,                                                819427,    4643,    4643,    4643,     1.1,     0.8,     2.7,     5.5,    12.0,    16.1,  162.0,  0.00843,      0,      0,       0,       0,       0,       0
total,                                                824217,    4790,    4790,    4790,     0.8,     0.7,     1.9,     3.3,     6.2,    13.5,  163.0,  0.00840,      0,      0,       0,       0,       0,       0
total,                                                829770,    5553,    5553,    5553,     1.1,     0.6,     1.8,     4.1,    16.8,   255.3,  164.0,  0.00865,      0,      0,       0,       0,       0,       0
total,                                                833871,    4101,    4101,    4101,     1.2,     0.8,     3.6,     7.6,    16.3,    17.4,  165.0,  0.00872,      0,      0,       0,       0,       0,       0
total,                                                839184,    5313,    5313,    5313,     0.9,     0.7,     2.1,     4.6,     9.8,    19.2,  166.0,  0.00867,      0,      0,       0,       0,       0,       0
total,                                                844137,    4953,    4953,    4953,     1.0,     0.7,     2.4,     6.1,    14.2,    17.2,  167.0,  0.00863,      0,      0,       0,       0,       0,       0
total,                                                848556,    4419,    4419,    4419,     1.1,     0.7,     2.0,     4.2,   183.2,   187.3,  168.0,  0.00858,      0,      0,       0,       0,       0,       0
total,                                                853369,    4813,    4813,    4813,     1.0,     0.7,     2.5,     5.3,    12.0,    14.5,  169.0,  0.00855,      0,      0,       0,       0,       0,       0
total,                                                858737,    5368,    5368,    5368,     0.9,     0.7,     2.1,     3.9,    10.2,    11.9,  170.0,  0.00850,      0,      0,       0,       0,       0,       0
total,                                                864202,    5465,    5465,    5465,     0.9,     0.7,     1.9,     4.5,    15.9,    22.8,  171.0,  0.00845,      0,      0,       0,       0,       0,       0
total,                                                869263,    5061,    5061,    5061,     1.0,     0.7,     2.2,     4.8,    11.4,    14.8,  172.0,  0.00841,      0,      0,       0,       0,       0,       0
total,                                                874940,    5677,    5677,    5677,     0.9,     0.7,     1.9,     3.3,     9.3,    14.0,  173.0,  0.00836,      0,      0,       0,       0,       0,       0
total,                                                880278,    5338,    5338,    5338,     0.9,     0.7,     1.9,     4.0,    10.9,    11.9,  174.0,  0.00832,      0,      0,       0,       0,       0,       0
total,                                                885969,    5691,    5691,    5691,     0.9,     0.7,     2.0,     4.1,    10.3,    22.3,  175.0,  0.00828,      0,      0,       0,       0,       0,       0
total,                                                891921,    5952,    5952,    5952,     0.8,     0.7,     1.8,     3.0,     8.1,     9.9,  176.0,  0.00825,      0,      0,       0,       0,       0,       0
total,                                                894934,    3013,    3013,    3013,     1.7,     0.6,     1.7,     2.9,   518.0,   521.9,  177.0,  0.00825,      0,      0,       0,       0,       0,       0
total,                                                900326,    5392,    5392,    5392,     0.9,     0.7,     2.0,     4.0,    13.7,    17.4,  178.0,  0.00820,      0,      0,       0,       0,       0,       0
total,                                                905451,    5125,    5125,    5125,     1.0,     0.8,     2.1,     3.9,    10.1,    14.8,  179.0,  0.00816,      0,      0,       0,       0,       0,       0
total,                                                911282,    5831,    5831,    5831,     0.9,     0.7,     1.8,     3.2,    10.3,    18.8,  180.0,  0.00813,      0,      0,       0,       0,       0,       0
total,                                                916783,    5501,    5501,    5501,     0.9,     0.7,     1.7,     3.3,    15.5,    79.0,  181.0,  0.00810,      0,      0,       0,       0,       0,       0
total,                                                922017,    5234,    5234,    5234,     0.9,     0.7,     2.3,     5.7,    13.3,    15.8,  182.0,  0.00806,      0,      0,       0,       0,       0,       0
total,                                                927918,    5901,    5901,    5901,     0.8,     0.6,     1.8,     3.7,    12.2,    16.5,  183.0,  0.00803,      0,      0,       0,       0,       0,       0
total,                                                933300,    5382,    5382,    5382,     0.9,     0.7,     2.0,     4.1,    10.6,    16.3,  184.0,  0.00798,      0,      0,       0,       0,       0,       0
total,                                                938483,    5183,    5183,    5183,     1.0,     0.7,     2.1,     4.7,    16.3,    24.0,  185.0,  0.00794,      0,      0,       0,       0,       0,       0
total,                                                943833,    5350,    5350,    5350,     0.9,     0.7,     1.9,     3.4,    11.0,    32.5,  186.0,  0.00790,      0,      0,       0,       0,       0,       0
total,                                                948894,    5061,    5061,    5061,     1.0,     0.7,     2.2,     5.6,    13.8,    18.9,  187.0,  0.00786,      0,      0,       0,       0,       0,       0
total,                                                954868,    5974,    5974,    5974,     0.8,     0.7,     1.8,     3.2,    10.7,    15.4,  188.0,  0.00784,      0,      0,       0,       0,       0,       0
total,                                                958634,    3766,    3766,    3766,     1.3,     0.7,     2.3,     5.8,   253.2,   262.8,  189.0,  0.00781,      0,      0,       0,       0,       0,       0
total,                                                963585,    4951,    4951,    4951,     1.0,     0.8,     2.4,     3.7,     9.0,    10.3,  190.0,  0.00778,      0,      0,       0,       0,       0,       0
total,                                                969367,    5782,    5782,    5782,     0.9,     0.7,     1.9,     3.8,    11.4,    14.6,  191.0,  0.00775,      0,      0,       0,       0,       0,       0
total,                                                973729,    4362,    4362,    4362,     1.1,     0.7,     2.7,     6.2,    69.4,    76.3,  192.0,  0.00774,      0,      0,       0,       0,       0,       0
total,                                                978721,    4992,    4992,    4992,     1.0,     0.8,     2.2,     4.3,    10.9,    11.6,  193.0,  0.00771,      0,      0,       0,       0,       0,       0
total,                                                983418,    4697,    4697,    4697,     1.1,     0.8,     2.3,     6.2,    20.3,    28.5,  194.0,  0.00770,      0,      0,       0,       0,       0,       0
total,                                                989259,    5841,    5841,    5841,     0.9,     0.7,     1.8,     3.0,     6.5,    11.0,  195.0,  0.00767,      0,      0,       0,       0,       0,       0
total,                                                994844,    5585,    5585,    5585,     0.9,     0.7,     1.9,     3.4,     8.5,     9.7,  196.0,  0.00763,      0,      0,       0,       0,       0,       0
total,                                                999428,    4584,    4584,    4584,     1.1,     0.8,     2.4,     7.2,    16.0,    24.3,  197.0,  0.00763,      0,      0,       0,       0,       0,       0
total,                                               1000000,    1355,    1355,    1355,     3.9,     0.6,     1.7,     8.0,   359.7,   359.7,  197.4,  0.00833,      0,      0,       0,       0,       0,       0


Results:
Op rate                   :    5,065 op/s  [t2.insert: 5,065 op/s]
Partition rate            :    5,065 pk/s  [t2.insert: 5,065 pk/s]
Row rate                  :    5,065 row/s [t2.insert: 5,065 row/s]
Latency mean              :    1.0 ms [t2.insert: 1.0 ms]
Latency median            :    0.7 ms [t2.insert: 0.7 ms]
Latency 95th percentile   :    2.1 ms [t2.insert: 2.1 ms]
Latency 99th percentile   :    4.5 ms [t2.insert: 4.5 ms]
Latency 99.9th percentile :   13.7 ms [t2.insert: 13.7 ms]
Latency max               :  620.8 ms [t2.insert: 620.8 ms]
Total partitions          :  1,000,000 [t2.insert: 1,000,000]
Total errors              :          0 [t2.insert: 0]
Total GC count            : 0
Total GC memory           : 0.000 KiB
Total GC time             :    0.0 seconds
Avg GC time               :    NaN ms
StdDev GC time            :    0.0 ms
Total operation time      : 00:03:17

END
