******************** Stress Settings ********************
Command:
  Type: user
  Count: 100,000
  No Warmup: false
  Consistency Level: LOCAL_ONE
  Target Uncertainty: not applicable
  Command Ratios: {t2.delete_entity_by_id=1.0}
  Command Clustering Distribution: clustering=gaussian(1..10)
  Profile File(s): t2_entities.yaml
Rate:
  Auto: false
  Thread Count: 5
  OpsPer Sec: 0
Population:
  Distribution: Gaussian:  min=1,max=100000,mean=50000.500000,stdev=16666.500000
  Order: ARBITRARY
  Wrap: false
Insert:
  Revisits: Uniform:  min=1,max=1000000
  Visits: Fixed:  key=1
  Row Population Ratio: Ratio: divisor=1.000000;delegate=Fixed:  key=1
  Batch Type: not batching
Errors:
  Ignore: false
  Tries: 10
Log:
  No Summary: false
  No Settings: false
  File: entities_100K_3_5_threads.log
  Interval Millis: 1000
  Level: NORMAL
Mode:
  API: JAVA_DRIVER_NATIVE
  Connection Style: CQL_PREPARED
  CQL Version: CQL3
  Protocol Version: V5
  Username: null
  Password: null
  Auth Provide Class: null
  Max Pending Per Connection: 128
  Connections Per Host: 8
  Compression: NONE
Node:
  Nodes: [localhost]
  Is White List: false
  Datacenter: null
Schema:
  Keyspace: null
  Replication Strategy: org.apache.cassandra.locator.SimpleStrategy
  Replication Strategy Options: {replication_factor=1}
  Table Compression: null
  Table Compaction Strategy: null
  Table Compaction Strategy Options: {}
Transport:
  truststore=null; truststore-password=null; keystore=null; keystore-password=null; ssl-protocol=TLS; ssl-alg=null; ssl-ciphers=TLS_RSA_WITH_AES_128_CBC_SHA,TLS_RSA_WITH_AES_256_CBC_SHA; 
Port:
  Native Port: 9042
  JMX Port: 7199
Graph:
  File: entities_100K_threads_5.html
  Revision: 3
  Title: NVO_Cassandra_POC_entities_Table_100K_Records_5_Threads
  Operation: USER
TokenRange:
  Wrap: false
  Split Factor: 1

******************** Profile(s) ********************
  Keyspace Name: tagging
  Keyspace CQL: 
***
CREATE KEYSPACE tagging WITH replication = {'class': 'SimpleStrategy', 'replication_factor': 1};
***

  Table Name: entities
  Table CQL: 
***
CREATE TABLE entities (
  id uuid PRIMARY KEY,
  name text,
  type text,
  metadata text
);
***

  Extra Schema Definitions: null
  Generator Configs:
    metadata: Size: Uniform:  min=10,max=50;
    name: Size: Uniform:  min=5,max=20;Identity: Uniform:  min=1,max=1000;
    id: Size: Gaussian:  min=5,max=10,mean=7.500000,stdev=0.833333;Identity: Uniform:  min=1,max=10000000;
    type: Size: Uniform:  min=5,max=15;Identity: Uniform:  min=1,max=100;
  Query Definitions:
    select_entity_by_id: CQL:SELECT * FROM entities WHERE id = ?;Fields:samerow;
    select_all_entities: CQL:SELECT * FROM entities;Fields:null;
    update_entity_name: CQL:UPDATE entities SET name = ? WHERE id = ?;Fields:samerow;
    delete_entity_by_id: CQL:DELETE FROM entities WHERE id = ?;Fields:samerow;
  Token Range Queries:
  Insert Settings:
    partitions: fixed(1)
    select: fixed(1)/500
    batchtype: UNLOGGED
Generating batches with [1..1] partitions and [0..0] rows (of [1..1] total rows in the partitions)

Sleeping 2s...
Warming up t2.delete_entity_by_id with 25000 iterations...
Running [t2.delete_entity_by_id] with 5 threads for 100000 iteration
type                                               total ops,    op/s,    pk/s,   row/s,    mean,     med,     .95,     .99,    .999,     max,   time,   stderr, errors,  gc: #,  max ms,  sum ms,  sdv ms,      mb
total,                                                  3353,    3353,       0,       0,     1.3,     0.8,     3.7,    12.0,    23.9,    26.1,    1.0,      NaN,      0,      0,       0,       0,       0,       0
total,                                                  7969,    4616,       0,       0,     1.1,     0.7,     2.4,     8.7,    20.3,    22.2,    2.0,      NaN,      0,      0,       0,       0,       0,       0
total,                                                 12729,    4760,       0,       0,     1.0,     0.7,     2.5,     7.8,    18.1,    24.8,    3.0,      NaN,      0,      0,       0,       0,       0,       0
total,                                                 17582,    4853,       0,       0,     1.0,     0.7,     2.5,     6.5,    17.8,    19.0,    4.0,      NaN,      0,      0,       0,       0,       0,       0
total,                                                 22669,    5087,       0,       0,     1.0,     0.7,     2.0,     4.4,    33.5,   104.0,    5.0,      NaN,      0,      0,       0,       0,       0,       0
total,                                                 26941,    4272,       0,       0,     1.2,     0.7,     3.0,     7.1,    19.1,   133.8,    6.0,      NaN,      0,      0,       0,       0,       0,       0
total,                                                 32345,    5404,       0,       0,     0.9,     0.7,     2.0,     3.9,     9.8,    16.1,    7.0,      NaN,      0,      0,       0,       0,       0,       0
total,                                                 37515,    5170,       0,       0,     1.0,     0.7,     2.2,     5.3,    12.4,    16.3,    8.0,      NaN,      0,      0,       0,       0,       0,       0
total,                                                 42105,    4590,       0,       0,     1.1,     0.7,     3.2,     6.2,    14.6,    17.4,    9.0,      NaN,      0,      0,       0,       0,       0,       0
total,                                                 48210,    6105,       0,       0,     0.8,     0.6,     1.7,     4.3,    13.0,    24.7,   10.0,      NaN,      0,      0,       0,       0,       0,       0
total,                                                 52332,    4122,       0,       0,     1.2,     0.7,     3.6,     8.0,    17.9,    19.5,   11.0,      NaN,      0,      0,       0,       0,       0,       0
total,                                                 55811,    3479,       0,       0,     1.4,     0.7,     2.3,     5.5,   309.6,   310.6,   12.0,      NaN,      0,      0,       0,       0,       0,       0
total,                                                 59760,    3949,       0,       0,     1.3,     0.8,     3.6,     7.9,    20.1,    26.5,   13.0,      NaN,      0,      0,       0,       0,       0,       0
total,                                                 64977,    5217,       0,       0,     1.0,     0.7,     2.2,     5.8,    13.3,    19.4,   14.0,      NaN,      0,      0,       0,       0,       0,       0
total,                                                 69843,    4866,       0,       0,     1.0,     0.7,     2.4,     7.1,    14.5,    17.9,   15.0,      NaN,      0,      0,       0,       0,       0,       0
total,                                                 73295,    3452,       0,       0,     1.4,     0.8,     4.3,    10.0,    56.3,    73.9,   16.0,      NaN,      0,      0,       0,       0,       0,       0
total,                                                 77755,    4460,       0,       0,     1.1,     0.7,     3.2,     6.6,    11.9,    18.4,   17.0,      NaN,      0,      0,       0,       0,       0,       0
total,                                                 80806,    3051,       0,       0,     1.6,     0.8,     5.9,    11.8,    16.7,    18.2,   18.0,      NaN,      0,      0,       0,       0,       0,       0
total,                                                 85012,    4206,       0,       0,     1.2,     0.7,     3.2,     9.1,    17.4,    23.0,   19.0,      NaN,      0,      0,       0,       0,       0,       0
total,                                                 89687,    4675,       0,       0,     1.1,     0.7,     2.3,     9.8,    22.8,    26.8,   20.0,      NaN,      0,      0,       0,       0,       0,       0
total,                                                 94817,    5130,       0,       0,     1.0,     0.7,     2.4,     5.4,    12.9,    17.3,   21.0,      NaN,      0,      0,       0,       0,       0,       0
total,                                                100000,    5926,       0,       0,     0.8,     0.6,     1.9,     4.7,    14.4,    21.6,   21.9,      NaN,      0,      0,       0,       0,       0,       0


Results:
Op rate                   :    4,572 op/s  [t2.delete_entity_by_id: 4,572 op/s]
Partition rate            :        0 pk/s  [t2.delete_entity_by_id: 0 pk/s]
Row rate                  :        0 row/s [t2.delete_entity_by_id: 0 row/s]
Latency mean              :    1.1 ms [t2.delete_entity_by_id: 1.1 ms]
Latency median            :    0.7 ms [t2.delete_entity_by_id: 0.7 ms]
Latency 95th percentile   :    2.7 ms [t2.delete_entity_by_id: 2.7 ms]
Latency 99th percentile   :    7.1 ms [t2.delete_entity_by_id: 7.1 ms]
Latency 99.9th percentile :   17.8 ms [t2.delete_entity_by_id: 17.8 ms]
Latency max               :  310.6 ms [t2.delete_entity_by_id: 310.6 ms]
Total partitions          :          0 [t2.delete_entity_by_id: 0]
Total errors              :          0 [t2.delete_entity_by_id: 0]
Total GC count            : 0
Total GC memory           : 0.000 KiB
Total GC time             :    0.0 seconds
Avg GC time               :    NaN ms
StdDev GC time            :    0.0 ms
Total operation time      : 00:00:21

END
