******************** Stress Settings ********************
Command:
  Type: user
  Count: 100,000
  No Warmup: false
  Consistency Level: LOCAL_ONE
  Target Uncertainty: not applicable
  Command Ratios: {t2.select_entity_by_id=1.0}
  Command Clustering Distribution: clustering=gaussian(1..10)
  Profile File(s): t2_entities.yaml
Rate:
  Auto: false
  Thread Count: 1
  OpsPer Sec: 0
Population:
  Distribution: Gaussian:  min=1,max=100000,mean=50000.500000,stdev=16666.500000
  Order: ARBITRARY
  Wrap: false
Insert:
  Revisits: Uniform:  min=1,max=1000000
  Visits: Fixed:  key=1
  Row Population Ratio: Ratio: divisor=1.000000;delegate=Fixed:  key=1
  Batch Type: not batching
Errors:
  Ignore: false
  Tries: 10
Log:
  No Summary: false
  No Settings: false
  File: entities_100K_1_1_threads.log
  Interval Millis: 1000
  Level: NORMAL
Mode:
  API: JAVA_DRIVER_NATIVE
  Connection Style: CQL_PREPARED
  CQL Version: CQL3
  Protocol Version: V5
  Username: null
  Password: null
  Auth Provide Class: null
  Max Pending Per Connection: 128
  Connections Per Host: 8
  Compression: NONE
Node:
  Nodes: [localhost]
  Is White List: false
  Datacenter: null
Schema:
  Keyspace: null
  Replication Strategy: org.apache.cassandra.locator.SimpleStrategy
  Replication Strategy Options: {replication_factor=1}
  Table Compression: null
  Table Compaction Strategy: null
  Table Compaction Strategy Options: {}
Transport:
  truststore=null; truststore-password=null; keystore=null; keystore-password=null; ssl-protocol=TLS; ssl-alg=null; ssl-ciphers=TLS_RSA_WITH_AES_128_CBC_SHA,TLS_RSA_WITH_AES_256_CBC_SHA; 
Port:
  Native Port: 9042
  JMX Port: 7199
Graph:
  File: entities_100K_threads_1.html
  Revision: 1
  Title: NVO_Cassandra_POC_entities_Table_100K_Records_1_Threads
  Operation: USER
TokenRange:
  Wrap: false
  Split Factor: 1

******************** Profile(s) ********************
  Keyspace Name: tagging
  Keyspace CQL: 
***
CREATE KEYSPACE tagging WITH replication = {'class': 'SimpleStrategy', 'replication_factor': 1};
***

  Table Name: entities
  Table CQL: 
***
CREATE TABLE entities (
  id uuid PRIMARY KEY,
  name text,
  type text,
  metadata text
);
***

  Extra Schema Definitions: null
  Generator Configs:
    metadata: Size: Uniform:  min=10,max=50;
    name: Size: Uniform:  min=5,max=20;Identity: Uniform:  min=1,max=1000;
    id: Size: Gaussian:  min=5,max=10,mean=7.500000,stdev=0.833333;Identity: Uniform:  min=1,max=10000000;
    type: Size: Uniform:  min=5,max=15;Identity: Uniform:  min=1,max=100;
  Query Definitions:
    select_entity_by_id: CQL:SELECT * FROM entities WHERE id = ?;Fields:samerow;
    select_all_entities: CQL:SELECT * FROM entities;Fields:null;
    update_entity_name: CQL:UPDATE entities SET name = ? WHERE id = ?;Fields:samerow;
    delete_entity_by_id: CQL:DELETE FROM entities WHERE id = ?;Fields:samerow;
  Token Range Queries:
  Insert Settings:
    partitions: fixed(1)
    select: fixed(1)/500
    batchtype: UNLOGGED
Generating batches with [1..1] partitions and [0..0] rows (of [1..1] total rows in the partitions)

Sleeping 2s...
Warming up t2.select_entity_by_id with 25000 iterations...
Running [t2.select_entity_by_id] with 1 threads for 100000 iteration
type                                               total ops,    op/s,    pk/s,   row/s,    mean,     med,     .95,     .99,    .999,     max,   time,   stderr, errors,  gc: #,  max ms,  sum ms,  sdv ms,      mb
total,                                                   730,     730,     560,     560,     0.6,     0.5,     1.3,     3.7,    11.8,    11.8,    1.0,  0.00000,      0,      0,       0,       0,       0,       0
total,                                                  2494,    1764,    1374,    1374,     0.6,     0.5,     0.8,     2.2,     8.9,     9.4,    2.0,  0.29691,      0,      0,       0,       0,       0,       0
total,                                                  4604,    2110,    1609,    1609,     0.5,     0.4,     0.6,     1.8,     4.3,     8.6,    3.0,  0.21921,      0,      0,       0,       0,       0,       0
total,                                                  6509,    1905,    1470,    1470,     0.5,     0.4,     0.7,     2.6,     9.9,    11.1,    4.0,  0.16283,      0,      0,       0,       0,       0,       0
total,                                                  8199,    1690,    1303,    1303,     0.5,     0.4,     0.7,     1.6,     6.9,    10.9,    5.0,  0.12941,      0,      0,       0,       0,       0,       0
total,                                                  9337,    1138,     860,     860,     1.0,     0.5,     1.0,     3.8,    10.6,   467.7,    6.0,  0.11029,      0,      0,       0,       0,       0,       0
total,                                                 11521,    2184,    1677,    1677,     0.5,     0.4,     0.6,     1.5,     8.2,    13.4,    7.0,  0.09748,      0,      0,       0,       0,       0,       0
total,                                                 13953,    2432,    1850,    1850,     0.4,     0.4,     0.5,     1.2,     8.1,    10.8,    8.0,  0.09065,      0,      0,       0,       0,       0,       0
total,                                                 16214,    2261,    1731,    1731,     0.4,     0.4,     0.6,     2.0,     4.2,    13.1,    9.0,  0.08168,      0,      0,       0,       0,       0,       0
total,                                                 18539,    2325,    1788,    1788,     0.4,     0.4,     0.5,     1.3,     4.0,    17.9,   10.0,  0.07496,      0,      0,       0,       0,       0,       0
total,                                                 20274,    1735,    1345,    1345,     0.6,     0.5,     1.0,     3.2,     8.9,     9.0,   11.0,  0.06939,      0,      0,       0,       0,       0,       0
total,                                                 21930,    1656,    1267,    1267,     0.6,     0.5,     0.9,     2.6,    11.8,    14.8,   12.0,  0.06539,      0,      0,       0,       0,       0,       0
total,                                                 23910,    1980,    1504,    1504,     0.5,     0.4,     0.7,     1.6,    14.6,    15.2,   13.0,  0.06026,      0,      0,       0,       0,       0,       0
total,                                                 25755,    1845,    1419,    1419,     0.5,     0.4,     1.0,     3.2,    12.3,    21.1,   14.0,  0.05608,      0,      0,       0,       0,       0,       0
total,                                                 27876,    2121,    1624,    1624,     0.5,     0.4,     0.6,     1.5,     9.4,    14.0,   15.0,  0.05244,      0,      0,       0,       0,       0,       0
total,                                                 29567,    1691,    1294,    1294,     0.6,     0.5,     0.9,     2.3,    10.5,    11.9,   16.0,  0.05011,      0,      0,       0,       0,       0,       0
total,                                                 31577,    2010,    1553,    1553,     0.5,     0.4,     0.6,     1.6,     9.1,    10.6,   17.0,  0.04712,      0,      0,       0,       0,       0,       0
total,                                                 33670,    2093,    1614,    1614,     0.5,     0.4,     0.6,     1.5,     7.7,    21.3,   18.0,  0.04462,      0,      0,       0,       0,       0,       0
total,                                                 35460,    1790,    1381,    1381,     0.5,     0.5,     0.7,     2.4,    14.2,    15.1,   19.0,  0.04253,      0,      0,       0,       0,       0,       0
total,                                                 37512,    2052,    1531,    1531,     0.5,     0.4,     0.6,     1.4,     8.8,    68.9,   20.0,  0.04050,      0,      0,       0,       0,       0,       0
total,                                                 39503,    1991,    1495,    1495,     0.5,     0.4,     0.8,     2.8,    10.2,    11.6,   21.0,  0.03856,      0,      0,       0,       0,       0,       0
total,                                                 41590,    2087,    1606,    1606,     0.5,     0.4,     0.6,     1.4,     5.8,     8.9,   22.0,  0.03685,      0,      0,       0,       0,       0,       0
total,                                                 43632,    2042,    1549,    1549,     0.5,     0.4,     0.6,     1.6,     6.5,     9.0,   23.0,  0.03522,      0,      0,       0,       0,       0,       0
total,                                                 45584,    1952,    1521,    1521,     0.5,     0.4,     0.7,     2.1,     9.1,     9.6,   24.0,  0.03374,      0,      0,       0,       0,       0,       0
total,                                                 47636,    2052,    1589,    1589,     0.5,     0.4,     0.7,     1.4,     7.6,    16.0,   25.0,  0.03242,      0,      0,       0,       0,       0,       0
total,                                                 49624,    1988,    1504,    1504,     0.5,     0.4,     0.7,     2.5,    10.1,    10.8,   26.0,  0.03116,      0,      0,       0,       0,       0,       0
total,                                                 51776,    2152,    1659,    1659,     0.5,     0.4,     0.6,     1.4,     8.3,    11.9,   27.0,  0.03015,      0,      0,       0,       0,       0,       0
total,                                                 54151,    2375,    1844,    1844,     0.4,     0.4,     0.5,     1.4,     5.4,    11.7,   28.0,  0.02991,      0,      0,       0,       0,       0,       0
total,                                                 56172,    2021,    1545,    1545,     0.5,     0.4,     0.7,     1.7,     8.0,    25.8,   29.0,  0.02887,      0,      0,       0,       0,       0,       0
total,                                                 58036,    1864,    1472,    1472,     0.5,     0.5,     0.7,     1.5,    11.1,    12.2,   30.0,  0.02795,      0,      0,       0,       0,       0,       0
total,                                                 59590,    1554,    1182,    1182,     0.6,     0.5,     1.0,     4.6,    16.3,    22.1,   31.0,  0.02805,      0,      0,       0,       0,       0,       0
total,                                                 61505,    1915,    1451,    1451,     0.5,     0.4,     0.9,     2.5,     7.2,    14.6,   32.0,  0.02722,      0,      0,       0,       0,       0,       0
total,                                                 62444,     939,     734,     734,     1.1,     0.4,     1.1,     3.4,   456.7,   456.7,   33.0,  0.02670,      0,      0,       0,       0,       0,       0
total,                                                 64514,    2070,    1589,    1589,     0.5,     0.4,     0.6,     1.7,     7.9,    11.6,   34.0,  0.02592,      0,      0,       0,       0,       0,       0
total,                                                 66502,    1988,    1538,    1538,     0.5,     0.4,     0.8,     2.6,     9.3,    13.4,   35.0,  0.02518,      0,      0,       0,       0,       0,       0
total,                                                 68392,    1890,    1435,    1435,     0.5,     0.4,     0.7,     2.8,    10.9,    11.2,   36.0,  0.02454,      0,      0,       0,       0,       0,       0
total,                                                 70380,    1988,    1527,    1527,     0.5,     0.4,     0.7,     1.6,    13.6,    14.1,   37.0,  0.02387,      0,      0,       0,       0,       0,       0
total,                                                 72287,    1907,    1462,    1462,     0.5,     0.5,     0.7,     1.9,    10.5,    11.1,   38.0,  0.02327,      0,      0,       0,       0,       0,       0
total,                                                 74464,    2177,    1658,    1658,     0.5,     0.4,     0.6,     1.4,     8.9,    12.2,   39.0,  0.02277,      0,      0,       0,       0,       0,       0
total,                                                 76525,    2061,    1586,    1586,     0.5,     0.4,     0.6,     1.6,     7.8,    14.7,   40.0,  0.02221,      0,      0,       0,       0,       0,       0
total,                                                 78277,    1752,    1356,    1356,     0.6,     0.5,     0.9,     2.7,    12.4,    16.1,   41.0,  0.02184,      0,      0,       0,       0,       0,       0
total,                                                 80368,    2091,    1629,    1629,     0.5,     0.4,     0.6,     1.4,     7.4,    21.3,   42.0,  0.02139,      0,      0,       0,       0,       0,       0
total,                                                 82283,    1915,    1458,    1458,     0.5,     0.4,     0.9,     2.3,    11.2,    11.3,   43.0,  0.02092,      0,      0,       0,       0,       0,       0
total,                                                 84401,    2118,    1617,    1617,     0.5,     0.4,     0.7,     1.4,     7.6,    10.8,   44.0,  0.02048,      0,      0,       0,       0,       0,       0
total,                                                 86409,    2008,    1531,    1531,     0.5,     0.4,     0.7,     2.1,     8.7,    11.3,   45.0,  0.02002,      0,      0,       0,       0,       0,       0
total,                                                 88450,    2041,    1595,    1595,     0.5,     0.4,     0.7,     1.8,     5.6,     6.3,   46.0,  0.01959,      0,      0,       0,       0,       0,       0
total,                                                 90468,    2018,    1538,    1538,     0.5,     0.4,     0.7,     2.0,     8.4,    12.6,   47.0,  0.01917,      0,      0,       0,       0,       0,       0
total,                                                 92417,    1949,    1488,    1488,     0.5,     0.4,     0.8,     2.3,     6.5,     8.7,   48.0,  0.01878,      0,      0,       0,       0,       0,       0
total,                                                 94479,    2062,    1585,    1585,     0.5,     0.4,     0.6,     1.5,     2.7,    12.6,   49.0,  0.01841,      0,      0,       0,       0,       0,       0
total,                                                 96495,    2016,    1530,    1530,     0.5,     0.4,     0.7,     1.5,     6.9,     9.5,   50.0,  0.01804,      0,      0,       0,       0,       0,       0
total,                                                 98513,    2018,    1518,    1518,     0.5,     0.4,     0.6,     1.4,     9.6,    12.6,   51.0,  0.01769,      0,      0,       0,       0,       0,       0
total,                                                100000,    2113,    1620,    1620,     0.5,     0.4,     0.6,     1.5,     8.2,     8.5,   51.7,  0.01738,      0,      0,       0,       0,       0,       0


Results:
Op rate                   :    1,934 op/s  [t2.select_entity_by_id: 1,934 op/s]
Partition rate            :    1,483 pk/s  [t2.select_entity_by_id: 1,483 pk/s]
Row rate                  :    1,483 row/s [t2.select_entity_by_id: 1,483 row/s]
Latency mean              :    0.5 ms [t2.select_entity_by_id: 0.5 ms]
Latency median            :    0.4 ms [t2.select_entity_by_id: 0.4 ms]
Latency 95th percentile   :    0.7 ms [t2.select_entity_by_id: 0.7 ms]
Latency 99th percentile   :    1.9 ms [t2.select_entity_by_id: 1.9 ms]
Latency 99.9th percentile :    9.2 ms [t2.select_entity_by_id: 9.2 ms]
Latency max               :  467.7 ms [t2.select_entity_by_id: 467.7 ms]
Total partitions          :     76,685 [t2.select_entity_by_id: 76,685]
Total errors              :          0 [t2.select_entity_by_id: 0]
Total GC count            : 0
Total GC memory           : 0.000 KiB
Total GC time             :    0.0 seconds
Avg GC time               :    NaN ms
StdDev GC time            :    0.0 ms
Total operation time      : 00:00:51

END
