******************** Stress Settings ********************
Command:
  Type: user
  Count: 100,000
  No Warmup: false
  Consistency Level: LOCAL_ONE
  Target Uncertainty: not applicable
  Command Ratios: {t2.delete_entity_by_id=1.0}
  Command Clustering Distribution: clustering=gaussian(1..10)
  Profile File(s): t2_entities.yaml
Rate:
  Auto: false
  Thread Count: 1
  OpsPer Sec: 0
Population:
  Distribution: Gaussian:  min=1,max=100000,mean=50000.500000,stdev=16666.500000
  Order: ARBITRARY
  Wrap: false
Insert:
  Revisits: Uniform:  min=1,max=1000000
  Visits: Fixed:  key=1
  Row Population Ratio: Ratio: divisor=1.000000;delegate=Fixed:  key=1
  Batch Type: not batching
Errors:
  Ignore: false
  Tries: 10
Log:
  No Summary: false
  No Settings: false
  File: entities_100K_3_1_threads.log
  Interval Millis: 1000
  Level: NORMAL
Mode:
  API: JAVA_DRIVER_NATIVE
  Connection Style: CQL_PREPARED
  CQL Version: CQL3
  Protocol Version: V5
  Username: null
  Password: null
  Auth Provide Class: null
  Max Pending Per Connection: 128
  Connections Per Host: 8
  Compression: NONE
Node:
  Nodes: [localhost]
  Is White List: false
  Datacenter: null
Schema:
  Keyspace: null
  Replication Strategy: org.apache.cassandra.locator.SimpleStrategy
  Replication Strategy Options: {replication_factor=1}
  Table Compression: null
  Table Compaction Strategy: null
  Table Compaction Strategy Options: {}
Transport:
  truststore=null; truststore-password=null; keystore=null; keystore-password=null; ssl-protocol=TLS; ssl-alg=null; ssl-ciphers=TLS_RSA_WITH_AES_128_CBC_SHA,TLS_RSA_WITH_AES_256_CBC_SHA; 
Port:
  Native Port: 9042
  JMX Port: 7199
Graph:
  File: entities_100K_threads_1.html
  Revision: 3
  Title: NVO_Cassandra_POC_entities_Table_100K_Records_1_Threads
  Operation: USER
TokenRange:
  Wrap: false
  Split Factor: 1

******************** Profile(s) ********************
  Keyspace Name: tagging
  Keyspace CQL: 
***
CREATE KEYSPACE tagging WITH replication = {'class': 'SimpleStrategy', 'replication_factor': 1};
***

  Table Name: entities
  Table CQL: 
***
CREATE TABLE entities (
  id uuid PRIMARY KEY,
  name text,
  type text,
  metadata text
);
***

  Extra Schema Definitions: null
  Generator Configs:
    metadata: Size: Uniform:  min=10,max=50;
    name: Size: Uniform:  min=5,max=20;Identity: Uniform:  min=1,max=1000;
    id: Size: Gaussian:  min=5,max=10,mean=7.500000,stdev=0.833333;Identity: Uniform:  min=1,max=10000000;
    type: Size: Uniform:  min=5,max=15;Identity: Uniform:  min=1,max=100;
  Query Definitions:
    select_entity_by_id: CQL:SELECT * FROM entities WHERE id = ?;Fields:samerow;
    select_all_entities: CQL:SELECT * FROM entities;Fields:null;
    update_entity_name: CQL:UPDATE entities SET name = ? WHERE id = ?;Fields:samerow;
    delete_entity_by_id: CQL:DELETE FROM entities WHERE id = ?;Fields:samerow;
  Token Range Queries:
  Insert Settings:
    partitions: fixed(1)
    select: fixed(1)/500
    batchtype: UNLOGGED
Generating batches with [1..1] partitions and [0..0] rows (of [1..1] total rows in the partitions)

Sleeping 2s...
Warming up t2.delete_entity_by_id with 25000 iterations...
Running [t2.delete_entity_by_id] with 1 threads for 100000 iteration
type                                               total ops,    op/s,    pk/s,   row/s,    mean,     med,     .95,     .99,    .999,     max,   time,   stderr, errors,  gc: #,  max ms,  sum ms,  sdv ms,      mb
total,                                                   357,     357,       0,       0,     0.6,     0.4,     1.0,     4.3,    19.6,    19.6,    1.0,      NaN,      0,      0,       0,       0,       0,       0
total,                                                  2414,    2057,       0,       0,     0.5,     0.4,     0.6,     1.9,    10.8,    12.8,    2.0,      NaN,      0,      0,       0,       0,       0,       0
total,                                                  4820,    2406,       0,       0,     0.4,     0.4,     0.5,     1.3,     6.1,    13.9,    3.0,      NaN,      0,      0,       0,       0,       0,       0
total,                                                  6756,    1936,       0,       0,     0.5,     0.4,     0.8,     3.1,    11.6,    12.1,    4.0,      NaN,      0,      0,       0,       0,       0,       0
total,                                                  8845,    2089,       0,       0,     0.5,     0.4,     0.7,     1.8,     4.3,    14.2,    5.0,      NaN,      0,      0,       0,       0,       0,       0
total,                                                 10859,    2014,       0,       0,     0.5,     0.4,     0.6,     1.8,    11.4,    16.4,    6.0,      NaN,      0,      0,       0,       0,       0,       0
total,                                                 12929,    2070,       0,       0,     0.5,     0.4,     0.6,     1.9,     5.3,    11.3,    7.0,      NaN,      0,      0,       0,       0,       0,       0
total,                                                 15031,    2102,       0,       0,     0.5,     0.4,     0.6,     1.6,     6.9,    17.0,    8.0,      NaN,      0,      0,       0,       0,       0,       0
total,                                                 17213,    2182,       0,       0,     0.5,     0.4,     0.6,     1.4,     9.5,    10.7,    9.0,      NaN,      0,      0,       0,       0,       0,       0
total,                                                 19339,    2126,       0,       0,     0.5,     0.4,     0.6,     1.3,     3.6,    19.0,   10.0,      NaN,      0,      0,       0,       0,       0,       0
total,                                                 21127,    1788,       0,       0,     0.6,     0.4,     0.9,     3.7,     8.4,    14.7,   11.0,      NaN,      0,      0,       0,       0,       0,       0
total,                                                 23258,    2131,       0,       0,     0.5,     0.4,     0.6,     1.4,     3.2,     4.2,   12.0,      NaN,      0,      0,       0,       0,       0,       0
total,                                                 25064,    1806,       0,       0,     0.5,     0.5,     0.8,     2.0,     8.8,    12.3,   13.0,      NaN,      0,      0,       0,       0,       0,       0
total,                                                 27050,    1986,       0,       0,     0.5,     0.4,     1.0,     3.6,    11.1,    19.0,   14.0,      NaN,      0,      0,       0,       0,       0,       0
total,                                                 29005,    1955,       0,       0,     0.5,     0.4,     0.7,     3.1,    10.7,    11.4,   15.0,      NaN,      0,      0,       0,       0,       0,       0
total,                                                 30753,    1748,       0,       0,     0.6,     0.5,     0.9,     2.6,     7.3,    18.9,   16.0,      NaN,      0,      0,       0,       0,       0,       0
total,                                                 32778,    2025,       0,       0,     0.5,     0.4,     0.6,     2.2,    10.3,    16.8,   17.0,      NaN,      0,      0,       0,       0,       0,       0
total,                                                 35054,    2276,       0,       0,     0.4,     0.4,     0.6,     1.4,     5.8,    14.7,   18.0,      NaN,      0,      0,       0,       0,       0,       0
total,                                                 36980,    1926,       0,       0,     0.5,     0.4,     0.7,     2.0,    17.7,    30.6,   19.0,      NaN,      0,      0,       0,       0,       0,       0
total,                                                 39013,    2033,       0,       0,     0.5,     0.4,     0.6,     1.4,     7.7,    10.7,   20.0,      NaN,      0,      0,       0,       0,       0,       0
total,                                                 41085,    2072,       0,       0,     0.5,     0.4,     0.6,     1.8,     9.6,    11.2,   21.0,      NaN,      0,      0,       0,       0,       0,       0
total,                                                 43602,    2517,       0,       0,     0.4,     0.4,     0.5,     1.4,     4.4,    10.0,   22.0,      NaN,      0,      0,       0,       0,       0,       0
total,                                                 46077,    2475,       0,       0,     0.4,     0.4,     0.5,     1.3,     6.6,    10.7,   23.0,      NaN,      0,      0,       0,       0,       0,       0
total,                                                 48415,    2338,       0,       0,     0.4,     0.4,     0.6,     1.6,     7.1,    14.9,   24.0,      NaN,      0,      0,       0,       0,       0,       0
total,                                                 50455,    2040,       0,       0,     0.5,     0.4,     0.7,     2.4,     5.8,    10.8,   25.0,      NaN,      0,      0,       0,       0,       0,       0
total,                                                 52727,    2272,       0,       0,     0.4,     0.4,     0.6,     1.3,     6.6,    10.6,   26.0,      NaN,      0,      0,       0,       0,       0,       0
total,                                                 55086,    2359,       0,       0,     0.4,     0.4,     0.6,     1.3,     6.1,     6.7,   27.0,      NaN,      0,      0,       0,       0,       0,       0
total,                                                 57251,    2165,       0,       0,     0.5,     0.4,     0.6,     1.6,     6.8,    10.5,   28.0,      NaN,      0,      0,       0,       0,       0,       0
total,                                                 58777,    1526,       0,       0,     0.7,     0.4,     0.9,     2.4,    11.2,   256.2,   29.0,      NaN,      0,      0,       0,       0,       0,       0
total,                                                 60779,    2002,       0,       0,     0.5,     0.4,     0.7,     1.5,     8.2,     9.5,   30.0,      NaN,      0,      0,       0,       0,       0,       0
total,                                                 62588,    1809,       0,       0,     0.5,     0.4,     0.8,     3.1,    12.4,    15.7,   31.0,      NaN,      0,      0,       0,       0,       0,       0
total,                                                 64592,    2004,       0,       0,     0.5,     0.4,     0.7,     1.4,     7.7,    11.6,   32.0,      NaN,      0,      0,       0,       0,       0,       0
total,                                                 66424,    1832,       0,       0,     0.5,     0.5,     0.8,     1.8,     8.9,    14.3,   33.0,      NaN,      0,      0,       0,       0,       0,       0
total,                                                 68226,    1802,       0,       0,     0.6,     0.5,     0.8,     2.3,    14.1,    20.2,   34.0,      NaN,      0,      0,       0,       0,       0,       0
total,                                                 70138,    1912,       0,       0,     0.5,     0.4,     0.7,     1.9,     7.9,    12.0,   35.0,      NaN,      0,      0,       0,       0,       0,       0
total,                                                 72065,    1927,       0,       0,     0.5,     0.4,     0.7,     2.2,    11.7,    12.0,   36.0,      NaN,      0,      0,       0,       0,       0,       0
total,                                                 74290,    2225,       0,       0,     0.4,     0.4,     0.6,     1.4,     8.6,    16.3,   37.0,      NaN,      0,      0,       0,       0,       0,       0
total,                                                 76840,    2550,       0,       0,     0.4,     0.3,     0.5,     1.3,     7.3,    14.1,   38.0,      NaN,      0,      0,       0,       0,       0,       0
total,                                                 79360,    2520,       0,       0,     0.4,     0.3,     0.6,     1.4,     7.9,    15.1,   39.0,      NaN,      0,      0,       0,       0,       0,       0
total,                                                 81720,    2360,       0,       0,     0.4,     0.4,     0.6,     1.4,     5.6,    13.2,   40.0,      NaN,      0,      0,       0,       0,       0,       0
total,                                                 83560,    1840,       0,       0,     0.5,     0.4,     0.8,     2.6,    11.4,    14.8,   41.0,      NaN,      0,      0,       0,       0,       0,       0
total,                                                 85745,    2185,       0,       0,     0.5,     0.4,     0.6,     1.4,     6.1,    11.9,   42.0,      NaN,      0,      0,       0,       0,       0,       0
total,                                                 87592,    1847,       0,       0,     0.5,     0.4,     0.7,     2.6,    20.8,    25.8,   43.0,      NaN,      0,      0,       0,       0,       0,       0
total,                                                 89909,    2317,       0,       0,     0.4,     0.3,     0.6,     2.1,     8.1,    10.9,   44.0,      NaN,      0,      0,       0,       0,       0,       0
total,                                                 92279,    2370,       0,       0,     0.4,     0.4,     0.6,     1.4,     9.8,    15.3,   45.0,      NaN,      0,      0,       0,       0,       0,       0
total,                                                 94348,    2069,       0,       0,     0.5,     0.4,     0.7,     2.4,     9.5,    13.3,   46.0,      NaN,      0,      0,       0,       0,       0,       0
total,                                                 96682,    2334,       0,       0,     0.4,     0.4,     0.6,     1.4,     7.2,    11.0,   47.0,      NaN,      0,      0,       0,       0,       0,       0
total,                                                 98594,    1912,       0,       0,     0.5,     0.4,     0.8,     2.1,    12.9,    19.5,   48.0,      NaN,      0,      0,       0,       0,       0,       0
total,                                                100000,    2196,       0,       0,     0.5,     0.4,     0.7,     1.5,     5.1,     9.5,   48.6,      NaN,      0,      0,       0,       0,       0,       0


Results:
Op rate                   :    2,056 op/s  [t2.delete_entity_by_id: 2,056 op/s]
Partition rate            :        0 pk/s  [t2.delete_entity_by_id: 0 pk/s]
Row rate                  :        0 row/s [t2.delete_entity_by_id: 0 row/s]
Latency mean              :    0.5 ms [t2.delete_entity_by_id: 0.5 ms]
Latency median            :    0.4 ms [t2.delete_entity_by_id: 0.4 ms]
Latency 95th percentile   :    0.7 ms [t2.delete_entity_by_id: 0.7 ms]
Latency 99th percentile   :    1.8 ms [t2.delete_entity_by_id: 1.8 ms]
Latency 99.9th percentile :    9.4 ms [t2.delete_entity_by_id: 9.4 ms]
Latency max               :  256.2 ms [t2.delete_entity_by_id: 256.2 ms]
Total partitions          :          0 [t2.delete_entity_by_id: 0]
Total errors              :          0 [t2.delete_entity_by_id: 0]
Total GC count            : 0
Total GC memory           : 0.000 KiB
Total GC time             :    0.0 seconds
Avg GC time               :    NaN ms
StdDev GC time            :    0.0 ms
Total operation time      : 00:00:48

END
