******************** Stress Settings ********************
Command:
  Type: user
  Count: 10,000
  No Warmup: false
  Consistency Level: LOCAL_ONE
  Target Uncertainty: not applicable
  Command Ratios: {t2.select_entity_by_id=1.0}
  Command Clustering Distribution: clustering=gaussian(1..10)
  Profile File(s): t2_entities.yaml
Rate:
  Auto: false
  Thread Count: 1
  OpsPer Sec: 0
Population:
  Distribution: Gaussian:  min=1,max=10000,mean=5000.500000,stdev=1666.500000
  Order: ARBITRARY
  Wrap: false
Insert:
  Revisits: Uniform:  min=1,max=1000000
  Visits: Fixed:  key=1
  Row Population Ratio: Ratio: divisor=1.000000;delegate=Fixed:  key=1
  Batch Type: not batching
Errors:
  Ignore: false
  Tries: 10
Log:
  No Summary: false
  No Settings: false
  File: entities_10K_1_1_threads.log
  Interval Millis: 1000
  Level: NORMAL
Mode:
  API: JAVA_DRIVER_NATIVE
  Connection Style: CQL_PREPARED
  CQL Version: CQL3
  Protocol Version: V5
  Username: null
  Password: null
  Auth Provide Class: null
  Max Pending Per Connection: 128
  Connections Per Host: 8
  Compression: NONE
Node:
  Nodes: [localhost]
  Is White List: false
  Datacenter: null
Schema:
  Keyspace: null
  Replication Strategy: org.apache.cassandra.locator.SimpleStrategy
  Replication Strategy Options: {replication_factor=1}
  Table Compression: null
  Table Compaction Strategy: null
  Table Compaction Strategy Options: {}
Transport:
  truststore=null; truststore-password=null; keystore=null; keystore-password=null; ssl-protocol=TLS; ssl-alg=null; ssl-ciphers=TLS_RSA_WITH_AES_128_CBC_SHA,TLS_RSA_WITH_AES_256_CBC_SHA; 
Port:
  Native Port: 9042
  JMX Port: 7199
Graph:
  File: entities_10K_threads_1.html
  Revision: 1
  Title: NVO_Cassandra_POC_entities_Table_10K_Records_1_Threads
  Operation: USER
TokenRange:
  Wrap: false
  Split Factor: 1

******************** Profile(s) ********************
  Keyspace Name: tagging
  Keyspace CQL: 
***
CREATE KEYSPACE tagging WITH replication = {'class': 'SimpleStrategy', 'replication_factor': 1};
***

  Table Name: entities
  Table CQL: 
***
CREATE TABLE entities (
  id uuid PRIMARY KEY,
  name text,
  type text,
  metadata text
);
***

  Extra Schema Definitions: null
  Generator Configs:
    metadata: Size: Uniform:  min=10,max=50;
    name: Size: Uniform:  min=5,max=20;Identity: Uniform:  min=1,max=1000;
    id: Size: Gaussian:  min=5,max=10,mean=7.500000,stdev=0.833333;Identity: Uniform:  min=1,max=10000000;
    type: Size: Uniform:  min=5,max=15;Identity: Uniform:  min=1,max=100;
  Query Definitions:
    select_entity_by_id: CQL:SELECT * FROM entities WHERE id = ?;Fields:samerow;
    select_all_entities: CQL:SELECT * FROM entities;Fields:null;
    update_entity_name: CQL:UPDATE entities SET name = ? WHERE id = ?;Fields:samerow;
    delete_entity_by_id: CQL:DELETE FROM entities WHERE id = ?;Fields:samerow;
  Token Range Queries:
  Insert Settings:
    partitions: fixed(1)
    select: fixed(1)/500
    batchtype: UNLOGGED
Generating batches with [1..1] partitions and [0..0] rows (of [1..1] total rows in the partitions)

Sleeping 2s...
Warming up t2.select_entity_by_id with 2500 iterations...
Running [t2.select_entity_by_id] with 1 threads for 10000 iteration
type                                               total ops,    op/s,    pk/s,   row/s,    mean,     med,     .95,     .99,    .999,     max,   time,   stderr, errors,  gc: #,  max ms,  sum ms,  sdv ms,      mb
total,                                                   549,     549,     420,     420,     0.7,     0.5,     1.5,     4.3,     8.2,     8.2,    1.0,  0.00000,      0,      0,       0,       0,       0,       0
total,                                                  2185,    1636,    1246,    1246,     0.6,     0.5,     0.9,     3.2,    11.3,    11.8,    2.0,  0.35156,      0,      0,       0,       0,       0,       0
total,                                                  3909,    1724,    1311,    1311,     0.6,     0.5,     0.9,     2.1,     9.7,    11.0,    3.0,  0.23643,      0,      0,       0,       0,       0,       0
total,                                                  5274,    1365,    1050,    1050,     0.7,     0.6,     1.2,     4.9,    11.8,    13.1,    4.0,  0.17516,      0,      0,       0,       0,       0,       0
total,                                                  6977,    1703,    1305,    1305,     0.6,     0.5,     0.8,     1.9,     8.4,    10.7,    5.0,  0.14140,      0,      0,       0,       0,       0,       0
total,                                                  8786,    1809,    1376,    1376,     0.5,     0.5,     0.8,     1.5,     8.6,     8.9,    6.0,  0.11993,      0,      0,       0,       0,       0,       0
total,                                                 10000,    1725,    1314,    1314,     0.6,     0.5,     0.8,     2.1,    12.9,    13.7,    6.7,  0.10296,      0,      0,       0,       0,       0,       0


Results:
Op rate                   :    1,492 op/s  [t2.select_entity_by_id: 1,492 op/s]
Partition rate            :    1,139 pk/s  [t2.select_entity_by_id: 1,139 pk/s]
Row rate                  :    1,139 row/s [t2.select_entity_by_id: 1,139 row/s]
Latency mean              :    0.6 ms [t2.select_entity_by_id: 0.6 ms]
Latency median            :    0.5 ms [t2.select_entity_by_id: 0.5 ms]
Latency 95th percentile   :    0.9 ms [t2.select_entity_by_id: 0.9 ms]
Latency 99th percentile   :    2.7 ms [t2.select_entity_by_id: 2.7 ms]
Latency 99.9th percentile :    9.7 ms [t2.select_entity_by_id: 9.7 ms]
Latency max               :   13.7 ms [t2.select_entity_by_id: 13.7 ms]
Total partitions          :      7,633 [t2.select_entity_by_id: 7,633]
Total errors              :          0 [t2.select_entity_by_id: 0]
Total GC count            : 0
Total GC memory           : 0.000 KiB
Total GC time             :    0.0 seconds
Avg GC time               :    NaN ms
StdDev GC time            :    0.0 ms
Total operation time      : 00:00:06

END
