******************** Stress Settings ********************
Command:
  Type: user
  Count: 1,000,000
  No Warmup: false
  Consistency Level: LOCAL_ONE
  Target Uncertainty: not applicable
  Command Ratios: {t2.select_entity_by_id=1.0}
  Command Clustering Distribution: clustering=gaussian(1..10)
  Profile File(s): t2_entities.yaml
Rate:
  Auto: false
  Thread Count: 5
  OpsPer Sec: 0
Population:
  Distribution: Gaussian:  min=1,max=1000000,mean=500000.500000,stdev=166666.500000
  Order: ARBITRARY
  Wrap: false
Insert:
  Revisits: Uniform:  min=1,max=1000000
  Visits: Fixed:  key=1
  Row Population Ratio: Ratio: divisor=1.000000;delegate=Fixed:  key=1
  Batch Type: not batching
Errors:
  Ignore: false
  Tries: 10
Log:
  No Summary: false
  No Settings: false
  File: entities_1M_1_5_threads.log
  Interval Millis: 1000
  Level: NORMAL
Mode:
  API: JAVA_DRIVER_NATIVE
  Connection Style: CQL_PREPARED
  CQL Version: CQL3
  Protocol Version: V5
  Username: null
  Password: null
  Auth Provide Class: null
  Max Pending Per Connection: 128
  Connections Per Host: 8
  Compression: NONE
Node:
  Nodes: [localhost]
  Is White List: false
  Datacenter: null
Schema:
  Keyspace: null
  Replication Strategy: org.apache.cassandra.locator.SimpleStrategy
  Replication Strategy Options: {replication_factor=1}
  Table Compression: null
  Table Compaction Strategy: null
  Table Compaction Strategy Options: {}
Transport:
  truststore=null; truststore-password=null; keystore=null; keystore-password=null; ssl-protocol=TLS; ssl-alg=null; ssl-ciphers=TLS_RSA_WITH_AES_128_CBC_SHA,TLS_RSA_WITH_AES_256_CBC_SHA; 
Port:
  Native Port: 9042
  JMX Port: 7199
Graph:
  File: entities_1M_threads_5.html
  Revision: 1
  Title: NVO_Cassandra_POC_entities_Table_1M_Records_5_Threads
  Operation: USER
TokenRange:
  Wrap: false
  Split Factor: 1

******************** Profile(s) ********************
  Keyspace Name: tagging
  Keyspace CQL: 
***
CREATE KEYSPACE tagging WITH replication = {'class': 'SimpleStrategy', 'replication_factor': 1};
***

  Table Name: entities
  Table CQL: 
***
CREATE TABLE entities (
  id uuid PRIMARY KEY,
  name text,
  type text,
  metadata text
);
***

  Extra Schema Definitions: null
  Generator Configs:
    metadata: Size: Uniform:  min=10,max=50;
    name: Size: Uniform:  min=5,max=20;Identity: Uniform:  min=1,max=1000;
    id: Size: Gaussian:  min=5,max=10,mean=7.500000,stdev=0.833333;Identity: Uniform:  min=1,max=10000000;
    type: Size: Uniform:  min=5,max=15;Identity: Uniform:  min=1,max=100;
  Query Definitions:
    select_entity_by_id: CQL:SELECT * FROM entities WHERE id = ?;Fields:samerow;
    select_all_entities: CQL:SELECT * FROM entities;Fields:null;
    update_entity_name: CQL:UPDATE entities SET name = ? WHERE id = ?;Fields:samerow;
    delete_entity_by_id: CQL:DELETE FROM entities WHERE id = ?;Fields:samerow;
  Token Range Queries:
  Insert Settings:
    partitions: fixed(1)
    select: fixed(1)/500
    batchtype: UNLOGGED
Generating batches with [1..1] partitions and [0..0] rows (of [1..1] total rows in the partitions)

Sleeping 2s...
Warming up t2.select_entity_by_id with 50000 iterations...
Running [t2.select_entity_by_id] with 5 threads for 1000000 iteration
type                                               total ops,    op/s,    pk/s,   row/s,    mean,     med,     .95,     .99,    .999,     max,   time,   stderr, errors,  gc: #,  max ms,  sum ms,  sdv ms,      mb
total,                                                  2427,    2427,    1913,    1913,     1.2,     0.9,     2.5,     6.0,    16.2,    28.6,    1.0,  0.00000,      0,      0,       0,       0,       0,       0
total,                                                  6646,    4219,    3345,    3345,     1.2,     0.9,     2.7,     6.8,    14.9,    16.7,    2.0,  0.18862,      0,      0,       0,       0,       0,       0
total,                                                 10845,    4199,    3283,    3283,     1.2,     0.8,     2.6,     5.5,    58.2,    63.3,    3.0,  0.13678,      0,      0,       0,       0,       0,       0
total,                                                 15605,    4760,    3691,    3691,     1.0,     0.8,     2.3,     4.6,    12.9,    20.2,    4.0,  0.11084,      0,      0,       0,       0,       0,       0
total,                                                 19531,    3926,    3073,    3073,     1.3,     0.9,     3.3,     7.4,    14.3,    18.0,    5.0,  0.08887,      0,      0,       0,       0,       0,       0
total,                                                 24779,    5248,    4084,    4084,     0.9,     0.8,     1.9,     3.3,     9.8,    19.0,    6.0,  0.08412,      0,      0,       0,       0,       0,       0
total,                                                 29710,    4931,    3823,    3823,     1.0,     0.8,     2.3,     4.4,    10.0,    12.6,    7.0,  0.07360,      0,      0,       0,       0,       0,       0
total,                                                 33934,    4224,    3279,    3279,     1.2,     0.9,     2.8,     6.0,    14.0,    18.8,    8.0,  0.06458,      0,      0,       0,       0,       0,       0
total,                                                 38932,    4998,    3876,    3876,     1.0,     0.8,     2.1,     4.6,    10.6,    17.1,    9.0,  0.05880,      0,      0,       0,       0,       0,       0
total,                                                 42833,    3901,    3037,    3037,     1.3,     0.9,     3.2,     6.7,    16.7,    25.4,   10.0,  0.05426,      0,      0,       0,       0,       0,       0
total,                                                 46387,    3554,    2763,    2763,     1.4,     0.9,     3.3,    11.4,    20.9,    23.2,   11.0,  0.05239,      0,      0,       0,       0,       0,       0
total,                                                 49794,    3407,    2637,    2637,     1.4,     0.9,     3.6,    14.7,    26.1,    29.3,   12.0,  0.05126,      0,      0,       0,       0,       0,       0
total,                                                 53046,    3252,    2535,    2535,     1.5,     0.9,     4.1,    16.4,    26.3,    27.2,   13.0,  0.05071,      0,      0,       0,       0,       0,       0
total,                                                 57248,    4202,    3232,    3232,     1.2,     0.8,     2.6,     8.5,    20.1,    25.7,   14.0,  0.04704,      0,      0,       0,       0,       0,       0
total,                                                 60757,    3509,    2759,    2759,     1.4,     0.9,     4.0,     8.6,    19.2,    20.7,   15.0,  0.04519,      0,      0,       0,       0,       0,       0
total,                                                 65518,    4761,    3708,    3708,     1.0,     0.8,     2.3,     3.9,    11.7,    20.3,   16.0,  0.04314,      0,      0,       0,       0,       0,       0
total,                                                 70271,    4753,    3682,    3682,     1.0,     0.8,     2.3,     4.9,    13.7,    23.2,   17.0,  0.04117,      0,      0,       0,       0,       0,       0
total,                                                 74547,    4276,    3339,    3339,     1.2,     0.9,     2.7,     5.4,    14.1,    18.8,   18.0,  0.03885,      0,      0,       0,       0,       0,       0
total,                                                 79523,    4976,    3869,    3869,     1.0,     0.8,     2.1,     3.6,    12.6,    17.8,   19.0,  0.03772,      0,      0,       0,       0,       0,       0
total,                                                 83264,    3741,    2889,    2889,     1.3,     0.9,     3.4,     8.4,    15.3,    19.8,   20.0,  0.03650,      0,      0,       0,       0,       0,       0
total,                                                 87971,    4707,    3672,    3672,     1.1,     0.8,     2.3,     4.4,    32.5,    35.7,   21.0,  0.03519,      0,      0,       0,       0,       0,       0
total,                                                 92634,    4663,    3599,    3599,     1.1,     0.8,     2.4,     5.0,    11.6,    20.0,   22.0,  0.03372,      0,      0,       0,       0,       0,       0
total,                                                 97452,    4818,    3734,    3734,     1.0,     0.8,     2.3,     4.1,    12.6,    19.7,   23.0,  0.03257,      0,      0,       0,       0,       0,       0
total,                                                102548,    5096,    3973,    3973,     1.0,     0.8,     2.1,     3.8,    10.5,    18.3,   24.0,  0.03199,      0,      0,       0,       0,       0,       0
total,                                                106852,    4304,    3307,    3307,     1.2,     0.8,     2.8,     6.7,    11.3,    21.1,   25.0,  0.03072,      0,      0,       0,       0,       0,       0
total,                                                111988,    5136,    3983,    3983,     1.0,     0.8,     2.0,     4.3,    10.9,    15.3,   26.0,  0.03017,      0,      0,       0,       0,       0,       0
total,                                                116566,    4578,    3545,    3545,     1.1,     0.8,     2.5,     5.0,    10.4,    14.3,   27.0,  0.02905,      0,      0,       0,       0,       0,       0
total,                                                121648,    5082,    3991,    3991,     1.0,     0.8,     2.1,     3.8,    10.6,    21.9,   28.0,  0.02859,      0,      0,       0,       0,       0,       0
total,                                                126725,    5077,    3948,    3948,     1.0,     0.7,     2.1,     4.3,    15.1,    22.0,   29.0,  0.02802,      0,      0,       0,       0,       0,       0
total,                                                130788,    4063,    3135,    3135,     1.2,     0.8,     3.2,     7.1,    16.6,    31.4,   30.0,  0.02725,      0,      0,       0,       0,       0,       0
total,                                                135350,    4562,    3496,    3496,     1.1,     0.8,     2.3,     6.0,    13.8,    16.4,   31.0,  0.02636,      0,      0,       0,       0,       0,       0
total,                                                139547,    4197,    3265,    3265,     1.2,     0.8,     3.0,     7.3,    11.8,    14.0,   32.0,  0.02561,      0,      0,       0,       0,       0,       0
total,                                                144538,    4991,    3907,    3907,     1.0,     0.8,     2.2,     4.9,    11.3,    20.3,   33.0,  0.02512,      0,      0,       0,       0,       0,       0
total,                                                149445,    4907,    3809,    3809,     1.0,     0.8,     2.1,     4.1,    20.0,    26.8,   34.0,  0.02456,      0,      0,       0,       0,       0,       0
total,                                                153876,    4431,    3431,    3431,     1.1,     0.8,     2.7,     6.2,    12.3,    22.6,   35.0,  0.02385,      0,      0,       0,       0,       0,       0
total,                                                159088,    5212,    4053,    4053,     1.0,     0.8,     2.0,     3.7,    11.1,    23.0,   36.0,  0.02363,      0,      0,       0,       0,       0,       0
total,                                                163393,    4305,    3371,    3371,     1.2,     0.9,     2.7,     5.4,    12.5,    14.4,   37.0,  0.02302,      0,      0,       0,       0,       0,       0
total,                                                168081,    4688,    3593,    3593,     1.1,     0.8,     2.2,     4.3,    26.5,    29.3,   38.0,  0.02242,      0,      0,       0,       0,       0,       0
total,                                                172851,    4770,    3695,    3695,     1.0,     0.8,     2.2,     4.9,    12.1,    16.4,   39.0,  0.02188,      0,      0,       0,       0,       0,       0
total,                                                177209,    4358,    3439,    3439,     1.1,     0.8,     2.7,     5.9,    11.9,    17.5,   40.0,  0.02133,      0,      0,       0,       0,       0,       0
total,                                                182008,    4799,    3735,    3735,     1.0,     0.8,     2.3,     4.4,    12.9,    14.1,   41.0,  0.02086,      0,      0,       0,       0,       0,       0
total,                                                186420,    4412,    3444,    3444,     1.1,     0.8,     2.6,     6.0,    14.0,    18.7,   42.0,  0.02036,      0,      0,       0,       0,       0,       0
total,                                                191680,    5260,    4040,    4040,     0.9,     0.7,     2.0,     3.8,     9.2,    16.5,   43.0,  0.02017,      0,      0,       0,       0,       0,       0
total,                                                196154,    4474,    3478,    3478,     1.1,     0.8,     2.5,     5.1,    26.5,    29.2,   44.0,  0.01971,      0,      0,       0,       0,       0,       0
total,                                                200613,    4459,    3451,    3451,     1.1,     0.8,     2.6,     5.5,    13.2,    56.6,   45.0,  0.01927,      0,      0,       0,       0,       0,       0
total,                                                205177,    4564,    3545,    3545,     1.1,     0.8,     2.5,     5.4,    12.1,    14.5,   46.0,  0.01884,      0,      0,       0,       0,       0,       0
total,                                                209387,    4210,    3252,    3252,     1.2,     0.8,     2.9,     6.6,    21.8,    28.2,   47.0,  0.01850,      0,      0,       0,       0,       0,       0
total,                                                214115,    4728,    3661,    3661,     1.0,     0.8,     2.2,     3.8,    29.9,    35.7,   48.0,  0.01815,      0,      0,       0,       0,       0,       0
total,                                                218537,    4422,    3390,    3390,     1.1,     0.8,     2.5,     5.1,    18.4,    26.4,   49.0,  0.01779,      0,      0,       0,       0,       0,       0
total,                                                221809,    3272,    2524,    2524,     1.5,     0.9,     4.4,    10.5,    20.5,    41.7,   50.0,  0.01826,      0,      0,       0,       0,       0,       0
total,                                                226589,    4780,    3726,    3726,     1.0,     0.8,     2.3,     4.4,    18.8,    22.8,   51.0,  0.01794,      0,      0,       0,       0,       0,       0
total,                                                230707,    4118,    3220,    3220,     1.2,     0.9,     2.9,     7.2,    15.2,    18.8,   52.0,  0.01767,      0,      0,       0,       0,       0,       0
total,                                                235530,    4823,    3711,    3711,     1.0,     0.8,     2.2,     4.0,    11.9,    16.3,   53.0,  0.01736,      0,      0,       0,       0,       0,       0
total,                                                239768,    4238,    3321,    3321,     1.2,     0.8,     3.1,     7.8,    13.6,    17.1,   54.0,  0.01707,      0,      0,       0,       0,       0,       0
total,                                                244529,    4761,    3758,    3758,     1.0,     0.8,     2.4,     5.1,    12.8,    15.5,   55.0,  0.01680,      0,      0,       0,       0,       0,       0
total,                                                248898,    4369,    3369,    3369,     1.1,     0.8,     2.8,     6.3,    31.5,    32.6,   56.0,  0.01651,      0,      0,       0,       0,       0,       0
total,                                                253060,    4162,    3198,    3198,     1.2,     0.8,     3.2,     6.2,    12.2,    16.2,   57.0,  0.01630,      0,      0,       0,       0,       0,       0
total,                                                258000,    4940,    3851,    3851,     1.0,     0.8,     2.1,     3.6,    12.6,    18.1,   58.0,  0.01610,      0,      0,       0,       0,       0,       0
total,                                                262147,    4147,    3252,    3252,     1.2,     0.8,     2.7,     7.6,    18.8,    23.2,   59.0,  0.01588,      0,      0,       0,       0,       0,       0
total,                                                267172,    5025,    3913,    3913,     1.0,     0.8,     2.1,     3.8,     9.6,    30.0,   60.0,  0.01575,      0,      0,       0,       0,       0,       0
total,                                                271764,    4592,    3590,    3590,     1.1,     0.8,     2.4,     5.6,    11.8,    13.3,   61.0,  0.01549,      0,      0,       0,       0,       0,       0
total,                                                276566,    4802,    3722,    3722,     1.0,     0.8,     2.5,     5.6,    13.6,    15.1,   62.0,  0.01526,      0,      0,       0,       0,       0,       0
total,                                                281638,    5072,    3958,    3958,     1.0,     0.8,     2.1,     3.3,    10.3,    20.1,   63.0,  0.01515,      0,      0,       0,       0,       0,       0
total,                                                285809,    4171,    3256,    3256,     1.2,     0.9,     2.8,     6.6,    15.9,    19.7,   64.0,  0.01496,      0,      0,       0,       0,       0,       0
total,                                                290847,    5038,    3878,    3878,     1.0,     0.8,     2.1,     3.7,    10.1,    20.2,   65.0,  0.01481,      0,      0,       0,       0,       0,       0
total,                                                295563,    4716,    3675,    3675,     1.1,     0.8,     2.2,     4.4,    31.3,    36.4,   66.0,  0.01461,      0,      0,       0,       0,       0,       0
total,                                                298941,    3378,    2635,    2635,     1.5,     0.9,     4.8,    10.9,    20.2,    30.6,   67.0,  0.01486,      0,      0,       0,       0,       0,       0
total,                                                303929,    4988,    3858,    3858,     1.0,     0.8,     2.3,     5.4,    11.2,    14.3,   68.0,  0.01470,      0,      0,       0,       0,       0,       0
total,                                                308447,    4518,    3514,    3514,     1.1,     0.8,     2.5,     4.7,    11.3,    13.6,   69.0,  0.01448,      0,      0,       0,       0,       0,       0
total,                                                313582,    5135,    3944,    3944,     1.0,     0.8,     2.1,     3.8,    13.1,    15.4,   70.0,  0.01436,      0,      0,       0,       0,       0,       0
total,                                                317913,    4331,    3365,    3365,     1.1,     0.8,     2.7,     6.8,    13.7,    19.1,   71.0,  0.01418,      0,      0,       0,       0,       0,       0
total,                                                322561,    4648,    3599,    3599,     1.1,     0.8,     2.4,     4.8,    11.4,    13.2,   72.0,  0.01398,      0,      0,       0,       0,       0,       0
total,                                                328138,    5577,    4338,    4338,     0.9,     0.7,     1.8,     3.2,     8.3,    17.5,   73.0,  0.01413,      0,      0,       0,       0,       0,       0
total,                                                332409,    4271,    3309,    3309,     1.2,     0.8,     2.7,     6.1,    13.2,    15.9,   74.0,  0.01397,      0,      0,       0,       0,       0,       0
total,                                                337033,    4624,    3597,    3597,     1.1,     0.8,     2.4,     5.5,    21.5,    23.8,   75.0,  0.01378,      0,      0,       0,       0,       0,       0
total,                                                341230,    4197,    3278,    3278,     1.2,     0.9,     2.9,     6.4,    14.7,    24.2,   76.0,  0.01363,      0,      0,       0,       0,       0,       0
total,                                                346363,    5133,    3988,    3988,     1.0,     0.7,     2.2,     3.7,    13.1,    22.7,   77.0,  0.01356,      0,      0,       0,       0,       0,       0
total,                                                351424,    5061,    3951,    3951,     1.0,     0.7,     2.2,     4.2,    12.8,    28.9,   78.0,  0.01348,      0,      0,       0,       0,       0,       0
total,                                                356104,    4680,    3642,    3642,     1.1,     0.8,     2.5,     5.1,    19.4,    21.0,   79.0,  0.01331,      0,      0,       0,       0,       0,       0
total,                                                361174,    5070,    3891,    3891,     1.0,     0.8,     2.1,     4.3,    13.4,    22.3,   80.0,  0.01320,      0,      0,       0,       0,       0,       0
total,                                                365592,    4418,    3425,    3425,     1.1,     0.9,     2.5,     5.4,    13.2,    19.0,   81.0,  0.01304,      0,      0,       0,       0,       0,       0
total,                                                370534,    4942,    3805,    3805,     1.0,     0.8,     2.2,     3.7,    10.0,    20.2,   82.0,  0.01291,      0,      0,       0,       0,       0,       0
total,                                                375514,    4980,    3894,    3894,     1.0,     0.8,     2.1,     3.7,    11.5,    23.9,   83.0,  0.01281,      0,      0,       0,       0,       0,       0
total,                                                380011,    4497,    3499,    3499,     1.1,     0.8,     2.4,     5.8,    21.8,    22.4,   84.0,  0.01265,      0,      0,       0,       0,       0,       0
total,                                                384965,    4954,    3862,    3862,     1.0,     0.8,     2.2,     4.1,    11.4,    14.3,   85.0,  0.01254,      0,      0,       0,       0,       0,       0
total,                                                388994,    4029,    3118,    3118,     1.2,     0.9,     3.1,     6.9,    16.0,    22.2,   86.0,  0.01248,      0,      0,       0,       0,       0,       0
total,                                                393878,    4884,    3786,    3786,     1.0,     0.8,     2.1,     3.6,    16.7,    21.3,   87.0,  0.01235,      0,      0,       0,       0,       0,       0
total,                                                398602,    4724,    3661,    3661,     1.1,     0.8,     2.4,     4.8,    11.5,    14.7,   88.0,  0.01221,      0,      0,       0,       0,       0,       0
total,                                                403607,    5005,    3862,    3862,     1.0,     0.7,     2.2,     5.0,    12.4,    16.4,   89.0,  0.01211,      0,      0,       0,       0,       0,       0
total,                                                408777,    5170,    4048,    4048,     1.0,     0.7,     2.0,     4.6,    14.6,    22.3,   90.0,  0.01207,      0,      0,       0,       0,       0,       0
total,                                                412765,    3988,    3103,    3103,     1.2,     0.8,     3.3,     7.9,    14.4,    22.2,   91.0,  0.01202,      0,      0,       0,       0,       0,       0
total,                                                417852,    5087,    3924,    3924,     1.0,     0.8,     2.0,     3.6,     7.7,    12.6,   92.0,  0.01193,      0,      0,       0,       0,       0,       0
total,                                                422620,    4768,    3695,    3695,     1.0,     0.8,     2.2,     4.0,    31.0,    36.4,   93.0,  0.01181,      0,      0,       0,       0,       0,       0
total,                                                427734,    5114,    3992,    3992,     1.0,     0.7,     2.2,     4.5,    14.2,    19.9,   94.0,  0.01175,      0,      0,       0,       0,       0,       0
total,                                                432595,    4861,    3760,    3760,     1.0,     0.8,     2.4,     4.7,    10.3,    16.6,   95.0,  0.01164,      0,      0,       0,       0,       0,       0
total,                                                436997,    4402,    3397,    3397,     1.1,     0.8,     2.8,     5.4,    11.5,    13.4,   96.0,  0.01153,      0,      0,       0,       0,       0,       0
total,                                                442315,    5318,    4143,    4143,     0.9,     0.7,     2.0,     4.0,    13.2,    18.9,   97.0,  0.01152,      0,      0,       0,       0,       0,       0
total,                                                447121,    4806,    3759,    3759,     1.0,     0.8,     2.2,     4.4,    13.7,    25.9,   98.0,  0.01142,      0,      0,       0,       0,       0,       0
total,                                                452166,    5045,    3905,    3905,     1.0,     0.8,     2.1,     3.7,    10.6,    15.8,   99.0,  0.01133,      0,      0,       0,       0,       0,       0
total,                                                457463,    5297,    4119,    4119,     0.9,     0.7,     2.1,     3.9,     8.3,    10.0,  100.0,  0.01130,      0,      0,       0,       0,       0,       0
total,                                                461528,    4065,    3193,    3193,     1.2,     0.9,     3.0,     6.9,    16.4,    21.6,  101.0,  0.01124,      0,      0,       0,       0,       0,       0
total,                                                466284,    4756,    3681,    3681,     1.0,     0.8,     2.2,     4.1,    28.6,    30.3,  102.0,  0.01113,      0,      0,       0,       0,       0,       0
total,                                                470597,    4313,    3350,    3350,     1.2,     0.9,     2.6,     6.0,    12.2,    14.5,  103.0,  0.01105,      0,      0,       0,       0,       0,       0
total,                                                475796,    5199,    4070,    4070,     1.0,     0.8,     2.1,     3.7,     8.4,    16.9,  104.0,  0.01101,      0,      0,       0,       0,       0,       0
total,                                                481170,    5374,    4210,    4210,     0.9,     0.7,     2.0,     3.7,     7.4,    15.9,  105.0,  0.01102,      0,      0,       0,       0,       0,       0
total,                                                485768,    4598,    3595,    3595,     1.1,     0.8,     2.7,     5.4,    12.6,    16.8,  106.0,  0.01091,      0,      0,       0,       0,       0,       0
total,                                                490788,    5020,    3846,    3846,     1.0,     0.8,     2.0,     3.5,    10.2,    18.1,  107.0,  0.01083,      0,      0,       0,       0,       0,       0
total,                                                495179,    4391,    3429,    3429,     1.1,     0.8,     2.7,     5.0,    11.8,    22.2,  108.0,  0.01074,      0,      0,       0,       0,       0,       0
total,                                                500594,    5415,    4224,    4224,     0.9,     0.7,     2.0,     3.3,    14.0,    30.2,  109.0,  0.01077,      0,      0,       0,       0,       0,       0
total,                                                505798,    5204,    4013,    4013,     1.0,     0.8,     2.0,     3.3,    13.6,    19.9,  110.0,  0.01072,      0,      0,       0,       0,       0,       0
total,                                                510106,    4308,    3355,    3355,     1.2,     0.8,     2.7,     5.7,    17.6,    28.0,  111.0,  0.01064,      0,      0,       0,       0,       0,       0
total,                                                514366,    4260,    3294,    3294,     1.2,     0.8,     2.2,     4.0,   108.3,   111.0,  112.0,  0.01054,      0,      0,       0,       0,       0,       0
total,                                                519134,    4768,    3734,    3734,     1.0,     0.8,     2.4,     5.0,    12.0,    21.5,  113.0,  0.01045,      0,      0,       0,       0,       0,       0
total,                                                524139,    5005,    3889,    3889,     1.0,     0.8,     2.1,     3.9,     9.2,    16.6,  114.0,  0.01038,      0,      0,       0,       0,       0,       0
total,                                                529069,    4930,    3833,    3833,     1.0,     0.8,     2.2,     5.0,    10.6,    14.0,  115.0,  0.01030,      0,      0,       0,       0,       0,       0
total,                                                533608,    4539,    3505,    3505,     1.1,     0.8,     2.5,     5.7,    17.2,    22.6,  116.0,  0.01021,      0,      0,       0,       0,       0,       0
total,                                                538644,    5036,    3953,    3953,     1.0,     0.8,     2.1,     3.7,    10.2,    21.8,  117.0,  0.01015,      0,      0,       0,       0,       0,       0
total,                                                543032,    4388,    3425,    3425,     1.1,     0.8,     2.7,     5.2,    11.8,    16.5,  118.0,  0.01008,      0,      0,       0,       0,       0,       0
total,                                                548216,    5184,    4002,    4002,     1.0,     0.8,     2.0,     3.7,     9.5,    16.6,  119.0,  0.01003,      0,      0,       0,       0,       0,       0
total,                                                553256,    5040,    3917,    3917,     1.0,     0.8,     2.0,     5.3,    12.2,    17.5,  120.0,  0.00997,      0,      0,       0,       0,       0,       0
total,                                                557279,    4023,    3130,    3130,     1.2,     0.8,     3.1,     6.7,    53.1,    56.3,  121.0,  0.00992,      0,      0,       0,       0,       0,       0
total,                                                561931,    4652,    3588,    3588,     1.1,     0.8,     2.2,     4.0,    13.9,    24.3,  122.0,  0.00984,      0,      0,       0,       0,       0,       0
total,                                                566294,    4363,    3333,    3333,     1.1,     0.8,     2.8,     6.9,    14.1,    15.3,  123.0,  0.00979,      0,      0,       0,       0,       0,       0
total,                                                571335,    5041,    3875,    3875,     1.0,     0.8,     2.1,     3.7,     7.4,    14.8,  124.0,  0.00972,      0,      0,       0,       0,       0,       0
total,                                                575628,    4293,    3349,    3349,     1.2,     0.8,     2.6,     7.2,    15.8,    19.4,  125.0,  0.00966,      0,      0,       0,       0,       0,       0
total,                                                580407,    4779,    3697,    3697,     1.0,     0.8,     2.4,     4.8,    11.1,    14.1,  126.0,  0.00959,      0,      0,       0,       0,       0,       0
total,                                                585633,    5226,    4052,    4052,     1.0,     0.8,     2.1,     3.3,     9.2,    13.1,  127.0,  0.00955,      0,      0,       0,       0,       0,       0
total,                                                590318,    4685,    3656,    3656,     1.1,     0.8,     2.4,     5.6,    14.8,    20.7,  128.0,  0.00947,      0,      0,       0,       0,       0,       0
total,                                                595423,    5105,    3951,    3951,     1.0,     0.8,     2.0,     3.4,    13.7,    18.9,  129.0,  0.00942,      0,      0,       0,       0,       0,       0
total,                                                599893,    4470,    3464,    3464,     1.1,     0.9,     2.4,     5.5,    10.4,    13.5,  130.0,  0.00936,      0,      0,       0,       0,       0,       0
total,                                                604663,    4770,    3680,    3680,     1.0,     0.7,     2.2,     5.4,   100.9,   102.0,  131.0,  0.00932,      0,      0,       0,       0,       0,       0
total,                                                610144,    5481,    4253,    4253,     0.9,     0.7,     1.9,     3.5,    10.1,    18.6,  132.0,  0.00934,      0,      0,       0,       0,       0,       0
total,                                                614728,    4584,    3537,    3537,     1.1,     0.8,     2.7,     5.2,    10.7,    16.8,  133.0,  0.00927,      0,      0,       0,       0,       0,       0
total,                                                619827,    5099,    3921,    3921,     1.0,     0.8,     2.0,     3.5,     8.1,    22.7,  134.0,  0.00922,      0,      0,       0,       0,       0,       0
total,                                                624481,    4654,    3666,    3666,     1.1,     0.8,     2.5,     4.9,    10.9,    14.9,  135.0,  0.00916,      0,      0,       0,       0,       0,       0
total,                                                629806,    5325,    4129,    4129,     0.9,     0.7,     2.1,     4.6,    13.6,    23.3,  136.0,  0.00914,      0,      0,       0,       0,       0,       0
total,                                                635190,    5384,    4144,    4144,     0.9,     0.7,     1.9,     3.3,    12.9,    16.4,  137.0,  0.00913,      0,      0,       0,       0,       0,       0
total,                                                639582,    4392,    3347,    3347,     1.1,     0.8,     2.8,     5.6,    17.6,    24.1,  138.0,  0.00908,      0,      0,       0,       0,       0,       0
total,                                                644740,    5158,    4062,    4062,     1.0,     0.8,     2.1,     3.6,    10.2,    25.3,  139.0,  0.00906,      0,      0,       0,       0,       0,       0
total,                                                648640,    3900,    3061,    3061,     1.3,     0.8,     2.9,     7.1,    86.0,    88.1,  140.0,  0.00902,      0,      0,       0,       0,       0,       0
total,                                                653555,    4915,    3831,    3831,     1.0,     0.8,     2.1,     4.4,    10.4,    15.6,  141.0,  0.00896,      0,      0,       0,       0,       0,       0
total,                                                657300,    3745,    2891,    2891,     1.3,     0.8,     3.8,     8.6,    15.2,    20.6,  142.0,  0.00902,      0,      0,       0,       0,       0,       0
total,                                                662009,    4709,    3688,    3688,     1.1,     0.8,     2.4,     4.6,    11.0,    16.9,  143.0,  0.00896,      0,      0,       0,       0,       0,       0
total,                                                666818,    4809,    3720,    3720,     1.0,     0.8,     2.2,     4.6,    14.7,    21.2,  144.0,  0.00890,      0,      0,       0,       0,       0,       0
total,                                                671521,    4703,    3688,    3688,     1.1,     0.8,     2.4,     5.4,    12.9,    14.4,  145.0,  0.00883,      0,      0,       0,       0,       0,       0
total,                                                676181,    4660,    3610,    3610,     1.1,     0.8,     2.5,     5.1,    13.0,    21.3,  146.0,  0.00877,      0,      0,       0,       0,       0,       0
total,                                                680939,    4758,    3714,    3714,     1.0,     0.8,     2.2,     4.6,     9.4,    17.9,  147.0,  0.00871,      0,      0,       0,       0,       0,       0
total,                                                685528,    4589,    3583,    3583,     1.1,     0.9,     2.3,     4.7,    13.8,    29.0,  148.0,  0.00865,      0,      0,       0,       0,       0,       0
total,                                                690558,    5030,    3906,    3906,     1.0,     0.8,     2.0,     3.7,    11.4,    16.8,  149.0,  0.00861,      0,      0,       0,       0,       0,       0
total,                                                694516,    3958,    3055,    3055,     1.3,     0.8,     2.6,     6.2,    67.0,    68.6,  150.0,  0.00859,      0,      0,       0,       0,       0,       0
total,                                                699753,    5237,    4058,    4058,     0.9,     0.7,     2.1,     4.0,    14.6,    21.6,  151.0,  0.00856,      0,      0,       0,       0,       0,       0
total,                                                704134,    4381,    3376,    3376,     1.1,     0.8,     2.8,     5.5,    11.5,    16.5,  152.0,  0.00852,      0,      0,       0,       0,       0,       0
total,                                                709249,    5115,    3963,    3963,     1.0,     0.7,     2.1,     4.1,    11.4,    19.5,  153.0,  0.00849,      0,      0,       0,       0,       0,       0
total,                                                714279,    5030,    3909,    3909,     1.0,     0.8,     2.1,     3.8,     9.4,    12.5,  154.0,  0.00844,      0,      0,       0,       0,       0,       0
total,                                                718750,    4471,    3460,    3460,     1.1,     0.8,     2.6,     5.0,    12.9,    16.3,  155.0,  0.00839,      0,      0,       0,       0,       0,       0
total,                                                723647,    4897,    3809,    3809,     1.0,     0.8,     2.1,     4.2,    12.1,    15.0,  156.0,  0.00834,      0,      0,       0,       0,       0,       0
total,                                                728131,    4484,    3532,    3532,     1.1,     0.9,     2.4,     4.9,    15.7,    18.4,  157.0,  0.00829,      0,      0,       0,       0,       0,       0
total,                                                733159,    5028,    3831,    3831,     1.0,     0.8,     2.2,     4.4,     9.4,    24.1,  158.0,  0.00825,      0,      0,       0,       0,       0,       0
total,                                                738166,    5007,    3909,    3909,     1.0,     0.8,     2.0,     4.0,     9.8,    17.5,  159.0,  0.00821,      0,      0,       0,       0,       0,       0
total,                                                742120,    3954,    3061,    3061,     1.3,     0.8,     3.0,     6.6,    71.6,    74.5,  160.0,  0.00819,      0,      0,       0,       0,       0,       0
total,                                                746796,    4676,    3579,    3579,     1.1,     0.8,     2.4,     4.5,    14.1,    26.9,  161.0,  0.00814,      0,      0,       0,       0,       0,       0
total,                                                751241,    4445,    3437,    3437,     1.1,     0.9,     2.5,     5.2,    10.8,    16.2,  162.0,  0.00809,      0,      0,       0,       0,       0,       0
total,                                                756628,    5387,    4122,    4122,     0.9,     0.8,     1.9,     3.2,     7.3,     9.4,  163.0,  0.00808,      0,      0,       0,       0,       0,       0
total,                                                761735,    5107,    3987,    3987,     1.0,     0.8,     2.0,     4.6,    11.6,    18.2,  164.0,  0.00805,      0,      0,       0,       0,       0,       0
total,                                                766477,    4742,    3661,    3661,     1.1,     0.7,     2.3,     7.4,    17.7,    38.0,  165.0,  0.00800,      0,      0,       0,       0,       0,       0
total,                                                771147,    4670,    3629,    3629,     1.1,     0.8,     2.4,     5.4,    23.9,    41.0,  166.0,  0.00795,      0,      0,       0,       0,       0,       0
total,                                                775720,    4573,    3559,    3559,     1.1,     0.8,     2.5,     6.4,    12.9,    21.0,  167.0,  0.00790,      0,      0,       0,       0,       0,       0
total,                                                781137,    5417,    4232,    4232,     0.9,     0.7,     1.9,     3.3,     9.8,    13.0,  168.0,  0.00791,      0,      0,       0,       0,       0,       0
total,                                                785914,    4777,    3706,    3706,     1.0,     0.8,     2.4,     4.2,    13.2,    18.6,  169.0,  0.00786,      0,      0,       0,       0,       0,       0
total,                                                790765,    4851,    3771,    3771,     1.0,     0.7,     2.1,     4.5,    40.6,    44.3,  170.0,  0.00782,      0,      0,       0,       0,       0,       0
total,                                                795792,    5027,    3888,    3888,     1.0,     0.8,     2.1,     3.9,    10.6,    17.6,  171.0,  0.00778,      0,      0,       0,       0,       0,       0
total,                                                799606,    3814,    2945,    2945,     1.3,     0.9,     3.5,     8.3,    14.2,    16.7,  172.0,  0.00782,      0,      0,       0,       0,       0,       0
total,                                                804353,    4747,    3727,    3727,     1.0,     0.8,     2.4,     4.6,    10.6,    17.1,  173.0,  0.00778,      0,      0,       0,       0,       0,       0
total,                                                808941,    4588,    3565,    3565,     1.1,     0.8,     2.4,     4.9,    11.6,    20.5,  174.0,  0.00774,      0,      0,       0,       0,       0,       0
total,                                                813738,    4797,    3775,    3775,     1.0,     0.8,     2.3,     4.1,    10.2,    12.4,  175.0,  0.00769,      0,      0,       0,       0,       0,       0
total,                                                818503,    4765,    3734,    3734,     1.0,     0.8,     2.2,     4.7,    11.4,    21.2,  176.0,  0.00765,      0,      0,       0,       0,       0,       0
total,                                                822690,    4187,    3282,    3282,     1.2,     0.8,     2.9,     6.8,    17.3,    29.4,  177.0,  0.00763,      0,      0,       0,       0,       0,       0
total,                                                827855,    5165,    4067,    4067,     1.0,     0.8,     2.0,     3.6,    10.1,    17.6,  178.0,  0.00761,      0,      0,       0,       0,       0,       0
total,                                                832666,    4811,    3741,    3741,     1.0,     0.8,     2.2,     4.5,    15.7,    25.7,  179.0,  0.00757,      0,      0,       0,       0,       0,       0
total,                                                837223,    4557,    3572,    3572,     1.1,     0.8,     2.4,     5.2,    28.6,    37.7,  180.0,  0.00752,      0,      0,       0,       0,       0,       0
total,                                                842374,    5151,    3996,    3996,     1.0,     0.7,     2.1,     4.4,    12.1,    17.0,  181.0,  0.00750,      0,      0,       0,       0,       0,       0
total,                                                846670,    4296,    3304,    3304,     1.2,     0.8,     2.7,     7.7,    18.4,    25.5,  182.0,  0.00748,      0,      0,       0,       0,       0,       0
total,                                                851723,    5053,    3976,    3976,     1.0,     0.8,     2.0,     3.6,     8.6,    14.6,  183.0,  0.00745,      0,      0,       0,       0,       0,       0
total,                                                856058,    4335,    3379,    3379,     1.1,     0.9,     2.7,     5.4,    13.2,    17.7,  184.0,  0.00742,      0,      0,       0,       0,       0,       0
total,                                                861151,    5093,    3994,    3994,     1.0,     0.8,     2.0,     3.2,    11.9,    19.2,  185.0,  0.00740,      0,      0,       0,       0,       0,       0
total,                                                865703,    4552,    3552,    3552,     1.1,     0.8,     2.5,     5.1,    10.8,    16.6,  186.0,  0.00736,      0,      0,       0,       0,       0,       0
total,                                                870397,    4694,    3604,    3604,     1.1,     0.8,     2.4,     5.7,    16.0,    29.9,  187.0,  0.00732,      0,      0,       0,       0,       0,       0
total,                                                875341,    4944,    3870,    3870,     1.0,     0.8,     2.1,     3.9,    12.6,    18.0,  188.0,  0.00728,      0,      0,       0,       0,       0,       0
total,                                                879838,    4497,    3506,    3506,     1.1,     0.8,     2.6,     5.2,    10.5,    18.8,  189.0,  0.00725,      0,      0,       0,       0,       0,       0
total,                                                884808,    4970,    3881,    3881,     1.0,     0.8,     2.1,     3.9,    28.9,    35.2,  190.0,  0.00722,      0,      0,       0,       0,       0,       0
total,                                                889565,    4757,    3698,    3698,     1.0,     0.8,     2.5,     4.5,    11.4,    15.1,  191.0,  0.00719,      0,      0,       0,       0,       0,       0
total,                                                894507,    4942,    3868,    3868,     1.0,     0.8,     2.2,     5.1,    12.1,    18.7,  192.0,  0.00715,      0,      0,       0,       0,       0,       0
total,                                                899611,    5104,    3990,    3990,     1.0,     0.8,     2.0,     3.7,    10.8,    22.6,  193.0,  0.00713,      0,      0,       0,       0,       0,       0
total,                                                904085,    4474,    3467,    3467,     1.1,     0.8,     2.7,     5.1,     9.3,    34.3,  194.0,  0.00710,      0,      0,       0,       0,       0,       0
total,                                                909234,    5149,    3966,    3966,     1.0,     0.8,     1.9,     3.5,    10.6,    17.4,  195.0,  0.00707,      0,      0,       0,       0,       0,       0
total,                                                913614,    4380,    3384,    3384,     1.1,     0.8,     2.5,     7.2,    15.7,    17.2,  196.0,  0.00705,      0,      0,       0,       0,       0,       0
total,                                                918641,    5027,    3882,    3882,     1.0,     0.8,     2.3,     4.3,    11.1,    18.2,  197.0,  0.00702,      0,      0,       0,       0,       0,       0
total,                                                923744,    5103,    3941,    3941,     1.0,     0.7,     2.2,     4.0,    10.4,    14.2,  198.0,  0.00699,      0,      0,       0,       0,       0,       0
total,                                                926925,    3181,    2500,    2500,     1.6,     0.9,     5.3,    10.8,    15.7,    18.8,  199.0,  0.00714,      0,      0,       0,       0,       0,       0
total,                                                931954,    5029,    3910,    3910,     1.0,     0.7,     2.1,     4.8,    12.6,    36.4,  200.0,  0.00712,      0,      0,       0,       0,       0,       0
total,                                                936896,    4942,    3820,    3820,     1.0,     0.8,     2.2,     4.8,    10.9,    13.8,  201.0,  0.00709,      0,      0,       0,       0,       0,       0
total,                                                942304,    5408,    4183,    4183,     0.9,     0.7,     2.0,     5.8,    11.9,    21.3,  202.0,  0.00709,      0,      0,       0,       0,       0,       0
total,                                                947776,    5472,    4181,    4181,     0.9,     0.8,     1.8,     3.2,     9.3,    15.7,  203.0,  0.00708,      0,      0,       0,       0,       0,       0
total,                                                952155,    4379,    3435,    3435,     1.1,     0.8,     2.6,     5.7,    15.2,    24.4,  204.0,  0.00705,      0,      0,       0,       0,       0,       0
total,                                                957196,    5041,    3922,    3922,     1.0,     0.8,     2.1,     4.0,     9.7,    14.1,  205.0,  0.00703,      0,      0,       0,       0,       0,       0
total,                                                961343,    4147,    3212,    3212,     1.2,     0.8,     3.0,     8.2,    15.4,    18.0,  206.0,  0.00702,      0,      0,       0,       0,       0,       0
total,                                                966541,    5198,    3991,    3991,     1.0,     0.7,     2.1,     4.9,    12.8,    16.0,  207.0,  0.00700,      0,      0,       0,       0,       0,       0
total,                                                971569,    5028,    3906,    3906,     1.0,     0.8,     2.2,     3.6,    12.8,    16.9,  208.0,  0.00697,      0,      0,       0,       0,       0,       0
total,                                                976028,    4459,    3430,    3430,     1.1,     0.8,     2.5,     5.8,    33.1,    33.8,  209.0,  0.00694,      0,      0,       0,       0,       0,       0
total,                                                981037,    5009,    3921,    3921,     1.0,     0.8,     2.1,     3.5,    11.7,    23.7,  210.0,  0.00692,      0,      0,       0,       0,       0,       0
total,                                                985032,    3995,    3099,    3099,     1.2,     0.9,     3.0,     7.2,    16.7,    28.4,  211.0,  0.00692,      0,      0,       0,       0,       0,       0
total,                                                989880,    4848,    3785,    3785,     1.0,     0.8,     2.4,     4.4,    10.8,    11.9,  212.0,  0.00689,      0,      0,       0,       0,       0,       0
total,                                                994776,    4896,    3837,    3837,     1.0,     0.8,     2.1,     3.8,     8.8,    11.6,  213.0,  0.00686,      0,      0,       0,       0,       0,       0
total,                                                998923,    4147,    3218,    3218,     1.2,     0.8,     3.1,     6.1,    11.6,    17.2,  214.0,  0.00685,      0,      0,       0,       0,       0,       0
total,                                               1000000,    4589,    3536,    3536,     1.1,     0.8,     2.5,     6.4,    15.7,    30.1,  214.2,  0.00683,      0,      0,       0,       0,       0,       0


Results:
Op rate                   :    4,668 op/s  [t2.select_entity_by_id: 4,668 op/s]
Partition rate            :    3,626 pk/s  [t2.select_entity_by_id: 3,626 pk/s]
Row rate                  :    3,626 row/s [t2.select_entity_by_id: 3,626 row/s]
Latency mean              :    1.1 ms [t2.select_entity_by_id: 1.1 ms]
Latency median            :    0.8 ms [t2.select_entity_by_id: 0.8 ms]
Latency 95th percentile   :    2.4 ms [t2.select_entity_by_id: 2.4 ms]
Latency 99th percentile   :    5.1 ms [t2.select_entity_by_id: 5.1 ms]
Latency 99.9th percentile :   13.9 ms [t2.select_entity_by_id: 13.9 ms]
Latency max               :  111.0 ms [t2.select_entity_by_id: 111.0 ms]
Total partitions          :    776,771 [t2.select_entity_by_id: 776,771]
Total errors              :          0 [t2.select_entity_by_id: 0]
Total GC count            : 0
Total GC memory           : 0.000 KiB
Total GC time             :    0.0 seconds
Avg GC time               :    NaN ms
StdDev GC time            :    0.0 ms
Total operation time      : 00:03:34

END
