******************** Stress Settings ********************
Command:
  Type: user
  Count: 100,000
  No Warmup: false
  Consistency Level: LOCAL_ONE
  Target Uncertainty: not applicable
  Command Ratios: {t2.insert=1.0}
  Command Clustering Distribution: clustering=gaussian(1..10)
  Profile File(s): t2_entities.yaml
Rate:
  Auto: false
  Thread Count: 5
  OpsPer Sec: 0
Population:
  Distribution: Gaussian:  min=1,max=100000,mean=50000.500000,stdev=16666.500000
  Order: ARBITRARY
  Wrap: false
Insert:
  Revisits: Uniform:  min=1,max=1000000
  Visits: Fixed:  key=1
  Row Population Ratio: Ratio: divisor=1.000000;delegate=Fixed:  key=1
  Batch Type: not batching
Errors:
  Ignore: false
  Tries: 10
Log:
  No Summary: false
  No Settings: false
  File: entities_100K_write_5_threads.log
  Interval Millis: 1000
  Level: NORMAL
Mode:
  API: JAVA_DRIVER_NATIVE
  Connection Style: CQL_PREPARED
  CQL Version: CQL3
  Protocol Version: V5
  Username: null
  Password: null
  Auth Provide Class: null
  Max Pending Per Connection: 128
  Connections Per Host: 8
  Compression: NONE
Node:
  Nodes: [localhost]
  Is White List: false
  Datacenter: null
Schema:
  Keyspace: null
  Replication Strategy: org.apache.cassandra.locator.SimpleStrategy
  Replication Strategy Options: {replication_factor=1}
  Table Compression: null
  Table Compaction Strategy: null
  Table Compaction Strategy Options: {}
Transport:
  truststore=null; truststore-password=null; keystore=null; keystore-password=null; ssl-protocol=TLS; ssl-alg=null; ssl-ciphers=TLS_RSA_WITH_AES_128_CBC_SHA,TLS_RSA_WITH_AES_256_CBC_SHA; 
Port:
  Native Port: 9042
  JMX Port: 7199
Graph:
  File: entities_100K_threads_5.html
  Revision: Insert
  Title: NVO_Cassandra_POC_entities_Table_100K_Records_5_Threads
  Operation: USER
TokenRange:
  Wrap: false
  Split Factor: 1

******************** Profile(s) ********************
  Keyspace Name: tagging
  Keyspace CQL: 
***
CREATE KEYSPACE tagging WITH replication = {'class': 'SimpleStrategy', 'replication_factor': 1};
***

  Table Name: entities
  Table CQL: 
***
CREATE TABLE entities (
  id uuid PRIMARY KEY,
  name text,
  type text,
  metadata text
);
***

  Extra Schema Definitions: null
  Generator Configs:
    metadata: Size: Uniform:  min=10,max=50;
    name: Size: Uniform:  min=5,max=20;Identity: Uniform:  min=1,max=1000;
    id: Size: Gaussian:  min=5,max=10,mean=7.500000,stdev=0.833333;Identity: Uniform:  min=1,max=10000000;
    type: Size: Uniform:  min=5,max=15;Identity: Uniform:  min=1,max=100;
  Query Definitions:
    select_entity_by_id: CQL:SELECT * FROM entities WHERE id = ?;Fields:samerow;
    select_all_entities: CQL:SELECT * FROM entities;Fields:null;
    update_entity_name: CQL:UPDATE entities SET name = ? WHERE id = ?;Fields:samerow;
    delete_entity_by_id: CQL:DELETE FROM entities WHERE id = ?;Fields:samerow;
  Token Range Queries:
  Insert Settings:
    partitions: fixed(1)
    select: fixed(1)/500
    batchtype: UNLOGGED
Generating batches with [1..1] partitions and [0..0] rows (of [1..1] total rows in the partitions)

Sleeping 2s...
Warming up t2.insert with 25000 iterations...
Running [t2.insert] with 5 threads for 100000 iteration
type                                               total ops,    op/s,    pk/s,   row/s,    mean,     med,     .95,     .99,    .999,     max,   time,   stderr, errors,  gc: #,  max ms,  sum ms,  sdv ms,      mb
total,                                                  1293,    1293,    1293,    1293,     1.2,     0.9,     2.6,     7.3,    17.6,    18.2,    1.0,  0.00000,      0,      0,       0,       0,       0,       0
total,                                                  4823,    3530,    3530,    3530,     1.4,     0.9,     3.3,    15.3,    22.2,    22.6,    2.0,  0.32923,      0,      0,       0,       0,       0,       0
total,                                                  7926,    3103,    3103,    3103,     1.6,     1.0,     4.4,    13.6,    24.5,    30.1,    3.0,  0.21285,      0,      0,       0,       0,       0,       0
total,                                                 12070,    4144,    4144,    4144,     1.2,     0.8,     2.4,    12.0,    26.3,    27.9,    4.0,  0.17687,      0,      0,       0,       0,       0,       0
total,                                                 15785,    3715,    3715,    3715,     1.3,     0.8,     3.6,    11.5,    22.7,    23.5,    5.0,  0.14084,      0,      0,       0,       0,       0,       0
total,                                                 20252,    4467,    4467,    4467,     1.1,     0.8,     2.4,     9.9,    18.3,    20.6,    6.0,  0.12432,      0,      0,       0,       0,       0,       0
total,                                                 24781,    4529,    4529,    4529,     1.1,     0.8,     2.4,     7.9,    18.9,    23.4,    7.0,  0.11032,      0,      0,       0,       0,       0,       0
total,                                                 29302,    4521,    4521,    4521,     1.1,     0.7,     2.7,     7.9,    32.5,    35.9,    8.0,  0.09880,      0,      0,       0,       0,       0,       0
total,                                                 34771,    5469,    5469,    5469,     0.9,     0.7,     2.0,     3.6,     9.2,    15.7,    9.0,  0.09598,      0,      0,       0,       0,       0,       0
total,                                                 39825,    5054,    5054,    5054,     1.0,     0.7,     2.4,     5.0,    10.9,    16.8,   10.0,  0.08826,      0,      0,       0,       0,       0,       0
total,                                                 45178,    5353,    5353,    5353,     0.9,     0.7,     2.0,     4.5,    11.1,    18.2,   11.0,  0.08285,      0,      0,       0,       0,       0,       0
total,                                                 49752,    4574,    4574,    4574,     1.1,     0.8,     2.7,     6.1,    15.3,    20.1,   12.0,  0.07576,      0,      0,       0,       0,       0,       0
total,                                                 53651,    3899,    3899,    3899,     1.3,     0.7,     2.1,     5.0,   242.5,   245.4,   13.0,  0.07058,      0,      0,       0,       0,       0,       0
total,                                                 58703,    5052,    5052,    5052,     1.0,     0.8,     2.2,     4.5,    11.1,    18.0,   14.0,  0.06596,      0,      0,       0,       0,       0,       0
total,                                                 63099,    4396,    4396,    4396,     1.1,     0.8,     2.9,     6.2,    13.2,    17.5,   15.0,  0.06149,      0,      0,       0,       0,       0,       0
total,                                                 68144,    5045,    5045,    5045,     1.0,     0.7,     2.4,     5.4,    12.1,    19.4,   16.0,  0.05797,      0,      0,       0,       0,       0,       0
total,                                                 72677,    4533,    4533,    4533,     1.1,     0.7,     2.6,     6.8,    17.3,    21.1,   17.0,  0.05448,      0,      0,       0,       0,       0,       0
total,                                                 77632,    4955,    4955,    4955,     1.0,     0.7,     2.2,     6.4,    20.6,    23.2,   18.0,  0.05162,      0,      0,       0,       0,       0,       0
total,                                                 82330,    4698,    4698,    4698,     1.1,     0.7,     2.3,     8.4,    21.4,    26.1,   19.0,  0.04886,      0,      0,       0,       0,       0,       0
total,                                                 87024,    4694,    4694,    4694,     1.1,     0.8,     2.5,     5.9,    11.7,    16.6,   20.0,  0.04637,      0,      0,       0,       0,       0,       0
total,                                                 92435,    5411,    5411,    5411,     0.9,     0.7,     1.9,     3.3,    14.0,    28.9,   21.0,  0.04501,      0,      0,       0,       0,       0,       0
total,                                                 96429,    3994,    3994,    3994,     1.2,     0.7,     2.3,     7.3,   220.7,   229.8,   22.0,  0.04312,      0,      0,       0,       0,       0,       0
total,                                                100000,    6255,    6255,    6255,     0.8,     0.6,     1.6,     3.3,    10.8,    11.4,   22.6,  0.04374,      0,      0,       0,       0,       0,       0


Results:
Op rate                   :    4,430 op/s  [t2.insert: 4,430 op/s]
Partition rate            :    4,430 pk/s  [t2.insert: 4,430 pk/s]
Row rate                  :    4,430 row/s [t2.insert: 4,430 row/s]
Latency mean              :    1.1 ms [t2.insert: 1.1 ms]
Latency median            :    0.7 ms [t2.insert: 0.7 ms]
Latency 95th percentile   :    2.4 ms [t2.insert: 2.4 ms]
Latency 99th percentile   :    6.3 ms [t2.insert: 6.3 ms]
Latency 99.9th percentile :   19.7 ms [t2.insert: 19.7 ms]
Latency max               :  245.4 ms [t2.insert: 245.4 ms]
Total partitions          :    100,000 [t2.insert: 100,000]
Total errors              :          0 [t2.insert: 0]
Total GC count            : 0
Total GC memory           : 0.000 KiB
Total GC time             :    0.0 seconds
Avg GC time               :    NaN ms
StdDev GC time            :    0.0 ms
Total operation time      : 00:00:22

END
