******************** Stress Settings ********************
Command:
  Type: user
  Count: 1,000,000
  No Warmup: false
  Consistency Level: LOCAL_ONE
  Target Uncertainty: not applicable
  Command Ratios: {t2.update_entity_name=1.0}
  Command Clustering Distribution: clustering=gaussian(1..10)
  Profile File(s): t2_entities.yaml
Rate:
  Auto: false
  Thread Count: 5
  OpsPer Sec: 0
Population:
  Distribution: Gaussian:  min=1,max=1000000,mean=500000.500000,stdev=166666.500000
  Order: ARBITRARY
  Wrap: false
Insert:
  Revisits: Uniform:  min=1,max=1000000
  Visits: Fixed:  key=1
  Row Population Ratio: Ratio: divisor=1.000000;delegate=Fixed:  key=1
  Batch Type: not batching
Errors:
  Ignore: false
  Tries: 10
Log:
  No Summary: false
  No Settings: false
  File: entities_1M_2_5_threads.log
  Interval Millis: 1000
  Level: NORMAL
Mode:
  API: JAVA_DRIVER_NATIVE
  Connection Style: CQL_PREPARED
  CQL Version: CQL3
  Protocol Version: V5
  Username: null
  Password: null
  Auth Provide Class: null
  Max Pending Per Connection: 128
  Connections Per Host: 8
  Compression: NONE
Node:
  Nodes: [localhost]
  Is White List: false
  Datacenter: null
Schema:
  Keyspace: null
  Replication Strategy: org.apache.cassandra.locator.SimpleStrategy
  Replication Strategy Options: {replication_factor=1}
  Table Compression: null
  Table Compaction Strategy: null
  Table Compaction Strategy Options: {}
Transport:
  truststore=null; truststore-password=null; keystore=null; keystore-password=null; ssl-protocol=TLS; ssl-alg=null; ssl-ciphers=TLS_RSA_WITH_AES_128_CBC_SHA,TLS_RSA_WITH_AES_256_CBC_SHA; 
Port:
  Native Port: 9042
  JMX Port: 7199
Graph:
  File: entities_1M_threads_5.html
  Revision: 2
  Title: NVO_Cassandra_POC_entities_Table_1M_Records_5_Threads
  Operation: USER
TokenRange:
  Wrap: false
  Split Factor: 1

******************** Profile(s) ********************
  Keyspace Name: tagging
  Keyspace CQL: 
***
CREATE KEYSPACE tagging WITH replication = {'class': 'SimpleStrategy', 'replication_factor': 1};
***

  Table Name: entities
  Table CQL: 
***
CREATE TABLE entities (
  id uuid PRIMARY KEY,
  name text,
  type text,
  metadata text
);
***

  Extra Schema Definitions: null
  Generator Configs:
    metadata: Size: Uniform:  min=10,max=50;
    name: Size: Uniform:  min=5,max=20;Identity: Uniform:  min=1,max=1000;
    id: Size: Gaussian:  min=5,max=10,mean=7.500000,stdev=0.833333;Identity: Uniform:  min=1,max=10000000;
    type: Size: Uniform:  min=5,max=15;Identity: Uniform:  min=1,max=100;
  Query Definitions:
    select_entity_by_id: CQL:SELECT * FROM entities WHERE id = ?;Fields:samerow;
    select_all_entities: CQL:SELECT * FROM entities;Fields:null;
    update_entity_name: CQL:UPDATE entities SET name = ? WHERE id = ?;Fields:samerow;
    delete_entity_by_id: CQL:DELETE FROM entities WHERE id = ?;Fields:samerow;
  Token Range Queries:
  Insert Settings:
    partitions: fixed(1)
    select: fixed(1)/500
    batchtype: UNLOGGED
Generating batches with [1..1] partitions and [0..0] rows (of [1..1] total rows in the partitions)

Sleeping 2s...
Warming up t2.update_entity_name with 50000 iterations...
Running [t2.update_entity_name] with 5 threads for 1000000 iteration
type                                               total ops,    op/s,    pk/s,   row/s,    mean,     med,     .95,     .99,    .999,     max,   time,   stderr, errors,  gc: #,  max ms,  sum ms,  sdv ms,      mb
total,                                                  3958,    3958,       0,       0,     1.1,     0.8,     2.8,     6.8,    12.9,    24.8,    1.0,      NaN,      0,      0,       0,       0,       0,       0
total,                                                  9141,    5183,       0,       0,     1.0,     0.7,     2.1,     5.7,    15.4,    17.6,    2.0,      NaN,      0,      0,       0,       0,       0,       0
total,                                                 13757,    4616,       0,       0,     1.1,     0.8,     2.3,     7.7,    15.7,    18.1,    3.0,      NaN,      0,      0,       0,       0,       0,       0
total,                                                 19382,    5625,       0,       0,     0.9,     0.7,     1.8,     4.1,    16.5,    22.9,    4.0,      NaN,      0,      0,       0,       0,       0,       0
total,                                                 25450,    6068,       0,       0,     0.8,     0.6,     1.8,     3.3,    12.4,    21.1,    5.0,      NaN,      0,      0,       0,       0,       0,       0
total,                                                 31228,    5778,       0,       0,     0.9,     0.6,     2.0,     4.0,     9.7,    17.9,    6.0,      NaN,      0,      0,       0,       0,       0,       0
total,                                                 37118,    5890,       0,       0,     0.8,     0.7,     1.8,     3.7,     9.6,    14.4,    7.0,      NaN,      0,      0,       0,       0,       0,       0
total,                                                 42442,    5324,       0,       0,     0.9,     0.7,     2.2,     5.4,    10.3,    13.1,    8.0,      NaN,      0,      0,       0,       0,       0,       0
total,                                                 46780,    4338,       0,       0,     1.1,     0.6,     1.9,     3.6,   256.2,   259.3,    9.0,      NaN,      0,      0,       0,       0,       0,       0
total,                                                 52333,    5553,       0,       0,     0.9,     0.7,     1.9,     3.9,     9.7,    12.6,   10.0,      NaN,      0,      0,       0,       0,       0,       0
total,                                                 56201,    3868,       0,       0,     1.3,     0.8,     3.4,     9.2,    24.4,    42.4,   11.0,      NaN,      0,      0,       0,       0,       0,       0
total,                                                 60332,    4131,       0,       0,     1.2,     0.8,     2.7,    11.6,    20.6,    26.0,   12.0,      NaN,      0,      0,       0,       0,       0,       0
total,                                                 62646,    2314,       0,       0,     2.2,     0.8,     3.6,    12.3,   408.7,   410.0,   13.0,      NaN,      0,      0,       0,       0,       0,       0
total,                                                 68429,    5783,       0,       0,     0.9,     0.7,     1.8,     3.3,    18.0,    23.8,   14.0,      NaN,      0,      0,       0,       0,       0,       0
total,                                                 74029,    5600,       0,       0,     0.9,     0.7,     1.9,     4.0,    11.1,    14.2,   15.0,      NaN,      0,      0,       0,       0,       0,       0
total,                                                 79279,    5250,       0,       0,     0.9,     0.7,     2.1,     4.4,    13.0,    17.8,   16.0,      NaN,      0,      0,       0,       0,       0,       0
total,                                                 84897,    5618,       0,       0,     0.9,     0.7,     1.9,     3.5,     8.6,    11.6,   17.0,      NaN,      0,      0,       0,       0,       0,       0
total,                                                 89743,    4846,       0,       0,     1.0,     0.7,     2.4,     6.8,    12.5,    17.3,   18.0,      NaN,      0,      0,       0,       0,       0,       0
total,                                                 95236,    5493,       0,       0,     0.9,     0.7,     2.0,     3.9,     7.7,    15.4,   19.0,      NaN,      0,      0,       0,       0,       0,       0
total,                                                100352,    5116,       0,       0,     1.0,     0.7,     2.2,     4.2,    14.2,    20.2,   20.0,      NaN,      0,      0,       0,       0,       0,       0
total,                                                105127,    4775,       0,       0,     1.0,     0.7,     2.4,     8.2,    15.8,    25.8,   21.0,      NaN,      0,      0,       0,       0,       0,       0
total,                                                110902,    5775,       0,       0,     0.9,     0.7,     1.8,     3.2,     8.7,    13.9,   22.0,      NaN,      0,      0,       0,       0,       0,       0
total,                                                112685,    1783,       0,       0,     2.8,     0.8,     4.5,    10.8,   521.7,   521.7,   23.0,      NaN,      0,      0,       0,       0,       0,       0
total,                                                118033,    5348,       0,       0,     0.9,     0.7,     2.0,     3.3,     8.3,    14.9,   24.0,      NaN,      0,      0,       0,       0,       0,       0
total,                                                123600,    5567,       0,       0,     0.9,     0.7,     1.9,     4.2,    11.6,    17.9,   25.0,      NaN,      0,      0,       0,       0,       0,       0
total,                                                129386,    5786,       0,       0,     0.9,     0.7,     1.8,     3.6,    11.5,    22.1,   26.0,      NaN,      0,      0,       0,       0,       0,       0
total,                                                134319,    4933,       0,       0,     1.0,     0.7,     2.2,     4.6,    30.4,    40.5,   27.0,      NaN,      0,      0,       0,       0,       0,       0
total,                                                138982,    4663,       0,       0,     1.1,     0.7,     2.7,     7.5,    16.5,    19.1,   28.0,      NaN,      0,      0,       0,       0,       0,       0
total,                                                144501,    5519,       0,       0,     0.9,     0.7,     1.9,     3.6,     9.1,    44.3,   29.0,      NaN,      0,      0,       0,       0,       0,       0
total,                                                150286,    5785,       0,       0,     0.9,     0.7,     1.8,     3.8,    11.5,    18.8,   30.0,      NaN,      0,      0,       0,       0,       0,       0
total,                                                155660,    5374,       0,       0,     0.9,     0.7,     1.9,     4.5,    17.6,    27.8,   31.0,      NaN,      0,      0,       0,       0,       0,       0
total,                                                161432,    5772,       0,       0,     0.9,     0.7,     1.9,     3.9,    10.9,    18.7,   32.0,      NaN,      0,      0,       0,       0,       0,       0
total,                                                166500,    5068,       0,       0,     1.0,     0.7,     2.2,     4.8,    11.9,    13.7,   33.0,      NaN,      0,      0,       0,       0,       0,       0
total,                                                171668,    5168,       0,       0,     1.0,     0.7,     2.2,     5.5,    15.7,    22.5,   34.0,      NaN,      0,      0,       0,       0,       0,       0
total,                                                176635,    4967,       0,       0,     1.0,     0.7,     2.4,     5.4,    16.5,    28.4,   35.0,      NaN,      0,      0,       0,       0,       0,       0
total,                                                178839,    2204,       0,       0,     2.3,     0.7,     2.1,     8.4,   589.8,   590.9,   36.0,      NaN,      0,      0,       0,       0,       0,       0
total,                                                184800,    5961,       0,       0,     0.8,     0.7,     1.7,     3.1,     8.3,    16.1,   37.0,      NaN,      0,      0,       0,       0,       0,       0
total,                                                189698,    4898,       0,       0,     1.0,     0.7,     2.6,     5.5,    12.3,    14.5,   38.0,      NaN,      0,      0,       0,       0,       0,       0
total,                                                195382,    5684,       0,       0,     0.9,     0.7,     1.9,     3.4,     9.4,    19.8,   39.0,      NaN,      0,      0,       0,       0,       0,       0
total,                                                200514,    5132,       0,       0,     1.0,     0.7,     2.4,     5.1,    13.3,    19.4,   40.0,      NaN,      0,      0,       0,       0,       0,       0
total,                                                206003,    5489,       0,       0,     0.9,     0.6,     1.8,     3.7,    19.2,    93.1,   41.0,      NaN,      0,      0,       0,       0,       0,       0
total,                                                211206,    5203,       0,       0,     1.0,     0.7,     2.0,     4.0,    20.8,    50.3,   42.0,      NaN,      0,      0,       0,       0,       0,       0
total,                                                216321,    5115,       0,       0,     1.0,     0.7,     2.3,     5.2,    11.8,    27.4,   43.0,      NaN,      0,      0,       0,       0,       0,       0
total,                                                221764,    5443,       0,       0,     0.9,     0.7,     1.8,     3.8,    16.7,    20.6,   44.0,      NaN,      0,      0,       0,       0,       0,       0
total,                                                226971,    5207,       0,       0,     1.0,     0.7,     2.1,     5.0,    12.2,    15.7,   45.0,      NaN,      0,      0,       0,       0,       0,       0
total,                                                232782,    5811,       0,       0,     0.9,     0.7,     1.8,     3.3,     8.6,     9.9,   46.0,      NaN,      0,      0,       0,       0,       0,       0
total,                                                238185,    5403,       0,       0,     0.9,     0.7,     2.0,     6.2,    12.7,    20.0,   47.0,      NaN,      0,      0,       0,       0,       0,       0
total,                                                243628,    5443,       0,       0,     0.9,     0.7,     2.1,     4.1,     9.4,    19.1,   48.0,      NaN,      0,      0,       0,       0,       0,       0
total,                                                246284,    2656,       0,       0,     1.9,     0.7,     2.2,     5.1,   480.8,   481.0,   49.0,      NaN,      0,      0,       0,       0,       0,       0
total,                                                251338,    5054,       0,       0,     1.0,     0.7,     2.3,     5.4,    12.7,    22.8,   50.0,      NaN,      0,      0,       0,       0,       0,       0
total,                                                257252,    5914,       0,       0,     0.8,     0.7,     1.7,     2.9,    12.9,    20.9,   51.0,      NaN,      0,      0,       0,       0,       0,       0
total,                                                262660,    5408,       0,       0,     0.9,     0.7,     2.2,     4.5,    10.5,    14.0,   52.0,      NaN,      0,      0,       0,       0,       0,       0
total,                                                266877,    4217,       0,       0,     1.2,     0.7,     2.2,     6.3,   112.6,   142.3,   53.0,      NaN,      0,      0,       0,       0,       0,       0
total,                                                272100,    5223,       0,       0,     0.9,     0.7,     1.9,     4.4,    17.0,    71.4,   54.0,      NaN,      0,      0,       0,       0,       0,       0
total,                                                277414,    5314,       0,       0,     0.9,     0.7,     2.3,     4.4,    11.3,    15.6,   55.0,      NaN,      0,      0,       0,       0,       0,       0
total,                                                283243,    5829,       0,       0,     0.9,     0.7,     1.7,     3.2,    16.2,    36.7,   56.0,      NaN,      0,      0,       0,       0,       0,       0
total,                                                288435,    5192,       0,       0,     1.0,     0.7,     2.1,     5.0,    11.9,    19.7,   57.0,      NaN,      0,      0,       0,       0,       0,       0
total,                                                293863,    5428,       0,       0,     0.9,     0.7,     2.1,     4.8,    11.9,    21.8,   58.0,      NaN,      0,      0,       0,       0,       0,       0
total,                                                298967,    5104,       0,       0,     1.0,     0.7,     2.1,     6.3,    17.6,    23.3,   59.0,      NaN,      0,      0,       0,       0,       0,       0
total,                                                304052,    5085,       0,       0,     1.0,     0.7,     2.2,     4.6,    10.9,    12.0,   60.0,      NaN,      0,      0,       0,       0,       0,       0
total,                                                309817,    5765,       0,       0,     0.9,     0.7,     1.8,     3.4,     8.2,    20.9,   61.0,      NaN,      0,      0,       0,       0,       0,       0
total,                                                313729,    3912,       0,       0,     1.3,     0.7,     2.4,     5.8,   192.5,   192.7,   62.0,      NaN,      0,      0,       0,       0,       0,       0
total,                                                318785,    5056,       0,       0,     1.0,     0.7,     2.2,     4.6,    12.8,    29.7,   63.0,      NaN,      0,      0,       0,       0,       0,       0
total,                                                324412,    5627,       0,       0,     0.9,     0.7,     2.0,     3.6,    15.6,    18.2,   64.0,      NaN,      0,      0,       0,       0,       0,       0
total,                                                329799,    5387,       0,       0,     0.9,     0.7,     2.0,     4.8,    11.1,    18.2,   65.0,      NaN,      0,      0,       0,       0,       0,       0
total,                                                335723,    5924,       0,       0,     0.8,     0.7,     1.8,     3.3,    10.8,    19.8,   66.0,      NaN,      0,      0,       0,       0,       0,       0
total,                                                341463,    5740,       0,       0,     0.9,     0.6,     2.0,     4.4,    12.2,    21.3,   67.0,      NaN,      0,      0,       0,       0,       0,       0
total,                                                347271,    5808,       0,       0,     0.9,     0.6,     1.8,     4.3,    13.2,    18.6,   68.0,      NaN,      0,      0,       0,       0,       0,       0
total,                                                352777,    5506,       0,       0,     0.9,     0.7,     1.9,     4.0,    17.0,    41.3,   69.0,      NaN,      0,      0,       0,       0,       0,       0
total,                                                358017,    5240,       0,       0,     0.9,     0.7,     2.1,     4.7,    11.7,    15.2,   70.0,      NaN,      0,      0,       0,       0,       0,       0
total,                                                363704,    5687,       0,       0,     0.9,     0.7,     1.9,     3.9,    10.3,    18.1,   71.0,      NaN,      0,      0,       0,       0,       0,       0
total,                                                368177,    4473,       0,       0,     1.1,     0.7,     2.5,     7.3,    75.8,    86.8,   72.0,      NaN,      0,      0,       0,       0,       0,       0
total,                                                372737,    4560,       0,       0,     0.9,     0.7,     2.0,     4.2,    19.1,    26.0,   73.0,      NaN,      0,      0,       0,       0,       0,       0
total,                                                378343,    5606,       0,       0,     1.0,     0.6,     2.2,     4.8,    15.1,   172.9,   74.0,      NaN,      0,      0,       0,       0,       0,       0
total,                                                383697,    5354,       0,       0,     0.9,     0.7,     2.2,     4.3,     8.5,    10.3,   75.0,      NaN,      0,      0,       0,       0,       0,       0
total,                                                389477,    5780,       0,       0,     0.9,     0.7,     1.9,     3.8,    10.6,    18.6,   76.0,      NaN,      0,      0,       0,       0,       0,       0
total,                                                394726,    5249,       0,       0,     0.9,     0.7,     2.2,     4.8,     9.9,    15.7,   77.0,      NaN,      0,      0,       0,       0,       0,       0
total,                                                400327,    5601,       0,       0,     0.9,     0.7,     1.8,     3.9,    15.4,    23.1,   78.0,      NaN,      0,      0,       0,       0,       0,       0
total,                                                405426,    5099,       0,       0,     1.0,     0.7,     2.1,     5.1,    12.5,    19.8,   79.0,      NaN,      0,      0,       0,       0,       0,       0
total,                                                411081,    5655,       0,       0,     0.9,     0.7,     1.9,     3.5,    16.4,    24.6,   80.0,      NaN,      0,      0,       0,       0,       0,       0
total,                                                417227,    6146,       0,       0,     0.8,     0.6,     1.6,     3.0,    13.3,    19.6,   81.0,      NaN,      0,      0,       0,       0,       0,       0
total,                                                422011,    4784,       0,       0,     1.0,     0.7,     2.2,     5.0,    84.5,    92.8,   82.0,      NaN,      0,      0,       0,       0,       0,       0
total,                                                427698,    5687,       0,       0,     0.9,     0.7,     1.8,     3.7,    13.8,    18.3,   83.0,      NaN,      0,      0,       0,       0,       0,       0
total,                                                432470,    4772,       0,       0,     1.0,     0.8,     2.4,     5.5,    16.1,    26.2,   84.0,      NaN,      0,      0,       0,       0,       0,       0
total,                                                438421,    5951,       0,       0,     0.8,     0.7,     1.8,     3.1,     7.7,    13.6,   85.0,      NaN,      0,      0,       0,       0,       0,       0
total,                                                441820,    3399,       0,       0,     1.5,     0.7,     2.1,     5.1,   346.8,   347.3,   86.0,      NaN,      0,      0,       0,       0,       0,       0
total,                                                447200,    5380,       0,       0,     0.9,     0.7,     2.1,     4.4,     9.7,    14.5,   87.0,      NaN,      0,      0,       0,       0,       0,       0
total,                                                452615,    5415,       0,       0,     0.9,     0.7,     2.0,     4.3,    16.2,    21.0,   88.0,      NaN,      0,      0,       0,       0,       0,       0
total,                                                457563,    4948,       0,       0,     1.0,     0.7,     2.3,     4.8,    13.4,    15.0,   89.0,      NaN,      0,      0,       0,       0,       0,       0
total,                                                463283,    5720,       0,       0,     0.9,     0.7,     1.8,     3.0,    11.4,    15.7,   90.0,      NaN,      0,      0,       0,       0,       0,       0
total,                                                468427,    5144,       0,       0,     1.0,     0.7,     2.1,     4.3,    11.6,    15.3,   91.0,      NaN,      0,      0,       0,       0,       0,       0
total,                                                473522,    5095,       0,       0,     1.0,     0.7,     2.2,     4.8,    11.5,    17.3,   92.0,      NaN,      0,      0,       0,       0,       0,       0
total,                                                479054,    5532,       0,       0,     0.9,     0.7,     1.8,     3.4,    14.5,    21.1,   93.0,      NaN,      0,      0,       0,       0,       0,       0
total,                                                483969,    4915,       0,       0,     1.0,     0.7,     2.4,     5.2,    11.7,    13.3,   94.0,      NaN,      0,      0,       0,       0,       0,       0
total,                                                490151,    6182,       0,       0,     0.8,     0.6,     1.6,     3.3,     9.0,    14.4,   95.0,      NaN,      0,      0,       0,       0,       0,       0
total,                                                495956,    5805,       0,       0,     0.9,     0.6,     1.7,     4.2,    13.8,    48.1,   96.0,      NaN,      0,      0,       0,       0,       0,       0
total,                                                501554,    5598,       0,       0,     0.9,     0.7,     1.9,     4.7,    12.1,    16.9,   97.0,      NaN,      0,      0,       0,       0,       0,       0
total,                                                506978,    5424,       0,       0,     0.9,     0.7,     1.9,     3.6,    12.5,    14.4,   98.0,      NaN,      0,      0,       0,       0,       0,       0
total,                                                510339,    3361,       0,       0,     1.5,     0.8,     2.8,     6.8,   248.8,   251.4,   99.0,      NaN,      0,      0,       0,       0,       0,       0
total,                                                516925,    6586,       0,       0,     0.8,     0.6,     1.5,     3.0,     8.0,    18.3,  100.0,      NaN,      0,      0,       0,       0,       0,       0
total,                                                522246,    5321,       0,       0,     0.9,     0.7,     2.2,     4.8,    13.1,    13.5,  101.0,      NaN,      0,      0,       0,       0,       0,       0
total,                                                527495,    5249,       0,       0,     0.9,     0.7,     2.1,     3.8,     8.6,    21.6,  102.0,      NaN,      0,      0,       0,       0,       0,       0
total,                                                532675,    5180,       0,       0,     1.0,     0.7,     2.2,     4.6,    13.4,    16.4,  103.0,      NaN,      0,      0,       0,       0,       0,       0
total,                                                537020,    4345,       0,       0,     1.1,     0.8,     3.0,     6.6,    14.4,    24.4,  104.0,      NaN,      0,      0,       0,       0,       0,       0
total,                                                542710,    5690,       0,       0,     0.9,     0.7,     1.9,     3.5,     8.8,    12.4,  105.0,      NaN,      0,      0,       0,       0,       0,       0
total,                                                548059,    5349,       0,       0,     0.9,     0.7,     2.1,     4.9,    14.5,    20.9,  106.0,      NaN,      0,      0,       0,       0,       0,       0
total,                                                553684,    5625,       0,       0,     0.9,     0.7,     1.9,     3.5,    10.8,    17.5,  107.0,      NaN,      0,      0,       0,       0,       0,       0
total,                                                559127,    5443,       0,       0,     0.9,     0.7,     1.9,     4.2,    10.7,    17.8,  108.0,      NaN,      0,      0,       0,       0,       0,       0
total,                                                564309,    5182,       0,       0,     1.0,     0.7,     2.2,     4.9,    12.9,    21.0,  109.0,      NaN,      0,      0,       0,       0,       0,       0
total,                                                569382,    5073,       0,       0,     1.0,     0.7,     1.7,     3.0,    12.9,   172.0,  110.0,      NaN,      0,      0,       0,       0,       0,       0
total,                                                572420,    3038,       0,       0,     0.9,     0.7,     1.9,     3.9,     9.8,    11.5,  111.0,      NaN,      0,      0,       0,       0,       0,       0
total,                                                577600,    5180,       0,       0,     1.4,     0.7,     1.9,     3.3,     8.6,   593.0,  112.0,      NaN,      0,      0,       0,       0,       0,       0
total,                                                583228,    5628,       0,       0,     0.9,     0.7,     2.0,     4.0,    10.9,    22.9,  113.0,      NaN,      0,      0,       0,       0,       0,       0
total,                                                588248,    5020,       0,       0,     1.0,     0.7,     2.3,     5.8,    11.7,    20.7,  114.0,      NaN,      0,      0,       0,       0,       0,       0
total,                                                593903,    5655,       0,       0,     0.9,     0.7,     1.9,     3.8,    12.9,    24.6,  115.0,      NaN,      0,      0,       0,       0,       0,       0
total,                                                597265,    3362,       0,       0,     1.2,     0.7,     2.4,     6.1,   119.0,   153.1,  116.0,      NaN,      0,      0,       0,       0,       0,       0
total,                                                602534,    5269,       0,       0,     1.1,     0.7,     1.9,     4.1,    60.4,   187.3,  117.0,      NaN,      0,      0,       0,       0,       0,       0
total,                                                607417,    4883,       0,       0,     1.0,     0.7,     2.4,     6.0,    12.3,    18.5,  118.0,      NaN,      0,      0,       0,       0,       0,       0
total,                                                612684,    5267,       0,       0,     0.9,     0.7,     2.1,     4.3,    11.0,    14.7,  119.0,      NaN,      0,      0,       0,       0,       0,       0
total,                                                618461,    5777,       0,       0,     0.9,     0.7,     1.8,     3.0,    16.6,    26.2,  120.0,      NaN,      0,      0,       0,       0,       0,       0
total,                                                623501,    5040,       0,       0,     1.0,     0.7,     2.3,     5.0,    13.8,    21.9,  121.0,      NaN,      0,      0,       0,       0,       0,       0
total,                                                629469,    5968,       0,       0,     0.8,     0.7,     1.7,     3.0,    11.7,    13.8,  122.0,      NaN,      0,      0,       0,       0,       0,       0
total,                                                634517,    5048,       0,       0,     1.0,     0.7,     2.2,     4.9,    15.3,    22.3,  123.0,      NaN,      0,      0,       0,       0,       0,       0
total,                                                638972,    4455,       0,       0,     0.9,     0.7,     1.9,     3.9,    30.7,    37.5,  124.0,      NaN,      0,      0,       0,       0,       0,       0
total,                                                642639,    3667,       0,       0,     1.6,     0.7,     1.7,     3.2,   578.3,   578.8,  125.0,      NaN,      0,      0,       0,       0,       0,       0
total,                                                647922,    5283,       0,       0,     0.9,     0.7,     2.1,     4.4,    12.2,    17.8,  126.0,      NaN,      0,      0,       0,       0,       0,       0
total,                                                653766,    5844,       0,       0,     0.9,     0.7,     1.8,     3.5,    10.1,    14.8,  127.0,      NaN,      0,      0,       0,       0,       0,       0
total,                                                658765,    4999,       0,       0,     1.0,     0.7,     2.2,     4.7,    14.4,    22.7,  128.0,      NaN,      0,      0,       0,       0,       0,       0
total,                                                664532,    5767,       0,       0,     0.9,     0.7,     1.8,     3.3,     9.7,    14.2,  129.0,      NaN,      0,      0,       0,       0,       0,       0
total,                                                670327,    5795,       0,       0,     0.9,     0.7,     1.9,     3.5,     8.3,    19.4,  130.0,      NaN,      0,      0,       0,       0,       0,       0
total,                                                675729,    5402,       0,       0,     0.9,     0.7,     2.1,     4.4,    13.2,    21.9,  131.0,      NaN,      0,      0,       0,       0,       0,       0
total,                                                680664,    4935,       0,       0,     1.0,     0.7,     2.5,     6.5,    17.4,    19.4,  132.0,      NaN,      0,      0,       0,       0,       0,       0
total,                                                685499,    4835,       0,       0,     1.0,     0.7,     2.5,     6.6,    15.0,    15.5,  133.0,      NaN,      0,      0,       0,       0,       0,       0
total,                                                690938,    5439,       0,       0,     0.9,     0.7,     1.9,     3.7,    10.1,    18.9,  134.0,      NaN,      0,      0,       0,       0,       0,       0
total,                                                695499,    4561,       0,       0,     1.1,     0.8,     2.6,     6.1,    13.5,    17.5,  135.0,      NaN,      0,      0,       0,       0,       0,       0
total,                                                700973,    5474,       0,       0,     0.9,     0.7,     2.1,     4.8,    10.5,    15.1,  136.0,      NaN,      0,      0,       0,       0,       0,       0
total,                                                706383,    5410,       0,       0,     0.8,     0.6,     1.8,     4.3,    15.8,    25.0,  137.0,      NaN,      0,      0,       0,       0,       0,       0
total,                                                708642,    2259,       0,       0,     2.4,     0.8,     3.1,     7.7,   567.3,   568.9,  138.0,      NaN,      0,      0,       0,       0,       0,       0
total,                                                714207,    5565,       0,       0,     0.9,     0.7,     1.8,     3.6,    27.1,    46.7,  139.0,      NaN,      0,      0,       0,       0,       0,       0
total,                                                719702,    5495,       0,       0,     0.9,     0.7,     1.9,     4.2,    15.7,    22.7,  140.0,      NaN,      0,      0,       0,       0,       0,       0
total,                                                724739,    5037,       0,       0,     1.0,     0.7,     2.3,     5.5,    13.2,    19.2,  141.0,      NaN,      0,      0,       0,       0,       0,       0
total,                                                730240,    5501,       0,       0,     0.9,     0.7,     2.0,     3.4,    10.6,    11.9,  142.0,      NaN,      0,      0,       0,       0,       0,       0
total,                                                734920,    4680,       0,       0,     1.1,     0.7,     2.6,     6.0,    15.9,    19.9,  143.0,      NaN,      0,      0,       0,       0,       0,       0
total,                                                740762,    5842,       0,       0,     0.8,     0.7,     1.8,     2.8,     9.9,    15.8,  144.0,      NaN,      0,      0,       0,       0,       0,       0
total,                                                745585,    4823,       0,       0,     1.0,     0.7,     2.6,     6.1,    16.8,    19.9,  145.0,      NaN,      0,      0,       0,       0,       0,       0
total,                                                751219,    5634,       0,       0,     0.9,     0.7,     1.9,     4.5,    15.9,    22.2,  146.0,      NaN,      0,      0,       0,       0,       0,       0
total,                                                757139,    5920,       0,       0,     0.8,     0.6,     1.7,     3.3,    24.1,    28.8,  147.0,      NaN,      0,      0,       0,       0,       0,       0
total,                                                762163,    5024,       0,       0,     1.0,     0.7,     2.4,     6.3,    10.9,    15.2,  148.0,      NaN,      0,      0,       0,       0,       0,       0
total,                                                768062,    5899,       0,       0,     0.8,     0.7,     1.8,     3.3,    11.2,    17.4,  149.0,      NaN,      0,      0,       0,       0,       0,       0
total,                                                773213,    5151,       0,       0,     1.0,     0.7,     2.2,     5.7,    12.0,    17.0,  150.0,      NaN,      0,      0,       0,       0,       0,       0
total,                                                776761,    3548,       0,       0,     1.4,     0.7,     2.1,     5.0,   347.6,   350.2,  151.0,      NaN,      0,      0,       0,       0,       0,       0
total,                                                782273,    5512,       0,       0,     0.9,     0.7,     1.9,     3.7,    15.8,    36.3,  152.0,      NaN,      0,      0,       0,       0,       0,       0
total,                                                787293,    5020,       0,       0,     1.0,     0.7,     2.2,     5.3,    10.9,    15.1,  153.0,      NaN,      0,      0,       0,       0,       0,       0
total,                                                793045,    5752,       0,       0,     0.9,     0.7,     1.8,     3.0,     6.4,    15.1,  154.0,      NaN,      0,      0,       0,       0,       0,       0
total,                                                797849,    4804,       0,       0,     1.0,     0.8,     2.4,     4.8,    11.2,    12.3,  155.0,      NaN,      0,      0,       0,       0,       0,       0
total,                                                803589,    5740,       0,       0,     0.9,     0.7,     1.9,     4.0,    12.0,    20.8,  156.0,      NaN,      0,      0,       0,       0,       0,       0
total,                                                809321,    5732,       0,       0,     0.9,     0.7,     1.7,     3.1,    10.0,    19.7,  157.0,      NaN,      0,      0,       0,       0,       0,       0
total,                                                814425,    5104,       0,       0,     1.0,     0.7,     2.2,     5.2,    12.5,    20.4,  158.0,      NaN,      0,      0,       0,       0,       0,       0
total,                                                820319,    5894,       0,       0,     0.8,     0.7,     1.8,     3.3,     8.8,    14.4,  159.0,      NaN,      0,      0,       0,       0,       0,       0
total,                                                825526,    5207,       0,       0,     1.0,     0.7,     2.2,     4.9,    11.6,    20.3,  160.0,      NaN,      0,      0,       0,       0,       0,       0
total,                                                831075,    5549,       0,       0,     0.9,     0.7,     1.9,     3.9,    11.2,    26.0,  161.0,      NaN,      0,      0,       0,       0,       0,       0
total,                                                836811,    5736,       0,       0,     0.9,     0.7,     1.8,     3.2,    13.3,    40.4,  162.0,      NaN,      0,      0,       0,       0,       0,       0
total,                                                841480,    4669,       0,       0,     1.1,     0.7,     2.4,     8.1,    12.1,    17.7,  163.0,      NaN,      0,      0,       0,       0,       0,       0
total,                                                846631,    5151,       0,       0,     1.0,     0.7,     1.9,     3.7,    16.1,    75.2,  164.0,      NaN,      0,      0,       0,       0,       0,       0
total,                                                851444,    4813,       0,       0,     1.0,     0.8,     2.4,     4.9,    13.0,    19.3,  165.0,      NaN,      0,      0,       0,       0,       0,       0
total,                                                857471,    6027,       0,       0,     0.8,     0.6,     1.6,     3.0,    25.9,    41.3,  166.0,      NaN,      0,      0,       0,       0,       0,       0
total,                                                862721,    5250,       0,       0,     0.9,     0.7,     2.0,     4.0,    10.0,    16.2,  167.0,      NaN,      0,      0,       0,       0,       0,       0
total,                                                867752,    5031,       0,       0,     1.0,     0.7,     2.3,     5.0,    12.6,    16.0,  168.0,      NaN,      0,      0,       0,       0,       0,       0
total,                                                873176,    5424,       0,       0,     0.9,     0.7,     1.9,     3.3,    17.6,    32.1,  169.0,      NaN,      0,      0,       0,       0,       0,       0
total,                                                878256,    5080,       0,       0,     1.0,     0.7,     2.3,     4.5,    12.0,    18.3,  170.0,      NaN,      0,      0,       0,       0,       0,       0
total,                                                883811,    5555,       0,       0,     0.9,     0.7,     1.8,     3.5,    18.2,    25.0,  171.0,      NaN,      0,      0,       0,       0,       0,       0
total,                                                889073,    5262,       0,       0,     0.9,     0.7,     2.2,     4.9,    13.5,    21.5,  172.0,      NaN,      0,      0,       0,       0,       0,       0
total,                                                894309,    5236,       0,       0,     0.9,     0.7,     2.1,     4.8,    11.7,    14.9,  173.0,      NaN,      0,      0,       0,       0,       0,       0
total,                                                900182,    5873,       0,       0,     0.8,     0.7,     1.8,     2.9,     7.5,    10.7,  174.0,      NaN,      0,      0,       0,       0,       0,       0
total,                                                904582,    4400,       0,       0,     1.1,     0.8,     2.7,     6.6,    13.7,    18.3,  175.0,      NaN,      0,      0,       0,       0,       0,       0
total,                                                909858,    5276,       0,       0,     0.9,     0.7,     1.8,     3.6,    15.7,    70.6,  176.0,      NaN,      0,      0,       0,       0,       0,       0
total,                                                915176,    5318,       0,       0,     0.9,     0.7,     2.0,     4.2,    10.4,    21.5,  177.0,      NaN,      0,      0,       0,       0,       0,       0
total,                                                920350,    5174,       0,       0,     1.0,     0.7,     2.2,     5.5,    12.3,    14.4,  178.0,      NaN,      0,      0,       0,       0,       0,       0
total,                                                925971,    5621,       0,       0,     0.9,     0.7,     1.9,     3.3,    12.3,    23.8,  179.0,      NaN,      0,      0,       0,       0,       0,       0
total,                                                930842,    4871,       0,       0,     1.0,     0.7,     2.3,     4.9,    38.5,    51.8,  180.0,      NaN,      0,      0,       0,       0,       0,       0
total,                                                936662,    5820,       0,       0,     0.9,     0.7,     1.8,     3.3,     9.6,    15.8,  181.0,      NaN,      0,      0,       0,       0,       0,       0
total,                                                941587,    4925,       0,       0,     1.0,     0.8,     2.3,     4.8,    12.8,    16.9,  182.0,      NaN,      0,      0,       0,       0,       0,       0
total,                                                947380,    5793,       0,       0,     0.9,     0.7,     1.7,     3.0,     8.8,    12.5,  183.0,      NaN,      0,      0,       0,       0,       0,       0
total,                                                953372,    5992,       0,       0,     0.8,     0.6,     1.8,     3.3,    11.1,    17.9,  184.0,      NaN,      0,      0,       0,       0,       0,       0
total,                                                958232,    4860,       0,       0,     1.0,     0.7,     2.6,     5.4,    12.2,    25.7,  185.0,      NaN,      0,      0,       0,       0,       0,       0
total,                                                964162,    5930,       0,       0,     0.8,     0.7,     1.7,     3.3,    11.7,    16.7,  186.0,      NaN,      0,      0,       0,       0,       0,       0
total,                                                969700,    5538,       0,       0,     0.9,     0.7,     2.0,     3.8,    14.1,    28.6,  187.0,      NaN,      0,      0,       0,       0,       0,       0
total,                                                975381,    5681,       0,       0,     0.9,     0.7,     1.9,     3.8,     9.8,    11.7,  188.0,      NaN,      0,      0,       0,       0,       0,       0
total,                                                980514,    5133,       0,       0,     1.0,     0.7,     1.9,     3.4,    11.9,    78.4,  189.0,      NaN,      0,      0,       0,       0,       0,       0
total,                                                985790,    5276,       0,       0,     0.9,     0.7,     2.1,     4.0,    11.9,    24.3,  190.0,      NaN,      0,      0,       0,       0,       0,       0
total,                                                991465,    5675,       0,       0,     0.9,     0.7,     1.9,     4.5,    10.3,    17.0,  191.0,      NaN,      0,      0,       0,       0,       0,       0
total,                                                996543,    5078,       0,       0,     1.0,     0.7,     2.2,     5.3,    14.2,    31.8,  192.0,      NaN,      0,      0,       0,       0,       0,       0
total,                                               1000000,    4969,       0,       0,     1.0,     0.7,     2.0,     5.1,    49.9,    51.1,  192.7,      NaN,      0,      0,       0,       0,       0,       0


Results:
Op rate                   :    5,190 op/s  [t2.update_entity_name: 5,190 op/s]
Partition rate            :        0 pk/s  [t2.update_entity_name: 0 pk/s]
Row rate                  :        0 row/s [t2.update_entity_name: 0 row/s]
Latency mean              :    1.0 ms [t2.update_entity_name: 1.0 ms]
Latency median            :    0.7 ms [t2.update_entity_name: 0.7 ms]
Latency 95th percentile   :    2.0 ms [t2.update_entity_name: 2.0 ms]
Latency 99th percentile   :    4.4 ms [t2.update_entity_name: 4.4 ms]
Latency 99.9th percentile :   13.5 ms [t2.update_entity_name: 13.5 ms]
Latency max               :  593.0 ms [t2.update_entity_name: 593.0 ms]
Total partitions          :          0 [t2.update_entity_name: 0]
Total errors              :          0 [t2.update_entity_name: 0]
Total GC count            : 0
Total GC memory           : 0.000 KiB
Total GC time             :    0.0 seconds
Avg GC time               :    NaN ms
StdDev GC time            :    0.0 ms
Total operation time      : 00:03:12

END
