******************** Stress Settings ********************
Command:
  Type: user
  Count: 100,000
  No Warmup: false
  Consistency Level: LOCAL_ONE
  Target Uncertainty: not applicable
  Command Ratios: {t3.delete_tag_entity=1.0}
  Command Clustering Distribution: clustering=gaussian(1..10)
  Profile File(s): t3_tag_entities.yaml
Rate:
  Auto: false
  Thread Count: 5
  OpsPer Sec: 0
Population:
  Distribution: Gaussian:  min=1,max=100000,mean=50000.500000,stdev=16666.500000
  Order: ARBITRARY
  Wrap: false
Insert:
  Revisits: Uniform:  min=1,max=1000000
  Visits: Fixed:  key=1
  Row Population Ratio: Ratio: divisor=1.000000;delegate=Fixed:  key=1
  Batch Type: not batching
Errors:
  Ignore: false
  Tries: 10
Log:
  No Summary: false
  No Settings: false
  File: tag_entities_100K_2_5_threads.log
  Interval Millis: 1000
  Level: NORMAL
Mode:
  API: JAVA_DRIVER_NATIVE
  Connection Style: CQL_PREPARED
  CQL Version: CQL3
  Protocol Version: V5
  Username: null
  Password: null
  Auth Provide Class: null
  Max Pending Per Connection: 128
  Connections Per Host: 8
  Compression: NONE
Node:
  Nodes: [localhost]
  Is White List: false
  Datacenter: null
Schema:
  Keyspace: null
  Replication Strategy: org.apache.cassandra.locator.SimpleStrategy
  Replication Strategy Options: {replication_factor=1}
  Table Compression: null
  Table Compaction Strategy: null
  Table Compaction Strategy Options: {}
Transport:
  truststore=null; truststore-password=null; keystore=null; keystore-password=null; ssl-protocol=TLS; ssl-alg=null; ssl-ciphers=TLS_RSA_WITH_AES_128_CBC_SHA,TLS_RSA_WITH_AES_256_CBC_SHA; 
Port:
  Native Port: 9042
  JMX Port: 7199
Graph:
  File: tag_entities_100K_threads_5.html
  Revision: 2
  Title: NVO_Cassandra_POC_tag_entities_Table_100K_Records_5_Threads
  Operation: USER
TokenRange:
  Wrap: false
  Split Factor: 1

******************** Profile(s) ********************
  Keyspace Name: tagging
  Keyspace CQL: 
***
CREATE KEYSPACE IF NOT EXISTS tagging WITH replication = {'class': 'SimpleStrategy', 'replication_factor': 1};
***

  Table Name: tag_entities
  Table CQL: 
***
CREATE TABLE IF NOT EXISTS tag_entities (
  tag_id UUID,
  entity_id UUID,
  PRIMARY KEY (tag_id, entity_id)
);
***

  Extra Schema Definitions: null
  Generator Configs:
    tag_id: Size: Gaussian:  min=5,max=10,mean=7.500000,stdev=0.833333;Identity: Uniform:  min=1,max=10000000;
    entity_id: Size: Gaussian:  min=5,max=10,mean=7.500000,stdev=0.833333;Identity: Uniform:  min=1,max=10000000;
  Query Definitions:
    select_entities_by_tag: CQL:SELECT * FROM tag_entities WHERE tag_id = ?;Fields:samerow;
    delete_tag_entity: CQL:DELETE FROM tag_entities WHERE tag_id = ? AND entity_id = ?;Fields:samerow;
  Token Range Queries:
  Insert Settings:
    partitions: fixed(1)
    select: fixed(1)/500
    batchtype: UNLOGGED
Generating batches with [1..1] partitions and [0..0] rows (of [1..1] total rows in the partitions)

Sleeping 2s...
Warming up t3.delete_tag_entity with 25000 iterations...
Running [t3.delete_tag_entity] with 5 threads for 100000 iteration
type                                               total ops,    op/s,    pk/s,   row/s,    mean,     med,     .95,     .99,    .999,     max,   time,   stderr, errors,  gc: #,  max ms,  sum ms,  sdv ms,      mb
total,                                                  2030,    2030,       0,       0,     1.4,     0.9,     2.7,    21.5,    25.5,    26.0,    1.0,      NaN,      0,      0,       0,       0,       0,       0
total,                                                  5606,    3576,       0,       0,     1.4,     0.8,     2.8,    19.3,    28.0,    29.5,    2.0,      NaN,      0,      0,       0,       0,       0,       0
total,                                                  8963,    3357,       0,       0,     1.5,     0.8,     4.1,    13.5,    24.4,    30.2,    3.0,      NaN,      0,      0,       0,       0,       0,       0
total,                                                 12824,    3861,       0,       0,     1.3,     0.8,     2.6,    18.6,    23.2,    25.7,    4.0,      NaN,      0,      0,       0,       0,       0,       0
total,                                                 16775,    3951,       0,       0,     1.2,     0.8,     3.0,     7.5,    18.6,    21.3,    5.0,      NaN,      0,      0,       0,       0,       0,       0
total,                                                 20945,    4170,       0,       0,     1.2,     0.7,     2.4,    14.2,    49.8,    53.8,    6.0,      NaN,      0,      0,       0,       0,       0,       0
total,                                                 25355,    4410,       0,       0,     1.1,     0.7,     2.8,     8.6,    23.1,    24.2,    7.0,      NaN,      0,      0,       0,       0,       0,       0
total,                                                 30021,    4666,       0,       0,     1.1,     0.7,     2.6,     7.3,    13.5,    20.9,    8.0,      NaN,      0,      0,       0,       0,       0,       0
total,                                                 35105,    5084,       0,       0,     1.0,     0.7,     2.2,     5.5,    16.5,    18.8,    9.0,      NaN,      0,      0,       0,       0,       0,       0
total,                                                 40258,    5153,       0,       0,     1.0,     0.7,     2.2,     5.4,    17.6,    19.2,   10.0,      NaN,      0,      0,       0,       0,       0,       0
total,                                                 46255,    5997,       0,       0,     0.8,     0.7,     1.8,     3.3,     6.5,     9.8,   11.0,      NaN,      0,      0,       0,       0,       0,       0
total,                                                 52172,    5917,       0,       0,     0.8,     0.6,     1.8,     3.8,    12.2,    40.4,   12.0,      NaN,      0,      0,       0,       0,       0,       0
total,                                                 57561,    5389,       0,       0,     0.9,     0.7,     2.0,     4.5,    15.1,    40.9,   13.0,      NaN,      0,      0,       0,       0,       0,       0
total,                                                 62768,    5207,       0,       0,     0.9,     0.7,     2.2,     5.2,     9.1,    16.3,   14.0,      NaN,      0,      0,       0,       0,       0,       0
total,                                                 67309,    4541,       0,       0,     1.1,     0.7,     2.9,     6.7,    13.8,    26.2,   15.0,      NaN,      0,      0,       0,       0,       0,       0
total,                                                 73526,    6217,       0,       0,     0.8,     0.6,     1.6,     3.1,     6.1,    13.4,   16.0,      NaN,      0,      0,       0,       0,       0,       0
total,                                                 78893,    5367,       0,       0,     0.9,     0.6,     2.0,     4.9,    38.4,    65.2,   17.0,      NaN,      0,      0,       0,       0,       0,       0
total,                                                 84596,    5703,       0,       0,     0.9,     0.7,     1.9,     4.1,     9.8,    19.2,   18.0,      NaN,      0,      0,       0,       0,       0,       0
total,                                                 88608,    4012,       0,       0,     1.2,     0.7,     2.3,     6.4,   176.6,   178.9,   19.0,      NaN,      0,      0,       0,       0,       0,       0
total,                                                 93702,    5094,       0,       0,     1.0,     0.7,     2.2,     5.3,    15.0,    20.0,   20.0,      NaN,      0,      0,       0,       0,       0,       0
total,                                                100000,    6326,       0,       0,     0.8,     0.6,     1.7,     3.0,     5.1,    10.5,   21.0,      NaN,      0,      0,       0,       0,       0,       0


Results:
Op rate                   :    4,763 op/s  [t3.delete_tag_entity: 4,763 op/s]
Partition rate            :        0 pk/s  [t3.delete_tag_entity: 0 pk/s]
Row rate                  :        0 row/s [t3.delete_tag_entity: 0 row/s]
Latency mean              :    1.0 ms [t3.delete_tag_entity: 1.0 ms]
Latency median            :    0.7 ms [t3.delete_tag_entity: 0.7 ms]
Latency 95th percentile   :    2.3 ms [t3.delete_tag_entity: 2.3 ms]
Latency 99th percentile   :    5.7 ms [t3.delete_tag_entity: 5.7 ms]
Latency 99.9th percentile :   21.8 ms [t3.delete_tag_entity: 21.8 ms]
Latency max               :  178.9 ms [t3.delete_tag_entity: 178.9 ms]
Total partitions          :          0 [t3.delete_tag_entity: 0]
Total errors              :          0 [t3.delete_tag_entity: 0]
Total GC count            : 0
Total GC memory           : 0.000 KiB
Total GC time             :    0.0 seconds
Avg GC time               :    NaN ms
StdDev GC time            :    0.0 ms
Total operation time      : 00:00:20

END
