******************** Stress Settings ********************
Command:
  Type: user
  Count: 100,000
  No Warmup: false
  Consistency Level: LOCAL_ONE
  Target Uncertainty: not applicable
  Command Ratios: {t3.delete_tag_entity=1.0}
  Command Clustering Distribution: clustering=gaussian(1..10)
  Profile File(s): t3_tag_entities.yaml
Rate:
  Auto: false
  Thread Count: 1
  OpsPer Sec: 0
Population:
  Distribution: Gaussian:  min=1,max=100000,mean=50000.500000,stdev=16666.500000
  Order: ARBITRARY
  Wrap: false
Insert:
  Revisits: Uniform:  min=1,max=1000000
  Visits: Fixed:  key=1
  Row Population Ratio: Ratio: divisor=1.000000;delegate=Fixed:  key=1
  Batch Type: not batching
Errors:
  Ignore: false
  Tries: 10
Log:
  No Summary: false
  No Settings: false
  File: tag_entities_100K_2_1_threads.log
  Interval Millis: 1000
  Level: NORMAL
Mode:
  API: JAVA_DRIVER_NATIVE
  Connection Style: CQL_PREPARED
  CQL Version: CQL3
  Protocol Version: V5
  Username: null
  Password: null
  Auth Provide Class: null
  Max Pending Per Connection: 128
  Connections Per Host: 8
  Compression: NONE
Node:
  Nodes: [localhost]
  Is White List: false
  Datacenter: null
Schema:
  Keyspace: null
  Replication Strategy: org.apache.cassandra.locator.SimpleStrategy
  Replication Strategy Options: {replication_factor=1}
  Table Compression: null
  Table Compaction Strategy: null
  Table Compaction Strategy Options: {}
Transport:
  truststore=null; truststore-password=null; keystore=null; keystore-password=null; ssl-protocol=TLS; ssl-alg=null; ssl-ciphers=TLS_RSA_WITH_AES_128_CBC_SHA,TLS_RSA_WITH_AES_256_CBC_SHA; 
Port:
  Native Port: 9042
  JMX Port: 7199
Graph:
  File: tag_entities_100K_threads_1.html
  Revision: 2
  Title: NVO_Cassandra_POC_tag_entities_Table_100K_Records_1_Threads
  Operation: USER
TokenRange:
  Wrap: false
  Split Factor: 1

******************** Profile(s) ********************
  Keyspace Name: tagging
  Keyspace CQL: 
***
CREATE KEYSPACE IF NOT EXISTS tagging WITH replication = {'class': 'SimpleStrategy', 'replication_factor': 1};
***

  Table Name: tag_entities
  Table CQL: 
***
CREATE TABLE IF NOT EXISTS tag_entities (
  tag_id UUID,
  entity_id UUID,
  PRIMARY KEY (tag_id, entity_id)
);
***

  Extra Schema Definitions: null
  Generator Configs:
    tag_id: Size: Gaussian:  min=5,max=10,mean=7.500000,stdev=0.833333;Identity: Uniform:  min=1,max=10000000;
    entity_id: Size: Gaussian:  min=5,max=10,mean=7.500000,stdev=0.833333;Identity: Uniform:  min=1,max=10000000;
  Query Definitions:
    select_entities_by_tag: CQL:SELECT * FROM tag_entities WHERE tag_id = ?;Fields:samerow;
    delete_tag_entity: CQL:DELETE FROM tag_entities WHERE tag_id = ? AND entity_id = ?;Fields:samerow;
  Token Range Queries:
  Insert Settings:
    partitions: fixed(1)
    select: fixed(1)/500
    batchtype: UNLOGGED
Generating batches with [1..1] partitions and [0..0] rows (of [1..1] total rows in the partitions)

Sleeping 2s...
Warming up t3.delete_tag_entity with 25000 iterations...
Running [t3.delete_tag_entity] with 1 threads for 100000 iteration
type                                               total ops,    op/s,    pk/s,   row/s,    mean,     med,     .95,     .99,    .999,     max,   time,   stderr, errors,  gc: #,  max ms,  sum ms,  sdv ms,      mb
total,                                                   242,     242,       0,       0,     0.4,     0.4,     0.6,     1.1,     3.6,     3.6,    1.0,      NaN,      0,      0,       0,       0,       0,       0
total,                                                  2423,    2181,       0,       0,     0.4,     0.4,     0.6,     1.3,     3.9,    14.7,    2.0,      NaN,      0,      0,       0,       0,       0,       0
total,                                                  4251,    1828,       0,       0,     0.5,     0.4,     0.7,     2.7,    10.5,    11.8,    3.0,      NaN,      0,      0,       0,       0,       0,       0
total,                                                  6439,    2188,       0,       0,     0.4,     0.4,     0.6,     1.2,     3.0,     5.0,    4.0,      NaN,      0,      0,       0,       0,       0,       0
total,                                                  8417,    1978,       0,       0,     0.5,     0.4,     0.6,     1.9,    10.1,    11.8,    5.0,      NaN,      0,      0,       0,       0,       0,       0
total,                                                 10517,    2100,       0,       0,     0.5,     0.4,     0.6,     2.2,    10.8,    20.7,    6.0,      NaN,      0,      0,       0,       0,       0,       0
total,                                                 12462,    1945,       0,       0,     0.5,     0.4,     0.6,     2.3,    11.7,    20.2,    7.0,      NaN,      0,      0,       0,       0,       0,       0
total,                                                 14114,    1652,       0,       0,     0.5,     0.4,     0.8,     2.1,     8.8,    24.0,    8.0,      NaN,      0,      0,       0,       0,       0,       0
total,                                                 14883,     769,       0,       0,     1.5,     0.4,     0.8,     3.3,   775.4,   775.4,    9.0,      NaN,      0,      0,       0,       0,       0,       0
total,                                                 16863,    1980,       0,       0,     0.5,     0.4,     0.6,     2.6,     9.7,    10.6,   10.0,      NaN,      0,      0,       0,       0,       0,       0
total,                                                 18261,    1398,       0,       0,     0.7,     0.4,     0.6,     1.6,     5.3,   373.3,   11.0,      NaN,      0,      0,       0,       0,       0,       0
total,                                                 20498,    2237,       0,       0,     0.4,     0.4,     0.6,     1.5,     5.0,    10.3,   12.0,      NaN,      0,      0,       0,       0,       0,       0
total,                                                 22077,    1579,       0,       0,     0.6,     0.4,     0.6,     3.3,    81.5,   132.3,   13.0,      NaN,      0,      0,       0,       0,       0,       0
total,                                                 23957,    1880,       0,       0,     0.5,     0.4,     0.6,     1.2,    60.1,   161.7,   14.0,      NaN,      0,      0,       0,       0,       0,       0
total,                                                 25880,    1923,       0,       0,     0.5,     0.4,     0.9,     2.6,     9.0,    15.1,   15.0,      NaN,      0,      0,       0,       0,       0,       0
total,                                                 27946,    2066,       0,       0,     0.5,     0.4,     0.7,     1.6,     7.6,    15.0,   16.0,      NaN,      0,      0,       0,       0,       0,       0
total,                                                 30463,    2517,       0,       0,     0.4,     0.3,     0.5,     1.3,     4.9,     7.8,   17.0,      NaN,      0,      0,       0,       0,       0,       0
total,                                                 32555,    2092,       0,       0,     0.5,     0.4,     0.7,     2.7,     7.5,     8.3,   18.0,      NaN,      0,      0,       0,       0,       0,       0
total,                                                 35359,    2804,       0,       0,     0.3,     0.3,     0.5,     1.1,     3.9,     5.9,   19.0,      NaN,      0,      0,       0,       0,       0,       0
total,                                                 37778,    2419,       0,       0,     0.4,     0.4,     0.6,     1.5,     5.4,     6.6,   20.0,      NaN,      0,      0,       0,       0,       0,       0
total,                                                 40011,    2233,       0,       0,     0.4,     0.4,     0.6,     1.4,     7.1,    13.5,   21.0,      NaN,      0,      0,       0,       0,       0,       0
total,                                                 42203,    2192,       0,       0,     0.4,     0.4,     0.6,     1.9,     7.4,    15.2,   22.0,      NaN,      0,      0,       0,       0,       0,       0
total,                                                 44437,    2234,       0,       0,     0.4,     0.4,     0.6,     1.3,     4.8,    15.3,   23.0,      NaN,      0,      0,       0,       0,       0,       0
total,                                                 46506,    2069,       0,       0,     0.5,     0.4,     0.6,     1.8,     8.4,    14.7,   24.0,      NaN,      0,      0,       0,       0,       0,       0
total,                                                 48499,    1993,       0,       0,     0.5,     0.4,     0.8,     4.0,     9.8,    11.3,   25.0,      NaN,      0,      0,       0,       0,       0,       0
total,                                                 50945,    2446,       0,       0,     0.4,     0.4,     0.5,     1.2,     4.9,    11.0,   26.0,      NaN,      0,      0,       0,       0,       0,       0
total,                                                 53000,    2055,       0,       0,     0.5,     0.4,     0.6,     1.5,     6.8,    26.0,   27.0,      NaN,      0,      0,       0,       0,       0,       0
total,                                                 55216,    2216,       0,       0,     0.4,     0.4,     0.6,     1.9,     5.8,     7.3,   28.0,      NaN,      0,      0,       0,       0,       0,       0
total,                                                 57795,    2579,       0,       0,     0.4,     0.3,     0.5,     1.2,     3.1,     5.9,   29.0,      NaN,      0,      0,       0,       0,       0,       0
total,                                                 59778,    1983,       0,       0,     0.5,     0.4,     0.6,     2.7,    11.1,   101.3,   30.0,      NaN,      0,      0,       0,       0,       0,       0
total,                                                 62303,    2525,       0,       0,     0.4,     0.4,     0.5,     1.3,     5.8,     8.5,   31.0,      NaN,      0,      0,       0,       0,       0,       0
total,                                                 64737,    2434,       0,       0,     0.4,     0.4,     0.5,     1.3,     7.7,    12.1,   32.0,      NaN,      0,      0,       0,       0,       0,       0
total,                                                 67417,    2680,       0,       0,     0.4,     0.3,     0.5,     1.2,     2.8,     4.7,   33.0,      NaN,      0,      0,       0,       0,       0,       0
total,                                                 69966,    2549,       0,       0,     0.4,     0.3,     0.5,     1.3,     4.2,     4.9,   34.0,      NaN,      0,      0,       0,       0,       0,       0
total,                                                 72322,    2356,       0,       0,     0.4,     0.4,     0.6,     1.3,     5.3,     8.0,   35.0,      NaN,      0,      0,       0,       0,       0,       0
total,                                                 74701,    2379,       0,       0,     0.4,     0.4,     0.5,     1.3,     5.0,     6.7,   36.0,      NaN,      0,      0,       0,       0,       0,       0
total,                                                 76965,    2264,       0,       0,     0.4,     0.4,     0.6,     1.9,     6.6,    14.3,   37.0,      NaN,      0,      0,       0,       0,       0,       0
total,                                                 79066,    2101,       0,       0,     0.5,     0.4,     0.6,     1.7,     7.9,    75.6,   38.0,      NaN,      0,      0,       0,       0,       0,       0
total,                                                 81464,    2398,       0,       0,     0.4,     0.4,     0.5,     1.4,     6.8,     8.6,   39.0,      NaN,      0,      0,       0,       0,       0,       0
total,                                                 83650,    2186,       0,       0,     0.4,     0.4,     0.6,     1.5,     5.8,     9.3,   40.0,      NaN,      0,      0,       0,       0,       0,       0
total,                                                 86030,    2380,       0,       0,     0.4,     0.4,     0.5,     1.3,     4.8,     5.3,   41.0,      NaN,      0,      0,       0,       0,       0,       0
total,                                                 88083,    2053,       0,       0,     0.5,     0.4,     0.6,     2.0,    14.6,    20.1,   42.0,      NaN,      0,      0,       0,       0,       0,       0
total,                                                 90168,    2085,       0,       0,     0.5,     0.4,     0.6,     1.4,     5.8,    11.6,   43.0,      NaN,      0,      0,       0,       0,       0,       0
total,                                                 92666,    2498,       0,       0,     0.4,     0.4,     0.5,     1.2,     3.6,     5.1,   44.0,      NaN,      0,      0,       0,       0,       0,       0
total,                                                 94856,    2190,       0,       0,     0.4,     0.4,     0.6,     1.4,     3.4,    14.0,   45.0,      NaN,      0,      0,       0,       0,       0,       0
total,                                                 97407,    2551,       0,       0,     0.4,     0.4,     0.5,     1.3,     2.8,     4.6,   46.0,      NaN,      0,      0,       0,       0,       0,       0
total,                                                 99797,    2390,       0,       0,     0.4,     0.4,     0.5,     1.7,     7.4,     8.4,   47.0,      NaN,      0,      0,       0,       0,       0,       0
total,                                                100000,    2511,       0,       0,     0.4,     0.4,     0.5,     1.0,     2.7,     2.7,   47.1,      NaN,      0,      0,       0,       0,       0,       0


Results:
Op rate                   :    2,124 op/s  [t3.delete_tag_entity: 2,124 op/s]
Partition rate            :        0 pk/s  [t3.delete_tag_entity: 0 pk/s]
Row rate                  :        0 row/s [t3.delete_tag_entity: 0 row/s]
Latency mean              :    0.5 ms [t3.delete_tag_entity: 0.5 ms]
Latency median            :    0.4 ms [t3.delete_tag_entity: 0.4 ms]
Latency 95th percentile   :    0.6 ms [t3.delete_tag_entity: 0.6 ms]
Latency 99th percentile   :    1.6 ms [t3.delete_tag_entity: 1.6 ms]
Latency 99.9th percentile :    7.1 ms [t3.delete_tag_entity: 7.1 ms]
Latency max               :  775.4 ms [t3.delete_tag_entity: 775.4 ms]
Total partitions          :          0 [t3.delete_tag_entity: 0]
Total errors              :          0 [t3.delete_tag_entity: 0]
Total GC count            : 0
Total GC memory           : 0.000 KiB
Total GC time             :    0.0 seconds
Avg GC time               :    NaN ms
StdDev GC time            :    0.0 ms
Total operation time      : 00:00:47

END
