******************** Stress Settings ********************
Command:
  Type: user
  Count: 10,000
  No Warmup: false
  Consistency Level: LOCAL_ONE
  Target Uncertainty: not applicable
  Command Ratios: {t3.insert=1.0}
  Command Clustering Distribution: clustering=gaussian(1..10)
  Profile File(s): t3_tag_entities.yaml
Rate:
  Auto: false
  Thread Count: 5
  OpsPer Sec: 0
Population:
  Distribution: Gaussian:  min=1,max=10000,mean=5000.500000,stdev=1666.500000
  Order: ARBITRARY
  Wrap: false
Insert:
  Revisits: Uniform:  min=1,max=1000000
  Visits: Fixed:  key=1
  Row Population Ratio: Ratio: divisor=1.000000;delegate=Fixed:  key=1
  Batch Type: not batching
Errors:
  Ignore: false
  Tries: 10
Log:
  No Summary: false
  No Settings: false
  File: tag_entities_10K_write_5_threads.log
  Interval Millis: 1000
  Level: NORMAL
Mode:
  API: JAVA_DRIVER_NATIVE
  Connection Style: CQL_PREPARED
  CQL Version: CQL3
  Protocol Version: V5
  Username: null
  Password: null
  Auth Provide Class: null
  Max Pending Per Connection: 128
  Connections Per Host: 8
  Compression: NONE
Node:
  Nodes: [localhost]
  Is White List: false
  Datacenter: null
Schema:
  Keyspace: null
  Replication Strategy: org.apache.cassandra.locator.SimpleStrategy
  Replication Strategy Options: {replication_factor=1}
  Table Compression: null
  Table Compaction Strategy: null
  Table Compaction Strategy Options: {}
Transport:
  truststore=null; truststore-password=null; keystore=null; keystore-password=null; ssl-protocol=TLS; ssl-alg=null; ssl-ciphers=TLS_RSA_WITH_AES_128_CBC_SHA,TLS_RSA_WITH_AES_256_CBC_SHA; 
Port:
  Native Port: 9042
  JMX Port: 7199
Graph:
  File: tag_entities_10K_threads_5.html
  Revision: Insert
  Title: NVO_Cassandra_POC_tag_entities_Table_10K_Records_5_Threads
  Operation: USER
TokenRange:
  Wrap: false
  Split Factor: 1

******************** Profile(s) ********************
  Keyspace Name: tagging
  Keyspace CQL: 
***
CREATE KEYSPACE IF NOT EXISTS tagging WITH replication = {'class': 'SimpleStrategy', 'replication_factor': 1};
***

  Table Name: tag_entities
  Table CQL: 
***
CREATE TABLE IF NOT EXISTS tag_entities (
  tag_id UUID,
  entity_id UUID,
  PRIMARY KEY (tag_id, entity_id)
);
***

  Extra Schema Definitions: null
  Generator Configs:
    tag_id: Size: Gaussian:  min=5,max=10,mean=7.500000,stdev=0.833333;Identity: Uniform:  min=1,max=10000000;
    entity_id: Size: Gaussian:  min=5,max=10,mean=7.500000,stdev=0.833333;Identity: Uniform:  min=1,max=10000000;
  Query Definitions:
    select_entities_by_tag: CQL:SELECT * FROM tag_entities WHERE tag_id = ?;Fields:samerow;
    delete_tag_entity: CQL:DELETE FROM tag_entities WHERE tag_id = ? AND entity_id = ?;Fields:samerow;
  Token Range Queries:
  Insert Settings:
    partitions: fixed(1)
    select: fixed(1)/500
    batchtype: UNLOGGED
Generating batches with [1..1] partitions and [0..0] rows (of [1..1] total rows in the partitions)

Sleeping 2s...
Warming up t3.insert with 2500 iterations...
Running [t3.insert] with 5 threads for 10000 iteration
type                                               total ops,    op/s,    pk/s,   row/s,    mean,     med,     .95,     .99,    .999,     max,   time,   stderr, errors,  gc: #,  max ms,  sum ms,  sdv ms,      mb
total,                                                  1203,    1203,    1203,    1203,     1.7,     0.9,     4.6,    20.7,    28.8,    29.8,    1.0,  0.00000,      0,      0,       0,       0,       0,       0
total,                                                  2873,    1670,    1670,    1670,     3.0,     1.6,     9.2,    19.0,    29.3,    39.8,    2.0,  0.11851,      0,      0,       0,       0,       0,       0
total,                                                  6045,    3172,    3172,    3172,     1.5,     0.9,     3.1,    23.2,    32.8,    42.2,    3.0,  0.24308,      0,      0,       0,       0,       0,       0
total,                                                  9192,    3147,    3147,    3147,     1.5,     0.9,     3.9,    17.2,    25.5,    27.3,    4.0,  0.19099,      0,      0,       0,       0,       0,       0
total,                                                 10000,    2478,    2478,    2478,     2.0,     1.3,     5.9,     9.6,    14.9,    14.9,    4.3,  0.15092,      0,      0,       0,       0,       0,       0


Results:
Op rate                   :    2,312 op/s  [t3.insert: 2,312 op/s]
Partition rate            :    2,312 pk/s  [t3.insert: 2,312 pk/s]
Row rate                  :    2,312 row/s [t3.insert: 2,312 row/s]
Latency mean              :    1.8 ms [t3.insert: 1.8 ms]
Latency median            :    1.0 ms [t3.insert: 1.0 ms]
Latency 95th percentile   :    5.6 ms [t3.insert: 5.6 ms]
Latency 99th percentile   :   17.8 ms [t3.insert: 17.8 ms]
Latency 99.9th percentile :   29.8 ms [t3.insert: 29.8 ms]
Latency max               :   42.2 ms [t3.insert: 42.2 ms]
Total partitions          :     10,000 [t3.insert: 10,000]
Total errors              :          0 [t3.insert: 0]
Total GC count            : 0
Total GC memory           : 0.000 KiB
Total GC time             :    0.0 seconds
Avg GC time               :    NaN ms
StdDev GC time            :    0.0 ms
Total operation time      : 00:00:04

END
