******************** Stress Settings ********************
Command:
  Type: user
  Count: 1,000,000
  No Warmup: false
  Consistency Level: LOCAL_ONE
  Target Uncertainty: not applicable
  Command Ratios: {t3.select_entities_by_tag=1.0}
  Command Clustering Distribution: clustering=gaussian(1..10)
  Profile File(s): t3_tag_entities.yaml
Rate:
  Auto: false
  Thread Count: 5
  OpsPer Sec: 0
Population:
  Distribution: Gaussian:  min=1,max=1000000,mean=500000.500000,stdev=166666.500000
  Order: ARBITRARY
  Wrap: false
Insert:
  Revisits: Uniform:  min=1,max=1000000
  Visits: Fixed:  key=1
  Row Population Ratio: Ratio: divisor=1.000000;delegate=Fixed:  key=1
  Batch Type: not batching
Errors:
  Ignore: false
  Tries: 10
Log:
  No Summary: false
  No Settings: false
  File: tag_entities_1M_1_5_threads.log
  Interval Millis: 1000
  Level: NORMAL
Mode:
  API: JAVA_DRIVER_NATIVE
  Connection Style: CQL_PREPARED
  CQL Version: CQL3
  Protocol Version: V5
  Username: null
  Password: null
  Auth Provide Class: null
  Max Pending Per Connection: 128
  Connections Per Host: 8
  Compression: NONE
Node:
  Nodes: [localhost]
  Is White List: false
  Datacenter: null
Schema:
  Keyspace: null
  Replication Strategy: org.apache.cassandra.locator.SimpleStrategy
  Replication Strategy Options: {replication_factor=1}
  Table Compression: null
  Table Compaction Strategy: null
  Table Compaction Strategy Options: {}
Transport:
  truststore=null; truststore-password=null; keystore=null; keystore-password=null; ssl-protocol=TLS; ssl-alg=null; ssl-ciphers=TLS_RSA_WITH_AES_128_CBC_SHA,TLS_RSA_WITH_AES_256_CBC_SHA; 
Port:
  Native Port: 9042
  JMX Port: 7199
Graph:
  File: tag_entities_1M_threads_5.html
  Revision: 1
  Title: NVO_Cassandra_POC_tag_entities_Table_1M_Records_5_Threads
  Operation: USER
TokenRange:
  Wrap: false
  Split Factor: 1

******************** Profile(s) ********************
  Keyspace Name: tagging
  Keyspace CQL: 
***
CREATE KEYSPACE IF NOT EXISTS tagging WITH replication = {'class': 'SimpleStrategy', 'replication_factor': 1};
***

  Table Name: tag_entities
  Table CQL: 
***
CREATE TABLE IF NOT EXISTS tag_entities (
  tag_id UUID,
  entity_id UUID,
  PRIMARY KEY (tag_id, entity_id)
);
***

  Extra Schema Definitions: null
  Generator Configs:
    tag_id: Size: Gaussian:  min=5,max=10,mean=7.500000,stdev=0.833333;Identity: Uniform:  min=1,max=10000000;
    entity_id: Size: Gaussian:  min=5,max=10,mean=7.500000,stdev=0.833333;Identity: Uniform:  min=1,max=10000000;
  Query Definitions:
    select_entities_by_tag: CQL:SELECT * FROM tag_entities WHERE tag_id = ?;Fields:samerow;
    delete_tag_entity: CQL:DELETE FROM tag_entities WHERE tag_id = ? AND entity_id = ?;Fields:samerow;
  Token Range Queries:
  Insert Settings:
    partitions: fixed(1)
    select: fixed(1)/500
    batchtype: UNLOGGED
Generating batches with [1..1] partitions and [0..0] rows (of [1..1] total rows in the partitions)

Sleeping 2s...
Warming up t3.select_entities_by_tag with 50000 iterations...
Running [t3.select_entities_by_tag] with 5 threads for 1000000 iteration
type                                               total ops,    op/s,    pk/s,   row/s,    mean,     med,     .95,     .99,    .999,     max,   time,   stderr, errors,  gc: #,  max ms,  sum ms,  sdv ms,      mb
total,                                                  4517,    4517,    3523,    3523,     1.0,     0.8,     2.2,     5.9,    18.0,    26.1,    1.0,  0.00000,      0,      0,       0,       0,       0,       0
total,                                                  9085,    4568,    3534,    3534,     1.1,     0.7,     2.4,     7.0,    54.0,    56.0,    2.0,  0.01213,      0,      0,       0,       0,       0,       0
total,                                                 13231,    4146,    3221,    3221,     1.2,     0.8,     2.9,     8.6,    17.4,    38.1,    3.0,  0.02665,      0,      0,       0,       0,       0,       0
total,                                                 18580,    5349,    4144,    4144,     0.9,     0.7,     2.0,     3.6,     7.4,    12.3,    4.0,  0.04109,      0,      0,       0,       0,       0,       0
total,                                                 23700,    5120,    4002,    4002,     1.0,     0.7,     2.2,     4.2,    13.2,    16.2,    5.0,  0.03608,      0,      0,       0,       0,       0,       0
total,                                                 28224,    4524,    3521,    3521,     1.1,     0.8,     2.6,     5.7,    15.9,    17.8,    6.0,  0.03151,      0,      0,       0,       0,       0,       0
total,                                                 33584,    5360,    4154,    4154,     0.9,     0.7,     2.1,     3.5,    13.4,    19.1,    7.0,  0.03120,      0,      0,       0,       0,       0,       0
total,                                                 37979,    4395,    3408,    3408,     1.1,     0.8,     3.0,     5.9,    14.8,    21.0,    8.0,  0.02962,      0,      0,       0,       0,       0,       0
total,                                                 43650,    5671,    4352,    4352,     0.9,     0.7,     1.9,     3.3,    12.5,    29.2,    9.0,  0.03201,      0,      0,       0,       0,       0,       0
total,                                                 48151,    4501,    3495,    3495,     1.1,     0.8,     2.2,     8.0,    21.0,    25.1,   10.0,  0.02982,      0,      0,       0,       0,       0,       0
total,                                                 51847,    3696,    2874,    2874,     1.3,     0.8,     3.6,     8.5,    39.7,    43.1,   11.0,  0.03364,      0,      0,       0,       0,       0,       0
total,                                                 57058,    5211,    4048,    4048,     0.9,     0.7,     2.1,     4.5,    13.5,    14.8,   12.0,  0.03148,      0,      0,       0,       0,       0,       0
total,                                                 61064,    4006,    3104,    3104,     1.2,     0.8,     2.6,     5.8,   107.0,   108.1,   13.0,  0.02985,      0,      0,       0,       0,       0,       0
total,                                                 66299,    5235,    4041,    4041,     0.9,     0.7,     2.2,     4.1,     6.3,    11.0,   14.0,  0.02817,      0,      0,       0,       0,       0,       0
total,                                                 71041,    4742,    3677,    3677,     1.0,     0.8,     2.5,     5.0,    14.5,    17.3,   15.0,  0.02632,      0,      0,       0,       0,       0,       0
total,                                                 75800,    4759,    3678,    3678,     1.0,     0.7,     2.6,     5.0,     9.8,    14.7,   16.0,  0.02471,      0,      0,       0,       0,       0,       0
total,                                                 81147,    5347,    4068,    4068,     0.9,     0.7,     2.0,     3.5,    13.1,   304.1,   17.0,  0.03767,      0,      0,       0,       0,       0,       0
total,                                                 86611,    5464,    4271,    4271,     0.9,     0.7,     1.9,     3.5,     6.1,    10.6,   18.0,  0.03583,      0,      0,       0,       0,       0,       0
total,                                                 91296,    4685,    3596,    3596,     1.1,     0.8,     2.4,     5.7,    24.5,    30.9,   19.0,  0.03416,      0,      0,       0,       0,       0,       0
total,                                                 96927,    5631,    4382,    4382,     0.9,     0.7,     1.9,     3.6,    11.2,    20.8,   20.0,  0.03296,      0,      0,       0,       0,       0,       0
total,                                                101835,    4908,    3836,    3836,     1.0,     0.7,     2.3,     4.9,    14.9,    26.0,   21.0,  0.03139,      0,      0,       0,       0,       0,       0
total,                                                107655,    5820,    4524,    4524,     0.8,     0.7,     1.8,     3.1,     6.6,    12.2,   22.0,  0.03059,      0,      0,       0,       0,       0,       0
total,                                                113156,    5501,    4254,    4254,     0.9,     0.7,     1.9,     3.4,    12.3,    14.2,   23.0,  0.02938,      0,      0,       0,       0,       0,       0
total,                                                117887,    4731,    3701,    3701,     1.0,     0.7,     2.6,     6.0,    11.8,    15.2,   24.0,  0.02832,      0,      0,       0,       0,       0,       0
total,                                                123471,    5584,    4268,    4268,     0.9,     0.7,     1.9,     3.6,     9.3,    13.7,   25.0,  0.02731,      0,      0,       0,       0,       0,       0
total,                                                128329,    4858,    3762,    3762,     1.0,     0.8,     2.4,     4.9,    11.5,    13.1,   26.0,  0.02636,      0,      0,       0,       0,       0,       0
total,                                                134229,    5900,    4586,    4586,     0.8,     0.7,     1.8,     3.0,     6.5,    17.0,   27.0,  0.02597,      0,      0,       0,       0,       0,       0
total,                                                139510,    5281,    4143,    4143,     0.9,     0.7,     2.0,     4.6,    17.9,    27.7,   28.0,  0.02508,      0,      0,       0,       0,       0,       0
total,                                                144878,    5368,    4191,    4191,     0.9,     0.7,     2.2,     4.2,     8.5,    16.8,   29.0,  0.02425,      0,      0,       0,       0,       0,       0
total,                                                151182,    6304,    4897,    4897,     0.8,     0.6,     1.7,     2.8,     6.7,    15.2,   30.0,  0.02448,      0,      0,       0,       0,       0,       0
total,                                                155960,    4778,    3702,    3702,     1.0,     0.7,     2.6,     5.4,    10.6,    17.1,   31.0,  0.02386,      0,      0,       0,       0,       0,       0
total,                                                161634,    5674,    4415,    4415,     0.9,     0.7,     1.9,     3.1,     5.7,     7.5,   32.0,  0.02324,      0,      0,       0,       0,       0,       0
total,                                                166572,    4938,    3870,    3870,     1.0,     0.7,     2.3,     5.1,    13.0,    15.8,   33.0,  0.02258,      0,      0,       0,       0,       0,       0
total,                                                171260,    4688,    3635,    3635,     1.0,     0.7,     2.4,     6.8,    21.6,    33.4,   34.0,  0.02206,      0,      0,       0,       0,       0,       0
total,                                                176371,    5111,    3985,    3985,     1.0,     0.7,     2.1,     4.1,    13.0,    16.3,   35.0,  0.02143,      0,      0,       0,       0,       0,       0
total,                                                181233,    4862,    3811,    3811,     1.0,     0.7,     2.3,     5.2,    16.4,    32.3,   36.0,  0.02087,      0,      0,       0,       0,       0,       0
total,                                                186859,    5626,    4382,    4382,     0.9,     0.7,     1.9,     3.3,     7.3,    11.7,   37.0,  0.02041,      0,      0,       0,       0,       0,       0
total,                                                191502,    4643,    3636,    3636,     1.1,     0.8,     2.5,     4.9,    12.6,    14.5,   38.0,  0.02006,      0,      0,       0,       0,       0,       0
total,                                                196791,    5289,    4118,    4118,     0.9,     0.7,     2.0,     4.4,     9.4,    19.0,   39.0,  0.01955,      0,      0,       0,       0,       0,       0
total,                                                202269,    5478,    4218,    4218,     0.9,     0.7,     1.9,     3.2,     5.8,     8.7,   40.0,  0.01908,      0,      0,       0,       0,       0,       0
total,                                                207265,    4996,    3961,    3961,     1.0,     0.7,     2.5,     4.9,    10.8,    15.4,   41.0,  0.01862,      0,      0,       0,       0,       0,       0
total,                                                212734,    5469,    4257,    4257,     0.9,     0.7,     2.0,     3.7,     7.8,    17.7,   42.0,  0.01821,      0,      0,       0,       0,       0,       0
total,                                                217426,    4692,    3612,    3612,     1.1,     0.8,     2.6,     5.9,    12.7,    18.0,   43.0,  0.01796,      0,      0,       0,       0,       0,       0
total,                                                223185,    5759,    4406,    4406,     0.9,     0.7,     1.9,     3.7,     7.5,    18.5,   44.0,  0.01768,      0,      0,       0,       0,       0,       0
total,                                                228749,    5564,    4361,    4361,     0.9,     0.7,     1.9,     3.6,    13.6,    24.0,   45.0,  0.01738,      0,      0,       0,       0,       0,       0
total,                                                233973,    5224,    4064,    4064,     0.9,     0.7,     2.3,     5.5,    10.8,    19.1,   46.0,  0.01700,      0,      0,       0,       0,       0,       0
total,                                                239637,    5664,    4426,    4426,     0.9,     0.7,     2.0,     3.1,     4.8,     7.5,   47.0,  0.01673,      0,      0,       0,       0,       0,       0
total,                                                244487,    4850,    3842,    3842,     1.0,     0.8,     2.5,     4.7,    12.2,    13.9,   48.0,  0.01642,      0,      0,       0,       0,       0,       0
total,                                                249946,    5459,    4276,    4276,     0.9,     0.7,     2.0,     3.2,     4.8,     5.7,   49.0,  0.01611,      0,      0,       0,       0,       0,       0
total,                                                255291,    5345,    4192,    4192,     0.9,     0.7,     2.1,     3.7,     6.6,    14.6,   50.0,  0.01579,      0,      0,       0,       0,       0,       0
total,                                                260014,    4723,    3686,    3686,     1.0,     0.7,     2.5,     5.2,    17.3,    31.1,   51.0,  0.01556,      0,      0,       0,       0,       0,       0
total,                                                265259,    5245,    4096,    4096,     0.9,     0.7,     2.1,     4.0,     8.2,    11.0,   52.0,  0.01526,      0,      0,       0,       0,       0,       0
total,                                                269869,    4610,    3527,    3527,     1.1,     0.8,     2.7,     6.0,    12.5,    16.8,   53.0,  0.01518,      0,      0,       0,       0,       0,       0
total,                                                274936,    5067,    3927,    3927,     1.0,     0.7,     2.2,     4.1,    12.0,    24.2,   54.0,  0.01490,      0,      0,       0,       0,       0,       0
total,                                                280314,    5378,    4170,    4170,     0.9,     0.7,     2.1,     3.8,    11.6,    21.2,   55.0,  0.01464,      0,      0,       0,       0,       0,       0
total,                                                285061,    4747,    3728,    3728,     1.0,     0.8,     2.5,     4.9,    10.0,    13.8,   56.0,  0.01446,      0,      0,       0,       0,       0,       0
total,                                                290481,    5420,    4220,    4220,     0.9,     0.7,     1.9,     3.6,    10.0,    13.4,   57.0,  0.01422,      0,      0,       0,       0,       0,       0
total,                                                295285,    4804,    3733,    3733,     1.0,     0.8,     2.5,     4.9,    11.6,    19.3,   58.0,  0.01403,      0,      0,       0,       0,       0,       0
total,                                                300916,    5631,    4390,    4390,     0.9,     0.7,     1.9,     3.1,     6.1,     8.0,   59.0,  0.01385,      0,      0,       0,       0,       0,       0
total,                                                306414,    5498,    4310,    4310,     0.9,     0.7,     1.9,     3.8,     9.1,    10.0,   60.0,  0.01365,      0,      0,       0,       0,       0,       0
total,                                                311206,    4792,    3740,    3740,     1.0,     0.7,     2.5,     5.5,    19.0,    20.4,   61.0,  0.01348,      0,      0,       0,       0,       0,       0
total,                                                316608,    5402,    4202,    4202,     0.9,     0.7,     2.0,     3.5,    10.4,    12.3,   62.0,  0.01328,      0,      0,       0,       0,       0,       0
total,                                                321256,    4648,    3659,    3659,     1.1,     0.7,     2.7,     6.0,    22.7,    30.6,   63.0,  0.01313,      0,      0,       0,       0,       0,       0
total,                                                326745,    5489,    4237,    4237,     0.9,     0.7,     1.9,     3.3,     5.6,     8.9,   64.0,  0.01294,      0,      0,       0,       0,       0,       0
total,                                                331860,    5115,    3986,    3986,     1.0,     0.7,     2.2,     5.0,    10.5,    16.9,   65.0,  0.01274,      0,      0,       0,       0,       0,       0
total,                                                337160,    5300,    4052,    4052,     0.9,     0.7,     2.0,     4.5,    12.0,    13.1,   66.0,  0.01255,      0,      0,       0,       0,       0,       0
total,                                                342532,    5372,    4107,    4107,     0.9,     0.7,     2.0,     3.4,     9.8,    14.0,   67.0,  0.01236,      0,      0,       0,       0,       0,       0
total,                                                347530,    4998,    3875,    3875,     1.0,     0.7,     2.4,     5.4,    10.1,    12.6,   68.0,  0.01220,      0,      0,       0,       0,       0,       0
total,                                                352943,    5413,    4223,    4223,     0.9,     0.7,     2.1,     3.9,     6.5,    19.8,   69.0,  0.01204,      0,      0,       0,       0,       0,       0
total,                                                357783,    4840,    3780,    3780,     1.0,     0.8,     2.4,     5.5,    10.9,    13.0,   70.0,  0.01191,      0,      0,       0,       0,       0,       0
total,                                                362895,    5112,    3980,    3980,     1.0,     0.7,     2.3,     4.2,    10.7,    14.6,   71.0,  0.01174,      0,      0,       0,       0,       0,       0
total,                                                368118,    5223,    4078,    4078,     0.9,     0.7,     2.0,     3.8,    17.6,    27.6,   72.0,  0.01158,      0,      0,       0,       0,       0,       0
total,                                                373651,    5533,    4322,    4322,     0.9,     0.7,     2.1,     4.3,    12.7,    17.6,   73.0,  0.01146,      0,      0,       0,       0,       0,       0
total,                                                379206,    5555,    4304,    4304,     0.9,     0.7,     2.0,     3.4,     6.7,     9.9,   74.0,  0.01133,      0,      0,       0,       0,       0,       0
total,                                                383940,    4734,    3698,    3698,     1.0,     0.8,     2.5,     5.6,    11.0,    13.1,   75.0,  0.01125,      0,      0,       0,       0,       0,       0
total,                                                389521,    5581,    4334,    4334,     0.9,     0.7,     1.9,     3.6,    10.4,    15.6,   76.0,  0.01114,      0,      0,       0,       0,       0,       0
total,                                                395055,    5534,    4273,    4273,     0.9,     0.7,     1.9,     3.1,    10.5,    22.1,   77.0,  0.01102,      0,      0,       0,       0,       0,       0
total,                                                400305,    5250,    4080,    4080,     0.9,     0.7,     2.1,     4.2,    11.8,    17.1,   78.0,  0.01088,      0,      0,       0,       0,       0,       0
total,                                                405752,    5447,    4249,    4249,     0.9,     0.7,     2.0,     3.9,    10.0,    17.0,   79.0,  0.01076,      0,      0,       0,       0,       0,       0
total,                                                410548,    4796,    3763,    3763,     1.0,     0.7,     2.6,     5.9,    10.7,    17.2,   80.0,  0.01066,      0,      0,       0,       0,       0,       0
total,                                                415645,    5097,    3951,    3951,     1.0,     0.7,     2.1,     4.8,    13.9,    24.9,   81.0,  0.01053,      0,      0,       0,       0,       0,       0
total,                                                420974,    5329,    4142,    4142,     0.9,     0.7,     2.1,     4.0,    10.7,    12.7,   82.0,  0.01040,      0,      0,       0,       0,       0,       0
total,                                                426142,    5168,    3983,    3983,     1.0,     0.7,     2.3,     4.5,    14.0,    20.9,   83.0,  0.01028,      0,      0,       0,       0,       0,       0
total,                                                431741,    5599,    4334,    4334,     0.9,     0.7,     1.9,     3.7,     9.7,    13.4,   84.0,  0.01018,      0,      0,       0,       0,       0,       0
total,                                                436678,    4937,    3889,    3889,     1.0,     0.7,     2.5,     5.0,    10.6,    15.0,   85.0,  0.01008,      0,      0,       0,       0,       0,       0
total,                                                441827,    5149,    4022,    4022,     1.0,     0.7,     2.1,     3.9,    17.2,    29.1,   86.0,  0.00996,      0,      0,       0,       0,       0,       0
total,                                                446289,    4462,    3444,    3444,     1.1,     0.8,     2.7,     6.3,    12.6,    15.4,   87.0,  0.01000,      0,      0,       0,       0,       0,       0
total,                                                451573,    5284,    4122,    4122,     0.9,     0.7,     2.0,     5.2,    11.6,    29.5,   88.0,  0.00989,      0,      0,       0,       0,       0,       0
total,                                                457361,    5788,    4504,    4504,     0.9,     0.7,     1.8,     2.9,     5.8,    11.9,   89.0,  0.00985,      0,      0,       0,       0,       0,       0
total,                                                462379,    5018,    3914,    3914,     1.0,     0.7,     2.3,     5.5,    12.9,    29.2,   90.0,  0.00975,      0,      0,       0,       0,       0,       0
total,                                                467915,    5536,    4358,    4358,     0.9,     0.7,     2.0,     4.2,     9.2,    15.1,   91.0,  0.00967,      0,      0,       0,       0,       0,       0
total,                                                472819,    4904,    3834,    3834,     1.0,     0.7,     2.4,     5.2,    12.6,    21.8,   92.0,  0.00958,      0,      0,       0,       0,       0,       0
total,                                                478219,    5400,    4159,    4159,     0.9,     0.7,     2.0,     3.5,     6.8,    16.8,   93.0,  0.00948,      0,      0,       0,       0,       0,       0
total,                                                483714,    5495,    4239,    4239,     0.9,     0.7,     2.0,     3.8,     8.1,    14.7,   94.0,  0.00939,      0,      0,       0,       0,       0,       0
total,                                                488485,    4771,    3773,    3773,     1.0,     0.7,     2.6,     5.0,    13.7,    20.1,   95.0,  0.00932,      0,      0,       0,       0,       0,       0
total,                                                493974,    5489,    4263,    4263,     0.9,     0.7,     1.9,     3.6,    10.0,    13.4,   96.0,  0.00924,      0,      0,       0,       0,       0,       0
total,                                                499236,    5262,    4092,    4092,     0.9,     0.7,     2.3,     4.8,    12.3,    17.1,   97.0,  0.00914,      0,      0,       0,       0,       0,       0
total,                                                504861,    5625,    4354,    4354,     0.9,     0.7,     1.9,     4.0,    10.3,    19.6,   98.0,  0.00908,      0,      0,       0,       0,       0,       0
total,                                                509830,    4969,    3874,    3874,     1.0,     0.8,     2.2,     4.1,    10.3,    16.7,   99.0,  0.00900,      0,      0,       0,       0,       0,       0
total,                                                514830,    5000,    3949,    3949,     1.0,     0.7,     2.4,     5.0,    13.2,    22.8,  100.0,  0.00891,      0,      0,       0,       0,       0,       0
total,                                                520606,    5776,    4482,    4482,     0.9,     0.7,     1.9,     3.3,    10.2,    13.0,  101.0,  0.00888,      0,      0,       0,       0,       0,       0
total,                                                526148,    5542,    4310,    4310,     0.9,     0.6,     2.0,     4.3,    12.4,    38.4,  102.0,  0.00883,      0,      0,       0,       0,       0,       0
total,                                                531236,    5088,    3985,    3985,     1.0,     0.7,     2.0,     4.5,    12.6,    32.2,  103.0,  0.00874,      0,      0,       0,       0,       0,       0
total,                                                536575,    5339,    4132,    4132,     0.9,     0.7,     2.1,     3.7,     6.4,    22.2,  104.0,  0.00866,      0,      0,       0,       0,       0,       0
total,                                                541753,    5178,    4028,    4028,     1.0,     0.7,     2.1,     4.5,    13.2,    14.8,  105.0,  0.00858,      0,      0,       0,       0,       0,       0
total,                                                547071,    5318,    4135,    4135,     0.9,     0.7,     2.1,     3.9,     6.5,    12.8,  106.0,  0.00850,      0,      0,       0,       0,       0,       0
total,                                                552077,    5006,    3940,    3940,     1.0,     0.7,     2.3,     4.9,     9.4,    17.2,  107.0,  0.00843,      0,      0,       0,       0,       0,       0
total,                                                557844,    5767,    4462,    4462,     0.9,     0.7,     1.8,     3.4,     8.8,    10.8,  108.0,  0.00839,      0,      0,       0,       0,       0,       0
total,                                                562412,    4568,    3559,    3559,     1.1,     0.8,     2.5,     5.9,    18.4,    20.7,  109.0,  0.00839,      0,      0,       0,       0,       0,       0
total,                                                567883,    5471,    4250,    4250,     0.9,     0.7,     2.0,     3.8,    11.0,    22.5,  110.0,  0.00832,      0,      0,       0,       0,       0,       0
total,                                                573063,    5180,    4046,    4046,     1.0,     0.7,     2.1,     4.2,     9.7,    13.6,  111.0,  0.00825,      0,      0,       0,       0,       0,       0
total,                                                577880,    4817,    3708,    3708,     1.0,     0.8,     2.3,     5.1,    12.8,    16.3,  112.0,  0.00821,      0,      0,       0,       0,       0,       0
total,                                                583290,    5410,    4191,    4191,     0.9,     0.7,     2.0,     3.4,     6.6,    15.1,  113.0,  0.00815,      0,      0,       0,       0,       0,       0
total,                                                587908,    4618,    3612,    3612,     1.1,     0.8,     2.5,     4.6,    10.4,    13.5,  114.0,  0.00814,      0,      0,       0,       0,       0,       0
total,                                                593159,    5251,    4072,    4072,     0.9,     0.7,     2.0,     4.8,    13.7,    14.0,  115.0,  0.00807,      0,      0,       0,       0,       0,       0
total,                                                598404,    5245,    4090,    4090,     0.9,     0.7,     2.0,     3.8,     7.5,    16.1,  116.0,  0.00800,      0,      0,       0,       0,       0,       0
total,                                                603293,    4889,    3799,    3799,     1.0,     0.7,     2.4,     5.3,    12.9,    15.1,  117.0,  0.00795,      0,      0,       0,       0,       0,       0
total,                                                608599,    5306,    4112,    4112,     0.9,     0.7,     2.0,     3.5,    10.8,    13.8,  118.0,  0.00788,      0,      0,       0,       0,       0,       0
total,                                                613360,    4761,    3741,    3741,     1.0,     0.7,     2.7,     5.2,    21.6,    23.5,  119.0,  0.00784,      0,      0,       0,       0,       0,       0
total,                                                619056,    5696,    4361,    4361,     0.9,     0.7,     2.0,     3.5,     7.2,    10.0,  120.0,  0.00779,      0,      0,       0,       0,       0,       0
total,                                                624320,    5264,    4058,    4058,     0.9,     0.7,     2.1,     4.0,    11.7,    15.6,  121.0,  0.00773,      0,      0,       0,       0,       0,       0
total,                                                629495,    5175,    4039,    4039,     1.0,     0.7,     2.2,     3.7,     7.3,     8.5,  122.0,  0.00767,      0,      0,       0,       0,       0,       0
total,                                                635071,    5576,    4364,    4364,     0.9,     0.7,     1.9,     3.3,     7.2,    13.5,  123.0,  0.00763,      0,      0,       0,       0,       0,       0
total,                                                639909,    4838,    3754,    3754,     1.0,     0.7,     2.4,     5.0,    11.8,    17.4,  124.0,  0.00759,      0,      0,       0,       0,       0,       0
total,                                                644984,    5075,    3943,    3943,     1.0,     0.7,     2.2,     4.0,    12.0,    18.0,  125.0,  0.00753,      0,      0,       0,       0,       0,       0
total,                                                649968,    4984,    3900,    3900,     1.0,     0.8,     2.2,     4.1,    12.4,    18.9,  126.0,  0.00748,      0,      0,       0,       0,       0,       0
total,                                                655440,    5472,    4270,    4270,     0.9,     0.7,     2.1,     4.0,     8.3,    19.9,  127.0,  0.00743,      0,      0,       0,       0,       0,       0
total,                                                661051,    5611,    4313,    4313,     0.9,     0.7,     1.9,     4.1,     9.3,    11.8,  128.0,  0.00739,      0,      0,       0,       0,       0,       0
total,                                                666167,    5116,    3948,    3948,     1.0,     0.7,     2.2,     4.5,    14.2,    20.3,  129.0,  0.00733,      0,      0,       0,       0,       0,       0
total,                                                671773,    5606,    4328,    4328,     0.9,     0.7,     2.0,     3.6,    11.4,    12.3,  130.0,  0.00729,      0,      0,       0,       0,       0,       0
total,                                                676589,    4816,    3726,    3726,     1.0,     0.7,     2.4,     5.2,    20.1,    25.6,  131.0,  0.00726,      0,      0,       0,       0,       0,       0
total,                                                682239,    5650,    4416,    4416,     0.9,     0.7,     2.0,     3.8,     6.6,    12.9,  132.0,  0.00723,      0,      0,       0,       0,       0,       0
total,                                                687838,    5599,    4375,    4375,     0.9,     0.7,     1.9,     3.3,     7.6,    10.1,  133.0,  0.00719,      0,      0,       0,       0,       0,       0
total,                                                692009,    4171,    3197,    3197,     1.2,     0.8,     3.1,     6.5,    11.6,    14.4,  134.0,  0.00732,      0,      0,       0,       0,       0,       0
total,                                                697719,    5710,    4454,    4454,     0.9,     0.7,     1.9,     3.3,     7.7,    14.7,  135.0,  0.00730,      0,      0,       0,       0,       0,       0
total,                                                703030,    5311,    4075,    4075,     0.9,     0.7,     2.1,     5.0,    10.2,    11.6,  136.0,  0.00725,      0,      0,       0,       0,       0,       0
total,                                                708471,    5441,    4213,    4213,     0.9,     0.7,     2.0,     3.6,     7.0,     9.4,  137.0,  0.00720,      0,      0,       0,       0,       0,       0
total,                                                713746,    5275,    4122,    4122,     0.9,     0.7,     2.1,     3.7,    10.9,    20.3,  138.0,  0.00714,      0,      0,       0,       0,       0,       0
total,                                                718679,    4933,    3797,    3797,     1.0,     0.7,     2.4,     5.1,    12.5,    19.5,  139.0,  0.00711,      0,      0,       0,       0,       0,       0
total,                                                724049,    5370,    4219,    4219,     0.9,     0.7,     2.1,     3.9,     9.1,    20.4,  140.0,  0.00706,      0,      0,       0,       0,       0,       0
total,                                                728600,    4551,    3544,    3544,     1.1,     0.8,     2.6,     6.2,    13.1,    14.6,  141.0,  0.00707,      0,      0,       0,       0,       0,       0
total,                                                734158,    5558,    4307,    4307,     0.9,     0.7,     1.9,     3.1,    10.1,    13.6,  142.0,  0.00703,      0,      0,       0,       0,       0,       0
total,                                                739583,    5425,    4234,    4234,     0.9,     0.7,     2.0,     3.2,     9.0,    15.8,  143.0,  0.00699,      0,      0,       0,       0,       0,       0
total,                                                743977,    4394,    3455,    3455,     1.1,     0.8,     2.7,     6.8,    14.2,    19.1,  144.0,  0.00702,      0,      0,       0,       0,       0,       0
total,                                                749405,    5428,    4217,    4217,     0.9,     0.7,     2.0,     3.3,     7.1,    16.7,  145.0,  0.00698,      0,      0,       0,       0,       0,       0
total,                                                753752,    4347,    3358,    3358,     1.1,     0.8,     3.1,     6.0,    13.9,    17.6,  146.0,  0.00703,      0,      0,       0,       0,       0,       0
total,                                                759648,    5896,    4608,    4608,     0.8,     0.6,     1.8,     3.6,     9.5,    11.3,  147.0,  0.00704,      0,      0,       0,       0,       0,       0
total,                                                765108,    5460,    4231,    4231,     0.9,     0.7,     1.9,     3.4,    15.4,    25.4,  148.0,  0.00700,      0,      0,       0,       0,       0,       0
total,                                                770080,    4972,    3856,    3856,     1.0,     0.8,     2.3,     4.2,    11.0,    17.3,  149.0,  0.00696,      0,      0,       0,       0,       0,       0
total,                                                775492,    5412,    4173,    4173,     0.9,     0.7,     2.0,     3.3,     6.1,    13.8,  150.0,  0.00691,      0,      0,       0,       0,       0,       0
total,                                                780590,    5098,    3950,    3950,     1.0,     0.7,     2.1,     4.4,    11.3,    16.5,  151.0,  0.00687,      0,      0,       0,       0,       0,       0
total,                                                786332,    5742,    4484,    4484,     0.9,     0.7,     1.9,     3.3,     8.2,     9.4,  152.0,  0.00685,      0,      0,       0,       0,       0,       0
total,                                                791566,    5234,    4030,    4030,     0.9,     0.7,     2.1,     4.3,    11.2,    14.5,  153.0,  0.00681,      0,      0,       0,       0,       0,       0
total,                                                796839,    5273,    4134,    4134,     0.9,     0.7,     2.3,     4.6,     7.9,    14.2,  154.0,  0.00677,      0,      0,       0,       0,       0,       0
total,                                                802472,    5633,    4420,    4420,     0.9,     0.7,     1.9,     3.4,     8.4,    21.4,  155.0,  0.00675,      0,      0,       0,       0,       0,       0
total,                                                807044,    4572,    3537,    3537,     1.1,     0.8,     2.7,     5.2,    11.9,    16.4,  156.0,  0.00676,      0,      0,       0,       0,       0,       0
total,                                                812674,    5630,    4371,    4371,     0.9,     0.7,     1.8,     3.2,    15.6,    17.4,  157.0,  0.00673,      0,      0,       0,       0,       0,       0
total,                                                817583,    4909,    3815,    3815,     1.0,     0.7,     2.3,     5.3,    21.2,    32.7,  158.0,  0.00670,      0,      0,       0,       0,       0,       0
total,                                                823111,    5528,    4321,    4321,     0.9,     0.7,     2.1,     3.7,     8.7,    11.1,  159.0,  0.00666,      0,      0,       0,       0,       0,       0
total,                                                828604,    5493,    4323,    4323,     0.9,     0.7,     2.0,     3.1,     7.5,    15.0,  160.0,  0.00663,      0,      0,       0,       0,       0,       0
total,                                                833385,    4781,    3710,    3710,     1.0,     0.7,     2.5,     5.6,    12.3,    27.3,  161.0,  0.00661,      0,      0,       0,       0,       0,       0
total,                                                838938,    5553,    4360,    4360,     0.9,     0.7,     2.0,     3.6,     6.5,    10.6,  162.0,  0.00658,      0,      0,       0,       0,       0,       0
total,                                                843671,    4733,    3673,    3673,     1.0,     0.7,     2.5,     5.5,    16.1,    17.8,  163.0,  0.00657,      0,      0,       0,       0,       0,       0
total,                                                849074,    5403,    4181,    4181,     0.9,     0.7,     2.0,     3.2,     5.5,    22.2,  164.0,  0.00653,      0,      0,       0,       0,       0,       0
total,                                                854325,    5251,    4072,    4072,     0.9,     0.7,     2.1,     3.6,     7.2,    20.1,  165.0,  0.00649,      0,      0,       0,       0,       0,       0
total,                                                858860,    4535,    3516,    3516,     1.1,     0.8,     2.6,     5.4,    12.2,    18.8,  166.0,  0.00650,      0,      0,       0,       0,       0,       0
total,                                                864247,    5387,    4196,    4196,     0.9,     0.7,     2.1,     3.7,     6.4,    25.7,  167.0,  0.00647,      0,      0,       0,       0,       0,       0
total,                                                869159,    4912,    3833,    3833,     1.0,     0.7,     2.4,     5.5,    26.7,    27.5,  168.0,  0.00643,      0,      0,       0,       0,       0,       0
total,                                                874907,    5748,    4402,    4402,     0.9,     0.7,     1.8,     3.2,     8.9,    13.9,  169.0,  0.00641,      0,      0,       0,       0,       0,       0
total,                                                880116,    5209,    4032,    4032,     0.9,     0.7,     2.2,     4.3,    11.6,    18.1,  170.0,  0.00638,      0,      0,       0,       0,       0,       0
total,                                                885236,    5120,    3984,    3984,     1.0,     0.7,     2.2,     4.9,    10.5,    16.2,  171.0,  0.00634,      0,      0,       0,       0,       0,       0
total,                                                890985,    5749,    4433,    4433,     0.9,     0.7,     1.8,     3.8,     8.8,    13.9,  172.0,  0.00632,      0,      0,       0,       0,       0,       0
total,                                                896107,    5122,    4001,    4001,     1.0,     0.7,     2.2,     5.3,    13.1,    22.6,  173.0,  0.00629,      0,      0,       0,       0,       0,       0
total,                                                901750,    5643,    4404,    4404,     0.9,     0.7,     1.9,     4.1,     9.0,    15.9,  174.0,  0.00627,      0,      0,       0,       0,       0,       0
total,                                                906788,    5038,    3953,    3953,     1.0,     0.7,     2.1,     4.7,    14.5,    18.8,  175.0,  0.00623,      0,      0,       0,       0,       0,       0
total,                                                911789,    5001,    3845,    3845,     1.0,     0.7,     2.3,     5.6,    10.4,    19.5,  176.0,  0.00621,      0,      0,       0,       0,       0,       0
total,                                                917667,    5878,    4588,    4588,     0.8,     0.7,     1.8,     3.0,     6.8,    13.8,  177.0,  0.00621,      0,      0,       0,       0,       0,       0
total,                                                922396,    4729,    3666,    3666,     1.0,     0.7,     2.6,     6.0,    24.6,    27.8,  178.0,  0.00620,      0,      0,       0,       0,       0,       0
total,                                                927819,    5423,    4218,    4218,     0.9,     0.7,     2.0,     3.2,    10.0,    12.5,  179.0,  0.00616,      0,      0,       0,       0,       0,       0
total,                                                932929,    5110,    4013,    4013,     1.0,     0.7,     2.2,     4.6,     9.1,    14.6,  180.0,  0.00613,      0,      0,       0,       0,       0,       0
total,                                                938721,    5792,    4490,    4490,     0.9,     0.7,     1.9,     3.8,     7.8,    14.4,  181.0,  0.00612,      0,      0,       0,       0,       0,       0
total,                                                944056,    5335,    4140,    4140,     0.9,     0.8,     2.0,     3.4,     6.1,    17.7,  182.0,  0.00609,      0,      0,       0,       0,       0,       0
total,                                                948898,    4842,    3740,    3740,     1.0,     0.7,     2.5,     5.1,    13.0,    34.7,  183.0,  0.00607,      0,      0,       0,       0,       0,       0
total,                                                954591,    5693,    4472,    4472,     0.9,     0.7,     1.9,     3.2,     7.2,    13.4,  184.0,  0.00605,      0,      0,       0,       0,       0,       0
total,                                                959550,    4959,    3902,    3902,     1.0,     0.7,     2.4,     5.2,    11.8,    15.7,  185.0,  0.00603,      0,      0,       0,       0,       0,       0
total,                                                965335,    5785,    4496,    4496,     0.9,     0.7,     1.8,     3.8,     9.5,    13.7,  186.0,  0.00602,      0,      0,       0,       0,       0,       0
total,                                                970719,    5384,    4178,    4178,     0.9,     0.7,     2.1,     3.9,     9.2,    19.2,  187.0,  0.00599,      0,      0,       0,       0,       0,       0
total,                                                975646,    4927,    3831,    3831,     1.0,     0.7,     2.4,     5.9,    14.5,    16.0,  188.0,  0.00596,      0,      0,       0,       0,       0,       0
total,                                                981327,    5681,    4447,    4447,     0.9,     0.7,     1.9,     3.4,     7.5,     8.8,  189.0,  0.00595,      0,      0,       0,       0,       0,       0
total,                                                986527,    5200,    4069,    4069,     0.9,     0.7,     2.1,     3.7,    10.6,    14.1,  190.0,  0.00592,      0,      0,       0,       0,       0,       0
total,                                                992543,    6016,    4679,    4679,     0.8,     0.7,     1.7,     2.8,    11.9,    13.6,  191.0,  0.00593,      0,      0,       0,       0,       0,       0
total,                                                997979,    5436,    4223,    4223,     0.9,     0.7,     1.9,     4.4,    12.1,    19.6,  192.0,  0.00591,      0,      0,       0,       0,       0,       0
total,                                               1000000,    4477,    3489,    3489,     1.1,     0.8,     2.7,     5.9,     9.0,    17.0,  192.5,  0.00591,      0,      0,       0,       0,       0,       0


Results:
Op rate                   :    5,196 op/s  [t3.select_entities_by_tag: 5,196 op/s]
Partition rate            :    4,040 pk/s  [t3.select_entities_by_tag: 4,040 pk/s]
Row rate                  :    4,040 row/s [t3.select_entities_by_tag: 4,040 row/s]
Latency mean              :    0.9 ms [t3.select_entities_by_tag: 0.9 ms]
Latency median            :    0.7 ms [t3.select_entities_by_tag: 0.7 ms]
Latency 95th percentile   :    2.1 ms [t3.select_entities_by_tag: 2.1 ms]
Latency 99th percentile   :    4.3 ms [t3.select_entities_by_tag: 4.3 ms]
Latency 99.9th percentile :   11.7 ms [t3.select_entities_by_tag: 11.7 ms]
Latency max               :  304.1 ms [t3.select_entities_by_tag: 304.1 ms]
Total partitions          :    777,569 [t3.select_entities_by_tag: 777,569]
Total errors              :          0 [t3.select_entities_by_tag: 0]
Total GC count            : 0
Total GC memory           : 0.000 KiB
Total GC time             :    0.0 seconds
Avg GC time               :    NaN ms
StdDev GC time            :    0.0 ms
Total operation time      : 00:03:12

END
