******************** Stress Settings ********************
Command:
  Type: user
  Count: 1,000,000
  No Warmup: false
  Consistency Level: LOCAL_ONE
  Target Uncertainty: not applicable
  Command Ratios: {t3.delete_tag_entity=1.0}
  Command Clustering Distribution: clustering=gaussian(1..10)
  Profile File(s): t3_tag_entities.yaml
Rate:
  Auto: false
  Thread Count: 5
  OpsPer Sec: 0
Population:
  Distribution: Gaussian:  min=1,max=1000000,mean=500000.500000,stdev=166666.500000
  Order: ARBITRARY
  Wrap: false
Insert:
  Revisits: Uniform:  min=1,max=1000000
  Visits: Fixed:  key=1
  Row Population Ratio: Ratio: divisor=1.000000;delegate=Fixed:  key=1
  Batch Type: not batching
Errors:
  Ignore: false
  Tries: 10
Log:
  No Summary: false
  No Settings: false
  File: tag_entities_1M_2_5_threads.log
  Interval Millis: 1000
  Level: NORMAL
Mode:
  API: JAVA_DRIVER_NATIVE
  Connection Style: CQL_PREPARED
  CQL Version: CQL3
  Protocol Version: V5
  Username: null
  Password: null
  Auth Provide Class: null
  Max Pending Per Connection: 128
  Connections Per Host: 8
  Compression: NONE
Node:
  Nodes: [localhost]
  Is White List: false
  Datacenter: null
Schema:
  Keyspace: null
  Replication Strategy: org.apache.cassandra.locator.SimpleStrategy
  Replication Strategy Options: {replication_factor=1}
  Table Compression: null
  Table Compaction Strategy: null
  Table Compaction Strategy Options: {}
Transport:
  truststore=null; truststore-password=null; keystore=null; keystore-password=null; ssl-protocol=TLS; ssl-alg=null; ssl-ciphers=TLS_RSA_WITH_AES_128_CBC_SHA,TLS_RSA_WITH_AES_256_CBC_SHA; 
Port:
  Native Port: 9042
  JMX Port: 7199
Graph:
  File: tag_entities_1M_threads_5.html
  Revision: 2
  Title: NVO_Cassandra_POC_tag_entities_Table_1M_Records_5_Threads
  Operation: USER
TokenRange:
  Wrap: false
  Split Factor: 1

******************** Profile(s) ********************
  Keyspace Name: tagging
  Keyspace CQL: 
***
CREATE KEYSPACE IF NOT EXISTS tagging WITH replication = {'class': 'SimpleStrategy', 'replication_factor': 1};
***

  Table Name: tag_entities
  Table CQL: 
***
CREATE TABLE IF NOT EXISTS tag_entities (
  tag_id UUID,
  entity_id UUID,
  PRIMARY KEY (tag_id, entity_id)
);
***

  Extra Schema Definitions: null
  Generator Configs:
    tag_id: Size: Gaussian:  min=5,max=10,mean=7.500000,stdev=0.833333;Identity: Uniform:  min=1,max=10000000;
    entity_id: Size: Gaussian:  min=5,max=10,mean=7.500000,stdev=0.833333;Identity: Uniform:  min=1,max=10000000;
  Query Definitions:
    select_entities_by_tag: CQL:SELECT * FROM tag_entities WHERE tag_id = ?;Fields:samerow;
    delete_tag_entity: CQL:DELETE FROM tag_entities WHERE tag_id = ? AND entity_id = ?;Fields:samerow;
  Token Range Queries:
  Insert Settings:
    partitions: fixed(1)
    select: fixed(1)/500
    batchtype: UNLOGGED
Generating batches with [1..1] partitions and [0..0] rows (of [1..1] total rows in the partitions)

Sleeping 2s...
Warming up t3.delete_tag_entity with 50000 iterations...
Running [t3.delete_tag_entity] with 5 threads for 1000000 iteration
type                                               total ops,    op/s,    pk/s,   row/s,    mean,     med,     .95,     .99,    .999,     max,   time,   stderr, errors,  gc: #,  max ms,  sum ms,  sdv ms,      mb
total,                                                  4241,    4241,       0,       0,     1.0,     0.7,     2.3,     7.8,    19.7,    20.2,    1.0,      NaN,      0,      0,       0,       0,       0,       0
total,                                                  8710,    4469,       0,       0,     1.1,     0.7,     2.9,     8.3,    23.2,    37.8,    2.0,      NaN,      0,      0,       0,       0,       0,       0
total,                                                 14328,    5618,       0,       0,     0.9,     0.6,     1.8,     4.5,    16.5,    38.3,    3.0,      NaN,      0,      0,       0,       0,       0,       0
total,                                                 20065,    5737,       0,       0,     0.9,     0.7,     1.8,     3.7,    11.1,    20.8,    4.0,      NaN,      0,      0,       0,       0,       0,       0
total,                                                 25618,    5553,       0,       0,     0.9,     0.6,     2.1,     5.0,    13.7,    15.3,    5.0,      NaN,      0,      0,       0,       0,       0,       0
total,                                                 31675,    6057,       0,       0,     0.8,     0.7,     1.7,     2.8,     5.0,     6.6,    6.0,      NaN,      0,      0,       0,       0,       0,       0
total,                                                 36550,    4875,       0,       0,     1.0,     0.6,     2.7,     7.8,    13.9,    15.4,    7.0,      NaN,      0,      0,       0,       0,       0,       0
total,                                                 41544,    4994,       0,       0,     1.0,     0.6,     1.5,     2.6,   233.4,   234.4,    8.0,      NaN,      0,      0,       0,       0,       0,       0
total,                                                 47724,    6180,       0,       0,     0.8,     0.6,     1.7,     3.3,    10.7,    14.0,    9.0,      NaN,      0,      0,       0,       0,       0,       0
total,                                                 52408,    4684,       0,       0,     1.1,     0.7,     2.4,     4.8,    60.4,    65.8,   10.0,      NaN,      0,      0,       0,       0,       0,       0
total,                                                 58656,    6248,       0,       0,     0.8,     0.6,     1.6,     2.9,     7.5,     8.7,   11.0,      NaN,      0,      0,       0,       0,       0,       0
total,                                                 63277,    4621,       0,       0,     1.1,     0.7,     3.0,     7.0,    21.4,    33.0,   12.0,      NaN,      0,      0,       0,       0,       0,       0
total,                                                 68064,    4787,       0,       0,     1.0,     0.7,     2.5,     7.0,    17.8,    20.8,   13.0,      NaN,      0,      0,       0,       0,       0,       0
total,                                                 72121,    4057,       0,       0,     1.2,     0.8,     2.8,    11.1,    19.8,    21.4,   14.0,      NaN,      0,      0,       0,       0,       0,       0
total,                                                 76498,    4377,       0,       0,     1.1,     0.8,     3.0,     7.2,    17.7,    27.4,   15.0,      NaN,      0,      0,       0,       0,       0,       0
total,                                                 81807,    5309,       0,       0,     0.9,     0.7,     2.1,     4.3,    11.9,    13.4,   16.0,      NaN,      0,      0,       0,       0,       0,       0
total,                                                 87088,    5281,       0,       0,     0.9,     0.7,     2.1,     5.3,    12.4,    19.4,   17.0,      NaN,      0,      0,       0,       0,       0,       0
total,                                                 93299,    6211,       0,       0,     0.8,     0.6,     1.6,     3.1,     9.9,    14.8,   18.0,      NaN,      0,      0,       0,       0,       0,       0
total,                                                 98798,    5499,       0,       0,     0.9,     0.7,     1.9,     3.9,    10.1,    13.9,   19.0,      NaN,      0,      0,       0,       0,       0,       0
total,                                                104750,    5952,       0,       0,     0.8,     0.7,     1.8,     3.8,    10.9,    15.0,   20.0,      NaN,      0,      0,       0,       0,       0,       0
total,                                                110294,    5544,       0,       0,     0.8,     0.6,     1.7,     2.8,     4.7,     6.4,   21.0,      NaN,      0,      0,       0,       0,       0,       0
total,                                                115157,    4863,       0,       0,     1.1,     0.7,     2.0,     4.7,   160.7,   171.2,   22.0,      NaN,      0,      0,       0,       0,       0,       0
total,                                                121075,    5918,       0,       0,     0.9,     0.6,     1.9,     4.2,    15.9,    86.4,   23.0,      NaN,      0,      0,       0,       0,       0,       0
total,                                                126850,    5775,       0,       0,     0.9,     0.7,     1.9,     4.1,    10.2,    16.0,   24.0,      NaN,      0,      0,       0,       0,       0,       0
total,                                                132605,    5755,       0,       0,     0.9,     0.7,     1.9,     4.0,     8.1,    21.0,   25.0,      NaN,      0,      0,       0,       0,       0,       0
total,                                                138436,    5831,       0,       0,     0.8,     0.7,     1.9,     3.5,     5.8,    11.6,   26.0,      NaN,      0,      0,       0,       0,       0,       0
total,                                                143959,    5523,       0,       0,     0.9,     0.6,     2.2,     5.1,    11.2,    14.3,   27.0,      NaN,      0,      0,       0,       0,       0,       0
total,                                                149995,    6036,       0,       0,     0.8,     0.6,     1.8,     3.5,    10.9,    14.9,   28.0,      NaN,      0,      0,       0,       0,       0,       0
total,                                                155092,    5097,       0,       0,     1.0,     0.7,     2.4,     5.6,    20.0,    27.4,   29.0,      NaN,      0,      0,       0,       0,       0,       0
total,                                                160905,    5813,       0,       0,     0.8,     0.7,     1.8,     3.0,     6.5,     8.1,   30.0,      NaN,      0,      0,       0,       0,       0,       0
total,                                                166892,    5987,       0,       0,     0.8,     0.7,     1.8,     3.0,     5.8,     7.8,   31.0,      NaN,      0,      0,       0,       0,       0,       0
total,                                                172077,    5185,       0,       0,     1.0,     0.7,     2.3,     5.1,    12.6,    21.8,   32.0,      NaN,      0,      0,       0,       0,       0,       0
total,                                                178074,    5997,       0,       0,     0.8,     0.6,     1.8,     3.4,     7.8,    12.1,   33.0,      NaN,      0,      0,       0,       0,       0,       0
total,                                                182577,    4503,       0,       0,     1.0,     0.7,     2.3,     5.7,    10.2,    14.6,   34.0,      NaN,      0,      0,       0,       0,       0,       0
total,                                                186564,    3987,       0,       0,     1.4,     0.6,     1.9,     3.9,   305.7,   306.2,   35.0,      NaN,      0,      0,       0,       0,       0,       0
total,                                                192417,    5853,       0,       0,     0.8,     0.7,     1.9,     3.5,     6.7,    23.0,   36.0,      NaN,      0,      0,       0,       0,       0,       0
total,                                                197843,    5426,       0,       0,     0.9,     0.7,     2.1,     4.2,    12.1,    17.0,   37.0,      NaN,      0,      0,       0,       0,       0,       0
total,                                                203962,    6119,       0,       0,     0.8,     0.7,     1.7,     3.1,     5.8,     8.1,   38.0,      NaN,      0,      0,       0,       0,       0,       0
total,                                                209128,    5166,       0,       0,     1.0,     0.7,     2.3,     4.7,    11.2,    16.0,   39.0,      NaN,      0,      0,       0,       0,       0,       0
total,                                                214858,    5730,       0,       0,     0.9,     0.7,     1.8,     3.2,    11.1,    24.2,   40.0,      NaN,      0,      0,       0,       0,       0,       0
total,                                                220128,    5270,       0,       0,     0.9,     0.7,     2.0,     5.2,    17.7,    19.9,   41.0,      NaN,      0,      0,       0,       0,       0,       0
total,                                                225659,    5531,       0,       0,     0.9,     0.6,     2.0,     4.8,    14.4,    18.3,   42.0,      NaN,      0,      0,       0,       0,       0,       0
total,                                                231606,    5947,       0,       0,     0.8,     0.7,     1.7,     3.0,     9.6,    19.1,   43.0,      NaN,      0,      0,       0,       0,       0,       0
total,                                                236786,    5180,       0,       0,     1.0,     0.7,     2.3,     5.6,    11.6,    13.8,   44.0,      NaN,      0,      0,       0,       0,       0,       0
total,                                                243113,    6327,       0,       0,     0.8,     0.6,     1.7,     2.7,     5.0,    10.0,   45.0,      NaN,      0,      0,       0,       0,       0,       0
total,                                                248254,    5141,       0,       0,     1.0,     0.7,     2.2,     4.4,     9.0,    16.3,   46.0,      NaN,      0,      0,       0,       0,       0,       0
total,                                                254008,    5754,       0,       0,     0.9,     0.6,     1.8,     3.0,     7.3,    76.6,   47.0,      NaN,      0,      0,       0,       0,       0,       0
total,                                                258809,    4801,       0,       0,     0.8,     0.6,     1.7,     3.0,     5.6,     8.8,   48.0,      NaN,      0,      0,       0,       0,       0,       0
total,                                                263646,    4837,       0,       0,     1.3,     0.7,     2.3,     4.6,   368.1,   370.4,   49.0,      NaN,      0,      0,       0,       0,       0,       0
total,                                                269548,    5902,       0,       0,     0.8,     0.7,     1.7,     2.8,     7.7,     8.5,   50.0,      NaN,      0,      0,       0,       0,       0,       0
total,                                                275077,    5529,       0,       0,     0.9,     0.7,     2.0,     5.1,    11.6,    14.3,   51.0,      NaN,      0,      0,       0,       0,       0,       0
total,                                                280757,    5680,       0,       0,     0.9,     0.7,     1.9,     3.5,    14.5,    21.7,   52.0,      NaN,      0,      0,       0,       0,       0,       0
total,                                                286628,    5871,       0,       0,     0.8,     0.7,     1.8,     3.5,     9.1,    11.2,   53.0,      NaN,      0,      0,       0,       0,       0,       0
total,                                                291936,    5308,       0,       0,     0.9,     0.7,     2.1,     4.8,    12.8,    65.4,   54.0,      NaN,      0,      0,       0,       0,       0,       0
total,                                                297906,    5970,       0,       0,     0.8,     0.6,     1.8,     3.5,    10.7,    18.1,   55.0,      NaN,      0,      0,       0,       0,       0,       0
total,                                                303150,    5244,       0,       0,     0.9,     0.7,     2.2,     4.5,     9.5,    17.7,   56.0,      NaN,      0,      0,       0,       0,       0,       0
total,                                                309131,    5981,       0,       0,     0.8,     0.7,     1.8,     2.8,     5.3,    11.8,   57.0,      NaN,      0,      0,       0,       0,       0,       0
total,                                                315004,    5873,       0,       0,     0.8,     0.7,     1.9,     3.6,     9.7,    12.4,   58.0,      NaN,      0,      0,       0,       0,       0,       0
total,                                                318393,    3389,       0,       0,     1.5,     0.7,     2.7,     6.7,   301.5,   302.5,   59.0,      NaN,      0,      0,       0,       0,       0,       0
total,                                                324906,    6513,       0,       0,     0.8,     0.6,     1.5,     3.2,     6.2,     8.6,   60.0,      NaN,      0,      0,       0,       0,       0,       0
total,                                                330144,    5238,       0,       0,     0.9,     0.7,     2.1,     4.8,    11.7,    16.5,   61.0,      NaN,      0,      0,       0,       0,       0,       0
total,                                                334212,    4068,       0,       0,     1.2,     0.7,     2.1,     4.6,   261.6,   265.4,   62.0,      NaN,      0,      0,       0,       0,       0,       0
total,                                                340156,    5944,       0,       0,     0.8,     0.6,     1.8,     3.9,     8.3,    14.6,   63.0,      NaN,      0,      0,       0,       0,       0,       0
total,                                                345869,    5713,       0,       0,     0.9,     0.7,     1.9,     4.4,    12.5,    14.7,   64.0,      NaN,      0,      0,       0,       0,       0,       0
total,                                                351949,    6080,       0,       0,     0.8,     0.7,     1.7,     3.0,     7.2,    14.6,   65.0,      NaN,      0,      0,       0,       0,       0,       0
total,                                                357121,    5172,       0,       0,     1.0,     0.7,     2.3,     4.9,    10.0,    19.8,   66.0,      NaN,      0,      0,       0,       0,       0,       0
total,                                                363232,    6111,       0,       0,     0.8,     0.7,     1.7,     2.5,     3.8,    11.4,   67.0,      NaN,      0,      0,       0,       0,       0,       0
total,                                                368356,    5124,       0,       0,     1.0,     0.7,     2.3,     4.4,    11.9,    16.5,   68.0,      NaN,      0,      0,       0,       0,       0,       0
total,                                                374402,    6046,       0,       0,     0.8,     0.7,     1.7,     3.2,     8.3,    12.8,   69.0,      NaN,      0,      0,       0,       0,       0,       0
total,                                                380373,    5971,       0,       0,     0.8,     0.6,     1.8,     3.4,     9.7,    16.1,   70.0,      NaN,      0,      0,       0,       0,       0,       0
total,                                                385595,    5222,       0,       0,     0.9,     0.7,     2.2,     4.1,     8.7,    20.6,   71.0,      NaN,      0,      0,       0,       0,       0,       0
total,                                                390136,    4541,       0,       0,     1.1,     0.7,     2.1,     5.5,   139.9,   152.2,   72.0,      NaN,      0,      0,       0,       0,       0,       0
total,                                                394571,    4435,       0,       0,     1.1,     0.7,     2.9,     7.3,    15.4,    19.7,   73.0,      NaN,      0,      0,       0,       0,       0,       0
total,                                                400585,    6014,       0,       0,     0.8,     0.6,     1.7,     3.3,     9.8,    16.1,   74.0,      NaN,      0,      0,       0,       0,       0,       0
total,                                                406434,    5849,       0,       0,     0.8,     0.7,     1.8,     3.3,    10.0,    12.5,   75.0,      NaN,      0,      0,       0,       0,       0,       0
total,                                                411202,    4768,       0,       0,     1.0,     0.7,     2.3,     5.4,   103.5,   105.3,   76.0,      NaN,      0,      0,       0,       0,       0,       0
total,                                                417868,    6666,       0,       0,     0.7,     0.6,     1.4,     2.3,     6.5,    10.9,   77.0,      NaN,      0,      0,       0,       0,       0,       0
total,                                                423318,    5450,       0,       0,     0.9,     0.7,     2.1,     3.9,     9.2,    12.8,   78.0,      NaN,      0,      0,       0,       0,       0,       0
total,                                                429288,    5970,       0,       0,     0.8,     0.7,     1.7,     2.8,     4.5,     5.4,   79.0,      NaN,      0,      0,       0,       0,       0,       0
total,                                                435169,    5881,       0,       0,     0.8,     0.7,     1.8,     3.3,     7.1,    15.7,   80.0,      NaN,      0,      0,       0,       0,       0,       0
total,                                                440807,    5638,       0,       0,     0.9,     0.7,     2.0,     4.2,    12.9,    16.1,   81.0,      NaN,      0,      0,       0,       0,       0,       0
total,                                                446447,    5640,       0,       0,     0.9,     0.7,     1.9,     4.0,     9.3,    14.3,   82.0,      NaN,      0,      0,       0,       0,       0,       0
total,                                                451993,    5546,       0,       0,     0.9,     0.7,     2.1,     4.0,     8.4,    18.5,   83.0,      NaN,      0,      0,       0,       0,       0,       0
total,                                                456528,    4535,       0,       0,     1.1,     0.7,     2.1,     5.1,   137.1,   142.0,   84.0,      NaN,      0,      0,       0,       0,       0,       0
total,                                                461572,    5044,       0,       0,     1.0,     0.7,     2.3,     5.8,    11.5,    13.2,   85.0,      NaN,      0,      0,       0,       0,       0,       0
total,                                                467547,    5975,       0,       0,     0.8,     0.7,     1.8,     3.3,     6.4,     8.4,   86.0,      NaN,      0,      0,       0,       0,       0,       0
total,                                                473482,    5935,       0,       0,     0.8,     0.7,     1.8,     3.2,    10.1,    12.7,   87.0,      NaN,      0,      0,       0,       0,       0,       0
total,                                                478693,    5211,       0,       0,     0.9,     0.7,     2.2,     4.9,    12.9,    14.4,   88.0,      NaN,      0,      0,       0,       0,       0,       0
total,                                                484278,    5585,       0,       0,     0.9,     0.7,     1.7,     3.6,    27.1,    67.5,   89.0,      NaN,      0,      0,       0,       0,       0,       0
total,                                                489693,    5415,       0,       0,     0.9,     0.7,     2.2,     5.0,    14.1,    21.0,   90.0,      NaN,      0,      0,       0,       0,       0,       0
total,                                                496376,    6683,       0,       0,     0.7,     0.6,     1.5,     2.4,     3.4,     4.9,   91.0,      NaN,      0,      0,       0,       0,       0,       0
total,                                                502111,    5735,       0,       0,     0.9,     0.7,     1.9,     3.3,    11.1,    12.2,   92.0,      NaN,      0,      0,       0,       0,       0,       0
total,                                                506918,    4807,       0,       0,     1.0,     0.7,     2.5,     5.7,    19.4,    20.1,   93.0,      NaN,      0,      0,       0,       0,       0,       0
total,                                                510540,    3622,       0,       0,     1.4,     0.6,     2.3,     8.9,   261.5,   262.8,   94.0,      NaN,      0,      0,       0,       0,       0,       0
total,                                                515198,    4658,       0,       0,     1.1,     0.7,     2.7,     8.5,    18.0,    24.9,   95.0,      NaN,      0,      0,       0,       0,       0,       0
total,                                                520763,    5565,       0,       0,     0.9,     0.7,     2.0,     4.0,    11.4,    16.5,   96.0,      NaN,      0,      0,       0,       0,       0,       0
total,                                                526946,    6183,       0,       0,     0.8,     0.7,     1.6,     2.7,     7.9,    12.2,   97.0,      NaN,      0,      0,       0,       0,       0,       0
total,                                                532119,    5173,       0,       0,     1.0,     0.7,     2.1,     3.9,    11.6,    16.0,   98.0,      NaN,      0,      0,       0,       0,       0,       0
total,                                                538161,    6042,       0,       0,     0.8,     0.7,     1.7,     3.0,    11.3,    13.7,   99.0,      NaN,      0,      0,       0,       0,       0,       0
total,                                                543849,    5688,       0,       0,     0.9,     0.6,     1.9,     4.4,    11.7,    21.9,  100.0,      NaN,      0,      0,       0,       0,       0,       0
total,                                                549806,    5957,       0,       0,     0.8,     0.7,     1.8,     3.2,     8.0,    18.2,  101.0,      NaN,      0,      0,       0,       0,       0,       0
total,                                                555561,    5755,       0,       0,     0.9,     0.6,     1.7,     3.5,    18.3,    49.3,  102.0,      NaN,      0,      0,       0,       0,       0,       0
total,                                                559856,    4295,       0,       0,     1.2,     0.7,     2.5,     6.1,   162.8,   164.6,  103.0,      NaN,      0,      0,       0,       0,       0,       0
total,                                                565650,    5794,       0,       0,     0.9,     0.7,     1.9,     3.9,    11.1,    14.8,  104.0,      NaN,      0,      0,       0,       0,       0,       0
total,                                                570884,    5234,       0,       0,     0.9,     0.7,     2.2,     4.3,    11.1,    13.3,  105.0,      NaN,      0,      0,       0,       0,       0,       0
total,                                                576517,    5633,       0,       0,     0.9,     0.7,     2.0,     3.8,    10.5,    29.5,  106.0,      NaN,      0,      0,       0,       0,       0,       0
total,                                                582865,    6348,       0,       0,     0.8,     0.6,     1.6,     2.7,     4.9,     9.8,  107.0,      NaN,      0,      0,       0,       0,       0,       0
total,                                                587918,    5053,       0,       0,     1.0,     0.7,     2.5,     5.5,    11.8,    24.5,  108.0,      NaN,      0,      0,       0,       0,       0,       0
total,                                                594190,    6272,       0,       0,     0.8,     0.7,     1.6,     2.6,     6.4,    14.7,  109.0,      NaN,      0,      0,       0,       0,       0,       0
total,                                                599095,    4905,       0,       0,     1.0,     0.8,     2.4,     4.9,    11.2,    12.3,  110.0,      NaN,      0,      0,       0,       0,       0,       0
total,                                                605045,    5950,       0,       0,     0.8,     0.7,     1.8,     3.0,     5.3,    10.3,  111.0,      NaN,      0,      0,       0,       0,       0,       0
total,                                                611273,    6228,       0,       0,     0.8,     0.6,     1.7,     2.8,     7.2,    10.0,  112.0,      NaN,      0,      0,       0,       0,       0,       0
total,                                                616655,    5382,       0,       0,     0.9,     0.7,     2.2,     5.2,    12.1,    19.2,  113.0,      NaN,      0,      0,       0,       0,       0,       0
total,                                                623109,    6454,       0,       0,     0.8,     0.6,     1.6,     2.7,     4.9,    19.6,  114.0,      NaN,      0,      0,       0,       0,       0,       0
total,                                                627649,    4540,       0,       0,     1.1,     0.7,     2.4,     5.9,   122.7,   125.7,  115.0,      NaN,      0,      0,       0,       0,       0,       0
total,                                                632821,    5172,       0,       0,     1.0,     0.6,     1.6,     2.9,     6.4,   207.1,  116.0,      NaN,      0,      0,       0,       0,       0,       0
total,                                                639300,    6479,       0,       0,     0.8,     0.6,     1.6,     2.7,     8.4,    27.6,  117.0,      NaN,      0,      0,       0,       0,       0,       0
total,                                                645092,    5792,       0,       0,     0.9,     0.6,     2.0,     4.3,     8.1,    21.3,  118.0,      NaN,      0,      0,       0,       0,       0,       0
total,                                                651468,    6376,       0,       0,     0.8,     0.6,     1.6,     3.7,    11.9,    16.1,  119.0,      NaN,      0,      0,       0,       0,       0,       0
total,                                                656931,    5463,       0,       0,     0.9,     0.7,     2.1,     4.3,    10.3,    11.1,  120.0,      NaN,      0,      0,       0,       0,       0,       0
total,                                                663177,    6246,       0,       0,     0.8,     0.6,     1.7,     2.9,     5.2,     7.9,  121.0,      NaN,      0,      0,       0,       0,       0,       0
total,                                                668675,    5498,       0,       0,     0.9,     0.7,     2.0,     4.5,    15.6,    22.3,  122.0,      NaN,      0,      0,       0,       0,       0,       0
total,                                                673789,    5114,       0,       0,     1.0,     0.7,     2.3,     5.3,    18.7,    34.6,  123.0,      NaN,      0,      0,       0,       0,       0,       0
total,                                                680371,    6582,       0,       0,     0.7,     0.6,     1.6,     2.5,     4.3,     4.9,  124.0,      NaN,      0,      0,       0,       0,       0,       0
total,                                                685475,    5104,       0,       0,     1.0,     0.7,     2.3,     5.3,    10.6,    15.7,  125.0,      NaN,      0,      0,       0,       0,       0,       0
total,                                                691450,    5975,       0,       0,     0.8,     0.7,     1.7,     3.0,     7.8,    14.0,  126.0,      NaN,      0,      0,       0,       0,       0,       0
total,                                                696139,    4689,       0,       0,     1.0,     0.7,     2.0,     4.0,   159.5,   163.3,  127.0,      NaN,      0,      0,       0,       0,       0,       0
total,                                                701942,    5803,       0,       0,     0.9,     0.7,     1.8,     3.8,     9.5,    43.4,  128.0,      NaN,      0,      0,       0,       0,       0,       0
total,                                                707225,    5283,       0,       0,     0.9,     0.6,     1.7,     3.1,    16.7,   144.6,  129.0,      NaN,      0,      0,       0,       0,       0,       0
total,                                                712400,    5175,       0,       0,     1.0,     0.7,     2.4,     4.3,    14.8,    23.2,  130.0,      NaN,      0,      0,       0,       0,       0,       0
total,                                                718526,    6126,       0,       0,     0.8,     0.7,     1.7,     2.7,     7.4,    10.0,  131.0,      NaN,      0,      0,       0,       0,       0,       0
total,                                                723888,    5362,       0,       0,     0.9,     0.7,     2.1,     3.7,    10.9,    12.5,  132.0,      NaN,      0,      0,       0,       0,       0,       0
total,                                                729566,    5678,       0,       0,     0.9,     0.6,     2.0,     4.3,     9.0,    12.7,  133.0,      NaN,      0,      0,       0,       0,       0,       0
total,                                                735985,    6419,       0,       0,     0.8,     0.6,     1.6,     3.2,     8.2,    15.4,  134.0,      NaN,      0,      0,       0,       0,       0,       0
total,                                                741114,    5129,       0,       0,     1.0,     0.7,     2.3,     5.4,    13.5,    16.5,  135.0,      NaN,      0,      0,       0,       0,       0,       0
total,                                                747058,    5944,       0,       0,     0.8,     0.7,     1.7,     3.4,     9.5,    11.4,  136.0,      NaN,      0,      0,       0,       0,       0,       0
total,                                                752462,    5404,       0,       0,     0.9,     0.7,     2.0,     4.7,    11.5,    13.6,  137.0,      NaN,      0,      0,       0,       0,       0,       0
total,                                                758348,    5886,       0,       0,     0.8,     0.6,     1.8,     4.3,    11.3,    17.3,  138.0,      NaN,      0,      0,       0,       0,       0,       0
total,                                                763132,    4784,       0,       0,     1.0,     0.7,     2.0,     4.0,   153.1,   156.1,  139.0,      NaN,      0,      0,       0,       0,       0,       0
total,                                                768754,    5622,       0,       0,     0.9,     0.6,     2.2,     3.9,     8.5,    14.1,  140.0,      NaN,      0,      0,       0,       0,       0,       0
total,                                                775117,    6363,       0,       0,     0.8,     0.6,     1.7,     2.7,     4.5,     5.4,  141.0,      NaN,      0,      0,       0,       0,       0,       0
total,                                                778905,    3788,       0,       0,     1.3,     0.7,     2.0,     4.1,   311.7,   316.9,  142.0,      NaN,      0,      0,       0,       0,       0,       0
total,                                                784647,    5742,       0,       0,     0.9,     0.7,     1.9,     3.7,    11.8,    13.5,  143.0,      NaN,      0,      0,       0,       0,       0,       0
total,                                                790675,    6028,       0,       0,     0.8,     0.6,     1.8,     3.2,     7.4,    11.7,  144.0,      NaN,      0,      0,       0,       0,       0,       0
total,                                                794735,    4060,       0,       0,     1.2,     0.7,     3.7,     8.4,    18.1,    29.4,  145.0,      NaN,      0,      0,       0,       0,       0,       0
total,                                                800265,    5530,       0,       0,     0.9,     0.7,     2.0,     4.6,    15.3,    26.4,  146.0,      NaN,      0,      0,       0,       0,       0,       0
total,                                                805496,    5231,       0,       0,     0.9,     0.7,     2.3,     4.5,     9.2,    13.2,  147.0,      NaN,      0,      0,       0,       0,       0,       0
total,                                                811758,    6262,       0,       0,     0.8,     0.6,     1.6,     3.1,     6.4,    16.8,  148.0,      NaN,      0,      0,       0,       0,       0,       0
total,                                                817802,    6044,       0,       0,     0.8,     0.6,     1.8,     3.3,    10.3,    15.0,  149.0,      NaN,      0,      0,       0,       0,       0,       0
total,                                                823578,    5776,       0,       0,     0.9,     0.6,     2.0,     4.2,     9.4,    14.2,  150.0,      NaN,      0,      0,       0,       0,       0,       0
total,                                                829125,    5547,       0,       0,     0.9,     0.6,     1.8,     3.2,    17.0,    78.3,  151.0,      NaN,      0,      0,       0,       0,       0,       0
total,                                                834523,    5398,       0,       0,     0.9,     0.7,     2.1,     4.4,    10.7,    18.1,  152.0,      NaN,      0,      0,       0,       0,       0,       0
total,                                                840487,    5964,       0,       0,     0.8,     0.6,     1.8,     3.3,     8.7,    16.0,  153.0,      NaN,      0,      0,       0,       0,       0,       0
total,                                                846235,    5748,       0,       0,     0.9,     0.7,     1.9,     3.9,    11.1,    17.3,  154.0,      NaN,      0,      0,       0,       0,       0,       0
total,                                                852244,    6009,       0,       0,     0.8,     0.6,     1.9,     4.4,    12.4,    15.1,  155.0,      NaN,      0,      0,       0,       0,       0,       0
total,                                                856357,    4113,       0,       0,     1.2,     0.6,     1.6,     3.0,   372.0,   377.0,  156.0,      NaN,      0,      0,       0,       0,       0,       0
total,                                                861576,    5219,       0,       0,     0.9,     0.7,     2.2,     4.3,    10.8,    14.9,  157.0,      NaN,      0,      0,       0,       0,       0,       0
total,                                                867745,    6169,       0,       0,     0.8,     0.6,     1.7,     3.2,     5.7,    12.2,  158.0,      NaN,      0,      0,       0,       0,       0,       0
total,                                                872970,    5225,       0,       0,     0.9,     0.7,     2.1,     4.4,    11.6,    15.7,  159.0,      NaN,      0,      0,       0,       0,       0,       0
total,                                                878779,    5809,       0,       0,     0.9,     0.7,     1.9,     4.3,    10.4,    12.2,  160.0,      NaN,      0,      0,       0,       0,       0,       0
total,                                                884807,    6028,       0,       0,     0.8,     0.6,     1.8,     3.4,    11.2,    15.4,  161.0,      NaN,      0,      0,       0,       0,       0,       0
total,                                                890206,    5399,       0,       0,     0.9,     0.6,     2.2,     4.8,    12.3,    15.4,  162.0,      NaN,      0,      0,       0,       0,       0,       0
total,                                                895588,    5382,       0,       0,     0.9,     0.6,     2.0,     4.1,     8.3,    10.8,  163.0,      NaN,      0,      0,       0,       0,       0,       0
total,                                                899285,    3697,       0,       0,     1.4,     0.7,     2.7,     7.0,   298.1,   299.6,  164.0,      NaN,      0,      0,       0,       0,       0,       0
total,                                                906139,    6854,       0,       0,     0.7,     0.6,     1.5,     2.7,     8.0,     9.8,  165.0,      NaN,      0,      0,       0,       0,       0,       0
total,                                                912494,    6355,       0,       0,     0.8,     0.6,     1.6,     3.0,     6.4,     8.0,  166.0,      NaN,      0,      0,       0,       0,       0,       0
total,                                                917852,    5358,       0,       0,     0.9,     0.7,     2.2,     4.1,     8.3,    12.6,  167.0,      NaN,      0,      0,       0,       0,       0,       0
total,                                                924011,    6159,       0,       0,     0.8,     0.6,     1.7,     3.2,     6.6,    17.8,  168.0,      NaN,      0,      0,       0,       0,       0,       0
total,                                                928723,    4712,       0,       0,     1.0,     0.7,     2.2,     4.5,   120.3,   125.9,  169.0,      NaN,      0,      0,       0,       0,       0,       0
total,                                                934859,    6136,       0,       0,     0.8,     0.7,     1.7,     3.0,     5.3,     7.8,  170.0,      NaN,      0,      0,       0,       0,       0,       0
total,                                                940359,    5500,       0,       0,     0.9,     0.7,     2.0,     3.4,     6.8,    18.4,  171.0,      NaN,      0,      0,       0,       0,       0,       0
total,                                                945824,    5465,       0,       0,     0.9,     0.7,     2.0,     4.2,     8.2,    11.3,  172.0,      NaN,      0,      0,       0,       0,       0,       0
total,                                                951740,    5916,       0,       0,     0.8,     0.7,     1.8,     3.6,    10.6,    13.5,  173.0,      NaN,      0,      0,       0,       0,       0,       0
total,                                                957541,    5801,       0,       0,     0.9,     0.6,     2.0,     4.6,    10.2,    13.7,  174.0,      NaN,      0,      0,       0,       0,       0,       0
total,                                                963709,    6168,       0,       0,     0.8,     0.6,     1.8,     3.2,     8.2,    24.5,  175.0,      NaN,      0,      0,       0,       0,       0,       0
total,                                                969288,    5579,       0,       0,     0.9,     0.7,     1.8,     3.6,    11.1,    79.6,  176.0,      NaN,      0,      0,       0,       0,       0,       0
total,                                                975241,    5953,       0,       0,     0.8,     0.6,     1.9,     3.4,     6.5,    10.3,  177.0,      NaN,      0,      0,       0,       0,       0,       0
total,                                                981299,    6058,       0,       0,     0.8,     0.6,     1.8,     3.0,     7.7,    17.7,  178.0,      NaN,      0,      0,       0,       0,       0,       0
total,                                                986461,    5162,       0,       0,     1.0,     0.7,     2.3,     5.8,    11.1,    17.2,  179.0,      NaN,      0,      0,       0,       0,       0,       0
total,                                                993002,    6541,       0,       0,     0.8,     0.6,     1.6,     2.8,     7.0,     8.0,  180.0,      NaN,      0,      0,       0,       0,       0,       0
total,                                                998498,    5496,       0,       0,     0.9,     0.7,     2.0,     3.8,    13.7,    29.3,  181.0,      NaN,      0,      0,       0,       0,       0,       0
total,                                               1000000,    5749,       0,       0,     0.9,     0.6,     1.9,     3.7,    13.6,    13.9,  181.3,      NaN,      0,      0,       0,       0,       0,       0


Results:
Op rate                   :    5,517 op/s  [t3.delete_tag_entity: 5,517 op/s]
Partition rate            :        0 pk/s  [t3.delete_tag_entity: 0 pk/s]
Row rate                  :        0 row/s [t3.delete_tag_entity: 0 row/s]
Latency mean              :    0.9 ms [t3.delete_tag_entity: 0.9 ms]
Latency median            :    0.7 ms [t3.delete_tag_entity: 0.7 ms]
Latency 95th percentile   :    1.9 ms [t3.delete_tag_entity: 1.9 ms]
Latency 99th percentile   :    4.0 ms [t3.delete_tag_entity: 4.0 ms]
Latency 99.9th percentile :   11.7 ms [t3.delete_tag_entity: 11.7 ms]
Latency max               :  377.0 ms [t3.delete_tag_entity: 377.0 ms]
Total partitions          :          0 [t3.delete_tag_entity: 0]
Total errors              :          0 [t3.delete_tag_entity: 0]
Total GC count            : 0
Total GC memory           : 0.000 KiB
Total GC time             :    0.0 seconds
Avg GC time               :    NaN ms
StdDev GC time            :    0.0 ms
Total operation time      : 00:03:01

END
