******************** Stress Settings ********************
Command:
  Type: user
  Count: 1,000,000
  No Warmup: false
  Consistency Level: LOCAL_ONE
  Target Uncertainty: not applicable
  Command Ratios: {t3.insert=1.0}
  Command Clustering Distribution: clustering=gaussian(1..10)
  Profile File(s): t3_tag_entities.yaml
Rate:
  Auto: false
  Thread Count: 5
  OpsPer Sec: 0
Population:
  Distribution: Gaussian:  min=1,max=1000000,mean=500000.500000,stdev=166666.500000
  Order: ARBITRARY
  Wrap: false
Insert:
  Revisits: Uniform:  min=1,max=1000000
  Visits: Fixed:  key=1
  Row Population Ratio: Ratio: divisor=1.000000;delegate=Fixed:  key=1
  Batch Type: not batching
Errors:
  Ignore: false
  Tries: 10
Log:
  No Summary: false
  No Settings: false
  File: tag_entities_1M_write_5_threads.log
  Interval Millis: 1000
  Level: NORMAL
Mode:
  API: JAVA_DRIVER_NATIVE
  Connection Style: CQL_PREPARED
  CQL Version: CQL3
  Protocol Version: V5
  Username: null
  Password: null
  Auth Provide Class: null
  Max Pending Per Connection: 128
  Connections Per Host: 8
  Compression: NONE
Node:
  Nodes: [localhost]
  Is White List: false
  Datacenter: null
Schema:
  Keyspace: null
  Replication Strategy: org.apache.cassandra.locator.SimpleStrategy
  Replication Strategy Options: {replication_factor=1}
  Table Compression: null
  Table Compaction Strategy: null
  Table Compaction Strategy Options: {}
Transport:
  truststore=null; truststore-password=null; keystore=null; keystore-password=null; ssl-protocol=TLS; ssl-alg=null; ssl-ciphers=TLS_RSA_WITH_AES_128_CBC_SHA,TLS_RSA_WITH_AES_256_CBC_SHA; 
Port:
  Native Port: 9042
  JMX Port: 7199
Graph:
  File: tag_entities_1M_threads_5.html
  Revision: Insert
  Title: NVO_Cassandra_POC_tag_entities_Table_1M_Records_5_Threads
  Operation: USER
TokenRange:
  Wrap: false
  Split Factor: 1

******************** Profile(s) ********************
  Keyspace Name: tagging
  Keyspace CQL: 
***
CREATE KEYSPACE IF NOT EXISTS tagging WITH replication = {'class': 'SimpleStrategy', 'replication_factor': 1};
***

  Table Name: tag_entities
  Table CQL: 
***
CREATE TABLE IF NOT EXISTS tag_entities (
  tag_id UUID,
  entity_id UUID,
  PRIMARY KEY (tag_id, entity_id)
);
***

  Extra Schema Definitions: null
  Generator Configs:
    tag_id: Size: Gaussian:  min=5,max=10,mean=7.500000,stdev=0.833333;Identity: Uniform:  min=1,max=10000000;
    entity_id: Size: Gaussian:  min=5,max=10,mean=7.500000,stdev=0.833333;Identity: Uniform:  min=1,max=10000000;
  Query Definitions:
    select_entities_by_tag: CQL:SELECT * FROM tag_entities WHERE tag_id = ?;Fields:samerow;
    delete_tag_entity: CQL:DELETE FROM tag_entities WHERE tag_id = ? AND entity_id = ?;Fields:samerow;
  Token Range Queries:
  Insert Settings:
    partitions: fixed(1)
    select: fixed(1)/500
    batchtype: UNLOGGED
Generating batches with [1..1] partitions and [0..0] rows (of [1..1] total rows in the partitions)

Sleeping 2s...
Warming up t3.insert with 50000 iterations...
Running [t3.insert] with 5 threads for 1000000 iteration
type                                               total ops,    op/s,    pk/s,   row/s,    mean,     med,     .95,     .99,    .999,     max,   time,   stderr, errors,  gc: #,  max ms,  sum ms,  sdv ms,      mb
total,                                                  3120,    3120,    3120,    3120,     0.9,     0.7,     2.0,     4.8,    12.0,    26.7,    1.0,  0.00000,      0,      0,       0,       0,       0,       0
total,                                                  8216,    5096,    5096,    5096,     1.0,     0.7,     2.0,     6.2,    19.9,    22.6,    2.0,  0.16865,      0,      0,       0,       0,       0,       0
total,                                                 13206,    4990,    4990,    4990,     1.0,     0.6,     2.2,     6.1,    25.8,   194.2,    3.0,  0.14739,      0,      0,       0,       0,       0,       0
total,                                                 18947,    5741,    5741,    5741,     0.9,     0.6,     1.9,     4.0,    12.2,    29.5,    4.0,  0.11380,      0,      0,       0,       0,       0,       0
total,                                                 22606,    3659,    3659,    3659,     1.4,     0.7,     2.0,     3.8,   375.7,   377.0,    5.0,  0.09198,      0,      0,       0,       0,       0,       0
total,                                                 28486,    5880,    5880,    5880,     0.8,     0.7,     1.8,     3.4,     9.6,    14.6,    6.0,  0.07748,      0,      0,       0,       0,       0,       0
total,                                                 33974,    5488,    5488,    5488,     0.9,     0.7,     2.0,     4.1,     9.5,    11.8,    7.0,  0.06625,      0,      0,       0,       0,       0,       0
total,                                                 38380,    4406,    4406,    4406,     1.1,     0.8,     2.3,     7.5,    19.7,    20.7,    8.0,  0.06259,      0,      0,       0,       0,       0,       0
total,                                                 43947,    5567,    5567,    5567,     0.9,     0.7,     2.0,     4.1,    10.2,    12.3,    9.0,  0.05564,      0,      0,       0,       0,       0,       0
total,                                                 48336,    4389,    4389,    4389,     1.1,     0.7,     2.7,     6.8,    93.8,    94.4,   10.0,  0.05131,      0,      0,       0,       0,       0,       0
total,                                                 54432,    6096,    6096,    6096,     0.8,     0.6,     1.7,     3.7,    10.9,    20.9,   11.0,  0.04832,      0,      0,       0,       0,       0,       0
total,                                                 60155,    5723,    5723,    5723,     0.9,     0.7,     2.0,     3.6,    13.6,    17.9,   12.0,  0.04449,      0,      0,       0,       0,       0,       0
total,                                                 65321,    5166,    5166,    5166,     1.0,     0.7,     2.1,     4.3,    16.1,    21.3,   13.0,  0.04119,      0,      0,       0,       0,       0,       0
total,                                                 71412,    6091,    6091,    6091,     0.8,     0.6,     1.8,     4.1,    10.6,    18.2,   14.0,  0.03917,      0,      0,       0,       0,       0,       0
total,                                                 76913,    5501,    5501,    5501,     0.9,     0.6,     2.1,     5.8,    14.8,    20.8,   15.0,  0.03653,      0,      0,       0,       0,       0,       0
total,                                                 82944,    6031,    6031,    6031,     0.8,     0.6,     1.8,     3.1,    12.8,    15.1,   16.0,  0.03475,      0,      0,       0,       0,       0,       0
total,                                                 88588,    5644,    5644,    5644,     0.9,     0.7,     2.0,     3.5,     9.6,    11.1,   17.0,  0.03270,      0,      0,       0,       0,       0,       0
total,                                                 93573,    4985,    4985,    4985,     0.9,     0.6,     2.1,     5.6,    10.6,    13.0,   18.0,  0.03137,      0,      0,       0,       0,       0,       0
total,                                                 99667,    6094,    6094,    6094,     0.9,     0.6,     1.5,     2.6,     5.7,   182.7,   19.0,  0.03424,      0,      0,       0,       0,       0,       0
total,                                                104665,    4998,    4998,    4998,     1.0,     0.7,     2.4,     5.3,    13.1,    16.8,   20.0,  0.03299,      0,      0,       0,       0,       0,       0
total,                                                110522,    5857,    5857,    5857,     0.8,     0.7,     1.9,     3.3,    11.4,    17.1,   21.0,  0.03148,      0,      0,       0,       0,       0,       0
total,                                                114864,    4342,    4342,    4342,     1.1,     0.7,     2.2,     5.1,   145.9,   147.2,   22.0,  0.03044,      0,      0,       0,       0,       0,       0
total,                                                120701,    5837,    5837,    5837,     0.8,     0.7,     1.8,     3.3,     6.0,     8.4,   23.0,  0.02914,      0,      0,       0,       0,       0,       0
total,                                                126662,    5961,    5961,    5961,     0.8,     0.6,     1.8,     3.5,     9.9,    22.4,   24.0,  0.02807,      0,      0,       0,       0,       0,       0
total,                                                131787,    5125,    5125,    5125,     1.0,     0.7,     2.2,     4.8,    11.9,    22.8,   25.0,  0.02713,      0,      0,       0,       0,       0,       0
total,                                                138429,    6642,    6642,    6642,     0.7,     0.6,     1.5,     2.8,     8.8,    11.1,   26.0,  0.02697,      0,      0,       0,       0,       0,       0
total,                                                143567,    5138,    5138,    5138,     1.0,     0.7,     2.2,     4.9,    14.0,    19.0,   27.0,  0.02616,      0,      0,       0,       0,       0,       0
total,                                                149698,    6131,    6131,    6131,     0.8,     0.6,     1.7,     4.7,    14.5,    19.0,   28.0,  0.02543,      0,      0,       0,       0,       0,       0
total,                                                154767,    5069,    5069,    5069,     1.0,     0.6,     1.7,     3.6,    13.5,   234.1,   29.0,  0.02509,      0,      0,       0,       0,       0,       0
total,                                                160054,    5287,    5287,    5287,     0.9,     0.7,     2.1,     4.7,    11.5,    26.0,   30.0,  0.02433,      0,      0,       0,       0,       0,       0
total,                                                165644,    5590,    5590,    5590,     0.8,     0.6,     1.6,     3.1,     8.2,    18.2,   31.0,  0.02355,      0,      0,       0,       0,       0,       0
total,                                                167294,    1650,    1650,    1650,     3.4,     0.6,     2.2,     5.2,   844.6,   845.2,   32.0,  0.03445,      0,      0,       0,       0,       0,       0
total,                                                173256,    5962,    5962,    5962,     0.8,     0.7,     1.8,     3.1,     6.1,    10.2,   33.0,  0.03339,      0,      0,       0,       0,       0,       0
total,                                                177815,    4559,    4559,    4559,     1.1,     0.7,     2.1,     4.2,   163.7,   166.2,   34.0,  0.03251,      0,      0,       0,       0,       0,       0
total,                                                183415,    5600,    5600,    5600,     0.9,     0.7,     1.9,     4.6,    13.2,    15.6,   35.0,  0.03161,      0,      0,       0,       0,       0,       0
total,                                                189279,    5864,    5864,    5864,     0.8,     0.6,     1.7,     3.1,    30.9,    47.8,   36.0,  0.03073,      0,      0,       0,       0,       0,       0
total,                                                193761,    4482,    4482,    4482,     1.1,     0.7,     2.5,     5.5,    96.2,   130.9,   37.0,  0.03015,      0,      0,       0,       0,       0,       0
total,                                                199986,    6225,    6225,    6225,     0.8,     0.6,     1.7,     2.8,     5.8,    16.0,   38.0,  0.02937,      0,      0,       0,       0,       0,       0
total,                                                205945,    5959,    5959,    5959,     0.8,     0.7,     1.7,     3.3,     6.9,    10.7,   39.0,  0.02861,      0,      0,       0,       0,       0,       0
total,                                                211666,    5721,    5721,    5721,     0.9,     0.6,     2.0,     4.9,    11.5,    13.9,   40.0,  0.02790,      0,      0,       0,       0,       0,       0
total,                                                217938,    6272,    6272,    6272,     0.8,     0.6,     1.6,     3.0,     6.4,    10.7,   41.0,  0.02724,      0,      0,       0,       0,       0,       0
total,                                                223175,    5237,    5237,    5237,     0.9,     0.7,     2.2,     4.6,    12.5,    14.9,   42.0,  0.02673,      0,      0,       0,       0,       0,       0
total,                                                229101,    5926,    5926,    5926,     0.8,     0.6,     1.8,     3.5,    10.3,    16.3,   43.0,  0.02610,      0,      0,       0,       0,       0,       0
total,                                                234391,    5290,    5290,    5290,     0.9,     0.7,     2.3,     4.6,    10.3,    14.3,   44.0,  0.02562,      0,      0,       0,       0,       0,       0
total,                                                238830,    4439,    4439,    4439,     0.8,     0.6,     1.8,     3.4,     6.3,    12.5,   45.0,  0.02567,      0,      0,       0,       0,       0,       0
total,                                                244644,    5814,    5814,    5814,     1.1,     0.6,     1.5,     2.3,     5.6,   429.1,   46.0,  0.02946,      0,      0,       0,       0,       0,       0
total,                                                248180,    3536,    3536,    3536,     1.4,     0.7,     2.2,     5.9,   318.2,   321.4,   47.0,  0.02901,      0,      0,       0,       0,       0,       0
total,                                                254275,    6095,    6095,    6095,     0.8,     0.7,     1.7,     2.8,     6.2,    19.8,   48.0,  0.02840,      0,      0,       0,       0,       0,       0
total,                                                259441,    5166,    5166,    5166,     1.0,     0.7,     2.2,     4.3,    10.8,    12.4,   49.0,  0.02797,      0,      0,       0,       0,       0,       0
total,                                                265110,    5669,    5669,    5669,     0.9,     0.7,     1.9,     4.0,     9.9,    11.3,   50.0,  0.02742,      0,      0,       0,       0,       0,       0
total,                                                270995,    5885,    5885,    5885,     0.8,     0.7,     1.8,     3.1,     7.2,     9.1,   51.0,  0.02688,      0,      0,       0,       0,       0,       0
total,                                                275391,    4396,    4396,    4396,     1.1,     0.8,     2.8,     6.2,    12.0,    18.2,   52.0,  0.02687,      0,      0,       0,       0,       0,       0
total,                                                281379,    5988,    5988,    5988,     0.8,     0.7,     1.8,     3.4,     6.0,     7.8,   53.0,  0.02635,      0,      0,       0,       0,       0,       0
total,                                                286560,    5181,    5181,    5181,     1.0,     0.7,     2.4,     5.0,    11.0,    13.0,   54.0,  0.02598,      0,      0,       0,       0,       0,       0
total,                                                292108,    5548,    5548,    5548,     0.9,     0.7,     1.9,     3.7,     7.9,    28.5,   55.0,  0.02552,      0,      0,       0,       0,       0,       0
total,                                                298246,    6138,    6138,    6138,     0.8,     0.7,     1.7,     2.7,     6.8,     8.8,   56.0,  0.02506,      0,      0,       0,       0,       0,       0
total,                                                303169,    4923,    4923,    4923,     1.0,     0.7,     2.4,     6.3,    16.7,    49.8,   57.0,  0.02475,      0,      0,       0,       0,       0,       0
total,                                                309079,    5910,    5910,    5910,     0.8,     0.7,     1.7,     3.0,     6.6,    14.8,   58.0,  0.02431,      0,      0,       0,       0,       0,       0
total,                                                310983,    1904,    1904,    1904,     0.9,     0.7,     1.9,     4.7,     9.6,    12.3,   59.0,  0.02672,      0,      0,       0,       0,       0,       0
total,                                                315853,    4870,    4870,    4870,     1.7,     0.6,     1.8,     4.2,   741.9,   755.0,   60.0,  0.04638,      0,      0,       0,       0,       0,       0
total,                                                321021,    5168,    5168,    5168,     1.0,     0.7,     2.2,     4.7,    11.1,    30.0,   61.0,  0.04574,      0,      0,       0,       0,       0,       0
total,                                                326524,    5503,    5503,    5503,     0.9,     0.7,     2.0,     4.0,    11.7,    19.2,   62.0,  0.04506,      0,      0,       0,       0,       0,       0
total,                                                332653,    6129,    6129,    6129,     0.8,     0.6,     1.7,     3.0,     4.9,    30.1,   63.0,  0.04431,      0,      0,       0,       0,       0,       0
total,                                                337414,    4761,    4761,    4761,     1.0,     0.7,     2.7,     6.0,    18.6,    20.8,   64.0,  0.04385,      0,      0,       0,       0,       0,       0
total,                                                343688,    6274,    6274,    6274,     0.8,     0.6,     1.7,     2.9,     5.0,     7.0,   65.0,  0.04314,      0,      0,       0,       0,       0,       0
total,                                                349861,    6173,    6173,    6173,     0.8,     0.6,     1.7,     3.4,     7.5,    11.6,   66.0,  0.04246,      0,      0,       0,       0,       0,       0
total,                                                356126,    6265,    6265,    6265,     0.8,     0.6,     1.7,     3.0,     6.9,    14.3,   67.0,  0.04180,      0,      0,       0,       0,       0,       0
total,                                                362011,    5885,    5885,    5885,     0.8,     0.7,     1.8,     3.2,     8.0,    20.2,   68.0,  0.04118,      0,      0,       0,       0,       0,       0
total,                                                367320,    5309,    5309,    5309,     0.9,     0.7,     2.1,     4.3,    14.7,    24.7,   69.0,  0.04066,      0,      0,       0,       0,       0,       0
total,                                                372980,    5660,    5660,    5660,     0.9,     0.7,     2.0,     3.8,    12.7,    15.7,   70.0,  0.04010,      0,      0,       0,       0,       0,       0
total,                                                378326,    5346,    5346,    5346,     0.9,     0.7,     2.1,     3.9,     9.4,    13.0,   71.0,  0.03961,      0,      0,       0,       0,       0,       0
total,                                                383462,    5136,    5136,    5136,     1.0,     0.7,     1.9,     3.7,    12.6,   116.2,   72.0,  0.03908,      0,      0,       0,       0,       0,       0
total,                                                388781,    5319,    5319,    5319,     0.9,     0.6,     1.8,     4.0,    11.6,   100.5,   73.0,  0.03855,      0,      0,       0,       0,       0,       0
total,                                                393942,    5161,    5161,    5161,     1.0,     0.7,     2.1,     5.6,    14.0,    17.3,   74.0,  0.03812,      0,      0,       0,       0,       0,       0
total,                                                399906,    5964,    5964,    5964,     0.8,     0.7,     1.8,     3.1,     7.4,     8.3,   75.0,  0.03761,      0,      0,       0,       0,       0,       0
total,                                                404913,    5007,    5007,    5007,     1.0,     0.7,     2.2,     4.8,    14.2,    18.1,   76.0,  0.03723,      0,      0,       0,       0,       0,       0
total,                                                410794,    5881,    5881,    5881,     0.8,     0.6,     1.8,     3.9,    11.7,    21.2,   77.0,  0.03674,      0,      0,       0,       0,       0,       0
total,                                                417033,    6239,    6239,    6239,     0.8,     0.6,     1.6,     3.0,    12.6,    26.5,   78.0,  0.03625,      0,      0,       0,       0,       0,       0
total,                                                422504,    5471,    5471,    5471,     0.9,     0.7,     2.1,     4.4,     9.5,    16.8,   79.0,  0.03583,      0,      0,       0,       0,       0,       0
total,                                                428598,    6094,    6094,    6094,     0.8,     0.6,     1.7,     3.1,     8.6,    15.8,   80.0,  0.03536,      0,      0,       0,       0,       0,       0
total,                                                433444,    4846,    4846,    4846,     1.0,     0.7,     2.9,     5.7,    10.5,    14.0,   81.0,  0.03507,      0,      0,       0,       0,       0,       0
total,                                                439264,    5820,    5820,    5820,     0.8,     0.7,     1.8,     3.0,     6.8,    24.0,   82.0,  0.03464,      0,      0,       0,       0,       0,       0
total,                                                445151,    5887,    5887,    5887,     0.8,     0.7,     1.8,     3.2,    10.1,    17.6,   83.0,  0.03422,      0,      0,       0,       0,       0,       0
total,                                                449361,    4210,    4210,    4210,     1.2,     0.7,     2.3,     6.1,   187.4,   191.0,   84.0,  0.03389,      0,      0,       0,       0,       0,       0
total,                                                455434,    6073,    6073,    6073,     0.8,     0.6,     1.7,     3.6,     6.8,    17.4,   85.0,  0.03348,      0,      0,       0,       0,       0,       0
total,                                                460954,    5520,    5520,    5520,     0.9,     0.6,     2.0,     4.1,    20.0,    69.5,   86.0,  0.03309,      0,      0,       0,       0,       0,       0
total,                                                467568,    6614,    6614,    6614,     0.7,     0.6,     1.5,     2.6,     6.9,    11.7,   87.0,  0.03269,      0,      0,       0,       0,       0,       0
total,                                                473246,    5678,    5678,    5678,     0.9,     0.7,     1.9,     4.2,    14.3,    18.1,   88.0,  0.03233,      0,      0,       0,       0,       0,       0
total,                                                479051,    5805,    5805,    5805,     0.9,     0.6,     1.8,     4.5,    10.3,    14.1,   89.0,  0.03197,      0,      0,       0,       0,       0,       0
total,                                                485190,    6139,    6139,    6139,     0.8,     0.6,     1.7,     3.5,     8.6,    18.0,   90.0,  0.03160,      0,      0,       0,       0,       0,       0
total,                                                490363,    5173,    5173,    5173,     1.0,     0.7,     2.4,     4.8,    16.0,    19.2,   91.0,  0.03132,      0,      0,       0,       0,       0,       0
total,                                                496368,    6005,    6005,    6005,     0.8,     0.7,     1.8,     3.2,     6.3,    10.6,   92.0,  0.03097,      0,      0,       0,       0,       0,       0
total,                                                501766,    5398,    5398,    5398,     0.9,     0.7,     2.2,     4.3,     7.9,     8.8,   93.0,  0.03068,      0,      0,       0,       0,       0,       0
total,                                                507211,    5445,    5445,    5445,     0.9,     0.7,     2.1,     4.7,    11.5,    12.9,   94.0,  0.03038,      0,      0,       0,       0,       0,       0
total,                                                513653,    6442,    6442,    6442,     0.8,     0.6,     1.6,     3.9,     8.5,    13.8,   95.0,  0.03005,      0,      0,       0,       0,       0,       0
total,                                                518733,    5080,    5080,    5080,     1.0,     0.6,     2.2,     4.9,    14.8,    82.0,   96.0,  0.02977,      0,      0,       0,       0,       0,       0
total,                                                525158,    6425,    6425,    6425,     0.8,     0.6,     1.6,     3.0,     6.0,    10.7,   97.0,  0.02945,      0,      0,       0,       0,       0,       0
total,                                                530267,    5109,    5109,    5109,     1.0,     0.7,     2.3,     4.8,    12.0,    21.3,   98.0,  0.02921,      0,      0,       0,       0,       0,       0
total,                                                533111,    2844,    2844,    2844,     1.7,     0.7,     2.0,     3.9,   495.5,   496.5,   99.0,  0.02893,      0,      0,       0,       0,       0,       0
total,                                                538624,    5513,    5513,    5513,     0.9,     0.7,     2.1,     4.4,     9.0,    11.7,  100.0,  0.02866,      0,      0,       0,       0,       0,       0
total,                                                543657,    5033,    5033,    5033,     1.0,     0.7,     2.4,     5.2,    14.8,    18.9,  101.0,  0.02845,      0,      0,       0,       0,       0,       0
total,                                                549631,    5974,    5974,    5974,     0.8,     0.7,     1.8,     2.9,     5.0,     5.6,  102.0,  0.02816,      0,      0,       0,       0,       0,       0
total,                                                555455,    5824,    5824,    5824,     0.8,     0.6,     1.9,     4.4,    11.3,    21.4,  103.0,  0.02789,      0,      0,       0,       0,       0,       0
total,                                                561545,    6090,    6090,    6090,     0.8,     0.6,     1.8,     3.9,     8.5,    11.9,  104.0,  0.02761,      0,      0,       0,       0,       0,       0
total,                                                567319,    5774,    5774,    5774,     0.9,     0.7,     1.9,     3.9,    10.1,    11.2,  105.0,  0.02735,      0,      0,       0,       0,       0,       0
total,                                                573039,    5720,    5720,    5720,     0.9,     0.7,     2.0,     3.9,     9.7,    15.9,  106.0,  0.02710,      0,      0,       0,       0,       0,       0
total,                                                578938,    5899,    5899,    5899,     0.8,     0.7,     1.6,     3.1,     9.1,    11.6,  107.0,  0.02684,      0,      0,       0,       0,       0,       0
total,                                                581313,    2375,    2375,    2375,     2.2,     0.6,     2.2,     5.6,   598.7,   615.5,  108.0,  0.02659,      0,      0,       0,       0,       0,       0
total,                                                586902,    5589,    5589,    5589,     0.9,     0.6,     1.8,     3.7,    20.2,    72.9,  109.0,  0.02634,      0,      0,       0,       0,       0,       0
total,                                                592837,    5935,    5935,    5935,     0.8,     0.6,     1.9,     4.2,    13.1,    17.6,  110.0,  0.02610,      0,      0,       0,       0,       0,       0
total,                                                598343,    5506,    5506,    5506,     0.9,     0.7,     1.9,     3.9,    12.3,    46.8,  111.0,  0.02587,      0,      0,       0,       0,       0,       0
total,                                                603687,    5344,    5344,    5344,     0.9,     0.7,     2.1,     4.0,     8.7,    16.7,  112.0,  0.02566,      0,      0,       0,       0,       0,       0
total,                                                604411,     724,     724,     724,     1.0,     0.7,     2.0,     5.2,    16.1,    16.1,  113.0,  0.02679,      0,      0,       0,       0,       0,       0
total,                                                609872,    5461,    5461,    5461,     2.6,     0.7,     2.0,     4.4,    18.1,  1885.3,  115.0,  0.03377,      0,      0,       0,       0,       0,       0
total,                                                615777,    5905,    5905,    5905,     0.8,     0.6,     1.8,     3.2,    14.2,    20.3,  116.0,  0.03347,      0,      0,       0,       0,       0,       0
total,                                                621520,    5743,    5743,    5743,     0.9,     0.6,     2.0,     4.7,     9.0,    12.1,  117.0,  0.03317,      0,      0,       0,       0,       0,       0
total,                                                627579,    6059,    6059,    6059,     0.8,     0.7,     1.7,     3.1,     7.4,    11.2,  118.0,  0.03288,      0,      0,       0,       0,       0,       0
total,                                                633269,    5690,    5690,    5690,     0.9,     0.6,     1.9,     4.4,    11.9,    15.4,  119.0,  0.03260,      0,      0,       0,       0,       0,       0
total,                                                639540,    6271,    6271,    6271,     0.8,     0.6,     1.7,     3.2,    10.4,    19.1,  120.0,  0.03231,      0,      0,       0,       0,       0,       0
total,                                                645561,    6021,    6021,    6021,     0.8,     0.6,     1.8,     3.2,     9.1,    15.9,  121.0,  0.03203,      0,      0,       0,       0,       0,       0
total,                                                650565,    5004,    5004,    5004,     1.0,     0.7,     2.3,     5.2,    13.4,    21.1,  122.0,  0.03181,      0,      0,       0,       0,       0,       0
total,                                                656174,    5609,    5609,    5609,     0.9,     0.6,     1.8,     3.3,    10.3,    72.4,  123.0,  0.03154,      0,      0,       0,       0,       0,       0
total,                                                661571,    5397,    5397,    5397,     0.9,     0.7,     2.1,     4.7,    12.1,    19.3,  124.0,  0.03130,      0,      0,       0,       0,       0,       0
total,                                                667712,    6141,    6141,    6141,     0.8,     0.6,     1.7,     3.1,     8.0,    12.1,  125.0,  0.03103,      0,      0,       0,       0,       0,       0
total,                                                674268,    6556,    6556,    6556,     0.8,     0.6,     1.6,     2.7,     5.3,    13.0,  126.0,  0.03077,      0,      0,       0,       0,       0,       0
total,                                                678137,    3869,    3869,    3869,     1.0,     0.7,     2.2,     4.8,    12.2,    13.3,  127.0,  0.03071,      0,      0,       0,       0,       0,       0
total,                                                682704,    4567,    4567,    4567,     1.3,     0.7,     1.7,     3.0,   464.8,   467.4,  128.0,  0.03059,      0,      0,       0,       0,       0,       0
total,                                                687958,    5254,    5254,    5254,     0.9,     0.7,     2.2,     4.4,    10.8,    17.3,  129.0,  0.03038,      0,      0,       0,       0,       0,       0
total,                                                693883,    5925,    5925,    5925,     0.8,     0.6,     1.8,     3.5,     9.9,    19.2,  130.0,  0.03013,      0,      0,       0,       0,       0,       0
total,                                                699487,    5604,    5604,    5604,     0.9,     0.7,     2.0,     3.4,     6.7,     9.7,  131.0,  0.02991,      0,      0,       0,       0,       0,       0
total,                                                704600,    5113,    5113,    5113,     1.0,     0.7,     2.3,     5.1,    10.9,    14.0,  132.0,  0.02971,      0,      0,       0,       0,       0,       0
total,                                                710852,    6252,    6252,    6252,     0.8,     0.6,     1.6,     3.5,     8.7,    15.6,  133.0,  0.02948,      0,      0,       0,       0,       0,       0
total,                                                716072,    5220,    5220,    5220,     0.9,     0.7,     2.2,     6.0,    11.5,    14.9,  134.0,  0.02928,      0,      0,       0,       0,       0,       0
total,                                                721704,    5632,    5632,    5632,     0.9,     0.6,     1.8,     3.1,     9.7,    74.5,  135.0,  0.02905,      0,      0,       0,       0,       0,       0
total,                                                728093,    6389,    6389,    6389,     0.8,     0.6,     1.7,     3.0,     5.1,     9.0,  136.0,  0.02883,      0,      0,       0,       0,       0,       0
total,                                                733272,    5179,    5179,    5179,     1.0,     0.7,     2.1,     5.3,    11.8,    22.8,  137.0,  0.02864,      0,      0,       0,       0,       0,       0
total,                                                739026,    5754,    5754,    5754,     0.9,     0.7,     1.8,     3.2,     6.4,    19.2,  138.0,  0.02843,      0,      0,       0,       0,       0,       0
total,                                                744487,    5461,    5461,    5461,     0.9,     0.7,     2.2,     4.5,     8.6,    13.5,  139.0,  0.02823,      0,      0,       0,       0,       0,       0
total,                                                750191,    5704,    5704,    5704,     0.9,     0.7,     1.8,     3.0,    14.9,    16.1,  140.0,  0.02803,      0,      0,       0,       0,       0,       0
total,                                                752520,    2329,    2329,    2329,     2.1,     0.7,     2.0,     3.8,   580.4,   581.4,  141.0,  0.02783,      0,      0,       0,       0,       0,       0
total,                                                757803,    5283,    5283,    5283,     0.9,     0.7,     2.1,     4.4,     8.4,    12.4,  142.0,  0.02766,      0,      0,       0,       0,       0,       0
total,                                                763755,    5952,    5952,    5952,     0.8,     0.7,     1.8,     3.5,     6.3,    15.0,  143.0,  0.02746,      0,      0,       0,       0,       0,       0
total,                                                769009,    5254,    5254,    5254,     0.9,     0.7,     2.2,     4.4,    10.8,    15.7,  144.0,  0.02728,      0,      0,       0,       0,       0,       0
total,                                                774134,    5125,    5125,    5125,     1.0,     0.7,     2.4,     4.6,    12.1,    13.6,  145.0,  0.02712,      0,      0,       0,       0,       0,       0
total,                                                779778,    5644,    5644,    5644,     0.9,     0.7,     2.0,     3.7,     8.6,    17.7,  146.0,  0.02693,      0,      0,       0,       0,       0,       0
total,                                                785759,    5981,    5981,    5981,     0.8,     0.6,     1.8,     3.4,     8.7,    12.5,  147.0,  0.02674,      0,      0,       0,       0,       0,       0
total,                                                791364,    5605,    5605,    5605,     0.9,     0.6,     1.7,     3.5,    16.5,    74.3,  148.0,  0.02655,      0,      0,       0,       0,       0,       0
total,                                                796613,    5249,    5249,    5249,     0.9,     0.7,     2.2,     4.3,    10.8,    19.9,  149.0,  0.02639,      0,      0,       0,       0,       0,       0
total,                                                802600,    5987,    5987,    5987,     0.8,     0.6,     1.8,     3.3,     7.7,    11.7,  150.0,  0.02621,      0,      0,       0,       0,       0,       0
total,                                                807416,    4816,    4816,    4816,     1.0,     0.7,     2.7,     6.2,    14.6,    17.3,  151.0,  0.02608,      0,      0,       0,       0,       0,       0
total,                                                812357,    4941,    4941,    4941,     1.0,     0.7,     2.2,     4.7,    20.3,    22.3,  152.0,  0.02594,      0,      0,       0,       0,       0,       0
total,                                                817921,    5564,    5564,    5564,     0.9,     0.6,     2.0,     4.4,    14.0,    18.3,  153.0,  0.02577,      0,      0,       0,       0,       0,       0
total,                                                822587,    4666,    4666,    4666,     1.1,     0.7,     2.8,     6.2,    14.3,    22.2,  154.0,  0.02565,      0,      0,       0,       0,       0,       0
total,                                                826764,    4177,    4177,    4177,     1.2,     0.6,     1.8,     3.2,   304.3,   334.5,  155.0,  0.02548,      0,      0,       0,       0,       0,       0
total,                                                831672,    4908,    4908,    4908,     1.0,     0.7,     2.1,     4.6,    57.8,    58.9,  156.0,  0.02534,      0,      0,       0,       0,       0,       0
total,                                                837982,    6310,    6310,    6310,     0.8,     0.6,     1.6,     2.9,    11.9,    16.6,  157.0,  0.02517,      0,      0,       0,       0,       0,       0
total,                                                844198,    6216,    6216,    6216,     0.8,     0.6,     1.7,     2.7,     6.9,    15.0,  158.0,  0.02500,      0,      0,       0,       0,       0,       0
total,                                                849643,    5445,    5445,    5445,     0.9,     0.6,     2.1,     5.2,    12.6,    15.8,  159.0,  0.02485,      0,      0,       0,       0,       0,       0
total,                                                855556,    5913,    5913,    5913,     0.8,     0.6,     1.9,     3.5,    10.6,    13.7,  160.0,  0.02469,      0,      0,       0,       0,       0,       0
total,                                                860693,    5137,    5137,    5137,     1.0,     0.7,     2.3,     5.2,    11.6,    18.4,  161.0,  0.02456,      0,      0,       0,       0,       0,       0
total,                                                866749,    6056,    6056,    6056,     0.8,     0.7,     1.7,     2.6,     3.9,     5.0,  162.0,  0.02440,      0,      0,       0,       0,       0,       0
total,                                                872658,    5909,    5909,    5909,     0.8,     0.6,     1.8,     3.6,    11.0,    15.1,  163.0,  0.02424,      0,      0,       0,       0,       0,       0
total,                                                877957,    5299,    5299,    5299,     0.9,     0.7,     2.3,     4.7,    11.6,    13.5,  164.0,  0.02411,      0,      0,       0,       0,       0,       0
total,                                                883974,    6017,    6017,    6017,     0.8,     0.6,     1.7,     3.3,     8.6,    12.4,  165.0,  0.02395,      0,      0,       0,       0,       0,       0
total,                                                889880,    5906,    5906,    5906,     0.8,     0.6,     1.9,     4.0,     8.7,    15.2,  166.0,  0.02381,      0,      0,       0,       0,       0,       0
total,                                                895244,    5364,    5364,    5364,     0.9,     0.7,     1.9,     3.4,    10.2,    61.4,  167.0,  0.02366,      0,      0,       0,       0,       0,       0
total,                                                899824,    4580,    4580,    4580,     1.1,     0.7,     1.9,     4.7,   183.9,   189.1,  168.0,  0.02352,      0,      0,       0,       0,       0,       0
total,                                                905136,    5312,    5312,    5312,     0.9,     0.7,     2.1,     4.1,     8.5,    11.3,  169.0,  0.02340,      0,      0,       0,       0,       0,       0
total,                                                911005,    5869,    5869,    5869,     0.8,     0.6,     1.8,     3.6,    11.8,    14.3,  170.0,  0.02325,      0,      0,       0,       0,       0,       0
total,                                                916700,    5695,    5695,    5695,     0.9,     0.7,     1.9,     3.8,    15.1,    21.9,  171.0,  0.02312,      0,      0,       0,       0,       0,       0
total,                                                922726,    6026,    6026,    6026,     0.8,     0.6,     1.8,     3.2,     6.1,    15.8,  172.0,  0.02298,      0,      0,       0,       0,       0,       0
total,                                                928621,    5895,    5895,    5895,     0.8,     0.6,     1.9,     3.9,     8.4,    14.7,  173.0,  0.02284,      0,      0,       0,       0,       0,       0
total,                                                934519,    5898,    5898,    5898,     0.8,     0.7,     1.9,     3.5,     9.7,    15.0,  174.0,  0.02270,      0,      0,       0,       0,       0,       0
total,                                                940156,    5637,    5637,    5637,     0.9,     0.7,     1.8,     4.2,    11.8,    14.5,  175.0,  0.02257,      0,      0,       0,       0,       0,       0
total,                                                945043,    4887,    4887,    4887,     1.0,     0.7,     2.5,     5.7,    16.5,    19.0,  176.0,  0.02248,      0,      0,       0,       0,       0,       0
total,                                                951369,    6326,    6326,    6326,     0.8,     0.6,     1.5,     3.0,     9.7,    22.0,  177.0,  0.02234,      0,      0,       0,       0,       0,       0
total,                                                956754,    5385,    5385,    5385,     0.9,     0.7,     2.1,     5.0,    12.6,    14.4,  178.0,  0.02223,      0,      0,       0,       0,       0,       0
total,                                                962309,    5555,    5555,    5555,     0.9,     0.6,     1.9,     4.6,    11.1,    59.5,  179.0,  0.02210,      0,      0,       0,       0,       0,       0
total,                                                968862,    6553,    6553,    6553,     0.7,     0.6,     1.6,     2.7,     9.3,    11.9,  180.0,  0.02197,      0,      0,       0,       0,       0,       0
total,                                                973555,    4693,    4693,    4693,     0.9,     0.7,     2.2,     5.3,    16.8,    29.3,  181.0,  0.02189,      0,      0,       0,       0,       0,       0
total,                                                979813,    6258,    6258,    6258,     0.9,     0.6,     1.5,     2.7,     7.6,   166.5,  182.0,  0.02180,      0,      0,       0,       0,       0,       0
total,                                                985361,    5548,    5548,    5548,     0.9,     0.7,     2.0,     4.1,    13.0,    21.7,  183.0,  0.02168,      0,      0,       0,       0,       0,       0
total,                                                991417,    6056,    6056,    6056,     0.8,     0.6,     1.8,     3.0,     9.1,    14.4,  184.0,  0.02156,      0,      0,       0,       0,       0,       0
total,                                                997272,    5855,    5855,    5855,     0.8,     0.7,     1.8,     3.1,    10.3,    17.8,  185.0,  0.02144,      0,      0,       0,       0,       0,       0
total,                                               1000000,    4708,    4708,    4708,     1.0,     0.7,     2.7,     5.8,    15.1,    16.2,  185.6,  0.02136,      0,      0,       0,       0,       0,       0


Results:
Op rate                   :    5,389 op/s  [t3.insert: 5,389 op/s]
Partition rate            :    5,389 pk/s  [t3.insert: 5,389 pk/s]
Row rate                  :    5,389 row/s [t3.insert: 5,389 row/s]
Latency mean              :    0.9 ms [t3.insert: 0.9 ms]
Latency median            :    0.7 ms [t3.insert: 0.7 ms]
Latency 95th percentile   :    1.9 ms [t3.insert: 1.9 ms]
Latency 99th percentile   :    4.0 ms [t3.insert: 4.0 ms]
Latency 99.9th percentile :   11.8 ms [t3.insert: 11.8 ms]
Latency max               : 1885.3 ms [t3.insert: 1,885.3 ms]
Total partitions          :  1,000,000 [t3.insert: 1,000,000]
Total errors              :          0 [t3.insert: 0]
Total GC count            : 0
Total GC memory           : 0.000 KiB
Total GC time             :    0.0 seconds
Avg GC time               :    NaN ms
StdDev GC time            :    0.0 ms
Total operation time      : 00:03:05

END
