******************** Stress Settings ********************
Command:
  Type: user
  Count: 100,000
  No Warmup: false
  Consistency Level: LOCAL_ONE
  Target Uncertainty: not applicable
  Command Ratios: {t3.select_entities_by_tag=1.0}
  Command Clustering Distribution: clustering=gaussian(1..10)
  Profile File(s): t3_tag_entities.yaml
Rate:
  Auto: false
  Thread Count: 1
  OpsPer Sec: 0
Population:
  Distribution: Gaussian:  min=1,max=100000,mean=50000.500000,stdev=16666.500000
  Order: ARBITRARY
  Wrap: false
Insert:
  Revisits: Uniform:  min=1,max=1000000
  Visits: Fixed:  key=1
  Row Population Ratio: Ratio: divisor=1.000000;delegate=Fixed:  key=1
  Batch Type: not batching
Errors:
  Ignore: false
  Tries: 10
Log:
  No Summary: false
  No Settings: false
  File: tag_entities_100K_1_1_threads.log
  Interval Millis: 1000
  Level: NORMAL
Mode:
  API: JAVA_DRIVER_NATIVE
  Connection Style: CQL_PREPARED
  CQL Version: CQL3
  Protocol Version: V5
  Username: null
  Password: null
  Auth Provide Class: null
  Max Pending Per Connection: 128
  Connections Per Host: 8
  Compression: NONE
Node:
  Nodes: [localhost]
  Is White List: false
  Datacenter: null
Schema:
  Keyspace: null
  Replication Strategy: org.apache.cassandra.locator.SimpleStrategy
  Replication Strategy Options: {replication_factor=1}
  Table Compression: null
  Table Compaction Strategy: null
  Table Compaction Strategy Options: {}
Transport:
  truststore=null; truststore-password=null; keystore=null; keystore-password=null; ssl-protocol=TLS; ssl-alg=null; ssl-ciphers=TLS_RSA_WITH_AES_128_CBC_SHA,TLS_RSA_WITH_AES_256_CBC_SHA; 
Port:
  Native Port: 9042
  JMX Port: 7199
Graph:
  File: tag_entities_100K_threads_1.html
  Revision: 1
  Title: NVO_Cassandra_POC_tag_entities_Table_100K_Records_1_Threads
  Operation: USER
TokenRange:
  Wrap: false
  Split Factor: 1

******************** Profile(s) ********************
  Keyspace Name: tagging
  Keyspace CQL: 
***
CREATE KEYSPACE IF NOT EXISTS tagging WITH replication = {'class': 'SimpleStrategy', 'replication_factor': 1};
***

  Table Name: tag_entities
  Table CQL: 
***
CREATE TABLE IF NOT EXISTS tag_entities (
  tag_id UUID,
  entity_id UUID,
  PRIMARY KEY (tag_id, entity_id)
);
***

  Extra Schema Definitions: null
  Generator Configs:
    tag_id: Size: Gaussian:  min=5,max=10,mean=7.500000,stdev=0.833333;Identity: Uniform:  min=1,max=10000000;
    entity_id: Size: Gaussian:  min=5,max=10,mean=7.500000,stdev=0.833333;Identity: Uniform:  min=1,max=10000000;
  Query Definitions:
    select_entities_by_tag: CQL:SELECT * FROM tag_entities WHERE tag_id = ?;Fields:samerow;
    delete_tag_entity: CQL:DELETE FROM tag_entities WHERE tag_id = ? AND entity_id = ?;Fields:samerow;
  Token Range Queries:
  Insert Settings:
    partitions: fixed(1)
    select: fixed(1)/500
    batchtype: UNLOGGED
Generating batches with [1..1] partitions and [0..0] rows (of [1..1] total rows in the partitions)

Sleeping 2s...
Warming up t3.select_entities_by_tag with 25000 iterations...
Running [t3.select_entities_by_tag] with 1 threads for 100000 iteration
type                                               total ops,    op/s,    pk/s,   row/s,    mean,     med,     .95,     .99,    .999,     max,   time,   stderr, errors,  gc: #,  max ms,  sum ms,  sdv ms,      mb
total,                                                  1664,    1664,    1273,    1273,     0.5,     0.5,     0.8,     1.6,     6.2,     9.1,    1.0,  0.00000,      0,      0,       0,       0,       0,       0
total,                                                  3612,    1948,    1488,    1488,     0.5,     0.4,     0.7,     1.8,     8.5,     8.8,    2.0,  0.05497,      0,      0,       0,       0,       0,       0
total,                                                  5347,    1735,    1359,    1359,     0.6,     0.4,     1.0,     3.5,    12.4,    21.9,    3.0,  0.03668,      0,      0,       0,       0,       0,       0
total,                                                  6866,    1519,    1173,    1173,     0.6,     0.5,     1.2,     4.6,    11.7,    15.1,    4.0,  0.04318,      0,      0,       0,       0,       0,       0
total,                                                  8221,    1355,    1044,    1044,     0.7,     0.5,     1.9,     4.6,     9.3,    13.9,    5.0,  0.05340,      0,      0,       0,       0,       0,       0
total,                                                 10306,    2085,    1601,    1601,     0.5,     0.4,     0.7,     2.1,     8.0,    12.0,    6.0,  0.05715,      0,      0,       0,       0,       0,       0
total,                                                 12285,    1979,    1550,    1550,     0.5,     0.4,     0.8,     2.2,     9.7,     9.9,    7.0,  0.05251,      0,      0,       0,       0,       0,       0
total,                                                 14374,    2089,    1626,    1626,     0.5,     0.4,     0.7,     2.4,     7.7,    10.5,    8.0,  0.05015,      0,      0,       0,       0,       0,       0
total,                                                 16720,    2346,    1791,    1791,     0.4,     0.4,     0.6,     1.3,     2.6,     4.8,    9.0,  0.05172,      0,      0,       0,       0,       0,       0
total,                                                 18933,    2213,    1657,    1657,     0.4,     0.4,     0.6,     1.9,     5.1,     5.7,   10.0,  0.04793,      0,      0,       0,       0,       0,       0
total,                                                 20472,    1539,    1140,    1140,     0.6,     0.4,     0.6,     1.4,     7.8,   356.3,   11.0,  0.04614,      0,      0,       0,       0,       0,       0
total,                                                 22616,    2144,    1654,    1654,     0.5,     0.4,     0.6,     1.8,     5.9,    11.0,   12.0,  0.04288,      0,      0,       0,       0,       0,       0
total,                                                 24434,    1818,    1407,    1407,     0.5,     0.5,     0.8,     2.1,     4.6,     8.6,   13.0,  0.04004,      0,      0,       0,       0,       0,       0
total,                                                 26579,    2145,    1653,    1653,     0.5,     0.4,     0.6,     1.5,     4.3,    10.9,   14.0,  0.03764,      0,      0,       0,       0,       0,       0
total,                                                 28722,    2143,    1653,    1653,     0.5,     0.4,     0.6,     1.7,     9.9,    12.2,   15.0,  0.03550,      0,      0,       0,       0,       0,       0
total,                                                 31179,    2457,    1899,    1899,     0.4,     0.4,     0.6,     1.3,     4.1,     6.3,   16.0,  0.03600,      0,      0,       0,       0,       0,       0
total,                                                 33329,    2150,    1650,    1650,     0.5,     0.4,     0.7,     2.6,     9.1,    11.7,   17.0,  0.03401,      0,      0,       0,       0,       0,       0
total,                                                 35422,    2093,    1614,    1614,     0.5,     0.4,     0.7,     1.5,     4.9,     5.7,   18.0,  0.03212,      0,      0,       0,       0,       0,       0
total,                                                 37737,    2315,    1765,    1765,     0.4,     0.4,     0.5,     1.8,     5.5,     6.4,   19.0,  0.03100,      0,      0,       0,       0,       0,       0
total,                                                 39919,    2182,    1706,    1706,     0.4,     0.4,     0.6,     1.8,     6.1,     7.0,   20.0,  0.02965,      0,      0,       0,       0,       0,       0
total,                                                 42087,    2168,    1669,    1669,     0.4,     0.4,     0.6,     1.3,     3.1,     7.6,   21.0,  0.02831,      0,      0,       0,       0,       0,       0
total,                                                 44330,    2243,    1719,    1719,     0.4,     0.4,     0.6,     1.5,     4.7,     8.0,   22.0,  0.02722,      0,      0,       0,       0,       0,       0
total,                                                 46486,    2156,    1636,    1636,     0.5,     0.4,     0.6,     1.6,     4.7,     6.5,   23.0,  0.02604,      0,      0,       0,       0,       0,       0
total,                                                 48875,    2389,    1857,    1857,     0.4,     0.4,     0.6,     1.2,     3.6,     6.2,   24.0,  0.02573,      0,      0,       0,       0,       0,       0
total,                                                 51135,    2260,    1738,    1738,     0.4,     0.4,     0.6,     1.5,     5.5,     7.5,   25.0,  0.02486,      0,      0,       0,       0,       0,       0
total,                                                 53499,    2364,    1806,    1806,     0.4,     0.4,     0.6,     1.3,     7.5,     8.4,   26.0,  0.02428,      0,      0,       0,       0,       0,       0
total,                                                 55613,    2114,    1634,    1634,     0.5,     0.4,     0.6,     2.2,     6.7,    11.2,   27.0,  0.02337,      0,      0,       0,       0,       0,       0
total,                                                 57889,    2276,    1767,    1767,     0.4,     0.4,     0.6,     1.4,     4.7,     9.6,   28.0,  0.02273,      0,      0,       0,       0,       0,       0
total,                                                 60498,    2609,    1992,    1992,     0.4,     0.3,     0.5,     1.2,     2.2,     6.8,   29.0,  0.02313,      0,      0,       0,       0,       0,       0
total,                                                 62903,    2405,    1840,    1840,     0.4,     0.4,     0.6,     1.4,     4.9,     9.0,   30.0,  0.02267,      0,      0,       0,       0,       0,       0
total,                                                 65612,    2709,    2079,    2079,     0.4,     0.3,     0.5,     1.0,     1.7,     4.7,   31.0,  0.02333,      0,      0,       0,       0,       0,       0
total,                                                 68275,    2663,    2021,    2021,     0.4,     0.3,     0.5,     1.4,     5.0,     8.8,   32.0,  0.02349,      0,      0,       0,       0,       0,       0
total,                                                 70837,    2562,    1956,    1956,     0.4,     0.4,     0.5,     1.2,     2.9,     4.6,   33.0,  0.02324,      0,      0,       0,       0,       0,       0
total,                                                 73273,    2436,    1875,    1875,     0.4,     0.4,     0.5,     1.4,     4.8,     5.8,   34.0,  0.02274,      0,      0,       0,       0,       0,       0
total,                                                 75574,    2301,    1729,    1729,     0.4,     0.4,     0.6,     1.6,     6.1,    11.1,   35.0,  0.02210,      0,      0,       0,       0,       0,       0
total,                                                 77930,    2356,    1821,    1821,     0.4,     0.4,     0.6,     1.3,     3.2,     4.5,   36.0,  0.02155,      0,      0,       0,       0,       0,       0
total,                                                 79845,    1915,    1481,    1481,     0.5,     0.4,     0.7,     2.0,    14.6,    18.9,   37.0,  0.02123,      0,      0,       0,       0,       0,       0
total,                                                 81928,    2083,    1668,    1668,     0.5,     0.4,     0.7,     1.5,     5.3,    16.9,   38.0,  0.02067,      0,      0,       0,       0,       0,       0
total,                                                 84154,    2226,    1732,    1732,     0.4,     0.4,     0.6,     1.4,     5.0,    10.5,   39.0,  0.02014,      0,      0,       0,       0,       0,       0
total,                                                 86252,    2098,    1596,    1596,     0.5,     0.4,     0.6,     2.1,     5.6,     5.9,   40.0,  0.01970,      0,      0,       0,       0,       0,       0
total,                                                 88564,    2312,    1796,    1796,     0.4,     0.4,     0.5,     1.3,     4.9,    11.9,   41.0,  0.01927,      0,      0,       0,       0,       0,       0
total,                                                 90545,    1981,    1567,    1567,     0.5,     0.4,     0.7,     1.7,     7.1,     8.6,   42.0,  0.01891,      0,      0,       0,       0,       0,       0
total,                                                 92804,    2259,    1731,    1731,     0.4,     0.4,     0.6,     1.8,     5.8,    11.8,   43.0,  0.01847,      0,      0,       0,       0,       0,       0
total,                                                 95118,    2314,    1789,    1789,     0.4,     0.4,     0.6,     1.2,     2.3,    10.2,   44.0,  0.01809,      0,      0,       0,       0,       0,       0
total,                                                 97373,    2255,    1740,    1740,     0.4,     0.4,     0.5,     1.6,     6.3,     8.4,   45.0,  0.01769,      0,      0,       0,       0,       0,       0
total,                                                 99674,    2301,    1731,    1731,     0.4,     0.4,     0.6,     1.2,     6.1,     8.3,   46.0,  0.01731,      0,      0,       0,       0,       0,       0
total,                                                100000,    1995,    1542,    1542,     0.5,     0.4,     0.7,     1.1,     5.6,     5.6,   46.2,  0.01701,      0,      0,       0,       0,       0,       0


Results:
Op rate                   :    2,166 op/s  [t3.select_entities_by_tag: 2,166 op/s]
Partition rate            :    1,666 pk/s  [t3.select_entities_by_tag: 1,666 pk/s]
Row rate                  :    1,666 row/s [t3.select_entities_by_tag: 1,666 row/s]
Latency mean              :    0.5 ms [t3.select_entities_by_tag: 0.5 ms]
Latency median            :    0.4 ms [t3.select_entities_by_tag: 0.4 ms]
Latency 95th percentile   :    0.6 ms [t3.select_entities_by_tag: 0.6 ms]
Latency 99th percentile   :    1.7 ms [t3.select_entities_by_tag: 1.7 ms]
Latency 99.9th percentile :    6.1 ms [t3.select_entities_by_tag: 6.1 ms]
Latency max               :  356.3 ms [t3.select_entities_by_tag: 356.3 ms]
Total partitions          :     76,925 [t3.select_entities_by_tag: 76,925]
Total errors              :          0 [t3.select_entities_by_tag: 0]
Total GC count            : 0
Total GC memory           : 0.000 KiB
Total GC time             :    0.0 seconds
Avg GC time               :    NaN ms
StdDev GC time            :    0.0 ms
Total operation time      : 00:00:46

END
