******************** Stress Settings ********************
Command:
  Type: user
  Count: 100,000
  No Warmup: false
  Consistency Level: LOCAL_ONE
  Target Uncertainty: not applicable
  Command Ratios: {t3.insert=1.0}
  Command Clustering Distribution: clustering=gaussian(1..10)
  Profile File(s): t3_tag_entities.yaml
Rate:
  Auto: false
  Thread Count: 5
  OpsPer Sec: 0
Population:
  Distribution: Gaussian:  min=1,max=100000,mean=50000.500000,stdev=16666.500000
  Order: ARBITRARY
  Wrap: false
Insert:
  Revisits: Uniform:  min=1,max=1000000
  Visits: Fixed:  key=1
  Row Population Ratio: Ratio: divisor=1.000000;delegate=Fixed:  key=1
  Batch Type: not batching
Errors:
  Ignore: false
  Tries: 10
Log:
  No Summary: false
  No Settings: false
  File: tag_entities_100K_write_5_threads.log
  Interval Millis: 1000
  Level: NORMAL
Mode:
  API: JAVA_DRIVER_NATIVE
  Connection Style: CQL_PREPARED
  CQL Version: CQL3
  Protocol Version: V5
  Username: null
  Password: null
  Auth Provide Class: null
  Max Pending Per Connection: 128
  Connections Per Host: 8
  Compression: NONE
Node:
  Nodes: [localhost]
  Is White List: false
  Datacenter: null
Schema:
  Keyspace: null
  Replication Strategy: org.apache.cassandra.locator.SimpleStrategy
  Replication Strategy Options: {replication_factor=1}
  Table Compression: null
  Table Compaction Strategy: null
  Table Compaction Strategy Options: {}
Transport:
  truststore=null; truststore-password=null; keystore=null; keystore-password=null; ssl-protocol=TLS; ssl-alg=null; ssl-ciphers=TLS_RSA_WITH_AES_128_CBC_SHA,TLS_RSA_WITH_AES_256_CBC_SHA; 
Port:
  Native Port: 9042
  JMX Port: 7199
Graph:
  File: tag_entities_100K_threads_5.html
  Revision: Insert
  Title: NVO_Cassandra_POC_tag_entities_Table_100K_Records_5_Threads
  Operation: USER
TokenRange:
  Wrap: false
  Split Factor: 1

******************** Profile(s) ********************
  Keyspace Name: tagging
  Keyspace CQL: 
***
CREATE KEYSPACE IF NOT EXISTS tagging WITH replication = {'class': 'SimpleStrategy', 'replication_factor': 1};
***

  Table Name: tag_entities
  Table CQL: 
***
CREATE TABLE IF NOT EXISTS tag_entities (
  tag_id UUID,
  entity_id UUID,
  PRIMARY KEY (tag_id, entity_id)
);
***

  Extra Schema Definitions: null
  Generator Configs:
    tag_id: Size: Gaussian:  min=5,max=10,mean=7.500000,stdev=0.833333;Identity: Uniform:  min=1,max=10000000;
    entity_id: Size: Gaussian:  min=5,max=10,mean=7.500000,stdev=0.833333;Identity: Uniform:  min=1,max=10000000;
  Query Definitions:
    select_entities_by_tag: CQL:SELECT * FROM tag_entities WHERE tag_id = ?;Fields:samerow;
    delete_tag_entity: CQL:DELETE FROM tag_entities WHERE tag_id = ? AND entity_id = ?;Fields:samerow;
  Token Range Queries:
  Insert Settings:
    partitions: fixed(1)
    select: fixed(1)/500
    batchtype: UNLOGGED
Generating batches with [1..1] partitions and [0..0] rows (of [1..1] total rows in the partitions)

Sleeping 2s...
Warming up t3.insert with 25000 iterations...
Running [t3.insert] with 5 threads for 100000 iteration
type                                               total ops,    op/s,    pk/s,   row/s,    mean,     med,     .95,     .99,    .999,     max,   time,   stderr, errors,  gc: #,  max ms,  sum ms,  sdv ms,      mb
total,                                                   139,     139,     139,     139,     1.4,     0.9,     3.7,     6.1,    11.8,    11.8,    1.0,  0.00000,      0,      0,       0,       0,       0,       0
total,                                                  3937,    3798,    3798,    3798,     1.3,     0.8,     3.5,     9.7,    25.0,    38.7,    2.0,  0.65849,      0,      0,       0,       0,       0,       0
total,                                                  8192,    4255,    4255,    4255,     1.1,     0.7,     2.3,    13.7,    23.8,    24.9,    3.0,  0.38941,      0,      0,       0,       0,       0,       0
total,                                                 11452,    3260,    3260,    3260,     1.5,     0.8,     3.0,     8.3,   211.3,   211.7,    4.0,  0.27675,      0,      0,       0,       0,       0,       0
total,                                                 16333,    4881,    4881,    4881,     1.0,     0.7,     2.1,     4.4,    15.4,    21.4,    5.0,  0.21922,      0,      0,       0,       0,       0,       0
total,                                                 21073,    4740,    4740,    4740,     1.0,     0.7,     2.3,     8.2,    18.9,    34.1,    6.0,  0.18045,      0,      0,       0,       0,       0,       0
total,                                                 25520,    4447,    4447,    4447,     1.1,     0.7,     2.7,     7.3,    20.2,    23.7,    7.0,  0.15258,      0,      0,       0,       0,       0,       0
total,                                                 31248,    5728,    5728,    5728,     0.9,     0.6,     1.8,     3.9,    12.0,    15.6,    8.0,  0.13735,      0,      0,       0,       0,       0,       0
total,                                                 35513,    4265,    4265,    4265,     1.2,     0.7,     3.4,     7.9,    15.2,    24.3,    9.0,  0.12141,      0,      0,       0,       0,       0,       0
total,                                                 40198,    4685,    4685,    4685,     1.0,     0.7,     2.6,     5.3,    11.5,    12.8,   10.0,  0.10856,      0,      0,       0,       0,       0,       0
total,                                                 45990,    5792,    5792,    5792,     0.8,     0.7,     1.9,     3.7,    13.5,    17.5,   11.0,  0.10102,      0,      0,       0,       0,       0,       0
total,                                                 51405,    5415,    5415,    5415,     0.9,     0.7,     2.0,     5.2,    19.6,    22.4,   12.0,  0.09301,      0,      0,       0,       0,       0,       0
total,                                                 57416,    6011,    6011,    6011,     0.8,     0.6,     1.8,     3.4,     6.7,    15.2,   13.0,  0.08763,      0,      0,       0,       0,       0,       0
total,                                                 62257,    4841,    4841,    4841,     1.0,     0.7,     2.5,     5.0,    15.5,    22.6,   14.0,  0.08109,      0,      0,       0,       0,       0,       0
total,                                                 68284,    6027,    6027,    6027,     0.8,     0.7,     1.7,     3.1,     5.6,    20.7,   15.0,  0.07700,      0,      0,       0,       0,       0,       0
total,                                                 74017,    5733,    5733,    5733,     0.9,     0.6,     1.9,     3.6,    11.4,    16.0,   16.0,  0.07253,      0,      0,       0,       0,       0,       0
total,                                                 77866,    3849,    3849,    3849,     1.0,     0.7,     2.4,     5.9,    15.3,    27.1,   17.0,  0.06967,      0,      0,       0,       0,       0,       0
total,                                                 81422,    3556,    3556,    3556,     1.7,     0.7,     2.4,     7.9,   495.5,   497.8,   18.0,  0.06915,      0,      0,       0,       0,       0,       0
total,                                                 86598,    5176,    5176,    5176,     0.9,     0.7,     2.3,     4.9,    10.2,    15.8,   19.0,  0.06536,      0,      0,       0,       0,       0,       0
total,                                                 92415,    5817,    5817,    5817,     0.8,     0.7,     1.8,     3.2,     8.1,    13.7,   20.0,  0.06227,      0,      0,       0,       0,       0,       0
total,                                                 97898,    5483,    5483,    5483,     0.9,     0.7,     2.0,     4.1,    11.6,    19.6,   21.0,  0.05925,      0,      0,       0,       0,       0,       0
total,                                                100000,    5557,    5557,    5557,     0.9,     0.7,     2.0,     4.3,    11.1,    11.2,   21.4,  0.05657,      0,      0,       0,       0,       0,       0


Results:
Op rate                   :    4,678 op/s  [t3.insert: 4,678 op/s]
Partition rate            :    4,678 pk/s  [t3.insert: 4,678 pk/s]
Row rate                  :    4,678 row/s [t3.insert: 4,678 row/s]
Latency mean              :    1.0 ms [t3.insert: 1.0 ms]
Latency median            :    0.7 ms [t3.insert: 0.7 ms]
Latency 95th percentile   :    2.2 ms [t3.insert: 2.2 ms]
Latency 99th percentile   :    5.2 ms [t3.insert: 5.2 ms]
Latency 99.9th percentile :   17.3 ms [t3.insert: 17.3 ms]
Latency max               :  497.8 ms [t3.insert: 497.8 ms]
Total partitions          :    100,000 [t3.insert: 100,000]
Total errors              :          0 [t3.insert: 0]
Total GC count            : 0
Total GC memory           : 0.000 KiB
Total GC time             :    0.0 seconds
Avg GC time               :    NaN ms
StdDev GC time            :    0.0 ms
Total operation time      : 00:00:21

END
