******************** Stress Settings ********************
Command:
  Type: user
  Count: 100,000
  No Warmup: false
  Consistency Level: LOCAL_ONE
  Target Uncertainty: not applicable
  Command Ratios: {t3.select_entities_by_tag=1.0}
  Command Clustering Distribution: clustering=gaussian(1..10)
  Profile File(s): t3_tag_entities.yaml
Rate:
  Auto: false
  Thread Count: 5
  OpsPer Sec: 0
Population:
  Distribution: Gaussian:  min=1,max=100000,mean=50000.500000,stdev=16666.500000
  Order: ARBITRARY
  Wrap: false
Insert:
  Revisits: Uniform:  min=1,max=1000000
  Visits: Fixed:  key=1
  Row Population Ratio: Ratio: divisor=1.000000;delegate=Fixed:  key=1
  Batch Type: not batching
Errors:
  Ignore: false
  Tries: 10
Log:
  No Summary: false
  No Settings: false
  File: tag_entities_100K_1_5_threads.log
  Interval Millis: 1000
  Level: NORMAL
Mode:
  API: JAVA_DRIVER_NATIVE
  Connection Style: CQL_PREPARED
  CQL Version: CQL3
  Protocol Version: V5
  Username: null
  Password: null
  Auth Provide Class: null
  Max Pending Per Connection: 128
  Connections Per Host: 8
  Compression: NONE
Node:
  Nodes: [localhost]
  Is White List: false
  Datacenter: null
Schema:
  Keyspace: null
  Replication Strategy: org.apache.cassandra.locator.SimpleStrategy
  Replication Strategy Options: {replication_factor=1}
  Table Compression: null
  Table Compaction Strategy: null
  Table Compaction Strategy Options: {}
Transport:
  truststore=null; truststore-password=null; keystore=null; keystore-password=null; ssl-protocol=TLS; ssl-alg=null; ssl-ciphers=TLS_RSA_WITH_AES_128_CBC_SHA,TLS_RSA_WITH_AES_256_CBC_SHA; 
Port:
  Native Port: 9042
  JMX Port: 7199
Graph:
  File: tag_entities_100K_threads_5.html
  Revision: 1
  Title: NVO_Cassandra_POC_tag_entities_Table_100K_Records_5_Threads
  Operation: USER
TokenRange:
  Wrap: false
  Split Factor: 1

******************** Profile(s) ********************
  Keyspace Name: tagging
  Keyspace CQL: 
***
CREATE KEYSPACE IF NOT EXISTS tagging WITH replication = {'class': 'SimpleStrategy', 'replication_factor': 1};
***

  Table Name: tag_entities
  Table CQL: 
***
CREATE TABLE IF NOT EXISTS tag_entities (
  tag_id UUID,
  entity_id UUID,
  PRIMARY KEY (tag_id, entity_id)
);
***

  Extra Schema Definitions: null
  Generator Configs:
    tag_id: Size: Gaussian:  min=5,max=10,mean=7.500000,stdev=0.833333;Identity: Uniform:  min=1,max=10000000;
    entity_id: Size: Gaussian:  min=5,max=10,mean=7.500000,stdev=0.833333;Identity: Uniform:  min=1,max=10000000;
  Query Definitions:
    select_entities_by_tag: CQL:SELECT * FROM tag_entities WHERE tag_id = ?;Fields:samerow;
    delete_tag_entity: CQL:DELETE FROM tag_entities WHERE tag_id = ? AND entity_id = ?;Fields:samerow;
  Token Range Queries:
  Insert Settings:
    partitions: fixed(1)
    select: fixed(1)/500
    batchtype: UNLOGGED
Generating batches with [1..1] partitions and [0..0] rows (of [1..1] total rows in the partitions)

Sleeping 2s...
Warming up t3.select_entities_by_tag with 25000 iterations...
Running [t3.select_entities_by_tag] with 5 threads for 100000 iteration
type                                               total ops,    op/s,    pk/s,   row/s,    mean,     med,     .95,     .99,    .999,     max,   time,   stderr, errors,  gc: #,  max ms,  sum ms,  sdv ms,      mb
total,                                                  1235,    1235,     973,     973,     1.3,     0.9,     3.4,     7.4,    22.3,    23.5,    1.0,  0.00000,      0,      0,       0,       0,       0,       0
total,                                                  5145,    3910,    3015,    3015,     1.2,     0.8,     2.7,    10.6,    21.9,    23.8,    2.0,  0.36215,      0,      0,       0,       0,       0,       0
total,                                                  9209,    4064,    3112,    3112,     1.2,     0.8,     2.8,     8.4,    22.7,    25.0,    3.0,  0.24075,      0,      0,       0,       0,       0,       0
total,                                                 13435,    4226,    3204,    3204,     1.2,     0.8,     2.9,     8.7,    20.7,    22.1,    4.0,  0.18009,      0,      0,       0,       0,       0,       0
total,                                                 16455,    3020,    2329,    2329,     1.6,     0.8,     2.5,    20.1,   259.9,   261.2,    5.0,  0.14267,      0,      0,       0,       0,       0,       0
total,                                                 20400,    3945,    3057,    3057,     1.2,     0.8,     3.2,     8.0,    23.0,    23.7,    6.0,  0.11805,      0,      0,       0,       0,       0,       0
total,                                                 25320,    4920,    3771,    3771,     1.0,     0.7,     2.2,     4.5,    15.8,    17.7,    7.0,  0.10668,      0,      0,       0,       0,       0,       0
total,                                                 30272,    4952,    3825,    3825,     1.0,     0.7,     2.3,     5.8,    16.1,    19.4,    8.0,  0.09672,      0,      0,       0,       0,       0,       0
total,                                                 35644,    5372,    4141,    4141,     0.9,     0.7,     2.1,     4.0,     6.7,    12.9,    9.0,  0.09044,      0,      0,       0,       0,       0,       0
total,                                                 41565,    5921,    4492,    4492,     0.8,     0.7,     1.9,     3.3,     6.0,     7.2,   10.0,  0.08683,      0,      0,       0,       0,       0,       0
total,                                                 46478,    4913,    3811,    3811,     1.0,     0.7,     2.5,     5.7,    13.6,    18.2,   11.0,  0.07904,      0,      0,       0,       0,       0,       0
total,                                                 52145,    5667,    4368,    4368,     0.9,     0.7,     1.9,     3.6,     5.6,     6.3,   12.0,  0.07445,      0,      0,       0,       0,       0,       0
total,                                                 57120,    4975,    3841,    3841,     1.0,     0.7,     2.4,     5.0,    11.6,    19.1,   13.0,  0.06871,      0,      0,       0,       0,       0,       0
total,                                                 62922,    5802,    4424,    4424,     0.9,     0.6,     1.9,     4.3,    10.4,    15.9,   14.0,  0.06541,      0,      0,       0,       0,       0,       0
total,                                                 68016,    5094,    3861,    3861,     1.0,     0.7,     2.0,     3.8,    19.1,    77.1,   15.0,  0.06134,      0,      0,       0,       0,       0,       0
total,                                                 72996,    4980,    3903,    3903,     1.0,     0.7,     2.5,     4.8,    13.0,    17.8,   16.0,  0.05747,      0,      0,       0,       0,       0,       0
total,                                                 78556,    5560,    4329,    4329,     0.9,     0.7,     2.0,     4.0,    11.1,    14.8,   17.0,  0.05472,      0,      0,       0,       0,       0,       0
total,                                                 82607,    4051,    3191,    3191,     1.2,     0.7,     2.6,     6.8,   144.4,   146.0,   18.0,  0.05164,      0,      0,       0,       0,       0,       0
total,                                                 87102,    4495,    3475,    3475,     1.1,     0.7,     2.5,     8.9,    22.8,    26.8,   19.0,  0.04902,      0,      0,       0,       0,       0,       0
total,                                                 91980,    4878,    3795,    3795,     1.0,     0.7,     2.0,     5.3,    16.9,    17.9,   20.0,  0.04652,      0,      0,       0,       0,       0,       0
total,                                                 96953,    4973,    3840,    3840,     1.0,     0.7,     2.4,     4.6,    10.6,    14.0,   21.0,  0.04426,      0,      0,       0,       0,       0,       0
total,                                                100000,    5469,    4136,    4136,     0.9,     0.7,     2.0,     3.9,     7.4,    10.6,   21.6,  0.04244,      0,      0,       0,       0,       0,       0


Results:
Op rate                   :    4,639 op/s  [t3.select_entities_by_tag: 4,639 op/s]
Partition rate            :    3,575 pk/s  [t3.select_entities_by_tag: 3,575 pk/s]
Row rate                  :    3,575 row/s [t3.select_entities_by_tag: 3,575 row/s]
Latency mean              :    1.0 ms [t3.select_entities_by_tag: 1.0 ms]
Latency median            :    0.7 ms [t3.select_entities_by_tag: 0.7 ms]
Latency 95th percentile   :    2.3 ms [t3.select_entities_by_tag: 2.3 ms]
Latency 99th percentile   :    5.2 ms [t3.select_entities_by_tag: 5.2 ms]
Latency 99.9th percentile :   19.9 ms [t3.select_entities_by_tag: 19.9 ms]
Latency max               :  261.2 ms [t3.select_entities_by_tag: 261.2 ms]
Total partitions          :     77,061 [t3.select_entities_by_tag: 77,061]
Total errors              :          0 [t3.select_entities_by_tag: 0]
Total GC count            : 0
Total GC memory           : 0.000 KiB
Total GC time             :    0.0 seconds
Avg GC time               :    NaN ms
StdDev GC time            :    0.0 ms
Total operation time      : 00:00:21

END
