******************** Stress Settings ********************
Command:
  Type: user
  Count: 10,000
  No Warmup: false
  Consistency Level: LOCAL_ONE
  Target Uncertainty: not applicable
  Command Ratios: {t3.delete_tag_entity=1.0}
  Command Clustering Distribution: clustering=gaussian(1..10)
  Profile File(s): t3_tag_entities.yaml
Rate:
  Auto: false
  Thread Count: 1
  OpsPer Sec: 0
Population:
  Distribution: Gaussian:  min=1,max=10000,mean=5000.500000,stdev=1666.500000
  Order: ARBITRARY
  Wrap: false
Insert:
  Revisits: Uniform:  min=1,max=1000000
  Visits: Fixed:  key=1
  Row Population Ratio: Ratio: divisor=1.000000;delegate=Fixed:  key=1
  Batch Type: not batching
Errors:
  Ignore: false
  Tries: 10
Log:
  No Summary: false
  No Settings: false
  File: tag_entities_10K_2_1_threads.log
  Interval Millis: 1000
  Level: NORMAL
Mode:
  API: JAVA_DRIVER_NATIVE
  Connection Style: CQL_PREPARED
  CQL Version: CQL3
  Protocol Version: V5
  Username: null
  Password: null
  Auth Provide Class: null
  Max Pending Per Connection: 128
  Connections Per Host: 8
  Compression: NONE
Node:
  Nodes: [localhost]
  Is White List: false
  Datacenter: null
Schema:
  Keyspace: null
  Replication Strategy: org.apache.cassandra.locator.SimpleStrategy
  Replication Strategy Options: {replication_factor=1}
  Table Compression: null
  Table Compaction Strategy: null
  Table Compaction Strategy Options: {}
Transport:
  truststore=null; truststore-password=null; keystore=null; keystore-password=null; ssl-protocol=TLS; ssl-alg=null; ssl-ciphers=TLS_RSA_WITH_AES_128_CBC_SHA,TLS_RSA_WITH_AES_256_CBC_SHA; 
Port:
  Native Port: 9042
  JMX Port: 7199
Graph:
  File: tag_entities_10K_threads_1.html
  Revision: 2
  Title: NVO_Cassandra_POC_tag_entities_Table_10K_Records_1_Threads
  Operation: USER
TokenRange:
  Wrap: false
  Split Factor: 1

******************** Profile(s) ********************
  Keyspace Name: tagging
  Keyspace CQL: 
***
CREATE KEYSPACE IF NOT EXISTS tagging WITH replication = {'class': 'SimpleStrategy', 'replication_factor': 1};
***

  Table Name: tag_entities
  Table CQL: 
***
CREATE TABLE IF NOT EXISTS tag_entities (
  tag_id UUID,
  entity_id UUID,
  PRIMARY KEY (tag_id, entity_id)
);
***

  Extra Schema Definitions: null
  Generator Configs:
    tag_id: Size: Gaussian:  min=5,max=10,mean=7.500000,stdev=0.833333;Identity: Uniform:  min=1,max=10000000;
    entity_id: Size: Gaussian:  min=5,max=10,mean=7.500000,stdev=0.833333;Identity: Uniform:  min=1,max=10000000;
  Query Definitions:
    select_entities_by_tag: CQL:SELECT * FROM tag_entities WHERE tag_id = ?;Fields:samerow;
    delete_tag_entity: CQL:DELETE FROM tag_entities WHERE tag_id = ? AND entity_id = ?;Fields:samerow;
  Token Range Queries:
  Insert Settings:
    partitions: fixed(1)
    select: fixed(1)/500
    batchtype: UNLOGGED
Generating batches with [1..1] partitions and [0..0] rows (of [1..1] total rows in the partitions)

Sleeping 2s...
Warming up t3.delete_tag_entity with 2500 iterations...
Running [t3.delete_tag_entity] with 1 threads for 10000 iteration
type                                               total ops,    op/s,    pk/s,   row/s,    mean,     med,     .95,     .99,    .999,     max,   time,   stderr, errors,  gc: #,  max ms,  sum ms,  sdv ms,      mb
total,                                                   216,     216,       0,       0,     0.7,     0.6,     1.2,     2.4,     9.8,     9.8,    1.0,      NaN,      0,      0,       0,       0,       0,       0
total,                                                  1854,    1638,       0,       0,     0.6,     0.5,     0.9,     3.5,     9.0,     9.2,    2.0,      NaN,      0,      0,       0,       0,       0,       0
total,                                                  3233,    1379,       0,       0,     0.7,     0.6,     1.2,     3.3,     7.2,     8.0,    3.0,      NaN,      0,      0,       0,       0,       0,       0
total,                                                  5062,    1829,       0,       0,     0.5,     0.5,     0.7,     2.0,    10.1,    12.1,    4.0,      NaN,      0,      0,       0,       0,       0,       0
total,                                                  6817,    1755,       0,       0,     0.6,     0.4,     1.1,     3.8,     8.6,     9.1,    5.0,      NaN,      0,      0,       0,       0,       0,       0
total,                                                  9120,    2303,       0,       0,     0.4,     0.4,     0.6,     1.3,     2.8,     4.4,    6.0,      NaN,      0,      0,       0,       0,       0,       0
total,                                                 10000,    2389,       0,       0,     0.4,     0.4,     0.5,     1.6,     4.9,     4.9,    6.4,      NaN,      0,      0,       0,       0,       0,       0


Results:
Op rate                   :    1,570 op/s  [t3.delete_tag_entity: 1,570 op/s]
Partition rate            :        0 pk/s  [t3.delete_tag_entity: 0 pk/s]
Row rate                  :        0 row/s [t3.delete_tag_entity: 0 row/s]
Latency mean              :    0.5 ms [t3.delete_tag_entity: 0.5 ms]
Latency median            :    0.4 ms [t3.delete_tag_entity: 0.4 ms]
Latency 95th percentile   :    0.9 ms [t3.delete_tag_entity: 0.9 ms]
Latency 99th percentile   :    2.3 ms [t3.delete_tag_entity: 2.3 ms]
Latency 99.9th percentile :    7.2 ms [t3.delete_tag_entity: 7.2 ms]
Latency max               :   12.1 ms [t3.delete_tag_entity: 12.1 ms]
Total partitions          :          0 [t3.delete_tag_entity: 0]
Total errors              :          0 [t3.delete_tag_entity: 0]
Total GC count            : 0
Total GC memory           : 0.000 KiB
Total GC time             :    0.0 seconds
Avg GC time               :    NaN ms
StdDev GC time            :    0.0 ms
Total operation time      : 00:00:06

END
