******************** Stress Settings ********************
Command:
  Type: user
  Count: 10,000
  No Warmup: false
  Consistency Level: LOCAL_ONE
  Target Uncertainty: not applicable
  Command Ratios: {t3.select_entities_by_tag=1.0}
  Command Clustering Distribution: clustering=gaussian(1..10)
  Profile File(s): t3_tag_entities.yaml
Rate:
  Auto: false
  Thread Count: 5
  OpsPer Sec: 0
Population:
  Distribution: Gaussian:  min=1,max=10000,mean=5000.500000,stdev=1666.500000
  Order: ARBITRARY
  Wrap: false
Insert:
  Revisits: Uniform:  min=1,max=1000000
  Visits: Fixed:  key=1
  Row Population Ratio: Ratio: divisor=1.000000;delegate=Fixed:  key=1
  Batch Type: not batching
Errors:
  Ignore: false
  Tries: 10
Log:
  No Summary: false
  No Settings: false
  File: tag_entities_10K_1_5_threads.log
  Interval Millis: 1000
  Level: NORMAL
Mode:
  API: JAVA_DRIVER_NATIVE
  Connection Style: CQL_PREPARED
  CQL Version: CQL3
  Protocol Version: V5
  Username: null
  Password: null
  Auth Provide Class: null
  Max Pending Per Connection: 128
  Connections Per Host: 8
  Compression: NONE
Node:
  Nodes: [localhost]
  Is White List: false
  Datacenter: null
Schema:
  Keyspace: null
  Replication Strategy: org.apache.cassandra.locator.SimpleStrategy
  Replication Strategy Options: {replication_factor=1}
  Table Compression: null
  Table Compaction Strategy: null
  Table Compaction Strategy Options: {}
Transport:
  truststore=null; truststore-password=null; keystore=null; keystore-password=null; ssl-protocol=TLS; ssl-alg=null; ssl-ciphers=TLS_RSA_WITH_AES_128_CBC_SHA,TLS_RSA_WITH_AES_256_CBC_SHA; 
Port:
  Native Port: 9042
  JMX Port: 7199
Graph:
  File: tag_entities_10K_threads_5.html
  Revision: 1
  Title: NVO_Cassandra_POC_tag_entities_Table_10K_Records_5_Threads
  Operation: USER
TokenRange:
  Wrap: false
  Split Factor: 1

******************** Profile(s) ********************
  Keyspace Name: tagging
  Keyspace CQL: 
***
CREATE KEYSPACE IF NOT EXISTS tagging WITH replication = {'class': 'SimpleStrategy', 'replication_factor': 1};
***

  Table Name: tag_entities
  Table CQL: 
***
CREATE TABLE IF NOT EXISTS tag_entities (
  tag_id UUID,
  entity_id UUID,
  PRIMARY KEY (tag_id, entity_id)
);
***

  Extra Schema Definitions: null
  Generator Configs:
    tag_id: Size: Gaussian:  min=5,max=10,mean=7.500000,stdev=0.833333;Identity: Uniform:  min=1,max=10000000;
    entity_id: Size: Gaussian:  min=5,max=10,mean=7.500000,stdev=0.833333;Identity: Uniform:  min=1,max=10000000;
  Query Definitions:
    select_entities_by_tag: CQL:SELECT * FROM tag_entities WHERE tag_id = ?;Fields:samerow;
    delete_tag_entity: CQL:DELETE FROM tag_entities WHERE tag_id = ? AND entity_id = ?;Fields:samerow;
  Token Range Queries:
  Insert Settings:
    partitions: fixed(1)
    select: fixed(1)/500
    batchtype: UNLOGGED
Generating batches with [1..1] partitions and [0..0] rows (of [1..1] total rows in the partitions)

Sleeping 2s...
Warming up t3.select_entities_by_tag with 2500 iterations...
Running [t3.select_entities_by_tag] with 5 threads for 10000 iteration
type                                               total ops,    op/s,    pk/s,   row/s,    mean,     med,     .95,     .99,    .999,     max,   time,   stderr, errors,  gc: #,  max ms,  sum ms,  sdv ms,      mb
total,                                                  1786,    1786,    1371,    1371,     2.0,     1.3,     5.2,    16.6,    33.0,    35.4,    1.0,  0.00000,      0,      0,       0,       0,       0,       0
total,                                                  4503,    2717,    2084,    2084,     1.8,     1.1,     3.8,    21.5,    27.8,    32.2,    2.0,  0.14482,      0,      0,       0,       0,       0,       0
total,                                                  7141,    2638,    1999,    1999,     1.9,     1.1,     5.2,    18.1,    25.2,    25.6,    3.0,  0.09968,      0,      0,       0,       0,       0,       0
total,                                                 10000,    3282,    2521,    2521,     1.5,     0.9,     3.8,    13.4,    24.3,    24.8,    3.9,  0.10197,      0,      0,       0,       0,       0,       0


Results:
Op rate                   :    2,583 op/s  [t3.select_entities_by_tag: 2,583 op/s]
Partition rate            :    1,976 pk/s  [t3.select_entities_by_tag: 1,976 pk/s]
Row rate                  :    1,976 row/s [t3.select_entities_by_tag: 1,976 row/s]
Latency mean              :    1.8 ms [t3.select_entities_by_tag: 1.8 ms]
Latency median            :    1.1 ms [t3.select_entities_by_tag: 1.1 ms]
Latency 95th percentile   :    4.5 ms [t3.select_entities_by_tag: 4.5 ms]
Latency 99th percentile   :   17.1 ms [t3.select_entities_by_tag: 17.1 ms]
Latency 99.9th percentile :   25.6 ms [t3.select_entities_by_tag: 25.6 ms]
Latency max               :   35.4 ms [t3.select_entities_by_tag: 35.4 ms]
Total partitions          :      7,650 [t3.select_entities_by_tag: 7,650]
Total errors              :          0 [t3.select_entities_by_tag: 0]
Total GC count            : 0
Total GC memory           : 0.000 KiB
Total GC time             :    0.0 seconds
Avg GC time               :    NaN ms
StdDev GC time            :    0.0 ms
Total operation time      : 00:00:03

END
