******************** Stress Settings ********************
Command:
  Type: user
  Count: 10,000
  No Warmup: false
  Consistency Level: LOCAL_ONE
  Target Uncertainty: not applicable
  Command Ratios: {t3.delete_tag_entity=1.0}
  Command Clustering Distribution: clustering=gaussian(1..10)
  Profile File(s): t3_tag_entities.yaml
Rate:
  Auto: false
  Thread Count: 5
  OpsPer Sec: 0
Population:
  Distribution: Gaussian:  min=1,max=10000,mean=5000.500000,stdev=1666.500000
  Order: ARBITRARY
  Wrap: false
Insert:
  Revisits: Uniform:  min=1,max=1000000
  Visits: Fixed:  key=1
  Row Population Ratio: Ratio: divisor=1.000000;delegate=Fixed:  key=1
  Batch Type: not batching
Errors:
  Ignore: false
  Tries: 10
Log:
  No Summary: false
  No Settings: false
  File: tag_entities_10K_2_5_threads.log
  Interval Millis: 1000
  Level: NORMAL
Mode:
  API: JAVA_DRIVER_NATIVE
  Connection Style: CQL_PREPARED
  CQL Version: CQL3
  Protocol Version: V5
  Username: null
  Password: null
  Auth Provide Class: null
  Max Pending Per Connection: 128
  Connections Per Host: 8
  Compression: NONE
Node:
  Nodes: [localhost]
  Is White List: false
  Datacenter: null
Schema:
  Keyspace: null
  Replication Strategy: org.apache.cassandra.locator.SimpleStrategy
  Replication Strategy Options: {replication_factor=1}
  Table Compression: null
  Table Compaction Strategy: null
  Table Compaction Strategy Options: {}
Transport:
  truststore=null; truststore-password=null; keystore=null; keystore-password=null; ssl-protocol=TLS; ssl-alg=null; ssl-ciphers=TLS_RSA_WITH_AES_128_CBC_SHA,TLS_RSA_WITH_AES_256_CBC_SHA; 
Port:
  Native Port: 9042
  JMX Port: 7199
Graph:
  File: tag_entities_10K_threads_5.html
  Revision: 2
  Title: NVO_Cassandra_POC_tag_entities_Table_10K_Records_5_Threads
  Operation: USER
TokenRange:
  Wrap: false
  Split Factor: 1

******************** Profile(s) ********************
  Keyspace Name: tagging
  Keyspace CQL: 
***
CREATE KEYSPACE IF NOT EXISTS tagging WITH replication = {'class': 'SimpleStrategy', 'replication_factor': 1};
***

  Table Name: tag_entities
  Table CQL: 
***
CREATE TABLE IF NOT EXISTS tag_entities (
  tag_id UUID,
  entity_id UUID,
  PRIMARY KEY (tag_id, entity_id)
);
***

  Extra Schema Definitions: null
  Generator Configs:
    tag_id: Size: Gaussian:  min=5,max=10,mean=7.500000,stdev=0.833333;Identity: Uniform:  min=1,max=10000000;
    entity_id: Size: Gaussian:  min=5,max=10,mean=7.500000,stdev=0.833333;Identity: Uniform:  min=1,max=10000000;
  Query Definitions:
    select_entities_by_tag: CQL:SELECT * FROM tag_entities WHERE tag_id = ?;Fields:samerow;
    delete_tag_entity: CQL:DELETE FROM tag_entities WHERE tag_id = ? AND entity_id = ?;Fields:samerow;
  Token Range Queries:
  Insert Settings:
    partitions: fixed(1)
    select: fixed(1)/500
    batchtype: UNLOGGED
Generating batches with [1..1] partitions and [0..0] rows (of [1..1] total rows in the partitions)

Sleeping 2s...
Warming up t3.delete_tag_entity with 2500 iterations...
Running [t3.delete_tag_entity] with 5 threads for 10000 iteration
type                                               total ops,    op/s,    pk/s,   row/s,    mean,     med,     .95,     .99,    .999,     max,   time,   stderr, errors,  gc: #,  max ms,  sum ms,  sdv ms,      mb
total,                                                  2049,    2049,       0,       0,     2.3,     1.1,     4.4,    26.1,   177.1,   178.8,    1.0,      NaN,      0,      0,       0,       0,       0,       0
total,                                                  4808,    2759,       0,       0,     1.8,     1.0,     5.1,    18.4,    24.4,    27.8,    2.0,      NaN,      0,      0,       0,       0,       0,       0
total,                                                  8325,    3517,       0,       0,     1.4,     0.9,     2.9,    13.5,    25.0,    25.8,    3.0,      NaN,      0,      0,       0,       0,       0,       0
total,                                                 10000,    3506,       0,       0,     1.4,     0.9,     2.7,    18.0,    23.8,    24.7,    3.5,      NaN,      0,      0,       0,       0,       0,       0


Results:
Op rate                   :    2,875 op/s  [t3.delete_tag_entity: 2,875 op/s]
Partition rate            :        0 pk/s  [t3.delete_tag_entity: 0 pk/s]
Row rate                  :        0 row/s [t3.delete_tag_entity: 0 row/s]
Latency mean              :    1.7 ms [t3.delete_tag_entity: 1.7 ms]
Latency median            :    1.0 ms [t3.delete_tag_entity: 1.0 ms]
Latency 95th percentile   :    3.8 ms [t3.delete_tag_entity: 3.8 ms]
Latency 99th percentile   :   18.4 ms [t3.delete_tag_entity: 18.4 ms]
Latency 99.9th percentile :   28.6 ms [t3.delete_tag_entity: 28.6 ms]
Latency max               :  178.8 ms [t3.delete_tag_entity: 178.8 ms]
Total partitions          :          0 [t3.delete_tag_entity: 0]
Total errors              :          0 [t3.delete_tag_entity: 0]
Total GC count            : 0
Total GC memory           : 0.000 KiB
Total GC time             :    0.0 seconds
Avg GC time               :    NaN ms
StdDev GC time            :    0.0 ms
Total operation time      : 00:00:03

END
