******************** Stress Settings ********************
Command:
  Type: user
  Count: 100,000
  No Warmup: false
  Consistency Level: LOCAL_ONE
  Target Uncertainty: not applicable
  Command Ratios: {t1.insert=1.0}
  Command Clustering Distribution: clustering=gaussian(1..10)
  Profile File(s): t1_tags.yaml
Rate:
  Auto: false
  Thread Count: 1
  OpsPer Sec: 0
Population:
  Distribution: Gaussian:  min=1,max=100000,mean=50000.500000,stdev=16666.500000
  Order: ARBITRARY
  Wrap: false
Insert:
  Revisits: Uniform:  min=1,max=1000000
  Visits: Fixed:  key=1
  Row Population Ratio: Ratio: divisor=1.000000;delegate=Fixed:  key=1
  Batch Type: not batching
Errors:
  Ignore: false
  Tries: 10
Log:
  No Summary: false
  No Settings: false
  File: tags_100K_write_1_threads.log
  Interval Millis: 1000
  Level: NORMAL
Mode:
  API: JAVA_DRIVER_NATIVE
  Connection Style: CQL_PREPARED
  CQL Version: CQL3
  Protocol Version: V5
  Username: null
  Password: null
  Auth Provide Class: null
  Max Pending Per Connection: 128
  Connections Per Host: 8
  Compression: NONE
Node:
  Nodes: [localhost]
  Is White List: false
  Datacenter: null
Schema:
  Keyspace: null
  Replication Strategy: org.apache.cassandra.locator.SimpleStrategy
  Replication Strategy Options: {replication_factor=1}
  Table Compression: null
  Table Compaction Strategy: null
  Table Compaction Strategy Options: {}
Transport:
  truststore=null; truststore-password=null; keystore=null; keystore-password=null; ssl-protocol=TLS; ssl-alg=null; ssl-ciphers=TLS_RSA_WITH_AES_128_CBC_SHA,TLS_RSA_WITH_AES_256_CBC_SHA; 
Port:
  Native Port: 9042
  JMX Port: 7199
Graph:
  File: tags_100K_threads_1.html
  Revision: Insert
  Title: NVO_Cassandra_POC_tags_Table_100K_Records_1_Threads
  Operation: USER
TokenRange:
  Wrap: false
  Split Factor: 1

******************** Profile(s) ********************
  Keyspace Name: tagging
  Keyspace CQL: 
***
CREATE KEYSPACE IF NOT EXISTS tagging WITH replication = {'class': 'SimpleStrategy', 'replication_factor': 1};
***

  Table Name: tags
  Table CQL: 
***
CREATE TABLE IF NOT EXISTS tags (
  id uuid PRIMARY KEY,
  owner_id int,
  name text,
  description text,
  properties text
);
***

  Extra Schema Definitions: null
  Generator Configs:
    owner_id: Size: Gaussian:  min=5,max=10,mean=7.500000,stdev=0.833333;Identity: Uniform:  min=1,max=1000000;
    name: Size: Uniform:  min=5,max=200;
    description: Size: Uniform:  min=10,max=100;
    id: Size: Gaussian:  min=5,max=10,mean=7.500000,stdev=0.833333;Identity: Uniform:  min=1,max=10000000;
    properties: Size: Uniform:  min=10,max=50;
  Query Definitions:
    select_tag_by_id: CQL:SELECT * FROM tags WHERE id = ?;Fields:samerow;
    update_tag_properties: CQL:UPDATE tags SET properties = ? WHERE id = ?;Fields:samerow;
    delete_tag_by_id: CQL:DELETE FROM tags WHERE id = ?;Fields:samerow;
    insert_tag: CQL:INSERT INTO tags (id, owner_id, name, description, properties) VALUES (?, ?, ?, ?, ?);Fields:samerow;
  Token Range Queries:
  Insert Settings:
    partitions: fixed(1)
    select: fixed(1)/500
    batchtype: UNLOGGED
Generating batches with [1..1] partitions and [0..0] rows (of [1..1] total rows in the partitions)

Sleeping 2s...
Warming up t1.insert with 25000 iterations...
Running [t1.insert] with 1 threads for 100000 iteration
type                                               total ops,    op/s,    pk/s,   row/s,    mean,     med,     .95,     .99,    .999,     max,   time,   stderr, errors,  gc: #,  max ms,  sum ms,  sdv ms,      mb
total,                                                  1501,    1501,    1501,    1501,     0.6,     0.5,     1.1,     2.8,     5.9,    13.2,    1.0,  0.00000,      0,      0,       0,       0,       0,       0
total,                                                  3867,    2366,    2366,    2366,     0.4,     0.4,     0.6,     1.3,     5.5,     9.7,    2.0,  0.15699,      0,      0,       0,       0,       0,       0
total,                                                  5962,    2095,    2095,    2095,     0.5,     0.4,     0.6,     2.0,     7.0,     7.9,    3.0,  0.10413,      0,      0,       0,       0,       0,       0
total,                                                  7991,    2029,    2029,    2029,     0.5,     0.4,     0.7,     1.5,     5.5,    14.4,    4.0,  0.07780,      0,      0,       0,       0,       0,       0
total,                                                 10081,    2090,    2090,    2090,     0.5,     0.4,     0.6,     1.4,     7.1,    10.1,    5.0,  0.06220,      0,      0,       0,       0,       0,       0
total,                                                 11183,    1102,    1102,    1102,     0.8,     0.4,     0.6,     2.0,    93.5,   264.4,    6.0,  0.06871,      0,      0,       0,       0,       0,       0
total,                                                 12675,    1492,    1492,    1492,     0.8,     0.4,     0.7,     2.9,   112.9,   141.2,    7.0,  0.06156,      0,      0,       0,       0,       0,       0
total,                                                 14899,    2224,    2224,    2224,     0.4,     0.4,     0.6,     1.3,     7.4,     8.9,    8.0,  0.05622,      0,      0,       0,       0,       0,       0
total,                                                 16808,    1909,    1909,    1909,     0.5,     0.4,     0.7,     1.9,    11.2,    13.2,    9.0,  0.05006,      0,      0,       0,       0,       0,       0
total,                                                 18890,    2082,    2082,    2082,     0.5,     0.4,     0.6,     1.4,     5.0,     8.9,   10.0,  0.04526,      0,      0,       0,       0,       0,       0
total,                                                 20312,    1422,    1422,    1422,     0.7,     0.5,     1.5,     4.7,    12.9,    15.1,   11.0,  0.04840,      0,      0,       0,       0,       0,       0
total,                                                 22079,    1767,    1767,    1767,     0.6,     0.5,     0.7,     1.6,    11.2,    21.9,   12.0,  0.04485,      0,      0,       0,       0,       0,       0
total,                                                 23638,    1559,    1559,    1559,     0.6,     0.5,     0.8,     1.8,    10.2,   133.2,   13.0,  0.04183,      0,      0,       0,       0,       0,       0
total,                                                 25418,    1780,    1780,    1780,     0.6,     0.5,     0.7,     2.8,    10.6,    13.0,   14.0,  0.03916,      0,      0,       0,       0,       0,       0
total,                                                 27588,    2170,    2170,    2170,     0.5,     0.4,     0.6,     1.4,     4.5,    11.5,   15.0,  0.03753,      0,      0,       0,       0,       0,       0
total,                                                 29527,    1939,    1939,    1939,     0.5,     0.5,     0.7,     1.8,    10.4,    12.8,   16.0,  0.03516,      0,      0,       0,       0,       0,       0
total,                                                 31517,    1990,    1990,    1990,     0.5,     0.4,     0.7,     1.4,    10.9,    11.6,   17.0,  0.03312,      0,      0,       0,       0,       0,       0
total,                                                 33716,    2199,    2199,    2199,     0.4,     0.4,     0.6,     1.4,     4.6,    16.0,   18.0,  0.03217,      0,      0,       0,       0,       0,       0
total,                                                 35782,    2066,    2066,    2066,     0.5,     0.4,     0.7,     1.6,     9.5,    11.5,   19.0,  0.03060,      0,      0,       0,       0,       0,       0
total,                                                 38008,    2226,    2226,    2226,     0.4,     0.4,     0.6,     1.4,    11.6,    16.4,   20.0,  0.02987,      0,      0,       0,       0,       0,       0
total,                                                 40089,    2081,    2081,    2081,     0.5,     0.4,     0.8,     2.4,     8.9,    12.2,   21.0,  0.02854,      0,      0,       0,       0,       0,       0
total,                                                 42171,    2082,    2082,    2082,     0.5,     0.4,     0.6,     1.4,     6.3,    11.6,   22.0,  0.02732,      0,      0,       0,       0,       0,       0
total,                                                 44345,    2174,    2174,    2174,     0.5,     0.4,     0.6,     1.4,     9.7,    12.6,   23.0,  0.02644,      0,      0,       0,       0,       0,       0
total,                                                 46297,    1952,    1952,    1952,     0.5,     0.4,     0.6,     2.0,    12.4,    17.1,   24.0,  0.02534,      0,      0,       0,       0,       0,       0
total,                                                 48127,    1830,    1830,    1830,     0.5,     0.4,     0.7,     1.8,     5.7,   116.3,   25.0,  0.02434,      0,      0,       0,       0,       0,       0
total,                                                 50350,    2223,    2223,    2223,     0.4,     0.4,     0.6,     1.5,     7.0,     9.7,   26.0,  0.02378,      0,      0,       0,       0,       0,       0
total,                                                 52595,    2245,    2245,    2245,     0.4,     0.4,     0.6,     1.3,     4.3,     7.2,   27.0,  0.02327,      0,      0,       0,       0,       0,       0
total,                                                 54655,    2060,    2060,    2060,     0.5,     0.4,     0.6,     1.3,     8.8,     9.7,   28.0,  0.02244,      0,      0,       0,       0,       0,       0
total,                                                 56529,    1874,    1874,    1874,     0.5,     0.5,     0.7,     1.6,    10.0,    21.3,   29.0,  0.02177,      0,      0,       0,       0,       0,       0
total,                                                 58705,    2176,    2176,    2176,     0.5,     0.4,     0.6,     1.7,     7.0,    11.4,   30.0,  0.02120,      0,      0,       0,       0,       0,       0
total,                                                 60369,    1664,    1664,    1664,     0.6,     0.5,     1.2,     2.8,     8.1,    14.7,   31.0,  0.02127,      0,      0,       0,       0,       0,       0
total,                                                 62368,    1999,    1999,    1999,     0.5,     0.4,     0.6,     1.4,     7.9,    11.1,   32.0,  0.02060,      0,      0,       0,       0,       0,       0
total,                                                 64386,    2018,    2018,    2018,     0.5,     0.4,     0.6,     1.5,     6.4,     8.6,   33.0,  0.01997,      0,      0,       0,       0,       0,       0
total,                                                 66397,    2011,    2011,    2011,     0.5,     0.4,     0.6,     1.9,     6.4,     9.6,   34.0,  0.01938,      0,      0,       0,       0,       0,       0
total,                                                 68273,    1876,    1876,    1876,     0.5,     0.5,     0.7,     1.5,     5.0,     5.4,   35.0,  0.01894,      0,      0,       0,       0,       0,       0
total,                                                 70201,    1928,    1928,    1928,     0.5,     0.4,     0.7,     2.1,     8.0,    14.2,   36.0,  0.01843,      0,      0,       0,       0,       0,       0
total,                                                 72410,    2209,    2209,    2209,     0.4,     0.4,     0.6,     1.4,     6.7,    11.7,   37.0,  0.01814,      0,      0,       0,       0,       0,       0
total,                                                 74417,    2007,    2007,    2007,     0.5,     0.4,     0.7,     1.5,     5.7,     6.3,   38.0,  0.01766,      0,      0,       0,       0,       0,       0
total,                                                 76598,    2181,    2181,    2181,     0.5,     0.4,     0.6,     2.1,     8.4,    13.3,   39.0,  0.01735,      0,      0,       0,       0,       0,       0
total,                                                 77848,    1250,    1250,    1250,     0.4,     0.4,     0.7,     1.6,     7.2,     8.7,   40.0,  0.01946,      0,      0,       0,       0,       0,       0
total,                                                 78442,     594,     594,     594,     2.4,     0.5,     0.8,     3.6,  1090.5,  1090.5,   41.0,  0.11729,      0,      0,       0,       0,       0,       0
total,                                                 80259,    1817,    1817,    1817,     0.5,     0.5,     0.9,     2.3,    10.6,    12.5,   42.0,  0.11442,      0,      0,       0,       0,       0,       0
total,                                                 82099,    1840,    1840,    1840,     0.5,     0.4,     0.9,     3.6,    14.1,    19.5,   43.0,  0.11164,      0,      0,       0,       0,       0,       0
total,                                                 84218,    2119,    2119,    2119,     0.5,     0.4,     0.6,     1.6,     6.9,     8.3,   44.0,  0.10871,      0,      0,       0,       0,       0,       0
total,                                                 86397,    2179,    2179,    2179,     0.5,     0.4,     0.6,     1.4,     6.4,     8.3,   45.0,  0.10588,      0,      0,       0,       0,       0,       0
total,                                                 88320,    1923,    1923,    1923,     0.5,     0.4,     0.8,     2.1,    10.7,    11.2,   46.0,  0.10342,      0,      0,       0,       0,       0,       0
total,                                                 90324,    2004,    2004,    2004,     0.5,     0.4,     0.7,     1.5,     5.9,    14.7,   47.0,  0.10099,      0,      0,       0,       0,       0,       0
total,                                                 92181,    1857,    1857,    1857,     0.5,     0.4,     0.8,     3.5,    12.5,    14.8,   48.0,  0.09881,      0,      0,       0,       0,       0,       0
total,                                                 94387,    2206,    2206,    2206,     0.4,     0.4,     0.6,     1.4,     5.5,     6.9,   49.0,  0.09646,      0,      0,       0,       0,       0,       0
total,                                                 96388,    2001,    2001,    2001,     0.5,     0.4,     0.7,     1.5,     6.6,    10.5,   50.0,  0.09435,      0,      0,       0,       0,       0,       0
total,                                                 98221,    1833,    1833,    1833,     0.5,     0.4,     0.9,     3.1,    10.1,    11.0,   51.0,  0.09248,      0,      0,       0,       0,       0,       0
total,                                                100000,    2034,    2034,    2034,     0.5,     0.4,     0.6,     1.5,     8.8,    26.5,   51.9,  0.09049,      0,      0,       0,       0,       0,       0


Results:
Op rate                   :    1,928 op/s  [t1.insert: 1,928 op/s]
Partition rate            :    1,928 pk/s  [t1.insert: 1,928 pk/s]
Row rate                  :    1,928 row/s [t1.insert: 1,928 row/s]
Latency mean              :    0.5 ms [t1.insert: 0.5 ms]
Latency median            :    0.4 ms [t1.insert: 0.4 ms]
Latency 95th percentile   :    0.7 ms [t1.insert: 0.7 ms]
Latency 99th percentile   :    1.8 ms [t1.insert: 1.8 ms]
Latency 99.9th percentile :    8.4 ms [t1.insert: 8.4 ms]
Latency max               : 1090.5 ms [t1.insert: 1,090.5 ms]
Total partitions          :    100,000 [t1.insert: 100,000]
Total errors              :          0 [t1.insert: 0]
Total GC count            : 0
Total GC memory           : 0.000 KiB
Total GC time             :    0.0 seconds
Avg GC time               :    NaN ms
StdDev GC time            :    0.0 ms
Total operation time      : 00:00:51

END
