******************** Stress Settings ********************
Command:
  Type: user
  Count: 1,000,000
  No Warmup: false
  Consistency Level: LOCAL_ONE
  Target Uncertainty: not applicable
  Command Ratios: {t1.update_tag_properties=1.0}
  Command Clustering Distribution: clustering=gaussian(1..10)
  Profile File(s): t1_tags.yaml
Rate:
  Auto: false
  Thread Count: 5
  OpsPer Sec: 0
Population:
  Distribution: Gaussian:  min=1,max=1000000,mean=500000.500000,stdev=166666.500000
  Order: ARBITRARY
  Wrap: false
Insert:
  Revisits: Uniform:  min=1,max=1000000
  Visits: Fixed:  key=1
  Row Population Ratio: Ratio: divisor=1.000000;delegate=Fixed:  key=1
  Batch Type: not batching
Errors:
  Ignore: false
  Tries: 10
Log:
  No Summary: false
  No Settings: false
  File: tags_1M_2_5_threads.log
  Interval Millis: 1000
  Level: NORMAL
Mode:
  API: JAVA_DRIVER_NATIVE
  Connection Style: CQL_PREPARED
  CQL Version: CQL3
  Protocol Version: V5
  Username: null
  Password: null
  Auth Provide Class: null
  Max Pending Per Connection: 128
  Connections Per Host: 8
  Compression: NONE
Node:
  Nodes: [localhost]
  Is White List: false
  Datacenter: null
Schema:
  Keyspace: null
  Replication Strategy: org.apache.cassandra.locator.SimpleStrategy
  Replication Strategy Options: {replication_factor=1}
  Table Compression: null
  Table Compaction Strategy: null
  Table Compaction Strategy Options: {}
Transport:
  truststore=null; truststore-password=null; keystore=null; keystore-password=null; ssl-protocol=TLS; ssl-alg=null; ssl-ciphers=TLS_RSA_WITH_AES_128_CBC_SHA,TLS_RSA_WITH_AES_256_CBC_SHA; 
Port:
  Native Port: 9042
  JMX Port: 7199
Graph:
  File: tags_1M_threads_5.html
  Revision: 2
  Title: NVO_Cassandra_POC_tags_Table_1M_Records_5_Threads
  Operation: USER
TokenRange:
  Wrap: false
  Split Factor: 1

******************** Profile(s) ********************
  Keyspace Name: tagging
  Keyspace CQL: 
***
CREATE KEYSPACE IF NOT EXISTS tagging WITH replication = {'class': 'SimpleStrategy', 'replication_factor': 1};
***

  Table Name: tags
  Table CQL: 
***
CREATE TABLE IF NOT EXISTS tags (
  id uuid PRIMARY KEY,
  owner_id int,
  name text,
  description text,
  properties text
);
***

  Extra Schema Definitions: null
  Generator Configs:
    owner_id: Size: Gaussian:  min=5,max=10,mean=7.500000,stdev=0.833333;Identity: Uniform:  min=1,max=1000000;
    name: Size: Uniform:  min=5,max=200;
    description: Size: Uniform:  min=10,max=100;
    id: Size: Gaussian:  min=5,max=10,mean=7.500000,stdev=0.833333;Identity: Uniform:  min=1,max=10000000;
    properties: Size: Uniform:  min=10,max=50;
  Query Definitions:
    select_tag_by_id: CQL:SELECT * FROM tags WHERE id = ?;Fields:samerow;
    update_tag_properties: CQL:UPDATE tags SET properties = ? WHERE id = ?;Fields:samerow;
    delete_tag_by_id: CQL:DELETE FROM tags WHERE id = ?;Fields:samerow;
    insert_tag: CQL:INSERT INTO tags (id, owner_id, name, description, properties) VALUES (?, ?, ?, ?, ?);Fields:samerow;
  Token Range Queries:
  Insert Settings:
    partitions: fixed(1)
    select: fixed(1)/500
    batchtype: UNLOGGED
Generating batches with [1..1] partitions and [0..0] rows (of [1..1] total rows in the partitions)

Sleeping 2s...
Warming up t1.update_tag_properties with 50000 iterations...
Running [t1.update_tag_properties] with 5 threads for 1000000 iteration
type                                               total ops,    op/s,    pk/s,   row/s,    mean,     med,     .95,     .99,    .999,     max,   time,   stderr, errors,  gc: #,  max ms,  sum ms,  sdv ms,      mb
total,                                                  1556,    1556,       0,       0,     1.5,     0.8,     4.6,     9.2,    28.7,    40.3,    1.0,      NaN,      0,      0,       0,       0,       0,       0
total,                                                  7027,    5471,       0,       0,     0.9,     0.7,     2.0,     4.4,    14.5,    17.7,    2.0,      NaN,      0,      0,       0,       0,       0,       0
total,                                                 12611,    5584,       0,       0,     0.9,     0.6,     1.9,     5.3,    12.9,    19.1,    3.0,      NaN,      0,      0,       0,       0,       0,       0
total,                                                 16568,    3957,       0,       0,     1.0,     0.7,     2.3,     5.2,    15.1,    23.0,    4.0,      NaN,      0,      0,       0,       0,       0,       0
total,                                                 22023,    5455,       0,       0,     1.1,     0.6,     2.0,     3.4,    18.6,   292.8,    5.0,      NaN,      0,      0,       0,       0,       0,       0
total,                                                 26683,    4660,       0,       0,     1.1,     0.8,     2.4,     6.2,    13.0,    18.4,    6.0,      NaN,      0,      0,       0,       0,       0,       0
total,                                                 32057,    5374,       0,       0,     0.9,     0.7,     2.0,     4.1,    15.8,    53.3,    7.0,      NaN,      0,      0,       0,       0,       0,       0
total,                                                 37340,    5283,       0,       0,     0.9,     0.7,     2.1,     4.5,    18.7,    28.4,    8.0,      NaN,      0,      0,       0,       0,       0,       0
total,                                                 42606,    5266,       0,       0,     0.9,     0.7,     2.1,     4.4,    10.7,    15.5,    9.0,      NaN,      0,      0,       0,       0,       0,       0
total,                                                 48091,    5485,       0,       0,     0.9,     0.7,     1.9,     3.5,     9.3,    17.3,   10.0,      NaN,      0,      0,       0,       0,       0,       0
total,                                                 52809,    4718,       0,       0,     1.1,     0.8,     2.4,     5.2,    14.6,    22.0,   11.0,      NaN,      0,      0,       0,       0,       0,       0
total,                                                 57232,    4423,       0,       0,     1.1,     0.7,     2.5,     9.3,    21.0,    27.7,   12.0,      NaN,      0,      0,       0,       0,       0,       0
total,                                                 61219,    3987,       0,       0,     1.2,     0.8,     3.1,    11.0,    23.0,    26.3,   13.0,      NaN,      0,      0,       0,       0,       0,       0
total,                                                 64991,    3772,       0,       0,     1.3,     0.8,     3.4,    11.2,    24.4,    26.4,   14.0,      NaN,      0,      0,       0,       0,       0,       0
total,                                                 69514,    4523,       0,       0,     1.1,     0.7,     2.4,     8.6,    21.4,    22.3,   15.0,      NaN,      0,      0,       0,       0,       0,       0
total,                                                 73363,    3849,       0,       0,     1.3,     0.8,     3.3,     9.2,    20.2,    21.5,   16.0,      NaN,      0,      0,       0,       0,       0,       0
total,                                                 79267,    5904,       0,       0,     0.8,     0.7,     1.8,     3.2,    10.7,    17.1,   17.0,      NaN,      0,      0,       0,       0,       0,       0
total,                                                 82811,    3544,       0,       0,     1.0,     0.7,     2.1,     3.8,    13.7,    17.3,   18.0,      NaN,      0,      0,       0,       0,       0,       0
total,                                                 84772,    1961,       0,       0,     3.3,     0.7,     2.0,     4.8,   947.4,   948.4,   19.0,      NaN,      0,      0,       0,       0,       0,       0
total,                                                 90501,    5729,       0,       0,     0.9,     0.7,     1.8,     3.0,    10.6,    14.5,   20.0,      NaN,      0,      0,       0,       0,       0,       0
total,                                                 95418,    4917,       0,       0,     1.0,     0.7,     2.4,     5.4,    12.2,    21.4,   21.0,      NaN,      0,      0,       0,       0,       0,       0
total,                                                100869,    5451,       0,       0,     0.9,     0.7,     1.9,     3.5,    10.2,    13.0,   22.0,      NaN,      0,      0,       0,       0,       0,       0
total,                                                105815,    4946,       0,       0,     1.0,     0.7,     2.2,     4.9,    19.1,    33.5,   23.0,      NaN,      0,      0,       0,       0,       0,       0
total,                                                111604,    5789,       0,       0,     0.9,     0.7,     1.7,     3.4,    14.8,    19.4,   24.0,      NaN,      0,      0,       0,       0,       0,       0
total,                                                116861,    5257,       0,       0,     0.9,     0.7,     2.1,     5.0,    13.0,    22.6,   25.0,      NaN,      0,      0,       0,       0,       0,       0
total,                                                122079,    5218,       0,       0,     1.0,     0.7,     2.2,     4.2,    10.6,    12.5,   26.0,      NaN,      0,      0,       0,       0,       0,       0
total,                                                127669,    5590,       0,       0,     0.9,     0.7,     1.9,     3.4,     7.9,    13.5,   27.0,      NaN,      0,      0,       0,       0,       0,       0
total,                                                132539,    4870,       0,       0,     1.0,     0.7,     2.4,     5.9,    17.2,    24.4,   28.0,      NaN,      0,      0,       0,       0,       0,       0
total,                                                138197,    5658,       0,       0,     0.9,     0.7,     1.9,     4.4,    14.4,    16.2,   29.0,      NaN,      0,      0,       0,       0,       0,       0
total,                                                143118,    4921,       0,       0,     1.0,     0.7,     2.2,     6.3,    19.4,    21.8,   30.0,      NaN,      0,      0,       0,       0,       0,       0
total,                                                148143,    5025,       0,       0,     1.0,     0.7,     2.2,     5.5,    16.8,    18.4,   31.0,      NaN,      0,      0,       0,       0,       0,       0
total,                                                149835,    1692,       0,       0,     2.9,     0.9,     3.3,     9.6,   577.8,   578.3,   32.0,      NaN,      0,      0,       0,       0,       0,       0
total,                                                154706,    4871,       0,       0,     1.0,     0.7,     2.5,     6.0,    13.6,    23.5,   33.0,      NaN,      0,      0,       0,       0,       0,       0
total,                                                160107,    5401,       0,       0,     0.9,     0.7,     2.0,     5.4,    15.3,    24.9,   34.0,      NaN,      0,      0,       0,       0,       0,       0
total,                                                165128,    5021,       0,       0,     1.0,     0.7,     2.4,     5.2,    11.6,    38.5,   35.0,      NaN,      0,      0,       0,       0,       0,       0
total,                                                170607,    5479,       0,       0,     0.9,     0.7,     1.9,     4.3,    12.5,    18.6,   36.0,      NaN,      0,      0,       0,       0,       0,       0
total,                                                175070,    4463,       0,       0,     0.9,     0.7,     1.9,     3.9,    16.4,    22.0,   37.0,      NaN,      0,      0,       0,       0,       0,       0
total,                                                179952,    4882,       0,       0,     1.2,     0.7,     2.5,     4.9,   198.7,   207.0,   38.0,      NaN,      0,      0,       0,       0,       0,       0
total,                                                185763,    5811,       0,       0,     0.9,     0.7,     1.8,     3.3,    11.4,    18.6,   39.0,      NaN,      0,      0,       0,       0,       0,       0
total,                                                190700,    4937,       0,       0,     1.0,     0.7,     2.2,     5.4,    17.4,    27.5,   40.0,      NaN,      0,      0,       0,       0,       0,       0
total,                                                195922,    5222,       0,       0,     0.9,     0.7,     2.2,     4.4,    15.7,    26.5,   41.0,      NaN,      0,      0,       0,       0,       0,       0
total,                                                201255,    5333,       0,       0,     0.9,     0.7,     2.1,     4.4,    12.8,    20.1,   42.0,      NaN,      0,      0,       0,       0,       0,       0
total,                                                206194,    4939,       0,       0,     1.0,     0.7,     2.4,     4.9,    11.9,    22.8,   43.0,      NaN,      0,      0,       0,       0,       0,       0
total,                                                211838,    5644,       0,       0,     0.9,     0.7,     1.8,     3.5,    12.4,    14.2,   44.0,      NaN,      0,      0,       0,       0,       0,       0
total,                                                215148,    3310,       0,       0,     1.0,     0.7,     2.2,     8.3,    18.6,    28.3,   45.0,      NaN,      0,      0,       0,       0,       0,       0
total,                                                220413,    5265,       0,       0,     2.2,     0.7,     2.0,     3.9,    28.4,  1364.2,   47.0,      NaN,      0,      0,       0,       0,       0,       0
total,                                                224887,    4474,       0,       0,     1.1,     0.8,     2.5,     7.3,    21.8,    24.4,   48.0,      NaN,      0,      0,       0,       0,       0,       0
total,                                                230352,    5465,       0,       0,     0.9,     0.7,     1.9,     4.2,    12.1,    14.2,   49.0,      NaN,      0,      0,       0,       0,       0,       0
total,                                                235476,    5124,       0,       0,     1.0,     0.7,     2.1,     5.0,    12.2,    14.7,   50.0,      NaN,      0,      0,       0,       0,       0,       0
total,                                                241126,    5650,       0,       0,     0.9,     0.7,     1.9,     3.4,     9.6,    11.7,   51.0,      NaN,      0,      0,       0,       0,       0,       0
total,                                                246269,    5143,       0,       0,     1.0,     0.7,     2.1,     4.5,    11.2,    20.0,   52.0,      NaN,      0,      0,       0,       0,       0,       0
total,                                                250863,    4594,       0,       0,     1.1,     0.7,     2.1,     5.4,   171.3,   173.9,   53.0,      NaN,      0,      0,       0,       0,       0,       0
total,                                                256430,    5567,       0,       0,     0.9,     0.7,     1.9,     3.7,    12.1,    19.2,   54.0,      NaN,      0,      0,       0,       0,       0,       0
total,                                                261293,    4863,       0,       0,     1.0,     0.7,     2.4,     5.3,    11.5,    20.1,   55.0,      NaN,      0,      0,       0,       0,       0,       0
total,                                                266652,    5359,       0,       0,     0.9,     0.7,     2.1,     3.3,     9.7,    17.4,   56.0,      NaN,      0,      0,       0,       0,       0,       0
total,                                                271496,    4844,       0,       0,     1.0,     0.7,     2.4,     5.3,    12.3,    15.6,   57.0,      NaN,      0,      0,       0,       0,       0,       0
total,                                                277408,    5912,       0,       0,     0.8,     0.7,     1.7,     3.5,    10.7,    12.8,   58.0,      NaN,      0,      0,       0,       0,       0,       0
total,                                                281054,    3646,       0,       0,     0.9,     0.7,     1.7,     3.1,    19.2,    23.2,   59.0,      NaN,      0,      0,       0,       0,       0,       0
total,                                                284362,    3308,       0,       0,     2.1,     0.7,     2.2,     4.6,   742.9,   744.5,   60.0,      NaN,      0,      0,       0,       0,       0,       0
total,                                                290240,    5878,       0,       0,     0.8,     0.7,     1.7,     3.1,     9.7,    13.2,   61.0,      NaN,      0,      0,       0,       0,       0,       0
total,                                                295497,    5257,       0,       0,     0.9,     0.7,     2.1,     4.4,    13.2,    20.1,   62.0,      NaN,      0,      0,       0,       0,       0,       0
total,                                                301518,    6021,       0,       0,     0.8,     0.6,     1.7,     3.3,    11.1,    13.8,   63.0,      NaN,      0,      0,       0,       0,       0,       0
total,                                                306978,    5460,       0,       0,     0.9,     0.7,     2.0,     4.0,     9.6,    13.9,   64.0,      NaN,      0,      0,       0,       0,       0,       0
total,                                                311771,    4793,       0,       0,     1.0,     0.8,     2.4,     5.8,    13.3,    22.6,   65.0,      NaN,      0,      0,       0,       0,       0,       0
total,                                                317562,    5791,       0,       0,     0.9,     0.7,     1.9,     3.2,    10.5,    17.7,   66.0,      NaN,      0,      0,       0,       0,       0,       0
total,                                                321563,    4001,       0,       0,     1.2,     0.7,     2.5,     6.3,   180.2,   182.1,   67.0,      NaN,      0,      0,       0,       0,       0,       0
total,                                                327347,    5784,       0,       0,     0.9,     0.7,     1.9,     3.6,    13.6,    18.2,   68.0,      NaN,      0,      0,       0,       0,       0,       0
total,                                                333251,    5904,       0,       0,     0.8,     0.7,     1.7,     3.1,    12.8,    18.1,   69.0,      NaN,      0,      0,       0,       0,       0,       0
total,                                                338501,    5250,       0,       0,     0.9,     0.7,     2.1,     4.9,    11.7,    17.1,   70.0,      NaN,      0,      0,       0,       0,       0,       0
total,                                                344291,    5790,       0,       0,     0.9,     0.7,     1.9,     3.8,    11.6,    15.8,   71.0,      NaN,      0,      0,       0,       0,       0,       0
total,                                                347329,    3038,       0,       0,     1.0,     0.7,     2.2,     4.6,    14.4,    15.6,   72.0,      NaN,      0,      0,       0,       0,       0,       0
total,                                                349977,    2648,       0,       0,     2.7,     0.7,     2.0,     4.5,   915.9,   917.5,   73.0,      NaN,      0,      0,       0,       0,       0,       0
total,                                                355753,    5776,       0,       0,     0.9,     0.7,     2.0,     3.9,    12.3,    14.1,   74.0,      NaN,      0,      0,       0,       0,       0,       0
total,                                                359939,    4186,       0,       0,     1.2,     0.8,     3.2,     7.3,    14.7,    19.9,   75.0,      NaN,      0,      0,       0,       0,       0,       0
total,                                                364519,    4580,       0,       0,     1.1,     0.8,     2.6,     6.6,    12.3,    13.2,   76.0,      NaN,      0,      0,       0,       0,       0,       0
total,                                                369251,    4732,       0,       0,     1.0,     0.7,     2.6,     5.8,     9.7,    17.5,   77.0,      NaN,      0,      0,       0,       0,       0,       0
total,                                                374642,    5391,       0,       0,     0.9,     0.7,     2.0,     3.8,    15.6,    17.7,   78.0,      NaN,      0,      0,       0,       0,       0,       0
total,                                                380001,    5359,       0,       0,     0.9,     0.7,     2.0,     5.4,     9.6,    10.2,   79.0,      NaN,      0,      0,       0,       0,       0,       0
total,                                                384673,    4672,       0,       0,     1.1,     0.8,     2.6,     5.4,    13.0,    15.2,   80.0,      NaN,      0,      0,       0,       0,       0,       0
total,                                                390257,    5584,       0,       0,     0.9,     0.7,     2.0,     3.6,    12.3,    19.0,   81.0,      NaN,      0,      0,       0,       0,       0,       0
total,                                                394787,    4530,       0,       0,     1.1,     0.7,     2.2,     4.6,   126.4,   127.3,   82.0,      NaN,      0,      0,       0,       0,       0,       0
total,                                                400737,    5950,       0,       0,     0.8,     0.7,     1.7,     3.1,    10.1,    17.3,   83.0,      NaN,      0,      0,       0,       0,       0,       0
total,                                                406163,    5426,       0,       0,     0.9,     0.7,     2.0,     3.9,    12.5,    25.9,   84.0,      NaN,      0,      0,       0,       0,       0,       0
total,                                                411082,    4919,       0,       0,     1.0,     0.7,     2.4,     5.7,    14.3,    22.1,   85.0,      NaN,      0,      0,       0,       0,       0,       0
total,                                                413621,    2539,       0,       0,     1.0,     0.7,     2.1,     4.4,    10.4,    18.4,   86.0,      NaN,      0,      0,       0,       0,       0,       0
total,                                                418448,    4827,       0,       0,     1.6,     0.7,     2.2,     4.6,   572.0,   572.5,   87.0,      NaN,      0,      0,       0,       0,       0,       0
total,                                                424278,    5830,       0,       0,     0.9,     0.7,     1.7,     3.0,    12.1,    17.5,   88.0,      NaN,      0,      0,       0,       0,       0,       0
total,                                                429477,    5199,       0,       0,     1.0,     0.7,     2.2,     5.0,    12.1,    19.8,   89.0,      NaN,      0,      0,       0,       0,       0,       0
total,                                                434694,    5217,       0,       0,     1.0,     0.7,     2.1,     5.8,    19.1,    22.2,   90.0,      NaN,      0,      0,       0,       0,       0,       0
total,                                                440632,    5938,       0,       0,     0.8,     0.7,     1.8,     3.2,    11.6,    19.0,   91.0,      NaN,      0,      0,       0,       0,       0,       0
total,                                                445823,    5191,       0,       0,     1.0,     0.6,     2.6,     6.8,    12.4,    21.8,   92.0,      NaN,      0,      0,       0,       0,       0,       0
total,                                                452322,    6499,       0,       0,     0.8,     0.6,     1.6,     2.8,     9.0,    17.3,   93.0,      NaN,      0,      0,       0,       0,       0,       0
total,                                                456966,    4644,       0,       0,     1.1,     0.7,     2.6,     6.9,    14.0,    21.7,   94.0,      NaN,      0,      0,       0,       0,       0,       0
total,                                                462473,    5507,       0,       0,     0.9,     0.7,     2.0,     4.4,    11.9,    14.7,   95.0,      NaN,      0,      0,       0,       0,       0,       0
total,                                                465023,    2550,       0,       0,     2.0,     0.6,     1.9,     7.1,   448.8,   456.1,   96.0,      NaN,      0,      0,       0,       0,       0,       0
total,                                                468991,    3968,       0,       0,     1.3,     0.8,     2.8,     7.1,   115.1,   139.2,   97.0,      NaN,      0,      0,       0,       0,       0,       0
total,                                                474700,    5709,       0,       0,     0.9,     0.7,     1.8,     3.2,     8.9,    18.6,   98.0,      NaN,      0,      0,       0,       0,       0,       0
total,                                                479329,    4629,       0,       0,     1.1,     0.8,     2.5,     6.0,    13.8,    17.3,   99.0,      NaN,      0,      0,       0,       0,       0,       0
total,                                                483114,    3785,       0,       0,     1.3,     0.7,     2.2,     6.4,   251.3,   253.6,  100.0,      NaN,      0,      0,       0,       0,       0,       0
total,                                                488871,    5757,       0,       0,     0.9,     0.7,     1.8,     3.6,     7.3,    11.6,  101.0,      NaN,      0,      0,       0,       0,       0,       0
total,                                                494249,    5378,       0,       0,     0.9,     0.6,     2.3,     4.8,    13.8,    19.9,  102.0,      NaN,      0,      0,       0,       0,       0,       0
total,                                                500202,    5953,       0,       0,     0.8,     0.7,     1.7,     3.1,    13.6,    22.6,  103.0,      NaN,      0,      0,       0,       0,       0,       0
total,                                                506023,    5821,       0,       0,     0.9,     0.6,     1.9,     3.9,    12.4,    22.7,  104.0,      NaN,      0,      0,       0,       0,       0,       0
total,                                                511851,    5828,       0,       0,     0.9,     0.7,     1.8,     3.7,    11.1,    14.0,  105.0,      NaN,      0,      0,       0,       0,       0,       0
total,                                                517624,    5773,       0,       0,     0.9,     0.7,     1.9,     3.6,     8.2,    10.4,  106.0,      NaN,      0,      0,       0,       0,       0,       0
total,                                                523121,    5497,       0,       0,     0.9,     0.6,     2.1,     5.1,    14.4,    18.7,  107.0,      NaN,      0,      0,       0,       0,       0,       0
total,                                                528822,    5701,       0,       0,     0.9,     0.7,     1.9,     3.4,     7.0,    12.6,  108.0,      NaN,      0,      0,       0,       0,       0,       0
total,                                                533499,    4677,       0,       0,     1.1,     0.7,     2.7,     6.4,    13.3,    16.6,  109.0,      NaN,      0,      0,       0,       0,       0,       0
total,                                                539011,    5512,       0,       0,     0.9,     0.7,     1.9,     3.8,    13.4,    33.6,  110.0,      NaN,      0,      0,       0,       0,       0,       0
total,                                                544554,    5543,       0,       0,     0.9,     0.7,     1.9,     3.9,    12.7,    18.5,  111.0,      NaN,      0,      0,       0,       0,       0,       0
total,                                                546954,    2400,       0,       0,     2.1,     0.8,     2.6,     6.5,   482.9,   484.2,  112.0,      NaN,      0,      0,       0,       0,       0,       0
total,                                                552621,    5667,       0,       0,     0.9,     0.7,     1.9,     3.4,     6.3,    13.9,  113.0,      NaN,      0,      0,       0,       0,       0,       0
total,                                                557278,    4657,       0,       0,     1.1,     0.8,     2.6,     5.8,    10.5,    13.1,  114.0,      NaN,      0,      0,       0,       0,       0,       0
total,                                                562871,    5593,       0,       0,     0.9,     0.7,     1.9,     3.4,    13.2,    16.1,  115.0,      NaN,      0,      0,       0,       0,       0,       0
total,                                                568342,    5471,       0,       0,     0.9,     0.7,     2.0,     4.2,    10.9,    17.1,  116.0,      NaN,      0,      0,       0,       0,       0,       0
total,                                                573096,    4754,       0,       0,     1.0,     0.7,     2.6,     6.3,    12.7,    15.3,  117.0,      NaN,      0,      0,       0,       0,       0,       0
total,                                                578974,    5878,       0,       0,     0.8,     0.7,     1.8,     3.0,     5.3,    10.2,  118.0,      NaN,      0,      0,       0,       0,       0,       0
total,                                                584069,    5095,       0,       0,     1.0,     0.7,     2.1,     4.6,    12.9,    20.5,  119.0,      NaN,      0,      0,       0,       0,       0,       0
total,                                                590048,    5979,       0,       0,     0.8,     0.7,     1.7,     3.0,    11.2,    12.9,  120.0,      NaN,      0,      0,       0,       0,       0,       0
total,                                                595356,    5308,       0,       0,     0.9,     0.7,     2.3,     4.4,    11.7,    15.9,  121.0,      NaN,      0,      0,       0,       0,       0,       0
total,                                                600976,    5620,       0,       0,     0.9,     0.7,     1.9,     3.4,    10.8,    17.0,  122.0,      NaN,      0,      0,       0,       0,       0,       0
total,                                                606548,    5572,       0,       0,     0.9,     0.7,     1.9,     3.4,     9.2,    16.7,  123.0,      NaN,      0,      0,       0,       0,       0,       0
total,                                                610079,    3531,       0,       0,     1.4,     0.8,     2.7,     6.5,   217.7,   244.8,  124.0,      NaN,      0,      0,       0,       0,       0,       0
total,                                                614697,    4618,       0,       0,     1.1,     0.6,     1.8,     3.5,   243.4,   245.2,  125.0,      NaN,      0,      0,       0,       0,       0,       0
total,                                                619609,    4912,       0,       0,     1.0,     0.7,     2.5,     6.1,    13.4,    16.1,  126.0,      NaN,      0,      0,       0,       0,       0,       0
total,                                                625440,    5831,       0,       0,     0.9,     0.7,     1.8,     3.2,    14.2,    19.2,  127.0,      NaN,      0,      0,       0,       0,       0,       0
total,                                                630811,    5371,       0,       0,     0.9,     0.7,     2.1,     4.0,    11.8,    19.1,  128.0,      NaN,      0,      0,       0,       0,       0,       0
total,                                                636154,    5343,       0,       0,     0.9,     0.7,     2.0,     4.6,    12.1,    15.0,  129.0,      NaN,      0,      0,       0,       0,       0,       0
total,                                                641341,    5187,       0,       0,     1.0,     0.7,     2.1,     3.6,     9.3,    15.2,  130.0,      NaN,      0,      0,       0,       0,       0,       0
total,                                                646237,    4896,       0,       0,     1.0,     0.8,     2.4,     4.6,    12.0,    17.0,  131.0,      NaN,      0,      0,       0,       0,       0,       0
total,                                                652011,    5774,       0,       0,     0.9,     0.7,     1.9,     3.5,    13.9,    22.4,  132.0,      NaN,      0,      0,       0,       0,       0,       0
total,                                                657446,    5435,       0,       0,     0.9,     0.7,     2.0,     4.6,    12.0,    19.3,  133.0,      NaN,      0,      0,       0,       0,       0,       0
total,                                                662596,    5150,       0,       0,     1.0,     0.7,     2.2,     5.0,    13.4,    23.2,  134.0,      NaN,      0,      0,       0,       0,       0,       0
total,                                                668352,    5756,       0,       0,     0.9,     0.7,     1.8,     3.5,    11.9,    18.1,  135.0,      NaN,      0,      0,       0,       0,       0,       0
total,                                                672147,    3795,       0,       0,     1.2,     0.7,     3.2,     8.2,    57.0,    89.7,  136.0,      NaN,      0,      0,       0,       0,       0,       0
total,                                                676861,    4714,       0,       0,     1.1,     0.7,     2.2,     5.1,    91.1,   126.7,  137.0,      NaN,      0,      0,       0,       0,       0,       0
total,                                                681047,    4186,       0,       0,     0.9,     0.7,     1.9,     3.6,    30.0,    42.5,  138.0,      NaN,      0,      0,       0,       0,       0,       0
total,                                                686350,    5303,       0,       0,     1.2,     0.6,     2.2,     5.4,    17.9,   285.2,  139.0,      NaN,      0,      0,       0,       0,       0,       0
total,                                                692122,    5772,       0,       0,     0.9,     0.7,     1.8,     3.1,    10.7,    14.1,  140.0,      NaN,      0,      0,       0,       0,       0,       0
total,                                                697005,    4883,       0,       0,     1.0,     0.7,     2.4,     5.0,    14.0,    24.4,  141.0,      NaN,      0,      0,       0,       0,       0,       0
total,                                                702988,    5983,       0,       0,     0.8,     0.7,     1.7,     3.0,     9.3,    17.7,  142.0,      NaN,      0,      0,       0,       0,       0,       0
total,                                                708113,    5125,       0,       0,     1.0,     0.7,     2.1,     4.8,    18.0,    22.2,  143.0,      NaN,      0,      0,       0,       0,       0,       0
total,                                                713074,    4961,       0,       0,     1.0,     0.7,     2.3,     5.6,    11.8,    13.9,  144.0,      NaN,      0,      0,       0,       0,       0,       0
total,                                                718310,    5236,       0,       0,     0.9,     0.7,     2.0,     4.2,    11.1,    16.5,  145.0,      NaN,      0,      0,       0,       0,       0,       0
total,                                                723175,    4865,       0,       0,     1.0,     0.7,     2.3,     6.8,    14.7,    18.4,  146.0,      NaN,      0,      0,       0,       0,       0,       0
total,                                                728930,    5755,       0,       0,     0.9,     0.7,     1.8,     3.8,    11.1,    14.5,  147.0,      NaN,      0,      0,       0,       0,       0,       0
total,                                                734118,    5188,       0,       0,     1.0,     0.7,     2.3,     5.2,    11.3,    13.1,  148.0,      NaN,      0,      0,       0,       0,       0,       0
total,                                                740032,    5914,       0,       0,     0.8,     0.6,     1.9,     4.3,    13.6,    17.6,  149.0,      NaN,      0,      0,       0,       0,       0,       0
total,                                                745620,    5588,       0,       0,     0.9,     0.7,     1.9,     3.1,    10.7,    15.7,  150.0,      NaN,      0,      0,       0,       0,       0,       0
total,                                                749709,    4089,       0,       0,     1.2,     0.7,     2.6,     6.2,   148.6,   151.9,  151.0,      NaN,      0,      0,       0,       0,       0,       0
total,                                                755097,    5388,       0,       0,     0.9,     0.6,     1.7,     3.7,    14.1,   127.7,  152.0,      NaN,      0,      0,       0,       0,       0,       0
total,                                                760794,    5697,       0,       0,     0.9,     0.7,     1.9,     4.0,     8.7,    19.6,  153.0,      NaN,      0,      0,       0,       0,       0,       0
total,                                                765408,    4614,       0,       0,     1.1,     0.7,     2.6,     7.1,    21.0,    31.3,  154.0,      NaN,      0,      0,       0,       0,       0,       0
total,                                                770756,    5348,       0,       0,     0.9,     0.7,     2.0,     4.2,    11.4,    17.4,  155.0,      NaN,      0,      0,       0,       0,       0,       0
total,                                                775545,    4789,       0,       0,     1.0,     0.7,     2.8,     6.2,    15.0,    19.0,  156.0,      NaN,      0,      0,       0,       0,       0,       0
total,                                                781414,    5869,       0,       0,     0.8,     0.6,     1.9,     3.6,    10.6,    23.5,  157.0,      NaN,      0,      0,       0,       0,       0,       0
total,                                                785920,    4506,       0,       0,     1.1,     0.8,     2.8,     7.0,    17.0,    22.4,  158.0,      NaN,      0,      0,       0,       0,       0,       0
total,                                                791581,    5661,       0,       0,     0.9,     0.7,     1.8,     3.5,    14.7,    18.8,  159.0,      NaN,      0,      0,       0,       0,       0,       0
total,                                                797200,    5619,       0,       0,     0.9,     0.7,     1.9,     3.5,     9.8,    12.7,  160.0,      NaN,      0,      0,       0,       0,       0,       0
total,                                                802113,    4913,       0,       0,     1.0,     0.7,     2.5,     5.0,    15.3,    20.5,  161.0,      NaN,      0,      0,       0,       0,       0,       0
total,                                                808039,    5926,       0,       0,     0.8,     0.6,     1.9,     3.2,     9.0,    20.6,  162.0,      NaN,      0,      0,       0,       0,       0,       0
total,                                                812818,    4779,       0,       0,     1.0,     0.8,     2.4,     5.6,    11.8,    13.9,  163.0,      NaN,      0,      0,       0,       0,       0,       0
total,                                                816735,    3917,       0,       0,     1.3,     0.7,     1.9,     3.5,   318.0,   319.3,  164.0,      NaN,      0,      0,       0,       0,       0,       0
total,                                                822612,    5877,       0,       0,     0.8,     0.7,     1.8,     3.2,     9.8,    18.0,  165.0,      NaN,      0,      0,       0,       0,       0,       0
total,                                                827268,    4656,       0,       0,     1.1,     0.6,     2.0,     4.2,   200.5,   204.6,  166.0,      NaN,      0,      0,       0,       0,       0,       0
total,                                                832704,    5436,       0,       0,     0.9,     0.7,     1.9,     4.2,    14.4,    45.3,  167.0,      NaN,      0,      0,       0,       0,       0,       0
total,                                                837130,    4426,       0,       0,     1.1,     0.7,     2.8,     7.4,    17.3,    42.0,  168.0,      NaN,      0,      0,       0,       0,       0,       0
total,                                                842663,    5533,       0,       0,     0.9,     0.7,     2.0,     3.9,    10.7,    18.4,  169.0,      NaN,      0,      0,       0,       0,       0,       0
total,                                                848518,    5855,       0,       0,     0.8,     0.7,     1.8,     3.1,     9.4,    11.5,  170.0,      NaN,      0,      0,       0,       0,       0,       0
total,                                                853845,    5327,       0,       0,     0.9,     0.7,     2.0,     4.2,    11.2,    20.0,  171.0,      NaN,      0,      0,       0,       0,       0,       0
total,                                                859501,    5656,       0,       0,     0.9,     0.7,     1.9,     4.1,     9.5,    15.9,  172.0,      NaN,      0,      0,       0,       0,       0,       0
total,                                                864213,    4712,       0,       0,     1.1,     0.7,     2.6,     5.9,    17.1,    43.9,  173.0,      NaN,      0,      0,       0,       0,       0,       0
total,                                                870113,    5900,       0,       0,     0.8,     0.6,     1.9,     3.5,    11.1,    15.6,  174.0,      NaN,      0,      0,       0,       0,       0,       0
total,                                                875678,    5565,       0,       0,     0.9,     0.7,     1.9,     3.9,    10.9,    19.7,  175.0,      NaN,      0,      0,       0,       0,       0,       0
total,                                                880479,    4801,       0,       0,     1.0,     0.7,     2.4,     5.6,    15.9,    19.3,  176.0,      NaN,      0,      0,       0,       0,       0,       0
total,                                                885575,    5096,       0,       0,     1.0,     0.7,     2.0,     3.9,    11.6,    77.4,  177.0,      NaN,      0,      0,       0,       0,       0,       0
total,                                                890364,    4789,       0,       0,     1.0,     0.7,     2.7,     6.5,    16.0,    18.2,  178.0,      NaN,      0,      0,       0,       0,       0,       0
total,                                                895288,    4924,       0,       0,     0.9,     0.7,     2.2,     5.3,    19.4,    20.3,  179.0,      NaN,      0,      0,       0,       0,       0,       0
total,                                                899103,    3815,       0,       0,     1.4,     0.7,     2.6,    11.3,   201.9,   202.4,  180.0,      NaN,      0,      0,       0,       0,       0,       0
total,                                                903634,    4531,       0,       0,     1.1,     0.7,     2.7,     7.4,    20.7,    26.3,  181.0,      NaN,      0,      0,       0,       0,       0,       0
total,                                                908057,    4423,       0,       0,     1.1,     0.7,     2.4,    12.6,    28.2,    30.9,  182.0,      NaN,      0,      0,       0,       0,       0,       0
total,                                                911897,    3840,       0,       0,     1.3,     0.7,     2.5,     7.8,   196.0,   203.9,  183.0,      NaN,      0,      0,       0,       0,       0,       0
total,                                                917365,    5468,       0,       0,     0.9,     0.7,     2.0,     3.9,    11.8,    13.9,  184.0,      NaN,      0,      0,       0,       0,       0,       0
total,                                                921949,    4584,       0,       0,     1.1,     0.7,     2.8,     6.9,    13.8,    14.9,  185.0,      NaN,      0,      0,       0,       0,       0,       0
total,                                                927242,    5293,       0,       0,     0.9,     0.7,     2.1,     4.9,    14.9,    21.7,  186.0,      NaN,      0,      0,       0,       0,       0,       0
total,                                                932934,    5692,       0,       0,     0.9,     0.7,     1.8,     3.2,    13.0,    16.7,  187.0,      NaN,      0,      0,       0,       0,       0,       0
total,                                                937633,    4699,       0,       0,     1.1,     0.8,     2.5,     5.2,    16.2,    23.4,  188.0,      NaN,      0,      0,       0,       0,       0,       0
total,                                                943392,    5759,       0,       0,     0.9,     0.7,     1.8,     3.6,    11.5,    22.0,  189.0,      NaN,      0,      0,       0,       0,       0,       0
total,                                                948364,    4972,       0,       0,     1.0,     0.7,     2.4,     4.9,    13.0,    17.5,  190.0,      NaN,      0,      0,       0,       0,       0,       0
total,                                                953786,    5422,       0,       0,     0.9,     0.7,     2.0,     4.8,    10.3,    18.2,  191.0,      NaN,      0,      0,       0,       0,       0,       0
total,                                                959847,    6061,       0,       0,     0.8,     0.7,     1.7,     3.1,    10.1,    13.2,  192.0,      NaN,      0,      0,       0,       0,       0,       0
total,                                                964888,    5041,       0,       0,     1.0,     0.7,     2.4,     4.6,     9.9,    23.1,  193.0,      NaN,      0,      0,       0,       0,       0,       0
total,                                                969997,    5109,       0,       0,     1.0,     0.7,     1.8,     3.7,    17.2,   137.6,  194.0,      NaN,      0,      0,       0,       0,       0,       0
total,                                                975259,    5262,       0,       0,     0.9,     0.7,     2.1,     4.7,    11.9,    18.7,  195.0,      NaN,      0,      0,       0,       0,       0,       0
total,                                                980374,    5115,       0,       0,     1.0,     0.7,     1.9,     4.3,    20.4,    68.2,  196.0,      NaN,      0,      0,       0,       0,       0,       0
total,                                                986085,    5711,       0,       0,     0.9,     0.7,     1.8,     4.0,    12.0,    13.3,  197.0,      NaN,      0,      0,       0,       0,       0,       0
total,                                                991338,    5253,       0,       0,     0.9,     0.7,     2.1,     4.6,    12.5,    15.2,  198.0,      NaN,      0,      0,       0,       0,       0,       0
total,                                                996697,    5359,       0,       0,     0.9,     0.7,     2.0,     4.2,    13.2,    22.1,  199.0,      NaN,      0,      0,       0,       0,       0,       0
total,                                               1000000,    5120,       0,       0,     1.0,     0.7,     2.2,     5.3,    11.8,    13.1,  199.6,      NaN,      0,      0,       0,       0,       0,       0


Results:
Op rate                   :    5,009 op/s  [t1.update_tag_properties: 5,009 op/s]
Partition rate            :        0 pk/s  [t1.update_tag_properties: 0 pk/s]
Row rate                  :        0 row/s [t1.update_tag_properties: 0 row/s]
Latency mean              :    1.0 ms [t1.update_tag_properties: 1.0 ms]
Latency median            :    0.7 ms [t1.update_tag_properties: 0.7 ms]
Latency 95th percentile   :    2.1 ms [t1.update_tag_properties: 2.1 ms]
Latency 99th percentile   :    4.6 ms [t1.update_tag_properties: 4.6 ms]
Latency 99.9th percentile :   14.1 ms [t1.update_tag_properties: 14.1 ms]
Latency max               : 1364.2 ms [t1.update_tag_properties: 1,364.2 ms]
Total partitions          :          0 [t1.update_tag_properties: 0]
Total errors              :          0 [t1.update_tag_properties: 0]
Total GC count            : 0
Total GC memory           : 0.000 KiB
Total GC time             :    0.0 seconds
Avg GC time               :    NaN ms
StdDev GC time            :    0.0 ms
Total operation time      : 00:03:19

END
