******************** Stress Settings ********************
Command:
  Type: user
  Count: 100,000
  No Warmup: false
  Consistency Level: LOCAL_ONE
  Target Uncertainty: not applicable
  Command Ratios: {t1.update_tag_properties=1.0}
  Command Clustering Distribution: clustering=gaussian(1..10)
  Profile File(s): t1_tags.yaml
Rate:
  Auto: false
  Thread Count: 5
  OpsPer Sec: 0
Population:
  Distribution: Gaussian:  min=1,max=100000,mean=50000.500000,stdev=16666.500000
  Order: ARBITRARY
  Wrap: false
Insert:
  Revisits: Uniform:  min=1,max=1000000
  Visits: Fixed:  key=1
  Row Population Ratio: Ratio: divisor=1.000000;delegate=Fixed:  key=1
  Batch Type: not batching
Errors:
  Ignore: false
  Tries: 10
Log:
  No Summary: false
  No Settings: false
  File: tags_100K_2_5_threads.log
  Interval Millis: 1000
  Level: NORMAL
Mode:
  API: JAVA_DRIVER_NATIVE
  Connection Style: CQL_PREPARED
  CQL Version: CQL3
  Protocol Version: V5
  Username: null
  Password: null
  Auth Provide Class: null
  Max Pending Per Connection: 128
  Connections Per Host: 8
  Compression: NONE
Node:
  Nodes: [localhost]
  Is White List: false
  Datacenter: null
Schema:
  Keyspace: null
  Replication Strategy: org.apache.cassandra.locator.SimpleStrategy
  Replication Strategy Options: {replication_factor=1}
  Table Compression: null
  Table Compaction Strategy: null
  Table Compaction Strategy Options: {}
Transport:
  truststore=null; truststore-password=null; keystore=null; keystore-password=null; ssl-protocol=TLS; ssl-alg=null; ssl-ciphers=TLS_RSA_WITH_AES_128_CBC_SHA,TLS_RSA_WITH_AES_256_CBC_SHA; 
Port:
  Native Port: 9042
  JMX Port: 7199
Graph:
  File: tags_100K_threads_5.html
  Revision: 2
  Title: NVO_Cassandra_POC_tags_Table_100K_Records_5_Threads
  Operation: USER
TokenRange:
  Wrap: false
  Split Factor: 1

******************** Profile(s) ********************
  Keyspace Name: tagging
  Keyspace CQL: 
***
CREATE KEYSPACE IF NOT EXISTS tagging WITH replication = {'class': 'SimpleStrategy', 'replication_factor': 1};
***

  Table Name: tags
  Table CQL: 
***
CREATE TABLE IF NOT EXISTS tags (
  id uuid PRIMARY KEY,
  owner_id int,
  name text,
  description text,
  properties text
);
***

  Extra Schema Definitions: null
  Generator Configs:
    owner_id: Size: Gaussian:  min=5,max=10,mean=7.500000,stdev=0.833333;Identity: Uniform:  min=1,max=1000000;
    name: Size: Uniform:  min=5,max=200;
    description: Size: Uniform:  min=10,max=100;
    id: Size: Gaussian:  min=5,max=10,mean=7.500000,stdev=0.833333;Identity: Uniform:  min=1,max=10000000;
    properties: Size: Uniform:  min=10,max=50;
  Query Definitions:
    select_tag_by_id: CQL:SELECT * FROM tags WHERE id = ?;Fields:samerow;
    update_tag_properties: CQL:UPDATE tags SET properties = ? WHERE id = ?;Fields:samerow;
    delete_tag_by_id: CQL:DELETE FROM tags WHERE id = ?;Fields:samerow;
    insert_tag: CQL:INSERT INTO tags (id, owner_id, name, description, properties) VALUES (?, ?, ?, ?, ?);Fields:samerow;
  Token Range Queries:
  Insert Settings:
    partitions: fixed(1)
    select: fixed(1)/500
    batchtype: UNLOGGED
Generating batches with [1..1] partitions and [0..0] rows (of [1..1] total rows in the partitions)

Sleeping 2s...
Warming up t1.update_tag_properties with 25000 iterations...
Running [t1.update_tag_properties] with 5 threads for 100000 iteration
type                                               total ops,    op/s,    pk/s,   row/s,    mean,     med,     .95,     .99,    .999,     max,   time,   stderr, errors,  gc: #,  max ms,  sum ms,  sdv ms,      mb
total,                                                  3784,    3784,       0,       0,     1.3,     0.8,     3.7,    10.5,    19.5,    21.8,    1.0,      NaN,      0,      0,       0,       0,       0,       0
total,                                                  8274,    4490,       0,       0,     1.1,     0.7,     2.4,     8.8,    27.6,    37.7,    2.0,      NaN,      0,      0,       0,       0,       0,       0
total,                                                 12456,    4182,       0,       0,     1.2,     0.8,     3.0,     7.6,    19.1,    24.1,    3.0,      NaN,      0,      0,       0,       0,       0,       0
total,                                                 17553,    5097,       0,       0,     1.0,     0.7,     2.3,     5.1,     8.0,    11.8,    4.0,      NaN,      0,      0,       0,       0,       0,       0
total,                                                 22285,    4732,       0,       0,     1.0,     0.8,     2.4,     4.9,    13.9,    18.6,    5.0,      NaN,      0,      0,       0,       0,       0,       0
total,                                                 26421,    4136,       0,       0,     1.2,     0.8,     3.0,     6.6,    23.4,    85.7,    6.0,      NaN,      0,      0,       0,       0,       0,       0
total,                                                 31587,    5166,       0,       0,     1.0,     0.7,     2.2,     4.4,    10.3,    17.0,    7.0,      NaN,      0,      0,       0,       0,       0,       0
total,                                                 36834,    5247,       0,       0,     0.9,     0.7,     2.0,     4.1,    10.2,    14.4,    8.0,      NaN,      0,      0,       0,       0,       0,       0
total,                                                 41956,    5122,       0,       0,     1.0,     0.7,     2.1,     5.0,    13.2,    17.6,    9.0,      NaN,      0,      0,       0,       0,       0,       0
total,                                                 47812,    5856,       0,       0,     0.8,     0.7,     1.9,     3.9,    10.1,    17.1,   10.0,      NaN,      0,      0,       0,       0,       0,       0
total,                                                 52732,    4920,       0,       0,     1.0,     0.7,     2.3,     4.8,    11.1,    28.9,   11.0,      NaN,      0,      0,       0,       0,       0,       0
total,                                                 58339,    5607,       0,       0,     0.9,     0.7,     1.8,     3.7,    15.5,    64.3,   12.0,      NaN,      0,      0,       0,       0,       0,       0
total,                                                 63179,    4840,       0,       0,     1.0,     0.7,     2.6,     6.0,    17.0,    20.7,   13.0,      NaN,      0,      0,       0,       0,       0,       0
total,                                                 69045,    5866,       0,       0,     0.8,     0.6,     1.9,     3.4,    10.4,    17.5,   14.0,      NaN,      0,      0,       0,       0,       0,       0
total,                                                 74508,    5463,       0,       0,     0.9,     0.7,     1.8,     3.3,    12.8,    81.4,   15.0,      NaN,      0,      0,       0,       0,       0,       0
total,                                                 79771,    5263,       0,       0,     0.9,     0.7,     2.3,     5.1,    11.7,    20.6,   16.0,      NaN,      0,      0,       0,       0,       0,       0
total,                                                 85259,    5488,       0,       0,     0.9,     0.7,     1.9,     4.3,    15.6,    17.6,   17.0,      NaN,      0,      0,       0,       0,       0,       0
total,                                                 89249,    3990,       0,       0,     1.2,     0.8,     2.9,     9.8,    18.3,    20.5,   18.0,      NaN,      0,      0,       0,       0,       0,       0
total,                                                 93765,    4516,       0,       0,     1.1,     0.8,     2.5,     6.9,    17.0,    18.1,   19.0,      NaN,      0,      0,       0,       0,       0,       0
total,                                                 98625,    4860,       0,       0,     1.0,     0.7,     2.3,     7.1,    16.7,    19.8,   20.0,      NaN,      0,      0,       0,       0,       0,       0
total,                                                100000,    4309,       0,       0,     1.1,     0.8,     3.5,     7.8,    10.9,    11.0,   20.3,      NaN,      0,      0,       0,       0,       0,       0


Results:
Op rate                   :    4,921 op/s  [t1.update_tag_properties: 4,921 op/s]
Partition rate            :        0 pk/s  [t1.update_tag_properties: 0 pk/s]
Row rate                  :        0 row/s [t1.update_tag_properties: 0 row/s]
Latency mean              :    1.0 ms [t1.update_tag_properties: 1.0 ms]
Latency median            :    0.7 ms [t1.update_tag_properties: 0.7 ms]
Latency 95th percentile   :    2.3 ms [t1.update_tag_properties: 2.3 ms]
Latency 99th percentile   :    5.5 ms [t1.update_tag_properties: 5.5 ms]
Latency 99.9th percentile :   16.1 ms [t1.update_tag_properties: 16.1 ms]
Latency max               :   85.7 ms [t1.update_tag_properties: 85.7 ms]
Total partitions          :          0 [t1.update_tag_properties: 0]
Total errors              :          0 [t1.update_tag_properties: 0]
Total GC count            : 0
Total GC memory           : 0.000 KiB
Total GC time             :    0.0 seconds
Avg GC time               :    NaN ms
StdDev GC time            :    0.0 ms
Total operation time      : 00:00:20

END
