******************** Stress Settings ********************
Command:
  Type: user
  Count: 100,000
  No Warmup: false
  Consistency Level: LOCAL_ONE
  Target Uncertainty: not applicable
  Command Ratios: {t1.select_tag_by_id=1.0}
  Command Clustering Distribution: clustering=gaussian(1..10)
  Profile File(s): t1_tags.yaml
Rate:
  Auto: false
  Thread Count: 5
  OpsPer Sec: 0
Population:
  Distribution: Gaussian:  min=1,max=100000,mean=50000.500000,stdev=16666.500000
  Order: ARBITRARY
  Wrap: false
Insert:
  Revisits: Uniform:  min=1,max=1000000
  Visits: Fixed:  key=1
  Row Population Ratio: Ratio: divisor=1.000000;delegate=Fixed:  key=1
  Batch Type: not batching
Errors:
  Ignore: false
  Tries: 10
Log:
  No Summary: false
  No Settings: false
  File: tags_100K_1_5_threads.log
  Interval Millis: 1000
  Level: NORMAL
Mode:
  API: JAVA_DRIVER_NATIVE
  Connection Style: CQL_PREPARED
  CQL Version: CQL3
  Protocol Version: V5
  Username: null
  Password: null
  Auth Provide Class: null
  Max Pending Per Connection: 128
  Connections Per Host: 8
  Compression: NONE
Node:
  Nodes: [localhost]
  Is White List: false
  Datacenter: null
Schema:
  Keyspace: null
  Replication Strategy: org.apache.cassandra.locator.SimpleStrategy
  Replication Strategy Options: {replication_factor=1}
  Table Compression: null
  Table Compaction Strategy: null
  Table Compaction Strategy Options: {}
Transport:
  truststore=null; truststore-password=null; keystore=null; keystore-password=null; ssl-protocol=TLS; ssl-alg=null; ssl-ciphers=TLS_RSA_WITH_AES_128_CBC_SHA,TLS_RSA_WITH_AES_256_CBC_SHA; 
Port:
  Native Port: 9042
  JMX Port: 7199
Graph:
  File: tags_100K_threads_5.html
  Revision: 1
  Title: NVO_Cassandra_POC_tags_Table_100K_Records_5_Threads
  Operation: USER
TokenRange:
  Wrap: false
  Split Factor: 1

******************** Profile(s) ********************
  Keyspace Name: tagging
  Keyspace CQL: 
***
CREATE KEYSPACE IF NOT EXISTS tagging WITH replication = {'class': 'SimpleStrategy', 'replication_factor': 1};
***

  Table Name: tags
  Table CQL: 
***
CREATE TABLE IF NOT EXISTS tags (
  id uuid PRIMARY KEY,
  owner_id int,
  name text,
  description text,
  properties text
);
***

  Extra Schema Definitions: null
  Generator Configs:
    owner_id: Size: Gaussian:  min=5,max=10,mean=7.500000,stdev=0.833333;Identity: Uniform:  min=1,max=1000000;
    name: Size: Uniform:  min=5,max=200;
    description: Size: Uniform:  min=10,max=100;
    id: Size: Gaussian:  min=5,max=10,mean=7.500000,stdev=0.833333;Identity: Uniform:  min=1,max=10000000;
    properties: Size: Uniform:  min=10,max=50;
  Query Definitions:
    select_tag_by_id: CQL:SELECT * FROM tags WHERE id = ?;Fields:samerow;
    update_tag_properties: CQL:UPDATE tags SET properties = ? WHERE id = ?;Fields:samerow;
    delete_tag_by_id: CQL:DELETE FROM tags WHERE id = ?;Fields:samerow;
    insert_tag: CQL:INSERT INTO tags (id, owner_id, name, description, properties) VALUES (?, ?, ?, ?, ?);Fields:samerow;
  Token Range Queries:
  Insert Settings:
    partitions: fixed(1)
    select: fixed(1)/500
    batchtype: UNLOGGED
Generating batches with [1..1] partitions and [0..0] rows (of [1..1] total rows in the partitions)

Sleeping 2s...
Warming up t1.select_tag_by_id with 25000 iterations...
Running [t1.select_tag_by_id] with 5 threads for 100000 iteration
type                                               total ops,    op/s,    pk/s,   row/s,    mean,     med,     .95,     .99,    .999,     max,   time,   stderr, errors,  gc: #,  max ms,  sum ms,  sdv ms,      mb
total,                                                  3114,    3114,    2382,    2382,     1.5,     0.9,     3.8,    11.8,    20.0,    20.6,    1.0,  0.00000,      0,      0,       0,       0,       0,       0
total,                                                  6881,    3767,    2868,    2868,     1.3,     0.7,     3.2,    12.8,    29.0,    31.1,    2.0,  0.06923,      0,      0,       0,       0,       0,       0
total,                                                 11006,    4125,    3194,    3194,     1.2,     0.8,     2.7,     7.8,    24.4,    31.5,    3.0,  0.07101,      0,      0,       0,       0,       0,       0
total,                                                 14895,    3889,    3001,    3001,     1.3,     0.8,     3.6,    11.2,    22.3,    26.2,    4.0,  0.05416,      0,      0,       0,       0,       0,       0
total,                                                 19090,    4195,    3205,    3205,     1.0,     0.7,     2.2,     7.7,    17.7,    18.2,    5.0,  0.04652,      0,      0,       0,       0,       0,       0
total,                                                 21541,    2451,    1865,    1865,     2.3,     0.8,     2.9,     7.8,   595.1,   597.2,    6.0,  0.08329,      0,      0,       0,       0,       0,       0
total,                                                 26519,    4978,    3778,    3778,     1.0,     0.7,     2.3,     5.0,    12.9,    13.5,    7.0,  0.07303,      0,      0,       0,       0,       0,       0
total,                                                 31499,    4980,    3739,    3739,     1.0,     0.7,     2.2,     4.9,    12.5,    18.2,    8.0,  0.06472,      0,      0,       0,       0,       0,       0
total,                                                 35427,    3928,    3005,    3005,     1.3,     0.8,     3.7,     8.5,    20.2,    25.6,    9.0,  0.05904,      0,      0,       0,       0,       0,       0
total,                                                 40416,    4989,    3743,    3743,     1.0,     0.7,     2.3,     4.9,    17.5,    32.4,   10.0,  0.05412,      0,      0,       0,       0,       0,       0
total,                                                 45209,    4793,    3691,    3691,     1.0,     0.8,     2.5,     5.0,    11.7,    14.6,   11.0,  0.04944,      0,      0,       0,       0,       0,       0
total,                                                 49558,    4349,    3317,    3317,     1.1,     0.7,     2.2,     6.8,   125.0,   127.7,   12.0,  0.04564,      0,      0,       0,       0,       0,       0
total,                                                 54973,    5415,    4140,    4140,     0.9,     0.7,     2.0,     3.7,     7.8,    16.5,   13.0,  0.04415,      0,      0,       0,       0,       0,       0
total,                                                 59594,    4621,    3521,    3521,     1.1,     0.8,     2.5,     5.8,    12.3,    22.0,   14.0,  0.04096,      0,      0,       0,       0,       0,       0
total,                                                 64795,    5201,    3948,    3948,     1.0,     0.8,     2.1,     3.8,     9.0,    12.7,   15.0,  0.03878,      0,      0,       0,       0,       0,       0
total,                                                 69577,    4782,    3648,    3648,     1.0,     0.8,     2.4,     4.9,    12.5,    15.0,   16.0,  0.03634,      0,      0,       0,       0,       0,       0
total,                                                 74365,    4788,    3696,    3696,     1.0,     0.7,     2.2,     5.3,    92.3,    95.1,   17.0,  0.03484,      0,      0,       0,       0,       0,       0
total,                                                 78961,    4596,    3519,    3519,     1.1,     0.8,     2.5,     6.9,    16.4,    18.6,   18.0,  0.03292,      0,      0,       0,       0,       0,       0
total,                                                 83613,    4652,    3538,    3538,     1.1,     0.8,     2.6,     5.4,    12.2,    34.2,   19.0,  0.03117,      0,      0,       0,       0,       0,       0
total,                                                 89073,    5460,    4172,    4172,     0.9,     0.7,     2.0,     3.7,     9.8,    15.1,   20.0,  0.03052,      0,      0,       0,       0,       0,       0
total,                                                 93364,    4291,    3300,    3300,     1.2,     0.8,     3.0,     7.6,    12.4,    15.8,   21.0,  0.02942,      0,      0,       0,       0,       0,       0
total,                                                 98683,    5319,    4057,    4057,     0.9,     0.7,     2.0,     3.5,    10.5,    12.6,   22.0,  0.02851,      0,      0,       0,       0,       0,       0
total,                                                100000,    5140,    3907,    3907,     1.0,     0.7,     2.2,     4.2,    12.0,    13.1,   22.3,  0.02765,      0,      0,       0,       0,       0,       0


Results:
Op rate                   :    4,493 op/s  [t1.select_tag_by_id: 4,493 op/s]
Partition rate            :    3,430 pk/s  [t1.select_tag_by_id: 3,430 pk/s]
Row rate                  :    3,430 row/s [t1.select_tag_by_id: 3,430 row/s]
Latency mean              :    1.1 ms [t1.select_tag_by_id: 1.1 ms]
Latency median            :    0.8 ms [t1.select_tag_by_id: 0.8 ms]
Latency 95th percentile   :    2.5 ms [t1.select_tag_by_id: 2.5 ms]
Latency 99th percentile   :    6.3 ms [t1.select_tag_by_id: 6.3 ms]
Latency 99.9th percentile :   18.2 ms [t1.select_tag_by_id: 18.2 ms]
Latency max               :  597.2 ms [t1.select_tag_by_id: 597.2 ms]
Total partitions          :     76,328 [t1.select_tag_by_id: 76,328]
Total errors              :          0 [t1.select_tag_by_id: 0]
Total GC count            : 0
Total GC memory           : 0.000 KiB
Total GC time             :    0.0 seconds
Avg GC time               :    NaN ms
StdDev GC time            :    0.0 ms
Total operation time      : 00:00:22

END
