******************** Stress Settings ********************
Command:
  Type: user
  Count: 1,000,000
  No Warmup: false
  Consistency Level: LOCAL_ONE
  Target Uncertainty: not applicable
  Command Ratios: {t1.delete_tag_by_id=1.0}
  Command Clustering Distribution: clustering=gaussian(1..10)
  Profile File(s): t1_tags.yaml
Rate:
  Auto: false
  Thread Count: 5
  OpsPer Sec: 0
Population:
  Distribution: Gaussian:  min=1,max=1000000,mean=500000.500000,stdev=166666.500000
  Order: ARBITRARY
  Wrap: false
Insert:
  Revisits: Uniform:  min=1,max=1000000
  Visits: Fixed:  key=1
  Row Population Ratio: Ratio: divisor=1.000000;delegate=Fixed:  key=1
  Batch Type: not batching
Errors:
  Ignore: false
  Tries: 10
Log:
  No Summary: false
  No Settings: false
  File: tags_1M_3_5_threads.log
  Interval Millis: 1000
  Level: NORMAL
Mode:
  API: JAVA_DRIVER_NATIVE
  Connection Style: CQL_PREPARED
  CQL Version: CQL3
  Protocol Version: V5
  Username: null
  Password: null
  Auth Provide Class: null
  Max Pending Per Connection: 128
  Connections Per Host: 8
  Compression: NONE
Node:
  Nodes: [localhost]
  Is White List: false
  Datacenter: null
Schema:
  Keyspace: null
  Replication Strategy: org.apache.cassandra.locator.SimpleStrategy
  Replication Strategy Options: {replication_factor=1}
  Table Compression: null
  Table Compaction Strategy: null
  Table Compaction Strategy Options: {}
Transport:
  truststore=null; truststore-password=null; keystore=null; keystore-password=null; ssl-protocol=TLS; ssl-alg=null; ssl-ciphers=TLS_RSA_WITH_AES_128_CBC_SHA,TLS_RSA_WITH_AES_256_CBC_SHA; 
Port:
  Native Port: 9042
  JMX Port: 7199
Graph:
  File: tags_1M_threads_5.html
  Revision: 3
  Title: NVO_Cassandra_POC_tags_Table_1M_Records_5_Threads
  Operation: USER
TokenRange:
  Wrap: false
  Split Factor: 1

******************** Profile(s) ********************
  Keyspace Name: tagging
  Keyspace CQL: 
***
CREATE KEYSPACE IF NOT EXISTS tagging WITH replication = {'class': 'SimpleStrategy', 'replication_factor': 1};
***

  Table Name: tags
  Table CQL: 
***
CREATE TABLE IF NOT EXISTS tags (
  id uuid PRIMARY KEY,
  owner_id int,
  name text,
  description text,
  properties text
);
***

  Extra Schema Definitions: null
  Generator Configs:
    owner_id: Size: Gaussian:  min=5,max=10,mean=7.500000,stdev=0.833333;Identity: Uniform:  min=1,max=1000000;
    name: Size: Uniform:  min=5,max=200;
    description: Size: Uniform:  min=10,max=100;
    id: Size: Gaussian:  min=5,max=10,mean=7.500000,stdev=0.833333;Identity: Uniform:  min=1,max=10000000;
    properties: Size: Uniform:  min=10,max=50;
  Query Definitions:
    select_tag_by_id: CQL:SELECT * FROM tags WHERE id = ?;Fields:samerow;
    update_tag_properties: CQL:UPDATE tags SET properties = ? WHERE id = ?;Fields:samerow;
    delete_tag_by_id: CQL:DELETE FROM tags WHERE id = ?;Fields:samerow;
    insert_tag: CQL:INSERT INTO tags (id, owner_id, name, description, properties) VALUES (?, ?, ?, ?, ?);Fields:samerow;
  Token Range Queries:
  Insert Settings:
    partitions: fixed(1)
    select: fixed(1)/500
    batchtype: UNLOGGED
Generating batches with [1..1] partitions and [0..0] rows (of [1..1] total rows in the partitions)

Sleeping 2s...
Warming up t1.delete_tag_by_id with 50000 iterations...
Running [t1.delete_tag_by_id] with 5 threads for 1000000 iteration
type                                               total ops,    op/s,    pk/s,   row/s,    mean,     med,     .95,     .99,    .999,     max,   time,   stderr, errors,  gc: #,  max ms,  sum ms,  sdv ms,      mb
total,                                                  3737,    3737,       0,       0,     0.9,     0.7,     1.8,     7.1,    18.1,    20.5,    1.0,      NaN,      0,      0,       0,       0,       0,       0
total,                                                  9037,    5300,       0,       0,     0.9,     0.7,     1.9,     6.2,    15.9,    16.8,    2.0,      NaN,      0,      0,       0,       0,       0,       0
total,                                                 14660,    5623,       0,       0,     0.9,     0.6,     2.1,     5.2,    13.9,    18.2,    3.0,      NaN,      0,      0,       0,       0,       0,       0
total,                                                 20515,    5855,       0,       0,     0.8,     0.6,     1.7,     3.8,    19.3,    30.5,    4.0,      NaN,      0,      0,       0,       0,       0,       0
total,                                                 25630,    5115,       0,       0,     1.0,     0.7,     2.4,     5.7,    12.7,    17.7,    5.0,      NaN,      0,      0,       0,       0,       0,       0
total,                                                 31344,    5714,       0,       0,     0.9,     0.7,     1.8,     4.2,    13.0,    24.1,    6.0,      NaN,      0,      0,       0,       0,       0,       0
total,                                                 37506,    6162,       0,       0,     0.8,     0.6,     1.7,     4.0,    11.9,    13.9,    7.0,      NaN,      0,      0,       0,       0,       0,       0
total,                                                 42987,    5481,       0,       0,     0.9,     0.6,     2.1,     5.8,    15.2,    23.0,    8.0,      NaN,      0,      0,       0,       0,       0,       0
total,                                                 48864,    5877,       0,       0,     0.8,     0.6,     1.8,     3.6,    12.7,    38.7,    9.0,      NaN,      0,      0,       0,       0,       0,       0
total,                                                 54234,    5370,       0,       0,     0.9,     0.7,     2.2,     5.0,    11.6,    20.7,   10.0,      NaN,      0,      0,       0,       0,       0,       0
total,                                                 60261,    6027,       0,       0,     0.8,     0.7,     1.7,     3.1,     9.3,    13.7,   11.0,      NaN,      0,      0,       0,       0,       0,       0
total,                                                 64932,    4671,       0,       0,     1.1,     0.7,     2.3,    12.1,    18.3,    27.2,   12.0,      NaN,      0,      0,       0,       0,       0,       0
total,                                                 68043,    3111,       0,       0,     1.6,     0.8,     3.7,    18.6,    81.7,    83.3,   13.0,      NaN,      0,      0,       0,       0,       0,       0
total,                                                 71635,    3592,       0,       0,     1.4,     0.8,     2.5,    18.1,   101.0,   103.2,   14.0,      NaN,      0,      0,       0,       0,       0,       0
total,                                                 76169,    4534,       0,       0,     1.1,     0.7,     2.5,     8.7,    17.8,    23.3,   15.0,      NaN,      0,      0,       0,       0,       0,       0
total,                                                 81850,    5681,       0,       0,     0.9,     0.7,     1.8,     3.8,    12.4,    19.5,   16.0,      NaN,      0,      0,       0,       0,       0,       0
total,                                                 87288,    5438,       0,       0,     0.9,     0.7,     2.0,     5.4,    12.6,    20.2,   17.0,      NaN,      0,      0,       0,       0,       0,       0
total,                                                 93175,    5887,       0,       0,     0.8,     0.7,     1.9,     3.3,     8.3,    14.6,   18.0,      NaN,      0,      0,       0,       0,       0,       0
total,                                                 99024,    5849,       0,       0,     0.8,     0.7,     1.8,     3.6,    12.6,    22.4,   19.0,      NaN,      0,      0,       0,       0,       0,       0
total,                                                104504,    5480,       0,       0,     0.9,     0.7,     2.2,     5.2,    12.1,    17.2,   20.0,      NaN,      0,      0,       0,       0,       0,       0
total,                                                110856,    6352,       0,       0,     0.8,     0.6,     1.7,     3.1,    11.6,    17.3,   21.0,      NaN,      0,      0,       0,       0,       0,       0
total,                                                116205,    5349,       0,       0,     0.9,     0.7,     2.1,     4.7,    10.6,    15.8,   22.0,      NaN,      0,      0,       0,       0,       0,       0
total,                                                121823,    5618,       0,       0,     0.9,     0.7,     1.9,     4.1,    12.1,    14.3,   23.0,      NaN,      0,      0,       0,       0,       0,       0
total,                                                127675,    5852,       0,       0,     0.8,     0.7,     1.9,     3.4,    10.6,    17.9,   24.0,      NaN,      0,      0,       0,       0,       0,       0
total,                                                133051,    5376,       0,       0,     0.9,     0.7,     2.1,     4.8,    12.2,    13.7,   25.0,      NaN,      0,      0,       0,       0,       0,       0
total,                                                139030,    5979,       0,       0,     0.8,     0.7,     1.7,     3.4,    11.3,    19.3,   26.0,      NaN,      0,      0,       0,       0,       0,       0
total,                                                144176,    5146,       0,       0,     1.0,     0.6,     2.1,     5.3,    13.5,    73.3,   27.0,      NaN,      0,      0,       0,       0,       0,       0
total,                                                150401,    6225,       0,       0,     0.8,     0.6,     1.7,     3.3,    11.3,    18.8,   28.0,      NaN,      0,      0,       0,       0,       0,       0
total,                                                156077,    5676,       0,       0,     0.9,     0.6,     1.8,     3.8,    14.7,    38.5,   29.0,      NaN,      0,      0,       0,       0,       0,       0
total,                                                161161,    5084,       0,       0,     1.0,     0.7,     2.3,     5.6,    12.3,    25.1,   30.0,      NaN,      0,      0,       0,       0,       0,       0
total,                                                167083,    5922,       0,       0,     0.8,     0.7,     1.8,     2.9,    11.2,    18.0,   31.0,      NaN,      0,      0,       0,       0,       0,       0
total,                                                172037,    4954,       0,       0,     1.0,     0.7,     2.2,     6.4,    16.0,    22.2,   32.0,      NaN,      0,      0,       0,       0,       0,       0
total,                                                178217,    6180,       0,       0,     0.8,     0.6,     1.7,     3.5,     8.7,    17.5,   33.0,      NaN,      0,      0,       0,       0,       0,       0
total,                                                183621,    5404,       0,       0,     0.9,     0.7,     2.2,     4.6,     9.2,    14.4,   34.0,      NaN,      0,      0,       0,       0,       0,       0
total,                                                188989,    5368,       0,       0,     0.9,     0.7,     2.1,     5.7,    15.6,    23.7,   35.0,      NaN,      0,      0,       0,       0,       0,       0
total,                                                195408,    6419,       0,       0,     0.8,     0.6,     1.7,     3.2,    11.1,    16.9,   36.0,      NaN,      0,      0,       0,       0,       0,       0
total,                                                200968,    5560,       0,       0,     0.9,     0.6,     2.2,     4.8,    10.8,    17.7,   37.0,      NaN,      0,      0,       0,       0,       0,       0
total,                                                206993,    6025,       0,       0,     0.8,     0.6,     1.8,     3.2,    10.8,    18.0,   38.0,      NaN,      0,      0,       0,       0,       0,       0
total,                                                212455,    5462,       0,       0,     0.9,     0.7,     2.0,     4.2,    12.0,    14.8,   39.0,      NaN,      0,      0,       0,       0,       0,       0
total,                                                217354,    4899,       0,       0,     1.0,     0.7,     2.3,     6.8,    16.4,    18.9,   40.0,      NaN,      0,      0,       0,       0,       0,       0
total,                                                222875,    5521,       0,       0,     0.9,     0.6,     1.7,     3.4,    22.2,   107.7,   41.0,      NaN,      0,      0,       0,       0,       0,       0
total,                                                227626,    4751,       0,       0,     1.0,     0.7,     2.9,     7.7,    17.4,    20.3,   42.0,      NaN,      0,      0,       0,       0,       0,       0
total,                                                233026,    5400,       0,       0,     0.9,     0.7,     2.2,     4.5,    12.0,    18.1,   43.0,      NaN,      0,      0,       0,       0,       0,       0
total,                                                236782,    3756,       0,       0,     1.3,     0.7,     2.0,     4.5,   340.3,   341.3,   44.0,      NaN,      0,      0,       0,       0,       0,       0
total,                                                242706,    5924,       0,       0,     0.8,     0.6,     1.8,     4.2,    10.0,    17.7,   45.0,      NaN,      0,      0,       0,       0,       0,       0
total,                                                248790,    6084,       0,       0,     0.8,     0.7,     1.7,     2.9,     9.1,    23.1,   46.0,      NaN,      0,      0,       0,       0,       0,       0
total,                                                253416,    4626,       0,       0,     1.1,     0.7,     2.7,     6.0,    15.4,    29.1,   47.0,      NaN,      0,      0,       0,       0,       0,       0
total,                                                259020,    5604,       0,       0,     0.9,     0.7,     1.9,     4.3,    21.2,    23.2,   48.0,      NaN,      0,      0,       0,       0,       0,       0
total,                                                264137,    5117,       0,       0,     1.0,     0.7,     2.3,     4.7,    18.4,    23.8,   49.0,      NaN,      0,      0,       0,       0,       0,       0
total,                                                269879,    5742,       0,       0,     0.9,     0.7,     2.0,     3.4,    13.2,    16.9,   50.0,      NaN,      0,      0,       0,       0,       0,       0
total,                                                275983,    6104,       0,       0,     0.8,     0.6,     1.7,     3.5,     9.2,    16.8,   51.0,      NaN,      0,      0,       0,       0,       0,       0
total,                                                281421,    5438,       0,       0,     0.9,     0.7,     2.0,     5.0,    12.7,    18.0,   52.0,      NaN,      0,      0,       0,       0,       0,       0
total,                                                287318,    5897,       0,       0,     0.8,     0.7,     1.7,     3.1,    11.8,    19.3,   53.0,      NaN,      0,      0,       0,       0,       0,       0
total,                                                292821,    5503,       0,       0,     0.9,     0.7,     2.1,     5.1,    13.2,    18.8,   54.0,      NaN,      0,      0,       0,       0,       0,       0
total,                                                298290,    5469,       0,       0,     0.9,     0.6,     1.8,     4.4,    22.2,    66.8,   55.0,      NaN,      0,      0,       0,       0,       0,       0
total,                                                304495,    6205,       0,       0,     0.8,     0.6,     1.6,     3.7,    18.2,    26.5,   56.0,      NaN,      0,      0,       0,       0,       0,       0
total,                                                309600,    5105,       0,       0,     1.0,     0.7,     2.2,     5.3,    18.6,    28.9,   57.0,      NaN,      0,      0,       0,       0,       0,       0
total,                                                315601,    6001,       0,       0,     0.8,     0.7,     1.7,     3.0,    10.7,    21.3,   58.0,      NaN,      0,      0,       0,       0,       0,       0
total,                                                320483,    4882,       0,       0,     1.0,     0.7,     2.6,     6.2,    19.6,    38.6,   59.0,      NaN,      0,      0,       0,       0,       0,       0
total,                                                326359,    5876,       0,       0,     0.8,     0.6,     1.8,     3.3,    12.4,    45.4,   60.0,      NaN,      0,      0,       0,       0,       0,       0
total,                                                331900,    5541,       0,       0,     0.9,     0.7,     2.1,     4.2,     9.4,    40.7,   61.0,      NaN,      0,      0,       0,       0,       0,       0
total,                                                337550,    5650,       0,       0,     0.9,     0.6,     2.0,     4.8,    12.1,    15.4,   62.0,      NaN,      0,      0,       0,       0,       0,       0
total,                                                343581,    6031,       0,       0,     0.8,     0.7,     1.7,     3.0,     8.1,    10.1,   63.0,      NaN,      0,      0,       0,       0,       0,       0
total,                                                348998,    5417,       0,       0,     0.9,     0.6,     2.2,     5.1,    11.6,    18.3,   64.0,      NaN,      0,      0,       0,       0,       0,       0
total,                                                354608,    5610,       0,       0,     0.9,     0.7,     1.9,     3.5,    13.1,    18.2,   65.0,      NaN,      0,      0,       0,       0,       0,       0
total,                                                360091,    5483,       0,       0,     0.9,     0.7,     2.0,     4.6,    17.6,    28.8,   66.0,      NaN,      0,      0,       0,       0,       0,       0
total,                                                366112,    6021,       0,       0,     0.8,     0.6,     1.7,     4.1,     8.6,    16.4,   67.0,      NaN,      0,      0,       0,       0,       0,       0
total,                                                371860,    5748,       0,       0,     0.8,     0.7,     1.6,     3.3,     9.0,    16.3,   68.0,      NaN,      0,      0,       0,       0,       0,       0
total,                                                376857,    4997,       0,       0,     1.0,     0.7,     2.2,     4.3,    71.6,    75.8,   69.0,      NaN,      0,      0,       0,       0,       0,       0
total,                                                382987,    6130,       0,       0,     0.8,     0.7,     1.7,     3.3,    10.9,    18.0,   70.0,      NaN,      0,      0,       0,       0,       0,       0
total,                                                388277,    5290,       0,       0,     0.9,     0.7,     2.2,     4.5,    12.4,    19.1,   71.0,      NaN,      0,      0,       0,       0,       0,       0
total,                                                394523,    6246,       0,       0,     0.8,     0.6,     1.7,     3.5,     8.0,    15.1,   72.0,      NaN,      0,      0,       0,       0,       0,       0
total,                                                400775,    6252,       0,       0,     0.8,     0.6,     1.6,     2.5,    10.0,    34.3,   73.0,      NaN,      0,      0,       0,       0,       0,       0
total,                                                405305,    4530,       0,       0,     1.1,     0.7,     3.2,     8.4,    18.8,    19.7,   74.0,      NaN,      0,      0,       0,       0,       0,       0
total,                                                410976,    5671,       0,       0,     0.9,     0.7,     1.9,     3.5,    13.0,    17.6,   75.0,      NaN,      0,      0,       0,       0,       0,       0
total,                                                416133,    5157,       0,       0,     1.0,     0.7,     2.3,     4.8,    16.8,    20.2,   76.0,      NaN,      0,      0,       0,       0,       0,       0
total,                                                421971,    5838,       0,       0,     0.9,     0.7,     1.9,     3.8,     8.9,    11.9,   77.0,      NaN,      0,      0,       0,       0,       0,       0
total,                                                427562,    5591,       0,       0,     0.9,     0.7,     1.8,     3.9,    13.2,    56.4,   78.0,      NaN,      0,      0,       0,       0,       0,       0
total,                                                433095,    5533,       0,       0,     0.9,     0.7,     2.0,     4.9,    10.8,    13.9,   79.0,      NaN,      0,      0,       0,       0,       0,       0
total,                                                438776,    5681,       0,       0,     0.9,     0.6,     1.9,     4.5,    12.9,    16.9,   80.0,      NaN,      0,      0,       0,       0,       0,       0
total,                                                443989,    5213,       0,       0,     1.0,     0.7,     2.2,     4.7,     9.4,    11.9,   81.0,      NaN,      0,      0,       0,       0,       0,       0
total,                                                449688,    5699,       0,       0,     0.9,     0.6,     1.6,     3.9,    56.3,    86.5,   82.0,      NaN,      0,      0,       0,       0,       0,       0
total,                                                455425,    5737,       0,       0,     0.9,     0.7,     1.8,     3.1,    11.1,    16.6,   83.0,      NaN,      0,      0,       0,       0,       0,       0
total,                                                460751,    5326,       0,       0,     0.9,     0.7,     2.2,     4.2,     7.7,    14.7,   84.0,      NaN,      0,      0,       0,       0,       0,       0
total,                                                466906,    6155,       0,       0,     0.8,     0.6,     1.7,     2.9,    10.4,    17.7,   85.0,      NaN,      0,      0,       0,       0,       0,       0
total,                                                472456,    5550,       0,       0,     0.9,     0.7,     2.0,     3.9,    12.0,    19.2,   86.0,      NaN,      0,      0,       0,       0,       0,       0
total,                                                478729,    6273,       0,       0,     0.8,     0.6,     1.7,     3.3,     9.3,    14.7,   87.0,      NaN,      0,      0,       0,       0,       0,       0
total,                                                484119,    5390,       0,       0,     0.9,     0.7,     1.9,     4.3,    21.6,    35.1,   88.0,      NaN,      0,      0,       0,       0,       0,       0
total,                                                489491,    5372,       0,       0,     0.9,     0.7,     2.0,     5.1,    15.2,    18.5,   89.0,      NaN,      0,      0,       0,       0,       0,       0
total,                                                495217,    5726,       0,       0,     0.9,     0.7,     1.8,     3.7,    12.3,    14.4,   90.0,      NaN,      0,      0,       0,       0,       0,       0
total,                                                500555,    5338,       0,       0,     0.9,     0.7,     2.2,     5.3,    13.7,    17.4,   91.0,      NaN,      0,      0,       0,       0,       0,       0
total,                                                506243,    5688,       0,       0,     0.9,     0.7,     1.9,     4.8,    10.4,    14.8,   92.0,      NaN,      0,      0,       0,       0,       0,       0
total,                                                511702,    5459,       0,       0,     0.9,     0.7,     2.1,     4.0,     8.2,    10.3,   93.0,      NaN,      0,      0,       0,       0,       0,       0
total,                                                517442,    5740,       0,       0,     0.9,     0.7,     1.8,     4.0,    11.2,    21.3,   94.0,      NaN,      0,      0,       0,       0,       0,       0
total,                                                523707,    6265,       0,       0,     0.8,     0.6,     1.7,     2.8,     5.0,    15.1,   95.0,      NaN,      0,      0,       0,       0,       0,       0
total,                                                528566,    4859,       0,       0,     1.0,     0.7,     2.1,     4.6,    88.9,    94.6,   96.0,      NaN,      0,      0,       0,       0,       0,       0
total,                                                534695,    6129,       0,       0,     0.8,     0.6,     1.6,     3.1,    12.1,    18.4,   97.0,      NaN,      0,      0,       0,       0,       0,       0
total,                                                540353,    5658,       0,       0,     0.9,     0.6,     2.1,     4.6,    11.9,    14.6,   98.0,      NaN,      0,      0,       0,       0,       0,       0
total,                                                546300,    5947,       0,       0,     0.8,     0.7,     1.7,     3.2,     8.9,    15.7,   99.0,      NaN,      0,      0,       0,       0,       0,       0
total,                                                552051,    5751,       0,       0,     0.9,     0.7,     1.8,     3.9,    12.3,    21.3,  100.0,      NaN,      0,      0,       0,       0,       0,       0
total,                                                556232,    4181,       0,       0,     1.2,     0.8,     3.3,     8.2,    15.3,    20.5,  101.0,      NaN,      0,      0,       0,       0,       0,       0
total,                                                561946,    5714,       0,       0,     0.9,     0.7,     1.8,     4.4,    12.1,    16.7,  102.0,      NaN,      0,      0,       0,       0,       0,       0
total,                                                567077,    5131,       0,       0,     1.0,     0.7,     2.2,     5.6,    19.6,    59.2,  103.0,      NaN,      0,      0,       0,       0,       0,       0
total,                                                573838,    6761,       0,       0,     0.7,     0.6,     1.6,     3.3,     9.7,    11.8,  104.0,      NaN,      0,      0,       0,       0,       0,       0
total,                                                580100,    6262,       0,       0,     0.8,     0.6,     1.7,     3.2,     9.3,    16.4,  105.0,      NaN,      0,      0,       0,       0,       0,       0
total,                                                585673,    5573,       0,       0,     0.9,     0.6,     2.1,     5.4,    10.7,    14.3,  106.0,      NaN,      0,      0,       0,       0,       0,       0
total,                                                591524,    5851,       0,       0,     0.8,     0.7,     1.8,     3.6,    10.9,    14.6,  107.0,      NaN,      0,      0,       0,       0,       0,       0
total,                                                596886,    5362,       0,       0,     0.9,     0.6,     2.3,     4.9,    12.3,    15.3,  108.0,      NaN,      0,      0,       0,       0,       0,       0
total,                                                602409,    5523,       0,       0,     0.8,     0.7,     1.8,     3.3,    12.4,    19.8,  109.0,      NaN,      0,      0,       0,       0,       0,       0
total,                                                607483,    5074,       0,       0,     1.0,     0.6,     2.1,     4.8,    24.0,   138.8,  110.0,      NaN,      0,      0,       0,       0,       0,       0
total,                                                613219,    5736,       0,       0,     0.9,     0.7,     1.9,     3.6,    10.7,    17.6,  111.0,      NaN,      0,      0,       0,       0,       0,       0
total,                                                619345,    6126,       0,       0,     0.8,     0.6,     1.7,     3.2,    10.9,    19.7,  112.0,      NaN,      0,      0,       0,       0,       0,       0
total,                                                623655,    4310,       0,       0,     1.2,     0.7,     3.6,     8.3,    14.4,    25.7,  113.0,      NaN,      0,      0,       0,       0,       0,       0
total,                                                629643,    5988,       0,       0,     0.8,     0.7,     1.7,     3.1,    11.6,    12.7,  114.0,      NaN,      0,      0,       0,       0,       0,       0
total,                                                635309,    5666,       0,       0,     0.9,     0.7,     1.9,     3.9,    10.2,    16.2,  115.0,      NaN,      0,      0,       0,       0,       0,       0
total,                                                640768,    5459,       0,       0,     0.9,     0.7,     2.0,     4.8,    11.5,    18.8,  116.0,      NaN,      0,      0,       0,       0,       0,       0
total,                                                646693,    5925,       0,       0,     0.8,     0.7,     1.8,     3.3,    10.6,    15.4,  117.0,      NaN,      0,      0,       0,       0,       0,       0
total,                                                651953,    5260,       0,       0,     0.9,     0.7,     2.1,     5.2,    24.4,    60.1,  118.0,      NaN,      0,      0,       0,       0,       0,       0
total,                                                658256,    6303,       0,       0,     0.8,     0.6,     1.7,     3.0,     7.7,    17.5,  119.0,      NaN,      0,      0,       0,       0,       0,       0
total,                                                663309,    5053,       0,       0,     1.0,     0.7,     2.4,     5.4,    11.9,    17.7,  120.0,      NaN,      0,      0,       0,       0,       0,       0
total,                                                669453,    6144,       0,       0,     0.8,     0.6,     1.8,     4.2,     9.9,    20.5,  121.0,      NaN,      0,      0,       0,       0,       0,       0
total,                                                675311,    5858,       0,       0,     0.8,     0.7,     1.7,     3.2,    12.4,    18.6,  122.0,      NaN,      0,      0,       0,       0,       0,       0
total,                                                680032,    4721,       0,       0,     1.1,     0.7,     2.5,     5.4,    62.4,    69.9,  123.0,      NaN,      0,      0,       0,       0,       0,       0
total,                                                686122,    6090,       0,       0,     0.8,     0.6,     1.8,     3.5,    10.9,    17.4,  124.0,      NaN,      0,      0,       0,       0,       0,       0
total,                                                691493,    5371,       0,       0,     0.9,     0.7,     2.1,     4.3,    11.2,    12.6,  125.0,      NaN,      0,      0,       0,       0,       0,       0
total,                                                697504,    6011,       0,       0,     0.8,     0.6,     1.8,     3.2,     9.7,    12.5,  126.0,      NaN,      0,      0,       0,       0,       0,       0
total,                                                703718,    6214,       0,       0,     0.8,     0.6,     1.7,     3.5,    10.3,    13.4,  127.0,      NaN,      0,      0,       0,       0,       0,       0
total,                                                709357,    5639,       0,       0,     0.9,     0.7,     2.0,     4.3,    17.5,    18.7,  128.0,      NaN,      0,      0,       0,       0,       0,       0
total,                                                715615,    6258,       0,       0,     0.8,     0.6,     1.6,     3.2,     9.0,    13.5,  129.0,      NaN,      0,      0,       0,       0,       0,       0
total,                                                720383,    4768,       0,       0,     1.0,     0.7,     2.5,     6.0,    14.4,    15.7,  130.0,      NaN,      0,      0,       0,       0,       0,       0
total,                                                726393,    6010,       0,       0,     0.8,     0.6,     1.8,     3.4,     9.2,    18.9,  131.0,      NaN,      0,      0,       0,       0,       0,       0
total,                                                732243,    5850,       0,       0,     0.8,     0.7,     1.8,     2.9,     8.6,    10.5,  132.0,      NaN,      0,      0,       0,       0,       0,       0
total,                                                737364,    5121,       0,       0,     1.0,     0.7,     2.1,     5.4,    16.4,    60.0,  133.0,      NaN,      0,      0,       0,       0,       0,       0
total,                                                743764,    6400,       0,       0,     0.8,     0.6,     1.6,     2.5,     7.7,    14.4,  134.0,      NaN,      0,      0,       0,       0,       0,       0
total,                                                748385,    4621,       0,       0,     1.1,     0.7,     3.0,     6.6,    12.4,    17.5,  135.0,      NaN,      0,      0,       0,       0,       0,       0
total,                                                754533,    6148,       0,       0,     0.8,     0.6,     1.6,     3.5,    14.6,    24.0,  136.0,      NaN,      0,      0,       0,       0,       0,       0
total,                                                759009,    4476,       0,       0,     1.1,     0.7,     2.5,     7.4,    83.4,    84.6,  137.0,      NaN,      0,      0,       0,       0,       0,       0
total,                                                764305,    5296,       0,       0,     0.9,     0.7,     2.1,     4.4,    13.7,    35.6,  138.0,      NaN,      0,      0,       0,       0,       0,       0
total,                                                770317,    6012,       0,       0,     0.8,     0.7,     1.7,     3.0,     8.2,    18.0,  139.0,      NaN,      0,      0,       0,       0,       0,       0
total,                                                775565,    5248,       0,       0,     0.9,     0.7,     2.3,     4.8,    11.0,    16.1,  140.0,      NaN,      0,      0,       0,       0,       0,       0
total,                                                781421,    5856,       0,       0,     0.8,     0.7,     1.8,     3.3,    13.5,    17.8,  141.0,      NaN,      0,      0,       0,       0,       0,       0
total,                                                787073,    5652,       0,       0,     0.9,     0.7,     1.9,     3.8,    11.1,    12.0,  142.0,      NaN,      0,      0,       0,       0,       0,       0
total,                                                793248,    6175,       0,       0,     0.8,     0.6,     1.8,     3.9,     9.6,    16.7,  143.0,      NaN,      0,      0,       0,       0,       0,       0
total,                                                799234,    5986,       0,       0,     0.8,     0.7,     1.8,     3.2,    11.2,    12.9,  144.0,      NaN,      0,      0,       0,       0,       0,       0
total,                                                805103,    5869,       0,       0,     0.8,     0.6,     1.9,     3.9,     8.6,    12.5,  145.0,      NaN,      0,      0,       0,       0,       0,       0
total,                                                811776,    6673,       0,       0,     0.7,     0.6,     1.6,     2.7,     7.7,    13.6,  146.0,      NaN,      0,      0,       0,       0,       0,       0
total,                                                817374,    5598,       0,       0,     0.9,     0.6,     1.8,     5.1,    17.4,    59.5,  147.0,      NaN,      0,      0,       0,       0,       0,       0
total,                                                822952,    5578,       0,       0,     0.9,     0.7,     2.0,     3.8,     8.1,    16.0,  148.0,      NaN,      0,      0,       0,       0,       0,       0
total,                                                829335,    6383,       0,       0,     0.8,     0.6,     1.7,     3.0,    11.1,    14.5,  149.0,      NaN,      0,      0,       0,       0,       0,       0
total,                                                833462,    4127,       0,       0,     1.2,     0.7,     2.6,     6.8,   107.0,   116.1,  150.0,      NaN,      0,      0,       0,       0,       0,       0
total,                                                839746,    6284,       0,       0,     0.8,     0.7,     1.6,     2.9,     6.4,    10.1,  151.0,      NaN,      0,      0,       0,       0,       0,       0
total,                                                844880,    5134,       0,       0,     1.0,     0.7,     2.3,     4.4,    11.5,    17.4,  152.0,      NaN,      0,      0,       0,       0,       0,       0
total,                                                850801,    5921,       0,       0,     0.8,     0.7,     1.8,     3.4,     9.5,    16.5,  153.0,      NaN,      0,      0,       0,       0,       0,       0
total,                                                856840,    6039,       0,       0,     0.8,     0.7,     1.7,     3.2,    11.2,    13.0,  154.0,      NaN,      0,      0,       0,       0,       0,       0
total,                                                862377,    5537,       0,       0,     0.9,     0.7,     1.9,     3.9,    12.4,    22.8,  155.0,      NaN,      0,      0,       0,       0,       0,       0
total,                                                868652,    6275,       0,       0,     0.8,     0.6,     1.6,     3.2,     8.6,    11.3,  156.0,      NaN,      0,      0,       0,       0,       0,       0
total,                                                873264,    4612,       0,       0,     1.1,     0.6,     3.1,     8.0,    17.8,    21.0,  157.0,      NaN,      0,      0,       0,       0,       0,       0
total,                                                879477,    6213,       0,       0,     0.8,     0.6,     1.7,     3.4,    12.2,    16.0,  158.0,      NaN,      0,      0,       0,       0,       0,       0
total,                                                885856,    6379,       0,       0,     0.8,     0.6,     1.6,     3.5,    10.4,    17.8,  159.0,      NaN,      0,      0,       0,       0,       0,       0
total,                                                890863,    5007,       0,       0,     1.0,     0.7,     2.5,     6.4,    13.7,    17.5,  160.0,      NaN,      0,      0,       0,       0,       0,       0
total,                                                897149,    6286,       0,       0,     0.8,     0.6,     1.7,     3.3,     9.8,    12.9,  161.0,      NaN,      0,      0,       0,       0,       0,       0
total,                                                901783,    4634,       0,       0,     1.1,     0.7,     2.8,     8.3,    31.4,    43.3,  162.0,      NaN,      0,      0,       0,       0,       0,       0
total,                                                907937,    6154,       0,       0,     0.8,     0.6,     1.6,     2.9,    12.9,    18.1,  163.0,      NaN,      0,      0,       0,       0,       0,       0
total,                                                911273,    3336,       0,       0,     1.5,     0.7,     2.3,     4.5,   383.8,   384.3,  164.0,      NaN,      0,      0,       0,       0,       0,       0
total,                                                915091,    3818,       0,       0,     1.3,     0.8,     4.2,     8.1,    15.0,    18.5,  165.0,      NaN,      0,      0,       0,       0,       0,       0
total,                                                920951,    5860,       0,       0,     0.8,     0.7,     1.7,     3.2,    15.3,    20.7,  166.0,      NaN,      0,      0,       0,       0,       0,       0
total,                                                926090,    5139,       0,       0,     1.0,     0.7,     2.2,     5.9,    17.3,    23.0,  167.0,      NaN,      0,      0,       0,       0,       0,       0
total,                                                931844,    5754,       0,       0,     0.9,     0.7,     1.8,     3.8,    13.0,    29.8,  168.0,      NaN,      0,      0,       0,       0,       0,       0
total,                                                937942,    6098,       0,       0,     0.8,     0.6,     1.7,     3.0,     7.0,    13.4,  169.0,      NaN,      0,      0,       0,       0,       0,       0
total,                                                942782,    4840,       0,       0,     1.0,     0.7,     2.6,     5.5,    14.6,    16.9,  170.0,      NaN,      0,      0,       0,       0,       0,       0
total,                                                948425,    5643,       0,       0,     0.9,     0.7,     1.9,     3.9,    10.9,    31.6,  171.0,      NaN,      0,      0,       0,       0,       0,       0
total,                                                952597,    4172,       0,       0,     1.2,     0.6,     3.4,     8.0,    58.0,   111.1,  172.0,      NaN,      0,      0,       0,       0,       0,       0
total,                                                958537,    5940,       0,       0,     0.8,     0.6,     1.7,     3.6,    10.0,    53.8,  173.0,      NaN,      0,      0,       0,       0,       0,       0
total,                                                964521,    5984,       0,       0,     0.8,     0.6,     1.8,     4.0,    11.2,    16.9,  174.0,      NaN,      0,      0,       0,       0,       0,       0
total,                                                970197,    5676,       0,       0,     0.9,     0.6,     2.0,     4.4,    11.0,    19.7,  175.0,      NaN,      0,      0,       0,       0,       0,       0
total,                                                976676,    6479,       0,       0,     0.8,     0.6,     1.7,     2.8,     7.9,    10.4,  176.0,      NaN,      0,      0,       0,       0,       0,       0
total,                                                981683,    5007,       0,       0,     1.0,     0.7,     2.4,     5.2,    14.0,    19.7,  177.0,      NaN,      0,      0,       0,       0,       0,       0
total,                                                987516,    5833,       0,       0,     0.9,     0.6,     1.7,     3.1,    34.2,    59.4,  178.0,      NaN,      0,      0,       0,       0,       0,       0
total,                                                992874,    5358,       0,       0,     0.9,     0.7,     2.1,     4.7,    11.4,    16.6,  179.0,      NaN,      0,      0,       0,       0,       0,       0
total,                                                997851,    4977,       0,       0,     1.0,     0.7,     2.3,     5.5,    16.7,    27.3,  180.0,      NaN,      0,      0,       0,       0,       0,       0
total,                                               1000000,    5569,       0,       0,     0.9,     0.7,     1.9,     3.6,    10.6,    11.1,  180.4,      NaN,      0,      0,       0,       0,       0,       0


Results:
Op rate                   :    5,544 op/s  [t1.delete_tag_by_id: 5,544 op/s]
Partition rate            :        0 pk/s  [t1.delete_tag_by_id: 0 pk/s]
Row rate                  :        0 row/s [t1.delete_tag_by_id: 0 row/s]
Latency mean              :    0.9 ms [t1.delete_tag_by_id: 0.9 ms]
Latency median            :    0.7 ms [t1.delete_tag_by_id: 0.7 ms]
Latency 95th percentile   :    2.0 ms [t1.delete_tag_by_id: 2.0 ms]
Latency 99th percentile   :    4.4 ms [t1.delete_tag_by_id: 4.4 ms]
Latency 99.9th percentile :   13.1 ms [t1.delete_tag_by_id: 13.1 ms]
Latency max               :  384.3 ms [t1.delete_tag_by_id: 384.3 ms]
Total partitions          :          0 [t1.delete_tag_by_id: 0]
Total errors              :          0 [t1.delete_tag_by_id: 0]
Total GC count            : 0
Total GC memory           : 0.000 KiB
Total GC time             :    0.0 seconds
Avg GC time               :    NaN ms
StdDev GC time            :    0.0 ms
Total operation time      : 00:03:00

END
