******************** Stress Settings ********************
Command:
  Type: user
  Count: 1,000,000
  No Warmup: false
  Consistency Level: LOCAL_ONE
  Target Uncertainty: not applicable
  Command Ratios: {t1.insert=1.0}
  Command Clustering Distribution: clustering=gaussian(1..10)
  Profile File(s): t1_tags.yaml
Rate:
  Auto: false
  Thread Count: 5
  OpsPer Sec: 0
Population:
  Distribution: Gaussian:  min=1,max=1000000,mean=500000.500000,stdev=166666.500000
  Order: ARBITRARY
  Wrap: false
Insert:
  Revisits: Uniform:  min=1,max=1000000
  Visits: Fixed:  key=1
  Row Population Ratio: Ratio: divisor=1.000000;delegate=Fixed:  key=1
  Batch Type: not batching
Errors:
  Ignore: false
  Tries: 10
Log:
  No Summary: false
  No Settings: false
  File: tags_1M_write_5_threads.log
  Interval Millis: 1000
  Level: NORMAL
Mode:
  API: JAVA_DRIVER_NATIVE
  Connection Style: CQL_PREPARED
  CQL Version: CQL3
  Protocol Version: V5
  Username: null
  Password: null
  Auth Provide Class: null
  Max Pending Per Connection: 128
  Connections Per Host: 8
  Compression: NONE
Node:
  Nodes: [localhost]
  Is White List: false
  Datacenter: null
Schema:
  Keyspace: null
  Replication Strategy: org.apache.cassandra.locator.SimpleStrategy
  Replication Strategy Options: {replication_factor=1}
  Table Compression: null
  Table Compaction Strategy: null
  Table Compaction Strategy Options: {}
Transport:
  truststore=null; truststore-password=null; keystore=null; keystore-password=null; ssl-protocol=TLS; ssl-alg=null; ssl-ciphers=TLS_RSA_WITH_AES_128_CBC_SHA,TLS_RSA_WITH_AES_256_CBC_SHA; 
Port:
  Native Port: 9042
  JMX Port: 7199
Graph:
  File: tags_1M_threads_5.html
  Revision: Insert
  Title: NVO_Cassandra_POC_tags_Table_1M_Records_5_Threads
  Operation: USER
TokenRange:
  Wrap: false
  Split Factor: 1

******************** Profile(s) ********************
  Keyspace Name: tagging
  Keyspace CQL: 
***
CREATE KEYSPACE IF NOT EXISTS tagging WITH replication = {'class': 'SimpleStrategy', 'replication_factor': 1};
***

  Table Name: tags
  Table CQL: 
***
CREATE TABLE IF NOT EXISTS tags (
  id uuid PRIMARY KEY,
  owner_id int,
  name text,
  description text,
  properties text
);
***

  Extra Schema Definitions: null
  Generator Configs:
    owner_id: Size: Gaussian:  min=5,max=10,mean=7.500000,stdev=0.833333;Identity: Uniform:  min=1,max=1000000;
    name: Size: Uniform:  min=5,max=200;
    description: Size: Uniform:  min=10,max=100;
    id: Size: Gaussian:  min=5,max=10,mean=7.500000,stdev=0.833333;Identity: Uniform:  min=1,max=10000000;
    properties: Size: Uniform:  min=10,max=50;
  Query Definitions:
    select_tag_by_id: CQL:SELECT * FROM tags WHERE id = ?;Fields:samerow;
    update_tag_properties: CQL:UPDATE tags SET properties = ? WHERE id = ?;Fields:samerow;
    delete_tag_by_id: CQL:DELETE FROM tags WHERE id = ?;Fields:samerow;
    insert_tag: CQL:INSERT INTO tags (id, owner_id, name, description, properties) VALUES (?, ?, ?, ?, ?);Fields:samerow;
  Token Range Queries:
  Insert Settings:
    partitions: fixed(1)
    select: fixed(1)/500
    batchtype: UNLOGGED
Generating batches with [1..1] partitions and [0..0] rows (of [1..1] total rows in the partitions)

Sleeping 2s...
Warming up t1.insert with 50000 iterations...
Running [t1.insert] with 5 threads for 1000000 iteration
type                                               total ops,    op/s,    pk/s,   row/s,    mean,     med,     .95,     .99,    .999,     max,   time,   stderr, errors,  gc: #,  max ms,  sum ms,  sdv ms,      mb
total,                                                  3553,    3553,    3553,    3553,     1.0,     0.7,     2.1,     4.2,    16.7,    28.6,    1.0,  0.00000,      0,      0,       0,       0,       0,       0
total,                                                  6629,    3076,    3076,    3076,     1.1,     0.7,     2.4,     7.2,    23.4,    31.4,    2.0,  0.04986,      0,      0,       0,       0,       0,       0
total,                                                 10500,    3871,    3871,    3871,     1.7,     0.7,     2.3,     6.4,   593.0,   596.1,    3.0,  0.30745,      0,      0,       0,       0,       0,       0
total,                                                 16093,    5593,    5593,    5593,     0.9,     0.7,     1.9,     3.8,    10.0,    13.1,    4.0,  0.22868,      0,      0,       0,       0,       0,       0
total,                                                 20826,    4733,    4733,    4733,     1.0,     0.7,     2.5,     6.2,    18.2,    26.0,    5.0,  0.18873,      0,      0,       0,       0,       0,       0
total,                                                 25917,    5091,    5091,    5091,     1.0,     0.7,     2.1,     4.4,    17.3,    29.0,    6.0,  0.15804,      0,      0,       0,       0,       0,       0
total,                                                 30663,    4746,    4746,    4746,     1.0,     0.7,     2.7,     5.6,     8.9,    11.3,    7.0,  0.13825,      0,      0,       0,       0,       0,       0
total,                                                 34332,    3669,    3669,    3669,     0.9,     0.7,     2.0,     7.2,    13.6,    23.5,    8.0,  0.13030,      0,      0,       0,       0,       0,       0
total,                                                 37226,    2894,    2894,    2894,     4.0,     0.7,     3.3,    17.0,  1573.9,  1575.0,   10.0,  0.32356,      0,      0,       0,       0,       0,       0
total,                                                 41884,    4658,    4658,    4658,     1.1,     0.7,     2.2,     5.3,    22.8,    24.3,   11.0,  0.28681,      0,      0,       0,       0,       0,       0
total,                                                 46981,    5097,    5097,    5097,     1.0,     0.7,     2.3,     5.8,    17.3,    20.3,   12.0,  0.25614,      0,      0,       0,       0,       0,       0
total,                                                 52165,    5184,    5184,    5184,     1.0,     0.7,     2.0,     4.6,    15.9,    21.0,   13.0,  0.23124,      0,      0,       0,       0,       0,       0
total,                                                 57070,    4905,    4905,    4905,     1.0,     0.8,     2.1,     3.9,    10.6,    27.5,   14.0,  0.21131,      0,      0,       0,       0,       0,       0
total,                                                 62103,    5033,    5033,    5033,     1.0,     0.7,     2.3,     5.1,    19.2,    46.3,   15.0,  0.19416,      0,      0,       0,       0,       0,       0
total,                                                 65246,    3143,    3143,    3143,     1.0,     0.7,     2.0,     5.6,    17.0,    17.8,   16.0,  0.18501,      0,      0,       0,       0,       0,       0
total,                                                 69489,    4243,    4243,    4243,     1.6,     0.8,     2.4,     5.4,   473.4,   476.6,   17.0,  0.17314,      0,      0,       0,       0,       0,       0
total,                                                 75077,    5588,    5588,    5588,     0.9,     0.7,     1.9,     4.3,    17.8,    42.5,   18.0,  0.16142,      0,      0,       0,       0,       0,       0
total,                                                 80152,    5075,    5075,    5075,     1.0,     0.7,     2.2,     5.3,     9.8,    17.5,   19.0,  0.15174,      0,      0,       0,       0,       0,       0
total,                                                 85373,    5221,    5221,    5221,     1.0,     0.7,     2.2,     4.2,    10.4,    11.9,   20.0,  0.14305,      0,      0,       0,       0,       0,       0
total,                                                 90963,    5590,    5590,    5590,     0.9,     0.7,     2.0,     3.8,     8.7,    12.1,   21.0,  0.13507,      0,      0,       0,       0,       0,       0
total,                                                 95369,    4406,    4406,    4406,     1.1,     0.8,     2.8,     6.0,    12.0,    13.6,   22.0,  0.12898,      0,      0,       0,       0,       0,       0
total,                                                 98013,    2644,    2644,    2644,     1.9,     0.7,     2.2,     4.9,   499.4,   499.9,   23.0,  0.12266,      0,      0,       0,       0,       0,       0
total,                                                102652,    4639,    4639,    4639,     1.1,     0.8,     2.4,     6.7,    17.7,    26.9,   24.0,  0.11732,      0,      0,       0,       0,       0,       0
total,                                                108570,    5918,    5918,    5918,     0.8,     0.7,     1.8,     3.2,    11.2,    14.0,   25.0,  0.11189,      0,      0,       0,       0,       0,       0
total,                                                114072,    5502,    5502,    5502,     0.9,     0.7,     1.9,     3.4,    11.6,    15.4,   26.0,  0.10701,      0,      0,       0,       0,       0,       0
total,                                                118788,    4716,    4716,    4716,     1.1,     0.8,     2.5,     5.4,    11.3,    12.5,   27.0,  0.10294,      0,      0,       0,       0,       0,       0
total,                                                123686,    4898,    4898,    4898,     1.0,     0.7,     2.1,     4.4,    85.0,    97.9,   28.0,  0.09885,      0,      0,       0,       0,       0,       0
total,                                                124182,     496,     496,     496,     0.7,     0.5,     1.5,     3.6,    11.3,    11.3,   29.0,  0.10330,      0,      0,       0,       0,       0,       0
total,                                                129515,    5333,    5333,    5333,     1.8,     0.7,     1.9,     4.3,    18.2,  1031.8,   30.0, -4.67514,      0,      0,       0,       0,       0,       0
total,                                                135125,    5610,    5610,    5610,     0.9,     0.7,     1.9,     3.7,    10.0,    12.9,   31.0, -5.54630,      0,      0,       0,       0,       0,       0
total,                                                139675,    4550,    4550,    4550,     1.1,     0.8,     2.7,     5.9,    13.5,    17.9,   32.0, -6.53716,      0,      0,       0,       0,       0,       0
total,                                                145071,    5396,    5396,    5396,     0.9,     0.7,     2.0,     3.5,     9.5,    13.6,   33.0, -8.28262,      0,      0,       0,       0,       0,       0
total,                                                150132,    5061,    5061,    5061,     1.0,     0.7,     2.1,     5.0,    12.0,    17.3,   34.0,-11.05810,      0,      0,       0,       0,       0,       0
total,                                                155877,    5745,    5745,    5745,     0.9,     0.7,     1.8,     3.3,    10.5,    14.9,   35.0,-17.80834,      0,      0,       0,       0,       0,       0
total,                                                161294,    5417,    5417,    5417,     0.9,     0.7,     2.0,     3.7,    10.6,    12.3,   36.0,-41.73455,      0,      0,       0,       0,       0,       0
total,                                                162129,     835,     835,     835,     1.6,     0.9,     4.6,    10.3,    44.9,    44.9,   37.0,-53.09555,      0,      0,       0,       0,       0,       0
total,                                                163041,     912,     912,     912,     9.5,     0.7,     3.5,     6.2,  1545.6,  1545.6,   38.0,-34.92257,      0,      0,       0,       0,       0,       0
total,                                                167476,    4435,    4435,    4435,     1.1,     0.8,     2.8,     5.8,    16.1,    20.6,   39.0,-480.25535,      0,      0,       0,       0,       0,       0
total,                                                173016,    5540,    5540,    5540,     0.9,     0.7,     1.9,     3.7,     8.4,    12.9,   40.0, 32.46926,      0,      0,       0,       0,       0,       0
total,                                                178769,    5753,    5753,    5753,     0.9,     0.7,     1.8,     3.2,     7.1,    11.6,   41.0, 15.41738,      0,      0,       0,       0,       0,       0
total,                                                183074,    4305,    4305,    4305,     1.1,     0.8,     2.6,     5.8,    11.4,    14.4,   42.0, 11.06038,      0,      0,       0,       0,       0,       0
total,                                                184680,    1606,    1606,    1606,     3.4,     0.7,     2.3,     4.9,   773.3,   774.4,   43.0,  7.57698,      0,      0,       0,       0,       0,       0
total,                                                189454,    4774,    4774,    4774,     1.0,     0.8,     2.4,     5.1,    10.8,    15.7,   44.0,  6.23838,      0,      0,       0,       0,       0,       0
total,                                                195016,    5562,    5562,    5562,     0.9,     0.7,     2.0,     3.4,     7.4,    14.1,   45.0,  5.17585,      0,      0,       0,       0,       0,       0
total,                                                200478,    5462,    5462,    5462,     0.9,     0.7,     2.0,     3.6,    11.0,    17.4,   46.0,  4.43245,      0,      0,       0,       0,       0,       0
total,                                                204811,    4333,    4333,    4333,     1.1,     0.8,     2.8,     5.9,    13.5,    22.0,   47.0,  3.97710,      0,      0,       0,       0,       0,       0
total,                                                210320,    5509,    5509,    5509,     0.9,     0.7,     1.9,     3.8,    10.7,    13.8,   48.0,  3.52154,      0,      0,       0,       0,       0,       0
total,                                                214953,    4633,    4633,    4633,     1.1,     0.8,     2.7,     5.3,     9.3,    20.4,   49.0,  3.21014,      0,      0,       0,       0,       0,       0
total,                                                219826,    4873,    4873,    4873,     1.0,     0.8,     2.3,     5.9,     9.9,    11.2,   50.0,  2.93946,      0,      0,       0,       0,       0,       0
total,                                                225357,    5531,    5531,    5531,     0.9,     0.7,     1.8,     3.3,     9.8,    12.0,   51.0,  2.68275,      0,      0,       0,       0,       0,       0
total,                                                226681,    1324,    1324,    1324,     3.8,     0.8,     3.7,     8.8,   677.9,   679.0,   52.0,  2.52042,      0,      0,       0,       0,       0,       0
total,                                                232279,    5598,    5598,    5598,     0.9,     0.7,     1.9,     3.3,    10.7,    19.3,   53.0,  2.32602,      0,      0,       0,       0,       0,       0
total,                                                236562,    4283,    4283,    4283,     1.2,     0.8,     3.0,     7.4,    13.7,    16.3,   54.0,  2.19662,      0,      0,       0,       0,       0,       0
total,                                                241630,    5068,    5068,    5068,     0.9,     0.7,     2.0,     3.8,     9.5,    11.1,   55.0,  2.06177,      0,      0,       0,       0,       0,       0
total,                                                242692,    1062,    1062,    1062,     5.0,     0.8,     3.8,    11.1,   783.8,   784.9,   56.0,  1.94667,      0,      0,       0,       0,       0,       0
total,                                                247499,    4807,    4807,    4807,     1.0,     0.7,     2.3,     6.5,    18.0,    26.8,   57.0,  1.84371,      0,      0,       0,       0,       0,       0
total,                                                252464,    4965,    4965,    4965,     1.0,     0.7,     2.5,     5.4,    10.9,    12.8,   58.0,  1.74953,      0,      0,       0,       0,       0,       0
total,                                                257434,    4970,    4970,    4970,     1.0,     0.8,     2.3,     4.4,    10.1,    14.5,   59.0,  1.66431,      0,      0,       0,       0,       0,       0
total,                                                263068,    5634,    5634,    5634,     0.9,     0.7,     1.8,     3.1,     7.5,    12.0,   60.0,  1.57753,      0,      0,       0,       0,       0,       0
total,                                                268416,    5348,    5348,    5348,     0.9,     0.7,     2.0,     3.8,     9.9,    13.3,   61.0,  1.50302,      0,      0,       0,       0,       0,       0
total,                                                273097,    4681,    4681,    4681,     1.1,     0.8,     2.4,     5.4,    27.2,    39.6,   62.0,  1.44175,      0,      0,       0,       0,       0,       0
total,                                                278603,    5506,    5506,    5506,     0.9,     0.7,     1.9,     3.6,    10.0,    13.7,   63.0,  1.37753,      0,      0,       0,       0,       0,       0
total,                                                283820,    5217,    5217,    5217,     1.0,     0.7,     2.2,     6.2,    13.8,    19.3,   64.0,  1.32142,      0,      0,       0,       0,       0,       0
total,                                                289701,    5881,    5881,    5881,     0.8,     0.7,     1.7,     3.2,     9.3,    10.7,   65.0,  1.26398,      0,      0,       0,       0,       0,       0
total,                                                291612,    1911,    1911,    1911,     2.7,     0.7,     2.9,     8.2,   599.3,   600.8,   66.0,  1.22114,      0,      0,       0,       0,       0,       0
total,                                                296686,    5074,    5074,    5074,     1.0,     0.7,     2.3,     4.6,    10.7,    13.6,   67.0,  1.17827,      0,      0,       0,       0,       0,       0
total,                                                300640,    3954,    3954,    3954,     0.9,     0.7,     1.9,     3.4,    10.7,    12.5,   68.0,  1.14687,      0,      0,       0,       0,       0,       0
total,                                                302102,    1462,    1462,    1462,     4.3,     0.8,     2.4,     7.0,   953.7,   954.2,   69.0,  0.95935,      0,      0,       0,       0,       0,       0
total,                                                307606,    5504,    5504,    5504,     0.9,     0.7,     1.9,     3.3,     8.2,     9.3,   70.0,  0.93104,      0,      0,       0,       0,       0,       0
total,                                                312820,    5214,    5214,    5214,     1.0,     0.8,     2.0,     3.6,    10.5,    12.5,   71.0,  0.90563,      0,      0,       0,       0,       0,       0
total,                                                317757,    4937,    4937,    4937,     1.0,     0.8,     2.2,     5.3,    14.9,    18.6,   72.0,  0.88266,      0,      0,       0,       0,       0,       0
total,                                                323139,    5382,    5382,    5382,     0.9,     0.8,     2.0,     3.3,     5.1,    11.7,   73.0,  0.85910,      0,      0,       0,       0,       0,       0
total,                                                327853,    4714,    4714,    4714,     1.1,     0.8,     2.4,     5.4,    12.1,    14.8,   74.0,  0.83939,      0,      0,       0,       0,       0,       0
total,                                                333538,    5685,    5685,    5685,     0.9,     0.7,     1.9,     3.3,     7.7,    11.1,   75.0,  0.81692,      0,      0,       0,       0,       0,       0
total,                                                338411,    4873,    4873,    4873,     1.0,     0.8,     2.4,     4.6,     9.4,    10.7,   76.0,  0.79857,      0,      0,       0,       0,       0,       0
total,                                                343484,    5073,    5073,    5073,     1.0,     0.7,     2.2,     4.5,    13.0,    14.7,   77.0,  0.78026,      0,      0,       0,       0,       0,       0
total,                                                348890,    5406,    5406,    5406,     0.9,     0.7,     2.1,     4.7,    11.1,    16.5,   78.0,  0.76164,      0,      0,       0,       0,       0,       0
total,                                                353941,    5051,    5051,    5051,     1.0,     0.7,     2.2,     5.2,    11.5,    19.0,   79.0,  0.74497,      0,      0,       0,       0,       0,       0
total,                                                355630,    1689,    1689,    1689,     3.0,     0.7,     2.1,     4.3,   717.2,   717.2,   80.0,  0.72656,      0,      0,       0,       0,       0,       0
total,                                                359528,    3898,    3898,    3898,     1.1,     0.8,     2.4,     5.2,    11.8,    14.3,   81.0,  0.71481,      0,      0,       0,       0,       0,       0
total,                                                361257,    1729,    1729,    1729,     3.4,     0.8,     2.1,     4.2,   819.5,   820.5,   82.0,  0.68819,      0,      0,       0,       0,       0,       0
total,                                                366450,    5193,    5193,    5193,     1.0,     0.8,     2.0,     3.6,    10.3,    24.9,   83.0,  0.67411,      0,      0,       0,       0,       0,       0
total,                                                371230,    4780,    4780,    4780,     1.0,     0.8,     2.4,     5.5,    17.7,    24.2,   84.0,  0.66164,      0,      0,       0,       0,       0,       0
total,                                                376060,    4830,    4830,    4830,     1.0,     0.7,     1.9,     3.3,   126.0,   136.3,   85.0,  0.64799,      0,      0,       0,       0,       0,       0
total,                                                380609,    4549,    4549,    4549,     1.1,     0.7,     2.7,     5.2,    72.0,    89.4,   86.0,  0.63624,      0,      0,       0,       0,       0,       0
total,                                                386133,    5524,    5524,    5524,     0.9,     0.7,     1.9,     3.9,    13.3,    37.2,   87.0,  0.62330,      0,      0,       0,       0,       0,       0
total,                                                391355,    5222,    5222,    5222,     1.0,     0.7,     2.1,     3.9,    10.5,    13.3,   88.0,  0.61180,      0,      0,       0,       0,       0,       0
total,                                                394804,    3449,    3449,    3449,     1.4,     0.8,     2.8,     5.6,   244.8,   254.9,   89.0,  0.60207,      0,      0,       0,       0,       0,       0
total,                                                400506,    5702,    5702,    5702,     0.9,     0.7,     1.8,     3.8,     8.6,    12.0,   90.0,  0.59040,      0,      0,       0,       0,       0,       0
total,                                                406221,    5715,    5715,    5715,     0.9,     0.7,     1.8,     2.9,    12.1,    13.8,   91.0,  0.57913,      0,      0,       0,       0,       0,       0
total,                                                410712,    4491,    4491,    4491,     1.1,     0.8,     2.8,     6.1,    15.2,    17.1,   92.0,  0.57051,      0,      0,       0,       0,       0,       0
total,                                                416156,    5444,    5444,    5444,     0.9,     0.7,     2.1,     4.2,     7.8,     9.7,   93.0,  0.56050,      0,      0,       0,       0,       0,       0
total,                                                418523,    2367,    2367,    2367,     1.4,     0.9,     4.0,     7.1,    19.0,    24.2,   94.0,  0.55619,      0,      0,       0,       0,       0,       0
total,                                                419032,     509,     509,     509,    16.2,     0.8,     3.2,     7.0,  1541.4,  1541.4,   96.0,  0.55812,      0,      0,       0,       0,       0,       0
total,                                                422636,    3604,    3604,    3604,     2.3,     0.8,     3.0,     5.6,   881.9,   882.9,   97.0,  0.51441,      0,      0,       0,       0,       0,       0
total,                                                427892,    5256,    5256,    5256,     0.9,     0.7,     2.1,     3.8,     9.9,    14.5,   98.0,  0.50659,      0,      0,       0,       0,       0,       0
total,                                                432724,    4832,    4832,    4832,     1.0,     0.7,     2.7,     5.8,    13.3,    17.7,   99.0,  0.49958,      0,      0,       0,       0,       0,       0
total,                                                437778,    5054,    5054,    5054,     1.0,     0.7,     2.3,     4.4,    15.4,    16.5,  100.0,  0.49246,      0,      0,       0,       0,       0,       0
total,                                                442534,    4756,    4756,    4756,     1.0,     0.7,     2.2,     8.3,    18.7,    20.6,  101.0,  0.48591,      0,      0,       0,       0,       0,       0
total,                                                446306,    3772,    3772,    3772,     1.3,     0.8,     3.8,     9.8,    16.2,    19.2,  102.0,  0.48084,      0,      0,       0,       0,       0,       0
total,                                                451546,    5240,    5240,    5240,     0.9,     0.7,     2.0,     4.0,    13.6,    16.1,  103.0,  0.47401,      0,      0,       0,       0,       0,       0
total,                                                456126,    4580,    4580,    4580,     1.1,     0.8,     2.6,     5.8,    11.2,    12.1,  104.0,  0.46821,      0,      0,       0,       0,       0,       0
total,                                                459431,    3305,    3305,    3305,     1.0,     0.8,     2.1,     3.7,     9.8,    10.6,  105.0,  0.46412,      0,      0,       0,       0,       0,       0
total,                                                461910,    2479,    2479,    2479,     2.7,     0.7,     2.6,     5.9,   863.5,   865.6,  106.0,  0.44425,      0,      0,       0,       0,       0,       0
total,                                                466470,    4560,    4560,    4560,     1.1,     0.8,     2.7,     6.0,    14.9,    20.0,  107.0,  0.43915,      0,      0,       0,       0,       0,       0
total,                                                471678,    5208,    5208,    5208,     1.0,     0.8,     2.0,     3.7,     8.5,    12.2,  108.0,  0.43352,      0,      0,       0,       0,       0,       0
total,                                                476301,    4623,    4623,    4623,     1.1,     0.8,     2.5,     6.0,    14.2,    18.6,  109.0,  0.42860,      0,      0,       0,       0,       0,       0
total,                                                481367,    5066,    5066,    5066,     1.0,     0.8,     2.2,     3.9,    10.4,    13.4,  110.0,  0.42337,      0,      0,       0,       0,       0,       0
total,                                                482052,     685,     685,     685,     7.3,     0.7,     2.7,     6.6,   866.6,   866.6,  111.0,  0.41827,      0,      0,       0,       0,       0,       0
total,                                                487229,    5177,    5177,    5177,     1.0,     0.7,     2.2,     4.6,    10.3,    18.2,  112.0,  0.41316,      0,      0,       0,       0,       0,       0
total,                                                493119,    5890,    5890,    5890,     0.8,     0.7,     1.7,     3.0,     6.6,    11.9,  113.0,  0.40754,      0,      0,       0,       0,       0,       0
total,                                                498571,    5452,    5452,    5452,     0.9,     0.7,     2.1,     4.1,    13.7,    21.7,  114.0,  0.40242,      0,      0,       0,       0,       0,       0
total,                                                503947,    5376,    5376,    5376,     0.9,     0.7,     1.9,     4.0,    10.3,    11.4,  115.0,  0.39754,      0,      0,       0,       0,       0,       0
total,                                                508769,    4822,    4822,    4822,     1.0,     0.8,     2.5,     5.3,     9.9,    12.1,  116.0,  0.39326,      0,      0,       0,       0,       0,       0
total,                                                513009,    4240,    4240,    4240,     1.2,     0.8,     3.1,     6.7,    10.4,    15.8,  117.0,  0.38955,      0,      0,       0,       0,       0,       0
total,                                                518006,    4997,    4997,    4997,     1.0,     0.8,     2.1,     4.3,    11.7,    14.0,  118.0,  0.38528,      0,      0,       0,       0,       0,       0
total,                                                518897,     891,     891,     891,     5.6,     0.8,     2.9,     6.5,   807.9,   807.9,  119.0,  0.38145,      0,      0,       0,       0,       0,       0
total,                                                524847,    5950,    5950,    5950,     0.8,     0.7,     1.8,     3.1,     9.5,    11.5,  120.0,  0.37661,      0,      0,       0,       0,       0,       0
total,                                                526100,    1253,    1253,    1253,     0.9,     0.8,     2.0,     3.1,    10.4,    12.0,  121.0,  0.37565,      0,      0,       0,       0,       0,       0
total,                                                530062,    3962,    3962,    3962,     2.2,     0.8,     3.2,     8.1,   768.1,   771.2,  122.0,  0.36341,      0,      0,       0,       0,       0,       0
total,                                                535257,    5195,    5195,    5195,     1.0,     0.7,     2.2,     4.7,    10.6,    15.9,  123.0,  0.35955,      0,      0,       0,       0,       0,       0
total,                                                540464,    5207,    5207,    5207,     1.0,     0.7,     2.1,     5.5,    16.4,    47.6,  124.0,  0.35565,      0,      0,       0,       0,       0,       0
total,                                                546272,    5808,    5808,    5808,     0.9,     0.7,     1.9,     3.4,     5.2,     9.5,  125.0,  0.35156,      0,      0,       0,       0,       0,       0
total,                                                551430,    5158,    5158,    5158,     1.0,     0.8,     2.0,     3.5,    10.1,    15.6,  126.0,  0.34797,      0,      0,       0,       0,       0,       0
total,                                                556461,    5031,    5031,    5031,     1.0,     0.7,     2.2,     4.4,    14.2,    20.2,  127.0,  0.34453,      0,      0,       0,       0,       0,       0
total,                                                561650,    5189,    5189,    5189,     1.0,     0.8,     2.0,     3.5,     5.4,    11.9,  128.0,  0.34107,      0,      0,       0,       0,       0,       0
total,                                                565873,    4223,    4223,    4223,     1.2,     0.8,     3.0,     6.8,    12.6,    17.0,  129.0,  0.33830,      0,      0,       0,       0,       0,       0
total,                                                571484,    5611,    5611,    5611,     0.9,     0.7,     1.9,     3.3,    11.5,    13.5,  130.0,  0.33470,      0,      0,       0,       0,       0,       0
total,                                                576929,    5445,    5445,    5445,     0.9,     0.7,     2.1,     4.4,     9.9,    19.2,  131.0,  0.33126,      0,      0,       0,       0,       0,       0
total,                                                577787,     858,     858,     858,     5.8,     0.7,     3.4,     9.9,   811.1,   811.1,  132.0,  0.32849,      0,      0,       0,       0,       0,       0
total,                                                583634,    5847,    5847,    5847,     0.8,     0.7,     1.9,     3.2,     7.3,    10.7,  133.0,  0.32497,      0,      0,       0,       0,       0,       0
total,                                                588157,    4523,    4523,    4523,     1.1,     0.8,     2.5,     6.2,    15.7,    17.5,  134.0,  0.32227,      0,      0,       0,       0,       0,       0
total,                                                590025,    1868,    1868,    1868,     1.0,     0.8,     2.4,     6.1,    11.7,    15.3,  135.0,  0.32120,      0,      0,       0,       0,       0,       0
total,                                                594097,    4072,    4072,    4072,     2.0,     0.8,     2.8,     5.3,   693.1,   695.7,  136.0,  0.31406,      0,      0,       0,       0,       0,       0
total,                                                598781,    4684,    4684,    4684,     1.1,     0.8,     2.3,     5.3,    14.2,    56.9,  137.0,  0.31134,      0,      0,       0,       0,       0,       0
total,                                                604367,    5586,    5586,    5586,     0.9,     0.7,     1.8,     3.8,     9.2,    13.2,  138.0,  0.30831,      0,      0,       0,       0,       0,       0
total,                                                608675,    4308,    4308,    4308,     1.1,     0.8,     3.3,     7.3,    12.5,    15.1,  139.0,  0.30600,      0,      0,       0,       0,       0,       0
total,                                                614144,    5469,    5469,    5469,     0.9,     0.7,     1.9,     4.7,    10.3,    16.4,  140.0,  0.30313,      0,      0,       0,       0,       0,       0
total,                                                619053,    4909,    4909,    4909,     1.0,     0.7,     2.4,     4.4,    11.0,    14.1,  141.0,  0.30059,      0,      0,       0,       0,       0,       0
total,                                                624206,    5153,    5153,    5153,     1.0,     0.7,     2.2,     4.4,    11.0,    12.7,  142.0,  0.29798,      0,      0,       0,       0,       0,       0
total,                                                629624,    5418,    5418,    5418,     0.9,     0.7,     1.9,     3.6,     8.5,    10.7,  143.0,  0.29529,      0,      0,       0,       0,       0,       0
total,                                                634556,    4932,    4932,    4932,     1.0,     0.7,     2.5,     5.2,    11.9,    12.9,  144.0,  0.29288,      0,      0,       0,       0,       0,       0
total,                                                636405,    1849,    1849,    1849,     0.9,     0.7,     1.9,     3.5,     8.8,    11.0,  145.0,  0.29201,      0,      0,       0,       0,       0,       0
total,                                                639973,    3568,    3568,    3568,     2.3,     0.8,     2.7,     6.7,   842.5,   843.6,  146.0,  0.28302,      0,      0,       0,       0,       0,       0
total,                                                644554,    4581,    4581,    4581,     1.1,     0.8,     2.7,     5.7,    11.4,    20.1,  147.0,  0.28095,      0,      0,       0,       0,       0,       0
total,                                                650351,    5797,    5797,    5797,     0.9,     0.7,     1.8,     3.1,     5.6,    11.5,  148.0,  0.27841,      0,      0,       0,       0,       0,       0
total,                                                653694,    3343,    3343,    3343,     1.5,     0.8,     2.8,     6.8,   238.7,   244.4,  149.0,  0.27652,      0,      0,       0,       0,       0,       0
total,                                                653760,      66,      66,      66,     1.2,     0.7,     1.9,    15.8,    15.8,    15.8,  150.0,  0.27657,      0,      0,       0,       0,       0,       0
total,                                                658818,    5058,    5058,    5058,     2.0,     0.7,     2.0,     3.8,    12.5,  1062.7,  151.0,  0.34902,      0,      0,       0,       0,       0,       0
total,                                                663933,    5115,    5115,    5115,     1.0,     0.7,     2.4,     5.8,    10.9,    17.5,  152.0,  0.34587,      0,      0,       0,       0,       0,       0
total,                                                669201,    5268,    5268,    5268,     0.9,     0.8,     1.9,     3.8,     9.4,    11.2,  153.0,  0.34270,      0,      0,       0,       0,       0,       0
total,                                                673541,    4340,    4340,    4340,     1.1,     0.8,     2.8,     6.2,    11.8,    16.2,  154.0,  0.34012,      0,      0,       0,       0,       0,       0
total,                                                678926,    5385,    5385,    5385,     0.9,     0.7,     2.0,     4.0,     9.6,    16.0,  155.0,  0.33697,      0,      0,       0,       0,       0,       0
total,                                                683544,    4618,    4618,    4618,     0.9,     0.7,     1.9,     3.6,    13.2,    15.5,  156.0,  0.33432,      0,      0,       0,       0,       0,       0
total,                                                683669,     125,     125,     125,    46.3,     1.4,     9.0,  1118.8,  1118.8,  1118.8,  157.0,  0.33501,      0,      0,       0,       0,       0,       0
total,                                                688649,    4980,    4980,    4980,     1.0,     0.8,     2.3,     5.0,    10.2,    15.1,  158.0,  0.33218,      0,      0,       0,       0,       0,       0
total,                                                694438,    5789,    5789,    5789,     0.9,     0.7,     1.8,     3.3,     7.5,    12.0,  159.0,  0.32898,      0,      0,       0,       0,       0,       0
total,                                                695635,    1197,    1197,    1197,     1.0,     0.7,     2.4,     5.8,    15.3,    15.5,  160.0,  0.32835,      0,      0,       0,       0,       0,       0
total,                                                697998,    2363,    2363,    2363,     3.7,     0.7,     2.3,     9.9,  1051.2,  1052.2,  161.0,  0.36542,      0,      0,       0,       0,       0,       0
total,                                                702969,    4971,    4971,    4971,     1.0,     0.7,     2.3,     4.3,    12.5,    13.9,  162.0,  0.36217,      0,      0,       0,       0,       0,       0
total,                                                707211,    4242,    4242,    4242,     1.2,     0.8,     2.5,     6.2,    76.4,    96.1,  163.0,  0.35919,      0,      0,       0,       0,       0,       0
total,                                                712558,    5347,    5347,    5347,     0.9,     0.7,     1.9,     3.7,    10.6,    18.3,  164.0,  0.35581,      0,      0,       0,       0,       0,       0
total,                                                716920,    4362,    4362,    4362,     1.0,     0.8,     2.1,     4.0,     8.5,    13.8,  165.0,  0.35310,      0,      0,       0,       0,       0,       0
total,                                                721105,    4185,    4185,    4185,     2.5,     0.7,     2.0,     4.7,  1322.3,  1326.4,  167.0,  0.36227,      0,      0,       0,       0,       0,       0
total,                                                725607,    4502,    4502,    4502,     1.1,     0.8,     2.8,     6.9,    13.3,    15.1,  168.0,  0.35938,      0,      0,       0,       0,       0,       0
total,                                                728854,    3247,    3247,    3247,     1.4,     0.7,     2.0,     5.4,   302.3,   313.0,  169.0,  0.35644,      0,      0,       0,       0,       0,       0
total,                                                731872,    3018,    3018,    3018,     1.8,     0.7,     2.4,     6.8,   451.9,   461.6,  170.0,  0.35303,      0,      0,       0,       0,       0,       0
total,                                                733848,    1976,    1976,    1976,     2.5,     0.9,     3.6,    10.2,   482.6,   488.6,  171.0,  0.35070,      0,      0,       0,       0,       0,       0
total,                                                738983,    5135,    5135,    5135,     1.0,     0.7,     2.1,     3.9,    13.2,    16.1,  172.0,  0.34761,      0,      0,       0,       0,       0,       0
total,                                                744225,    5242,    5242,    5242,     0.9,     0.8,     2.0,     3.8,    12.0,    15.7,  173.0,  0.34452,      0,      0,       0,       0,       0,       0
total,                                                748842,    4617,    4617,    4617,     1.1,     0.8,     2.4,     7.6,    18.7,    25.6,  174.0,  0.34182,      0,      0,       0,       0,       0,       0
total,                                                753648,    4806,    4806,    4806,     1.0,     0.8,     2.1,     6.4,    16.5,    19.7,  175.0,  0.33906,      0,      0,       0,       0,       0,       0
total,                                                754730,    1082,    1082,    1082,     1.1,     0.8,     2.3,     8.5,    12.6,    14.5,  176.0,  0.33847,      0,      0,       0,       0,       0,       0
total,                                                755141,     411,     411,     411,    33.6,     1.1,     5.9,  2579.5,  2747.3,  2747.3,  178.0,  0.33870,      0,      0,       0,       0,       0,       0
total,                                                758071,    2930,    2930,    2930,     1.7,     0.9,     5.4,    15.3,    29.8,    31.9,  179.0,  0.33702,      0,      0,       0,       0,       0,       0
total,                                                761381,    3310,    3310,    3310,     1.5,     0.8,     3.2,    25.2,    34.2,    36.2,  180.0,  0.33513,      0,      0,       0,       0,       0,       0
total,                                                764802,    3421,    3421,    3421,     1.5,     0.8,     4.0,    14.3,    28.0,    28.2,  181.0,  0.33322,      0,      0,       0,       0,       0,       0
total,                                                769257,    4455,    4455,    4455,     1.1,     0.7,     2.6,     9.5,    18.3,    20.9,  182.0,  0.33078,      0,      0,       0,       0,       0,       0
total,                                                773335,    4078,    4078,    4078,     1.2,     0.8,     2.8,    11.9,    28.7,    30.2,  183.0,  0.32856,      0,      0,       0,       0,       0,       0
total,                                                777494,    4159,    4159,    4159,     1.2,     0.7,     3.3,     9.2,    20.6,    21.5,  184.0,  0.32635,      0,      0,       0,       0,       0,       0
total,                                                780186,    2692,    2692,    2692,     1.2,     0.8,     2.6,    10.2,    23.2,    24.6,  185.0,  0.32493,      0,      0,       0,       0,       0,       0
total,                                                782754,    2568,    2568,    2568,     2.6,     0.9,     4.3,     9.3,   603.5,   604.5,  186.0,  0.32166,      0,      0,       0,       0,       0,       0
total,                                                787215,    4461,    4461,    4461,     1.1,     0.8,     2.5,     8.1,    15.0,    26.3,  187.0,  0.31938,      0,      0,       0,       0,       0,       0
total,                                                791590,    4375,    4375,    4375,     1.1,     0.8,     2.9,     7.9,    18.6,    19.5,  188.0,  0.31718,      0,      0,       0,       0,       0,       0
total,                                                795708,    4118,    4118,    4118,     1.2,     0.8,     3.1,    10.0,    17.9,    35.1,  189.0,  0.31511,      0,      0,       0,       0,       0,       0
total,                                                800047,    4339,    4339,    4339,     1.1,     0.7,     2.8,     9.2,    19.1,    20.6,  190.0,  0.31299,      0,      0,       0,       0,       0,       0
total,                                                803224,    3177,    3177,    3177,     1.6,     0.9,     4.2,    12.5,    24.9,    31.2,  191.0,  0.31143,      0,      0,       0,       0,       0,       0
total,                                                807823,    4599,    4599,    4599,     1.1,     0.7,     2.1,     9.7,    24.3,    50.1,  192.0,  0.30917,      0,      0,       0,       0,       0,       0
total,                                                812385,    4562,    4562,    4562,     1.1,     0.8,     2.3,     8.7,    18.8,    28.3,  193.0,  0.30701,      0,      0,       0,       0,       0,       0
total,                                                813207,     822,     822,     822,     1.7,     0.8,     5.7,    11.7,    25.5,    25.5,  194.0,  0.30665,      0,      0,       0,       0,       0,       0
total,                                                813736,     529,     529,     529,    25.7,     1.0,     3.5,     6.3,  2590.0,  2590.0,  196.0,  0.30689,      0,      0,       0,       0,       0,       0
total,                                                813936,     200,     200,     200,     1.2,     0.8,     3.9,     6.5,     7.6,     7.6,  197.0,  0.30684,      0,      0,       0,       0,       0,       0
total,                                                815611,    1675,    1675,    1675,    20.7,     0.9,     6.1,    13.7,  6429.9,  6434.1,  203.0,  0.30723,      0,      0,       0,       0,       0,       0
total,                                                819467,    3856,    3856,    3856,     1.3,     0.8,     3.2,     8.9,    47.2,    61.1,  204.0,  0.30536,      0,      0,       0,       0,       0,       0
total,                                                824002,    4535,    4535,    4535,     1.1,     0.8,     2.5,     5.2,    11.8,    19.7,  205.0,  0.30329,      0,      0,       0,       0,       0,       0
total,                                                827535,    3533,    3533,    3533,     1.4,     1.0,     3.5,     7.9,    17.1,    21.4,  206.0,  0.30168,      0,      0,       0,       0,       0,       0
total,                                                832009,    4474,    4474,    4474,     1.1,     0.9,     2.4,     5.2,    11.3,    15.9,  207.0,  0.29969,      0,      0,       0,       0,       0,       0
total,                                                836231,    4222,    4222,    4222,     1.2,     0.8,     2.6,     8.2,    20.8,    21.9,  208.0,  0.29782,      0,      0,       0,       0,       0,       0
total,                                                839835,    3604,    3604,    3604,     1.4,     0.9,     3.9,    10.5,    15.1,    17.4,  209.0,  0.29625,      0,      0,       0,       0,       0,       0
total,                                                842615,    2780,    2780,    2780,     1.3,     0.8,     3.0,    11.0,    18.9,    19.8,  210.0,  0.29505,      0,      0,       0,       0,       0,       0
total,                                                845456,    2841,    2841,    2841,     2.3,     0.8,     2.7,     6.4,   655.4,   658.0,  211.0,  0.29166,      0,      0,       0,       0,       0,       0
total,                                                849759,    4303,    4303,    4303,     1.2,     0.9,     2.6,     5.6,    12.1,    16.2,  212.0,  0.28987,      0,      0,       0,       0,       0,       0
total,                                                854674,    4915,    4915,    4915,     1.0,     0.8,     2.1,     4.1,     8.9,     9.9,  213.0,  0.28787,      0,      0,       0,       0,       0,       0
total,                                                858876,    4202,    4202,    4202,     1.2,     0.8,     3.0,     5.7,    11.8,    13.7,  214.0,  0.28617,      0,      0,       0,       0,       0,       0
total,                                                864461,    5585,    5585,    5585,     0.9,     0.7,     1.9,     3.0,     4.8,    10.4,  215.0,  0.28396,      0,      0,       0,       0,       0,       0
total,                                                869331,    4870,    4870,    4870,     1.0,     0.7,     2.4,     5.3,    13.0,    17.8,  216.0,  0.28204,      0,      0,       0,       0,       0,       0
total,                                                870912,    1581,    1581,    1581,     1.4,     0.9,     4.0,     9.7,    13.6,    14.5,  217.0,  0.28143,      0,      0,       0,       0,       0,       0
total,                                                873662,    2750,    2750,    2750,     2.8,     0.8,     2.7,     5.9,   919.1,   919.1,  218.0,  0.27188,      0,      0,       0,       0,       0,       0
total,                                                876746,    3084,    3084,    3084,     1.6,     1.0,     5.0,    10.2,    15.3,    16.9,  219.0,  0.27077,      0,      0,       0,       0,       0,       0
total,                                                880664,    3918,    3918,    3918,     1.3,     0.9,     3.1,     8.2,    17.2,    19.9,  220.0,  0.26937,      0,      0,       0,       0,       0,       0
total,                                                884509,    3845,    3845,    3845,     1.3,     0.9,     3.3,     7.4,    14.9,    19.5,  221.0,  0.26801,      0,      0,       0,       0,       0,       0
total,                                                887594,    3085,    3085,    3085,     1.6,     1.0,     4.3,     8.4,    50.6,    54.9,  222.0,  0.26689,      0,      0,       0,       0,       0,       0
total,                                                891335,    3741,    3741,    3741,     1.3,     1.0,     3.4,     6.7,    16.2,    19.4,  223.0,  0.26559,      0,      0,       0,       0,       0,       0
total,                                                895270,    3935,    3935,    3935,     1.3,     0.9,     3.1,     7.0,    14.8,    18.2,  224.0,  0.26424,      0,      0,       0,       0,       0,       0
total,                                                899221,    3951,    3951,    3951,     1.3,     0.9,     3.3,     7.1,    14.0,    16.2,  225.0,  0.26291,      0,      0,       0,       0,       0,       0
total,                                                903187,    3966,    3966,    3966,     1.2,     0.9,     3.0,     5.8,    15.6,    25.2,  226.0,  0.26156,      0,      0,       0,       0,       0,       0
total,                                                905751,    2564,    2564,    2564,     1.5,     1.0,     4.1,     8.6,    17.3,    29.1,  227.0,  0.26070,      0,      0,       0,       0,       0,       0
total,                                                907010,    1259,    1259,    1259,     4.9,     0.8,     2.3,     7.1,   958.9,   959.4,  228.0,  0.25312,      0,      0,       0,       0,       0,       0
total,                                                910513,    3503,    3503,    3503,     1.0,     0.8,     2.1,     4.0,     8.0,    11.2,  229.0,  0.25204,      0,      0,       0,       0,       0,       0
total,                                                913358,    2845,    2845,    2845,     2.3,     1.1,     5.4,     9.7,   342.1,   352.1,  230.0,  0.25072,      0,      0,       0,       0,       0,       0
total,                                                918491,    5133,    5133,    5133,     1.0,     0.8,     2.0,     3.3,     6.5,    11.2,  231.0,  0.24919,      0,      0,       0,       0,       0,       0
total,                                                922866,    4375,    4375,    4375,     1.1,     0.8,     2.7,     6.2,    11.7,    14.7,  232.0,  0.24788,      0,      0,       0,       0,       0,       0
total,                                                927365,    4499,    4499,    4499,     1.1,     0.8,     2.5,     5.5,    10.4,    14.3,  233.0,  0.24656,      0,      0,       0,       0,       0,       0
total,                                                932674,    5309,    5309,    5309,     0.9,     0.8,     2.1,     3.7,     6.7,    10.4,  234.0,  0.24502,      0,      0,       0,       0,       0,       0
total,                                                937201,    4527,    4527,    4527,     1.1,     0.8,     2.7,     6.5,    12.3,    13.9,  235.0,  0.24372,      0,      0,       0,       0,       0,       0
total,                                                941145,    3944,    3944,    3944,     1.3,     0.9,     3.4,     6.6,    14.5,    20.4,  236.0,  0.24259,      0,      0,       0,       0,       0,       0
total,                                                945093,    3948,    3948,    3948,     1.3,     0.9,     3.3,     6.6,    13.7,    16.7,  237.0,  0.24147,      0,      0,       0,       0,       0,       0
total,                                                950079,    4986,    4986,    4986,     1.0,     0.8,     2.2,     3.7,     7.9,    11.6,  238.0,  0.24008,      0,      0,       0,       0,       0,       0
total,                                                955330,    5251,    5251,    5251,     0.9,     0.8,     2.0,     3.4,     8.3,    12.9,  239.0,  0.23864,      0,      0,       0,       0,       0,       0
total,                                                958949,    3619,    3619,    3619,     1.4,     0.8,     3.2,     7.9,   106.9,   118.0,  240.0,  0.23753,      0,      0,       0,       0,       0,       0
total,                                                964217,    5268,    5268,    5268,     0.9,     0.8,     1.9,     3.3,     8.1,    12.2,  241.0,  0.23611,      0,      0,       0,       0,       0,       0
total,                                                968981,    4764,    4764,    4764,     1.0,     0.8,     2.3,     5.3,    12.7,    21.3,  242.0,  0.23483,      0,      0,       0,       0,       0,       0
total,                                                969805,     824,     824,     824,     5.6,     0.8,     3.5,    12.5,   725.1,   725.1,  243.0,  0.23405,      0,      0,       0,       0,       0,       0
total,                                                971949,    2144,    2144,    2144,     2.5,     0.8,     2.5,     5.2,   632.3,   632.3,  244.0,  0.23255,      0,      0,       0,       0,       0,       0
total,                                                976405,    4456,    4456,    4456,     1.1,     0.8,     2.7,     6.4,    13.5,    21.0,  245.0,  0.23139,      0,      0,       0,       0,       0,       0
total,                                                981789,    5384,    5384,    5384,     0.9,     0.7,     1.9,     3.7,     9.7,    14.7,  246.0,  0.23001,      0,      0,       0,       0,       0,       0
total,                                                986694,    4905,    4905,    4905,     1.0,     0.7,     2.3,     5.8,    13.2,    17.8,  247.0,  0.22876,      0,      0,       0,       0,       0,       0
total,                                                992106,    5412,    5412,    5412,     0.9,     0.7,     1.9,     3.2,     9.7,    15.9,  248.0,  0.22741,      0,      0,       0,       0,       0,       0
total,                                                997529,    5423,    5423,    5423,     0.9,     0.7,     1.9,     3.6,     8.6,    11.9,  249.0,  0.22607,      0,      0,       0,       0,       0,       0
total,                                               1000000,    3879,    3879,    3879,     1.3,     0.9,     3.2,     8.2,    13.5,    22.7,  249.6,  0.22510,      0,      0,       0,       0,       0,       0


Results:
Op rate                   :    4,006 op/s  [t1.insert: 4,006 op/s]
Partition rate            :    4,006 pk/s  [t1.insert: 4,006 pk/s]
Row rate                  :    4,006 row/s [t1.insert: 4,006 row/s]
Latency mean              :    1.2 ms [t1.insert: 1.2 ms]
Latency median            :    0.8 ms [t1.insert: 0.8 ms]
Latency 95th percentile   :    2.4 ms [t1.insert: 2.4 ms]
Latency 99th percentile   :    5.3 ms [t1.insert: 5.3 ms]
Latency 99.9th percentile :   15.1 ms [t1.insert: 15.1 ms]
Latency max               : 6434.1 ms [t1.insert: 6,434.1 ms]
Total partitions          :  1,000,000 [t1.insert: 1,000,000]
Total errors              :          0 [t1.insert: 0]
Total GC count            : 0
Total GC memory           : 0.000 KiB
Total GC time             :    0.0 seconds
Avg GC time               :    NaN ms
StdDev GC time            :    0.0 ms
Total operation time      : 00:04:09

END
