******************** Stress Settings ********************
Command:
  Type: user
  Count: 10,000
  No Warmup: false
  Consistency Level: LOCAL_ONE
  Target Uncertainty: not applicable
  Command Ratios: {t1.update_tag_properties=1.0}
  Command Clustering Distribution: clustering=gaussian(1..10)
  Profile File(s): t1_tags.yaml
Rate:
  Auto: false
  Thread Count: 1
  OpsPer Sec: 0
Population:
  Distribution: Gaussian:  min=1,max=10000,mean=5000.500000,stdev=1666.500000
  Order: ARBITRARY
  Wrap: false
Insert:
  Revisits: Uniform:  min=1,max=1000000
  Visits: Fixed:  key=1
  Row Population Ratio: Ratio: divisor=1.000000;delegate=Fixed:  key=1
  Batch Type: not batching
Errors:
  Ignore: false
  Tries: 10
Log:
  No Summary: false
  No Settings: false
  File: tags_10K_2_1_threads.log
  Interval Millis: 1000
  Level: NORMAL
Mode:
  API: JAVA_DRIVER_NATIVE
  Connection Style: CQL_PREPARED
  CQL Version: CQL3
  Protocol Version: V5
  Username: null
  Password: null
  Auth Provide Class: null
  Max Pending Per Connection: 128
  Connections Per Host: 8
  Compression: NONE
Node:
  Nodes: [localhost]
  Is White List: false
  Datacenter: null
Schema:
  Keyspace: null
  Replication Strategy: org.apache.cassandra.locator.SimpleStrategy
  Replication Strategy Options: {replication_factor=1}
  Table Compression: null
  Table Compaction Strategy: null
  Table Compaction Strategy Options: {}
Transport:
  truststore=null; truststore-password=null; keystore=null; keystore-password=null; ssl-protocol=TLS; ssl-alg=null; ssl-ciphers=TLS_RSA_WITH_AES_128_CBC_SHA,TLS_RSA_WITH_AES_256_CBC_SHA; 
Port:
  Native Port: 9042
  JMX Port: 7199
Graph:
  File: tags_10K_threads_1.html
  Revision: 2
  Title: NVO_Cassandra_POC_tags_Table_10K_Records_1_Threads
  Operation: USER
TokenRange:
  Wrap: false
  Split Factor: 1

******************** Profile(s) ********************
  Keyspace Name: tagging
  Keyspace CQL: 
***
CREATE KEYSPACE IF NOT EXISTS tagging WITH replication = {'class': 'SimpleStrategy', 'replication_factor': 1};
***

  Table Name: tags
  Table CQL: 
***
CREATE TABLE IF NOT EXISTS tags (
  id uuid PRIMARY KEY,
  owner_id int,
  name text,
  description text,
  properties text
);
***

  Extra Schema Definitions: null
  Generator Configs:
    owner_id: Size: Gaussian:  min=5,max=10,mean=7.500000,stdev=0.833333;Identity: Uniform:  min=1,max=1000000;
    name: Size: Uniform:  min=5,max=200;
    description: Size: Uniform:  min=10,max=100;
    id: Size: Gaussian:  min=5,max=10,mean=7.500000,stdev=0.833333;Identity: Uniform:  min=1,max=10000000;
    properties: Size: Uniform:  min=10,max=50;
  Query Definitions:
    select_tag_by_id: CQL:SELECT * FROM tags WHERE id = ?;Fields:samerow;
    update_tag_properties: CQL:UPDATE tags SET properties = ? WHERE id = ?;Fields:samerow;
    delete_tag_by_id: CQL:DELETE FROM tags WHERE id = ?;Fields:samerow;
    insert_tag: CQL:INSERT INTO tags (id, owner_id, name, description, properties) VALUES (?, ?, ?, ?, ?);Fields:samerow;
  Token Range Queries:
  Insert Settings:
    partitions: fixed(1)
    select: fixed(1)/500
    batchtype: UNLOGGED
Generating batches with [1..1] partitions and [0..0] rows (of [1..1] total rows in the partitions)

Sleeping 2s...
Warming up t1.update_tag_properties with 2500 iterations...
Running [t1.update_tag_properties] with 1 threads for 10000 iteration
type                                               total ops,    op/s,    pk/s,   row/s,    mean,     med,     .95,     .99,    .999,     max,   time,   stderr, errors,  gc: #,  max ms,  sum ms,  sdv ms,      mb
total,                                                   126,     126,       0,       0,     0.7,     0.6,     1.0,     2.7,     4.9,     4.9,    1.0,      NaN,      0,      0,       0,       0,       0,       0
total,                                                  1581,    1455,       0,       0,     0.7,     0.6,     1.0,     2.1,    10.1,    12.1,    2.0,      NaN,      0,      0,       0,       0,       0,       0
total,                                                  2983,    1402,       0,       0,     0.7,     0.6,     1.1,     2.6,     9.1,    10.5,    3.0,      NaN,      0,      0,       0,       0,       0,       0
total,                                                  4525,    1542,       0,       0,     0.6,     0.5,     0.9,     3.1,     9.2,    10.9,    4.0,      NaN,      0,      0,       0,       0,       0,       0
total,                                                  6057,    1532,       0,       0,     0.6,     0.5,     0.9,     2.9,    13.8,    14.1,    5.0,      NaN,      0,      0,       0,       0,       0,       0
total,                                                  7914,    1857,       0,       0,     0.5,     0.5,     0.7,     2.0,     9.6,    13.1,    6.0,      NaN,      0,      0,       0,       0,       0,       0
total,                                                  9726,    1812,       0,       0,     0.5,     0.4,     0.7,     3.0,    13.8,    16.0,    7.0,      NaN,      0,      0,       0,       0,       0,       0
total,                                                 10000,    1362,       0,       0,     0.7,     0.6,     1.2,     4.3,     9.6,     9.6,    7.2,      NaN,      0,      0,       0,       0,       0,       0


Results:
Op rate                   :    1,389 op/s  [t1.update_tag_properties: 1,389 op/s]
Partition rate            :        0 pk/s  [t1.update_tag_properties: 0 pk/s]
Row rate                  :        0 row/s [t1.update_tag_properties: 0 row/s]
Latency mean              :    0.6 ms [t1.update_tag_properties: 0.6 ms]
Latency median            :    0.5 ms [t1.update_tag_properties: 0.5 ms]
Latency 95th percentile   :    0.9 ms [t1.update_tag_properties: 0.9 ms]
Latency 99th percentile   :    2.7 ms [t1.update_tag_properties: 2.7 ms]
Latency 99.9th percentile :   10.2 ms [t1.update_tag_properties: 10.2 ms]
Latency max               :   16.0 ms [t1.update_tag_properties: 16.0 ms]
Total partitions          :          0 [t1.update_tag_properties: 0]
Total errors              :          0 [t1.update_tag_properties: 0]
Total GC count            : 0
Total GC memory           : 0.000 KiB
Total GC time             :    0.0 seconds
Avg GC time               :    NaN ms
StdDev GC time            :    0.0 ms
Total operation time      : 00:00:07

END
