******************** Stress Settings ********************
Command:
  Type: user
  Count: 1,000,000
  No Warmup: false
  Consistency Level: LOCAL_ONE
  Target Uncertainty: not applicable
  Command Ratios: {t1.select_tag_by_id=1.0}
  Command Clustering Distribution: clustering=gaussian(1..10)
  Profile File(s): t1_tags.yaml
Rate:
  Auto: false
  Thread Count: 5
  OpsPer Sec: 0
Population:
  Distribution: Gaussian:  min=1,max=1000000,mean=500000.500000,stdev=166666.500000
  Order: ARBITRARY
  Wrap: false
Insert:
  Revisits: Uniform:  min=1,max=1000000
  Visits: Fixed:  key=1
  Row Population Ratio: Ratio: divisor=1.000000;delegate=Fixed:  key=1
  Batch Type: not batching
Errors:
  Ignore: false
  Tries: 10
Log:
  No Summary: false
  No Settings: false
  File: tags_1M_1_5_threads.log
  Interval Millis: 1000
  Level: NORMAL
Mode:
  API: JAVA_DRIVER_NATIVE
  Connection Style: CQL_PREPARED
  CQL Version: CQL3
  Protocol Version: V5
  Username: null
  Password: null
  Auth Provide Class: null
  Max Pending Per Connection: 128
  Connections Per Host: 8
  Compression: NONE
Node:
  Nodes: [localhost]
  Is White List: false
  Datacenter: null
Schema:
  Keyspace: null
  Replication Strategy: org.apache.cassandra.locator.SimpleStrategy
  Replication Strategy Options: {replication_factor=1}
  Table Compression: null
  Table Compaction Strategy: null
  Table Compaction Strategy Options: {}
Transport:
  truststore=null; truststore-password=null; keystore=null; keystore-password=null; ssl-protocol=TLS; ssl-alg=null; ssl-ciphers=TLS_RSA_WITH_AES_128_CBC_SHA,TLS_RSA_WITH_AES_256_CBC_SHA; 
Port:
  Native Port: 9042
  JMX Port: 7199
Graph:
  File: tags_1M_threads_5.html
  Revision: 1
  Title: NVO_Cassandra_POC_tags_Table_1M_Records_5_Threads
  Operation: USER
TokenRange:
  Wrap: false
  Split Factor: 1

******************** Profile(s) ********************
  Keyspace Name: tagging
  Keyspace CQL: 
***
CREATE KEYSPACE IF NOT EXISTS tagging WITH replication = {'class': 'SimpleStrategy', 'replication_factor': 1};
***

  Table Name: tags
  Table CQL: 
***
CREATE TABLE IF NOT EXISTS tags (
  id uuid PRIMARY KEY,
  owner_id int,
  name text,
  description text,
  properties text
);
***

  Extra Schema Definitions: null
  Generator Configs:
    owner_id: Size: Gaussian:  min=5,max=10,mean=7.500000,stdev=0.833333;Identity: Uniform:  min=1,max=1000000;
    name: Size: Uniform:  min=5,max=200;
    description: Size: Uniform:  min=10,max=100;
    id: Size: Gaussian:  min=5,max=10,mean=7.500000,stdev=0.833333;Identity: Uniform:  min=1,max=10000000;
    properties: Size: Uniform:  min=10,max=50;
  Query Definitions:
    select_tag_by_id: CQL:SELECT * FROM tags WHERE id = ?;Fields:samerow;
    update_tag_properties: CQL:UPDATE tags SET properties = ? WHERE id = ?;Fields:samerow;
    delete_tag_by_id: CQL:DELETE FROM tags WHERE id = ?;Fields:samerow;
    insert_tag: CQL:INSERT INTO tags (id, owner_id, name, description, properties) VALUES (?, ?, ?, ?, ?);Fields:samerow;
  Token Range Queries:
  Insert Settings:
    partitions: fixed(1)
    select: fixed(1)/500
    batchtype: UNLOGGED
Generating batches with [1..1] partitions and [0..0] rows (of [1..1] total rows in the partitions)

Sleeping 2s...
Warming up t1.select_tag_by_id with 50000 iterations...
Running [t1.select_tag_by_id] with 5 threads for 1000000 iteration
type                                               total ops,    op/s,    pk/s,   row/s,    mean,     med,     .95,     .99,    .999,     max,   time,   stderr, errors,  gc: #,  max ms,  sum ms,  sdv ms,      mb
total,                                                  1139,    1139,     880,     880,     2.4,     1.5,     7.3,    14.6,    26.8,    31.6,    1.0,  0.00000,      0,      0,       0,       0,       0,       0
total,                                                  4283,    3144,    2415,    2415,     1.6,     1.0,     4.5,    10.1,    18.7,    35.0,    2.0,  0.33038,      0,      0,       0,       0,       0,       0
total,                                                  8338,    4055,    3154,    3154,     1.2,     0.9,     2.6,     5.7,    14.7,    17.7,    3.0,  0.25182,      0,      0,       0,       0,       0,       0
total,                                                 10494,    2156,    1686,    1686,     2.3,     1.0,     4.2,     9.3,   377.5,   384.8,    4.0,  0.18481,      0,      0,       0,       0,       0,       0
total,                                                 13417,    2923,    2305,    2305,     1.7,     1.1,     4.9,    10.6,    27.8,    29.0,    5.0,  0.14745,      0,      0,       0,       0,       0,       0
total,                                                 16425,    3008,    2356,    2356,     1.7,     1.1,     4.6,     9.1,    17.0,    18.7,    6.0,  0.12246,      0,      0,       0,       0,       0,       0
total,                                                 19094,    2669,    2059,    2059,     1.9,     1.1,     5.5,    10.6,    31.8,    43.1,    7.0,  0.10692,      0,      0,       0,       0,       0,       0
total,                                                 22182,    3088,    2403,    2403,     1.6,     1.1,     4.1,    10.5,    18.5,    19.9,    8.0,  0.09314,      0,      0,       0,       0,       0,       0
total,                                                 25782,    3600,    2816,    2816,     1.4,     0.9,     3.7,     9.0,    35.0,    39.5,    9.0,  0.08452,      0,      0,       0,       0,       0,       0
total,                                                 30133,    4351,    3424,    3424,     1.1,     0.9,     2.7,     5.0,    14.0,    18.3,   10.0,  0.08341,      0,      0,       0,       0,       0,       0
total,                                                 33944,    3811,    2954,    2954,     1.3,     0.9,     3.3,     6.7,    10.8,    12.1,   11.0,  0.07626,      0,      0,       0,       0,       0,       0
total,                                                 38543,    4599,    3616,    3616,     1.1,     0.9,     2.3,     4.4,     9.9,    12.4,   12.0,  0.07520,      0,      0,       0,       0,       0,       0
total,                                                 43141,    4598,    3561,    3561,     1.1,     0.9,     2.5,     4.1,     9.9,    13.0,   13.0,  0.07236,      0,      0,       0,       0,       0,       0
total,                                                 46940,    3799,    2917,    2917,     1.3,     1.0,     3.3,     6.2,    13.2,    16.4,   14.0,  0.06704,      0,      0,       0,       0,       0,       0
total,                                                 50126,    3186,    2469,    2469,     1.6,     1.0,     4.5,     8.4,    37.9,    40.9,   15.0,  0.06295,      0,      0,       0,       0,       0,       0
total,                                                 52193,    2067,    1617,    1617,     2.4,     1.5,     7.6,    13.9,    21.1,    28.4,   16.0,  0.06516,      0,      0,       0,       0,       0,       0
total,                                                 54302,    2109,    1629,    1629,     2.3,     1.2,     7.6,    13.2,    81.2,    83.0,   17.0,  0.06549,      0,      0,       0,       0,       0,       0
total,                                                 57046,    2744,    2156,    2156,     1.9,     1.2,     5.1,    11.3,    59.2,    64.7,   18.0,  0.06259,      0,      0,       0,       0,       0,       0
total,                                                 59906,    2860,    2206,    2206,     1.7,     1.1,     5.2,     9.8,    15.7,    17.1,   19.0,  0.06012,      0,      0,       0,       0,       0,       0
total,                                                 63150,    3244,    2475,    2475,     1.5,     1.1,     3.8,     7.4,    11.3,    16.3,   20.0,  0.05719,      0,      0,       0,       0,       0,       0
total,                                                 66561,    3411,    2650,    2650,     1.5,     1.0,     3.9,     8.1,    14.2,    15.5,   21.0,  0.05439,      0,      0,       0,       0,       0,       0
total,                                                 70098,    3537,    2723,    2723,     1.4,     1.0,     3.5,     7.1,    15.0,    18.6,   22.0,  0.05185,      0,      0,       0,       0,       0,       0
total,                                                 74059,    3961,    3086,    3086,     1.3,     1.0,     3.0,     5.6,    11.3,    13.3,   23.0,  0.04993,      0,      0,       0,       0,       0,       0
total,                                                 77280,    3221,    2513,    2513,     1.5,     1.0,     4.4,     8.6,    13.8,    17.6,   24.0,  0.04790,      0,      0,       0,       0,       0,       0
total,                                                 81242,    3962,    3047,    3047,     1.3,     1.0,     3.2,     5.0,     9.5,    14.5,   25.0,  0.04621,      0,      0,       0,       0,       0,       0
total,                                                 85509,    4267,    3332,    3332,     1.2,     0.8,     2.9,     5.6,    13.6,    17.9,   26.0,  0.04526,      0,      0,       0,       0,       0,       0
total,                                                 87977,    2468,    1913,    1913,     2.0,     1.3,     5.8,    10.6,    27.7,    30.8,   27.0,  0.04500,      0,      0,       0,       0,       0,       0
total,                                                 90563,    2586,    1976,    1976,     1.9,     1.2,     6.0,    12.6,    15.6,    19.7,   28.0,  0.04454,      0,      0,       0,       0,       0,       0
total,                                                 93213,    2650,    2048,    2048,     1.9,     1.2,     6.0,    10.9,    17.9,    23.3,   29.0,  0.04381,      0,      0,       0,       0,       0,       0
total,                                                 97528,    4315,    3302,    3302,     1.2,     0.8,     2.4,     4.9,    71.6,    79.5,   30.0,  0.04362,      0,      0,       0,       0,       0,       0
total,                                                101372,    3844,    3060,    3060,     1.3,     0.9,     3.2,     6.0,    18.3,    20.2,   31.0,  0.04238,      0,      0,       0,       0,       0,       0
total,                                                105760,    4388,    3409,    3409,     1.1,     0.8,     2.8,     5.1,    10.4,    19.1,   32.0,  0.04178,      0,      0,       0,       0,       0,       0
total,                                                110744,    4984,    3869,    3869,     1.0,     0.8,     2.3,     4.1,     9.0,    16.0,   33.0,  0.04230,      0,      0,       0,       0,       0,       0
total,                                                114584,    3840,    2972,    2972,     1.3,     0.9,     3.3,     6.7,    14.8,    19.4,   34.0,  0.04106,      0,      0,       0,       0,       0,       0
total,                                                118296,    3712,    2908,    2908,     1.3,     0.9,     3.2,     7.5,    35.8,    53.3,   35.0,  0.03991,      0,      0,       0,       0,       0,       0
total,                                                121159,    2863,    2217,    2217,     1.7,     1.1,     5.1,    10.3,    15.9,    19.6,   36.0,  0.03926,      0,      0,       0,       0,       0,       0
total,                                                125053,    3894,    3005,    3005,     1.3,     0.9,     3.4,     6.2,    12.5,    19.8,   37.0,  0.03822,      0,      0,       0,       0,       0,       0
total,                                                128773,    3720,    2893,    2893,     1.3,     0.9,     3.4,     6.9,    12.5,    20.0,   38.0,  0.03720,      0,      0,       0,       0,       0,       0
total,                                                132211,    3438,    2662,    2662,     1.4,     0.9,     4.3,     9.6,    15.1,    19.6,   39.0,  0.03625,      0,      0,       0,       0,       0,       0
total,                                                136754,    4543,    3504,    3504,     1.1,     0.9,     2.5,     4.3,     6.6,    13.5,   40.0,  0.03585,      0,      0,       0,       0,       0,       0
total,                                                139643,    2889,    2251,    2251,     1.7,     1.1,     4.4,    10.1,    79.8,    81.4,   41.0,  0.03517,      0,      0,       0,       0,       0,       0
total,                                                143527,    3884,    2987,    2987,     1.3,     1.0,     2.8,     6.2,    11.0,    14.3,   42.0,  0.03433,      0,      0,       0,       0,       0,       0
total,                                                147140,    3613,    2791,    2791,     1.4,     1.0,     3.4,     6.7,    13.7,    15.3,   43.0,  0.03352,      0,      0,       0,       0,       0,       0
total,                                                150869,    3729,    2936,    2936,     1.3,     0.9,     3.4,     7.3,    15.6,    23.6,   44.0,  0.03275,      0,      0,       0,       0,       0,       0
total,                                                154651,    3782,    2988,    2988,     1.3,     0.9,     3.3,     8.0,    29.5,    30.8,   45.0,  0.03205,      0,      0,       0,       0,       0,       0
total,                                                157857,    3206,    2479,    2479,     1.6,     1.0,     4.4,    10.0,    34.6,    61.3,   46.0,  0.03140,      0,      0,       0,       0,       0,       0
total,                                                161461,    3604,    2798,    2798,     1.4,     0.9,     4.0,     9.2,    12.7,    20.5,   47.0,  0.03071,      0,      0,       0,       0,       0,       0
total,                                                165944,    4483,    3486,    3486,     1.1,     0.9,     2.6,     5.1,     9.1,    13.2,   48.0,  0.03044,      0,      0,       0,       0,       0,       0
total,                                                169004,    3060,    2391,    2391,     1.6,     1.0,     4.8,    10.8,    19.9,    25.9,   49.0,  0.02998,      0,      0,       0,       0,       0,       0
total,                                                173347,    4343,    3379,    3379,     1.1,     0.8,     2.8,     6.2,    12.1,    14.8,   50.0,  0.02962,      0,      0,       0,       0,       0,       0
total,                                                177473,    4126,    3153,    3153,     1.2,     0.9,     3.0,     5.3,    10.2,    17.4,   51.0,  0.02910,      0,      0,       0,       0,       0,       0
total,                                                180785,    3312,    2569,    2569,     1.5,     1.0,     4.5,     8.4,    13.0,    18.2,   52.0,  0.02860,      0,      0,       0,       0,       0,       0
total,                                                185171,    4386,    3385,    3385,     1.1,     0.8,     2.4,     4.3,    52.1,    58.3,   53.0,  0.02842,      0,      0,       0,       0,       0,       0
total,                                                188888,    3717,    2884,    2884,     1.3,     0.9,     3.5,     8.4,    15.1,    24.9,   54.0,  0.02788,      0,      0,       0,       0,       0,       0
total,                                                193414,    4526,    3501,    3501,     1.1,     0.9,     2.4,     4.4,    12.7,    20.9,   55.0,  0.02768,      0,      0,       0,       0,       0,       0
total,                                                197459,    4045,    3166,    3166,     1.2,     0.9,     2.9,     6.1,    10.2,    31.0,   56.0,  0.02725,      0,      0,       0,       0,       0,       0
total,                                                202320,    4861,    3776,    3776,     1.0,     0.8,     2.4,     4.3,     9.7,    12.9,   57.0,  0.02729,      0,      0,       0,       0,       0,       0
total,                                                207017,    4697,    3698,    3698,     1.1,     0.8,     2.3,     4.1,    11.1,    18.7,   58.0,  0.02723,      0,      0,       0,       0,       0,       0
total,                                                211319,    4302,    3353,    3353,     1.2,     0.9,     2.8,     5.8,    12.4,    13.4,   59.0,  0.02687,      0,      0,       0,       0,       0,       0
total,                                                216052,    4733,    3625,    3625,     1.0,     0.8,     2.3,     4.2,    10.3,    23.4,   60.0,  0.02673,      0,      0,       0,       0,       0,       0
total,                                                220027,    3975,    3070,    3070,     1.3,     0.9,     3.2,     8.1,    18.8,    20.4,   61.0,  0.02629,      0,      0,       0,       0,       0,       0
total,                                                224643,    4616,    3567,    3567,     1.1,     0.9,     2.4,     3.7,     9.3,    19.6,   62.0,  0.02609,      0,      0,       0,       0,       0,       0
total,                                                228962,    4319,    3379,    3379,     1.2,     0.8,     2.3,     5.2,    78.6,    80.2,   63.0,  0.02590,      0,      0,       0,       0,       0,       0
total,                                                232400,    3438,    2691,    2691,     1.4,     0.9,     4.3,     9.2,    15.8,    16.0,   64.0,  0.02554,      0,      0,       0,       0,       0,       0
total,                                                236784,    4384,    3377,    3377,     1.1,     0.8,     2.6,     6.2,    12.5,    23.7,   65.0,  0.02524,      0,      0,       0,       0,       0,       0
total,                                                240872,    4088,    3151,    3151,     1.2,     0.8,     3.3,     8.0,    14.8,    18.7,   66.0,  0.02486,      0,      0,       0,       0,       0,       0
total,                                                245685,    4813,    3716,    3716,     1.0,     0.8,     2.2,     4.2,    10.0,    13.0,   67.0,  0.02475,      0,      0,       0,       0,       0,       0
total,                                                249964,    4279,    3383,    3383,     1.2,     0.8,     2.9,     6.5,    12.7,    17.1,   68.0,  0.02445,      0,      0,       0,       0,       0,       0
total,                                                254322,    4358,    3356,    3356,     1.1,     0.8,     2.4,     5.8,    59.9,    66.3,   69.0,  0.02423,      0,      0,       0,       0,       0,       0
total,                                                258895,    4573,    3564,    3564,     1.1,     0.8,     2.4,     4.5,     9.7,    14.4,   70.0,  0.02402,      0,      0,       0,       0,       0,       0
total,                                                262765,    3870,    3001,    3001,     1.3,     0.9,     3.1,     7.4,    12.0,    14.4,   71.0,  0.02367,      0,      0,       0,       0,       0,       0
total,                                                267115,    4350,    3369,    3369,     1.1,     0.9,     2.6,     4.2,     8.0,    14.8,   72.0,  0.02339,      0,      0,       0,       0,       0,       0
total,                                                270210,    3095,    2399,    2399,     1.2,     0.9,     2.8,     5.2,    15.5,    17.7,   73.0,  0.02325,      0,      0,       0,       0,       0,       0
total,                                                273390,    3180,    2481,    2481,     2.0,     1.0,     3.9,    10.5,   339.7,   342.1,   74.0,  0.02314,      0,      0,       0,       0,       0,       0
total,                                                276415,    3025,    2373,    2373,     1.6,     1.1,     4.7,     8.2,    11.4,    15.5,   75.0,  0.02303,      0,      0,       0,       0,       0,       0
total,                                                278748,    2333,    1825,    1825,     2.1,     1.3,     6.6,    11.5,    21.7,    32.2,   76.0,  0.02333,      0,      0,       0,       0,       0,       0
total,                                                282862,    4114,    3188,    3188,     1.2,     0.9,     3.0,     6.5,    15.5,    23.8,   77.0,  0.02304,      0,      0,       0,       0,       0,       0
total,                                                286680,    3818,    2990,    2990,     1.3,     0.8,     2.7,     5.7,   137.2,   142.6,   78.0,  0.02280,      0,      0,       0,       0,       0,       0
total,                                                290593,    3913,    3024,    3024,     1.3,     0.9,     3.3,     6.8,    13.9,    19.0,   79.0,  0.02251,      0,      0,       0,       0,       0,       0
total,                                                294316,    3723,    2868,    2868,     1.3,     0.9,     3.7,     6.9,    16.6,    23.3,   80.0,  0.02223,      0,      0,       0,       0,       0,       0
total,                                                297313,    2997,    2306,    2306,     1.7,     1.0,     5.1,     9.0,    28.5,    34.2,   81.0,  0.02214,      0,      0,       0,       0,       0,       0
total,                                                300963,    3650,    2819,    2819,     1.4,     0.9,     3.6,     7.8,    12.3,    18.1,   82.0,  0.02188,      0,      0,       0,       0,       0,       0
total,                                                304631,    3668,    2819,    2819,     1.4,     0.9,     3.7,     7.4,    13.5,    19.1,   83.0,  0.02163,      0,      0,       0,       0,       0,       0
total,                                                308647,    4016,    3126,    3126,     1.2,     0.8,     3.5,     8.2,    14.9,    24.4,   84.0,  0.02137,      0,      0,       0,       0,       0,       0
total,                                                312341,    3694,    2874,    2874,     1.3,     0.9,     4.2,     7.9,    13.3,    15.4,   85.0,  0.02112,      0,      0,       0,       0,       0,       0
total,                                                315799,    3458,    2731,    2731,     1.4,     0.9,     3.9,     8.0,    80.5,    89.8,   86.0,  0.02088,      0,      0,       0,       0,       0,       0
total,                                                319302,    3503,    2728,    2728,     1.4,     1.0,     3.8,     6.5,    13.3,    16.6,   87.0,  0.02066,      0,      0,       0,       0,       0,       0
total,                                                321919,    2617,    2018,    2018,     1.9,     1.1,     4.9,     9.1,   133.4,   136.6,   88.0,  0.02061,      0,      0,       0,       0,       0,       0
total,                                                326199,    4280,    3303,    3303,     1.2,     0.9,     2.7,     5.0,    11.4,    16.0,   89.0,  0.02041,      0,      0,       0,       0,       0,       0
total,                                                330438,    4239,    3245,    3245,     1.2,     0.8,     2.9,     7.2,    12.9,    17.4,   90.0,  0.02020,      0,      0,       0,       0,       0,       0
total,                                                334092,    3654,    2862,    2862,     1.4,     0.9,     3.9,     8.5,    13.9,    17.2,   91.0,  0.01998,      0,      0,       0,       0,       0,       0
total,                                                339048,    4956,    3885,    3885,     1.0,     0.8,     2.3,     4.4,     9.0,    12.3,   92.0,  0.02001,      0,      0,       0,       0,       0,       0
total,                                                343691,    4643,    3602,    3602,     1.1,     0.8,     2.4,     4.6,    10.1,    11.9,   93.0,  0.01990,      0,      0,       0,       0,       0,       0
total,                                                347836,    4145,    3182,    3182,     1.2,     0.9,     2.8,     5.6,    15.3,    28.1,   94.0,  0.01969,      0,      0,       0,       0,       0,       0
total,                                                352245,    4409,    3370,    3370,     1.1,     0.9,     2.5,     4.8,    14.7,    28.0,   95.0,  0.01953,      0,      0,       0,       0,       0,       0
total,                                                356427,    4182,    3276,    3276,     1.2,     0.9,     2.8,     5.7,    13.2,    19.4,   96.0,  0.01934,      0,      0,       0,       0,       0,       0
total,                                                360443,    4016,    3125,    3125,     1.2,     0.8,     2.4,     4.0,   146.0,   147.8,   97.0,  0.01924,      0,      0,       0,       0,       0,       0
total,                                                364615,    4172,    3253,    3253,     1.2,     0.8,     2.8,     5.9,    40.4,    44.2,   98.0,  0.01906,      0,      0,       0,       0,       0,       0
total,                                                369427,    4812,    3735,    3735,     1.0,     0.8,     2.2,     4.2,    10.2,    12.6,   99.0,  0.01900,      0,      0,       0,       0,       0,       0
total,                                                373477,    4050,    3160,    3160,     1.2,     0.8,     3.0,     8.3,    15.9,    23.5,  100.0,  0.01881,      0,      0,       0,       0,       0,       0
total,                                                376856,    3379,    2598,    2598,     1.5,     1.0,     4.4,     8.8,    13.1,    28.9,  101.0,  0.01868,      0,      0,       0,       0,       0,       0
total,                                                381345,    4489,    3514,    3514,     1.1,     0.8,     2.7,     5.7,    10.5,    15.3,  102.0,  0.01855,      0,      0,       0,       0,       0,       0
total,                                                385612,    4267,    3322,    3322,     1.2,     0.9,     2.9,     5.0,    11.5,    15.5,  103.0,  0.01839,      0,      0,       0,       0,       0,       0
total,                                                390162,    4550,    3532,    3532,     1.1,     0.8,     2.5,     4.6,    11.8,    21.8,  104.0,  0.01827,      0,      0,       0,       0,       0,       0
total,                                                394402,    4240,    3313,    3313,     1.2,     0.9,     2.4,     4.5,    75.9,    81.4,  105.0,  0.01816,      0,      0,       0,       0,       0,       0
total,                                                398499,    4097,    3189,    3189,     1.2,     0.9,     3.0,     5.3,     9.5,    17.8,  106.0,  0.01799,      0,      0,       0,       0,       0,       0
total,                                                403297,    4798,    3689,    3689,     1.0,     0.8,     2.3,     4.2,     9.6,    18.6,  107.0,  0.01792,      0,      0,       0,       0,       0,       0
total,                                                407282,    3985,    3097,    3097,     1.2,     0.9,     2.7,     6.2,    48.6,    52.5,  108.0,  0.01776,      0,      0,       0,       0,       0,       0
total,                                                411225,    3943,    3079,    3079,     1.3,     0.8,     3.6,     7.6,    19.5,    24.2,  109.0,  0.01759,      0,      0,       0,       0,       0,       0
total,                                                414697,    3472,    2671,    2671,     1.4,     0.9,     4.2,     9.5,    15.7,    18.3,  110.0,  0.01747,      0,      0,       0,       0,       0,       0
total,                                                418356,    3659,    2877,    2877,     1.4,     0.9,     3.6,     7.7,    15.7,    20.6,  111.0,  0.01732,      0,      0,       0,       0,       0,       0
total,                                                422514,    4158,    3264,    3264,     1.2,     0.9,     2.7,     4.9,    12.9,    20.8,  112.0,  0.01718,      0,      0,       0,       0,       0,       0
total,                                                425996,    3482,    2651,    2651,     1.4,     1.0,     3.8,     8.0,    17.9,    21.5,  113.0,  0.01707,      0,      0,       0,       0,       0,       0
total,                                                429542,    3546,    2765,    2765,     1.4,     0.9,     3.2,     7.2,   129.1,   130.5,  114.0,  0.01692,      0,      0,       0,       0,       0,       0
total,                                                433940,    4398,    3451,    3451,     1.1,     0.8,     2.5,     5.6,    16.3,    22.8,  115.0,  0.01680,      0,      0,       0,       0,       0,       0
total,                                                438113,    4173,    3208,    3208,     1.2,     0.8,     3.0,     6.7,    15.1,    17.2,  116.0,  0.01666,      0,      0,       0,       0,       0,       0
total,                                                442535,    4422,    3438,    3438,     1.1,     0.9,     2.5,     4.8,    13.4,    18.6,  117.0,  0.01655,      0,      0,       0,       0,       0,       0
total,                                                445714,    3179,    2430,    2430,     1.6,     1.0,     4.9,     9.3,    16.9,    19.1,  118.0,  0.01651,      0,      0,       0,       0,       0,       0
total,                                                450376,    4662,    3647,    3647,     1.1,     0.8,     2.3,     4.0,     9.2,    20.2,  119.0,  0.01645,      0,      0,       0,       0,       0,       0
total,                                                454485,    4109,    3184,    3184,     1.2,     0.9,     2.7,     5.2,    34.6,    40.9,  120.0,  0.01631,      0,      0,       0,       0,       0,       0
total,                                                458423,    3938,    3106,    3106,     1.3,     0.9,     3.2,     8.2,    18.0,    20.0,  121.0,  0.01618,      0,      0,       0,       0,       0,       0
total,                                                462257,    3834,    2947,    2947,     1.3,     0.9,     3.5,     7.0,    14.6,    15.9,  122.0,  0.01605,      0,      0,       0,       0,       0,       0
total,                                                466198,    3941,    3042,    3042,     1.3,     0.9,     2.8,     6.8,    51.5,    55.6,  123.0,  0.01592,      0,      0,       0,       0,       0,       0
total,                                                470193,    3995,    3070,    3070,     1.2,     0.9,     3.1,     6.0,    13.4,    18.2,  124.0,  0.01579,      0,      0,       0,       0,       0,       0
total,                                                474150,    3957,    3112,    3112,     1.3,     0.8,     3.6,     7.2,    18.5,    19.2,  125.0,  0.01566,      0,      0,       0,       0,       0,       0
total,                                                477797,    3647,    2850,    2850,     1.4,     0.8,     4.3,     8.7,    13.5,    14.2,  126.0,  0.01555,      0,      0,       0,       0,       0,       0
total,                                                481926,    4129,    3185,    3185,     1.2,     0.8,     3.1,     6.6,    15.8,    23.7,  127.0,  0.01542,      0,      0,       0,       0,       0,       0
total,                                                485942,    4016,    3128,    3128,     1.2,     0.9,     3.3,     6.2,    11.7,    15.1,  128.0,  0.01530,      0,      0,       0,       0,       0,       0
total,                                                489634,    3692,    2849,    2849,     1.3,     0.9,     3.7,     7.4,    13.0,    15.2,  129.0,  0.01520,      0,      0,       0,       0,       0,       0
total,                                                493304,    3670,    2867,    2867,     1.4,     0.9,     3.9,     6.9,    13.9,    28.9,  130.0,  0.01508,      0,      0,       0,       0,       0,       0
total,                                                497600,    4296,    3354,    3354,     1.2,     0.9,     2.6,     4.7,    11.5,    13.8,  131.0,  0.01498,      0,      0,       0,       0,       0,       0
total,                                                500954,    3354,    2650,    2650,     1.5,     0.9,     3.1,     8.6,    92.2,    93.1,  132.0,  0.01488,      0,      0,       0,       0,       0,       0
total,                                                505074,    4120,    3212,    3212,     1.2,     0.8,     3.3,     7.5,    20.2,    25.5,  133.0,  0.01477,      0,      0,       0,       0,       0,       0
total,                                                510035,    4961,    3827,    3827,     1.0,     0.8,     2.2,     3.7,    10.3,    17.3,  134.0,  0.01477,      0,      0,       0,       0,       0,       0
total,                                                513902,    3867,    2965,    2965,     1.3,     0.9,     3.2,     6.2,    14.4,    18.0,  135.0,  0.01466,      0,      0,       0,       0,       0,       0
total,                                                516488,    2586,    2034,    2034,     1.9,     1.3,     5.3,     8.3,    11.7,    15.3,  136.0,  0.01478,      0,      0,       0,       0,       0,       0
total,                                                520622,    4134,    3222,    3222,     1.2,     0.9,     3.0,     5.3,    10.1,    11.6,  137.0,  0.01468,      0,      0,       0,       0,       0,       0
total,                                                523968,    3346,    2652,    2652,     1.5,     0.9,     4.5,     8.7,    13.0,    16.5,  138.0,  0.01461,      0,      0,       0,       0,       0,       0
total,                                                528336,    4368,    3420,    3420,     1.1,     0.8,     2.8,     5.6,     9.8,    12.1,  139.0,  0.01452,      0,      0,       0,       0,       0,       0
total,                                                530898,    2562,    2018,    2018,     1.9,     1.2,     5.7,    11.0,    20.5,    25.4,  140.0,  0.01463,      0,      0,       0,       0,       0,       0
total,                                                534779,    3881,    3001,    3001,     1.3,     0.9,     3.5,     8.4,    14.8,    16.3,  141.0,  0.01453,      0,      0,       0,       0,       0,       0
total,                                                538649,    3870,    2986,    2986,     1.3,     0.9,     3.2,     6.9,    48.8,    54.0,  142.0,  0.01442,      0,      0,       0,       0,       0,       0
total,                                                541077,    2428,    1891,    1891,     2.1,     1.3,     6.4,    13.0,    18.9,    22.1,  143.0,  0.01458,      0,      0,       0,       0,       0,       0
total,                                                544296,    3219,    2474,    2474,     1.5,     0.9,     5.2,    10.9,    17.1,    17.6,  144.0,  0.01455,      0,      0,       0,       0,       0,       0
total,                                                546678,    2382,    1870,    1870,     2.1,     1.1,     6.3,    11.8,    78.5,    79.7,  145.0,  0.01466,      0,      0,       0,       0,       0,       0
total,                                                549712,    3034,    2382,    2382,     1.6,     0.9,     5.4,     9.6,    14.7,    19.2,  146.0,  0.01464,      0,      0,       0,       0,       0,       0
total,                                                553613,    3901,    3039,    3039,     1.1,     0.8,     2.8,     5.7,    16.4,    18.0,  147.0,  0.01454,      0,      0,       0,       0,       0,       0
total,                                                554663,    1050,     793,     793,    43.4,     0.7,     2.0,     4.0,  8933.9,  8942.3,  156.0,  0.02464,      0,      0,       0,       0,       0,       0
total,                                                559238,    4575,    3545,    3545,     1.1,     0.8,     2.5,     5.0,    14.6,    18.1,  157.0,  0.02450,      0,      0,       0,       0,       0,       0
total,                                                563664,    4426,    3465,    3465,     1.1,     0.8,     2.8,     6.3,    18.0,    20.3,  158.0,  0.02435,      0,      0,       0,       0,       0,       0
total,                                                568735,    5071,    3948,    3948,     1.0,     0.8,     2.1,     3.8,     9.0,    12.5,  159.0,  0.02427,      0,      0,       0,       0,       0,       0
total,                                                572811,    4076,    3154,    3154,     1.2,     0.9,     2.9,     6.6,    12.7,    17.9,  160.0,  0.02411,      0,      0,       0,       0,       0,       0
total,                                                577422,    4611,    3563,    3563,     1.1,     0.8,     2.0,     3.3,   116.3,   118.4,  161.0,  0.02403,      0,      0,       0,       0,       0,       0
total,                                                581710,    4288,    3356,    3356,     1.2,     0.9,     2.7,     5.2,    10.5,    21.2,  162.0,  0.02388,      0,      0,       0,       0,       0,       0
total,                                                586240,    4530,    3508,    3508,     1.1,     0.8,     2.4,     5.4,    14.2,    19.4,  163.0,  0.02375,      0,      0,       0,       0,       0,       0
total,                                                590612,    4372,    3370,    3370,     1.1,     0.9,     2.5,     5.0,    13.6,    21.2,  164.0,  0.02361,      0,      0,       0,       0,       0,       0
total,                                                594508,    3896,    3003,    3003,     1.3,     0.9,     3.1,     7.1,    17.8,    23.9,  165.0,  0.02346,      0,      0,       0,       0,       0,       0
total,                                                599104,    4596,    3609,    3609,     1.1,     0.9,     2.4,     4.3,     9.0,    14.1,  166.0,  0.02333,      0,      0,       0,       0,       0,       0
total,                                                603819,    4715,    3660,    3660,     1.1,     0.8,     2.4,     4.8,    16.3,    19.5,  167.0,  0.02322,      0,      0,       0,       0,       0,       0
total,                                                607816,    3997,    3098,    3098,     1.2,     0.8,     2.8,     8.0,    63.5,    71.4,  168.0,  0.02308,      0,      0,       0,       0,       0,       0
total,                                                612403,    4587,    3572,    3572,     1.1,     0.8,     2.4,     5.8,    13.3,    22.7,  169.0,  0.02295,      0,      0,       0,       0,       0,       0
total,                                                616499,    4096,    3167,    3167,     1.2,     0.8,     2.7,     8.0,    49.5,    57.6,  170.0,  0.02282,      0,      0,       0,       0,       0,       0
total,                                                620804,    4305,    3347,    3347,     1.2,     0.8,     3.0,     6.5,    11.2,    13.6,  171.0,  0.02268,      0,      0,       0,       0,       0,       0
total,                                                624415,    3611,    2833,    2833,     1.4,     0.9,     3.7,     8.7,    17.9,    23.1,  172.0,  0.02255,      0,      0,       0,       0,       0,       0
total,                                                629390,    4975,    3892,    3892,     1.0,     0.8,     2.3,     4.2,    10.6,    22.1,  173.0,  0.02247,      0,      0,       0,       0,       0,       0
total,                                                634361,    4971,    3853,    3853,     1.0,     0.8,     2.2,     4.0,    12.1,    20.5,  174.0,  0.02239,      0,      0,       0,       0,       0,       0
total,                                                638682,    4321,    3379,    3379,     1.1,     0.8,     2.8,     5.4,    13.3,    18.5,  175.0,  0.02226,      0,      0,       0,       0,       0,       0
total,                                                643534,    4852,    3770,    3770,     1.0,     0.8,     2.2,     4.4,    16.8,    26.3,  176.0,  0.02217,      0,      0,       0,       0,       0,       0
total,                                                648036,    4502,    3521,    3521,     1.1,     0.8,     2.6,     5.1,    12.6,    15.3,  177.0,  0.02205,      0,      0,       0,       0,       0,       0
total,                                                652563,    4527,    3521,    3521,     1.1,     0.8,     2.3,     5.7,    64.1,    65.5,  178.0,  0.02195,      0,      0,       0,       0,       0,       0
total,                                                656541,    3978,    3059,    3059,     1.3,     0.8,     3.6,     8.4,    13.3,    21.4,  179.0,  0.02182,      0,      0,       0,       0,       0,       0
total,                                                660715,    4174,    3258,    3258,     1.2,     0.9,     2.9,     6.8,    11.2,    18.2,  180.0,  0.02170,      0,      0,       0,       0,       0,       0
total,                                                665123,    4408,    3449,    3449,     1.1,     0.8,     2.8,     8.1,    16.2,    28.2,  181.0,  0.02158,      0,      0,       0,       0,       0,       0
total,                                                668277,    3154,    2443,    2443,     1.6,     1.0,     4.5,     9.2,    23.3,    37.3,  182.0,  0.02149,      0,      0,       0,       0,       0,       0
total,                                                673455,    5178,    3997,    3997,     1.0,     0.8,     2.0,     3.9,     9.4,    13.3,  183.0,  0.02143,      0,      0,       0,       0,       0,       0
total,                                                677238,    3783,    2930,    2930,     1.3,     0.9,     3.8,     7.9,    12.8,    18.2,  184.0,  0.02131,      0,      0,       0,       0,       0,       0
total,                                                680569,    3331,    2600,    2600,     1.5,     1.0,     4.2,     8.4,    16.6,    17.1,  185.0,  0.02122,      0,      0,       0,       0,       0,       0
total,                                                684818,    4249,    3282,    3282,     1.2,     0.8,     2.8,     6.8,    12.2,    17.6,  186.0,  0.02110,      0,      0,       0,       0,       0,       0
total,                                                688664,    3846,    2967,    2967,     1.3,     0.9,     3.3,     7.4,    16.5,    19.4,  187.0,  0.02098,      0,      0,       0,       0,       0,       0
total,                                                692374,    3710,    2881,    2881,     1.3,     0.8,     3.8,    10.6,    62.5,    62.9,  188.0,  0.02087,      0,      0,       0,       0,       0,       0
total,                                                696376,    4002,    3117,    3117,     1.2,     0.8,     3.3,     6.1,    13.9,    19.8,  189.0,  0.02075,      0,      0,       0,       0,       0,       0
total,                                                700296,    3920,    3026,    3026,     1.3,     0.8,     3.5,     7.5,    16.1,    22.5,  190.0,  0.02064,      0,      0,       0,       0,       0,       0
total,                                                704245,    3949,    3060,    3060,     1.3,     0.8,     3.4,     8.4,    14.6,    20.7,  191.0,  0.02053,      0,      0,       0,       0,       0,       0
total,                                                708086,    3841,    3029,    3029,     1.3,     0.9,     3.4,     8.0,    15.9,    20.2,  192.0,  0.02042,      0,      0,       0,       0,       0,       0
total,                                                712519,    4433,    3454,    3454,     1.1,     0.8,     2.8,     5.8,    10.7,    17.9,  193.0,  0.02032,      0,      0,       0,       0,       0,       0
total,                                                716752,    4233,    3310,    3310,     1.2,     0.8,     3.0,     6.3,    14.0,    15.3,  194.0,  0.02021,      0,      0,       0,       0,       0,       0
total,                                                721483,    4731,    3660,    3660,     1.1,     0.8,     2.4,     5.8,    11.1,    16.8,  195.0,  0.02012,      0,      0,       0,       0,       0,       0
total,                                                725131,    3648,    2832,    2832,     1.4,     0.9,     3.6,     7.8,    11.8,    14.0,  196.0,  0.02002,      0,      0,       0,       0,       0,       0
total,                                                728755,    3624,    2822,    2822,     1.4,     0.9,     3.4,     8.2,    70.9,    74.6,  197.0,  0.01992,      0,      0,       0,       0,       0,       0
total,                                                732799,    4044,    3149,    3149,     1.2,     0.8,     3.4,     7.6,    15.3,    23.7,  198.0,  0.01981,      0,      0,       0,       0,       0,       0
total,                                                736585,    3786,    2948,    2948,     1.3,     0.8,     4.2,     8.6,    13.3,    16.2,  199.0,  0.01971,      0,      0,       0,       0,       0,       0
total,                                                740679,    4094,    3173,    3173,     1.2,     0.8,     3.2,     6.7,    12.6,    13.1,  200.0,  0.01961,      0,      0,       0,       0,       0,       0
total,                                                744359,    3680,    2821,    2821,     1.4,     0.8,     4.0,     9.7,    18.3,    28.9,  201.0,  0.01952,      0,      0,       0,       0,       0,       0
total,                                                747403,    3044,    2338,    2338,     1.6,     1.0,     5.4,     9.7,    20.4,    27.6,  202.0,  0.01946,      0,      0,       0,       0,       0,       0
total,                                                751507,    4104,    3211,    3211,     1.2,     0.8,     3.1,     6.5,    13.7,    16.9,  203.0,  0.01936,      0,      0,       0,       0,       0,       0
total,                                                755896,    4389,    3379,    3379,     1.1,     0.8,     2.7,     6.0,    14.9,    19.7,  204.0,  0.01927,      0,      0,       0,       0,       0,       0
total,                                                760156,    4260,    3251,    3251,     1.2,     0.9,     2.8,     5.6,    13.5,    17.1,  205.0,  0.01917,      0,      0,       0,       0,       0,       0
total,                                                764163,    4007,    3142,    3142,     1.2,     0.9,     3.2,     6.1,    11.0,    14.6,  206.0,  0.01907,      0,      0,       0,       0,       0,       0
total,                                                767397,    3234,    2519,    2519,     1.5,     0.9,     4.4,    11.3,    69.9,    74.1,  207.0,  0.01899,      0,      0,       0,       0,       0,       0
total,                                                772183,    4786,    3730,    3730,     1.0,     0.8,     2.3,     3.9,     8.6,    11.3,  208.0,  0.01892,      0,      0,       0,       0,       0,       0
total,                                                776719,    4536,    3524,    3524,     1.1,     0.8,     2.7,     5.5,    12.1,    19.8,  209.0,  0.01884,      0,      0,       0,       0,       0,       0
total,                                                781641,    4922,    3762,    3762,     1.0,     0.8,     2.3,     4.4,    12.8,    17.6,  210.0,  0.01877,      0,      0,       0,       0,       0,       0
total,                                                786790,    5149,    4041,    4041,     1.0,     0.7,     2.2,     4.9,    12.0,    18.2,  211.0,  0.01874,      0,      0,       0,       0,       0,       0
total,                                                791427,    4637,    3588,    3588,     1.1,     0.8,     2.6,     5.1,     9.3,    10.6,  212.0,  0.01866,      0,      0,       0,       0,       0,       0
total,                                                796597,    5170,    3990,    3990,     1.0,     0.8,     2.0,     4.1,     9.3,    15.9,  213.0,  0.01861,      0,      0,       0,       0,       0,       0
total,                                                799490,    2893,    2254,    2254,     1.7,     1.0,     5.9,    11.6,    23.4,    29.1,  214.0,  0.01858,      0,      0,       0,       0,       0,       0
total,                                                803924,    4434,    3485,    3485,     1.1,     0.8,     2.6,     5.1,    19.7,    36.9,  215.0,  0.01850,      0,      0,       0,       0,       0,       0
total,                                                808647,    4723,    3678,    3678,     1.0,     0.8,     2.3,     5.3,    49.6,    53.9,  216.0,  0.01844,      0,      0,       0,       0,       0,       0
total,                                                812806,    4159,    3245,    3245,     1.2,     0.9,     2.9,     6.8,    13.2,    16.4,  217.0,  0.01835,      0,      0,       0,       0,       0,       0
total,                                                816608,    3802,    2963,    2963,     1.3,     0.9,     3.4,     8.2,    16.6,    21.3,  218.0,  0.01826,      0,      0,       0,       0,       0,       0
total,                                                820491,    3883,    3043,    3043,     1.3,     0.9,     3.6,     7.8,    15.1,    19.0,  219.0,  0.01818,      0,      0,       0,       0,       0,       0
total,                                                825329,    4838,    3805,    3805,     1.0,     0.8,     2.2,     4.1,    20.0,    41.2,  220.0,  0.01813,      0,      0,       0,       0,       0,       0
total,                                                828827,    3498,    2750,    2750,     1.4,     0.9,     4.4,     9.7,    16.2,    18.1,  221.0,  0.01806,      0,      0,       0,       0,       0,       0
total,                                                832971,    4144,    3221,    3221,     1.2,     0.7,     3.8,     8.0,    13.3,    21.5,  222.0,  0.01797,      0,      0,       0,       0,       0,       0
total,                                                837753,    4782,    3679,    3679,     1.0,     0.8,     2.3,     4.1,     8.3,    14.8,  223.0,  0.01790,      0,      0,       0,       0,       0,       0
total,                                                841208,    3455,    2717,    2717,     1.4,     0.9,     4.2,     9.6,    20.2,    23.3,  224.0,  0.01783,      0,      0,       0,       0,       0,       0
total,                                                845837,    4629,    3601,    3601,     1.1,     0.8,     2.2,     4.4,    50.7,    53.9,  225.0,  0.01777,      0,      0,       0,       0,       0,       0
total,                                                849653,    3816,    2973,    2973,     1.3,     0.9,     3.2,     8.0,    13.0,    20.0,  226.0,  0.01769,      0,      0,       0,       0,       0,       0
total,                                                853670,    4017,    3122,    3122,     1.2,     0.8,     3.4,     8.7,    15.0,    22.0,  227.0,  0.01761,      0,      0,       0,       0,       0,       0
total,                                                857785,    4115,    3184,    3184,     1.2,     0.9,     3.1,     6.6,    15.0,    17.2,  228.0,  0.01753,      0,      0,       0,       0,       0,       0
total,                                                861960,    4175,    3240,    3240,     1.2,     0.9,     3.0,     5.8,    12.0,    14.6,  229.0,  0.01745,      0,      0,       0,       0,       0,       0
total,                                                866944,    4984,    3862,    3862,     1.0,     0.8,     2.1,     3.4,    10.1,    14.4,  230.0,  0.01740,      0,      0,       0,       0,       0,       0
total,                                                871087,    4143,    3224,    3224,     1.2,     0.8,     3.1,     8.3,    13.0,    17.0,  231.0,  0.01733,      0,      0,       0,       0,       0,       0
total,                                                875457,    4370,    3391,    3391,     1.1,     0.8,     2.7,     5.2,    11.7,    16.4,  232.0,  0.01725,      0,      0,       0,       0,       0,       0
total,                                                880231,    4774,    3670,    3670,     1.0,     0.8,     2.2,     4.1,     9.9,    19.6,  233.0,  0.01719,      0,      0,       0,       0,       0,       0
total,                                                884403,    4172,    3207,    3207,     1.2,     0.8,     3.0,     5.9,    56.5,    58.5,  234.0,  0.01712,      0,      0,       0,       0,       0,       0
total,                                                889309,    4906,    3827,    3827,     1.0,     0.8,     2.3,     3.9,    15.8,    17.6,  235.0,  0.01707,      0,      0,       0,       0,       0,       0
total,                                                893807,    4498,    3542,    3542,     1.1,     0.9,     2.4,     4.3,    14.1,    20.6,  236.0,  0.01700,      0,      0,       0,       0,       0,       0
total,                                                897481,    3674,    2863,    2863,     1.3,     0.9,     3.7,     8.7,    14.6,    17.6,  237.0,  0.01693,      0,      0,       0,       0,       0,       0
total,                                                902710,    5229,    4076,    4076,     1.0,     0.7,     2.1,     3.6,     8.7,    16.0,  238.0,  0.01690,      0,      0,       0,       0,       0,       0
total,                                                907303,    4593,    3586,    3586,     1.1,     0.8,     2.5,     5.3,    12.6,    14.0,  239.0,  0.01684,      0,      0,       0,       0,       0,       0
total,                                                911884,    4581,    3594,    3594,     1.1,     0.9,     2.4,     4.2,    11.5,    16.3,  240.0,  0.01678,      0,      0,       0,       0,       0,       0
total,                                                916011,    4127,    3224,    3224,     1.2,     0.9,     2.8,     5.8,    15.1,    17.6,  241.0,  0.01670,      0,      0,       0,       0,       0,       0
total,                                                920325,    4314,    3404,    3404,     1.2,     0.9,     2.5,     5.6,    12.2,    14.2,  242.0,  0.01664,      0,      0,       0,       0,       0,       0
total,                                                923417,    3092,    2405,    2405,     1.6,     0.9,     5.0,     9.7,    61.8,    62.4,  243.0,  0.01659,      0,      0,       0,       0,       0,       0
total,                                                927742,    4325,    3386,    3386,     1.2,     0.8,     3.0,     7.6,    15.4,    21.6,  244.0,  0.01652,      0,      0,       0,       0,       0,       0
total,                                                933146,    5404,    4164,    4164,     0.9,     0.7,     2.0,     3.7,     9.3,    15.7,  245.0,  0.01651,      0,      0,       0,       0,       0,       0
total,                                                937443,    4297,    3400,    3400,     1.2,     0.8,     2.8,     6.3,    13.0,    19.3,  246.0,  0.01644,      0,      0,       0,       0,       0,       0
total,                                                942511,    5068,    3930,    3930,     1.0,     0.8,     2.1,     3.8,    10.2,    14.5,  247.0,  0.01640,      0,      0,       0,       0,       0,       0
total,                                                947406,    4895,    3773,    3773,     1.0,     0.8,     2.3,     3.8,     9.2,    10.9,  248.0,  0.01635,      0,      0,       0,       0,       0,       0
total,                                                951354,    3948,    3095,    3095,     1.3,     0.9,     3.3,     7.9,    17.2,    19.5,  249.0,  0.01628,      0,      0,       0,       0,       0,       0
total,                                                956287,    4933,    3843,    3843,     1.0,     0.8,     2.1,     3.5,    11.7,    13.6,  250.0,  0.01623,      0,      0,       0,       0,       0,       0
total,                                                960436,    4149,    3232,    3232,     1.2,     0.9,     2.9,     6.5,    13.6,    19.0,  251.0,  0.01617,      0,      0,       0,       0,       0,       0
total,                                                964846,    4410,    3422,    3422,     1.1,     0.8,     2.5,     4.7,    43.8,    46.4,  252.0,  0.01611,      0,      0,       0,       0,       0,       0
total,                                                969903,    5057,    3901,    3901,     1.0,     0.8,     2.2,     4.0,    11.8,    12.7,  253.0,  0.01606,      0,      0,       0,       0,       0,       0
total,                                                974130,    4227,    3241,    3241,     1.2,     0.8,     2.9,     7.0,    16.1,    28.9,  254.0,  0.01600,      0,      0,       0,       0,       0,       0
total,                                                979144,    5014,    3912,    3912,     1.0,     0.8,     2.1,     4.3,    13.1,    16.3,  255.0,  0.01596,      0,      0,       0,       0,       0,       0
total,                                                982933,    3789,    2919,    2919,     1.3,     0.9,     3.3,     7.7,    13.6,    19.9,  256.0,  0.01590,      0,      0,       0,       0,       0,       0
total,                                                987718,    4785,    3718,    3718,     1.0,     0.8,     2.3,     4.3,     8.6,     9.6,  257.0,  0.01585,      0,      0,       0,       0,       0,       0
total,                                                993001,    5283,    4084,    4084,     0.9,     0.8,     1.9,     3.4,    11.1,    19.9,  258.0,  0.01582,      0,      0,       0,       0,       0,       0
total,                                                997766,    4765,    3753,    3753,     1.0,     0.8,     2.5,     5.3,    11.8,    21.5,  259.0,  0.01578,      0,      0,       0,       0,       0,       0
total,                                               1000000,    4665,    3604,    3604,     1.1,     0.8,     2.3,     4.8,    10.1,    10.7,  259.5,  0.01572,      0,      0,       0,       0,       0,       0


Results:
Op rate                   :    3,854 op/s  [t1.select_tag_by_id: 3,854 op/s]
Partition rate            :    2,995 pk/s  [t1.select_tag_by_id: 2,995 pk/s]
Row rate                  :    2,995 row/s [t1.select_tag_by_id: 2,995 row/s]
Latency mean              :    1.3 ms [t1.select_tag_by_id: 1.3 ms]
Latency median            :    0.9 ms [t1.select_tag_by_id: 0.9 ms]
Latency 95th percentile   :    3.1 ms [t1.select_tag_by_id: 3.1 ms]
Latency 99th percentile   :    6.9 ms [t1.select_tag_by_id: 6.9 ms]
Latency 99.9th percentile :   15.1 ms [t1.select_tag_by_id: 15.1 ms]
Latency max               : 8942.3 ms [t1.select_tag_by_id: 8,942.3 ms]
Total partitions          :    777,049 [t1.select_tag_by_id: 777,049]
Total errors              :          0 [t1.select_tag_by_id: 0]
Total GC count            : 0
Total GC memory           : 0.000 KiB
Total GC time             :    0.0 seconds
Avg GC time               :    NaN ms
StdDev GC time            :    0.0 ms
Total operation time      : 00:04:19

END
