******************** Stress Settings ********************
Command:
  Type: user
  Count: -1
  Duration: 1 MINUTES
  No Warmup: false
  Consistency Level: LOCAL_ONE
  Target Uncertainty: not applicable
  Command Ratios: {select_tag_by_id=1.0}
  Command Clustering Distribution: clustering=gaussian(1..10)
  Profile File(s): ./Tags.yaml
Rate:
  Auto: false
  Thread Count: 10
  OpsPer Sec: 0
Population:
  Distribution: Gaussian:  min=1,max=1000000,mean=500000.500000,stdev=166666.500000
  Order: ARBITRARY
  Wrap: false
Insert:
  Revisits: Uniform:  min=1,max=1000000
  Visits: Fixed:  key=1
  Row Population Ratio: Ratio: divisor=1.000000;delegate=Fixed:  key=1
  Batch Type: not batching
Errors:
  Ignore: false
  Tries: 10
Log:
  No Summary: false
  No Settings: false
  File: Tags.log
  Interval Millis: 1000
  Level: NORMAL
Mode:
  API: JAVA_DRIVER_NATIVE
  Connection Style: CQL_PREPARED
  CQL Version: CQL3
  Protocol Version: V5
  Username: null
  Password: null
  Auth Provide Class: null
  Max Pending Per Connection: 128
  Connections Per Host: 8
  Compression: NONE
Node:
  Nodes: [localhost]
  Is White List: false
  Datacenter: null
Schema:
  Keyspace: null
  Replication Strategy: org.apache.cassandra.locator.SimpleStrategy
  Replication Strategy Options: {replication_factor=1}
  Table Compression: null
  Table Compaction Strategy: null
  Table Compaction Strategy Options: {}
Transport:
  truststore=null; truststore-password=null; keystore=null; keystore-password=null; ssl-protocol=TLS; ssl-alg=null; ssl-ciphers=TLS_RSA_WITH_AES_128_CBC_SHA,TLS_RSA_WITH_AES_256_CBC_SHA; 
Port:
  Native Port: 9042
  JMX Port: 7199
Send To Daemon:
  *not set*
Graph:
  File: Tags_write.html
  Revision: unknown
  Title: null
  Operation: USER
TokenRange:
  Wrap: false
  Split Factor: 1

******************** Profile(s) ********************
  Keyspace Name: tagging
  Keyspace CQL: 
***
CREATE KEYSPACE tagging WITH replication = {'class': 'SimpleStrategy', 'replication_factor': 1};
***

  Table Name: tags
  Table CQL: 
***
CREATE TABLE tags (
  id uuid PRIMARY KEY,
  owner_id int,
  name text,
  description text,
  properties text
);
***

  Extra Schema Definitions: null
  Generator Configs:
    owner_id: Clustering: Uniform:  min=0,max=1000000;
    name: Size: Uniform:  min=5,max=20;Identity: Gaussian:  min=1,max=1000,mean=100.000000,stdev=3.000000;
    description: Size: Uniform:  min=10,max=100;Identity: Uniform:  min=1,max=1000;
    id: Clustering: Uniform:  min=0,max=1000000;
    properties: Size: Uniform:  min=10,max=50;Identity: Uniform:  min=1,max=100;
  Query Definitions:
    select_tag_by_id: CQL:SELECT * FROM tags WHERE id = ?;Fields:samerow;
  Token Range Queries:
  Insert Settings:
    partitions: fixed(1)
    select: fixed(1)/500
    batchtype: UNLOGGED
Generating batches with [1..1] partitions and [0..0] rows (of [1..1] total rows in the partitions)

Sleeping 2s...
Warming up select_tag_by_id with 50000 iterations...
Running [select_tag_by_id] with 10 threads 1 minutes
type                                               total ops,    op/s,    pk/s,   row/s,    mean,     med,     .95,     .99,    .999,     max,   time,   stderr, errors,  gc: #,  max ms,  sum ms,  sdv ms,      mb
total,                                                  5082,    5082,       0,       0,     1.6,     1.0,     3.8,    11.0,    32.5,    61.8,    1.0,      NaN,      0,      0,       0,       0,       0,       0
total,                                                 10690,    5608,       0,       0,     1.8,     0.9,     6.0,    13.2,    20.5,    32.0,    2.0,      NaN,      0,      0,       0,       0,       0,       0
total,                                                 18286,    7596,       0,       0,     1.3,     0.8,     3.7,     7.9,    26.9,    34.6,    3.0,      NaN,      0,      0,       0,       0,       0,       0
total,                                                 26755,    8469,       0,       0,     1.2,     0.9,     2.7,     6.1,    12.2,    40.8,    4.0,      NaN,      0,      1,       6,       6,       0,     324
total,                                                 32469,    5714,       0,       0,     1.7,     0.9,     5.8,    14.3,    34.4,    45.7,    5.0,      NaN,      0,      0,       0,       0,       0,       0
total,                                                 41253,    8784,       0,       0,     1.1,     0.9,     2.4,     5.2,    20.4,    30.0,    6.0,      NaN,      0,      0,       0,       0,       0,       0
total,                                                 46875,    5622,       0,       0,     1.8,     0.9,     6.6,    17.8,    32.9,    86.4,    7.0,      NaN,      0,      0,       0,       0,       0,       0
total,                                                 52033,    5158,       0,       0,     1.9,     1.0,     7.2,    17.1,    36.3,    45.9,    8.0,      NaN,      0,      0,       0,       0,       0,       0
total,                                                 61625,    9592,       0,       0,     1.0,     0.8,     2.4,     4.9,    13.0,    23.5,    9.0,      NaN,      0,      1,       7,       7,       0,     321
total,                                                 69131,    7506,       0,       0,     1.3,     0.8,     4.0,     9.5,    19.8,    27.5,   10.0,      NaN,      0,      0,       0,       0,       0,       0
total,                                                 78457,    9326,       0,       0,     1.1,     0.8,     2.4,     5.0,    10.7,    33.2,   11.0,      NaN,      0,      0,       0,       0,       0,       0
total,                                                 87745,    9288,       0,       0,     1.1,     0.7,     2.8,     6.9,    19.5,    24.9,   12.0,      NaN,      0,      0,       0,       0,       0,       0
total,                                                 96305,    8560,       0,       0,     1.2,     0.8,     3.1,     6.6,    16.5,    19.6,   13.0,      NaN,      0,      0,       0,       0,       0,       0
total,                                                103565,    7260,       0,       0,     1.4,     0.8,     3.8,    11.8,    27.8,    62.2,   14.0,      NaN,      0,      0,       0,       0,       0,       0
total,                                                108798,    5233,       0,       0,     1.9,     0.9,     6.8,    14.0,    29.6,    71.5,   15.0,      NaN,      0,      1,       4,       4,       0,     320
total,                                                116641,    7843,       0,       0,     1.3,     0.8,     3.1,    10.0,    27.6,    39.2,   16.0,      NaN,      0,      0,       0,       0,       0,       0
total,                                                122009,    5368,       0,       0,     1.9,     0.9,     5.7,    19.0,    60.2,   103.7,   17.0,      NaN,      0,      0,       0,       0,       0,       0
total,                                                125536,    3527,       0,       0,     2.8,     1.0,     9.6,    23.4,    60.5,   136.7,   18.0,      NaN,      0,      0,       0,       0,       0,       0
total,                                                133189,    7653,       0,       0,     1.3,     0.8,     3.3,     8.2,    42.6,   118.2,   19.0,      NaN,      0,      0,       0,       0,       0,       0
total,                                                144411,   11222,       0,       0,     0.9,     0.7,     1.9,     4.7,    14.9,    30.2,   20.0,      NaN,      0,      0,       0,       0,       0,       0
total,                                                155287,   10876,       0,       0,     0.9,     0.7,     2.1,     5.6,    12.1,    21.7,   21.0,      NaN,      0,      1,       4,       4,       0,     320
total,                                                167449,   12162,       0,       0,     0.8,     0.7,     1.7,     3.2,     9.3,    22.4,   22.0,      NaN,      0,      0,       0,       0,       0,       0
total,                                                177453,   10004,       0,       0,     1.0,     0.7,     2.6,     5.9,    13.9,    35.9,   23.0,      NaN,      0,      0,       0,       0,       0,       0
total,                                                187217,    9764,       0,       0,     1.0,     0.7,     2.6,     7.1,    28.2,    49.0,   24.0,      NaN,      0,      0,       0,       0,       0,       0
total,                                                195776,    8559,       0,       0,     1.2,     0.7,     3.3,     9.6,    20.6,    26.6,   25.0,      NaN,      0,      1,      12,      12,       0,     320
total,                                                207317,   11541,       0,       0,     0.9,     0.6,     2.1,     4.8,    12.0,    25.9,   26.0,      NaN,      0,      0,       0,       0,       0,       0
total,                                                219136,   11819,       0,       0,     0.8,     0.6,     1.9,     4.5,    17.1,    49.5,   27.0,      NaN,      0,      0,       0,       0,       0,       0
total,                                                230239,   11103,       0,       0,     0.9,     0.6,     2.1,     5.5,    12.8,    18.6,   28.0,      NaN,      0,      0,       0,       0,       0,       0
total,                                                241393,   11154,       0,       0,     0.9,     0.6,     1.9,     5.1,    22.3,    37.3,   29.0,      NaN,      0,      1,       7,       7,       0,     320
total,                                                248576,    7183,       0,       0,     1.4,     0.7,     4.4,    14.2,    38.5,    58.4,   30.0,      NaN,      0,      0,       0,       0,       0,       0
total,                                                257031,    8455,       0,       0,     1.2,     0.7,     3.4,     8.0,    21.7,    29.8,   31.0,      NaN,      0,      0,       0,       0,       0,       0
total,                                                268931,   11900,       0,       0,     0.8,     0.6,     1.9,     3.9,    11.6,    33.1,   32.0,      NaN,      0,      0,       0,       0,       0,       0
total,                                                280325,   11394,       0,       0,     0.9,     0.6,     2.2,     5.3,    12.1,    20.0,   33.0,      NaN,      0,      0,       0,       0,       0,       0
total,                                                292805,   12480,       0,       0,     0.8,     0.6,     1.8,     3.6,    11.4,    18.5,   34.0,      NaN,      0,      1,       6,       6,       0,     320
total,                                                300513,    7708,       0,       0,     1.3,     0.7,     4.3,    11.1,    22.8,    45.0,   35.0,      NaN,      0,      0,       0,       0,       0,       0
total,                                                312014,   11501,       0,       0,     0.9,     0.6,     2.0,     5.1,    13.3,    36.9,   36.0,      NaN,      0,      0,       0,       0,       0,       0
total,                                                325382,   13368,       0,       0,     0.7,     0.6,     1.6,     3.0,     9.8,    20.0,   37.0,      NaN,      0,      0,       0,       0,       0,       0
total,                                                334435,    9053,       0,       0,     1.1,     0.7,     2.7,     7.6,    31.4,    44.9,   38.0,      NaN,      0,      1,      14,      14,       0,     320
total,                                                345022,   10587,       0,       0,     0.9,     0.6,     2.2,     7.0,    19.0,    35.2,   39.0,      NaN,      0,      0,       0,       0,       0,       0
total,                                                352540,    7518,       0,       0,     1.3,     0.6,     4.6,    14.9,    28.1,    68.7,   40.0,      NaN,      0,      0,       0,       0,       0,       0
total,                                                362941,   10401,       0,       0,     1.0,     0.6,     2.3,     6.7,    19.5,    33.7,   41.0,      NaN,      0,      0,       0,       0,       0,       0
total,                                                373296,   10355,       0,       0,     1.0,     0.7,     2.1,     6.7,    21.7,    30.8,   42.0,      NaN,      0,      0,       0,       0,       0,       0
total,                                                385037,   11741,       0,       0,     0.8,     0.6,     1.9,     4.3,    12.4,    18.8,   43.0,      NaN,      0,      1,       5,       5,       0,     320
total,                                                397327,   12290,       0,       0,     0.8,     0.6,     1.8,     3.9,    11.1,    17.0,   44.0,      NaN,      0,      0,       0,       0,       0,       0
total,                                                406260,    8933,       0,       0,     1.1,     0.6,     3.0,     8.6,    27.4,    39.9,   45.0,      NaN,      0,      0,       0,       0,       0,       0
total,                                                415842,    9582,       0,       0,     1.0,     0.6,     2.9,     8.0,    20.5,    71.3,   46.0,      NaN,      0,      0,       0,       0,       0,       0
total,                                                428088,   12246,       0,       0,     0.8,     0.6,     1.9,     4.9,    12.1,    20.9,   47.0,      NaN,      0,      1,       5,       5,       0,     320
total,                                                436684,    8596,       0,       0,     1.2,     0.6,     3.2,    10.9,    29.4,    52.2,   48.0,      NaN,      0,      0,       0,       0,       0,       0
total,                                                449007,   12323,       0,       0,     0.8,     0.6,     1.8,     4.5,    10.9,    15.6,   49.0,      NaN,      0,      0,       0,       0,       0,       0
total,                                                462580,   13573,       0,       0,     0.7,     0.6,     1.5,     2.7,     6.5,    14.2,   50.0,      NaN,      0,      0,       0,       0,       0,       0
total,                                                472290,    9710,       0,       0,     1.0,     0.6,     2.8,     7.7,    25.8,    47.2,   51.0,      NaN,      0,      1,       6,       6,       0,     320
total,                                                483322,   11032,       0,       0,     0.9,     0.7,     1.9,     5.1,    23.4,    34.2,   52.0,      NaN,      0,      0,       0,       0,       0,       0
total,                                                493083,    9761,       0,       0,     1.0,     0.6,     2.8,     7.3,    15.2,    22.5,   53.0,      NaN,      0,      0,       0,       0,       0,       0
total,                                                503404,   10321,       0,       0,     1.0,     0.7,     2.3,     5.3,    18.6,    26.7,   54.0,      NaN,      0,      0,       0,       0,       0,       0
total,                                                512968,    9564,       0,       0,     1.0,     0.6,     2.7,     8.1,    35.6,    38.9,   55.0,      NaN,      0,      1,       5,       5,       0,     320
total,                                                523535,   10567,       0,       0,     0.9,     0.6,     2.3,     6.0,    16.1,    34.9,   56.0,      NaN,      0,      0,       0,       0,       0,       0
total,                                                537119,   13584,       0,       0,     0.7,     0.6,     1.5,     2.7,     5.3,    13.1,   57.0,      NaN,      0,      0,       0,       0,       0,       0
total,                                                547496,   10377,       0,       0,     1.0,     0.7,     2.2,     6.4,    17.9,    24.8,   58.0,      NaN,      0,      0,       0,       0,       0,       0
total,                                                560824,   13328,       0,       0,     0.7,     0.6,     1.6,     3.4,     8.9,    17.3,   59.0,      NaN,      0,      1,       4,       4,       0,     320
total,                                                574358,   13534,       0,       0,     0.7,     0.6,     1.5,     2.9,     8.0,    16.0,   60.0,      NaN,      0,      0,       0,       0,       0,       0
total,                                                576099,    9142,       0,       0,     1.1,     0.7,     2.7,     8.5,    31.9,    31.9,   60.2,      NaN,      0,      0,       0,       0,       0,       0


Results:
Op rate                   :    9,571 op/s  [select_tag_by_id: 9,571 op/s]
Partition rate            :        0 pk/s  [select_tag_by_id: 0 pk/s]
Row rate                  :        0 row/s [select_tag_by_id: 0 row/s]
Latency mean              :    1.0 ms [select_tag_by_id: 1.0 ms]
Latency median            :    0.7 ms [select_tag_by_id: 0.7 ms]
Latency 95th percentile   :    2.6 ms [select_tag_by_id: 2.6 ms]
Latency 99th percentile   :    7.4 ms [select_tag_by_id: 7.4 ms]
Latency 99.9th percentile :   22.0 ms [select_tag_by_id: 22.0 ms]
Latency max               :  136.7 ms [select_tag_by_id: 136.7 ms]
Total partitions          :          0 [select_tag_by_id: 0]
Total errors              :          0 [select_tag_by_id: 0]
Total GC count            : 13
Total GC memory           : 4.068 GiB
Total GC time             :    0.1 seconds
Avg GC time               :    6.5 ms
StdDev GC time            :    3.0 ms
Total operation time      : 00:01:00

END
