******************** Stress Settings ********************
Command:
  Type: user
  Count: -1
  Duration: 1 MINUTES
  No Warmup: false
  Consistency Level: LOCAL_ONE
  Target Uncertainty: not applicable
  Command Ratios: {insert=1.0}
  Command Clustering Distribution: clustering=gaussian(1..10)
  Profile File(s): ./full_profile.yaml
Rate:
  Auto: false
  Thread Count: 10
  OpsPer Sec: 0
Population:
  Sequence: 1..1000000
  Order: ARBITRARY
  Wrap: true
Insert:
  Revisits: Uniform:  min=1,max=1000000
  Visits: Fixed:  key=1
  Row Population Ratio: Ratio: divisor=1.000000;delegate=Fixed:  key=1
  Batch Type: not batching
Errors:
  Ignore: false
  Tries: 10
Log:
  No Summary: false
  No Settings: false
  File: full_profile_write.log
  Interval Millis: 1000
  Level: NORMAL
Mode:
  API: JAVA_DRIVER_NATIVE
  Connection Style: CQL_PREPARED
  CQL Version: CQL3
  Protocol Version: V5
  Username: null
  Password: null
  Auth Provide Class: null
  Max Pending Per Connection: 128
  Connections Per Host: 8
  Compression: NONE
Node:
  Nodes: [localhost]
  Is White List: false
  Datacenter: null
Schema:
  Keyspace: null
  Replication Strategy: org.apache.cassandra.locator.SimpleStrategy
  Replication Strategy Options: {replication_factor=1}
  Table Compression: null
  Table Compaction Strategy: null
  Table Compaction Strategy Options: {}
Transport:
  truststore=null; truststore-password=null; keystore=null; keystore-password=null; ssl-protocol=TLS; ssl-alg=null; ssl-ciphers=TLS_RSA_WITH_AES_128_CBC_SHA,TLS_RSA_WITH_AES_256_CBC_SHA; 
Port:
  Native Port: 9042
  JMX Port: 7199
Send To Daemon:
  *not set*
Graph:
  File: full_profile_write.html
  Revision: unknown
  Title: null
  Operation: USER
TokenRange:
  Wrap: false
  Split Factor: 1

******************** Profile(s) ********************
  Keyspace Name: tagging
  Keyspace CQL: 
***
CREATE KEYSPACE tagging WITH replication = {'class': 'SimpleStrategy', 'replication_factor': 1};
***

  Table Name: tag_entities
  Table CQL: 
***
CREATE TABLE tag_entities (
  tag_id uuid,
  entity_id uuid,
  PRIMARY KEY (tag_id, entity_id)
);
***

  Extra Schema Definitions: null
  Generator Configs:
    tag_id: Clustering: Uniform:  min=0,max=100000;
    entity_id: Clustering: Uniform:  min=0,max=100000;
  Query Definitions:
    select_entities_by_tag: CQL:SELECT * FROM tag_entities WHERE tag_id = ?;Fields:samerow;
  Token Range Queries:
  Insert Settings:
    partitions: fixed(1)
    select: fixed(1)/500
    batchtype: UNLOGGED
Generating batches with [1..1] partitions and [0..200] rows (of [0..100000] total rows in the partitions)

Sleeping 2s...
Warming up insert with 50000 iterations...
Running [insert] with 10 threads 1 minutes
type                                               total ops,    op/s,    pk/s,   row/s,    mean,     med,     .95,     .99,    .999,     max,   time,   stderr, errors,  gc: #,  max ms,  sum ms,  sdv ms,      mb
total,                                                    14,      14,      14,    2053,     8.5,     5.3,    26.8,    26.8,    26.8,    26.8,    1.0,  0.00000,      0,      0,       0,       0,       0,       0
total,                                                    54,      40,      40,    5551,    11.3,     6.8,    17.3,   150.3,   150.3,   150.3,    2.0,  0.36193,      0,      0,       0,       0,       0,       0
total,                                                    82,      28,      28,    3921,    10.2,     7.2,    25.7,    26.9,    26.9,    26.9,    3.0,  0.24756,      0,      0,       0,       0,       0,       0
total,                                                   125,      43,      43,    6050,     6.4,     5.5,    12.9,    16.0,    16.0,    16.0,    4.0,  0.18875,      0,      0,       0,       0,       0,       0
total,                                                   143,      18,      18,    2581,     6.8,     6.5,    13.2,    13.2,    13.2,    13.2,    5.0,  0.18725,      0,      0,       0,       0,       0,       0
total,                                                   155,      12,      12,    1726,    10.4,     8.6,    17.7,    17.7,    17.7,    17.7,    8.0,  0.28554,      0,      0,       0,       0,       0,       0
total,                                                   168,      13,      13,    1852,     7.0,     5.7,    13.9,    13.9,    13.9,    13.9,    9.0,  0.26693,      0,      0,       0,       0,       0,       0
total,                                                   196,      28,      28,    4024,    11.4,     5.6,    19.8,   102.7,   102.7,   102.7,   10.0,  0.23290,      0,      0,       0,       0,       0,       0
total,                                                   221,      25,      25,    3573,    14.4,     7.0,    37.0,   116.5,   116.5,   116.5,   11.0,  0.20718,      0,      1,      84,      84,       0,     298
total,                                                   249,      28,      28,    3946,    19.4,     6.0,    92.0,   110.0,   110.0,   110.0,   12.0,  0.18629,      0,      0,       0,       0,       0,       0
total,                                                   276,      27,      27,    3690,     9.1,     8.4,    15.9,    26.5,    26.5,    26.5,   13.0,  0.17001,      0,      0,       0,       0,       0,       0
total,                                                   309,      33,      33,    4622,     9.4,     5.7,    15.0,   109.3,   109.3,   109.3,   14.0,  0.15655,      0,      0,       0,       0,       0,       0
total,                                                   341,      32,      32,    4475,    11.1,     6.1,    21.1,   115.3,   115.3,   115.3,   15.0,  0.14482,      0,      0,       0,       0,       0,       0
total,                                                   370,      29,      29,    4148,    12.7,     8.8,    36.9,    46.3,    46.3,    46.3,   16.0,  0.13450,      0,      0,       0,       0,       0,       0
total,                                                   394,      24,      24,    3362,     8.9,     8.0,    16.7,    23.6,    23.6,    23.6,   17.0,  0.12678,      0,      0,       0,       0,       0,       0
total,                                                   415,      21,      21,    2935,    18.8,     5.7,    25.1,   216.9,   216.9,   216.9,   18.0,  0.11936,      0,      0,       0,       0,       0,       0
total,                                                   428,      13,      13,    1855,    41.1,     8.8,   426.2,   426.2,   426.2,   426.2,   19.0,  0.11367,      0,      0,       0,       0,       0,       0
total,                                                   455,      27,      27,    3843,     6.7,     6.1,    14.2,    14.5,    14.5,    14.5,   20.0,  0.10753,      0,      0,       0,       0,       0,       0
total,                                                   479,      24,      24,    3341,    21.4,    12.1,    42.3,   136.2,   136.2,   136.2,   21.0,  0.10205,      0,      0,       0,       0,       0,       0
total,                                                   512,      33,      33,    4762,    14.0,     9.3,    25.1,   157.8,   157.8,   157.8,   22.0,  0.09825,      0,      0,       0,       0,       0,       0
total,                                                   544,      32,      32,    4648,    12.7,     6.7,    25.2,   136.7,   136.7,   136.7,   23.0,  0.09418,      0,      0,       0,       0,       0,       0
total,                                                   577,      33,      33,    4637,     9.9,     6.5,    26.8,    53.8,    53.8,    53.8,   24.0,  0.08999,      0,      0,       0,       0,       0,       0
total,                                                   608,      31,      31,    4340,    10.6,     4.9,    23.4,   125.4,   125.4,   125.4,   25.0,  0.08618,      0,      0,       0,       0,       0,       0
total,                                                   637,      29,      29,    4027,     7.4,     7.1,    12.6,    14.1,    14.1,    14.1,   26.0,  0.08269,      0,      0,       0,       0,       0,       0
total,                                                   667,      30,      30,    4274,    12.6,     7.0,    35.2,   136.8,   136.8,   136.8,   27.0,  0.07947,      0,      0,       0,       0,       0,       0
total,                                                   689,      22,      22,    3112,    18.1,     7.5,    24.1,   169.6,   169.6,   169.6,   28.0,  0.07673,      0,      0,       0,       0,       0,       0
total,                                                   720,      31,      31,    4369,    12.9,     6.9,    26.3,   148.2,   148.2,   148.2,   29.0,  0.07407,      0,      0,       0,       0,       0,       0
total,                                                   753,      33,      33,    4643,     7.1,     5.4,    15.6,    24.4,    24.4,    24.4,   30.0,  0.07144,      0,      0,       0,       0,       0,       0
total,                                                   782,      29,      29,    4170,    17.8,    10.0,   133.2,   133.3,   133.3,   133.3,   31.0,  0.06899,      0,      0,       0,       0,       0,       0
total,                                                   811,      29,      29,    3967,     7.4,     6.6,    14.7,    22.5,    22.5,    22.5,   32.0,  0.06679,      0,      0,       0,       0,       0,       0
total,                                                   844,      33,      33,    4605,     9.3,     5.5,    14.9,   127.7,   127.7,   127.7,   33.0,  0.06486,      0,      0,       0,       0,       0,       0
total,                                                   872,      28,      28,    3867,     7.7,     5.7,    16.4,    21.2,    21.2,    21.2,   34.0,  0.06299,      0,      0,       0,       0,       0,       0
total,                                                   910,      38,      38,    5275,     7.3,     5.9,    20.0,    20.1,    20.1,    20.1,   35.0,  0.06134,      0,      0,       0,       0,       0,       0
total,                                                   941,      31,      31,    4310,    13.5,     6.8,    38.3,   162.0,   162.0,   162.0,   36.0,  0.05965,      0,      0,       0,       0,       0,       0
total,                                                   978,      37,      37,    4963,     7.9,     5.8,    24.4,    24.6,    24.6,    24.6,   37.0,  0.05802,      0,      0,       0,       0,       0,       0
total,                                                  1016,      38,      38,    5340,     9.2,     5.7,    14.0,   125.0,   125.0,   125.0,   38.0,  0.05716,      0,      0,       0,       0,       0,       0
total,                                                  1047,      31,      31,    4403,     8.8,     7.4,    21.7,    21.8,    21.8,    21.8,   39.0,  0.05562,      0,      0,       0,       0,       0,       0
total,                                                  1082,      35,      35,    5030,     7.5,     5.8,    19.7,    23.2,    23.2,    23.2,   40.0,  0.05422,      0,      0,       0,       0,       0,       0
total,                                                  1117,      35,      35,    4822,     6.7,     5.9,    14.0,    18.6,    18.6,    18.6,   41.0,  0.05284,      0,      0,       0,       0,       0,       0
total,                                                  1155,      38,      38,    5223,    10.7,     7.6,    37.1,    39.8,    39.8,    39.8,   42.0,  0.05167,      0,      0,       0,       0,       0,       0
total,                                                  1191,      36,      36,    5093,     7.7,     5.6,    18.0,    28.2,    28.2,    28.2,   43.0,  0.05049,      0,      0,       0,       0,       0,       0
total,                                                  1228,      37,      37,    5185,    10.3,     8.3,    23.5,    32.9,    32.9,    32.9,   44.0,  0.04939,      0,      0,       0,       0,       0,       0
total,                                                  1264,      36,      36,    4988,    12.0,     4.8,   109.2,   114.3,   114.3,   114.3,   45.0,  0.04844,      0,      0,       0,       0,       0,       0
total,                                                  1296,      32,      32,    4456,    15.9,     6.9,   133.1,   149.9,   149.9,   149.9,   46.0,  0.04739,      0,      1,      98,      98,       0,     292
total,                                                  1331,      35,      35,    5079,     9.0,     8.0,    17.7,    18.4,    18.4,    18.4,   47.0,  0.04637,      0,      0,       0,       0,       0,       0
total,                                                  1375,      44,      44,    6137,     6.6,     5.8,    11.4,    20.7,    20.7,    20.7,   48.0,  0.04588,      0,      0,       0,       0,       0,       0
total,                                                  1414,      39,      39,    5579,    10.7,     7.2,    26.5,    84.1,    84.1,    84.1,   49.0,  0.04526,      0,      0,       0,       0,       0,       0
total,                                                  1452,      38,      38,    5422,     8.3,     6.3,    19.9,    21.2,    21.2,    21.2,   50.0,  0.04441,      0,      0,       0,       0,       0,       0
total,                                                  1493,      41,      41,    5781,     7.9,     5.4,    20.3,    29.6,    29.6,    29.6,   51.0,  0.04374,      0,      0,       0,       0,       0,       0
total,                                                  1526,      33,      33,    4648,    12.5,     8.0,    24.8,   121.9,   121.9,   121.9,   52.0,  0.04289,      0,      0,       0,       0,       0,       0
total,                                                  1568,      42,      42,    5947,     6.7,     6.3,    14.0,    16.7,    16.7,    16.7,   53.0,  0.04230,      0,      0,       0,       0,       0,       0
total,                                                  1605,      37,      37,    5254,     9.3,     6.9,    30.0,    34.2,    34.2,    34.2,   54.0,  0.04152,      0,      0,       0,       0,       0,       0
total,                                                  1640,      35,      35,    5053,     7.9,     6.9,    15.8,    17.3,    17.3,    17.3,   55.0,  0.04074,      0,      0,       0,       0,       0,       0
total,                                                  1674,      34,      34,    4784,    10.4,     6.0,    20.4,   115.3,   115.3,   115.3,   56.0,  0.04001,      0,      0,       0,       0,       0,       0
total,                                                  1712,      38,      38,    5341,     8.2,     6.7,    18.1,    32.4,    32.4,    32.4,   57.0,  0.03934,      0,      0,       0,       0,       0,       0
total,                                                  1756,      44,      44,    6202,     7.7,     6.4,    15.2,    22.5,    22.5,    22.5,   58.0,  0.03895,      0,      0,       0,       0,       0,       0
total,                                                  1794,      38,      38,    5247,     7.3,     5.9,    16.4,    24.4,    24.4,    24.4,   59.0,  0.03828,      0,      0,       0,       0,       0,       0
total,                                                  1832,      38,      38,    5317,     7.4,     6.4,    19.1,    22.7,    22.7,    22.7,   60.0,  0.03765,      0,      0,       0,       0,       0,       0
total,                                                  1864,      42,      42,    5968,     6.7,     5.4,    17.4,    21.4,    21.4,    21.4,   60.8,  0.03720,      0,      0,       0,       0,       0,       0


Results:
Op rate                   :       31 op/s  [insert: 31 op/s]
Partition rate            :       31 pk/s  [insert: 31 pk/s]
Row rate                  :    4,319 row/s [insert: 4,319 row/s]
Latency mean              :   10.2 ms [insert: 10.2 ms]
Latency median            :    6.6 ms [insert: 6.6 ms]
Latency 95th percentile   :   21.7 ms [insert: 21.7 ms]
Latency 99th percentile   :  116.5 ms [insert: 116.5 ms]
Latency 99.9th percentile :  216.9 ms [insert: 216.9 ms]
Latency max               :  426.2 ms [insert: 426.2 ms]
Total partitions          :      1,864 [insert: 1,864]
Total errors              :          0 [insert: 0]
Total GC count            : 2
Total GC memory           : 590.330 MiB
Total GC time             :    0.2 seconds
Avg GC time               :   91.0 ms
StdDev GC time            :    7.0 ms
Total operation time      : 00:01:00

END
